Build Debug Log
Maven is installed and accessible.
DEBUG: Output of 'mvn -v' before potential JDK 25 switch (in test-jdk-25.sh):
Apache Maven 3.9.10 (5f519b97e944483d878815739f519b2eade0a91d)
Maven home: /home/poddingue/.sdkman/candidates/maven/current
Java version: 25-beta, vendor: Eclipse Adoptium, runtime: /home/poddingue/.jdk-25
Default locale: en_US, platform encoding: UTF-8
OS name: "linux", version: "5.15.153.1-microsoft-standard-wsl2", arch: "amd64", family: "unix"
Read line 1: name='name', popularity='popularity'
Skipping header line 1
Read line 2: name='script-security', popularity='276424'
Processing plugin 'script-security' from line 2
Processing plugin: script-security
Cloning into '/tmp/plugin-builds/script-security'...
Cloned repository for script-security.
Build status for script-security: build_failed
Finished processing plugin 'script-security' from line 2 with status: build_failed
Read line 3: name='structs', popularity='275922'
Processing plugin 'structs' from line 3
Processing plugin: structs
Cloning into '/tmp/plugin-builds/structs'...
Cloned repository for structs.
Build status for structs: build_failed
Finished processing plugin 'structs' from line 3 with status: build_failed
Read line 4: name='scm-api', popularity='275604'
Processing plugin 'scm-api' from line 4
Processing plugin: scm-api
Cloning into '/tmp/plugin-builds/scm-api'...
Cloned repository for scm-api.
Build status for scm-api: success
Finished processing plugin 'scm-api' from line 4 with status: success
Read line 5: name='workflow-step-api', popularity='275578'
Processing plugin 'workflow-step-api' from line 5
Processing plugin: workflow-step-api
Cloning into '/tmp/plugin-builds/workflow-step-api'...
Cloned repository for workflow-step-api.
Build status for workflow-step-api: build_failed
Finished processing plugin 'workflow-step-api' from line 5 with status: build_failed
Read line 6: name='mailer', popularity='275517'
Processing plugin 'mailer' from line 6
Processing plugin: mailer
Cloning into '/tmp/plugin-builds/mailer'...
Cloned repository for mailer.
Build status for mailer: success
Finished processing plugin 'mailer' from line 6 with status: success
Read line 7: name='bouncycastle-api', popularity='275180'
Processing plugin 'bouncycastle-api' from line 7
Processing plugin: bouncycastle-api
Cloning into '/tmp/plugin-builds/bouncycastle-api'...
Cloned repository for bouncycastle-api.
Build status for bouncycastle-api: build_failed
Finished processing plugin 'bouncycastle-api' from line 7 with status: build_failed
Read line 8: name='credentials', popularity='275172'
Processing plugin 'credentials' from line 8
Processing plugin: credentials
Cloning into '/tmp/plugin-builds/credentials'...
Cloned repository for credentials.
Build status for credentials: success
Finished processing plugin 'credentials' from line 8 with status: success
Read line 9: name='display-url-api', popularity='275160'
Processing plugin 'display-url-api' from line 9
Processing plugin: display-url-api
Cloning into '/tmp/plugin-builds/display-url-api'...
Cloned repository for display-url-api.
Build status for display-url-api: build_failed
Finished processing plugin 'display-url-api' from line 9 with status: build_failed
Read line 10: name='ssh-credentials', popularity='274670'
Processing plugin 'ssh-credentials' from line 10
Processing plugin: ssh-credentials
Cloning into '/tmp/plugin-builds/ssh-credentials'...
Cloned repository for ssh-credentials.
Build status for ssh-credentials: build_failed
Finished processing plugin 'ssh-credentials' from line 10 with status: build_failed
Read line 11: name='workflow-api', popularity='273745'
Processing plugin 'workflow-api' from line 11
Processing plugin: workflow-api
Cloning into '/tmp/plugin-builds/workflow-api'...
Cloned repository for workflow-api.
Build status for workflow-api: build_failed
Finished processing plugin 'workflow-api' from line 11 with status: build_failed
Read line 12: name='workflow-scm-step', popularity='273157'
Processing plugin 'workflow-scm-step' from line 12
Processing plugin: workflow-scm-step
Cloning into '/tmp/plugin-builds/workflow-scm-step'...
Cloned repository for workflow-scm-step.
Build status for workflow-scm-step: build_failed
