2025-03-26T10:15:49.358Z [INFO] [Thread=main] - i.j.t.p.cli.command.RunCommand # Run Plugin Modernizer 
2025-03-26T10:15:49.658Z [ERROR] [Thread=main] - i.j.t.p.cli.command.RunCommand # Validation error 
2025-03-26T10:15:49.659Z [ERROR] [Thread=main] - i.j.t.p.cli.command.RunCommand # Neither MAVEN_HOME nor M2_HOME environment variables are set. Or use --maven-home if running from CLI 
2025-03-26T10:16:25.745Z [INFO] [Thread=main] - i.j.t.p.cli.command.RunCommand # Run Plugin Modernizer 
2025-03-26T10:16:26.063Z [ERROR] [Thread=main] - i.j.t.p.core.impl.MavenInvoker # Failed to check for maven version. Make sure Maven and Java are installed correctly. 
2025-03-26T10:16:26.064Z [DEBUG] [Thread=main] - i.j.t.p.core.impl.MavenInvoker # Maven version detected: null 
2025-03-26T10:16:26.066Z [ERROR] [Thread=main] - i.j.t.p.core.impl.MavenInvoker # Failed to check Maven version. Aborting build. 
2025-03-26T10:16:26.066Z [ERROR] [Thread=main] - i.j.t.p.cli.command.RunCommand # Validation error 
2025-03-26T10:16:26.066Z [ERROR] [Thread=main] - i.j.t.p.cli.command.RunCommand # Failed to check Maven version. 
2025-03-26T10:18:35.365Z [INFO] [Thread=main] - i.j.t.p.cli.command.RunCommand # Run Plugin Modernizer 
2025-03-26T10:18:36.002Z [DEBUG] [Thread=main] - i.j.t.p.core.impl.MavenInvoker # Maven version detected: 3.9.9 
2025-03-26T10:18:36.003Z [DEBUG] [Thread=main] - i.j.t.p.core.github.GHService # Connecting to GitHub using token... 
2025-03-26T10:18:36.258Z [DEBUG] [Thread=main] - org.kohsuke.github.GitHubClient # (30feffc) GitHub API request: GET https://api.github.com/user 
2025-03-26T10:18:36.779Z [DEBUG] [Thread=main] - i.j.t.p.core.github.GHService # Getting current user using token... 
2025-03-26T10:18:36.780Z [DEBUG] [Thread=main] - i.j.t.p.core.github.GHService # Connected to GitHub as Bruno Verachten <gounthar@users.noreply.github.com> 
2025-03-26T10:18:36.780Z [DEBUG] [Thread=main] - i.j.t.p.core.github.GHService # SSH private key file C:\Users\User\.ssh\id_rsa does not exist. Will use GH_TOKEN for git operation 
2025-03-26T10:18:36.781Z [DEBUG] [Thread=main] - i.j.t.p.core.github.GHService # SSH private key file C:\Users\User\.ssh\id_rsa does not exist. Will use GH_TOKEN for git operation 
2025-03-26T10:18:37.202Z [DEBUG] [Thread=main] - i.j.t.p.core.impl.MavenInvoker # Maven version detected: 3.9.9 
2025-03-26T10:18:37.202Z [DEBUG] [Thread=main] - i.j.t.p.core.impl.PluginModernizer # Plugins: [lucene-search] 
2025-03-26T10:18:37.203Z [DEBUG] [Thread=main] - i.j.t.p.core.impl.PluginModernizer # Recipe: io.jenkins.tools.pluginmodernizer.UpgradeNextMajorParentVersion 
2025-03-26T10:18:37.203Z [DEBUG] [Thread=main] - i.j.t.p.core.impl.PluginModernizer # GitHub owner: gounthar 
2025-03-26T10:18:37.203Z [DEBUG] [Thread=main] - i.j.t.p.core.impl.PluginModernizer # Using GitHub token for git authentication 
2025-03-26T10:18:37.203Z [DEBUG] [Thread=main] - i.j.t.p.core.impl.PluginModernizer # Update Center Url: https://updates.jenkins.io/current/update-center.actual.json 
2025-03-26T10:18:37.203Z [DEBUG] [Thread=main] - i.j.t.p.core.impl.PluginModernizer # Plugin versions Url: https://updates.jenkins.io/current/plugin-versions.json 
2025-03-26T10:18:37.204Z [DEBUG] [Thread=main] - i.j.t.p.core.impl.PluginModernizer # Plugin Health Score Url: https://plugin-health.jenkins.io/api/scores 
2025-03-26T10:18:37.204Z [DEBUG] [Thread=main] - i.j.t.p.core.impl.PluginModernizer # Installation Stats Url: https://stats.jenkins.io/jenkins-stats/svg/202410-plugins.csv 
2025-03-26T10:18:37.204Z [DEBUG] [Thread=main] - i.j.t.p.core.impl.PluginModernizer # Cache Path: C:\Users\User\.cache\jenkins-plugin-modernizer-cli 
2025-03-26T10:18:37.204Z [DEBUG] [Thread=main] - i.j.t.p.core.impl.PluginModernizer # Maven Home: C:\ProgramData\chocolatey\lib\maven\apache-maven-3.9.9 
2025-03-26T10:18:37.205Z [DEBUG] [Thread=main] - i.j.t.p.core.impl.PluginModernizer # Maven Local Repository: C:\Users\User\.m2\repository 
2025-03-26T10:18:37.205Z [DEBUG] [Thread=main] - i.j.t.p.core.impl.PluginModernizer # Dry Run: false 
2025-03-26T10:18:37.205Z [DEBUG] [Thread=main] - i.j.t.p.core.impl.PluginModernizer # Maven rewrite plugin version: 6.3.2 
2025-03-26T10:18:37.206Z [DEBUG] [Thread=main] - i.j.t.p.core.impl.CacheManager # Cache entry expired: plugin-versions. Will skip it 
2025-03-26T10:18:37.233Z [DEBUG] [Thread=main] - i.j.t.p.core.utils.JsonUtils # Fetching data from: https://updates.jenkins.io/current/plugin-versions.json 
2025-03-26T10:18:38.311Z [DEBUG] [Thread=main] - i.j.t.p.core.utils.JsonUtils # Fetched data from: https://updates.jenkins.io/current/plugin-versions.json 
2025-03-26T10:18:38.420Z [DEBUG] [Thread=main] - i.j.t.p.core.utils.JsonUtils # Writing JSON file to C:\Users\User\.cache\jenkins-plugin-modernizer-cli\.\plugin-versions 
2025-03-26T10:18:38.565Z [DEBUG] [Thread=main] - i.j.t.p.core.impl.CacheManager # Cache entry expired: update-center. Will skip it 
2025-03-26T10:18:38.571Z [DEBUG] [Thread=main] - i.j.t.p.core.utils.JsonUtils # Fetching data from: https://updates.jenkins.io/current/update-center.actual.json 
2025-03-26T10:18:39.453Z [DEBUG] [Thread=main] - i.j.t.p.core.utils.JsonUtils # Fetched data from: https://updates.jenkins.io/current/update-center.actual.json 
2025-03-26T10:18:39.485Z [DEBUG] [Thread=main] - i.j.t.p.core.utils.JsonUtils # Writing JSON file to C:\Users\User\.cache\jenkins-plugin-modernizer-cli\.\update-center 
2025-03-26T10:18:39.506Z [DEBUG] [Thread=main] - i.j.t.p.core.impl.PluginModernizer # Repository name: lucene-search-plugin 
2025-03-26T10:18:39.506Z [DEBUG] [Thread=main] - i.j.t.p.core.impl.CacheManager # Cache entry found for cache C:\Users\User\.cache\jenkins-plugin-modernizer-cli at path . and key update-center 
2025-03-26T10:18:39.515Z [DEBUG] [Thread=main] - i.j.t.p.core.impl.PluginModernizer # Plugin lucene-search latest version: 425.v2ccf4cc3a_d55 
2025-03-26T10:18:39.516Z [DEBUG] [Thread=main] - i.j.t.p.core.impl.CacheManager # Cache entry expired: health-score. Will skip it 
2025-03-26T10:18:39.520Z [DEBUG] [Thread=main] - i.j.t.p.core.utils.JsonUtils # Fetching data from: https://plugin-health.jenkins.io/api/scores 
2025-03-26T10:18:42.654Z [DEBUG] [Thread=main] - i.j.t.p.core.utils.JsonUtils # Fetched data from: https://plugin-health.jenkins.io/api/scores 
2025-03-26T10:18:42.668Z [DEBUG] [Thread=main] - i.j.t.p.core.utils.JsonUtils # Writing JSON file to C:\Users\User\.cache\jenkins-plugin-modernizer-cli\.\health-score 
2025-03-26T10:18:42.678Z [DEBUG] [Thread=main] - i.j.t.p.core.impl.PluginModernizer # Plugin lucene-search health score: 89.0 
2025-03-26T10:18:42.679Z [DEBUG] [Thread=main] - i.j.t.p.core.impl.CacheManager # Cache entry expired: plugin-installation-stats. Will skip it 
2025-03-26T10:18:42.686Z [DEBUG] [Thread=main] - i.j.t.p.core.utils.CSVUtils # Fetching data from: https://stats.jenkins.io/jenkins-stats/svg/202410-plugins.csv 
2025-03-26T10:18:43.175Z [DEBUG] [Thread=main] - i.j.t.p.core.utils.CSVUtils # Fetched data from: https://stats.jenkins.io/jenkins-stats/svg/202410-plugins.csv 
2025-03-26T10:18:43.178Z [DEBUG] [Thread=main] - i.j.t.p.core.utils.JsonUtils # Writing JSON file to C:\Users\User\.cache\jenkins-plugin-modernizer-cli\.\plugin-installation-stats 
2025-03-26T10:18:43.182Z [DEBUG] [Thread=main] - i.j.t.p.core.impl.PluginModernizer # Plugin lucene-search installations: 537 
2025-03-26T10:18:43.183Z [DEBUG] [Thread=main] - i.j.t.p.core.impl.CacheManager # Cache entry found for cache C:\Users\User\.cache\jenkins-plugin-modernizer-cli at path . and key update-center 
2025-03-26T10:18:43.190Z [DEBUG] [Thread=main] - i.j.t.p.core.impl.PluginModernizer # Is API plugin lucene-search : false 
2025-03-26T10:18:43.191Z [DEBUG] [Thread=main] - i.j.t.p.core.impl.CacheManager # Cache entry found for cache C:\Users\User\.cache\jenkins-plugin-modernizer-cli at path . and key update-center 
2025-03-26T10:18:43.204Z [DEBUG] [Thread=main] - org.kohsuke.github.GitHubClient # (47547132) GitHub API request: GET https://api.github.com/repos/jenkinsci/lucene-search-plugin 
2025-03-26T10:18:43.601Z [DEBUG] [Thread=main] - org.kohsuke.github.GitHubClient # (363f0ba0) GitHub API request: GET https://api.github.com/repos/jenkinsci/lucene-search-plugin 
2025-03-26T10:18:43.897Z [INFO] [Thread=main] - i.j.t.p.core.github.GHService # Fetching plugin code locally lucene-search... 
2025-03-26T10:18:43.898Z [DEBUG] [Thread=main] - i.j.t.p.core.github.GHService # Fetching lucene-search 
2025-03-26T10:18:43.898Z [DEBUG] [Thread=main] - org.kohsuke.github.GitHubClient # (2aeefcc) GitHub API request: GET https://api.github.com/repos/jenkinsci/lucene-search-plugin 
2025-03-26T10:18:44.210Z [DEBUG] [Thread=main] - org.kohsuke.github.GitHubClient # (5ff2e84b) GitHub API request: GET https://api.github.com/repos/jenkinsci/lucene-search-plugin 
2025-03-26T10:18:48.882Z [DEBUG] [Thread=main] - i.j.t.p.core.github.GHService # Resetting changes and pulling latest changes from https://github.com/jenkinsci/lucene-search-plugin.git 
2025-03-26T10:18:49.432Z [INFO] [Thread=main] - i.j.t.p.core.github.GHService # Fetched repository from https://github.com/jenkinsci/lucene-search-plugin.git to branch refs/heads/lucene-search 
2025-03-26T10:18:49.434Z [DEBUG] [Thread=main] - i.j.t.p.core.github.GHService # Fetched repository from https://github.com/jenkinsci/lucene-search-plugin.git 
2025-03-26T10:18:49.435Z [DEBUG] [Thread=main] - i.j.t.p.core.impl.CacheManager # Cache entry expired: plugin-metadata. Will skip it 
2025-03-26T10:18:49.435Z [DEBUG] [Thread=main] - i.j.t.p.core.impl.PluginModernizer # No metadata or precondition errors found for plugin lucene-search. Skipping initial compilation. 
2025-03-26T10:18:49.450Z [DEBUG] [Thread=main] - org.kohsuke.github.GitHubClient # (4fa9ab6) GitHub API request: GET https://api.github.com/repos/jenkinsci/lucene-search-plugin 
2025-03-26T10:18:49.764Z [DEBUG] [Thread=main] - i.j.t.p.core.github.GHService # Branch already exists. Checking out the branch 
2025-03-26T10:18:49.876Z [DEBUG] [Thread=main] - i.j.t.p.core.github.GHService # Reseted the branch to plugin-modernizer/upgradenextmajorparentversion Checking out the branch to default branch lucene-search 
2025-03-26T10:18:49.878Z [TRACE] [Thread=main] - i.j.t.p.core.impl.PluginModernizer # Collecting metadata for plugin lucene-search... Please be patient 
2025-03-26T10:18:49.905Z [INFO] [Thread=main] - i.j.t.p.core.impl.MavenInvoker # Collecting metadata for plugin lucene-search... Please be patient 
2025-03-26T10:18:49.906Z [DEBUG] [Thread=main] - i.j.t.p.core.impl.MavenInvoker # Check POM exist for plugin: lucene-search 
2025-03-26T10:18:49.907Z [DEBUG] [Thread=main] - i.j.t.p.core.impl.MavenInvoker # JDK home: C:\Users\User\.cache\jenkins-plugin-modernizer-cli\.jdks\plugin-modernizer-jdk-17 
2025-03-26T10:18:49.908Z [DEBUG] [Thread=main] - i.j.t.p.core.impl.MavenInvoker # Adding --add-opens for JDK 17+ 
2025-03-26T10:19:39.128Z [INFO] [Thread=main] - i.j.t.p.core.impl.MavenInvoker # Done 
2025-03-26T10:19:39.128Z [DEBUG] [Thread=main] - i.j.t.p.core.model.CacheEntry # Copying object from C:\Users\User\.cache\jenkins-plugin-modernizer-cli\lucene-search\sources\target\.\plugin-metadata to C:\Users\User\.cache\jenkins-plugin-modernizer-cli\lucene-search\plugin-metadata 
2025-03-26T10:19:39.129Z [TRACE] [Thread=main] - i.j.t.p.core.model.CacheEntry # Refreshing object from C:\Users\User\.cache\jenkins-plugin-modernizer-cli\lucene-search\sources\target\.\plugin-metadata 
2025-03-26T10:19:39.129Z [DEBUG] [Thread=main] - i.j.t.p.core.impl.CacheManager # Cache entry found for cache C:\Users\User\.cache\jenkins-plugin-modernizer-cli\lucene-search\sources\target at path . and key plugin-metadata 
2025-03-26T10:19:39.137Z [DEBUG] [Thread=main] - i.j.t.p.core.utils.JsonUtils # Writing JSON file to C:\Users\User\.cache\jenkins-plugin-modernizer-cli\lucene-search\plugin-metadata 
2025-03-26T10:19:39.140Z [DEBUG] [Thread=main] - i.j.t.p.core.model.CacheEntry # C:\Users\User\.cache\jenkins-plugin-modernizer-cli 
2025-03-26T10:19:39.140Z [DEBUG] [Thread=main] - i.j.t.p.core.impl.CacheManager # Cache entry found for cache C:\Users\User\.cache\jenkins-plugin-modernizer-cli at path lucene-search and key plugin-metadata 
2025-03-26T10:19:39.142Z [DEBUG] [Thread=main] - i.j.t.p.core.model.Plugin # Copied plugin lucene-search metadata to cache: C:\Users\User\.cache\jenkins-plugin-modernizer-cli\lucene-search\plugin-metadata 
2025-03-26T10:19:39.142Z [DEBUG] [Thread=main] - i.j.t.p.core.impl.CacheManager # Cache entry found for cache C:\Users\User\.cache\jenkins-plugin-modernizer-cli at path lucene-search and key plugin-metadata 
2025-03-26T10:19:39.143Z [DEBUG] [Thread=main] - i.j.t.p.core.model.Plugin # Setting extra flags for plugin lucene-search 
2025-03-26T10:19:39.144Z [TRACE] [Thread=main] - i.j.t.p.core.extractor.MetadataFlag # Flag SCM_HTTPS already set for plugin lucene-search 
2025-03-26T10:19:39.144Z [TRACE] [Thread=main] - i.j.t.p.core.extractor.MetadataFlag # Flag MAVEN_REPOSITORIES_HTTPS already set for plugin lucene-search 
2025-03-26T10:19:39.144Z [TRACE] [Thread=main] - i.j.t.p.core.extractor.MetadataFlag # Flag LICENSE_SET already set for plugin lucene-search 
2025-03-26T10:19:39.144Z [TRACE] [Thread=main] - i.j.t.p.core.extractor.MetadataFlag # Flag DEVELOPER_SET already set for plugin lucene-search 
2025-03-26T10:19:39.146Z [DEBUG] [Thread=main] - i.j.t.p.core.impl.CacheManager # Cache entry found for cache C:\Users\User\.cache\jenkins-plugin-modernizer-cli at path . and key update-center 
2025-03-26T10:19:39.151Z [TRACE] [Thread=main] - i.j.t.p.core.extractor.MetadataFlag # Flag IS_API_PLUGIN applicable for plugin lucene-search: false 
2025-03-26T10:19:39.152Z [DEBUG] [Thread=main] - i.j.t.p.core.impl.CacheManager # Cache entry found for cache C:\Users\User\.cache\jenkins-plugin-modernizer-cli at path . and key update-center 
2025-03-26T10:19:39.157Z [TRACE] [Thread=main] - i.j.t.p.core.extractor.MetadataFlag # Flag IS_DEPRECATED applicable for plugin lucene-search: false 
2025-03-26T10:19:39.158Z [DEBUG] [Thread=main] - i.j.t.p.core.impl.CacheManager # Cache entry found for cache C:\Users\User\.cache\jenkins-plugin-modernizer-cli at path . and key update-center 
2025-03-26T10:19:39.163Z [TRACE] [Thread=main] - i.j.t.p.core.extractor.MetadataFlag # Flag IS_FOR_ADOPTION applicable for plugin lucene-search: false 
2025-03-26T10:19:39.164Z [DEBUG] [Thread=main] - i.j.t.p.core.impl.CacheManager # Cache entry found for cache C:\Users\User\.cache\jenkins-plugin-modernizer-cli at path . and key health-score 
2025-03-26T10:19:39.168Z [TRACE] [Thread=main] - i.j.t.p.core.extractor.MetadataFlag # Flag HAS_MAX_SCORE applicable for plugin lucene-search: false 
2025-03-26T10:19:39.169Z [DEBUG] [Thread=main] - i.j.t.p.core.impl.CacheManager # Cache entry found for cache C:\Users\User\.cache\jenkins-plugin-modernizer-cli at path . and key health-score 
2025-03-26T10:19:39.173Z [TRACE] [Thread=main] - i.j.t.p.core.extractor.MetadataFlag # Flag HAS_LOW_SCORE applicable for plugin lucene-search: false 
2025-03-26T10:19:39.173Z [DEBUG] [Thread=main] - i.j.t.p.core.impl.CacheManager # Cache entry found for cache C:\Users\User\.cache\jenkins-plugin-modernizer-cli at path . and key plugin-installation-stats 
2025-03-26T10:19:39.177Z [TRACE] [Thread=main] - i.j.t.p.core.extractor.MetadataFlag # Flag NO_KNOWN_INSTALLATION applicable for plugin lucene-search: false 
2025-03-26T10:19:39.178Z [DEBUG] [Thread=main] - i.j.t.p.core.model.CacheEntry # Saving object to C:\Users\User\.cache\jenkins-plugin-modernizer-cli\lucene-search\plugin-metadata 
2025-03-26T10:19:39.178Z [DEBUG] [Thread=main] - i.j.t.p.core.utils.JsonUtils # Writing JSON file to C:\Users\User\.cache\jenkins-plugin-modernizer-cli\lucene-search\plugin-metadata 
2025-03-26T10:19:39.185Z [INFO] [Thread=main] - i.j.t.p.core.impl.MavenInvoker # Running recipes io.jenkins.tools.pluginmodernizer.UpgradeNextMajorParentVersion for plugin lucene-search... Please be patient 
2025-03-26T10:19:39.185Z [DEBUG] [Thread=main] - i.j.t.p.core.impl.MavenInvoker # Check POM exist for plugin: lucene-search 
2025-03-26T10:19:39.186Z [DEBUG] [Thread=main] - i.j.t.p.core.impl.MavenInvoker # JDK home: C:\Users\User\.cache\jenkins-plugin-modernizer-cli\.jdks\plugin-modernizer-jdk-17 
2025-03-26T10:19:39.186Z [DEBUG] [Thread=main] - i.j.t.p.core.impl.MavenInvoker # Adding --add-opens for JDK 17+ 
2025-03-26T10:20:31.249Z [INFO] [Thread=main] - i.j.t.p.core.impl.MavenInvoker # Done 
2025-03-26T10:20:31.251Z [INFO] [Thread=main] - i.j.t.p.core.impl.PluginModernizer # Using minimum JDK 11 from metadata for plugin lucene-search 
2025-03-26T10:20:31.252Z [DEBUG] [Thread=main] - i.j.t.p.core.impl.MavenInvoker # Running [clean] phase for plugin lucene-search 
2025-03-26T10:20:31.252Z [DEBUG] [Thread=main] - i.j.t.p.core.impl.MavenInvoker # Running maven on directory C:\Users\User\.cache\jenkins-plugin-modernizer-cli\lucene-search\sources 
2025-03-26T10:20:31.252Z [DEBUG] [Thread=main] - i.j.t.p.core.impl.MavenInvoker # Check POM exist for plugin: lucene-search 
2025-03-26T10:20:31.253Z [DEBUG] [Thread=main] - i.j.t.p.core.impl.MavenInvoker # JDK home: C:\Users\User\.cache\jenkins-plugin-modernizer-cli\.jdks\plugin-modernizer-jdk-11 
2025-03-26T10:20:36.010Z [ERROR] [Thread=main] - i.j.t.p.core.model.Plugin # Build failed 
2025-03-26T10:20:36.011Z [INFO] [Thread=main] - i.j.t.p.core.model.Plugin # Skipping formatting for plugin lucene-search as it is not using Spotless 
2025-03-26T10:20:36.011Z [INFO] [Thread=main] - i.j.t.p.core.model.Plugin # Verifying plugin lucene-search with JDK 11... Please be patient 
2025-03-26T10:20:36.012Z [DEBUG] [Thread=main] - i.j.t.p.core.impl.MavenInvoker # Running [verify] phase for plugin lucene-search 
2025-03-26T10:20:36.012Z [DEBUG] [Thread=main] - i.j.t.p.core.impl.MavenInvoker # Running maven on directory C:\Users\User\.cache\jenkins-plugin-modernizer-cli\lucene-search\sources 
2025-03-26T10:20:36.012Z [DEBUG] [Thread=main] - i.j.t.p.core.impl.MavenInvoker # Check POM exist for plugin: lucene-search 
2025-03-26T10:20:36.013Z [DEBUG] [Thread=main] - i.j.t.p.core.impl.MavenInvoker # JDK home: C:\Users\User\.cache\jenkins-plugin-modernizer-cli\.jdks\plugin-modernizer-jdk-11 
2025-03-26T10:20:41.117Z [ERROR] [Thread=main] - i.j.t.p.core.model.Plugin # Build failed 
2025-03-26T10:20:41.118Z [INFO] [Thread=main] - i.j.t.p.core.model.Plugin # Done 
2025-03-26T10:20:41.118Z [INFO] [Thread=main] - i.j.t.p.core.impl.PluginModernizer # Plugin lucene-search failed to verify with JDK 11 
2025-03-26T10:20:41.119Z [INFO] [Thread=main] - i.j.t.p.core.impl.PluginModernizer # Plugin lucene-search verified successfully with JDK 11 
2025-03-26T10:20:41.119Z [DEBUG] [Thread=main] - i.j.t.p.core.impl.MavenInvoker # Running [clean] phase for plugin lucene-search 
2025-03-26T10:20:41.120Z [DEBUG] [Thread=main] - i.j.t.p.core.impl.MavenInvoker # Running maven on directory C:\Users\User\.cache\jenkins-plugin-modernizer-cli\lucene-search\sources 
2025-03-26T10:20:41.120Z [DEBUG] [Thread=main] - i.j.t.p.core.impl.MavenInvoker # Check POM exist for plugin: lucene-search 
2025-03-26T10:20:41.121Z [DEBUG] [Thread=main] - i.j.t.p.core.impl.MavenInvoker # JDK home: C:\Users\User\.cache\jenkins-plugin-modernizer-cli\.jdks\plugin-modernizer-jdk-17 
2025-03-26T10:20:41.121Z [DEBUG] [Thread=main] - i.j.t.p.core.impl.MavenInvoker # Adding --add-opens for JDK 17+ 
2025-03-26T10:20:47.059Z [TRACE] [Thread=main] - i.j.t.p.core.impl.PluginModernizer # Collecting metadata for plugin lucene-search... Please be patient 
2025-03-26T10:20:47.066Z [INFO] [Thread=main] - i.j.t.p.core.impl.MavenInvoker # Collecting metadata for plugin lucene-search... Please be patient 
2025-03-26T10:20:47.067Z [DEBUG] [Thread=main] - i.j.t.p.core.impl.MavenInvoker # Check POM exist for plugin: lucene-search 
2025-03-26T10:20:47.068Z [DEBUG] [Thread=main] - i.j.t.p.core.impl.MavenInvoker # JDK home: C:\Users\User\.cache\jenkins-plugin-modernizer-cli\.jdks\plugin-modernizer-jdk-17 
2025-03-26T10:20:47.068Z [DEBUG] [Thread=main] - i.j.t.p.core.impl.MavenInvoker # Adding --add-opens for JDK 17+ 
2025-03-26T10:21:39.976Z [INFO] [Thread=main] - i.j.t.p.core.impl.MavenInvoker # Done 
2025-03-26T10:21:39.976Z [DEBUG] [Thread=main] - i.j.t.p.core.model.CacheEntry # Copying object from C:\Users\User\.cache\jenkins-plugin-modernizer-cli\lucene-search\sources\target\.\plugin-metadata to C:\Users\User\.cache\jenkins-plugin-modernizer-cli\lucene-search\plugin-metadata 
2025-03-26T10:21:39.977Z [TRACE] [Thread=main] - i.j.t.p.core.model.CacheEntry # Refreshing object from C:\Users\User\.cache\jenkins-plugin-modernizer-cli\lucene-search\sources\target\.\plugin-metadata 
2025-03-26T10:21:39.977Z [DEBUG] [Thread=main] - i.j.t.p.core.impl.CacheManager # Cache entry found for cache C:\Users\User\.cache\jenkins-plugin-modernizer-cli\lucene-search\sources\target at path . and key plugin-metadata 
2025-03-26T10:21:39.978Z [DEBUG] [Thread=main] - i.j.t.p.core.utils.JsonUtils # Writing JSON file to C:\Users\User\.cache\jenkins-plugin-modernizer-cli\lucene-search\plugin-metadata 
2025-03-26T10:21:39.980Z [DEBUG] [Thread=main] - i.j.t.p.core.model.CacheEntry # C:\Users\User\.cache\jenkins-plugin-modernizer-cli 
2025-03-26T10:21:39.981Z [DEBUG] [Thread=main] - i.j.t.p.core.impl.CacheManager # Cache entry found for cache C:\Users\User\.cache\jenkins-plugin-modernizer-cli at path lucene-search and key plugin-metadata 
2025-03-26T10:21:39.981Z [DEBUG] [Thread=main] - i.j.t.p.core.model.Plugin # Copied plugin lucene-search metadata to cache: C:\Users\User\.cache\jenkins-plugin-modernizer-cli\lucene-search\plugin-metadata 
2025-03-26T10:21:39.982Z [DEBUG] [Thread=main] - i.j.t.p.core.impl.CacheManager # Cache entry found for cache C:\Users\User\.cache\jenkins-plugin-modernizer-cli at path lucene-search and key plugin-metadata 
2025-03-26T10:21:39.982Z [DEBUG] [Thread=main] - i.j.t.p.core.model.Plugin # Setting extra flags for plugin lucene-search 
2025-03-26T10:21:39.982Z [TRACE] [Thread=main] - i.j.t.p.core.extractor.MetadataFlag # Flag SCM_HTTPS already set for plugin lucene-search 
2025-03-26T10:21:39.982Z [TRACE] [Thread=main] - i.j.t.p.core.extractor.MetadataFlag # Flag MAVEN_REPOSITORIES_HTTPS already set for plugin lucene-search 
2025-03-26T10:21:39.982Z [TRACE] [Thread=main] - i.j.t.p.core.extractor.MetadataFlag # Flag LICENSE_SET already set for plugin lucene-search 
2025-03-26T10:21:39.983Z [TRACE] [Thread=main] - i.j.t.p.core.extractor.MetadataFlag # No applicable plugin check for flag DEVELOPER_SET 
2025-03-26T10:21:39.983Z [DEBUG] [Thread=main] - i.j.t.p.core.impl.CacheManager # Cache entry found for cache C:\Users\User\.cache\jenkins-plugin-modernizer-cli at path . and key update-center 
2025-03-26T10:21:39.987Z [TRACE] [Thread=main] - i.j.t.p.core.extractor.MetadataFlag # Flag IS_API_PLUGIN applicable for plugin lucene-search: false 
2025-03-26T10:21:39.988Z [DEBUG] [Thread=main] - i.j.t.p.core.impl.CacheManager # Cache entry found for cache C:\Users\User\.cache\jenkins-plugin-modernizer-cli at path . and key update-center 
2025-03-26T10:21:39.993Z [TRACE] [Thread=main] - i.j.t.p.core.extractor.MetadataFlag # Flag IS_DEPRECATED applicable for plugin lucene-search: false 
2025-03-26T10:21:39.994Z [DEBUG] [Thread=main] - i.j.t.p.core.impl.CacheManager # Cache entry found for cache C:\Users\User\.cache\jenkins-plugin-modernizer-cli at path . and key update-center 
2025-03-26T10:21:39.998Z [TRACE] [Thread=main] - i.j.t.p.core.extractor.MetadataFlag # Flag IS_FOR_ADOPTION applicable for plugin lucene-search: false 
2025-03-26T10:21:39.999Z [DEBUG] [Thread=main] - i.j.t.p.core.impl.CacheManager # Cache entry found for cache C:\Users\User\.cache\jenkins-plugin-modernizer-cli at path . and key health-score 
2025-03-26T10:21:40.002Z [TRACE] [Thread=main] - i.j.t.p.core.extractor.MetadataFlag # Flag HAS_MAX_SCORE applicable for plugin lucene-search: false 
2025-03-26T10:21:40.002Z [DEBUG] [Thread=main] - i.j.t.p.core.impl.CacheManager # Cache entry found for cache C:\Users\User\.cache\jenkins-plugin-modernizer-cli at path . and key health-score 
2025-03-26T10:21:40.004Z [TRACE] [Thread=main] - i.j.t.p.core.extractor.MetadataFlag # Flag HAS_LOW_SCORE applicable for plugin lucene-search: false 
2025-03-26T10:21:40.004Z [DEBUG] [Thread=main] - i.j.t.p.core.impl.CacheManager # Cache entry found for cache C:\Users\User\.cache\jenkins-plugin-modernizer-cli at path . and key plugin-installation-stats 
2025-03-26T10:21:40.006Z [TRACE] [Thread=main] - i.j.t.p.core.extractor.MetadataFlag # Flag NO_KNOWN_INSTALLATION applicable for plugin lucene-search: false 
2025-03-26T10:21:40.006Z [DEBUG] [Thread=main] - i.j.t.p.core.model.CacheEntry # Saving object to C:\Users\User\.cache\jenkins-plugin-modernizer-cli\lucene-search\plugin-metadata 
2025-03-26T10:21:40.006Z [DEBUG] [Thread=main] - i.j.t.p.core.utils.JsonUtils # Writing JSON file to C:\Users\User\.cache\jenkins-plugin-modernizer-cli\lucene-search\plugin-metadata 
2025-03-26T10:21:40.008Z [DEBUG] [Thread=main] - i.j.t.p.core.impl.PluginModernizer # Plugin lucene-search metadata after modernization: {"pluginName":"Lucene-Search","flags":["SCM_HTTPS","MAVEN_REPOSITORIES_HTTPS","LICENSE_SET"],"commonFiles":["DEPENDABOT","README","WORKFLOW_SECURITY","MAVEN_CONFIG","INDEX_JELLY","WORKFLOW_CD","LICENSE","JENKINSFILE","GITIGNORE","POM","MAVEN_EXTENSIONS","CODEOWNERS"],"platforms":[{"name":"LINUX","jdk":"JAVA_21","implicit":false}],"useContainerAgent":true,"forkCount":"1C","jenkinsVersion":"2.479.3","parentVersion":"5.9","bomVersion":"4488.v7fe26526366e","bomArtifactId":"bom-${jenkins.baseline}.x","properties":{"changelist":"999999-SNAPSHOT","gitHubRepo":"jenkinsci/lucene-search-plugin","jenkins.baseline":"2.479","jenkins.version":"${jenkins.baseline}.3","lucene.version":"8.11.2","rewrite.recipeArtifactCoordinates":"io.jenkins.plugin-modernizer:plugin-modernizer-core:1640.v0f9ec819e871","rewrite.activeRecipes":"io.jenkins.tools.pluginmodernizer.FetchMetadata","changelist.format":"%d.v%s","enforcer.skip":"true","maven.repo.local":"C:\\Users\\User\\.m2\\repository"},"key":"plugin-metadata","path":"lucene-search"} 
2025-03-26T10:21:40.008Z [DEBUG] [Thread=main] - i.j.t.p.core.impl.MavenInvoker # Running [clean] phase for plugin lucene-search 
2025-03-26T10:21:40.008Z [DEBUG] [Thread=main] - i.j.t.p.core.impl.MavenInvoker # Running maven on directory C:\Users\User\.cache\jenkins-plugin-modernizer-cli\lucene-search\sources 
2025-03-26T10:21:40.008Z [DEBUG] [Thread=main] - i.j.t.p.core.impl.MavenInvoker # Check POM exist for plugin: lucene-search 
2025-03-26T10:21:40.008Z [DEBUG] [Thread=main] - i.j.t.p.core.impl.MavenInvoker # JDK home: C:\Users\User\.cache\jenkins-plugin-modernizer-cli\.jdks\plugin-modernizer-jdk-17 
2025-03-26T10:21:40.008Z [DEBUG] [Thread=main] - i.j.t.p.core.impl.MavenInvoker # Adding --add-opens for JDK 17+ 
2025-03-26T10:21:44.381Z [DEBUG] [Thread=main] - org.kohsuke.github.GitHubClient # (95eb320) GitHub API request: GET https://api.github.com/repos/jenkinsci/lucene-search-plugin 
2025-03-26T10:21:44.751Z [DEBUG] [Thread=main] - i.j.t.p.core.github.GHService # Commit message: feat(java): Require Jenkins core 2.479.3 and Java 17. 
2025-03-26T10:21:44.794Z [DEBUG] [Thread=main] - i.j.t.p.core.github.GHService # Untracked before commit: [] 
2025-03-26T10:21:44.794Z [DEBUG] [Thread=main] - i.j.t.p.core.github.GHService # Untracked folder commit: [] 
2025-03-26T10:21:44.795Z [DEBUG] [Thread=main] - i.j.t.p.core.github.GHService # Changed files before commit: [] 
2025-03-26T10:21:44.795Z [DEBUG] [Thread=main] - i.j.t.p.core.github.GHService # Untracked before commit: [] 
2025-03-26T10:21:44.795Z [DEBUG] [Thread=main] - i.j.t.p.core.github.GHService # Missing before commit [] 
2025-03-26T10:21:44.941Z [DEBUG] [Thread=main] - i.j.t.p.core.github.GHService # Added files after staging: [] 
2025-03-26T10:21:44.942Z [DEBUG] [Thread=main] - i.j.t.p.core.github.GHService # Changed files to after staging: [src/main/java/org/jenkinsci/plugins/lucene/search/config/SearchBackendConfiguration.java, src/main/java/org/jenkinsci/plugins/lucene/search/management/LuceneManager.java, pom.xml, src/main/java/org/jenkinsci/plugins/lucene/search/FreeTextSearch.java] 
2025-03-26T10:21:44.942Z [DEBUG] [Thread=main] - i.j.t.p.core.github.GHService # Removed files to after staging: [] 
2025-03-26T10:21:44.943Z [DEBUG] [Thread=main] - i.j.t.p.core.github.GHService # Getting current user using token... 
2025-03-26T10:21:44.946Z [WARN] [Thread=main] - i.j.t.p.core.github.GHService # Can only sign commit using SSH key. Skipping sign commit when using GH_TOKEN 
2025-03-26T10:21:45.117Z [DEBUG] [Thread=main] - i.j.t.p.core.github.GHService # Changes committed for plugin lucene-search 
2025-03-26T10:21:45.122Z [DEBUG] [Thread=main] - org.kohsuke.github.GitHubClient # (672a1c62) GitHub API request: GET https://api.github.com/repos/jenkinsci/lucene-search-plugin 
2025-03-26T10:21:45.400Z [INFO] [Thread=main] - i.j.t.p.core.github.GHService # Forking plugin lucene-search locally from repo lucene-search-plugin... 
2025-03-26T10:21:45.400Z [DEBUG] [Thread=main] - org.kohsuke.github.GitHubClient # (6015a4a5) GitHub API request: GET https://api.github.com/orgs/gounthar 
2025-03-26T10:21:45.549Z [DEBUG] [Thread=main] - i.j.t.p.core.github.GHService # Owner is not an organization: gounthar 
2025-03-26T10:21:45.550Z [DEBUG] [Thread=main] - org.kohsuke.github.GitHubClient # (554c4eaa) GitHub API request: GET https://api.github.com/repos/jenkinsci/lucene-search-plugin 
2025-03-26T10:21:45.828Z [DEBUG] [Thread=main] - i.j.t.p.core.github.GHService # Getting current user using token... 
2025-03-26T10:21:45.828Z [DEBUG] [Thread=main] - org.kohsuke.github.GitHubClient # (39909d1a) GitHub API request: GET https://api.github.com/repos/gounthar/lucene-search-plugin 
2025-03-26T10:21:46.108Z [DEBUG] [Thread=main] - i.j.t.p.core.github.GHService # Getting current user using token... 
2025-03-26T10:21:46.108Z [DEBUG] [Thread=main] - i.j.t.p.core.github.GHService # Repository already forked to personal account gounthar 
2025-03-26T10:21:46.108Z [DEBUG] [Thread=main] - i.j.t.p.core.github.GHService # Getting current user using token... 
2025-03-26T10:21:46.108Z [DEBUG] [Thread=main] - org.kohsuke.github.GitHubClient # (2e17a321) GitHub API request: GET https://api.github.com/repos/gounthar/lucene-search-plugin 
2025-03-26T10:21:46.387Z [DEBUG] [Thread=main] - i.j.t.p.core.github.GHService # Forked repository: https://github.com/gounthar/lucene-search-plugin 
2025-03-26T10:21:46.391Z [DEBUG] [Thread=main] - org.kohsuke.github.GitHubClient # (1d247525) GitHub API request: GET https://api.github.com/repos/gounthar/lucene-search-plugin 
2025-03-26T10:21:46.640Z [DEBUG] [Thread=main] - i.j.t.p.core.github.GHService # Changed remote URL to forked repository https://github.com/gounthar/lucene-search-plugin 
2025-03-26T10:21:46.642Z [DEBUG] [Thread=main] - org.kohsuke.github.GitHubClient # (32fa809f) GitHub API request: GET https://api.github.com/orgs/gounthar 
2025-03-26T10:21:46.784Z [DEBUG] [Thread=main] - i.j.t.p.core.github.GHService # Owner is not an organization: gounthar 
2025-03-26T10:21:46.784Z [DEBUG] [Thread=main] - i.j.t.p.core.github.GHService # Getting current user using token... 
2025-03-26T10:21:46.785Z [DEBUG] [Thread=main] - org.kohsuke.github.GitHubClient # (2aa7399c) GitHub API request: GET https://api.github.com/repos/gounthar/lucene-search-plugin 
2025-03-26T10:21:47.042Z [DEBUG] [Thread=main] - org.kohsuke.github.GitHubClient # (19a31b9d) GitHub API request: GET https://api.github.com/repos/gounthar/lucene-search-plugin 
2025-03-26T10:21:47.319Z [DEBUG] [Thread=main] - i.j.t.p.core.github.GHService # Syncing the forked repository gounthar/lucene-search-plugin 
2025-03-26T10:21:47.335Z [DEBUG] [Thread=main] - org.kohsuke.github.GitHubClient # (2f860823) GitHub API request: POST https://api.github.com/repos/gounthar/lucene-search-plugin/merge-upstream 
2025-03-26T10:21:47.768Z [INFO] [Thread=main] - i.j.t.p.core.github.GHService # Synced the forked repository for plugin lucene-search 
2025-03-26T10:21:47.768Z [DEBUG] [Thread=main] - org.kohsuke.github.GitHubClient # (43bf5397) GitHub API request: GET https://api.github.com/repos/jenkinsci/lucene-search-plugin 
2025-03-26T10:21:49.091Z [DEBUG] [Thread=main] - i.j.t.p.core.github.GHService # Push result:  
 
2025-03-26T10:21:49.091Z [INFO] [Thread=main] - i.j.t.p.core.github.GHService # Pushed changes to forked repository for plugin lucene-search 
2025-03-26T10:21:49.093Z [DEBUG] [Thread=main] - i.j.t.p.core.github.GHService # Installation ID is not set. Skipping token refresh 
2025-03-26T10:21:49.096Z [DEBUG] [Thread=main] - i.j.t.p.core.github.GHService # Pull request title: feat(java): Require Jenkins core 2.479.3 and Java 17. 
2025-03-26T10:21:49.096Z [DEBUG] [Thread=main] - i.j.t.p.core.github.GHService # Pull request body: Hello `lucene-search` developers! :wave:

This is an automated pull request created by the [Jenkins Plugin Modernizer](https://github.com/jenkins-infra/plugin-modernizer-tool) tool. The tool has applied the following recipes to modernize the plugin:
<details aria-label="Recipe details for Upgrade to the next major parent version (5.X) requiring Jenkins 2.479 and Java 17">
    <summary>Upgrade to the next major parent version (5.X) requiring Jenkins 2.479 and Java 17</summary>
    <p><em>io.jenkins.tools.pluginmodernizer.UpgradeNextMajorParentVersion</em></p>
    <blockquote>Upgrade to the next major parent version (5.X) requiring Jenkins 2.479 and Java 17.</blockquote>
</details>

#### Why Upgrade to Java 17 and Jenkins 2.479.x?

- **Embrace Java 17 LTS Stability:** Benefit from long-term support with modern language features that improve development practice and plugin performance.

- **Harness Jenkins 2.479.x Innovations:** Stay aligned with the latest features and stability improvements, ensuring smooth integration and future-proofing.

- **Enhance Security:** Protect your plugin with up-to-date security fixes from both Java 17 and Jenkins core improvements.

- **Align with the Community:** Keep pace with ecosystem shifts towards Java 17, ensuring compatibility and expanding your plugin's user base.

- **Enjoy a Better Developer Experience:** Make the most of advanced tooling support and simplified dependency management with Java 17's enhancements.

#### Removing `developers` Tag from `pom.xml`

Jenkins no longer requires the `developers` tag in `pom.xml`, as the `developers` section was traditionally used to list individuals responsible for the plugin.
Instead, Jenkins now uses the Repository Permission Updater (RPU) to manage permissions and developer information.

##### Benefits of Removing `developers` Tag:

- **Simplification:** Removes unnecessary metadata from the `pom.xml`, resulting in a cleaner and more maintainable file.
- **Consistency:** Centralizes developer information management through the RPU, minimizing discrepancies.
- **Security:** Utilizes the RPU's controlled permission management, enhancing the security of artifact deployments.

Removing the `developers` tag aligns with modern Jenkins infrastructure standards and prevents outdated or redundant developer information from being included in plugin metadata.

#### JEP-227: Replace Acegi Security with Spring Security

Migrating Jenkins plugin code from Acegi Security to Spring Security is important for several reasons:
- **Security updates**: Spring Security is the modern, actively maintained [successor to Acegi Security](https://github.com/jenkinsci/jep/blob/master/jep/227/README.adoc), providing up-to-date security features and patches.
- **Compatibility**: Jenkins core version 2.266 and later have replaced Acegi Security with Spring Security, so plugins need to be updated to remain compatible with newer Jenkins versions.
- **Eliminating false positives**: Security scanners often flag the outdated Acegi Security library as vulnerable, causing unnecessary concerns and exemption requests in security-conscious organizations.
- **Reducing technical debt**: The Acegi Security code in Jenkins was written over 13 years ago and has barely been touched since, making it difficult to maintain and understand.
- **Access to modern features**: Spring Security offers more current security implementations and features that weren't available in Acegi Security.
- **Community support**: With the Jenkins ecosystem moving to Spring Security, plugins using the newer library will benefit from better community support and compatibility with other plugins.
- **Simplified API**: The migration offers an opportunity to introduce a new simplified security API in Jenkins, potentially making it easier for plugin developers to work with security-related functions.

By migrating to Spring Security, plugin developers ensure their code remains compatible with current Jenkins versions, benefit from modern security features, and contribute to a more secure and maintainable Jenkins ecosystem.

#### Summary

By upgrading, you'll be positioning your plugin at the forefront of performance, security, and user satisfaction. We encourage you to explore these updates and provide feedback. Let's continue to build a robust Jenkins ecosystem together! 
2025-03-26T10:21:49.096Z [DEBUG] [Thread=main] - i.j.t.p.core.github.GHService # Draft mode: false 
2025-03-26T10:21:49.096Z [DEBUG] [Thread=main] - org.kohsuke.github.GitHubClient # (21da4b5f) GitHub API request: GET https://api.github.com/repos/jenkinsci/lucene-search-plugin 
2025-03-26T10:21:49.359Z [DEBUG] [Thread=main] - org.kohsuke.github.GitHubClient # (5d1e0fbb) GitHub API request: GET https://api.github.com/repos/jenkinsci/lucene-search-plugin 
2025-03-26T10:21:49.634Z [DEBUG] [Thread=main] - org.kohsuke.github.GitHubClient # (3fb9a67f) GitHub API request: GET https://api.github.com/repos/jenkinsci/lucene-search-plugin 
2025-03-26T10:21:49.946Z [DEBUG] [Thread=main] - org.kohsuke.github.GitHubClient # (51ab1ee3) GitHub API request: GET https://api.github.com/repos/jenkinsci/lucene-search-plugin/pulls?state=open 
2025-03-26T10:21:50.263Z [DEBUG] [Thread=main] - i.j.t.p.core.github.GHService # Checking pull request with ref command-palette 
2025-03-26T10:21:50.266Z [DEBUG] [Thread=main] - org.kohsuke.github.GitHubClient # (124d02b2) GitHub API request: POST https://api.github.com/repos/jenkinsci/lucene-search-plugin/pulls 
2025-03-26T10:21:51.394Z [INFO] [Thread=main] - i.j.t.p.core.github.GHService # Pull request created: https://github.com/jenkinsci/lucene-search-plugin/pull/76 
2025-03-26T10:21:51.395Z [DEBUG] [Thread=main] - org.kohsuke.github.GitHubClient # (6aa7b67f) GitHub API request: GET https://api.github.com/repos/jenkinsci/lucene-search-plugin 
2025-03-26T10:21:51.704Z [DEBUG] [Thread=main] - org.kohsuke.github.GitHubClient # (36920bd6) GitHub API request: GET https://api.github.com/repos/jenkinsci/lucene-search-plugin/pulls?state=open 
2025-03-26T10:21:52.006Z [DEBUG] [Thread=main] - org.kohsuke.github.GitHubClient # (188598ad) GitHub API request: POST https://api.github.com/repos/jenkinsci/lucene-search-plugin/issues/76/labels 
2025-03-26T10:21:52.237Z [DEBUG] [Thread=main] - i.j.t.p.core.github.GHService # Failed to add labels to pull request: {"message":"Must have admin rights to Repository.","documentation_url":"https://docs.github.com/rest/issues/labels#add-labels-to-an-issue","status":"403"}. Probably missing permission. 
2025-03-26T10:21:52.238Z [INFO] [Thread=main] - i.j.t.p.core.impl.PluginModernizer # ************* 
2025-03-26T10:21:52.238Z [INFO] [Thread=main] - i.j.t.p.core.impl.PluginModernizer # Plugin: lucene-search 
2025-03-26T10:21:52.238Z [DEBUG] [Thread=main] - org.kohsuke.github.GitHubClient # (6bfaa0a6) GitHub API request: GET https://api.github.com/repos/jenkinsci/lucene-search-plugin 
2025-03-26T10:21:52.522Z [INFO] [Thread=main] - i.j.t.p.core.impl.PluginModernizer # Pull request was open on https://github.com/jenkinsci/lucene-search-plugin 
2025-03-26T10:21:52.522Z [INFO] [Thread=main] - i.j.t.p.core.impl.PluginModernizer # Modified file: src/main/java/org/jenkinsci/plugins/lucene/search/config/SearchBackendConfiguration.java 
2025-03-26T10:21:52.522Z [INFO] [Thread=main] - i.j.t.p.core.impl.PluginModernizer # Modified file: src/main/java/org/jenkinsci/plugins/lucene/search/management/LuceneManager.java 
2025-03-26T10:21:52.522Z [INFO] [Thread=main] - i.j.t.p.core.impl.PluginModernizer # Modified file: pom.xml 
2025-03-26T10:21:52.522Z [INFO] [Thread=main] - i.j.t.p.core.impl.PluginModernizer # Modified file: src/main/java/org/jenkinsci/plugins/lucene/search/FreeTextSearch.java 
2025-03-26T10:21:52.523Z [INFO] [Thread=main] - i.j.t.p.core.impl.PluginModernizer # ************* 
