WARNING: A restricted method in java.lang.System has been called
WARNING: java.lang.System::load has been called by org.fusesource.jansi.internal.JansiLoader in an unnamed module (file:/home/poddingue/.sdkman/candidates/maven/current/lib/jansi-2.4.1.jar)
WARNING: Use --enable-native-access=ALL-UNNAMED to avoid a warning for callers in this module
WARNING: Restricted methods will be blocked in a future release unless native access is enabled

WARNING: A terminally deprecated method in sun.misc.Unsafe has been called
WARNING: sun.misc.Unsafe::objectFieldOffset has been called by com.google.common.util.concurrent.AbstractFuture$UnsafeAtomicHelper (file:/home/poddingue/.sdkman/candidates/maven/current/lib/guava-33.2.1-jre.jar)
WARNING: Please consider reporting this to the maintainers of class com.google.common.util.concurrent.AbstractFuture$UnsafeAtomicHelper
WARNING: sun.misc.Unsafe::objectFieldOffset will be removed in a future release
[INFO] Scanning for projects...
[INFO] 
[INFO] ---------------< io.jenkins.plugins:analysis-model-api >----------------
[INFO] Building Analysis Model API Plugin 13.6.0-SNAPSHOT
[INFO]   from pom.xml
[INFO] --------------------------------[ hpi ]---------------------------------
[INFO] 
[INFO] --- clean:3.4.0:clean (default-clean) @ analysis-model-api ---
[INFO] 
[INFO] --- hpi:3.61:validate (default-validate) @ analysis-model-api ---
[INFO] Created marker file /tmp/plugin-builds/analysis-model-api/target/java-level/17
[INFO] 
[INFO] --- hpi:3.61:validate-hpi (default-validate-hpi) @ analysis-model-api ---
[INFO] 
[INFO] --- enforcer:3.5.0:enforce (display-info) @ analysis-model-api ---
[INFO] Rule 0: org.apache.maven.enforcer.rules.dependency.RequireUpperBoundDeps passed
[INFO] Rule 1: io.jenkins.tools.incrementals.enforcer.RequireExtensionVersion passed
[INFO] Rule 2: org.apache.maven.enforcer.rules.version.RequireMavenVersion passed
[INFO] Rule 3: org.apache.maven.enforcer.rules.version.RequireJavaVersion passed
[INFO] Rule 4: org.codehaus.mojo.extraenforcer.dependencies.EnforceBytecodeVersion passed
[INFO] Rule 5: org.apache.maven.enforcer.rules.dependency.BannedDependencies passed
[INFO] Rule 6: org.apache.maven.enforcer.rules.dependency.BannedDependencies passed
[INFO] 
[INFO] --- enforcer:3.5.0:enforce (no-snapshots-in-release) @ analysis-model-api ---
[INFO] Rule 0: org.apache.maven.enforcer.rules.dependency.RequireReleaseDeps passed
[INFO] 
[INFO] --- localizer:1.31:generate (default) @ analysis-model-api ---
[INFO] 
[INFO] >>> javadoc:3.11.2:javadoc (default) > generate-sources @ analysis-model-api >>>
[INFO] 
[INFO] --- hpi:3.61:validate (default-validate) @ analysis-model-api ---
[INFO] 
[INFO] --- hpi:3.61:validate-hpi (default-validate-hpi) @ analysis-model-api ---
[INFO] 
[INFO] --- enforcer:3.5.0:enforce (display-info) @ analysis-model-api ---
[INFO] Rule 0: org.apache.maven.enforcer.rules.dependency.RequireUpperBoundDeps passed
[INFO] Rule 4: org.codehaus.mojo.extraenforcer.dependencies.EnforceBytecodeVersion passed
[INFO] Rule 5: org.apache.maven.enforcer.rules.dependency.BannedDependencies passed
[INFO] Rule 6: org.apache.maven.enforcer.rules.dependency.BannedDependencies passed
[INFO] 
[INFO] --- enforcer:3.5.0:enforce (no-snapshots-in-release) @ analysis-model-api ---
[INFO] Rule 0: org.apache.maven.enforcer.rules.dependency.RequireReleaseDeps passed
[INFO] 
[INFO] --- localizer:1.31:generate (default) @ analysis-model-api ---
[INFO] 
[INFO] <<< javadoc:3.11.2:javadoc (default) < generate-sources @ analysis-model-api <<<
[INFO] 
[INFO] 
[INFO] --- javadoc:3.11.2:javadoc (default) @ analysis-model-api ---
[INFO] Skipping org.apache.maven.plugins:maven-javadoc-plugin:3.11.2:javadoc report goal
[INFO] 
[INFO] --- resources:3.3.1:resources (default-resources) @ analysis-model-api ---
[INFO] Copying 2 resources from src/main/resources to target/classes
[INFO] 
[INFO] --- flatten:1.6.0:flatten (flatten) @ analysis-model-api ---
[INFO] Generating flattened POM of project io.jenkins.plugins:analysis-model-api:hpi:13.6.0-SNAPSHOT...
[INFO] 
[INFO] --- compiler:3.13.0:compile (default-compile) @ analysis-model-api ---
[INFO] Recompiling the module because of changed source code.
[INFO] Compiling 1 source file with javac [debug parameters release 17] to target/classes
[INFO] 
[INFO] --- access-modifier-checker:1.34:enforce (default-enforce) @ analysis-model-api ---
[INFO] Skipping access modifier checks
[INFO] 
[INFO] --- hpi:3.61:insert-test (default-insert-test) @ analysis-model-api ---
[INFO] 
[INFO] --- antrun:3.1.0:run (createTempDir) @ analysis-model-api ---
[INFO] Executing tasks
[INFO]     [mkdir] Created dir: /tmp/plugin-builds/analysis-model-api/target/tmp
[INFO] Executed tasks
[INFO] 
[INFO] --- resources:3.3.1:testResources (default-testResources) @ analysis-model-api ---
[INFO] Not copying test resources
[INFO] 
[INFO] --- compiler:3.13.0:testCompile (default-testCompile) @ analysis-model-api ---
[INFO] Not compiling test sources
[INFO] 
[INFO] --- hpi:3.61:test-hpl (default-test-hpl) @ analysis-model-api ---
[INFO] Generating /tmp/plugin-builds/analysis-model-api/target/test-classes/the.hpl
[INFO] 
[INFO] --- hpi:3.61:resolve-test-dependencies (default-resolve-test-dependencies) @ analysis-model-api ---
[INFO] 
[INFO] --- hpi:3.61:test-runtime (default-test-runtime) @ analysis-model-api ---
[INFO] Tests are skipped.
[INFO] 
[INFO] --- jacoco:0.8.12:prepare-agent (default) @ analysis-model-api ---
[INFO] argLine set to -javaagent:/home/poddingue/.m2/repository/org/jacoco/org.jacoco.agent/0.8.12/org.jacoco.agent-0.8.12-runtime.jar=destfile=/tmp/plugin-builds/analysis-model-api/target/jacoco.exec,includes=io/jenkins/plugins/**/* -Xms768M -Xmx768M -XX:+HeapDumpOnOutOfMemoryError -XX:+TieredCompilation -XX:TieredStopAtLevel=1 @{jenkins.addOpens} @{jenkins.insaneHook}
[INFO] 
[INFO] --- surefire:3.5.2:test (default-test) @ analysis-model-api ---
[INFO] Tests are skipped.
[INFO] 
[INFO] --- license:165.v7e11f4e4a_325:process (default) @ analysis-model-api ---
[INFO] 
[INFO] --- hpi:3.61:hpi (default-hpi) @ analysis-model-api ---
[INFO] Generating /tmp/plugin-builds/analysis-model-api/target/analysis-model-api/META-INF/MANIFEST.MF
[INFO] Checking for attached .jar artifact ...
[INFO] Generating jar /tmp/plugin-builds/analysis-model-api/target/analysis-model-api.jar
[INFO] Building jar: /tmp/plugin-builds/analysis-model-api/target/analysis-model-api.jar
[INFO] Exploding webapp...
[INFO] Copy webapp webResources to /tmp/plugin-builds/analysis-model-api/target/analysis-model-api
[INFO] Assembling webapp analysis-model-api in /tmp/plugin-builds/analysis-model-api/target/analysis-model-api
[WARNING] Bundling transitive dependency cglib-2.2.2.jar (via analysis-model)
[WARNING] Bundling transitive dependency nice-xml-messages-3.1.jar (via analysis-model)
[WARNING] Bundling transitive dependency spotbugs-4.9.3.jar (via analysis-model)
[INFO] Bundling direct dependency analysis-model-13.5.0.jar
[WARNING] Bundling transitive dependency Saxon-HE-12.7.jar (via analysis-model)
[WARNING] Bundling transitive dependency pmd-core-7.14.0.jar (via analysis-model)
[WARNING] Bundling transitive dependency pmd-java-7.14.0.jar (via analysis-model)
[WARNING] Bundling transitive dependency bcel-6.10.0.jar (via analysis-model)
[WARNING] Bundling transitive dependency commons-digester3-3.2.jar (via analysis-model)
[WARNING] Bundling transitive dependency log4j-api-2.24.3.jar (via analysis-model)
[WARNING] Bundling transitive dependency checker-qual-3.49.3.jar (via analysis-model)
[WARNING] Bundling transitive dependency pcollections-4.0.2.jar (via analysis-model)
[WARNING] Bundling transitive dependency xmlresolver-5.3.3.jar (via analysis-model)
[WARNING] Bundling transitive dependency xmlresolver-5.3.3-data.jar (via analysis-model)
[WARNING] Bundling transitive dependency violations-lib-1.158.1.jar (via analysis-model)
[WARNING] Bundling transitive dependency xercesImpl-2.12.2.jar (via analysis-model)
[WARNING] Bundling transitive dependency xml-apis-1.4.01.jar (via analysis-model)
[INFO] Generating hpi /tmp/plugin-builds/analysis-model-api/target/analysis-model-api.hpi
[INFO] Building jar: /tmp/plugin-builds/analysis-model-api/target/analysis-model-api.hpi
[INFO] 
[INFO] --- jar:3.4.2:test-jar (maybe-test-jar) @ analysis-model-api ---
[INFO] Skipping packaging of the test-jar
[INFO] 
[INFO] --- jar:3.4.2:test-jar (default) @ analysis-model-api ---
[INFO] Skipping packaging of the test-jar
[INFO] 
[INFO] --- failsafe:3.5.2:integration-test (default) @ analysis-model-api ---
[INFO] Tests are skipped.
[INFO] 
[INFO] --- pmd:3.26.0:pmd (run-pmd-java) @ analysis-model-api ---
[INFO] Skipping org.apache.maven.plugins:maven-pmd-plugin:3.26.0:pmd report goal
[INFO] 
[INFO] >>> pmd:3.26.0:check (run-pmd-java) > :pmd @ analysis-model-api >>>
[INFO] 
[INFO] --- pmd:3.26.0:pmd (pmd) @ analysis-model-api ---
[INFO] Skipping org.apache.maven.plugins:maven-pmd-plugin:3.26.0:pmd report goal
[INFO] 
[INFO] <<< pmd:3.26.0:check (run-pmd-java) < :pmd @ analysis-model-api <<<
[INFO] 
[INFO] 
[INFO] --- pmd:3.26.0:check (run-pmd-java) @ analysis-model-api ---
[INFO] Skipping PMD execution
[INFO] 
[INFO] --- pmd:3.26.0:cpd (run-pmd-java) @ analysis-model-api ---
[INFO] Skipping org.apache.maven.plugins:maven-pmd-plugin:3.26.0:cpd report goal
[INFO] 
[INFO] --- pmd:3.26.0:pmd (run-pmd-tests) @ analysis-model-api ---
[INFO] Skipping org.apache.maven.plugins:maven-pmd-plugin:3.26.0:pmd report goal
[INFO] 
[INFO] >>> pmd:3.26.0:check (run-pmd-tests) > :pmd @ analysis-model-api >>>
[INFO] 
[INFO] --- pmd:3.26.0:pmd (pmd) @ analysis-model-api ---
[INFO] Skipping org.apache.maven.plugins:maven-pmd-plugin:3.26.0:pmd report goal
[INFO] 
[INFO] <<< pmd:3.26.0:check (run-pmd-tests) < :pmd @ analysis-model-api <<<
[INFO] 
[INFO] 
[INFO] --- pmd:3.26.0:check (run-pmd-tests) @ analysis-model-api ---
[INFO] Skipping PMD execution
[INFO] 
[INFO] --- pmd:3.26.0:cpd (run-pmd-tests) @ analysis-model-api ---
[INFO] Skipping org.apache.maven.plugins:maven-pmd-plugin:3.26.0:cpd report goal
[INFO] 
[INFO] --- pmd:3.26.0:pmd (run-pmd-javascript) @ analysis-model-api ---
[INFO] Skipping org.apache.maven.plugins:maven-pmd-plugin:3.26.0:pmd report goal
[INFO] 
[INFO] >>> pmd:3.26.0:check (run-pmd-javascript) > :pmd @ analysis-model-api >>>
[INFO] 
[INFO] --- pmd:3.26.0:pmd (pmd) @ analysis-model-api ---
[INFO] Skipping org.apache.maven.plugins:maven-pmd-plugin:3.26.0:pmd report goal
[INFO] 
[INFO] <<< pmd:3.26.0:check (run-pmd-javascript) < :pmd @ analysis-model-api <<<
[INFO] 
[INFO] 
[INFO] --- pmd:3.26.0:check (run-pmd-javascript) @ analysis-model-api ---
[INFO] Skipping PMD execution
[INFO] 
[INFO] --- pmd:3.26.0:pmd (run-pmd-metrics) @ analysis-model-api ---
[INFO] Skipping org.apache.maven.plugins:maven-pmd-plugin:3.26.0:pmd report goal
[INFO] 
[INFO] --- checkstyle:3.6.0:check (run-checkstyle-java) @ analysis-model-api ---
[INFO] 
[INFO] --- checkstyle:3.6.0:check (run-checkstyle-tests) @ analysis-model-api ---
[INFO] 
[INFO] >>> spotbugs:4.8.6.6:check (spotbugs) > :spotbugs @ analysis-model-api >>>
[INFO] 
[INFO] --- spotbugs:4.8.6.6:spotbugs (spotbugs) @ analysis-model-api ---
[INFO] 
[INFO] <<< spotbugs:4.8.6.6:check (spotbugs) < :spotbugs @ analysis-model-api <<<
[INFO] 
[INFO] 
[INFO] --- spotbugs:4.8.6.6:check (spotbugs) @ analysis-model-api ---
[INFO] Spotbugs plugin skipped
[INFO] 
[INFO] --- spotless:2.44.2:check (default) @ analysis-model-api ---
[INFO] Spotless check skipped
[INFO] 
[INFO] --- failsafe:3.5.2:verify (default) @ analysis-model-api ---
[INFO] Tests are skipped.
[INFO] 
[INFO] --- jacoco:0.8.12:report (report) @ analysis-model-api ---
[INFO] Skipping JaCoCo execution due to missing execution data file.
[INFO] 
[INFO] --- revapi:0.15.0:check (run-revapi) @ analysis-model-api ---
[WARNING] 1 problem was encountered while building the effective model for org.jboss:jboss-dmr:jar:1.2.0.Final during dependency collection step for plugin (use -X to see details)
Downloading from repo.jenkins-ci.org: https://repo.jenkins-ci.org/public/io/jenkins/plugins/analysis-model-api/maven-metadata.xml
Downloading from central: https://repo.maven.apache.org/maven2/io/jenkins/plugins/analysis-model-api/maven-metadata.xml
Downloading from incrementals.jenkins-ci.org: https://repo.jenkins-ci.org/incrementals/io/jenkins/plugins/analysis-model-api/maven-metadata.xml
Downloading from incrementals: https://repo.jenkins-ci.org/incrementals/io/jenkins/plugins/analysis-model-api/maven-metadata.xml
Progress (1): 0.4/4.8 kBProgress (1): 1.8/4.8 kBProgress (1): 3.2/4.8 kBProgress (1): 4.6/4.8 kBProgress (1): 4.8 kB    Progress (2): 4.8 kB | 0.4/1.1 kBProgress (2): 4.8 kB | 1.1 kB    Progress (3): 4.8 kB | 1.1 kB | 0.4/1.1 kBProgress (3): 4.8 kB | 1.1 kB | 1.1 kB                                          Downloaded from repo.jenkins-ci.org: https://repo.jenkins-ci.org/public/io/jenkins/plugins/analysis-model-api/maven-metadata.xml (4.8 kB at 8.2 kB/s)
Downloaded from incrementals: https://repo.jenkins-ci.org/incrementals/io/jenkins/plugins/analysis-model-api/maven-metadata.xml (1.1 kB at 1.9 kB/s)
Downloaded from incrementals.jenkins-ci.org: https://repo.jenkins-ci.org/incrementals/io/jenkins/plugins/analysis-model-api/maven-metadata.xml (1.1 kB at 1.9 kB/s)
[INFO] Comparing [io.jenkins.plugins:analysis-model-api:hpi:13.5.0] against [io.jenkins.plugins:analysis-model-api:hpi:13.6.0-SNAPSHOT] (including their transitive dependencies).
[INFO] API checks completed without failures.
[INFO] 
[INFO] --- install:3.1.3:install (default-install) @ analysis-model-api ---
[INFO] Installing /tmp/plugin-builds/analysis-model-api/target/analysis-model-api-13.6.0-SNAPSHOT.pom to /home/poddingue/.m2/repository/io/jenkins/plugins/analysis-model-api/13.6.0-SNAPSHOT/analysis-model-api-13.6.0-SNAPSHOT.pom
[INFO] Installing /tmp/plugin-builds/analysis-model-api/target/analysis-model-api.hpi to /home/poddingue/.m2/repository/io/jenkins/plugins/analysis-model-api/13.6.0-SNAPSHOT/analysis-model-api-13.6.0-SNAPSHOT.hpi
[INFO] Installing /tmp/plugin-builds/analysis-model-api/target/analysis-model-api.jar to /home/poddingue/.m2/repository/io/jenkins/plugins/analysis-model-api/13.6.0-SNAPSHOT/analysis-model-api-13.6.0-SNAPSHOT.jar
[INFO] ------------------------------------------------------------------------
[INFO] BUILD SUCCESS
[INFO] ------------------------------------------------------------------------
[INFO] Total time:  16.302 s
[INFO] Finished at: 2025-06-23T08:59:41+02:00
[INFO] ------------------------------------------------------------------------
