WARNING: A terminally deprecated method in sun.misc.Unsafe has been called
WARNING: sun.misc.Unsafe::staticFieldBase has been called by com.google.inject.internal.aop.HiddenClassDefiner (file:/usr/share/apache-maven-3.9.11/lib/guice-5.1.0-classes.jar)
WARNING: Please consider reporting this to the maintainers of class com.google.inject.internal.aop.HiddenClassDefiner
WARNING: sun.misc.Unsafe::staticFieldBase will be removed in a future release
[INFO] Scanning for projects...
[INFO] Artifact org.jenkins-ci.tools:maven-hpi-plugin:pom:3.1762.vd3ff902a_5b_c4 is present in the local repository, but cached from a remote repository ID that is unavailable in current build context, verifying that is downloadable from [incrementals (https://repo.jenkins-ci.org/incrementals/, default, releases), central (https://repo.maven.apache.org/maven2, default, releases)]
[INFO] Artifact org.jenkins-ci.tools:maven-hpi-plugin:pom:3.1762.vd3ff902a_5b_c4 is present in the local repository, but cached from a remote repository ID that is unavailable in current build context, verifying that is downloadable from [incrementals (https://repo.jenkins-ci.org/incrementals/, default, releases), central (https://repo.maven.apache.org/maven2, default, releases)]
[WARNING] The POM for org.jenkins-ci.tools:maven-hpi-plugin:jar:3.1762.vd3ff902a_5b_c4 is missing, no dependency information available
[INFO] Artifact org.jenkins-ci.tools:maven-hpi-plugin:jar:3.1762.vd3ff902a_5b_c4 is present in the local repository, but cached from a remote repository ID that is unavailable in current build context, verifying that is downloadable from [incrementals (https://repo.jenkins-ci.org/incrementals/, default, releases), central (https://repo.maven.apache.org/maven2, default, releases)]
[INFO] Artifact org.jenkins-ci.tools:maven-hpi-plugin:jar:3.1762.vd3ff902a_5b_c4 is present in the local repository, but cached from a remote repository ID that is unavailable in current build context, verifying that is downloadable from [incrementals (https://repo.jenkins-ci.org/incrementals/, default, releases), central (https://repo.maven.apache.org/maven2, default, releases)]
[WARNING] Failed to build parent project for org.jenkins-ci.plugins:ansible:hpi:999999-SNAPSHOT
[INFO] 
[INFO] -------------------< org.jenkins-ci.plugins:ansible >-------------------
[INFO] Building Jenkins Ansible plugin 999999-SNAPSHOT
[INFO]   from pom.xml
[INFO] --------------------------------[ hpi ]---------------------------------
[INFO] 
[INFO] --- clean:3.5.0:clean (default-clean) @ ansible ---
[INFO] 
[INFO] --- hpi:3.1762.vd3ff902a_5b_c4:validate (default-validate) @ ansible ---
[INFO] Created marker file /tmp/plugin-builds/ansible/target/java-level/17
[INFO] 
[INFO] --- hpi:3.1762.vd3ff902a_5b_c4:validate-hpi (default-validate-hpi) @ ansible ---
[INFO] 
[INFO] --- enforcer:3.6.2:enforce (display-info) @ ansible ---
[INFO] Rule 0: io.jenkins.tools.incrementals.enforcer.RequireExtensionVersion passed
[INFO] Rule 1: org.apache.maven.enforcer.rules.version.RequireMavenVersion passed
[INFO] Rule 2: org.apache.maven.enforcer.rules.version.RequireJavaVersion passed
[INFO] Rule 3: org.apache.maven.enforcer.rules.RequirePluginVersions passed
[INFO] Rule 4: org.codehaus.mojo.extraenforcer.dependencies.EnforceBytecodeVersion passed
[INFO] Rule 5: org.apache.maven.enforcer.rules.dependency.BannedDependencies passed
[INFO] Rule 6: org.apache.maven.enforcer.rules.dependency.BannedDependencies passed
[INFO] Rule 7: org.apache.maven.enforcer.rules.dependency.RequireUpperBoundDeps passed
[INFO] 
[INFO] --- enforcer:3.6.2:enforce (no-snapshots-in-release) @ ansible ---
[INFO] Rule 0: org.apache.maven.enforcer.rules.dependency.RequireReleaseDeps passed
[INFO] 
[INFO] --- localizer:1.31:generate (default) @ ansible ---
[INFO] 
[INFO] --- enforcer:3.6.2:enforce (check-junit-imports) @ ansible ---
[INFO] Rule 0: org.apache.maven.plugins.enforcer.RestrictImports passed
[INFO] 
[INFO] --- resources:3.3.1:resources (default-resources) @ ansible ---
[INFO] Copying 59 resources from src/main/resources to target/classes
[INFO] 
[INFO] --- flatten:1.7.3:flatten (flatten) @ ansible ---
[INFO] Generating flattened POM of project org.jenkins-ci.plugins:ansible:hpi:999999-SNAPSHOT...
[INFO] 
[INFO] --- compiler:3.14.1:compile (default-compile) @ ansible ---
[INFO] Recompiling the module because of changed source code.
[INFO] Compiling 24 source files with javac [debug parameters release 17] to target/classes
[INFO] org.jenkinsci.plugins.ansible.AnsibleAdHocCommandBuilder.DescriptorImpl indexed under hudson.Extension
[INFO] org.jenkinsci.plugins.ansible.AnsibleInstallation.DescriptorImpl indexed under hudson.Extension
[INFO] org.jenkinsci.plugins.ansible.AnsiblePlaybookBuilder.DescriptorImpl indexed under hudson.Extension
[INFO] org.jenkinsci.plugins.ansible.AnsibleVaultBuilder.DescriptorImpl indexed under hudson.Extension
[INFO] org.jenkinsci.plugins.ansible.ExtraVar.DescriptorImpl indexed under hudson.Extension
[INFO] org.jenkinsci.plugins.ansible.InventoryContent.DescriptorImpl indexed under hudson.Extension
[INFO] org.jenkinsci.plugins.ansible.InventoryDoNotSpecify.DescriptorImpl indexed under hudson.Extension
[INFO] org.jenkinsci.plugins.ansible.InventoryPath.DescriptorImpl indexed under hudson.Extension
[INFO] org.jenkinsci.plugins.ansible.jobdsl.AnsibleJobDslExtension indexed under hudson.Extension
[INFO] org.jenkinsci.plugins.ansible.workflow.AnsibleAdhocStep.DescriptorImpl indexed under hudson.Extension
[INFO] org.jenkinsci.plugins.ansible.workflow.AnsiblePlaybookStep.DescriptorImpl indexed under hudson.Extension
[INFO] org.jenkinsci.plugins.ansible.workflow.AnsibleVaultStep.DescriptorImpl indexed under hudson.Extension
[INFO] /tmp/plugin-builds/ansible/src/main/java/org/jenkinsci/plugins/ansible/AnsibleAdHocCommandBuilder.java:[142,12] Generating org/jenkinsci/plugins/ansible/AnsibleAdHocCommandBuilder.stapler
[INFO] /tmp/plugin-builds/ansible/src/main/java/org/jenkinsci/plugins/ansible/AnsibleInstallation.java:[45,12] Generating org/jenkinsci/plugins/ansible/AnsibleInstallation.stapler
[INFO] /tmp/plugin-builds/ansible/src/main/java/org/jenkinsci/plugins/ansible/AnsiblePlaybookBuilder.java:[157,12] Generating org/jenkinsci/plugins/ansible/AnsiblePlaybookBuilder.stapler
[INFO] /tmp/plugin-builds/ansible/src/main/java/org/jenkinsci/plugins/ansible/AnsibleVaultBuilder.java:[73,12] Generating org/jenkinsci/plugins/ansible/AnsibleVaultBuilder.stapler
[INFO] /tmp/plugin-builds/ansible/src/main/java/org/jenkinsci/plugins/ansible/ExtraVar.java:[40,12] Generating org/jenkinsci/plugins/ansible/ExtraVar.stapler
[INFO] /tmp/plugin-builds/ansible/src/main/java/org/jenkinsci/plugins/ansible/InventoryContent.java:[36,12] Generating org/jenkinsci/plugins/ansible/InventoryContent.stapler
[INFO] /tmp/plugin-builds/ansible/src/main/java/org/jenkinsci/plugins/ansible/InventoryDoNotSpecify.java:[30,12] Generating org/jenkinsci/plugins/ansible/InventoryDoNotSpecify.stapler
[INFO] /tmp/plugin-builds/ansible/src/main/java/org/jenkinsci/plugins/ansible/InventoryPath.java:[33,12] Generating org/jenkinsci/plugins/ansible/InventoryPath.stapler
[INFO] /tmp/plugin-builds/ansible/src/main/java/org/jenkinsci/plugins/ansible/workflow/AnsibleAdhocStep.java:[77,12] Generating org/jenkinsci/plugins/ansible/workflow/AnsibleAdhocStep.stapler
[INFO] /tmp/plugin-builds/ansible/src/main/java/org/jenkinsci/plugins/ansible/workflow/AnsiblePlaybookStep.java:[93,12] Generating org/jenkinsci/plugins/ansible/workflow/AnsiblePlaybookStep.stapler
[INFO] /tmp/plugin-builds/ansible/src/main/java/org/jenkinsci/plugins/ansible/workflow/AnsibleVaultStep.java:[61,12] Generating org/jenkinsci/plugins/ansible/workflow/AnsibleVaultStep.stapler
[INFO] /tmp/plugin-builds/ansible/src/main/java/org/jenkinsci/plugins/ansible/AbstractAnsibleBuilderDescriptor.java:[46,25] Generating org/jenkinsci/plugins/ansible/AbstractAnsibleBuilderDescriptor/doFillCredentialsIdItems.stapler
[INFO] /tmp/plugin-builds/ansible/src/main/java/org/jenkinsci/plugins/ansible/AbstractAnsibleBuilderDescriptor.java:[66,25] Generating org/jenkinsci/plugins/ansible/AbstractAnsibleBuilderDescriptor/doFillVaultCredentialsIdItems.stapler
[INFO] /tmp/plugin-builds/ansible/src/main/java/org/jenkinsci/plugins/ansible/AnsibleAdHocCommandBuilder.java:[284,31] Generating org/jenkinsci/plugins/ansible/AnsibleAdHocCommandBuilder/DescriptorImpl/doCheckHostPattern.stapler
[INFO] /tmp/plugin-builds/ansible/src/main/java/org/jenkinsci/plugins/ansible/workflow/AnsibleVaultStep.java:[157,29] Generating org/jenkinsci/plugins/ansible/workflow/AnsibleVaultStep/DescriptorImpl/doFillNewVaultCredentialsIdItems.stapler
[INFO] /tmp/plugin-builds/ansible/src/main/java/org/jenkinsci/plugins/ansible/AnsibleVaultBuilder.java:[187,31] Generating org/jenkinsci/plugins/ansible/AnsibleVaultBuilder/DescriptorImpl/doCheckVaultCredentialsId.stapler
[INFO] /tmp/plugin-builds/ansible/src/main/java/org/jenkinsci/plugins/ansible/AnsiblePlaybookBuilder.java:[351,31] Generating org/jenkinsci/plugins/ansible/AnsiblePlaybookBuilder/DescriptorImpl/doCheckPlaybook.stapler
[INFO] /tmp/plugin-builds/ansible/src/main/java/org/jenkinsci/plugins/ansible/Inventory.java: Some input files use or override a deprecated API.
[INFO] /tmp/plugin-builds/ansible/src/main/java/org/jenkinsci/plugins/ansible/Inventory.java: Recompile with -Xlint:deprecation for details.
[INFO] /tmp/plugin-builds/ansible/src/main/java/org/jenkinsci/plugins/ansible/AbstractAnsibleInvocation.java: Some input files use unchecked or unsafe operations.
[INFO] /tmp/plugin-builds/ansible/src/main/java/org/jenkinsci/plugins/ansible/AbstractAnsibleInvocation.java: Recompile with -Xlint:unchecked for details.
[INFO] 
[INFO] --- access-modifier-checker:1.35:enforce (default-enforce) @ ansible ---
[INFO] 
[INFO] --- bridge-method-injector:1.32:process (default) @ ansible ---
[INFO] 
[INFO] --- hpi:3.1762.vd3ff902a_5b_c4:insert-test (default-insert-test) @ ansible ---
[INFO] 
[INFO] --- antrun:3.2.0:run (createTempDir) @ ansible ---
[INFO] Executing tasks
[INFO]     [mkdir] Created dir: /tmp/plugin-builds/ansible/target/tmp
[INFO] Executed tasks
[INFO] 
[INFO] --- resources:3.3.1:testResources (default-testResources) @ ansible ---
[INFO] Not copying test resources
[INFO] 
[INFO] --- compiler:3.14.1:testCompile (default-testCompile) @ ansible ---
[INFO] Not compiling test sources
[INFO] 
[INFO] --- hpi:3.1762.vd3ff902a_5b_c4:test-hpl (default-test-hpl) @ ansible ---
[INFO] Generating /tmp/plugin-builds/ansible/target/test-classes/the.hpl
[INFO] 
[INFO] --- hpi:3.1762.vd3ff902a_5b_c4:resolve-test-dependencies (default-resolve-test-dependencies) @ ansible ---
[INFO] 
[INFO] --- hpi:3.1762.vd3ff902a_5b_c4:test-runtime (default-test-runtime) @ ansible ---
[INFO] Tests are skipped.
[INFO] 
[INFO] --- surefire:3.5.4:test (default-test) @ ansible ---
[INFO] Tests are skipped.
[INFO] 
[INFO] --- license:184.v19c87b_6b_a_9a_c:process (default) @ ansible ---
[INFO] Generated /tmp/plugin-builds/ansible/target/ansible/WEB-INF/licenses.xml
[INFO] 
[INFO] --- hpi:3.1762.vd3ff902a_5b_c4:hpi (default-hpi) @ ansible ---
[INFO] Generating /tmp/plugin-builds/ansible/target/ansible/META-INF/MANIFEST.MF
[INFO] Checking for attached .jar artifact ...
[INFO] Generating jar /tmp/plugin-builds/ansible/target/ansible.jar
[INFO] Building jar: /tmp/plugin-builds/ansible/target/ansible.jar
[INFO] Exploding webapp...
[INFO] Copy webapp webResources to /tmp/plugin-builds/ansible/target/ansible
[INFO] Assembling webapp ansible in /tmp/plugin-builds/ansible/target/ansible
[INFO] Bundling transitive dependency annotation-indexer-1.18.jar (via symbol-annotation)
[WARNING] Expected list of bundled artifacts [] did not match actual list of bundled artifacts [annotation-indexer]. Review the bundled artifacts and add `<hpi.bundledArtifacts>annotation-indexer</hpi.bundledArtifacts>` to `<properties>` in pom.xml if the actual list is correct. If the actual list is not correct, add `<exclusion>`s or modify dependencies as needed to prevent the artifacts from being bundled. Review https://www.jenkins.io/doc/developer/plugin-development/dependencies-and-class-loading/#bundling-third-party-libraries for more details. Enable strict checks by adding `<hpi.strictBundledArtifacts>true</hpi.strictBundledArtifacts>` to pom.xml
[INFO] Generating hpi /tmp/plugin-builds/ansible/target/ansible.hpi
[INFO] Building jar: /tmp/plugin-builds/ansible/target/ansible.hpi
[INFO] 
[INFO] --- jar:3.4.2:test-jar (maybe-test-jar) @ ansible ---
[INFO] Skipping packaging of the test-jar
[INFO] 
[INFO] >>> spotbugs:4.9.8.1:check (spotbugs) > :spotbugs @ ansible >>>
[INFO] 
[INFO] --- spotbugs:4.9.8.1:spotbugs (spotbugs) @ ansible ---
[INFO] Fork Value is true
[INFO] Done SpotBugs Analysis....
[INFO] Skipping com.github.spotbugs:spotbugs-maven-plugin:4.9.8.1:spotbugs report goal
[INFO] 
[INFO] <<< spotbugs:4.9.8.1:check (spotbugs) < :spotbugs @ ansible <<<
[INFO] 
[INFO] 
[INFO] --- spotbugs:4.9.8.1:check (spotbugs) @ ansible ---
[INFO] BugInstance size is 0
[INFO] Error size is 0
[INFO] No errors/warnings found
[INFO] 
[INFO] --- spotless:3.0.0:check (default) @ ansible ---
[INFO] Index file does not exist. Fallback to an empty index
[INFO] Spotless.Java is keeping 29 files clean - 0 needs changes to be clean, 29 were already clean, 0 were skipped because caching determined they were already clean
[INFO] Sorting file /tmp/pom6366850752671344753.xml
[INFO] Pom file is already sorted, exiting
[INFO] Spotless.Pom is keeping 1 files clean - 0 needs changes to be clean, 1 were already clean, 0 were skipped because caching determined they were already clean
[INFO] 
[INFO] --- install:3.1.4:install (default-install) @ ansible ---
[INFO] Installing /tmp/plugin-builds/ansible/target/ansible-999999-SNAPSHOT.pom to /home/runner/.m2/repository/org/jenkins-ci/plugins/ansible/999999-SNAPSHOT/ansible-999999-SNAPSHOT.pom
[INFO] Installing /tmp/plugin-builds/ansible/target/ansible.hpi to /home/runner/.m2/repository/org/jenkins-ci/plugins/ansible/999999-SNAPSHOT/ansible-999999-SNAPSHOT.hpi
[INFO] Installing /tmp/plugin-builds/ansible/target/ansible.jar to /home/runner/.m2/repository/org/jenkins-ci/plugins/ansible/999999-SNAPSHOT/ansible-999999-SNAPSHOT.jar
[INFO] ------------------------------------------------------------------------
[INFO] BUILD SUCCESS
[INFO] ------------------------------------------------------------------------
[INFO] Total time:  01:10 min
[INFO] Finished at: 2025-11-25T02:59:15Z
[INFO] ------------------------------------------------------------------------
