WARNING: A restricted method in java.lang.System has been called
WARNING: java.lang.System::load has been called by org.fusesource.jansi.internal.JansiLoader in an unnamed module (file:/home/poddingue/.sdkman/candidates/maven/current/lib/jansi-2.4.1.jar)
WARNING: Use --enable-native-access=ALL-UNNAMED to avoid a warning for callers in this module
WARNING: Restricted methods will be blocked in a future release unless native access is enabled

WARNING: A terminally deprecated method in sun.misc.Unsafe has been called
WARNING: sun.misc.Unsafe::objectFieldOffset has been called by com.google.common.util.concurrent.AbstractFuture$UnsafeAtomicHelper (file:/home/poddingue/.sdkman/candidates/maven/current/lib/guava-33.2.1-jre.jar)
WARNING: Please consider reporting this to the maintainers of class com.google.common.util.concurrent.AbstractFuture$UnsafeAtomicHelper
WARNING: sun.misc.Unsafe::objectFieldOffset will be removed in a future release
[INFO] Scanning for projects...
[INFO] 
[INFO] ------------------< org.jenkins-ci.plugins:ansicolor >------------------
[INFO] Building AnsiColor 1.0.7-SNAPSHOT
[INFO]   from pom.xml
[INFO] --------------------------------[ hpi ]---------------------------------
[INFO] 
[INFO] --- clean:3.4.1:clean (default-clean) @ ansicolor ---
[INFO] 
[INFO] --- hpi:3.64:validate (default-validate) @ ansicolor ---
[INFO] Created marker file /tmp/plugin-builds/ansicolor/target/java-level/17
[INFO] 
[INFO] --- hpi:3.64:validate-hpi (default-validate-hpi) @ ansicolor ---
[INFO] 
[INFO] --- enforcer:3.5.0:enforce (display-info) @ ansicolor ---
[INFO] Rule 0: io.jenkins.tools.incrementals.enforcer.RequireExtensionVersion passed
[INFO] Rule 1: org.apache.maven.enforcer.rules.version.RequireMavenVersion passed
[INFO] Rule 2: org.apache.maven.enforcer.rules.version.RequireJavaVersion passed
[INFO] Rule 3: org.codehaus.mojo.extraenforcer.dependencies.EnforceBytecodeVersion passed
[INFO] Rule 4: org.apache.maven.enforcer.rules.dependency.BannedDependencies passed
[INFO] Rule 5: org.apache.maven.enforcer.rules.dependency.BannedDependencies passed
[INFO] Rule 6: org.apache.maven.enforcer.rules.dependency.RequireUpperBoundDeps passed
[INFO] 
[INFO] --- enforcer:3.5.0:enforce (no-snapshots-in-release) @ ansicolor ---
[INFO] Rule 0: org.apache.maven.enforcer.rules.dependency.RequireReleaseDeps passed
[INFO] 
[INFO] --- localizer:1.31:generate (default) @ ansicolor ---
[INFO] 
[INFO] --- resources:3.3.1:resources (default-resources) @ ansicolor ---
[INFO] Copying 7 resources from src/main/resources to target/classes
[INFO] 
[INFO] --- flatten:1.7.0:flatten (flatten) @ ansicolor ---
[INFO] Generating flattened POM of project org.jenkins-ci.plugins:ansicolor:hpi:1.0.7-SNAPSHOT...
[INFO] 
[INFO] --- compiler:3.14.0:compile (default-compile) @ ansicolor ---
[INFO] Recompiling the module because of changed source code.
[INFO] Compiling 14 source files with javac [debug parameters release 17] to target/classes
[INFO] hudson.plugins.ansicolor.AnsiColorBuildWrapper.DescriptorImpl indexed under hudson.Extension
[INFO] hudson.plugins.ansicolor.AnsiColorStep.StepDescriptorImpl indexed under hudson.Extension
[INFO] hudson.plugins.ansicolor.ColorConsoleAnnotator.Factory indexed under hudson.Extension
[INFO] hudson.plugins.ansicolor.action.ShortlogActionCreator.Listener indexed under hudson.Extension
[INFO] /tmp/plugin-builds/ansicolor/src/main/java/hudson/plugins/ansicolor/AnsiColorBuildWrapper.java:[70,12] Generating hudson/plugins/ansicolor/AnsiColorBuildWrapper.stapler
[INFO] /tmp/plugin-builds/ansicolor/src/main/java/hudson/plugins/ansicolor/AnsiColorMap.java:[147,12] Generating hudson/plugins/ansicolor/AnsiColorMap.stapler
[INFO] /tmp/plugin-builds/ansicolor/src/main/java/hudson/plugins/ansicolor/AnsiColorStep.java:[33,12] Generating hudson/plugins/ansicolor/AnsiColorStep.stapler
[INFO] /tmp/plugin-builds/ansicolor/src/main/java/hudson/plugins/ansicolor/AnsiColorBuildWrapper.java:[234,31] Generating hudson/plugins/ansicolor/AnsiColorBuildWrapper/DescriptorImpl/doCheckBlueB.stapler
[INFO] /tmp/plugin-builds/ansicolor/src/main/java/hudson/plugins/ansicolor/AnsiColorBuildWrapper.java:[222,31] Generating hudson/plugins/ansicolor/AnsiColorBuildWrapper/DescriptorImpl/doCheckYellow.stapler
[INFO] /tmp/plugin-builds/ansicolor/src/main/java/hudson/plugins/ansicolor/AnsiColorBuildWrapper.java:[189,31] Generating hudson/plugins/ansicolor/AnsiColorBuildWrapper/DescriptorImpl/doCheckName.stapler
[INFO] /tmp/plugin-builds/ansicolor/src/main/java/hudson/plugins/ansicolor/AnsiColorBuildWrapper.java:[258,31] Generating hudson/plugins/ansicolor/AnsiColorBuildWrapper/DescriptorImpl/doCheckWhiteB.stapler
[INFO] /tmp/plugin-builds/ansicolor/src/main/java/hudson/plugins/ansicolor/AnsiColorBuildWrapper.java:[214,31] Generating hudson/plugins/ansicolor/AnsiColorBuildWrapper/DescriptorImpl/doCheckGreen.stapler
[INFO] /tmp/plugin-builds/ansicolor/src/main/java/hudson/plugins/ansicolor/AnsiColorBuildWrapper.java:[218,31] Generating hudson/plugins/ansicolor/AnsiColorBuildWrapper/DescriptorImpl/doCheckGreenB.stapler
[INFO] /tmp/plugin-builds/ansicolor/src/main/java/hudson/plugins/ansicolor/AnsiColorBuildWrapper.java:[238,31] Generating hudson/plugins/ansicolor/AnsiColorBuildWrapper/DescriptorImpl/doCheckMagenta.stapler
[INFO] /tmp/plugin-builds/ansicolor/src/main/java/hudson/plugins/ansicolor/AnsiColorBuildWrapper.java:[198,31] Generating hudson/plugins/ansicolor/AnsiColorBuildWrapper/DescriptorImpl/doCheckBlack.stapler
[INFO] /tmp/plugin-builds/ansicolor/src/main/java/hudson/plugins/ansicolor/AnsiColorBuildWrapper.java:[210,31] Generating hudson/plugins/ansicolor/AnsiColorBuildWrapper/DescriptorImpl/doCheckRedB.stapler
[INFO] /tmp/plugin-builds/ansicolor/src/main/java/hudson/plugins/ansicolor/AnsiColorBuildWrapper.java:[254,31] Generating hudson/plugins/ansicolor/AnsiColorBuildWrapper/DescriptorImpl/doCheckWhite.stapler
[INFO] /tmp/plugin-builds/ansicolor/src/main/java/hudson/plugins/ansicolor/AnsiColorBuildWrapper.java:[226,31] Generating hudson/plugins/ansicolor/AnsiColorBuildWrapper/DescriptorImpl/doCheckYellowB.stapler
[INFO] /tmp/plugin-builds/ansicolor/src/main/java/hudson/plugins/ansicolor/AnsiColorBuildWrapper.java:[242,31] Generating hudson/plugins/ansicolor/AnsiColorBuildWrapper/DescriptorImpl/doCheckMagentaB.stapler
[INFO] /tmp/plugin-builds/ansicolor/src/main/java/hudson/plugins/ansicolor/AnsiColorBuildWrapper.java:[230,31] Generating hudson/plugins/ansicolor/AnsiColorBuildWrapper/DescriptorImpl/doCheckBlue.stapler
[INFO] /tmp/plugin-builds/ansicolor/src/main/java/hudson/plugins/ansicolor/AnsiColorBuildWrapper.java:[206,31] Generating hudson/plugins/ansicolor/AnsiColorBuildWrapper/DescriptorImpl/doCheckRed.stapler
[INFO] /tmp/plugin-builds/ansicolor/src/main/java/hudson/plugins/ansicolor/AnsiColorBuildWrapper.java:[184,31] Generating hudson/plugins/ansicolor/AnsiColorBuildWrapper/DescriptorImpl/doCheckGlobalColorMapName.stapler
[INFO] /tmp/plugin-builds/ansicolor/src/main/java/hudson/plugins/ansicolor/AnsiColorBuildWrapper.java:[246,31] Generating hudson/plugins/ansicolor/AnsiColorBuildWrapper/DescriptorImpl/doCheckCyan.stapler
[INFO] /tmp/plugin-builds/ansicolor/src/main/java/hudson/plugins/ansicolor/AnsiColorBuildWrapper.java:[250,31] Generating hudson/plugins/ansicolor/AnsiColorBuildWrapper/DescriptorImpl/doCheckCyanB.stapler
[INFO] /tmp/plugin-builds/ansicolor/src/main/java/hudson/plugins/ansicolor/AnsiColorBuildWrapper.java:[202,31] Generating hudson/plugins/ansicolor/AnsiColorBuildWrapper/DescriptorImpl/doCheckBlackB.stapler
[WARNING] /tmp/plugin-builds/ansicolor/src/main/java/hudson/plugins/ansicolor/AnsiOutputStream.java:[98,33] Integer(int) in java.lang.Integer has been deprecated and marked for removal
[WARNING] /tmp/plugin-builds/ansicolor/src/main/java/hudson/plugins/ansicolor/AnsiOutputStream.java:[101,33] Integer(int) in java.lang.Integer has been deprecated and marked for removal
[WARNING] /tmp/plugin-builds/ansicolor/src/main/java/hudson/plugins/ansicolor/AnsiOutputStream.java:[119,33] Character(char) in java.lang.Character has been deprecated and marked for removal
[WARNING] /tmp/plugin-builds/ansicolor/src/main/java/hudson/plugins/ansicolor/AnsiOutputStream.java:[121,33] Character(char) in java.lang.Character has been deprecated and marked for removal
[WARNING] /tmp/plugin-builds/ansicolor/src/main/java/hudson/plugins/ansicolor/AnsiOutputStream.java:[133,37] Integer(java.lang.String) in java.lang.Integer has been deprecated and marked for removal
[WARNING] /tmp/plugin-builds/ansicolor/src/main/java/hudson/plugins/ansicolor/AnsiOutputStream.java:[170,37] Integer(java.lang.String) in java.lang.Integer has been deprecated and marked for removal
[WARNING] /tmp/plugin-builds/ansicolor/src/main/java/hudson/plugins/ansicolor/AnsiOutputStream.java:[207,29] Character(char) in java.lang.Character has been deprecated and marked for removal
[INFO] /tmp/plugin-builds/ansicolor/src/main/java/hudson/plugins/ansicolor/AnsiHtmlOutputStream.java: Some input files use or override a deprecated API.
[INFO] /tmp/plugin-builds/ansicolor/src/main/java/hudson/plugins/ansicolor/AnsiHtmlOutputStream.java: Recompile with -Xlint:deprecation for details.
[INFO] 
[INFO] --- access-modifier-checker:1.35:enforce (default-enforce) @ ansicolor ---
[INFO] Skipping access modifier checks
[INFO] 
[INFO] --- bridge-method-injector:1.31:process (default) @ ansicolor ---
[INFO] 
[INFO] --- hpi:3.64:insert-test (default-insert-test) @ ansicolor ---
[INFO] 
[INFO] --- antrun:3.1.0:run (createTempDir) @ ansicolor ---
[INFO] Executing tasks
[INFO]     [mkdir] Created dir: /tmp/plugin-builds/ansicolor/target/tmp
[INFO] Executed tasks
[INFO] 
[INFO] --- resources:3.3.1:testResources (default-testResources) @ ansicolor ---
[INFO] Not copying test resources
[INFO] 
[INFO] --- compiler:3.14.0:testCompile (default-testCompile) @ ansicolor ---
[INFO] Not compiling test sources
[INFO] 
[INFO] --- hpi:3.64:test-hpl (default-test-hpl) @ ansicolor ---
[INFO] Generating /tmp/plugin-builds/ansicolor/target/test-classes/the.hpl
[INFO] 
[INFO] --- hpi:3.64:resolve-test-dependencies (default-resolve-test-dependencies) @ ansicolor ---
[INFO] 
[INFO] --- hpi:3.64:test-runtime (default-test-runtime) @ ansicolor ---
[INFO] Tests are skipped.
[INFO] 
[INFO] --- surefire:3.5.3:test (default-test) @ ansicolor ---
[INFO] Tests are skipped.
[INFO] 
[INFO] --- license:165.v7e11f4e4a_325:process (default) @ ansicolor ---
[INFO] 
[INFO] --- hpi:3.64:hpi (default-hpi) @ ansicolor ---
[INFO] Generating /tmp/plugin-builds/ansicolor/target/ansicolor/META-INF/MANIFEST.MF
[INFO] Checking for attached .jar artifact ...
[INFO] Generating jar /tmp/plugin-builds/ansicolor/target/ansicolor.jar
[INFO] Building jar: /tmp/plugin-builds/ansicolor/target/ansicolor.jar
[INFO] Exploding webapp...
[INFO] Copy webapp webResources to /tmp/plugin-builds/ansicolor/target/ansicolor
[INFO] Assembling webapp ansicolor in /tmp/plugin-builds/ansicolor/target/ansicolor
[INFO] Generating hpi /tmp/plugin-builds/ansicolor/target/ansicolor.hpi
[INFO] Building jar: /tmp/plugin-builds/ansicolor/target/ansicolor.hpi
[INFO] 
[INFO] --- jar:3.4.2:test-jar (maybe-test-jar) @ ansicolor ---
[INFO] Skipping packaging of the test-jar
[INFO] 
[INFO] >>> spotbugs:4.9.3.0:check (spotbugs) > :spotbugs @ ansicolor >>>
[INFO] 
[INFO] --- spotbugs:4.9.3.0:spotbugs (spotbugs) @ ansicolor ---
[INFO] Skipping com.github.spotbugs:spotbugs-maven-plugin:4.9.3.0:spotbugs report goal
[INFO] 
[INFO] <<< spotbugs:4.9.3.0:check (spotbugs) < :spotbugs @ ansicolor <<<
[INFO] 
[INFO] 
[INFO] --- spotbugs:4.9.3.0:check (spotbugs) @ ansicolor ---
[INFO] Spotbugs plugin skipped
[INFO] 
[INFO] --- spotless:2.44.4:check (default) @ ansicolor ---
[INFO] Spotless check skipped
[INFO] 
[INFO] --- install:3.1.4:install (default-install) @ ansicolor ---
[INFO] Installing /tmp/plugin-builds/ansicolor/target/ansicolor-1.0.7-SNAPSHOT.pom to /home/poddingue/.m2/repository/org/jenkins-ci/plugins/ansicolor/1.0.7-SNAPSHOT/ansicolor-1.0.7-SNAPSHOT.pom
[INFO] Installing /tmp/plugin-builds/ansicolor/target/ansicolor.hpi to /home/poddingue/.m2/repository/org/jenkins-ci/plugins/ansicolor/1.0.7-SNAPSHOT/ansicolor-1.0.7-SNAPSHOT.hpi
[INFO] Installing /tmp/plugin-builds/ansicolor/target/ansicolor.jar to /home/poddingue/.m2/repository/org/jenkins-ci/plugins/ansicolor/1.0.7-SNAPSHOT/ansicolor-1.0.7-SNAPSHOT.jar
[INFO] ------------------------------------------------------------------------
[INFO] BUILD SUCCESS
[INFO] ------------------------------------------------------------------------
[INFO] Total time:  9.230 s
[INFO] Finished at: 2025-06-22T17:46:17+02:00
[INFO] ------------------------------------------------------------------------
