[INFO] Scanning for projects...
[INFO] Artifact org.jenkins-ci.tools:maven-hpi-plugin:pom:3.1787.vd08d76c755ef is present in the local repository, but cached from a remote repository ID that is unavailable in current build context, verifying that is downloadable from [incrementals (https://repo.jenkins-ci.org/incrementals/, default, releases), central (https://repo.maven.apache.org/maven2, default, releases)]
[INFO] Artifact org.jenkins-ci.tools:maven-hpi-plugin:pom:3.1787.vd08d76c755ef is present in the local repository, but cached from a remote repository ID that is unavailable in current build context, verifying that is downloadable from [incrementals (https://repo.jenkins-ci.org/incrementals/, default, releases), central (https://repo.maven.apache.org/maven2, default, releases)]
[WARNING] The POM for org.jenkins-ci.tools:maven-hpi-plugin:jar:3.1787.vd08d76c755ef is missing, no dependency information available
[INFO] Artifact org.jenkins-ci.tools:maven-hpi-plugin:jar:3.1787.vd08d76c755ef is present in the local repository, but cached from a remote repository ID that is unavailable in current build context, verifying that is downloadable from [incrementals (https://repo.jenkins-ci.org/incrementals/, default, releases), central (https://repo.maven.apache.org/maven2, default, releases)]
[INFO] Artifact org.jenkins-ci.tools:maven-hpi-plugin:jar:3.1787.vd08d76c755ef is present in the local repository, but cached from a remote repository ID that is unavailable in current build context, verifying that is downloadable from [incrementals (https://repo.jenkins-ci.org/incrementals/, default, releases), central (https://repo.maven.apache.org/maven2, default, releases)]
[WARNING] Failed to build parent project for org.jenkins-ci.plugins:ant:hpi:999999-SNAPSHOT
[INFO] 
[INFO] ---------------------< org.jenkins-ci.plugins:ant >---------------------
[INFO] Building Ant Plugin 999999-SNAPSHOT
[INFO]   from pom.xml
[INFO] --------------------------------[ hpi ]---------------------------------
[INFO] 
[INFO] --- clean:3.5.0:clean (default-clean) @ ant ---
[INFO] 
[INFO] --- hpi:3.1787.vd08d76c755ef:validate (default-validate) @ ant ---
[INFO] Created marker file /tmp/plugin-builds/ant/target/java-level/17
[INFO] 
[INFO] --- hpi:3.1787.vd08d76c755ef:validate-hpi (default-validate-hpi) @ ant ---
[INFO] 
[INFO] --- enforcer:3.6.2:enforce (display-info) @ ant ---
[INFO] Rule 0: io.jenkins.tools.incrementals.enforcer.RequireExtensionVersion passed
[INFO] Rule 1: org.apache.maven.enforcer.rules.version.RequireMavenVersion passed
[INFO] Rule 2: org.apache.maven.enforcer.rules.version.RequireJavaVersion passed
[INFO] Rule 3: org.apache.maven.enforcer.rules.RequirePluginVersions passed
[INFO] Rule 4: org.codehaus.mojo.extraenforcer.dependencies.EnforceBytecodeVersion passed
[INFO] Rule 5: org.apache.maven.enforcer.rules.dependency.BannedDependencies passed
[INFO] Rule 6: org.apache.maven.enforcer.rules.dependency.BannedDependencies passed
[INFO] Rule 7: org.apache.maven.enforcer.rules.dependency.RequireUpperBoundDeps passed
[INFO] 
[INFO] --- enforcer:3.6.2:enforce (no-snapshots-in-release) @ ant ---
[INFO] Rule 0: org.apache.maven.enforcer.rules.dependency.RequireReleaseDeps passed
[INFO] 
[INFO] --- localizer:1.31:generate (default) @ ant ---
[INFO] 
[INFO] --- enforcer:3.6.2:enforce (check-junit-imports) @ ant ---
[INFO] Rule 0: org.apache.maven.plugins.enforcer.RestrictImports passed
[INFO] 
[INFO] --- resources:3.4.0:resources (default-resources) @ ant ---
[INFO] Copying 105 resources from src/main/resources to target/classes
[INFO] 
[INFO] --- flatten:1.7.3:flatten (flatten) @ ant ---
[INFO] Generating flattened POM of project org.jenkins-ci.plugins:ant:hpi:999999-SNAPSHOT...
[INFO] 
[INFO] --- compiler:3.14.1:compile (default-compile) @ ant ---
[INFO] Recompiling the module because of changed source code.
[INFO] Compiling 6 source files with javac [debug parameters release 17] to target/classes
[INFO] hudson.tasks.Ant.DescriptorImpl indexed under hudson.Extension
[INFO] hudson.tasks.Ant.AntInstallation.DescriptorImpl indexed under hudson.Extension
[INFO] hudson.tasks.Ant.AntInstaller.DescriptorImpl indexed under hudson.Extension
[INFO] hudson.tasks.AntWrapper.DescriptorImpl indexed under hudson.Extension
[INFO] hudson.tasks._ant.AntOutcomeNote.DescriptorImpl indexed under hudson.Extension
[INFO] hudson.tasks._ant.AntTargetNote.DescriptorImpl indexed under hudson.Extension
[INFO] /tmp/plugin-builds/ant/src/main/java/hudson/tasks/Ant.java:[358,16] Generating hudson/tasks/Ant/AntInstallation.stapler
[INFO] /tmp/plugin-builds/ant/src/main/java/hudson/tasks/Ant.java:[505,16] Generating hudson/tasks/Ant/AntInstaller.stapler
[INFO] /tmp/plugin-builds/ant/src/main/java/hudson/tasks/Ant.java:[107,12] Generating hudson/tasks/Ant.stapler
[INFO] /tmp/plugin-builds/ant/src/main/java/hudson/tasks/AntWrapper.java:[59,12] Generating hudson/tasks/AntWrapper.stapler
[INFO] /tmp/plugin-builds/ant/src/main/java/hudson/tasks/Ant.java:[469,35] Generating hudson/tasks/Ant/AntInstallation/DescriptorImpl/doCheckHome.stapler
[INFO] /tmp/plugin-builds/ant/src/main/java/hudson/tasks/Ant.java:[487,35] Generating hudson/tasks/Ant/AntInstallation/DescriptorImpl/doCheckName.stapler
[WARNING] /tmp/plugin-builds/ant/src/main/java/hudson/tasks/Ant.java:[388,23] deprecated item is not annotated with @Deprecated
[INFO] 
[INFO] --- access-modifier-checker:1.35:enforce (default-enforce) @ ant ---
[INFO] 
[INFO] --- bridge-method-injector:1.32:process (default) @ ant ---
[INFO] 
[INFO] --- hpi:3.1787.vd08d76c755ef:insert-test (default-insert-test) @ ant ---
[INFO] 
[INFO] --- antrun:3.2.0:run (createTempDir) @ ant ---
[INFO] Executing tasks
[INFO]     [mkdir] Created dir: /tmp/plugin-builds/ant/target/tmp
[INFO] Executed tasks
[INFO] 
[INFO] --- resources:3.4.0:testResources (default-testResources) @ ant ---
[INFO] Not copying test resources
[INFO] 
[INFO] --- compiler:3.14.1:testCompile (default-testCompile) @ ant ---
[INFO] Not compiling test sources
[INFO] 
[INFO] --- hpi:3.1787.vd08d76c755ef:test-hpl (default-test-hpl) @ ant ---
[INFO] Generating /tmp/plugin-builds/ant/target/test-classes/the.hpl
[INFO] 
[INFO] --- hpi:3.1787.vd08d76c755ef:resolve-test-dependencies (default-resolve-test-dependencies) @ ant ---
[INFO] 
[INFO] --- hpi:3.1787.vd08d76c755ef:test-runtime (default-test-runtime) @ ant ---
[INFO] Tests are skipped.
[INFO] 
[INFO] --- surefire:3.5.4:test (default-test) @ ant ---
[INFO] Tests are skipped.
[INFO] 
[INFO] --- license:184.v19c87b_6b_a_9a_c:process (default) @ ant ---
[INFO] Generated /tmp/plugin-builds/ant/target/ant/WEB-INF/licenses.xml
[INFO] 
[INFO] --- hpi:3.1787.vd08d76c755ef:hpi (default-hpi) @ ant ---
[INFO] Generating /tmp/plugin-builds/ant/target/ant/META-INF/MANIFEST.MF
[INFO] Checking for attached .jar artifact ...
[INFO] Generating jar /tmp/plugin-builds/ant/target/ant.jar
[INFO] Building jar: /tmp/plugin-builds/ant/target/ant.jar
[INFO] Exploding webapp...
[INFO] Copy webapp webResources to /tmp/plugin-builds/ant/target/ant
[INFO] Assembling webapp ant in /tmp/plugin-builds/ant/target/ant
[INFO] Generating hpi /tmp/plugin-builds/ant/target/ant.hpi
[INFO] Building jar: /tmp/plugin-builds/ant/target/ant.hpi
[INFO] 
[INFO] --- jar:3.5.0:test-jar (maybe-test-jar) @ ant ---
[INFO] Skipping packaging of the test-jar
[INFO] 
[INFO] >>> spotbugs:4.9.8.2:check (spotbugs) > :spotbugs @ ant >>>
[INFO] 
[INFO] --- spotbugs:4.9.8.2:spotbugs (spotbugs) @ ant ---
[INFO] Fork Value is true
[INFO] Done SpotBugs Analysis....
[INFO] Skipping com.github.spotbugs:spotbugs-maven-plugin:4.9.8.2:spotbugs report goal
[INFO] 
[INFO] <<< spotbugs:4.9.8.2:check (spotbugs) < :spotbugs @ ant <<<
[INFO] 
[INFO] 
[INFO] --- spotbugs:4.9.8.2:check (spotbugs) @ ant ---
[INFO] BugInstance size is 0
[INFO] Error size is 0
[INFO] No errors/warnings found
[INFO] 
[INFO] --- spotless:3.1.0:check (default) @ ant ---
[INFO] Spotless check skipped
[INFO] 
[INFO] --- install:3.1.4:install (default-install) @ ant ---
[INFO] Installing /tmp/plugin-builds/ant/target/ant-999999-SNAPSHOT.pom to /home/runner/.m2/repository/org/jenkins-ci/plugins/ant/999999-SNAPSHOT/ant-999999-SNAPSHOT.pom
[INFO] Installing /tmp/plugin-builds/ant/target/ant.hpi to /home/runner/.m2/repository/org/jenkins-ci/plugins/ant/999999-SNAPSHOT/ant-999999-SNAPSHOT.hpi
[INFO] Installing /tmp/plugin-builds/ant/target/ant.jar to /home/runner/.m2/repository/org/jenkins-ci/plugins/ant/999999-SNAPSHOT/ant-999999-SNAPSHOT.jar
[INFO] ------------------------------------------------------------------------
[INFO] BUILD SUCCESS
[INFO] ------------------------------------------------------------------------
[INFO] Total time:  57.445 s
[INFO] Finished at: 2026-01-13T02:20:33Z
[INFO] ------------------------------------------------------------------------
