WARNING: A restricted method in java.lang.System has been called
WARNING: java.lang.System::load has been called by org.fusesource.jansi.internal.JansiLoader in an unnamed module (file:/home/poddingue/.sdkman/candidates/maven/current/lib/jansi-2.4.1.jar)
WARNING: Use --enable-native-access=ALL-UNNAMED to avoid a warning for callers in this module
WARNING: Restricted methods will be blocked in a future release unless native access is enabled

WARNING: A terminally deprecated method in sun.misc.Unsafe has been called
WARNING: sun.misc.Unsafe::objectFieldOffset has been called by com.google.common.util.concurrent.AbstractFuture$UnsafeAtomicHelper (file:/home/poddingue/.sdkman/candidates/maven/current/lib/guava-33.2.1-jre.jar)
WARNING: Please consider reporting this to the maintainers of class com.google.common.util.concurrent.AbstractFuture$UnsafeAtomicHelper
WARNING: sun.misc.Unsafe::objectFieldOffset will be removed in a future release
[INFO] Scanning for projects...
[INFO] 
[INFO] -----< org.jenkins-ci.plugins:apache-httpcomponents-client-4-api >------
[INFO] Building Jenkins Apache HttpComponents Client 4.x API Plugin 4.5.14-999999-SNAPSHOT
[INFO]   from pom.xml
[INFO] --------------------------------[ hpi ]---------------------------------
[INFO] 
[INFO] --- clean:3.4.1:clean (default-clean) @ apache-httpcomponents-client-4-api ---
[INFO] 
[INFO] --- hpi:3.65:validate (default-validate) @ apache-httpcomponents-client-4-api ---
[INFO] Created marker file /tmp/plugin-builds/apache-httpcomponents-client-4-api/target/java-level/17
[INFO] 
[INFO] --- hpi:3.65:validate-hpi (default-validate-hpi) @ apache-httpcomponents-client-4-api ---
[INFO] 
[INFO] --- enforcer:3.5.0:enforce (display-info) @ apache-httpcomponents-client-4-api ---
[INFO] Rule 0: io.jenkins.tools.incrementals.enforcer.RequireExtensionVersion passed
[INFO] Rule 1: org.apache.maven.enforcer.rules.version.RequireMavenVersion passed
[INFO] Rule 2: org.apache.maven.enforcer.rules.version.RequireJavaVersion passed
[INFO] Rule 3: org.codehaus.mojo.extraenforcer.dependencies.EnforceBytecodeVersion passed
[INFO] Rule 4: org.apache.maven.enforcer.rules.dependency.BannedDependencies passed
[INFO] Rule 5: org.apache.maven.enforcer.rules.dependency.BannedDependencies passed
[INFO] Rule 6: org.apache.maven.enforcer.rules.dependency.RequireUpperBoundDeps passed
[INFO] 
[INFO] --- enforcer:3.5.0:enforce (no-snapshots-in-release) @ apache-httpcomponents-client-4-api ---
[INFO] Rule 0: org.apache.maven.enforcer.rules.dependency.RequireReleaseDeps passed
[INFO] 
[INFO] --- localizer:1.31:generate (default) @ apache-httpcomponents-client-4-api ---
[INFO] 
[INFO] --- enforcer:3.5.0:enforce (ban-commons-httpclient-3x) @ apache-httpcomponents-client-4-api ---
[INFO] Rule 0: org.apache.maven.plugins.enforcer.RestrictImports passed
[INFO] 
[INFO] --- resources:3.3.1:resources (default-resources) @ apache-httpcomponents-client-4-api ---
[INFO] Copying 1 resource from src/main/resources to target/classes
[INFO] 
[INFO] --- flatten:1.7.0:flatten (flatten) @ apache-httpcomponents-client-4-api ---
[INFO] Generating flattened POM of project org.jenkins-ci.plugins:apache-httpcomponents-client-4-api:hpi:4.5.14-999999-SNAPSHOT...
[INFO] 
[INFO] --- compiler:3.14.0:compile (default-compile) @ apache-httpcomponents-client-4-api ---
[INFO] Recompiling the module because of changed source code.
[INFO] Compiling 2 source files with javac [debug parameters release 17] to target/classes
[INFO] 
[INFO] --- access-modifier-checker:1.35:enforce (default-enforce) @ apache-httpcomponents-client-4-api ---
[INFO] Skipping access modifier checks
[INFO] 
[INFO] --- bridge-method-injector:1.31:process (default) @ apache-httpcomponents-client-4-api ---
[INFO] 
[INFO] --- hpi:3.65:insert-test (default-insert-test) @ apache-httpcomponents-client-4-api ---
[INFO] 
[INFO] --- antrun:3.1.0:run (createTempDir) @ apache-httpcomponents-client-4-api ---
[INFO] Executing tasks
[INFO]     [mkdir] Created dir: /tmp/plugin-builds/apache-httpcomponents-client-4-api/target/tmp
[INFO] Executed tasks
[INFO] 
[INFO] --- resources:3.3.1:testResources (default-testResources) @ apache-httpcomponents-client-4-api ---
[INFO] Not copying test resources
[INFO] 
[INFO] --- compiler:3.14.0:testCompile (default-testCompile) @ apache-httpcomponents-client-4-api ---
[INFO] Not compiling test sources
[INFO] 
[INFO] --- hpi:3.65:test-hpl (default-test-hpl) @ apache-httpcomponents-client-4-api ---
[INFO] Generating /tmp/plugin-builds/apache-httpcomponents-client-4-api/target/test-classes/the.hpl
[INFO] 
[INFO] --- hpi:3.65:resolve-test-dependencies (default-resolve-test-dependencies) @ apache-httpcomponents-client-4-api ---
[INFO] 
[INFO] --- hpi:3.65:test-runtime (default-test-runtime) @ apache-httpcomponents-client-4-api ---
[INFO] Tests are skipped.
[INFO] 
[INFO] --- surefire:3.5.3:test (default-test) @ apache-httpcomponents-client-4-api ---
[INFO] Tests are skipped.
[INFO] 
[INFO] --- license:165.v7e11f4e4a_325:process (default) @ apache-httpcomponents-client-4-api ---
[INFO] 
[INFO] --- hpi:3.65:hpi (default-hpi) @ apache-httpcomponents-client-4-api ---
[INFO] Generating /tmp/plugin-builds/apache-httpcomponents-client-4-api/target/apache-httpcomponents-client-4-api/META-INF/MANIFEST.MF
[INFO] Checking for attached .jar artifact ...
[INFO] Generating jar /tmp/plugin-builds/apache-httpcomponents-client-4-api/target/apache-httpcomponents-client-4-api.jar
[INFO] Building jar: /tmp/plugin-builds/apache-httpcomponents-client-4-api/target/apache-httpcomponents-client-4-api.jar
[INFO] Exploding webapp...
[INFO] Copy webapp webResources to /tmp/plugin-builds/apache-httpcomponents-client-4-api/target/apache-httpcomponents-client-4-api
[INFO] Assembling webapp apache-httpcomponents-client-4-api in /tmp/plugin-builds/apache-httpcomponents-client-4-api/target/apache-httpcomponents-client-4-api
[INFO] Bundling direct dependency fluent-hc-4.5.14.jar
[INFO] Bundling direct dependency httpasyncclient-cache-4.1.5.jar
[INFO] Bundling direct dependency httpasyncclient-4.1.5.jar
[INFO] Bundling direct dependency httpclient-cache-4.5.14.jar
[INFO] Bundling direct dependency httpclient-4.5.14.jar
[INFO] Bundling direct dependency httpcore-nio-4.4.16.jar
[INFO] Bundling direct dependency httpcore-4.4.16.jar
[INFO] Bundling direct dependency httpmime-4.5.14.jar
[INFO] Generating hpi /tmp/plugin-builds/apache-httpcomponents-client-4-api/target/apache-httpcomponents-client-4-api.hpi
[INFO] Building jar: /tmp/plugin-builds/apache-httpcomponents-client-4-api/target/apache-httpcomponents-client-4-api.hpi
[INFO] 
[INFO] --- jar:3.4.2:test-jar (maybe-test-jar) @ apache-httpcomponents-client-4-api ---
[INFO] Skipping packaging of the test-jar
[INFO] 
[INFO] >>> spotbugs:4.9.3.0:check (spotbugs) > :spotbugs @ apache-httpcomponents-client-4-api >>>
[INFO] 
[INFO] --- spotbugs:4.9.3.0:spotbugs (spotbugs) @ apache-httpcomponents-client-4-api ---
[INFO] Skipping com.github.spotbugs:spotbugs-maven-plugin:4.9.3.0:spotbugs report goal
[INFO] 
[INFO] <<< spotbugs:4.9.3.0:check (spotbugs) < :spotbugs @ apache-httpcomponents-client-4-api <<<
[INFO] 
[INFO] 
[INFO] --- spotbugs:4.9.3.0:check (spotbugs) @ apache-httpcomponents-client-4-api ---
[INFO] Spotbugs plugin skipped
[INFO] 
[INFO] --- spotless:2.44.4:check (default) @ apache-httpcomponents-client-4-api ---
[INFO] Spotless check skipped
[INFO] 
[INFO] --- install:3.1.4:install (default-install) @ apache-httpcomponents-client-4-api ---
[INFO] Installing /tmp/plugin-builds/apache-httpcomponents-client-4-api/target/apache-httpcomponents-client-4-api-4.5.14-999999-SNAPSHOT.pom to /home/poddingue/.m2/repository/org/jenkins-ci/plugins/apache-httpcomponents-client-4-api/4.5.14-999999-SNAPSHOT/apache-httpcomponents-client-4-api-4.5.14-999999-SNAPSHOT.pom
[INFO] Installing /tmp/plugin-builds/apache-httpcomponents-client-4-api/target/apache-httpcomponents-client-4-api.hpi to /home/poddingue/.m2/repository/org/jenkins-ci/plugins/apache-httpcomponents-client-4-api/4.5.14-999999-SNAPSHOT/apache-httpcomponents-client-4-api-4.5.14-999999-SNAPSHOT.hpi
[INFO] Installing /tmp/plugin-builds/apache-httpcomponents-client-4-api/target/apache-httpcomponents-client-4-api.jar to /home/poddingue/.m2/repository/org/jenkins-ci/plugins/apache-httpcomponents-client-4-api/4.5.14-999999-SNAPSHOT/apache-httpcomponents-client-4-api-4.5.14-999999-SNAPSHOT.jar
[INFO] ------------------------------------------------------------------------
[INFO] BUILD SUCCESS
[INFO] ------------------------------------------------------------------------
[INFO] Total time:  6.191 s
[INFO] Finished at: 2025-06-22T16:57:40+02:00
[INFO] ------------------------------------------------------------------------
