WARNING: A terminally deprecated method in sun.misc.Unsafe has been called
WARNING: sun.misc.Unsafe::staticFieldBase has been called by com.google.inject.internal.aop.HiddenClassDefiner (file:/usr/share/apache-maven-3.9.11/lib/guice-5.1.0-classes.jar)
WARNING: Please consider reporting this to the maintainers of class com.google.inject.internal.aop.HiddenClassDefiner
WARNING: sun.misc.Unsafe::staticFieldBase will be removed in a future release
[INFO] Scanning for projects...
[INFO] Artifact org.jenkins-ci.plugins:plugin:pom:3.57 is present in the local repository, but cached from a remote repository ID that is unavailable in current build context, verifying that is downloadable from [central (https://repo.maven.apache.org/maven2, default, releases+snapshots), jenkins (https://repo.jenkins-ci.org/releases, default, releases+snapshots), jenkins-public (https://repo.jenkins-ci.org/public, default, releases+snapshots), releases (https://releases.jfrog.io/artifactory/oss-releases, default, releases+snapshots), snapshots (https://releases.jfrog.io/artifactory/oss-snapshots, default, releases+snapshots)]
[INFO] Artifact org.jenkins-ci.plugins:plugin:pom:3.57 is present in the local repository, but cached from a remote repository ID that is unavailable in current build context, verifying that is downloadable from [central (https://repo.maven.apache.org/maven2, default, releases+snapshots), jenkins (https://repo.jenkins-ci.org/releases, default, releases+snapshots), jenkins-public (https://repo.jenkins-ci.org/public, default, releases+snapshots), releases (https://releases.jfrog.io/artifactory/oss-releases, default, releases+snapshots), snapshots (https://releases.jfrog.io/artifactory/oss-snapshots, default, releases+snapshots)]
[WARNING] The POM for org.jenkins-ci.tools:maven-hpi-plugin:jar:3.12 is missing, no dependency information available
[ERROR] [ERROR] Some problems were encountered while processing the POMs:
[ERROR] Unresolveable build extension: Plugin org.jenkins-ci.tools:maven-hpi-plugin:3.12 or one of its dependencies could not be resolved:
	Could not find artifact org.jenkins-ci.tools:maven-hpi-plugin:jar:3.12 in central (https://repo.maven.apache.org/maven2)
 @ 
[ERROR] Unknown packaging: hpi @ line 29, column 16
 @ 
[ERROR] The build could not read 1 project -> [Help 1]
[ERROR]   
[ERROR]   The project org.jenkins-ci.plugins:artifactory:4.0.x-SNAPSHOT (/tmp/plugin-builds/artifactory/pom.xml) has 2 errors
[ERROR]     Unresolveable build extension: Plugin org.jenkins-ci.tools:maven-hpi-plugin:3.12 or one of its dependencies could not be resolved:
[ERROR]     	Could not find artifact org.jenkins-ci.tools:maven-hpi-plugin:jar:3.12 in central (https://repo.maven.apache.org/maven2)
[ERROR]     -> [Help 2]
[ERROR]     Unknown packaging: hpi @ line 29, column 16
[ERROR] 
[ERROR] To see the full stack trace of the errors, re-run Maven with the -e switch.
[ERROR] Re-run Maven using the -X switch to enable full debug logging.
[ERROR] 
[ERROR] For more information about the errors and possible solutions, please read the following articles:
[ERROR] [Help 1] http://cwiki.apache.org/confluence/display/MAVEN/ProjectBuildingException
[ERROR] [Help 2] http://cwiki.apache.org/confluence/display/MAVEN/PluginManagerException
