WARNING: A terminally deprecated method in sun.misc.Unsafe has been called
WARNING: sun.misc.Unsafe::staticFieldBase has been called by com.google.inject.internal.aop.HiddenClassDefiner (file:/home/poddingue/.sdkman/candidates/maven/current/lib/guice-5.1.0-classes.jar)
WARNING: Please consider reporting this to the maintainers of class com.google.inject.internal.aop.HiddenClassDefiner
WARNING: sun.misc.Unsafe::staticFieldBase will be removed in a future release
[INFO] Scanning for projects...
[INFO] 
[INFO] Using the MultiThreadedBuilder implementation with a thread count of 4
[INFO] 
[INFO] --------------< org.jenkins-ci.plugins:authorize-project >--------------
[INFO] Building Authorize Project 2.0.1-SNAPSHOT
[INFO]   from pom.xml
[INFO] --------------------------------[ hpi ]---------------------------------
[INFO] 
[INFO] --- clean:3.4.1:clean (default-clean) @ authorize-project ---
[INFO] 
[INFO] --- hpi:3.65:validate (default-validate) @ authorize-project ---
[INFO] Created marker file /tmp/plugin-builds/authorize-project/target/java-level/17
[INFO] 
[INFO] --- hpi:3.65:validate-hpi (default-validate-hpi) @ authorize-project ---
[INFO] 
[INFO] --- enforcer:3.5.0:enforce (display-info) @ authorize-project ---
[INFO] Rule 0: io.jenkins.tools.incrementals.enforcer.RequireExtensionVersion passed
[INFO] Rule 1: org.apache.maven.enforcer.rules.version.RequireMavenVersion passed
[INFO] Rule 2: org.apache.maven.enforcer.rules.version.RequireJavaVersion passed
[INFO] Rule 3: org.codehaus.mojo.extraenforcer.dependencies.EnforceBytecodeVersion passed
[INFO] Rule 4: org.apache.maven.enforcer.rules.dependency.BannedDependencies passed
[INFO] Rule 5: org.apache.maven.enforcer.rules.dependency.BannedDependencies passed
[INFO] Rule 6: org.apache.maven.enforcer.rules.dependency.RequireUpperBoundDeps passed
[INFO] 
[INFO] --- enforcer:3.5.0:enforce (no-snapshots-in-release) @ authorize-project ---
[INFO] Rule 0: org.apache.maven.enforcer.rules.dependency.RequireReleaseDeps passed
[INFO] 
[INFO] --- localizer:1.31:generate (default) @ authorize-project ---
[INFO] 
[INFO] --- resources:3.3.1:resources (default-resources) @ authorize-project ---
[INFO] Copying 51 resources from src/main/resources to target/classes
[INFO] 
[INFO] --- flatten:1.7.0:flatten (flatten) @ authorize-project ---
[INFO] Generating flattened POM of project org.jenkins-ci.plugins:authorize-project:hpi:2.0.1-SNAPSHOT...
[INFO] 
[INFO] --- compiler:3.14.0:compile (default-compile) @ authorize-project ---
[INFO] Recompiling the module because of changed source code.
[INFO] Compiling 14 source files with javac [debug parameters release 17] to target/classes
[INFO] org.jenkinsci.plugins.authorizeproject.AuthorizeProjectProperty.DescriptorImpl indexed under hudson.Extension
[INFO] org.jenkinsci.plugins.authorizeproject.AuthorizeProjectProperty.TransientActionFactoryImpl indexed under hudson.Extension
[INFO] org.jenkinsci.plugins.authorizeproject.ConfigurationPermissionEnforcer.DescriptorImpl indexed under hudson.Extension
[INFO] org.jenkinsci.plugins.authorizeproject.GlobalQueueItemAuthenticator.DescriptorImpl indexed under hudson.Extension
[INFO] org.jenkinsci.plugins.authorizeproject.ProjectQueueItemAuthenticator.DescriptorImpl indexed under hudson.Extension
[INFO] org.jenkinsci.plugins.authorizeproject.ProjectQueueItemAuthenticator.DescriptorVisibilityFilterImpl indexed under hudson.Extension
[INFO] org.jenkinsci.plugins.authorizeproject.strategy.AnonymousAuthorizationStrategy.DescriptorImpl indexed under hudson.Extension
[INFO] org.jenkinsci.plugins.authorizeproject.strategy.SpecificUsersAuthorizationStrategy.DescriptorImpl indexed under hudson.Extension
[INFO] org.jenkinsci.plugins.authorizeproject.strategy.SystemAuthorizationStrategy.DescriptorImpl indexed under hudson.Extension
[INFO] org.jenkinsci.plugins.authorizeproject.strategy.TriggeringUsersAuthorizationStrategy.DescriptorImpl indexed under hudson.Extension
[INFO] /tmp/plugin-builds/authorize-project/src/main/java/org/jenkinsci/plugins/authorizeproject/AuthorizeProjectProperty.java:[87,12] Generating org/jenkinsci/plugins/authorizeproject/AuthorizeProjectProperty.stapler
[INFO] /tmp/plugin-builds/authorize-project/src/main/java/org/jenkinsci/plugins/authorizeproject/ConfigurationPermissionEnforcer.java:[29,12] Generating org/jenkinsci/plugins/authorizeproject/ConfigurationPermissionEnforcer.stapler
[INFO] /tmp/plugin-builds/authorize-project/src/main/java/org/jenkinsci/plugins/authorizeproject/GlobalQueueItemAuthenticator.java:[25,12] Generating org/jenkinsci/plugins/authorizeproject/GlobalQueueItemAuthenticator.stapler
[INFO] /tmp/plugin-builds/authorize-project/src/main/java/org/jenkinsci/plugins/authorizeproject/ProjectQueueItemAuthenticator.java:[80,12] Generating org/jenkinsci/plugins/authorizeproject/ProjectQueueItemAuthenticator.stapler
[INFO] /tmp/plugin-builds/authorize-project/src/main/java/org/jenkinsci/plugins/authorizeproject/strategy/AnonymousAuthorizationStrategy.java:[44,12] Generating org/jenkinsci/plugins/authorizeproject/strategy/AnonymousAuthorizationStrategy.stapler
[INFO] /tmp/plugin-builds/authorize-project/src/main/java/org/jenkinsci/plugins/authorizeproject/strategy/SpecificUsersAuthorizationStrategy.java:[126,12] Generating org/jenkinsci/plugins/authorizeproject/strategy/SpecificUsersAuthorizationStrategy.stapler
[INFO] /tmp/plugin-builds/authorize-project/src/main/java/org/jenkinsci/plugins/authorizeproject/strategy/SystemAuthorizationStrategy.java:[55,12] Generating org/jenkinsci/plugins/authorizeproject/strategy/SystemAuthorizationStrategy.stapler
[INFO] /tmp/plugin-builds/authorize-project/src/main/java/org/jenkinsci/plugins/authorizeproject/strategy/TriggeringUsersAuthorizationStrategy.java:[59,12] Generating org/jenkinsci/plugins/authorizeproject/strategy/TriggeringUsersAuthorizationStrategy.stapler
[INFO] /tmp/plugin-builds/authorize-project/src/main/java/org/jenkinsci/plugins/authorizeproject/strategy/SpecificUsersAuthorizationStrategy.java:[326,31] Generating org/jenkinsci/plugins/authorizeproject/strategy/SpecificUsersAuthorizationStrategy/DescriptorImpl/doCheckPassword.stapler
[INFO] /tmp/plugin-builds/authorize-project/src/main/java/org/jenkinsci/plugins/authorizeproject/strategy/SpecificUsersAuthorizationStrategy.java:[355,31] Generating org/jenkinsci/plugins/authorizeproject/strategy/SpecificUsersAuthorizationStrategy/DescriptorImpl/doCheckDontRestrictJobConfiguration.stapler
[INFO] /tmp/plugin-builds/authorize-project/src/main/java/org/jenkinsci/plugins/authorizeproject/strategy/SystemAuthorizationStrategy.java:[201,31] Generating org/jenkinsci/plugins/authorizeproject/strategy/SystemAuthorizationStrategy/DescriptorImpl/doCheckPermitReconfiguration.stapler
[INFO] /tmp/plugin-builds/authorize-project/src/main/java/org/jenkinsci/plugins/authorizeproject/strategy/SpecificUsersAuthorizationStrategy.java:[293,23] Generating org/jenkinsci/plugins/authorizeproject/strategy/SpecificUsersAuthorizationStrategy/DescriptorImpl/doCheckPasswordRequested.stapler
[INFO] /tmp/plugin-builds/authorize-project/src/main/java/org/jenkinsci/plugins/authorizeproject/strategy/SpecificUsersAuthorizationStrategy.java:[304,31] Generating org/jenkinsci/plugins/authorizeproject/strategy/SpecificUsersAuthorizationStrategy/DescriptorImpl/doCheckUserid.stapler
[INFO] /tmp/plugin-builds/authorize-project/src/main/java/org/jenkinsci/plugins/authorizeproject/strategy/SystemAuthorizationStrategy.java: /tmp/plugin-builds/authorize-project/src/main/java/org/jenkinsci/plugins/authorizeproject/strategy/SystemAuthorizationStrategy.java uses or overrides a deprecated API.
[INFO] /tmp/plugin-builds/authorize-project/src/main/java/org/jenkinsci/plugins/authorizeproject/strategy/SystemAuthorizationStrategy.java: Recompile with -Xlint:deprecation for details.
[INFO] 
[INFO] --- access-modifier-checker:1.35:enforce (default-enforce) @ authorize-project ---
[INFO] 
[INFO] --- bridge-method-injector:1.31:process (default) @ authorize-project ---
[INFO] 
[INFO] --- hpi:3.65:insert-test (default-insert-test) @ authorize-project ---
[INFO] 
[INFO] --- antrun:3.1.0:run (createTempDir) @ authorize-project ---
[INFO] Executing tasks
[INFO]     [mkdir] Created dir: /tmp/plugin-builds/authorize-project/target/tmp
[INFO] Executed tasks
[INFO] 
[INFO] --- resources:3.3.1:testResources (default-testResources) @ authorize-project ---
[INFO] Not copying test resources
[INFO] 
[INFO] --- compiler:3.14.0:testCompile (default-testCompile) @ authorize-project ---
[INFO] Not compiling test sources
[INFO] 
[INFO] --- hpi:3.65:test-hpl (default-test-hpl) @ authorize-project ---
[INFO] Generating /tmp/plugin-builds/authorize-project/target/test-classes/the.hpl
[INFO] 
[INFO] --- hpi:3.65:resolve-test-dependencies (default-resolve-test-dependencies) @ authorize-project ---
[INFO] 
[INFO] --- hpi:3.65:test-runtime (default-test-runtime) @ authorize-project ---
[INFO] Tests are skipped.
[INFO] 
[INFO] --- surefire:3.5.3:test (default-test) @ authorize-project ---
[INFO] Tests are skipped.
[INFO] 
[INFO] --- license:165.v7e11f4e4a_325:process (default) @ authorize-project ---
[INFO] ------------------------------------------------------------------------
[INFO] BUILD FAILURE
[INFO] ------------------------------------------------------------------------
[INFO] Total time:  19.328 s (Wall Clock)
[INFO] Finished at: 2025-08-22T18:32:41+02:00
[INFO] ------------------------------------------------------------------------
[ERROR] BUG! exception in phase 'semantic analysis' in source unit 'inlineScript' Unsupported class file major version 69 -> [Help 1]
[ERROR] BUG! exception in phase 'semantic analysis' in source unit 'inlineScript' Unsupported class file major version 69
[ERROR] 
[ERROR] To see the full stack trace of the errors, re-run Maven with the -e switch.
[ERROR] Re-run Maven using the -X switch to enable full debug logging.
[ERROR] 
[ERROR] For more information about the errors and possible solutions, please read the following articles:
[ERROR] [Help 1] http://cwiki.apache.org/confluence/display/MAVEN/GroovyBugError
