WARNING: A restricted method in java.lang.System has been called
WARNING: java.lang.System::load has been called by org.fusesource.jansi.internal.JansiLoader in an unnamed module (file:/home/poddingue/.sdkman/candidates/maven/current/lib/jansi-2.4.1.jar)
WARNING: Use --enable-native-access=ALL-UNNAMED to avoid a warning for callers in this module
WARNING: Restricted methods will be blocked in a future release unless native access is enabled

WARNING: A terminally deprecated method in sun.misc.Unsafe has been called
WARNING: sun.misc.Unsafe::objectFieldOffset has been called by com.google.common.util.concurrent.AbstractFuture$UnsafeAtomicHelper (file:/home/poddingue/.sdkman/candidates/maven/current/lib/guava-33.2.1-jre.jar)
WARNING: Please consider reporting this to the maintainers of class com.google.common.util.concurrent.AbstractFuture$UnsafeAtomicHelper
WARNING: sun.misc.Unsafe::objectFieldOffset will be removed in a future release
[INFO] Scanning for projects...
[INFO] 
[INFO] ------------< org.jenkins-ci.plugins:authentication-tokens >------------
[INFO] Building Authentication Tokens API Plugin 1.999999-SNAPSHOT
[INFO]   from pom.xml
[INFO] --------------------------------[ hpi ]---------------------------------
[INFO] 
[INFO] --- clean:3.4.1:clean (default-clean) @ authentication-tokens ---
[INFO] 
[INFO] --- hpi:3.64:validate (default-validate) @ authentication-tokens ---
[INFO] Created marker file /tmp/plugin-builds/authentication-tokens/target/java-level/17
[INFO] 
[INFO] --- hpi:3.64:validate-hpi (default-validate-hpi) @ authentication-tokens ---
[INFO] 
[INFO] --- enforcer:3.5.0:enforce (display-info) @ authentication-tokens ---
[INFO] Rule 0: io.jenkins.tools.incrementals.enforcer.RequireExtensionVersion passed
[INFO] Rule 1: org.apache.maven.enforcer.rules.version.RequireMavenVersion passed
[INFO] Rule 2: org.apache.maven.enforcer.rules.version.RequireJavaVersion passed
[INFO] Rule 3: org.codehaus.mojo.extraenforcer.dependencies.EnforceBytecodeVersion passed
[INFO] Rule 4: org.apache.maven.enforcer.rules.dependency.BannedDependencies passed
[INFO] Rule 5: org.apache.maven.enforcer.rules.dependency.BannedDependencies passed
[INFO] Rule 6: org.apache.maven.enforcer.rules.dependency.RequireUpperBoundDeps passed
[INFO] 
[INFO] --- enforcer:3.5.0:enforce (no-snapshots-in-release) @ authentication-tokens ---
[INFO] Rule 0: org.apache.maven.enforcer.rules.dependency.RequireReleaseDeps passed
[INFO] 
[INFO] --- localizer:1.31:generate (default) @ authentication-tokens ---
[INFO] 
[INFO] --- resources:3.3.1:resources (default-resources) @ authentication-tokens ---
[INFO] Copying 1 resource from src/main/resources to target/classes
[INFO] 
[INFO] --- flatten:1.7.0:flatten (flatten) @ authentication-tokens ---
[INFO] Generating flattened POM of project org.jenkins-ci.plugins:authentication-tokens:hpi:1.999999-SNAPSHOT...
[INFO] 
[INFO] --- compiler:3.14.0:compile (default-compile) @ authentication-tokens ---
[INFO] Recompiling the module because of changed source code.
[INFO] Compiling 4 source files with javac [debug parameters release 17] to target/classes
[INFO] /tmp/plugin-builds/authentication-tokens/src/main/java/jenkins/authentication/tokens/api/AuthenticationTokenSource.java: /tmp/plugin-builds/authentication-tokens/src/main/java/jenkins/authentication/tokens/api/AuthenticationTokenSource.java uses or overrides a deprecated API.
[INFO] /tmp/plugin-builds/authentication-tokens/src/main/java/jenkins/authentication/tokens/api/AuthenticationTokenSource.java: Recompile with -Xlint:deprecation for details.
[INFO] 
[INFO] --- access-modifier-checker:1.35:enforce (default-enforce) @ authentication-tokens ---
[INFO] Skipping access modifier checks
[INFO] 
[INFO] --- bridge-method-injector:1.31:process (default) @ authentication-tokens ---
[INFO] 
[INFO] --- hpi:3.64:insert-test (default-insert-test) @ authentication-tokens ---
[INFO] 
[INFO] --- antrun:3.1.0:run (createTempDir) @ authentication-tokens ---
[INFO] Executing tasks
[INFO]     [mkdir] Created dir: /tmp/plugin-builds/authentication-tokens/target/tmp
[INFO] Executed tasks
[INFO] 
[INFO] --- resources:3.3.1:testResources (default-testResources) @ authentication-tokens ---
[INFO] Not copying test resources
[INFO] 
[INFO] --- compiler:3.14.0:testCompile (default-testCompile) @ authentication-tokens ---
[INFO] Not compiling test sources
[INFO] 
[INFO] --- hpi:3.64:test-hpl (default-test-hpl) @ authentication-tokens ---
[INFO] Generating /tmp/plugin-builds/authentication-tokens/target/test-classes/the.hpl
[INFO] 
[INFO] --- hpi:3.64:resolve-test-dependencies (default-resolve-test-dependencies) @ authentication-tokens ---
[INFO] 
[INFO] --- hpi:3.64:test-runtime (default-test-runtime) @ authentication-tokens ---
[INFO] Tests are skipped.
[INFO] 
[INFO] --- surefire:3.5.3:test (default-test) @ authentication-tokens ---
[INFO] Tests are skipped.
[INFO] 
[INFO] --- license:165.v7e11f4e4a_325:process (default) @ authentication-tokens ---
[INFO] 
[INFO] --- hpi:3.64:hpi (default-hpi) @ authentication-tokens ---
[INFO] Generating /tmp/plugin-builds/authentication-tokens/target/authentication-tokens/META-INF/MANIFEST.MF
[INFO] Checking for attached .jar artifact ...
[INFO] Generating jar /tmp/plugin-builds/authentication-tokens/target/authentication-tokens.jar
[INFO] Building jar: /tmp/plugin-builds/authentication-tokens/target/authentication-tokens.jar
[INFO] Exploding webapp...
[INFO] Copy webapp webResources to /tmp/plugin-builds/authentication-tokens/target/authentication-tokens
[INFO] Assembling webapp authentication-tokens in /tmp/plugin-builds/authentication-tokens/target/authentication-tokens
[INFO] Generating hpi /tmp/plugin-builds/authentication-tokens/target/authentication-tokens.hpi
[INFO] Building jar: /tmp/plugin-builds/authentication-tokens/target/authentication-tokens.hpi
[INFO] 
[INFO] --- jar:3.4.2:test-jar (maybe-test-jar) @ authentication-tokens ---
[INFO] Skipping packaging of the test-jar
[INFO] 
[INFO] >>> spotbugs:4.9.3.0:check (spotbugs) > :spotbugs @ authentication-tokens >>>
[INFO] 
[INFO] --- spotbugs:4.9.3.0:spotbugs (spotbugs) @ authentication-tokens ---
[INFO] Skipping com.github.spotbugs:spotbugs-maven-plugin:4.9.3.0:spotbugs report goal
[INFO] 
[INFO] <<< spotbugs:4.9.3.0:check (spotbugs) < :spotbugs @ authentication-tokens <<<
[INFO] 
[INFO] 
[INFO] --- spotbugs:4.9.3.0:check (spotbugs) @ authentication-tokens ---
[INFO] Spotbugs plugin skipped
[INFO] 
[INFO] --- spotless:2.44.4:check (default) @ authentication-tokens ---
[INFO] Spotless check skipped
[INFO] 
[INFO] --- install:3.1.4:install (default-install) @ authentication-tokens ---
[INFO] Installing /tmp/plugin-builds/authentication-tokens/target/authentication-tokens-1.999999-SNAPSHOT.pom to /home/poddingue/.m2/repository/org/jenkins-ci/plugins/authentication-tokens/1.999999-SNAPSHOT/authentication-tokens-1.999999-SNAPSHOT.pom
[INFO] Installing /tmp/plugin-builds/authentication-tokens/target/authentication-tokens.hpi to /home/poddingue/.m2/repository/org/jenkins-ci/plugins/authentication-tokens/1.999999-SNAPSHOT/authentication-tokens-1.999999-SNAPSHOT.hpi
[INFO] Installing /tmp/plugin-builds/authentication-tokens/target/authentication-tokens.jar to /home/poddingue/.m2/repository/org/jenkins-ci/plugins/authentication-tokens/1.999999-SNAPSHOT/authentication-tokens-1.999999-SNAPSHOT.jar
[INFO] ------------------------------------------------------------------------
[INFO] BUILD SUCCESS
[INFO] ------------------------------------------------------------------------
[INFO] Total time:  5.925 s
[INFO] Finished at: 2025-06-22T20:50:54+02:00
[INFO] ------------------------------------------------------------------------
