WARNING: A terminally deprecated method in sun.misc.Unsafe has been called
WARNING: sun.misc.Unsafe::staticFieldBase has been called by com.google.inject.internal.aop.HiddenClassDefiner (file:/home/poddingue/.sdkman/candidates/maven/current/lib/guice-5.1.0-classes.jar)
WARNING: Please consider reporting this to the maintainers of class com.google.inject.internal.aop.HiddenClassDefiner
WARNING: sun.misc.Unsafe::staticFieldBase will be removed in a future release
[INFO] Scanning for projects...
[WARNING] The requested profile "consume-incrementals" could not be activated because it does not exist.
[WARNING] The requested profile "might-produce-incrementals" could not be activated because it does not exist.
[INFO] ------------------------------------------------------------------------
[INFO] BUILD FAILURE
[INFO] ------------------------------------------------------------------------
[INFO] Total time:  0.046 s (Wall Clock)
[INFO] Finished at: 2025-08-22T18:39:26+02:00
[INFO] ------------------------------------------------------------------------
[WARNING] The requested profile "consume-incrementals" could not be activated because it does not exist.
[WARNING] The requested profile "might-produce-incrementals" could not be activated because it does not exist.
[ERROR] The goal you specified requires a project to execute but there is no POM in this directory (/tmp/plugin-builds/aws-java-sdk-codedeploy). Please verify you invoked Maven from the correct directory. -> [Help 1]
[ERROR] 
[ERROR] To see the full stack trace of the errors, re-run Maven with the -e switch.
[ERROR] Re-run Maven using the -X switch to enable full debug logging.
[ERROR] 
[ERROR] For more information about the errors and possible solutions, please read the following articles:
[ERROR] [Help 1] http://cwiki.apache.org/confluence/display/MAVEN/MissingProjectException
