WARNING: A restricted method in java.lang.System has been called
WARNING: java.lang.System::load has been called by org.fusesource.jansi.internal.JansiLoader in an unnamed module (file:/home/poddingue/.sdkman/candidates/maven/current/lib/jansi-2.4.1.jar)
WARNING: Use --enable-native-access=ALL-UNNAMED to avoid a warning for callers in this module
WARNING: Restricted methods will be blocked in a future release unless native access is enabled

WARNING: A terminally deprecated method in sun.misc.Unsafe has been called
WARNING: sun.misc.Unsafe::objectFieldOffset has been called by com.google.common.util.concurrent.AbstractFuture$UnsafeAtomicHelper (file:/home/poddingue/.sdkman/candidates/maven/current/lib/guava-33.2.1-jre.jar)
WARNING: Please consider reporting this to the maintainers of class com.google.common.util.concurrent.AbstractFuture$UnsafeAtomicHelper
WARNING: sun.misc.Unsafe::objectFieldOffset will be removed in a future release
[INFO] Scanning for projects...
[INFO] ------------------------------------------------------------------------
[INFO] Reactor Build Order:
[INFO] 
[INFO] Amazon Web Services SDK :: Parent                                  [pom]
[INFO] Amazon Web Services SDK :: Minimal                                 [hpi]
[INFO] Amazon Web Services SDK :: Api Gateway                             [hpi]
[INFO] Amazon Web Services SDK :: Autoscaling                             [hpi]
[INFO] Amazon Web Services SDK :: CloudFormation                          [hpi]
[INFO] Amazon Web Services SDK :: CloudFront                              [hpi]
[INFO] Amazon Web Services SDK :: CloudWatch                              [hpi]
[INFO] Amazon Web Services SDK :: CodeBuild                               [hpi]
[INFO] Amazon Web Services SDK :: CodeDeploy                              [hpi]
[INFO] Amazon Web Services SDK :: EC2                                     [hpi]
[INFO] Amazon Web Services SDK :: ECR                                     [hpi]
[INFO] Amazon Web Services SDK :: ECS                                     [hpi]
[INFO] Amazon Web Services SDK :: EFS                                     [hpi]
[INFO] Amazon Web Services SDK :: Elastic Beanstalk                       [hpi]
[INFO] Amazon Web Services SDK :: Elastic Load Balancing V2               [hpi]
[INFO] Amazon Web Services SDK :: IAM                                     [hpi]
[INFO] Amazon Web Services SDK :: kinesis                                 [hpi]
[INFO] Amazon Web Services SDK :: Lambda                                  [hpi]
[INFO] Amazon Web Services SDK :: Logs                                    [hpi]
[INFO] Amazon Web Services SDK :: Organizations                           [hpi]
[INFO] Amazon Web Services SDK :: Secrets Manager                         [hpi]
[INFO] Amazon Web Services SDK :: SQS                                     [hpi]
[INFO] Amazon Web Services SDK :: SNS                                     [hpi]
[INFO] Amazon Web Services SDK :: SSM                                     [hpi]
[INFO] Amazon Web Services SDK :: All                                     [hpi]
[INFO] 
[INFO] ------< org.jenkins-ci.plugins.aws-java-sdk:aws-java-sdk-parent >-------
[INFO] Building Amazon Web Services SDK :: Parent 1.12.780-999999-SNAPSHOT [1/25]
[INFO]   from pom.xml
[INFO] --------------------------------[ pom ]---------------------------------
[INFO] 
[INFO] --- clean:3.4.1:clean (default-clean) @ aws-java-sdk-parent ---
[INFO] 
[INFO] --- enforcer:3.5.0:enforce (display-info) @ aws-java-sdk-parent ---
[INFO] Rule 0: io.jenkins.tools.incrementals.enforcer.RequireExtensionVersion passed
[INFO] Rule 1: org.apache.maven.enforcer.rules.version.RequireMavenVersion passed
[INFO] Rule 2: org.apache.maven.enforcer.rules.version.RequireJavaVersion passed
[INFO] Rule 3: org.codehaus.mojo.extraenforcer.dependencies.EnforceBytecodeVersion passed
[INFO] Rule 4: org.apache.maven.enforcer.rules.dependency.BannedDependencies passed
[INFO] Rule 5: org.apache.maven.enforcer.rules.dependency.BannedDependencies passed
[INFO] Rule 6: org.apache.maven.enforcer.rules.dependency.RequireUpperBoundDeps passed
[INFO] 
[INFO] --- enforcer:3.5.0:enforce (no-snapshots-in-release) @ aws-java-sdk-parent ---
[INFO] Rule 0: org.apache.maven.enforcer.rules.dependency.RequireReleaseDeps passed
[INFO] 
[INFO] --- localizer:1.31:generate (default) @ aws-java-sdk-parent ---
[INFO] 
[INFO] --- flatten:1.7.0:flatten (flatten) @ aws-java-sdk-parent ---
[INFO] Generating flattened POM of project org.jenkins-ci.plugins.aws-java-sdk:aws-java-sdk-parent:pom:1.12.780-999999-SNAPSHOT...
[INFO] 
[INFO] --- antrun:3.1.0:run (createTempDir) @ aws-java-sdk-parent ---
[INFO] Executing tasks
[INFO]     [mkdir] Created dir: /tmp/plugin-builds/aws-java-sdk-ec2/target/tmp
[INFO] Executed tasks
[INFO] 
[INFO] --- license:165.v7e11f4e4a_325:process (default) @ aws-java-sdk-parent ---
[INFO] 
[INFO] --- jar:3.4.2:test-jar (maybe-test-jar) @ aws-java-sdk-parent ---
[INFO] Skipping packaging of the test-jar
[INFO] 
[INFO] >>> spotbugs:4.9.2.0:check (spotbugs) > :spotbugs @ aws-java-sdk-parent >>>
[INFO] 
[INFO] --- spotbugs:4.9.2.0:spotbugs (spotbugs) @ aws-java-sdk-parent ---
[INFO] Skipping com.github.spotbugs:spotbugs-maven-plugin:4.9.2.0:spotbugs report goal
[INFO] 
[INFO] <<< spotbugs:4.9.2.0:check (spotbugs) < :spotbugs @ aws-java-sdk-parent <<<
[INFO] 
[INFO] 
[INFO] --- spotbugs:4.9.2.0:check (spotbugs) @ aws-java-sdk-parent ---
[INFO] Spotbugs plugin skipped
[INFO] 
[INFO] --- spotless:2.44.3:check (default) @ aws-java-sdk-parent ---
[INFO] Spotless check skipped
[INFO] 
[INFO] --- install:3.1.4:install (default-install) @ aws-java-sdk-parent ---
[INFO] Installing /tmp/plugin-builds/aws-java-sdk-ec2/target/aws-java-sdk-parent-1.12.780-999999-SNAPSHOT.pom to /home/poddingue/.m2/repository/org/jenkins-ci/plugins/aws-java-sdk/aws-java-sdk-parent/1.12.780-999999-SNAPSHOT/aws-java-sdk-parent-1.12.780-999999-SNAPSHOT.pom
[INFO] 
[INFO] ------< org.jenkins-ci.plugins.aws-java-sdk:aws-java-sdk-minimal >------
[INFO] Building Amazon Web Services SDK :: Minimal 1.12.780-999999-SNAPSHOT [2/25]
[INFO]   from aws-java-sdk-minimal/pom.xml
[INFO] --------------------------------[ hpi ]---------------------------------
[INFO] 
[INFO] --- clean:3.4.1:clean (default-clean) @ aws-java-sdk-minimal ---
[INFO] 
[INFO] --- hpi:3.61:validate (default-validate) @ aws-java-sdk-minimal ---
[INFO] Created marker file /tmp/plugin-builds/aws-java-sdk-ec2/aws-java-sdk-minimal/target/java-level/17
[INFO] 
[INFO] --- hpi:3.61:validate-hpi (default-validate-hpi) @ aws-java-sdk-minimal ---
[INFO] 
[INFO] --- enforcer:3.5.0:enforce (display-info) @ aws-java-sdk-minimal ---
[INFO] Rule 3: org.codehaus.mojo.extraenforcer.dependencies.EnforceBytecodeVersion passed
[INFO] Rule 4: org.apache.maven.enforcer.rules.dependency.BannedDependencies passed
[INFO] Rule 5: org.apache.maven.enforcer.rules.dependency.BannedDependencies passed
[INFO] Rule 6: org.apache.maven.enforcer.rules.dependency.RequireUpperBoundDeps passed
[INFO] 
[INFO] --- enforcer:3.5.0:enforce (no-snapshots-in-release) @ aws-java-sdk-minimal ---
[INFO] Rule 0: org.apache.maven.enforcer.rules.dependency.RequireReleaseDeps passed
[INFO] 
[INFO] --- localizer:1.31:generate (default) @ aws-java-sdk-minimal ---
[INFO] 
[INFO] --- resources:3.3.1:resources (default-resources) @ aws-java-sdk-minimal ---
[INFO] Copying 1 resource from src/main/resources to target/classes
[INFO] 
[INFO] --- flatten:1.7.0:flatten (flatten) @ aws-java-sdk-minimal ---
[INFO] Generating flattened POM of project org.jenkins-ci.plugins.aws-java-sdk:aws-java-sdk-minimal:hpi:1.12.780-999999-SNAPSHOT...
[INFO] 
[INFO] --- compiler:3.14.0:compile (default-compile) @ aws-java-sdk-minimal ---
[INFO] Nothing to compile - all classes are up to date.
[INFO] 
[INFO] --- access-modifier-checker:1.34:enforce (default-enforce) @ aws-java-sdk-minimal ---
[INFO] Skipping access modifier checks
[INFO] 
[INFO] --- hpi:3.61:insert-test (default-insert-test) @ aws-java-sdk-minimal ---
[INFO] 
[INFO] --- antrun:3.1.0:run (createTempDir) @ aws-java-sdk-minimal ---
[INFO] Executing tasks
[INFO]     [mkdir] Created dir: /tmp/plugin-builds/aws-java-sdk-ec2/aws-java-sdk-minimal/target/tmp
[INFO] Executed tasks
[INFO] 
[INFO] --- resources:3.3.1:testResources (default-testResources) @ aws-java-sdk-minimal ---
[INFO] Not copying test resources
[INFO] 
[INFO] --- compiler:3.14.0:testCompile (default-testCompile) @ aws-java-sdk-minimal ---
[INFO] Not compiling test sources
[INFO] 
[INFO] --- hpi:3.61:test-hpl (default-test-hpl) @ aws-java-sdk-minimal ---
[INFO] Generating /tmp/plugin-builds/aws-java-sdk-ec2/aws-java-sdk-minimal/target/test-classes/the.hpl
[INFO] 
[INFO] --- hpi:3.61:resolve-test-dependencies (default-resolve-test-dependencies) @ aws-java-sdk-minimal ---
[INFO] 
[INFO] --- hpi:3.61:test-runtime (default-test-runtime) @ aws-java-sdk-minimal ---
[INFO] Tests are skipped.
[INFO] 
[INFO] --- surefire:3.5.2:test (default-test) @ aws-java-sdk-minimal ---
[INFO] Tests are skipped.
[INFO] 
[INFO] --- license:165.v7e11f4e4a_325:process (default) @ aws-java-sdk-minimal ---
[INFO] 
[INFO] --- hpi:3.61:hpi (default-hpi) @ aws-java-sdk-minimal ---
[INFO] Generating /tmp/plugin-builds/aws-java-sdk-ec2/aws-java-sdk-minimal/target/aws-java-sdk-minimal/META-INF/MANIFEST.MF
[INFO] Checking for attached .jar artifact ...
[INFO] Generating jar /tmp/plugin-builds/aws-java-sdk-ec2/aws-java-sdk-minimal/target/aws-java-sdk-minimal.jar
[INFO] Building jar: /tmp/plugin-builds/aws-java-sdk-ec2/aws-java-sdk-minimal/target/aws-java-sdk-minimal.jar
[INFO] Exploding webapp...
[INFO] Copy webapp webResources to /tmp/plugin-builds/aws-java-sdk-ec2/aws-java-sdk-minimal/target/aws-java-sdk-minimal
[INFO] Assembling webapp aws-java-sdk-minimal in /tmp/plugin-builds/aws-java-sdk-ec2/aws-java-sdk-minimal/target/aws-java-sdk-minimal
[INFO] Bundling direct dependency aws-java-sdk-core-1.12.780.jar
[WARNING] Bundling transitive dependency aws-java-sdk-kms-1.12.780.jar (via aws-java-sdk-s3)
[INFO] Bundling direct dependency aws-java-sdk-s3-1.12.780.jar
[INFO] Bundling direct dependency aws-java-sdk-sts-1.12.780.jar
[WARNING] Bundling transitive dependency jmespath-java-1.12.780.jar (via aws-java-sdk-s3)
[INFO] Generating hpi /tmp/plugin-builds/aws-java-sdk-ec2/aws-java-sdk-minimal/target/aws-java-sdk-minimal.hpi
[INFO] Building jar: /tmp/plugin-builds/aws-java-sdk-ec2/aws-java-sdk-minimal/target/aws-java-sdk-minimal.hpi
[INFO] 
[INFO] --- jar:3.4.2:test-jar (maybe-test-jar) @ aws-java-sdk-minimal ---
[INFO] Skipping packaging of the test-jar
[INFO] 
[INFO] >>> spotbugs:4.9.2.0:check (spotbugs) > :spotbugs @ aws-java-sdk-minimal >>>
[INFO] 
[INFO] --- spotbugs:4.9.2.0:spotbugs (spotbugs) @ aws-java-sdk-minimal ---
[INFO] Skipping com.github.spotbugs:spotbugs-maven-plugin:4.9.2.0:spotbugs report goal
[INFO] 
[INFO] <<< spotbugs:4.9.2.0:check (spotbugs) < :spotbugs @ aws-java-sdk-minimal <<<
[INFO] 
[INFO] 
[INFO] --- spotbugs:4.9.2.0:check (spotbugs) @ aws-java-sdk-minimal ---
[INFO] Spotbugs plugin skipped
[INFO] 
[INFO] --- spotless:2.44.3:check (default) @ aws-java-sdk-minimal ---
[INFO] Spotless check skipped
[INFO] 
[INFO] --- install:3.1.4:install (default-install) @ aws-java-sdk-minimal ---
[INFO] Installing /tmp/plugin-builds/aws-java-sdk-ec2/aws-java-sdk-minimal/target/aws-java-sdk-minimal-1.12.780-999999-SNAPSHOT.pom to /home/poddingue/.m2/repository/org/jenkins-ci/plugins/aws-java-sdk/aws-java-sdk-minimal/1.12.780-999999-SNAPSHOT/aws-java-sdk-minimal-1.12.780-999999-SNAPSHOT.pom
[INFO] Installing /tmp/plugin-builds/aws-java-sdk-ec2/aws-java-sdk-minimal/target/aws-java-sdk-minimal.hpi to /home/poddingue/.m2/repository/org/jenkins-ci/plugins/aws-java-sdk/aws-java-sdk-minimal/1.12.780-999999-SNAPSHOT/aws-java-sdk-minimal-1.12.780-999999-SNAPSHOT.hpi
[INFO] Installing /tmp/plugin-builds/aws-java-sdk-ec2/aws-java-sdk-minimal/target/aws-java-sdk-minimal.jar to /home/poddingue/.m2/repository/org/jenkins-ci/plugins/aws-java-sdk/aws-java-sdk-minimal/1.12.780-999999-SNAPSHOT/aws-java-sdk-minimal-1.12.780-999999-SNAPSHOT.jar
[INFO] 
[INFO] ----< org.jenkins-ci.plugins.aws-java-sdk:aws-java-sdk-api-gateway >----
[INFO] Building Amazon Web Services SDK :: Api Gateway 1.12.780-999999-SNAPSHOT [3/25]
[INFO]   from aws-java-sdk-api-gateway/pom.xml
[INFO] --------------------------------[ hpi ]---------------------------------
[INFO] 
[INFO] --- clean:3.4.1:clean (default-clean) @ aws-java-sdk-api-gateway ---
[INFO] 
[INFO] --- hpi:3.61:validate (default-validate) @ aws-java-sdk-api-gateway ---
[INFO] Created marker file /tmp/plugin-builds/aws-java-sdk-ec2/aws-java-sdk-api-gateway/target/java-level/17
[INFO] 
[INFO] --- hpi:3.61:validate-hpi (default-validate-hpi) @ aws-java-sdk-api-gateway ---
[INFO] 
[INFO] --- enforcer:3.5.0:enforce (display-info) @ aws-java-sdk-api-gateway ---
[INFO] Rule 3: org.codehaus.mojo.extraenforcer.dependencies.EnforceBytecodeVersion passed
[INFO] Rule 4: org.apache.maven.enforcer.rules.dependency.BannedDependencies passed
[INFO] Rule 5: org.apache.maven.enforcer.rules.dependency.BannedDependencies passed
[INFO] Rule 6: org.apache.maven.enforcer.rules.dependency.RequireUpperBoundDeps passed
[INFO] 
[INFO] --- enforcer:3.5.0:enforce (no-snapshots-in-release) @ aws-java-sdk-api-gateway ---
[INFO] Rule 0: org.apache.maven.enforcer.rules.dependency.RequireReleaseDeps passed
[INFO] 
[INFO] --- localizer:1.31:generate (default) @ aws-java-sdk-api-gateway ---
[INFO] 
[INFO] --- resources:3.3.1:resources (default-resources) @ aws-java-sdk-api-gateway ---
[INFO] Copying 1 resource from src/main/resources to target/classes
[INFO] 
[INFO] --- flatten:1.7.0:flatten (flatten) @ aws-java-sdk-api-gateway ---
[INFO] Generating flattened POM of project org.jenkins-ci.plugins.aws-java-sdk:aws-java-sdk-api-gateway:hpi:1.12.780-999999-SNAPSHOT...
[INFO] 
[INFO] --- compiler:3.14.0:compile (default-compile) @ aws-java-sdk-api-gateway ---
[INFO] Recompiling the module because of changed dependency.
[INFO] 
[INFO] --- access-modifier-checker:1.34:enforce (default-enforce) @ aws-java-sdk-api-gateway ---
[INFO] Skipping access modifier checks
[INFO] 
[INFO] --- hpi:3.61:insert-test (default-insert-test) @ aws-java-sdk-api-gateway ---
[INFO] 
[INFO] --- antrun:3.1.0:run (createTempDir) @ aws-java-sdk-api-gateway ---
[INFO] Executing tasks
[INFO]     [mkdir] Created dir: /tmp/plugin-builds/aws-java-sdk-ec2/aws-java-sdk-api-gateway/target/tmp
[INFO] Executed tasks
[INFO] 
[INFO] --- resources:3.3.1:testResources (default-testResources) @ aws-java-sdk-api-gateway ---
[INFO] Not copying test resources
[INFO] 
[INFO] --- compiler:3.14.0:testCompile (default-testCompile) @ aws-java-sdk-api-gateway ---
[INFO] Not compiling test sources
[INFO] 
[INFO] --- hpi:3.61:test-hpl (default-test-hpl) @ aws-java-sdk-api-gateway ---
[INFO] Generating /tmp/plugin-builds/aws-java-sdk-ec2/aws-java-sdk-api-gateway/target/test-classes/the.hpl
[INFO] 
[INFO] --- hpi:3.61:resolve-test-dependencies (default-resolve-test-dependencies) @ aws-java-sdk-api-gateway ---
[INFO] 
[INFO] --- hpi:3.61:test-runtime (default-test-runtime) @ aws-java-sdk-api-gateway ---
[INFO] Tests are skipped.
[INFO] 
[INFO] --- surefire:3.5.2:test (default-test) @ aws-java-sdk-api-gateway ---
[INFO] Tests are skipped.
[INFO] 
[INFO] --- license:165.v7e11f4e4a_325:process (default) @ aws-java-sdk-api-gateway ---
[INFO] 
[INFO] --- hpi:3.61:hpi (default-hpi) @ aws-java-sdk-api-gateway ---
[INFO] Generating /tmp/plugin-builds/aws-java-sdk-ec2/aws-java-sdk-api-gateway/target/aws-java-sdk-api-gateway/META-INF/MANIFEST.MF
[INFO] Checking for attached .jar artifact ...
[INFO] Generating jar /tmp/plugin-builds/aws-java-sdk-ec2/aws-java-sdk-api-gateway/target/aws-java-sdk-api-gateway.jar
[INFO] Building jar: /tmp/plugin-builds/aws-java-sdk-ec2/aws-java-sdk-api-gateway/target/aws-java-sdk-api-gateway.jar
[INFO] Exploding webapp...
[INFO] Copy webapp webResources to /tmp/plugin-builds/aws-java-sdk-ec2/aws-java-sdk-api-gateway/target/aws-java-sdk-api-gateway
[INFO] Assembling webapp aws-java-sdk-api-gateway in /tmp/plugin-builds/aws-java-sdk-ec2/aws-java-sdk-api-gateway/target/aws-java-sdk-api-gateway
[INFO] Bundling direct dependency aws-java-sdk-api-gateway-1.12.780.jar
[INFO] Generating hpi /tmp/plugin-builds/aws-java-sdk-ec2/aws-java-sdk-api-gateway/target/aws-java-sdk-api-gateway.hpi
[INFO] Building jar: /tmp/plugin-builds/aws-java-sdk-ec2/aws-java-sdk-api-gateway/target/aws-java-sdk-api-gateway.hpi
[INFO] 
[INFO] --- jar:3.4.2:test-jar (maybe-test-jar) @ aws-java-sdk-api-gateway ---
[INFO] Skipping packaging of the test-jar
[INFO] 
[INFO] >>> spotbugs:4.9.2.0:check (spotbugs) > :spotbugs @ aws-java-sdk-api-gateway >>>
[INFO] 
[INFO] --- spotbugs:4.9.2.0:spotbugs (spotbugs) @ aws-java-sdk-api-gateway ---
[INFO] Skipping com.github.spotbugs:spotbugs-maven-plugin:4.9.2.0:spotbugs report goal
[INFO] 
[INFO] <<< spotbugs:4.9.2.0:check (spotbugs) < :spotbugs @ aws-java-sdk-api-gateway <<<
[INFO] 
[INFO] 
[INFO] --- spotbugs:4.9.2.0:check (spotbugs) @ aws-java-sdk-api-gateway ---
[INFO] Spotbugs plugin skipped
[INFO] 
[INFO] --- spotless:2.44.3:check (default) @ aws-java-sdk-api-gateway ---
[INFO] Spotless check skipped
[INFO] 
[INFO] --- install:3.1.4:install (default-install) @ aws-java-sdk-api-gateway ---
[INFO] Installing /tmp/plugin-builds/aws-java-sdk-ec2/aws-java-sdk-api-gateway/target/aws-java-sdk-api-gateway-1.12.780-999999-SNAPSHOT.pom to /home/poddingue/.m2/repository/org/jenkins-ci/plugins/aws-java-sdk/aws-java-sdk-api-gateway/1.12.780-999999-SNAPSHOT/aws-java-sdk-api-gateway-1.12.780-999999-SNAPSHOT.pom
[INFO] Installing /tmp/plugin-builds/aws-java-sdk-ec2/aws-java-sdk-api-gateway/target/aws-java-sdk-api-gateway.hpi to /home/poddingue/.m2/repository/org/jenkins-ci/plugins/aws-java-sdk/aws-java-sdk-api-gateway/1.12.780-999999-SNAPSHOT/aws-java-sdk-api-gateway-1.12.780-999999-SNAPSHOT.hpi
[INFO] Installing /tmp/plugin-builds/aws-java-sdk-ec2/aws-java-sdk-api-gateway/target/aws-java-sdk-api-gateway.jar to /home/poddingue/.m2/repository/org/jenkins-ci/plugins/aws-java-sdk/aws-java-sdk-api-gateway/1.12.780-999999-SNAPSHOT/aws-java-sdk-api-gateway-1.12.780-999999-SNAPSHOT.jar
[INFO] 
[INFO] ----< org.jenkins-ci.plugins.aws-java-sdk:aws-java-sdk-autoscaling >----
[INFO] Building Amazon Web Services SDK :: Autoscaling 1.12.780-999999-SNAPSHOT [4/25]
[INFO]   from aws-java-sdk-autoscaling/pom.xml
[INFO] --------------------------------[ hpi ]---------------------------------
[INFO] 
[INFO] --- clean:3.4.1:clean (default-clean) @ aws-java-sdk-autoscaling ---
[INFO] 
[INFO] --- hpi:3.61:validate (default-validate) @ aws-java-sdk-autoscaling ---
[INFO] Created marker file /tmp/plugin-builds/aws-java-sdk-ec2/aws-java-sdk-autoscaling/target/java-level/17
[INFO] 
[INFO] --- hpi:3.61:validate-hpi (default-validate-hpi) @ aws-java-sdk-autoscaling ---
[INFO] 
[INFO] --- enforcer:3.5.0:enforce (display-info) @ aws-java-sdk-autoscaling ---
[INFO] Rule 3: org.codehaus.mojo.extraenforcer.dependencies.EnforceBytecodeVersion passed
[INFO] Rule 4: org.apache.maven.enforcer.rules.dependency.BannedDependencies passed
[INFO] Rule 5: org.apache.maven.enforcer.rules.dependency.BannedDependencies passed
[INFO] Rule 6: org.apache.maven.enforcer.rules.dependency.RequireUpperBoundDeps passed
[INFO] 
[INFO] --- enforcer:3.5.0:enforce (no-snapshots-in-release) @ aws-java-sdk-autoscaling ---
[INFO] Rule 0: org.apache.maven.enforcer.rules.dependency.RequireReleaseDeps passed
[INFO] 
[INFO] --- localizer:1.31:generate (default) @ aws-java-sdk-autoscaling ---
[INFO] 
[INFO] --- resources:3.3.1:resources (default-resources) @ aws-java-sdk-autoscaling ---
[INFO] Copying 1 resource from src/main/resources to target/classes
[INFO] 
[INFO] --- flatten:1.7.0:flatten (flatten) @ aws-java-sdk-autoscaling ---
[INFO] Generating flattened POM of project org.jenkins-ci.plugins.aws-java-sdk:aws-java-sdk-autoscaling:hpi:1.12.780-999999-SNAPSHOT...
[INFO] 
[INFO] --- compiler:3.14.0:compile (default-compile) @ aws-java-sdk-autoscaling ---
[INFO] Recompiling the module because of changed dependency.
[INFO] 
[INFO] --- access-modifier-checker:1.34:enforce (default-enforce) @ aws-java-sdk-autoscaling ---
[INFO] Skipping access modifier checks
[INFO] 
[INFO] --- hpi:3.61:insert-test (default-insert-test) @ aws-java-sdk-autoscaling ---
[INFO] 
[INFO] --- antrun:3.1.0:run (createTempDir) @ aws-java-sdk-autoscaling ---
[INFO] Executing tasks
[INFO]     [mkdir] Created dir: /tmp/plugin-builds/aws-java-sdk-ec2/aws-java-sdk-autoscaling/target/tmp
[INFO] Executed tasks
[INFO] 
[INFO] --- resources:3.3.1:testResources (default-testResources) @ aws-java-sdk-autoscaling ---
[INFO] Not copying test resources
[INFO] 
[INFO] --- compiler:3.14.0:testCompile (default-testCompile) @ aws-java-sdk-autoscaling ---
[INFO] Not compiling test sources
[INFO] 
[INFO] --- hpi:3.61:test-hpl (default-test-hpl) @ aws-java-sdk-autoscaling ---
[INFO] Generating /tmp/plugin-builds/aws-java-sdk-ec2/aws-java-sdk-autoscaling/target/test-classes/the.hpl
[INFO] 
[INFO] --- hpi:3.61:resolve-test-dependencies (default-resolve-test-dependencies) @ aws-java-sdk-autoscaling ---
[INFO] 
[INFO] --- hpi:3.61:test-runtime (default-test-runtime) @ aws-java-sdk-autoscaling ---
[INFO] Tests are skipped.
[INFO] 
[INFO] --- surefire:3.5.2:test (default-test) @ aws-java-sdk-autoscaling ---
[INFO] Tests are skipped.
[INFO] 
[INFO] --- license:165.v7e11f4e4a_325:process (default) @ aws-java-sdk-autoscaling ---
[INFO] 
[INFO] --- hpi:3.61:hpi (default-hpi) @ aws-java-sdk-autoscaling ---
[INFO] Generating /tmp/plugin-builds/aws-java-sdk-ec2/aws-java-sdk-autoscaling/target/aws-java-sdk-autoscaling/META-INF/MANIFEST.MF
[INFO] Checking for attached .jar artifact ...
[INFO] Generating jar /tmp/plugin-builds/aws-java-sdk-ec2/aws-java-sdk-autoscaling/target/aws-java-sdk-autoscaling.jar
[INFO] Building jar: /tmp/plugin-builds/aws-java-sdk-ec2/aws-java-sdk-autoscaling/target/aws-java-sdk-autoscaling.jar
[INFO] Exploding webapp...
[INFO] Copy webapp webResources to /tmp/plugin-builds/aws-java-sdk-ec2/aws-java-sdk-autoscaling/target/aws-java-sdk-autoscaling
[INFO] Assembling webapp aws-java-sdk-autoscaling in /tmp/plugin-builds/aws-java-sdk-ec2/aws-java-sdk-autoscaling/target/aws-java-sdk-autoscaling
[INFO] Bundling direct dependency aws-java-sdk-autoscaling-1.12.780.jar
[INFO] Generating hpi /tmp/plugin-builds/aws-java-sdk-ec2/aws-java-sdk-autoscaling/target/aws-java-sdk-autoscaling.hpi
[INFO] Building jar: /tmp/plugin-builds/aws-java-sdk-ec2/aws-java-sdk-autoscaling/target/aws-java-sdk-autoscaling.hpi
[INFO] 
[INFO] --- jar:3.4.2:test-jar (maybe-test-jar) @ aws-java-sdk-autoscaling ---
[INFO] Skipping packaging of the test-jar
[INFO] 
[INFO] >>> spotbugs:4.9.2.0:check (spotbugs) > :spotbugs @ aws-java-sdk-autoscaling >>>
[INFO] 
[INFO] --- spotbugs:4.9.2.0:spotbugs (spotbugs) @ aws-java-sdk-autoscaling ---
[INFO] Skipping com.github.spotbugs:spotbugs-maven-plugin:4.9.2.0:spotbugs report goal
[INFO] 
[INFO] <<< spotbugs:4.9.2.0:check (spotbugs) < :spotbugs @ aws-java-sdk-autoscaling <<<
[INFO] 
[INFO] 
[INFO] --- spotbugs:4.9.2.0:check (spotbugs) @ aws-java-sdk-autoscaling ---
[INFO] Spotbugs plugin skipped
[INFO] 
[INFO] --- spotless:2.44.3:check (default) @ aws-java-sdk-autoscaling ---
[INFO] Spotless check skipped
[INFO] 
[INFO] --- install:3.1.4:install (default-install) @ aws-java-sdk-autoscaling ---
[INFO] Installing /tmp/plugin-builds/aws-java-sdk-ec2/aws-java-sdk-autoscaling/target/aws-java-sdk-autoscaling-1.12.780-999999-SNAPSHOT.pom to /home/poddingue/.m2/repository/org/jenkins-ci/plugins/aws-java-sdk/aws-java-sdk-autoscaling/1.12.780-999999-SNAPSHOT/aws-java-sdk-autoscaling-1.12.780-999999-SNAPSHOT.pom
[INFO] Installing /tmp/plugin-builds/aws-java-sdk-ec2/aws-java-sdk-autoscaling/target/aws-java-sdk-autoscaling.hpi to /home/poddingue/.m2/repository/org/jenkins-ci/plugins/aws-java-sdk/aws-java-sdk-autoscaling/1.12.780-999999-SNAPSHOT/aws-java-sdk-autoscaling-1.12.780-999999-SNAPSHOT.hpi
[INFO] Installing /tmp/plugin-builds/aws-java-sdk-ec2/aws-java-sdk-autoscaling/target/aws-java-sdk-autoscaling.jar to /home/poddingue/.m2/repository/org/jenkins-ci/plugins/aws-java-sdk/aws-java-sdk-autoscaling/1.12.780-999999-SNAPSHOT/aws-java-sdk-autoscaling-1.12.780-999999-SNAPSHOT.jar
[INFO] 
[INFO] --< org.jenkins-ci.plugins.aws-java-sdk:aws-java-sdk-cloudformation >---
[INFO] Building Amazon Web Services SDK :: CloudFormation 1.12.780-999999-SNAPSHOT [5/25]
[INFO]   from aws-java-sdk-cloudformation/pom.xml
[INFO] --------------------------------[ hpi ]---------------------------------
[INFO] 
[INFO] --- clean:3.4.1:clean (default-clean) @ aws-java-sdk-cloudformation ---
[INFO] 
[INFO] --- hpi:3.61:validate (default-validate) @ aws-java-sdk-cloudformation ---
[INFO] Created marker file /tmp/plugin-builds/aws-java-sdk-ec2/aws-java-sdk-cloudformation/target/java-level/17
[INFO] 
[INFO] --- hpi:3.61:validate-hpi (default-validate-hpi) @ aws-java-sdk-cloudformation ---
[INFO] 
[INFO] --- enforcer:3.5.0:enforce (display-info) @ aws-java-sdk-cloudformation ---
[INFO] Rule 3: org.codehaus.mojo.extraenforcer.dependencies.EnforceBytecodeVersion passed
[INFO] Rule 4: org.apache.maven.enforcer.rules.dependency.BannedDependencies passed
[INFO] Rule 5: org.apache.maven.enforcer.rules.dependency.BannedDependencies passed
[INFO] Rule 6: org.apache.maven.enforcer.rules.dependency.RequireUpperBoundDeps passed
[INFO] 
[INFO] --- enforcer:3.5.0:enforce (no-snapshots-in-release) @ aws-java-sdk-cloudformation ---
[INFO] Rule 0: org.apache.maven.enforcer.rules.dependency.RequireReleaseDeps passed
[INFO] 
[INFO] --- localizer:1.31:generate (default) @ aws-java-sdk-cloudformation ---
[INFO] 
[INFO] --- resources:3.3.1:resources (default-resources) @ aws-java-sdk-cloudformation ---
[INFO] Copying 1 resource from src/main/resources to target/classes
[INFO] 
[INFO] --- flatten:1.7.0:flatten (flatten) @ aws-java-sdk-cloudformation ---
[INFO] Generating flattened POM of project org.jenkins-ci.plugins.aws-java-sdk:aws-java-sdk-cloudformation:hpi:1.12.780-999999-SNAPSHOT...
[INFO] 
[INFO] --- compiler:3.14.0:compile (default-compile) @ aws-java-sdk-cloudformation ---
[INFO] Recompiling the module because of changed dependency.
[INFO] 
[INFO] --- access-modifier-checker:1.34:enforce (default-enforce) @ aws-java-sdk-cloudformation ---
[INFO] Skipping access modifier checks
[INFO] 
[INFO] --- hpi:3.61:insert-test (default-insert-test) @ aws-java-sdk-cloudformation ---
[INFO] 
[INFO] --- antrun:3.1.0:run (createTempDir) @ aws-java-sdk-cloudformation ---
[INFO] Executing tasks
[INFO]     [mkdir] Created dir: /tmp/plugin-builds/aws-java-sdk-ec2/aws-java-sdk-cloudformation/target/tmp
[INFO] Executed tasks
[INFO] 
[INFO] --- resources:3.3.1:testResources (default-testResources) @ aws-java-sdk-cloudformation ---
[INFO] Not copying test resources
[INFO] 
[INFO] --- compiler:3.14.0:testCompile (default-testCompile) @ aws-java-sdk-cloudformation ---
[INFO] Not compiling test sources
[INFO] 
[INFO] --- hpi:3.61:test-hpl (default-test-hpl) @ aws-java-sdk-cloudformation ---
[INFO] Generating /tmp/plugin-builds/aws-java-sdk-ec2/aws-java-sdk-cloudformation/target/test-classes/the.hpl
[INFO] 
[INFO] --- hpi:3.61:resolve-test-dependencies (default-resolve-test-dependencies) @ aws-java-sdk-cloudformation ---
[INFO] 
[INFO] --- hpi:3.61:test-runtime (default-test-runtime) @ aws-java-sdk-cloudformation ---
[INFO] Tests are skipped.
[INFO] 
[INFO] --- surefire:3.5.2:test (default-test) @ aws-java-sdk-cloudformation ---
[INFO] Tests are skipped.
[INFO] 
[INFO] --- license:165.v7e11f4e4a_325:process (default) @ aws-java-sdk-cloudformation ---
[INFO] 
[INFO] --- hpi:3.61:hpi (default-hpi) @ aws-java-sdk-cloudformation ---
[INFO] Generating /tmp/plugin-builds/aws-java-sdk-ec2/aws-java-sdk-cloudformation/target/aws-java-sdk-cloudformation/META-INF/MANIFEST.MF
[INFO] Checking for attached .jar artifact ...
[INFO] Generating jar /tmp/plugin-builds/aws-java-sdk-ec2/aws-java-sdk-cloudformation/target/aws-java-sdk-cloudformation.jar
[INFO] Building jar: /tmp/plugin-builds/aws-java-sdk-ec2/aws-java-sdk-cloudformation/target/aws-java-sdk-cloudformation.jar
[INFO] Exploding webapp...
[INFO] Copy webapp webResources to /tmp/plugin-builds/aws-java-sdk-ec2/aws-java-sdk-cloudformation/target/aws-java-sdk-cloudformation
[INFO] Assembling webapp aws-java-sdk-cloudformation in /tmp/plugin-builds/aws-java-sdk-ec2/aws-java-sdk-cloudformation/target/aws-java-sdk-cloudformation
[INFO] Bundling direct dependency aws-java-sdk-cloudformation-1.12.780.jar
[INFO] Generating hpi /tmp/plugin-builds/aws-java-sdk-ec2/aws-java-sdk-cloudformation/target/aws-java-sdk-cloudformation.hpi
[INFO] Building jar: /tmp/plugin-builds/aws-java-sdk-ec2/aws-java-sdk-cloudformation/target/aws-java-sdk-cloudformation.hpi
[INFO] 
[INFO] --- jar:3.4.2:test-jar (maybe-test-jar) @ aws-java-sdk-cloudformation ---
[INFO] Skipping packaging of the test-jar
[INFO] 
[INFO] >>> spotbugs:4.9.2.0:check (spotbugs) > :spotbugs @ aws-java-sdk-cloudformation >>>
[INFO] 
[INFO] --- spotbugs:4.9.2.0:spotbugs (spotbugs) @ aws-java-sdk-cloudformation ---
[INFO] Skipping com.github.spotbugs:spotbugs-maven-plugin:4.9.2.0:spotbugs report goal
[INFO] 
[INFO] <<< spotbugs:4.9.2.0:check (spotbugs) < :spotbugs @ aws-java-sdk-cloudformation <<<
[INFO] 
[INFO] 
[INFO] --- spotbugs:4.9.2.0:check (spotbugs) @ aws-java-sdk-cloudformation ---
[INFO] Spotbugs plugin skipped
[INFO] 
[INFO] --- spotless:2.44.3:check (default) @ aws-java-sdk-cloudformation ---
[INFO] Spotless check skipped
[INFO] 
[INFO] --- install:3.1.4:install (default-install) @ aws-java-sdk-cloudformation ---
[INFO] Installing /tmp/plugin-builds/aws-java-sdk-ec2/aws-java-sdk-cloudformation/target/aws-java-sdk-cloudformation-1.12.780-999999-SNAPSHOT.pom to /home/poddingue/.m2/repository/org/jenkins-ci/plugins/aws-java-sdk/aws-java-sdk-cloudformation/1.12.780-999999-SNAPSHOT/aws-java-sdk-cloudformation-1.12.780-999999-SNAPSHOT.pom
[INFO] Installing /tmp/plugin-builds/aws-java-sdk-ec2/aws-java-sdk-cloudformation/target/aws-java-sdk-cloudformation.hpi to /home/poddingue/.m2/repository/org/jenkins-ci/plugins/aws-java-sdk/aws-java-sdk-cloudformation/1.12.780-999999-SNAPSHOT/aws-java-sdk-cloudformation-1.12.780-999999-SNAPSHOT.hpi
[INFO] Installing /tmp/plugin-builds/aws-java-sdk-ec2/aws-java-sdk-cloudformation/target/aws-java-sdk-cloudformation.jar to /home/poddingue/.m2/repository/org/jenkins-ci/plugins/aws-java-sdk/aws-java-sdk-cloudformation/1.12.780-999999-SNAPSHOT/aws-java-sdk-cloudformation-1.12.780-999999-SNAPSHOT.jar
[INFO] 
[INFO] ----< org.jenkins-ci.plugins.aws-java-sdk:aws-java-sdk-cloudfront >-----
[INFO] Building Amazon Web Services SDK :: CloudFront 1.12.780-999999-SNAPSHOT [6/25]
[INFO]   from aws-java-sdk-cloudfront/pom.xml
[INFO] --------------------------------[ hpi ]---------------------------------
[INFO] 
[INFO] --- clean:3.4.1:clean (default-clean) @ aws-java-sdk-cloudfront ---
[INFO] 
[INFO] --- hpi:3.61:validate (default-validate) @ aws-java-sdk-cloudfront ---
[INFO] Created marker file /tmp/plugin-builds/aws-java-sdk-ec2/aws-java-sdk-cloudfront/target/java-level/17
[INFO] 
[INFO] --- hpi:3.61:validate-hpi (default-validate-hpi) @ aws-java-sdk-cloudfront ---
[INFO] 
[INFO] --- enforcer:3.5.0:enforce (display-info) @ aws-java-sdk-cloudfront ---
[INFO] Rule 3: org.codehaus.mojo.extraenforcer.dependencies.EnforceBytecodeVersion passed
[INFO] Rule 4: org.apache.maven.enforcer.rules.dependency.BannedDependencies passed
[INFO] Rule 5: org.apache.maven.enforcer.rules.dependency.BannedDependencies passed
[INFO] Rule 6: org.apache.maven.enforcer.rules.dependency.RequireUpperBoundDeps passed
[INFO] 
[INFO] --- enforcer:3.5.0:enforce (no-snapshots-in-release) @ aws-java-sdk-cloudfront ---
[INFO] Rule 0: org.apache.maven.enforcer.rules.dependency.RequireReleaseDeps passed
[INFO] 
[INFO] --- localizer:1.31:generate (default) @ aws-java-sdk-cloudfront ---
[INFO] 
[INFO] --- resources:3.3.1:resources (default-resources) @ aws-java-sdk-cloudfront ---
[INFO] Copying 1 resource from src/main/resources to target/classes
[INFO] 
[INFO] --- flatten:1.7.0:flatten (flatten) @ aws-java-sdk-cloudfront ---
[INFO] Generating flattened POM of project org.jenkins-ci.plugins.aws-java-sdk:aws-java-sdk-cloudfront:hpi:1.12.780-999999-SNAPSHOT...
[INFO] 
[INFO] --- compiler:3.14.0:compile (default-compile) @ aws-java-sdk-cloudfront ---
[INFO] Recompiling the module because of changed dependency.
[INFO] 
[INFO] --- access-modifier-checker:1.34:enforce (default-enforce) @ aws-java-sdk-cloudfront ---
[INFO] Skipping access modifier checks
[INFO] 
[INFO] --- hpi:3.61:insert-test (default-insert-test) @ aws-java-sdk-cloudfront ---
[INFO] 
[INFO] --- antrun:3.1.0:run (createTempDir) @ aws-java-sdk-cloudfront ---
[INFO] Executing tasks
[INFO]     [mkdir] Created dir: /tmp/plugin-builds/aws-java-sdk-ec2/aws-java-sdk-cloudfront/target/tmp
[INFO] Executed tasks
[INFO] 
[INFO] --- resources:3.3.1:testResources (default-testResources) @ aws-java-sdk-cloudfront ---
[INFO] Not copying test resources
[INFO] 
[INFO] --- compiler:3.14.0:testCompile (default-testCompile) @ aws-java-sdk-cloudfront ---
[INFO] Not compiling test sources
[INFO] 
[INFO] --- hpi:3.61:test-hpl (default-test-hpl) @ aws-java-sdk-cloudfront ---
[INFO] Generating /tmp/plugin-builds/aws-java-sdk-ec2/aws-java-sdk-cloudfront/target/test-classes/the.hpl
[INFO] 
[INFO] --- hpi:3.61:resolve-test-dependencies (default-resolve-test-dependencies) @ aws-java-sdk-cloudfront ---
[INFO] 
[INFO] --- hpi:3.61:test-runtime (default-test-runtime) @ aws-java-sdk-cloudfront ---
[INFO] Tests are skipped.
[INFO] 
[INFO] --- surefire:3.5.2:test (default-test) @ aws-java-sdk-cloudfront ---
[INFO] Tests are skipped.
[INFO] 
[INFO] --- license:165.v7e11f4e4a_325:process (default) @ aws-java-sdk-cloudfront ---
[INFO] 
[INFO] --- hpi:3.61:hpi (default-hpi) @ aws-java-sdk-cloudfront ---
[INFO] Generating /tmp/plugin-builds/aws-java-sdk-ec2/aws-java-sdk-cloudfront/target/aws-java-sdk-cloudfront/META-INF/MANIFEST.MF
[INFO] Checking for attached .jar artifact ...
[INFO] Generating jar /tmp/plugin-builds/aws-java-sdk-ec2/aws-java-sdk-cloudfront/target/aws-java-sdk-cloudfront.jar
[INFO] Building jar: /tmp/plugin-builds/aws-java-sdk-ec2/aws-java-sdk-cloudfront/target/aws-java-sdk-cloudfront.jar
[INFO] Exploding webapp...
[INFO] Copy webapp webResources to /tmp/plugin-builds/aws-java-sdk-ec2/aws-java-sdk-cloudfront/target/aws-java-sdk-cloudfront
[INFO] Assembling webapp aws-java-sdk-cloudfront in /tmp/plugin-builds/aws-java-sdk-ec2/aws-java-sdk-cloudfront/target/aws-java-sdk-cloudfront
[INFO] Bundling direct dependency aws-java-sdk-cloudfront-1.12.780.jar
[INFO] Generating hpi /tmp/plugin-builds/aws-java-sdk-ec2/aws-java-sdk-cloudfront/target/aws-java-sdk-cloudfront.hpi
[INFO] Building jar: /tmp/plugin-builds/aws-java-sdk-ec2/aws-java-sdk-cloudfront/target/aws-java-sdk-cloudfront.hpi
[INFO] 
[INFO] --- jar:3.4.2:test-jar (maybe-test-jar) @ aws-java-sdk-cloudfront ---
[INFO] Skipping packaging of the test-jar
[INFO] 
[INFO] >>> spotbugs:4.9.2.0:check (spotbugs) > :spotbugs @ aws-java-sdk-cloudfront >>>
[INFO] 
[INFO] --- spotbugs:4.9.2.0:spotbugs (spotbugs) @ aws-java-sdk-cloudfront ---
[INFO] Skipping com.github.spotbugs:spotbugs-maven-plugin:4.9.2.0:spotbugs report goal
[INFO] 
[INFO] <<< spotbugs:4.9.2.0:check (spotbugs) < :spotbugs @ aws-java-sdk-cloudfront <<<
[INFO] 
[INFO] 
[INFO] --- spotbugs:4.9.2.0:check (spotbugs) @ aws-java-sdk-cloudfront ---
[INFO] Spotbugs plugin skipped
[INFO] 
[INFO] --- spotless:2.44.3:check (default) @ aws-java-sdk-cloudfront ---
[INFO] Spotless check skipped
[INFO] 
[INFO] --- install:3.1.4:install (default-install) @ aws-java-sdk-cloudfront ---
[INFO] Installing /tmp/plugin-builds/aws-java-sdk-ec2/aws-java-sdk-cloudfront/target/aws-java-sdk-cloudfront-1.12.780-999999-SNAPSHOT.pom to /home/poddingue/.m2/repository/org/jenkins-ci/plugins/aws-java-sdk/aws-java-sdk-cloudfront/1.12.780-999999-SNAPSHOT/aws-java-sdk-cloudfront-1.12.780-999999-SNAPSHOT.pom
[INFO] Installing /tmp/plugin-builds/aws-java-sdk-ec2/aws-java-sdk-cloudfront/target/aws-java-sdk-cloudfront.hpi to /home/poddingue/.m2/repository/org/jenkins-ci/plugins/aws-java-sdk/aws-java-sdk-cloudfront/1.12.780-999999-SNAPSHOT/aws-java-sdk-cloudfront-1.12.780-999999-SNAPSHOT.hpi
[INFO] Installing /tmp/plugin-builds/aws-java-sdk-ec2/aws-java-sdk-cloudfront/target/aws-java-sdk-cloudfront.jar to /home/poddingue/.m2/repository/org/jenkins-ci/plugins/aws-java-sdk/aws-java-sdk-cloudfront/1.12.780-999999-SNAPSHOT/aws-java-sdk-cloudfront-1.12.780-999999-SNAPSHOT.jar
[INFO] 
[INFO] ----< org.jenkins-ci.plugins.aws-java-sdk:aws-java-sdk-cloudwatch >-----
[INFO] Building Amazon Web Services SDK :: CloudWatch 1.12.780-999999-SNAPSHOT [7/25]
[INFO]   from aws-java-sdk-cloudwatch/pom.xml
[INFO] --------------------------------[ hpi ]---------------------------------
[INFO] 
[INFO] --- clean:3.4.1:clean (default-clean) @ aws-java-sdk-cloudwatch ---
[INFO] 
[INFO] --- hpi:3.61:validate (default-validate) @ aws-java-sdk-cloudwatch ---
[INFO] Created marker file /tmp/plugin-builds/aws-java-sdk-ec2/aws-java-sdk-cloudwatch/target/java-level/17
[INFO] 
[INFO] --- hpi:3.61:validate-hpi (default-validate-hpi) @ aws-java-sdk-cloudwatch ---
[INFO] 
[INFO] --- enforcer:3.5.0:enforce (display-info) @ aws-java-sdk-cloudwatch ---
[INFO] Rule 3: org.codehaus.mojo.extraenforcer.dependencies.EnforceBytecodeVersion passed
[INFO] Rule 4: org.apache.maven.enforcer.rules.dependency.BannedDependencies passed
[INFO] Rule 5: org.apache.maven.enforcer.rules.dependency.BannedDependencies passed
[INFO] Rule 6: org.apache.maven.enforcer.rules.dependency.RequireUpperBoundDeps passed
[INFO] 
[INFO] --- enforcer:3.5.0:enforce (no-snapshots-in-release) @ aws-java-sdk-cloudwatch ---
[INFO] Rule 0: org.apache.maven.enforcer.rules.dependency.RequireReleaseDeps passed
[INFO] 
[INFO] --- localizer:1.31:generate (default) @ aws-java-sdk-cloudwatch ---
[INFO] 
[INFO] --- resources:3.3.1:resources (default-resources) @ aws-java-sdk-cloudwatch ---
[INFO] Copying 1 resource from src/main/resources to target/classes
[INFO] 
[INFO] --- flatten:1.7.0:flatten (flatten) @ aws-java-sdk-cloudwatch ---
[INFO] Generating flattened POM of project org.jenkins-ci.plugins.aws-java-sdk:aws-java-sdk-cloudwatch:hpi:1.12.780-999999-SNAPSHOT...
[INFO] 
[INFO] --- compiler:3.14.0:compile (default-compile) @ aws-java-sdk-cloudwatch ---
[INFO] Recompiling the module because of changed dependency.
[INFO] 
[INFO] --- access-modifier-checker:1.34:enforce (default-enforce) @ aws-java-sdk-cloudwatch ---
[INFO] Skipping access modifier checks
[INFO] 
[INFO] --- hpi:3.61:insert-test (default-insert-test) @ aws-java-sdk-cloudwatch ---
[INFO] 
[INFO] --- antrun:3.1.0:run (createTempDir) @ aws-java-sdk-cloudwatch ---
[INFO] Executing tasks
[INFO]     [mkdir] Created dir: /tmp/plugin-builds/aws-java-sdk-ec2/aws-java-sdk-cloudwatch/target/tmp
[INFO] Executed tasks
[INFO] 
[INFO] --- resources:3.3.1:testResources (default-testResources) @ aws-java-sdk-cloudwatch ---
[INFO] Not copying test resources
[INFO] 
[INFO] --- compiler:3.14.0:testCompile (default-testCompile) @ aws-java-sdk-cloudwatch ---
[INFO] Not compiling test sources
[INFO] 
[INFO] --- hpi:3.61:test-hpl (default-test-hpl) @ aws-java-sdk-cloudwatch ---
[INFO] Generating /tmp/plugin-builds/aws-java-sdk-ec2/aws-java-sdk-cloudwatch/target/test-classes/the.hpl
[INFO] 
[INFO] --- hpi:3.61:resolve-test-dependencies (default-resolve-test-dependencies) @ aws-java-sdk-cloudwatch ---
[INFO] 
[INFO] --- hpi:3.61:test-runtime (default-test-runtime) @ aws-java-sdk-cloudwatch ---
[INFO] Tests are skipped.
[INFO] 
[INFO] --- surefire:3.5.2:test (default-test) @ aws-java-sdk-cloudwatch ---
[INFO] Tests are skipped.
[INFO] 
[INFO] --- license:165.v7e11f4e4a_325:process (default) @ aws-java-sdk-cloudwatch ---
[INFO] 
[INFO] --- hpi:3.61:hpi (default-hpi) @ aws-java-sdk-cloudwatch ---
[INFO] Generating /tmp/plugin-builds/aws-java-sdk-ec2/aws-java-sdk-cloudwatch/target/aws-java-sdk-cloudwatch/META-INF/MANIFEST.MF
[INFO] Checking for attached .jar artifact ...
[INFO] Generating jar /tmp/plugin-builds/aws-java-sdk-ec2/aws-java-sdk-cloudwatch/target/aws-java-sdk-cloudwatch.jar
[INFO] Building jar: /tmp/plugin-builds/aws-java-sdk-ec2/aws-java-sdk-cloudwatch/target/aws-java-sdk-cloudwatch.jar
[INFO] Exploding webapp...
[INFO] Copy webapp webResources to /tmp/plugin-builds/aws-java-sdk-ec2/aws-java-sdk-cloudwatch/target/aws-java-sdk-cloudwatch
[INFO] Assembling webapp aws-java-sdk-cloudwatch in /tmp/plugin-builds/aws-java-sdk-ec2/aws-java-sdk-cloudwatch/target/aws-java-sdk-cloudwatch
[INFO] Bundling direct dependency aws-java-sdk-cloudwatch-1.12.780.jar
[INFO] Generating hpi /tmp/plugin-builds/aws-java-sdk-ec2/aws-java-sdk-cloudwatch/target/aws-java-sdk-cloudwatch.hpi
[INFO] Building jar: /tmp/plugin-builds/aws-java-sdk-ec2/aws-java-sdk-cloudwatch/target/aws-java-sdk-cloudwatch.hpi
[INFO] 
[INFO] --- jar:3.4.2:test-jar (maybe-test-jar) @ aws-java-sdk-cloudwatch ---
[INFO] Skipping packaging of the test-jar
[INFO] 
[INFO] >>> spotbugs:4.9.2.0:check (spotbugs) > :spotbugs @ aws-java-sdk-cloudwatch >>>
[INFO] 
[INFO] --- spotbugs:4.9.2.0:spotbugs (spotbugs) @ aws-java-sdk-cloudwatch ---
[INFO] Skipping com.github.spotbugs:spotbugs-maven-plugin:4.9.2.0:spotbugs report goal
[INFO] 
[INFO] <<< spotbugs:4.9.2.0:check (spotbugs) < :spotbugs @ aws-java-sdk-cloudwatch <<<
[INFO] 
[INFO] 
[INFO] --- spotbugs:4.9.2.0:check (spotbugs) @ aws-java-sdk-cloudwatch ---
[INFO] Spotbugs plugin skipped
[INFO] 
[INFO] --- spotless:2.44.3:check (default) @ aws-java-sdk-cloudwatch ---
[INFO] Spotless check skipped
[INFO] 
[INFO] --- install:3.1.4:install (default-install) @ aws-java-sdk-cloudwatch ---
[INFO] Installing /tmp/plugin-builds/aws-java-sdk-ec2/aws-java-sdk-cloudwatch/target/aws-java-sdk-cloudwatch-1.12.780-999999-SNAPSHOT.pom to /home/poddingue/.m2/repository/org/jenkins-ci/plugins/aws-java-sdk/aws-java-sdk-cloudwatch/1.12.780-999999-SNAPSHOT/aws-java-sdk-cloudwatch-1.12.780-999999-SNAPSHOT.pom
[INFO] Installing /tmp/plugin-builds/aws-java-sdk-ec2/aws-java-sdk-cloudwatch/target/aws-java-sdk-cloudwatch.hpi to /home/poddingue/.m2/repository/org/jenkins-ci/plugins/aws-java-sdk/aws-java-sdk-cloudwatch/1.12.780-999999-SNAPSHOT/aws-java-sdk-cloudwatch-1.12.780-999999-SNAPSHOT.hpi
[INFO] Installing /tmp/plugin-builds/aws-java-sdk-ec2/aws-java-sdk-cloudwatch/target/aws-java-sdk-cloudwatch.jar to /home/poddingue/.m2/repository/org/jenkins-ci/plugins/aws-java-sdk/aws-java-sdk-cloudwatch/1.12.780-999999-SNAPSHOT/aws-java-sdk-cloudwatch-1.12.780-999999-SNAPSHOT.jar
[INFO] 
[INFO] -----< org.jenkins-ci.plugins.aws-java-sdk:aws-java-sdk-codebuild >-----
[INFO] Building Amazon Web Services SDK :: CodeBuild 1.12.780-999999-SNAPSHOT [8/25]
[INFO]   from aws-java-sdk-codebuild/pom.xml
[INFO] --------------------------------[ hpi ]---------------------------------
[INFO] 
[INFO] --- clean:3.4.1:clean (default-clean) @ aws-java-sdk-codebuild ---
[INFO] 
[INFO] --- hpi:3.61:validate (default-validate) @ aws-java-sdk-codebuild ---
[INFO] Created marker file /tmp/plugin-builds/aws-java-sdk-ec2/aws-java-sdk-codebuild/target/java-level/17
[INFO] 
[INFO] --- hpi:3.61:validate-hpi (default-validate-hpi) @ aws-java-sdk-codebuild ---
[INFO] 
[INFO] --- enforcer:3.5.0:enforce (display-info) @ aws-java-sdk-codebuild ---
