[INFO] Scanning for projects...
[INFO] Artifact org.jenkins-ci.tools:maven-hpi-plugin:pom:3.1814.v77d15159f9b_d is present in the local repository, but cached from a remote repository ID that is unavailable in current build context, verifying that is downloadable from [incrementals (https://repo.jenkins-ci.org/incrementals/, default, releases), central (https://repo.maven.apache.org/maven2, default, releases)]
[INFO] Artifact org.jenkins-ci.tools:maven-hpi-plugin:pom:3.1814.v77d15159f9b_d is present in the local repository, but cached from a remote repository ID that is unavailable in current build context, verifying that is downloadable from [incrementals (https://repo.jenkins-ci.org/incrementals/, default, releases), central (https://repo.maven.apache.org/maven2, default, releases)]
[WARNING] The POM for org.jenkins-ci.tools:maven-hpi-plugin:jar:3.1814.v77d15159f9b_d is missing, no dependency information available
[INFO] Artifact org.jenkins-ci.tools:maven-hpi-plugin:jar:3.1814.v77d15159f9b_d is present in the local repository, but cached from a remote repository ID that is unavailable in current build context, verifying that is downloadable from [incrementals (https://repo.jenkins-ci.org/incrementals/, default, releases), central (https://repo.maven.apache.org/maven2, default, releases)]
[INFO] Artifact org.jenkins-ci.tools:maven-hpi-plugin:jar:3.1814.v77d15159f9b_d is present in the local repository, but cached from a remote repository ID that is unavailable in current build context, verifying that is downloadable from [incrementals (https://repo.jenkins-ci.org/incrementals/, default, releases), central (https://repo.maven.apache.org/maven2, default, releases)]
[WARNING] Failed to build parent project for org.jenkins-ci.plugins:badge:hpi:3.999999-SNAPSHOT
[INFO] 
[INFO] --------------------< org.jenkins-ci.plugins:badge >--------------------
[INFO] Building Badge 3.999999-SNAPSHOT
[INFO]   from pom.xml
[INFO] --------------------------------[ hpi ]---------------------------------
[INFO] 
[INFO] --- clean:3.5.0:clean (default-clean) @ badge ---
[INFO] 
[INFO] --- hpi:3.1814.v77d15159f9b_d:validate (default-validate) @ badge ---
[INFO] Created marker file /tmp/plugin-builds/badge/target/java-level/17
[INFO] 
[INFO] --- hpi:3.1814.v77d15159f9b_d:validate-hpi (default-validate-hpi) @ badge ---
[INFO] 
[INFO] --- enforcer:3.6.2:enforce (display-info) @ badge ---
[INFO] Rule 0: io.jenkins.tools.incrementals.enforcer.RequireExtensionVersion passed
[INFO] Rule 1: org.apache.maven.enforcer.rules.version.RequireMavenVersion passed
[INFO] Rule 2: org.apache.maven.enforcer.rules.version.RequireJavaVersion passed
[INFO] Rule 3: org.apache.maven.enforcer.rules.version.RequireJavaVersion passed
[INFO] Rule 4: org.apache.maven.enforcer.rules.RequirePluginVersions passed
[INFO] Rule 5: org.codehaus.mojo.extraenforcer.dependencies.EnforceBytecodeVersion passed
[INFO] Rule 6: org.apache.maven.enforcer.rules.dependency.BannedDependencies passed
[INFO] Rule 7: org.apache.maven.enforcer.rules.dependency.BannedDependencies passed
[INFO] Rule 8: org.apache.maven.enforcer.rules.dependency.RequireUpperBoundDeps passed
[INFO] 
[INFO] --- enforcer:3.6.2:enforce (no-snapshots-in-release) @ badge ---
[INFO] Rule 0: org.apache.maven.enforcer.rules.dependency.RequireReleaseDeps passed
[INFO] 
[INFO] --- localizer:1.31:generate (default) @ badge ---
[INFO] 
[INFO] --- enforcer:3.6.2:enforce (check-junit-imports) @ badge ---
[INFO] Rule 0: org.apache.maven.plugins.enforcer.RestrictImports passed
[INFO] 
[INFO] --- enforcer:3.6.2:enforce (check-commons-lang-imports) @ badge ---
[INFO] Skipping Rule Enforcement.
[INFO] 
[INFO] --- enforcer:3.6.2:enforce (check-deprecated-stapler-imports) @ badge ---
[INFO] Skipping Rule Enforcement.
[INFO] 
[INFO] --- resources:3.5.0:resources (default-resources) @ badge ---
[INFO] Copying 52 resources from src/main/resources to target/classes
[INFO] 
[INFO] --- flatten:1.7.3:flatten (flatten) @ badge ---
[INFO] Generating flattened POM of project org.jenkins-ci.plugins:badge:hpi:3.999999-SNAPSHOT...
[INFO] 
[INFO] --- compiler:3.15.0:compile (default-compile) @ badge ---
[INFO] Recompiling the module because of changed source code.
[INFO] Compiling 16 source files with javac [debug parameters release 17] to target/classes
[WARNING] unknown enum constant javax.annotation.meta.When.ALWAYS
  reason: class file for javax.annotation.meta.When not found
[INFO] com.jenkinsci.plugins.badge.decorator.BadgePageDecorator indexed under hudson.Extension
[INFO] com.jenkinsci.plugins.badge.detail.BadgeDetail.BadgeDetailGroup indexed under hudson.Extension
[INFO] com.jenkinsci.plugins.badge.detail.BadgeDetail.BadgeDetailFactory indexed under hudson.Extension
[INFO] com.jenkinsci.plugins.badge.dsl.AddBadgeStep.DescriptorImpl indexed under hudson.Extension
[INFO] com.jenkinsci.plugins.badge.dsl.AddErrorBadgeStep.DescriptorImpl indexed under hudson.Extension
[INFO] com.jenkinsci.plugins.badge.dsl.AddInfoBadgeStep.DescriptorImpl indexed under hudson.Extension
[INFO] com.jenkinsci.plugins.badge.dsl.AddSummaryStep.DescriptorImpl indexed under hudson.Extension
[INFO] com.jenkinsci.plugins.badge.dsl.AddWarningBadgeStep.DescriptorImpl indexed under hudson.Extension
[INFO] com.jenkinsci.plugins.badge.dsl.RemoveBadgesStep.DescriptorImpl indexed under hudson.Extension
[INFO] com.jenkinsci.plugins.badge.dsl.RemoveSummariesStep.DescriptorImpl indexed under hudson.Extension
[INFO] com.jenkinsci.plugins.badge.tab.SummaryTab.SummaryTabFactory indexed under hudson.Extension
[INFO] /tmp/plugin-builds/badge/src/main/java/com/jenkinsci/plugins/badge/dsl/AddBadgeStep.java:[39,12] Generating com/jenkinsci/plugins/badge/dsl/AddBadgeStep.stapler
[INFO] /tmp/plugin-builds/badge/src/main/java/com/jenkinsci/plugins/badge/dsl/AddErrorBadgeStep.java:[39,12] Generating com/jenkinsci/plugins/badge/dsl/AddErrorBadgeStep.stapler
[INFO] /tmp/plugin-builds/badge/src/main/java/com/jenkinsci/plugins/badge/dsl/AddInfoBadgeStep.java:[39,12] Generating com/jenkinsci/plugins/badge/dsl/AddInfoBadgeStep.stapler
[INFO] /tmp/plugin-builds/badge/src/main/java/com/jenkinsci/plugins/badge/dsl/AddSummaryStep.java:[39,12] Generating com/jenkinsci/plugins/badge/dsl/AddSummaryStep.stapler
[INFO] /tmp/plugin-builds/badge/src/main/java/com/jenkinsci/plugins/badge/dsl/AddWarningBadgeStep.java:[39,12] Generating com/jenkinsci/plugins/badge/dsl/AddWarningBadgeStep.stapler
[INFO] /tmp/plugin-builds/badge/src/main/java/com/jenkinsci/plugins/badge/dsl/RemoveBadgesStep.java:[38,12] Generating com/jenkinsci/plugins/badge/dsl/RemoveBadgesStep.stapler
[INFO] /tmp/plugin-builds/badge/src/main/java/com/jenkinsci/plugins/badge/dsl/RemoveSummariesStep.java:[38,12] Generating com/jenkinsci/plugins/badge/dsl/RemoveSummariesStep.stapler
[INFO] /tmp/plugin-builds/badge/src/main/java/com/jenkinsci/plugins/badge/action/AbstractBadgeAction.java:[49,17] Generating com/jenkinsci/plugins/badge/action/AbstractBadgeAction.javadoc
[WARNING] unknown enum constant javax.annotation.meta.When.ALWAYS
  reason: class file for javax.annotation.meta.When not found
[WARNING] unknown enum constant javax.annotation.meta.When.ALWAYS
  reason: class file for javax.annotation.meta.When not found
[WARNING] /tmp/plugin-builds/badge/src/main/java/com/jenkinsci/plugins/badge/action/BadgeAction.java:[42,9] AbstractBadgeAction(java.lang.String,java.lang.String,java.lang.String,java.lang.String,java.lang.String,java.lang.String) in com.jenkinsci.plugins.badge.action.AbstractBadgeAction has been deprecated and marked for removal
[WARNING] /tmp/plugin-builds/badge/src/main/java/com/jenkinsci/plugins/badge/action/BadgeSummaryAction.java:[41,9] AbstractBadgeAction(java.lang.String,java.lang.String,java.lang.String,java.lang.String,java.lang.String,java.lang.String) in com.jenkinsci.plugins.badge.action.AbstractBadgeAction has been deprecated and marked for removal
[INFO] /tmp/plugin-builds/badge/src/main/java/com/jenkinsci/plugins/badge/tab/SummaryTab.java: /tmp/plugin-builds/badge/src/main/java/com/jenkinsci/plugins/badge/tab/SummaryTab.java uses or overrides a deprecated API.
[INFO] /tmp/plugin-builds/badge/src/main/java/com/jenkinsci/plugins/badge/tab/SummaryTab.java: Recompile with -Xlint:deprecation for details.
[INFO] 
[INFO] --- access-modifier-checker:1.35:enforce (default-enforce) @ badge ---
[INFO] 
[INFO] --- bridge-method-injector:1.32:process (default) @ badge ---
[INFO] 
[INFO] --- hpi:3.1814.v77d15159f9b_d:insert-test (default-insert-test) @ badge ---
[INFO] 
[INFO] --- antrun:3.2.0:run (createTempDir) @ badge ---
[INFO] Executing tasks
[INFO]     [mkdir] Created dir: /tmp/plugin-builds/badge/target/tmp
[INFO] Executed tasks
[INFO] 
[INFO] --- resources:3.5.0:testResources (default-testResources) @ badge ---
[INFO] Not copying test resources
[INFO] 
[INFO] --- compiler:3.15.0:testCompile (default-testCompile) @ badge ---
[INFO] Not compiling test sources
[INFO] 
[INFO] --- hpi:3.1814.v77d15159f9b_d:test-hpl (default-test-hpl) @ badge ---
[INFO] Generating /tmp/plugin-builds/badge/target/test-classes/the.hpl
[INFO] 
[INFO] --- hpi:3.1814.v77d15159f9b_d:resolve-test-dependencies (default-resolve-test-dependencies) @ badge ---
[INFO] 
[INFO] --- hpi:3.1814.v77d15159f9b_d:test-runtime (default-test-runtime) @ badge ---
[INFO] Tests are skipped.
[INFO] 
[INFO] --- surefire:3.5.5:test (default-test) @ badge ---
[INFO] Tests are skipped.
[INFO] 
[INFO] --- license:203.vffb_768f15d51:process (default) @ badge ---
[INFO] Generated /tmp/plugin-builds/badge/target/badge/WEB-INF/licenses.xml
[INFO] 
[INFO] --- hpi:3.1814.v77d15159f9b_d:hpi (default-hpi) @ badge ---
[INFO] Generating /tmp/plugin-builds/badge/target/badge/META-INF/MANIFEST.MF
[INFO] Checking for attached .jar artifact ...
[INFO] Generating jar /tmp/plugin-builds/badge/target/badge.jar
[INFO] Building jar: /tmp/plugin-builds/badge/target/badge.jar
[INFO] Exploding webapp...
[INFO] Copy webapp webResources to /tmp/plugin-builds/badge/target/badge
[INFO] Assembling webapp badge in /tmp/plugin-builds/badge/target/badge
[INFO] Generating hpi /tmp/plugin-builds/badge/target/badge.hpi
[INFO] Building jar: /tmp/plugin-builds/badge/target/badge.hpi
[INFO] 
[INFO] --- jar:3.5.0:test-jar (maybe-test-jar) @ badge ---
[INFO] Skipping packaging of the test-jar
[INFO] 
[INFO] >>> spotbugs:4.9.8.3:check (spotbugs) > :spotbugs @ badge >>>
[INFO] 
[INFO] --- spotbugs:4.9.8.3:spotbugs (spotbugs) @ badge ---
[INFO] Fork Value is true
[INFO] Done SpotBugs Analysis....
[INFO] Skipping com.github.spotbugs:spotbugs-maven-plugin:4.9.8.3:spotbugs report goal
[INFO] 
[INFO] <<< spotbugs:4.9.8.3:check (spotbugs) < :spotbugs @ badge <<<
[INFO] 
[INFO] 
[INFO] --- spotbugs:4.9.8.3:check (spotbugs) @ badge ---
[INFO] BugInstance size is 0
[INFO] Error size is 0
[INFO] No errors/warnings found
[INFO] 
[INFO] --- spotless:3.4.0:check (default) @ badge ---
[INFO] Index file does not exist. Fallback to an empty index
WARNING: A terminally deprecated method in sun.misc.Unsafe has been called
WARNING: sun.misc.Unsafe::staticFieldBase has been called by com.diffplug.spotless.java.ModuleHelper (file:/home/runner/.m2/repository/com/diffplug/spotless/spotless-lib/4.5.0/spotless-lib-4.5.0.jar)
WARNING: Please consider reporting this to the maintainers of class com.diffplug.spotless.java.ModuleHelper
WARNING: sun.misc.Unsafe::staticFieldBase will be removed in a future release
[INFO] Spotless.Java is keeping 34 files clean - 0 needs changes to be clean, 34 were already clean, 0 were skipped because caching determined they were already clean
[INFO] Sorting file /tmp/pom4594542116852127262.xml
[INFO] Pom file is already sorted, exiting
[INFO] Spotless.Pom is keeping 1 files clean - 0 needs changes to be clean, 1 were already clean, 0 were skipped because caching determined they were already clean
[INFO] 
[INFO] --- install:3.1.4:install (default-install) @ badge ---
[INFO] Installing /tmp/plugin-builds/badge/target/badge-3.999999-SNAPSHOT.pom to /home/runner/.m2/repository/org/jenkins-ci/plugins/badge/3.999999-SNAPSHOT/badge-3.999999-SNAPSHOT.pom
[INFO] Installing /tmp/plugin-builds/badge/target/badge.hpi to /home/runner/.m2/repository/org/jenkins-ci/plugins/badge/3.999999-SNAPSHOT/badge-3.999999-SNAPSHOT.hpi
[INFO] Installing /tmp/plugin-builds/badge/target/badge.jar to /home/runner/.m2/repository/org/jenkins-ci/plugins/badge/3.999999-SNAPSHOT/badge-3.999999-SNAPSHOT.jar
[INFO] ------------------------------------------------------------------------
[INFO] BUILD SUCCESS
[INFO] ------------------------------------------------------------------------
[INFO] Total time:  01:05 min
[INFO] Finished at: 2026-04-28T04:42:13Z
[INFO] ------------------------------------------------------------------------
