WARNING: A terminally deprecated method in sun.misc.Unsafe has been called
WARNING: sun.misc.Unsafe::staticFieldBase has been called by com.google.inject.internal.aop.HiddenClassDefiner (file:/usr/share/apache-maven-3.9.11/lib/guice-5.1.0-classes.jar)
WARNING: Please consider reporting this to the maintainers of class com.google.inject.internal.aop.HiddenClassDefiner
WARNING: sun.misc.Unsafe::staticFieldBase will be removed in a future release
[INFO] Scanning for projects...
[INFO] Artifact org.jenkins-ci.tools:maven-hpi-plugin:pom:3.1746.v2e9fe7dc4d95 is present in the local repository, but cached from a remote repository ID that is unavailable in current build context, verifying that is downloadable from [incrementals (https://repo.jenkins-ci.org/incrementals/, default, releases), central (https://repo.maven.apache.org/maven2, default, releases)]
[INFO] Artifact org.jenkins-ci.tools:maven-hpi-plugin:pom:3.1746.v2e9fe7dc4d95 is present in the local repository, but cached from a remote repository ID that is unavailable in current build context, verifying that is downloadable from [incrementals (https://repo.jenkins-ci.org/incrementals/, default, releases), central (https://repo.maven.apache.org/maven2, default, releases)]
[WARNING] The POM for org.jenkins-ci.tools:maven-hpi-plugin:jar:3.1746.v2e9fe7dc4d95 is missing, no dependency information available
[INFO] Artifact org.jenkins-ci.tools:maven-hpi-plugin:jar:3.1746.v2e9fe7dc4d95 is present in the local repository, but cached from a remote repository ID that is unavailable in current build context, verifying that is downloadable from [incrementals (https://repo.jenkins-ci.org/incrementals/, default, releases), central (https://repo.maven.apache.org/maven2, default, releases)]
[INFO] Artifact org.jenkins-ci.tools:maven-hpi-plugin:jar:3.1746.v2e9fe7dc4d95 is present in the local repository, but cached from a remote repository ID that is unavailable in current build context, verifying that is downloadable from [incrementals (https://repo.jenkins-ci.org/incrementals/, default, releases), central (https://repo.maven.apache.org/maven2, default, releases)]
[WARNING] Failed to build parent project for org.jenkins-ci.plugins:bitbucket:hpi:999999-SNAPSHOT
[INFO] 
[INFO] ------------------< org.jenkins-ci.plugins:bitbucket >------------------
[INFO] Building Jenkins Bitbucket Plugin 999999-SNAPSHOT
[INFO]   from pom.xml
[INFO] --------------------------------[ hpi ]---------------------------------
[INFO] 
[INFO] --- clean:3.5.0:clean (default-clean) @ bitbucket ---
[INFO] 
[INFO] --- hpi:3.1746.v2e9fe7dc4d95:validate (default-validate) @ bitbucket ---
[INFO] Created marker file /tmp/plugin-builds/bitbucket/target/java-level/17
[INFO] 
[INFO] --- hpi:3.1746.v2e9fe7dc4d95:validate-hpi (default-validate-hpi) @ bitbucket ---
[INFO] 
[INFO] --- enforcer:3.6.1:enforce (display-info) @ bitbucket ---
[INFO] Rule 0: io.jenkins.tools.incrementals.enforcer.RequireExtensionVersion passed
[INFO] Rule 1: org.apache.maven.enforcer.rules.version.RequireMavenVersion passed
[INFO] Rule 2: org.apache.maven.enforcer.rules.version.RequireJavaVersion passed
[INFO] Rule 3: org.codehaus.mojo.extraenforcer.dependencies.EnforceBytecodeVersion passed
[INFO] Rule 4: org.apache.maven.enforcer.rules.dependency.BannedDependencies passed
[INFO] Rule 5: org.apache.maven.enforcer.rules.dependency.BannedDependencies passed
[INFO] Ignoring requireUpperBoundDeps in com.google.code.findbugs:jsr305
[INFO] Ignoring requireUpperBoundDeps in org.ow2.asm:asm
[INFO] Rule 6: org.apache.maven.enforcer.rules.dependency.RequireUpperBoundDeps passed
[INFO] 
[INFO] --- enforcer:3.6.1:enforce (no-snapshots-in-release) @ bitbucket ---
[INFO] Rule 0: org.apache.maven.enforcer.rules.dependency.RequireReleaseDeps passed
[INFO] 
[INFO] --- localizer:1.31:generate (default) @ bitbucket ---
[INFO] 
[INFO] --- enforcer:3.6.1:enforce (check-junit-imports) @ bitbucket ---
[INFO] Skipping Rule Enforcement.
[INFO] 
[INFO] --- resources:3.3.1:resources (default-resources) @ bitbucket ---
[INFO] Copying 7 resources from src/main/resources to target/classes
[INFO] 
[INFO] --- flatten:1.7.2:flatten (flatten) @ bitbucket ---
[INFO] Generating flattened POM of project org.jenkins-ci.plugins:bitbucket:hpi:999999-SNAPSHOT...
[INFO] 
[INFO] --- compiler:3.14.0:compile (default-compile) @ bitbucket ---
[INFO] Recompiling the module because of changed source code.
[INFO] Compiling 11 source files with javac [debug parameters release 17] to target/classes
[INFO] com.cloudbees.jenkins.plugins.BitBucketMultibranchTrigger.MultibranchDescriptor indexed under hudson.Extension
[INFO] com.cloudbees.jenkins.plugins.BitBucketTrigger.DescriptorImpl indexed under hudson.Extension
[INFO] com.cloudbees.jenkins.plugins.BitbucketCrumbExclusion indexed under hudson.Extension
[INFO] com.cloudbees.jenkins.plugins.BitbucketEnvironmentContributor indexed under hudson.Extension
[INFO] com.cloudbees.jenkins.plugins.BitbucketHookReceiver indexed under hudson.Extension
[INFO] com.cloudbees.jenkins.plugins.extensions.dsl.BitbucketHookJobDslExtension indexed under hudson.Extension
[INFO] /tmp/plugin-builds/bitbucket/src/main/java/com/cloudbees/jenkins/plugins/BitBucketMultibranchTrigger.java:[26,12] Generating com/cloudbees/jenkins/plugins/BitBucketMultibranchTrigger.stapler
[INFO] /tmp/plugin-builds/bitbucket/src/main/java/com/cloudbees/jenkins/plugins/BitBucketTrigger.java:[40,12] Generating com/cloudbees/jenkins/plugins/BitBucketTrigger.stapler
[INFO] /tmp/plugin-builds/bitbucket/src/main/java/com/cloudbees/jenkins/plugins/BitBucketMultibranchTrigger.java:[51,31] Generating com/cloudbees/jenkins/plugins/BitBucketMultibranchTrigger/MultibranchDescriptor/doCheckOverrideUrl.stapler
[INFO] /tmp/plugin-builds/bitbucket/src/main/java/com/cloudbees/jenkins/plugins/BitBucketTrigger.java: Some input files use or override a deprecated API.
[INFO] /tmp/plugin-builds/bitbucket/src/main/java/com/cloudbees/jenkins/plugins/BitBucketTrigger.java: Recompile with -Xlint:deprecation for details.
[INFO] 
[INFO] --- access-modifier-checker:1.35:enforce (default-enforce) @ bitbucket ---
[WARNING] null Failed to find class file for com.cloudbees.jenkins.plugins.bitbucket.api.*
[INFO] 
[INFO] --- bridge-method-injector:1.32:process (default) @ bitbucket ---
[INFO] 
[INFO] --- hpi:3.1746.v2e9fe7dc4d95:insert-test (default-insert-test) @ bitbucket ---
[INFO] 
[INFO] --- antrun:3.1.0:run (createTempDir) @ bitbucket ---
[INFO] Executing tasks
[INFO]     [mkdir] Created dir: /tmp/plugin-builds/bitbucket/target/tmp
[INFO] Executed tasks
[INFO] 
[INFO] --- resources:3.3.1:testResources (default-testResources) @ bitbucket ---
[INFO] Not copying test resources
[INFO] 
[INFO] --- compiler:3.14.0:testCompile (default-testCompile) @ bitbucket ---
[INFO] Not compiling test sources
[INFO] 
[INFO] --- hpi:3.1746.v2e9fe7dc4d95:test-hpl (default-test-hpl) @ bitbucket ---
[INFO] Generating /tmp/plugin-builds/bitbucket/target/test-classes/the.hpl
[INFO] 
[INFO] --- hpi:3.1746.v2e9fe7dc4d95:resolve-test-dependencies (default-resolve-test-dependencies) @ bitbucket ---
[INFO] 
[INFO] --- hpi:3.1746.v2e9fe7dc4d95:test-runtime (default-test-runtime) @ bitbucket ---
[INFO] Tests are skipped.
[INFO] 
[INFO] --- surefire:3.5.2:test (default-test) @ bitbucket ---
[INFO] Tests are skipped.
[INFO] 
[INFO] --- license:184.v19c87b_6b_a_9a_c:process (default) @ bitbucket ---
[INFO] Generated /tmp/plugin-builds/bitbucket/target/bitbucket/WEB-INF/licenses.xml
[INFO] 
[INFO] --- hpi:3.1746.v2e9fe7dc4d95:hpi (default-hpi) @ bitbucket ---
[INFO] Generating /tmp/plugin-builds/bitbucket/target/bitbucket/META-INF/MANIFEST.MF
[INFO] Checking for attached .jar artifact ...
[INFO] Generating jar /tmp/plugin-builds/bitbucket/target/bitbucket.jar
[INFO] Building jar: /tmp/plugin-builds/bitbucket/target/bitbucket.jar
[INFO] Exploding webapp...
[INFO] Copy webapp webResources to /tmp/plugin-builds/bitbucket/target/bitbucket
[INFO] Assembling webapp bitbucket in /tmp/plugin-builds/bitbucket/target/bitbucket
[INFO] Generating hpi /tmp/plugin-builds/bitbucket/target/bitbucket.hpi
[INFO] Building jar: /tmp/plugin-builds/bitbucket/target/bitbucket.hpi
[INFO] 
[INFO] --- jar:3.4.2:test-jar (maybe-test-jar) @ bitbucket ---
[INFO] Skipping packaging of the test-jar
[INFO] 
[INFO] >>> spotbugs:4.9.3.2:check (spotbugs) > :spotbugs @ bitbucket >>>
[INFO] 
[INFO] --- spotbugs:4.9.3.2:spotbugs (spotbugs) @ bitbucket ---
[INFO] Fork Value is true
[INFO] Done SpotBugs Analysis....
[INFO] Rendering content with org.apache.maven.skins:maven-fluido-skin:jar:2.0.0-M9 skin
[INFO] 
[INFO] <<< spotbugs:4.9.3.2:check (spotbugs) < :spotbugs @ bitbucket <<<
[INFO] 
[INFO] 
[INFO] --- spotbugs:4.9.3.2:check (spotbugs) @ bitbucket ---
[INFO] BugInstance size is 0
[INFO] Error size is 0
[INFO] No errors/warnings found
[INFO] 
[INFO] --- spotless:2.46.1:check (default) @ bitbucket ---
[INFO] Spotless check skipped
[INFO] 
[INFO] --- install:3.1.4:install (default-install) @ bitbucket ---
[INFO] Installing /tmp/plugin-builds/bitbucket/target/bitbucket-999999-SNAPSHOT.pom to /home/runner/.m2/repository/org/jenkins-ci/plugins/bitbucket/999999-SNAPSHOT/bitbucket-999999-SNAPSHOT.pom
[INFO] Installing /tmp/plugin-builds/bitbucket/target/bitbucket.hpi to /home/runner/.m2/repository/org/jenkins-ci/plugins/bitbucket/999999-SNAPSHOT/bitbucket-999999-SNAPSHOT.hpi
[INFO] Installing /tmp/plugin-builds/bitbucket/target/bitbucket.jar to /home/runner/.m2/repository/org/jenkins-ci/plugins/bitbucket/999999-SNAPSHOT/bitbucket-999999-SNAPSHOT.jar
[INFO] ------------------------------------------------------------------------
[INFO] BUILD SUCCESS
[INFO] ------------------------------------------------------------------------
[INFO] Total time:  59.067 s
[INFO] Finished at: 2025-09-16T02:30:17Z
[INFO] ------------------------------------------------------------------------
