WARNING: A restricted method in java.lang.System has been called
WARNING: java.lang.System::load has been called by org.fusesource.jansi.internal.JansiLoader in an unnamed module (file:/home/poddingue/.sdkman/candidates/maven/current/lib/jansi-2.4.1.jar)
WARNING: Use --enable-native-access=ALL-UNNAMED to avoid a warning for callers in this module
WARNING: Restricted methods will be blocked in a future release unless native access is enabled

WARNING: A terminally deprecated method in sun.misc.Unsafe has been called
WARNING: sun.misc.Unsafe::objectFieldOffset has been called by com.google.common.util.concurrent.AbstractFuture$UnsafeAtomicHelper (file:/home/poddingue/.sdkman/candidates/maven/current/lib/guava-33.2.1-jre.jar)
WARNING: Please consider reporting this to the maintainers of class com.google.common.util.concurrent.AbstractFuture$UnsafeAtomicHelper
WARNING: sun.misc.Unsafe::objectFieldOffset will be removed in a future release
[INFO] Scanning for projects...
[INFO] ------------------------------------------------------------------------
[INFO] Reactor Build Order:
[INFO] 
[INFO] Blue Ocean Parent                                                  [pom]
[INFO] Jenkins Design Language                                            [hpi]
[INFO] Blue Ocean Core JS                                                 [hpi]
[INFO] Common API for Blue Ocean                                          [hpi]
[INFO] REST API for Blue Ocean                                            [hpi]
[INFO] i18n for Blue Ocean                                                [hpi]
[INFO] Web for Blue Ocean                                                 [hpi]
[INFO] Pipeline SCM API for Blue Ocean                                    [hpi]
[INFO] JWT for Blue Ocean                                                 [hpi]
[INFO] REST Implementation for Blue Ocean                                 [hpi]
[INFO] Pipeline implementation for Blue Ocean                             [hpi]
[INFO] Events API for Blue Ocean                                          [hpi]
[INFO] Dashboard for Blue Ocean                                           [hpi]
[INFO] Personalization for Blue Ocean                                     [hpi]
[INFO] Config API for Blue Ocean                                          [hpi]
[INFO] GitHub Pipeline for Blue Ocean                                     [hpi]
[INFO] Git Pipeline for Blue Ocean                                        [hpi]
[INFO] Bitbucket Pipeline for Blue Ocean                                  [hpi]
[INFO] Blue Ocean Pipeline Editor                                         [hpi]
[INFO] DEPRECATED Blue Ocean Executor Info                                [hpi]
[INFO] Blue Ocean                                                         [hpi]
[INFO] JIRA Integration for Blue Ocean                                    [hpi]
[INFO] 
[INFO] ---------------< io.jenkins.blueocean:blueocean-parent >----------------
[INFO] Building Blue Ocean Parent 1.27.22-SNAPSHOT                       [1/22]
[INFO]   from pom.xml
[INFO] --------------------------------[ pom ]---------------------------------
[INFO] 
[INFO] --- clean:3.4.0:clean (default-clean) @ blueocean-parent ---
[INFO] 
[INFO] --- enforcer:3.5.0:enforce (display-info) @ blueocean-parent ---
[INFO] Rule 0: io.jenkins.tools.incrementals.enforcer.RequireExtensionVersion passed
[INFO] Rule 1: org.apache.maven.enforcer.rules.version.RequireMavenVersion passed
[INFO] Rule 2: org.apache.maven.enforcer.rules.version.RequireJavaVersion passed
[INFO] Rule 3: org.codehaus.mojo.extraenforcer.dependencies.EnforceBytecodeVersion passed
[INFO] Rule 4: org.apache.maven.enforcer.rules.dependency.BannedDependencies passed
[INFO] Rule 5: org.apache.maven.enforcer.rules.dependency.BannedDependencies passed
[INFO] Rule 6: org.apache.maven.enforcer.rules.dependency.RequireUpperBoundDeps passed
[INFO] 
[INFO] --- enforcer:3.5.0:enforce (no-snapshots-in-release) @ blueocean-parent ---
[INFO] Rule 0: org.apache.maven.enforcer.rules.dependency.RequireReleaseDeps passed
[INFO] 
[INFO] --- enforcer:3.5.0:enforce (enforce-banned-dependencies) @ blueocean-parent ---
[INFO] Rule 0: org.apache.maven.enforcer.rules.dependency.BannedDependencies passed
[INFO] 
[INFO] --- localizer:1.31:generate (default) @ blueocean-parent ---
[INFO] 
[INFO] --- flatten:1.6.0:flatten (flatten) @ blueocean-parent ---
[INFO] Generating flattened POM of project io.jenkins.blueocean:blueocean-parent:pom:1.27.22-SNAPSHOT...
[INFO] 
[INFO] --- antrun:3.1.0:run (createTempDir) @ blueocean-parent ---
[INFO] Executing tasks
[INFO]     [mkdir] Created dir: /tmp/plugin-builds/blueocean-pipeline-scm-api/target/tmp
[INFO] Executed tasks
[INFO] 
[INFO] --- license:165.v7e11f4e4a_325:process (default) @ blueocean-parent ---
[INFO] 
[INFO] --- jar:3.4.2:test-jar (maybe-test-jar) @ blueocean-parent ---
[INFO] Skipping packaging of the test-jar
[INFO] 
[INFO] >>> spotbugs:4.8.3.1:check (spotbugs) > :spotbugs @ blueocean-parent >>>
[INFO] 
[INFO] --- spotbugs:4.8.3.1:spotbugs (spotbugs) @ blueocean-parent ---
[INFO] 
[INFO] <<< spotbugs:4.8.3.1:check (spotbugs) < :spotbugs @ blueocean-parent <<<
[INFO] 
[INFO] 
[INFO] --- spotbugs:4.8.3.1:check (spotbugs) @ blueocean-parent ---
[INFO] Spotbugs plugin skipped
[INFO] 
[INFO] --- spotless:2.44.2:check (default) @ blueocean-parent ---
[INFO] Spotless check skipped
[INFO] 
[INFO] --- install:3.1.3:install (default-install) @ blueocean-parent ---
[INFO] Installing /tmp/plugin-builds/blueocean-pipeline-scm-api/target/blueocean-parent-1.27.22-SNAPSHOT.pom to /home/poddingue/.m2/repository/io/jenkins/blueocean/blueocean-parent/1.27.22-SNAPSHOT/blueocean-parent-1.27.22-SNAPSHOT.pom
[INFO] 
[INFO] ------------< io.jenkins.blueocean:jenkins-design-language >------------
[INFO] Building Jenkins Design Language 1.27.22-SNAPSHOT                 [2/22]
[INFO]   from jenkins-design-language/pom.xml
[INFO] --------------------------------[ hpi ]---------------------------------
[INFO] 
[INFO] --- clean:3.4.0:clean (default-clean) @ jenkins-design-language ---
[INFO] 
[INFO] --- hpi:3.61:validate (default-validate) @ jenkins-design-language ---
[INFO] Created marker file /tmp/plugin-builds/blueocean-pipeline-scm-api/jenkins-design-language/target/java-level/17
[INFO] 
[INFO] --- hpi:3.61:validate-hpi (default-validate-hpi) @ jenkins-design-language ---
[INFO] 
[INFO] --- enforcer:3.5.0:enforce (display-info) @ jenkins-design-language ---
[INFO] Rule 3: org.codehaus.mojo.extraenforcer.dependencies.EnforceBytecodeVersion passed
[INFO] Rule 4: org.apache.maven.enforcer.rules.dependency.BannedDependencies passed
[INFO] Rule 5: org.apache.maven.enforcer.rules.dependency.BannedDependencies passed
[INFO] Rule 6: org.apache.maven.enforcer.rules.dependency.RequireUpperBoundDeps passed
[INFO] 
[INFO] --- enforcer:3.5.0:enforce (no-snapshots-in-release) @ jenkins-design-language ---
[INFO] Rule 0: org.apache.maven.enforcer.rules.dependency.RequireReleaseDeps passed
[INFO] 
[INFO] --- enforcer:3.5.0:enforce (enforce-banned-dependencies) @ jenkins-design-language ---
[INFO] Rule 0: org.apache.maven.enforcer.rules.dependency.BannedDependencies passed
[INFO] 
[INFO] --- blueocean:0.0.3:process-node-dependencies (upstream-dependencies) @ jenkins-design-language ---
[INFO] No upstream blueocean dependencies found for: jenkins-design-language
[INFO] 
[INFO] --- frontend:1.15.1:install-node-and-npm (install node and npm) @ jenkins-design-language ---
[INFO] Installing node version v10.13.0
[INFO] Unpacking /home/poddingue/.m2/repository/com/github/eirslett/node/10.13.0/node-10.13.0-linux-x64.tar.gz into /tmp/plugin-builds/blueocean-pipeline-scm-api/jenkins-design-language/node/tmp
[INFO] Copying node binary from /tmp/plugin-builds/blueocean-pipeline-scm-api/jenkins-design-language/node/tmp/node-v10.13.0-linux-x64/bin/node to /tmp/plugin-builds/blueocean-pipeline-scm-api/jenkins-design-language/node/node
[INFO] Installed node locally.
[INFO] Installing npm version 6.14.4
[INFO] Unpacking /home/poddingue/.m2/repository/com/github/eirslett/npm/6.14.4/npm-6.14.4.tar.gz into /tmp/plugin-builds/blueocean-pipeline-scm-api/jenkins-design-language/node/node_modules
[INFO] Installed npm locally.
[INFO] 
[INFO] --- frontend:1.15.1:npm (npm install) @ jenkins-design-language ---
[INFO] Running 'npm install' in /tmp/plugin-builds/blueocean-pipeline-scm-api/jenkins-design-language
[INFO] 
[INFO] > node-sass@7.0.0 install /tmp/plugin-builds/blueocean-pipeline-scm-api/jenkins-design-language/node_modules/node-sass
[INFO] > node scripts/install.js
[INFO] 
[INFO] Segmentation fault
[INFO] npm WARN optional SKIPPING OPTIONAL DEPENDENCY: @esbuild/linux-loong64@0.15.7 (node_modules/@esbuild/linux-loong64):
[INFO] npm WARN notsup SKIPPING OPTIONAL DEPENDENCY: Unsupported platform for @esbuild/linux-loong64@0.15.7: wanted {"os":"linux","arch":"loong64"} (current: {"os":"linux","arch":"x64"})
[INFO] npm WARN optional SKIPPING OPTIONAL DEPENDENCY: fsevents@2.3.3 (node_modules/sass/node_modules/fsevents):
[INFO] npm WARN notsup SKIPPING OPTIONAL DEPENDENCY: Unsupported platform for fsevents@2.3.3: wanted {"os":"darwin","arch":"any"} (current: {"os":"linux","arch":"x64"})
[INFO] npm WARN optional SKIPPING OPTIONAL DEPENDENCY: fsevents@1.2.13 (node_modules/fsevents):
[INFO] npm WARN notsup SKIPPING OPTIONAL DEPENDENCY: Unsupported platform for fsevents@1.2.13: wanted {"os":"darwin","arch":"any"} (current: {"os":"linux","arch":"x64"})
[INFO] npm WARN optional SKIPPING OPTIONAL DEPENDENCY: esbuild-windows-64@0.15.7 (node_modules/esbuild-windows-64):
[INFO] npm WARN notsup SKIPPING OPTIONAL DEPENDENCY: Unsupported platform for esbuild-windows-64@0.15.7: wanted {"os":"win32","arch":"x64"} (current: {"os":"linux","arch":"x64"})
[INFO] npm WARN optional SKIPPING OPTIONAL DEPENDENCY: esbuild-windows-arm64@0.15.7 (node_modules/esbuild-windows-arm64):
[INFO] npm WARN notsup SKIPPING OPTIONAL DEPENDENCY: Unsupported platform for esbuild-windows-arm64@0.15.7: wanted {"os":"win32","arch":"arm64"} (current: {"os":"linux","arch":"x64"})
[INFO] npm WARN optional SKIPPING OPTIONAL DEPENDENCY: esbuild-windows-32@0.15.7 (node_modules/esbuild-windows-32):
[INFO] npm WARN notsup SKIPPING OPTIONAL DEPENDENCY: Unsupported platform for esbuild-windows-32@0.15.7: wanted {"os":"win32","arch":"ia32"} (current: {"os":"linux","arch":"x64"})
[INFO] npm WARN optional SKIPPING OPTIONAL DEPENDENCY: esbuild-sunos-64@0.15.7 (node_modules/esbuild-sunos-64):
[INFO] npm WARN notsup SKIPPING OPTIONAL DEPENDENCY: Unsupported platform for esbuild-sunos-64@0.15.7: wanted {"os":"sunos","arch":"x64"} (current: {"os":"linux","arch":"x64"})
[INFO] npm WARN optional SKIPPING OPTIONAL DEPENDENCY: esbuild-openbsd-64@0.15.7 (node_modules/esbuild-openbsd-64):
[INFO] npm WARN notsup SKIPPING OPTIONAL DEPENDENCY: Unsupported platform for esbuild-openbsd-64@0.15.7: wanted {"os":"openbsd","arch":"x64"} (current: {"os":"linux","arch":"x64"})
[INFO] npm WARN optional SKIPPING OPTIONAL DEPENDENCY: esbuild-linux-s390x@0.15.7 (node_modules/esbuild-linux-s390x):
[INFO] npm WARN notsup SKIPPING OPTIONAL DEPENDENCY: Unsupported platform for esbuild-linux-s390x@0.15.7: wanted {"os":"linux","arch":"s390x"} (current: {"os":"linux","arch":"x64"})
[INFO] npm WARN optional SKIPPING OPTIONAL DEPENDENCY: esbuild-netbsd-64@0.15.7 (node_modules/esbuild-netbsd-64):
[INFO] npm WARN notsup SKIPPING OPTIONAL DEPENDENCY: Unsupported platform for esbuild-netbsd-64@0.15.7: wanted {"os":"netbsd","arch":"x64"} (current: {"os":"linux","arch":"x64"})
[INFO] npm WARN optional SKIPPING OPTIONAL DEPENDENCY: esbuild-linux-riscv64@0.15.7 (node_modules/esbuild-linux-riscv64):
[INFO] npm WARN notsup SKIPPING OPTIONAL DEPENDENCY: Unsupported platform for esbuild-linux-riscv64@0.15.7: wanted {"os":"linux","arch":"riscv64"} (current: {"os":"linux","arch":"x64"})
[INFO] npm WARN optional SKIPPING OPTIONAL DEPENDENCY: esbuild-linux-ppc64le@0.15.7 (node_modules/esbuild-linux-ppc64le):
[INFO] npm WARN notsup SKIPPING OPTIONAL DEPENDENCY: Unsupported platform for esbuild-linux-ppc64le@0.15.7: wanted {"os":"linux","arch":"ppc64"} (current: {"os":"linux","arch":"x64"})
[INFO] npm WARN optional SKIPPING OPTIONAL DEPENDENCY: esbuild-linux-mips64le@0.15.7 (node_modules/esbuild-linux-mips64le):
[INFO] npm WARN notsup SKIPPING OPTIONAL DEPENDENCY: Unsupported platform for esbuild-linux-mips64le@0.15.7: wanted {"os":"linux","arch":"mips64el"} (current: {"os":"linux","arch":"x64"})
[INFO] npm WARN optional SKIPPING OPTIONAL DEPENDENCY: esbuild-linux-arm64@0.15.7 (node_modules/esbuild-linux-arm64):
[INFO] npm WARN notsup SKIPPING OPTIONAL DEPENDENCY: Unsupported platform for esbuild-linux-arm64@0.15.7: wanted {"os":"linux","arch":"arm64"} (current: {"os":"linux","arch":"x64"})
[INFO] npm WARN optional SKIPPING OPTIONAL DEPENDENCY: esbuild-linux-arm@0.15.7 (node_modules/esbuild-linux-arm):
[INFO] npm WARN notsup SKIPPING OPTIONAL DEPENDENCY: Unsupported platform for esbuild-linux-arm@0.15.7: wanted {"os":"linux","arch":"arm"} (current: {"os":"linux","arch":"x64"})
[INFO] npm WARN optional SKIPPING OPTIONAL DEPENDENCY: esbuild-linux-32@0.15.7 (node_modules/esbuild-linux-32):
[INFO] npm WARN notsup SKIPPING OPTIONAL DEPENDENCY: Unsupported platform for esbuild-linux-32@0.15.7: wanted {"os":"linux","arch":"ia32"} (current: {"os":"linux","arch":"x64"})
[INFO] npm WARN optional SKIPPING OPTIONAL DEPENDENCY: esbuild-freebsd-arm64@0.15.7 (node_modules/esbuild-freebsd-arm64):
[INFO] npm WARN notsup SKIPPING OPTIONAL DEPENDENCY: Unsupported platform for esbuild-freebsd-arm64@0.15.7: wanted {"os":"freebsd","arch":"arm64"} (current: {"os":"linux","arch":"x64"})
[INFO] npm WARN optional SKIPPING OPTIONAL DEPENDENCY: esbuild-freebsd-64@0.15.7 (node_modules/esbuild-freebsd-64):
[INFO] npm WARN notsup SKIPPING OPTIONAL DEPENDENCY: Unsupported platform for esbuild-freebsd-64@0.15.7: wanted {"os":"freebsd","arch":"x64"} (current: {"os":"linux","arch":"x64"})
[INFO] npm WARN optional SKIPPING OPTIONAL DEPENDENCY: esbuild-darwin-arm64@0.15.7 (node_modules/esbuild-darwin-arm64):
[INFO] npm WARN notsup SKIPPING OPTIONAL DEPENDENCY: Unsupported platform for esbuild-darwin-arm64@0.15.7: wanted {"os":"darwin","arch":"arm64"} (current: {"os":"linux","arch":"x64"})
[INFO] npm WARN optional SKIPPING OPTIONAL DEPENDENCY: esbuild-darwin-64@0.15.7 (node_modules/esbuild-darwin-64):
[INFO] npm WARN notsup SKIPPING OPTIONAL DEPENDENCY: Unsupported platform for esbuild-darwin-64@0.15.7: wanted {"os":"darwin","arch":"x64"} (current: {"os":"linux","arch":"x64"})
[INFO] npm WARN optional SKIPPING OPTIONAL DEPENDENCY: esbuild-android-arm64@0.15.7 (node_modules/esbuild-android-arm64):
[INFO] npm WARN notsup SKIPPING OPTIONAL DEPENDENCY: Unsupported platform for esbuild-android-arm64@0.15.7: wanted {"os":"android","arch":"arm64"} (current: {"os":"linux","arch":"x64"})
[INFO] npm WARN optional SKIPPING OPTIONAL DEPENDENCY: esbuild-android-64@0.15.7 (node_modules/esbuild-android-64):
[INFO] npm WARN notsup SKIPPING OPTIONAL DEPENDENCY: Unsupported platform for esbuild-android-64@0.15.7: wanted {"os":"android","arch":"x64"} (current: {"os":"linux","arch":"x64"})
[INFO] 
[INFO] npm ERR! code ELIFECYCLE
[INFO] npm ERR! errno 139
[INFO] npm ERR! node-sass@7.0.0 install: `node scripts/install.js`
[INFO] npm ERR! Exit status 139
[INFO] npm ERR! 
[INFO] npm ERR! Failed at the node-sass@7.0.0 install script.
[INFO] npm ERR! This is probably not a problem with npm. There is likely additional logging output above.
[INFO] 
[INFO] npm ERR! A complete log of this run can be found in:
[INFO] npm ERR!     /home/poddingue/.npm/_logs/2025-06-22T19_00_07_382Z-debug.log
[INFO] ------------------------------------------------------------------------
[INFO] Reactor Summary for Blue Ocean Parent 1.27.22-SNAPSHOT:
[INFO] 
[INFO] Blue Ocean Parent .................................. SUCCESS [  2.029 s]
[INFO] Jenkins Design Language ............................ FAILURE [ 23.822 s]
[INFO] Blue Ocean Core JS ................................. SKIPPED
[INFO] Common API for Blue Ocean .......................... SKIPPED
[INFO] REST API for Blue Ocean ............................ SKIPPED
[INFO] i18n for Blue Ocean ................................ SKIPPED
[INFO] Web for Blue Ocean ................................. SKIPPED
[INFO] Pipeline SCM API for Blue Ocean .................... SKIPPED
[INFO] JWT for Blue Ocean ................................. SKIPPED
[INFO] REST Implementation for Blue Ocean ................. SKIPPED
[INFO] Pipeline implementation for Blue Ocean ............. SKIPPED
[INFO] Events API for Blue Ocean .......................... SKIPPED
[INFO] Dashboard for Blue Ocean ........................... SKIPPED
[INFO] Personalization for Blue Ocean ..................... SKIPPED
[INFO] Config API for Blue Ocean .......................... SKIPPED
[INFO] GitHub Pipeline for Blue Ocean ..................... SKIPPED
[INFO] Git Pipeline for Blue Ocean ........................ SKIPPED
[INFO] Bitbucket Pipeline for Blue Ocean .................. SKIPPED
[INFO] Blue Ocean Pipeline Editor ......................... SKIPPED
[INFO] DEPRECATED Blue Ocean Executor Info ................ SKIPPED
[INFO] Blue Ocean ......................................... SKIPPED
[INFO] JIRA Integration for Blue Ocean .................... SKIPPED
[INFO] ------------------------------------------------------------------------
[INFO] BUILD FAILURE
[INFO] ------------------------------------------------------------------------
[INFO] Total time:  26.695 s
[INFO] Finished at: 2025-06-22T21:00:07+02:00
[INFO] ------------------------------------------------------------------------
[ERROR] Failed to execute goal com.github.eirslett:frontend-maven-plugin:1.15.1:npm (npm install) on project jenkins-design-language: Failed to run task: 'npm install' failed. org.apache.commons.exec.ExecuteException: Process exited with an error: 139 (Exit value: 139) -> [Help 1]
[ERROR] 
[ERROR] To see the full stack trace of the errors, re-run Maven with the -e switch.
[ERROR] Re-run Maven using the -X switch to enable full debug logging.
[ERROR] 
[ERROR] For more information about the errors and possible solutions, please read the following articles:
[ERROR] [Help 1] http://cwiki.apache.org/confluence/display/MAVEN/MojoFailureException
[ERROR] 
[ERROR] After correcting the problems, you can resume the build with the command
[ERROR]   mvn <args> -rf :jenkins-design-language
