WARNING: A restricted method in java.lang.System has been called
WARNING: java.lang.System::load has been called by org.fusesource.jansi.internal.JansiLoader in an unnamed module (file:/home/poddingue/.sdkman/candidates/maven/current/lib/jansi-2.4.1.jar)
WARNING: Use --enable-native-access=ALL-UNNAMED to avoid a warning for callers in this module
WARNING: Restricted methods will be blocked in a future release unless native access is enabled

WARNING: A terminally deprecated method in sun.misc.Unsafe has been called
WARNING: sun.misc.Unsafe::objectFieldOffset has been called by com.google.common.util.concurrent.AbstractFuture$UnsafeAtomicHelper (file:/home/poddingue/.sdkman/candidates/maven/current/lib/guava-33.2.1-jre.jar)
WARNING: Please consider reporting this to the maintainers of class com.google.common.util.concurrent.AbstractFuture$UnsafeAtomicHelper
WARNING: sun.misc.Unsafe::objectFieldOffset will be removed in a future release
[INFO] Scanning for projects...
[INFO] 
[INFO] ------------< org.jenkins-ci.plugins:blueocean-display-url >------------
[INFO] Building Display URL for Blue Ocean 2.4.5-SNAPSHOT
[INFO]   from pom.xml
[INFO] --------------------------------[ hpi ]---------------------------------
[INFO] 
[INFO] --- clean:3.4.1:clean (default-clean) @ blueocean-display-url ---
[INFO] 
[INFO] --- hpi:3.61:validate (default-validate) @ blueocean-display-url ---
[INFO] Created marker file /tmp/plugin-builds/blueocean-display-url/target/java-level/17
[INFO] 
[INFO] --- hpi:3.61:validate-hpi (default-validate-hpi) @ blueocean-display-url ---
[INFO] 
[INFO] --- enforcer:3.5.0:enforce (display-info) @ blueocean-display-url ---
[INFO] Rule 0: io.jenkins.tools.incrementals.enforcer.RequireExtensionVersion passed
[INFO] Rule 1: org.apache.maven.enforcer.rules.version.RequireMavenVersion passed
[INFO] Rule 2: org.apache.maven.enforcer.rules.version.RequireJavaVersion passed
[INFO] Rule 3: org.codehaus.mojo.extraenforcer.dependencies.EnforceBytecodeVersion passed
[INFO] Rule 4: org.apache.maven.enforcer.rules.dependency.BannedDependencies passed
[INFO] Rule 5: org.apache.maven.enforcer.rules.dependency.BannedDependencies passed
[INFO] Rule 6: org.apache.maven.enforcer.rules.dependency.RequireUpperBoundDeps passed
[INFO] 
[INFO] --- enforcer:3.5.0:enforce (no-snapshots-in-release) @ blueocean-display-url ---
[INFO] Rule 0: org.apache.maven.enforcer.rules.dependency.RequireReleaseDeps passed
[INFO] 
[INFO] --- localizer:1.31:generate (default) @ blueocean-display-url ---
[INFO] 
[INFO] --- resources:3.3.1:resources (default-resources) @ blueocean-display-url ---
[INFO] Copying 1 resource from src/main/resources to target/classes
[INFO] 
[INFO] --- flatten:1.7.0:flatten (flatten) @ blueocean-display-url ---
[INFO] Generating flattened POM of project org.jenkins-ci.plugins:blueocean-display-url:hpi:2.4.5-SNAPSHOT...
[INFO] 
[INFO] --- compiler:3.14.0:compile (default-compile) @ blueocean-display-url ---
[INFO] Recompiling the module because of changed source code.
[INFO] Compiling 1 source file with javac [debug parameters release 17] to target/classes
[INFO] org.jenkinsci.plugins.blueoceandisplayurl.BlueOceanDisplayURLImpl indexed under hudson.Extension
[INFO] 
[INFO] --- access-modifier-checker:1.34:enforce (default-enforce) @ blueocean-display-url ---
[INFO] Skipping access modifier checks
[INFO] 
[INFO] --- hpi:3.61:insert-test (default-insert-test) @ blueocean-display-url ---
[INFO] 
[INFO] --- antrun:3.1.0:run (createTempDir) @ blueocean-display-url ---
[INFO] Executing tasks
[INFO]     [mkdir] Created dir: /tmp/plugin-builds/blueocean-display-url/target/tmp
[INFO] Executed tasks
[INFO] 
[INFO] --- resources:3.3.1:testResources (default-testResources) @ blueocean-display-url ---
[INFO] Not copying test resources
[INFO] 
[INFO] --- compiler:3.14.0:testCompile (default-testCompile) @ blueocean-display-url ---
[INFO] Not compiling test sources
[INFO] 
[INFO] --- hpi:3.61:test-hpl (default-test-hpl) @ blueocean-display-url ---
[INFO] Generating /tmp/plugin-builds/blueocean-display-url/target/test-classes/the.hpl
[INFO] 
[INFO] --- hpi:3.61:resolve-test-dependencies (default-resolve-test-dependencies) @ blueocean-display-url ---
[INFO] 
[INFO] --- hpi:3.61:test-runtime (default-test-runtime) @ blueocean-display-url ---
[INFO] Tests are skipped.
[INFO] 
[INFO] --- surefire:3.5.2:test (default-test) @ blueocean-display-url ---
[INFO] Tests are skipped.
[INFO] 
[INFO] --- license:165.v7e11f4e4a_325:process (default) @ blueocean-display-url ---
[INFO] 
[INFO] --- hpi:3.61:hpi (default-hpi) @ blueocean-display-url ---
[INFO] Generating /tmp/plugin-builds/blueocean-display-url/target/blueocean-display-url/META-INF/MANIFEST.MF
[INFO] Checking for attached .jar artifact ...
[INFO] Generating jar /tmp/plugin-builds/blueocean-display-url/target/blueocean-display-url.jar
[INFO] Building jar: /tmp/plugin-builds/blueocean-display-url/target/blueocean-display-url.jar
[INFO] Exploding webapp...
[INFO] Copy webapp webResources to /tmp/plugin-builds/blueocean-display-url/target/blueocean-display-url
[INFO] Assembling webapp blueocean-display-url in /tmp/plugin-builds/blueocean-display-url/target/blueocean-display-url
[INFO] Generating hpi /tmp/plugin-builds/blueocean-display-url/target/blueocean-display-url.hpi
[INFO] Building jar: /tmp/plugin-builds/blueocean-display-url/target/blueocean-display-url.hpi
[INFO] 
[INFO] --- jar:3.4.2:test-jar (maybe-test-jar) @ blueocean-display-url ---
[INFO] Skipping packaging of the test-jar
[INFO] 
[INFO] >>> spotbugs:4.9.2.0:check (spotbugs) > :spotbugs @ blueocean-display-url >>>
[INFO] 
[INFO] --- spotbugs:4.9.2.0:spotbugs (spotbugs) @ blueocean-display-url ---
[INFO] Skipping com.github.spotbugs:spotbugs-maven-plugin:4.9.2.0:spotbugs report goal
[INFO] 
[INFO] <<< spotbugs:4.9.2.0:check (spotbugs) < :spotbugs @ blueocean-display-url <<<
[INFO] 
[INFO] 
[INFO] --- spotbugs:4.9.2.0:check (spotbugs) @ blueocean-display-url ---
[INFO] Spotbugs plugin skipped
[INFO] 
[INFO] --- spotless:2.44.3:check (default) @ blueocean-display-url ---
[INFO] Spotless check skipped
[INFO] 
[INFO] --- install:3.1.4:install (default-install) @ blueocean-display-url ---
[INFO] Installing /tmp/plugin-builds/blueocean-display-url/target/blueocean-display-url-2.4.5-SNAPSHOT.pom to /home/poddingue/.m2/repository/org/jenkins-ci/plugins/blueocean-display-url/2.4.5-SNAPSHOT/blueocean-display-url-2.4.5-SNAPSHOT.pom
[INFO] Installing /tmp/plugin-builds/blueocean-display-url/target/blueocean-display-url.hpi to /home/poddingue/.m2/repository/org/jenkins-ci/plugins/blueocean-display-url/2.4.5-SNAPSHOT/blueocean-display-url-2.4.5-SNAPSHOT.hpi
[INFO] Installing /tmp/plugin-builds/blueocean-display-url/target/blueocean-display-url.jar to /home/poddingue/.m2/repository/org/jenkins-ci/plugins/blueocean-display-url/2.4.5-SNAPSHOT/blueocean-display-url-2.4.5-SNAPSHOT.jar
[INFO] ------------------------------------------------------------------------
[INFO] BUILD SUCCESS
[INFO] ------------------------------------------------------------------------
[INFO] Total time:  8.265 s
[INFO] Finished at: 2025-06-22T21:06:50+02:00
[INFO] ------------------------------------------------------------------------
