WARNING: A terminally deprecated method in sun.misc.Unsafe has been called
WARNING: sun.misc.Unsafe::staticFieldBase has been called by com.google.inject.internal.aop.HiddenClassDefiner (file:/home/poddingue/.sdkman/candidates/maven/current/lib/guice-5.1.0-classes.jar)
WARNING: Please consider reporting this to the maintainers of class com.google.inject.internal.aop.HiddenClassDefiner
WARNING: sun.misc.Unsafe::staticFieldBase will be removed in a future release
[INFO] Scanning for projects...
[INFO] ------------------------------------------------------------------------
[INFO] Reactor Build Order:
[INFO] 
[INFO] Blue Ocean Parent                                                  [pom]
[INFO] Jenkins Design Language                                            [hpi]
[INFO] Blue Ocean Core JS                                                 [hpi]
[INFO] Common API for Blue Ocean                                          [hpi]
[INFO] REST API for Blue Ocean                                            [hpi]
[INFO] i18n for Blue Ocean                                                [hpi]
[INFO] Web for Blue Ocean                                                 [hpi]
[INFO] Pipeline SCM API for Blue Ocean                                    [hpi]
[INFO] JWT for Blue Ocean                                                 [hpi]
[INFO] REST Implementation for Blue Ocean                                 [hpi]
[INFO] Pipeline implementation for Blue Ocean                             [hpi]
[INFO] Events API for Blue Ocean                                          [hpi]
[INFO] Dashboard for Blue Ocean                                           [hpi]
[INFO] Personalization for Blue Ocean                                     [hpi]
[INFO] Config API for Blue Ocean                                          [hpi]
[INFO] GitHub Pipeline for Blue Ocean                                     [hpi]
[INFO] Git Pipeline for Blue Ocean                                        [hpi]
[INFO] Bitbucket Pipeline for Blue Ocean                                  [hpi]
[INFO] Blue Ocean Pipeline Editor                                         [hpi]
[INFO] DEPRECATED Blue Ocean Executor Info                                [hpi]
[INFO] Blue Ocean                                                         [hpi]
[INFO] JIRA Integration for Blue Ocean                                    [hpi]
[INFO] 
[INFO] Using the MultiThreadedBuilder implementation with a thread count of 4
[INFO] 
[INFO] ---------------< io.jenkins.blueocean:blueocean-parent >----------------
[INFO] Building Blue Ocean Parent 1.27.22-SNAPSHOT                       [1/22]
[INFO]   from pom.xml
[INFO] --------------------------------[ pom ]---------------------------------
[WARNING] *****************************************************************
[WARNING] * Your build is requesting parallel execution, but this         *
[WARNING] * project contains the following plugin(s) that have goals not  *
[WARNING] * marked as thread-safe to support parallel execution.          *
[WARNING] * While this /may/ work fine, please look for plugin updates    *
[WARNING] * and/or request plugins be made thread-safe.                   *
[WARNING] * If reporting an issue, report it against the plugin in        *
[WARNING] * question, not against Apache Maven.                           *
[WARNING] *****************************************************************
[WARNING] The following plugins are not marked as thread-safe in Blue Ocean Parent:
[WARNING]   io.jenkins.tools.maven:license-maven-plugin:165.v7e11f4e4a_325
[WARNING] 
[WARNING] Enable debug to see precisely which goals are not marked as thread-safe.
[WARNING] *****************************************************************
[INFO] 
[INFO] --- clean:3.4.0:clean (default-clean) @ blueocean-parent ---
[INFO] 
[INFO] --- enforcer:3.5.0:enforce (display-info) @ blueocean-parent ---
[INFO] Rule 0: io.jenkins.tools.incrementals.enforcer.RequireExtensionVersion passed
[INFO] Rule 1: org.apache.maven.enforcer.rules.version.RequireMavenVersion passed
[INFO] Rule 2: org.apache.maven.enforcer.rules.version.RequireJavaVersion passed
[INFO] Rule 3: org.codehaus.mojo.extraenforcer.dependencies.EnforceBytecodeVersion passed
[INFO] Rule 4: org.apache.maven.enforcer.rules.dependency.BannedDependencies passed
[INFO] Rule 5: org.apache.maven.enforcer.rules.dependency.BannedDependencies passed
[INFO] Rule 6: org.apache.maven.enforcer.rules.dependency.RequireUpperBoundDeps passed
[INFO] 
[INFO] --- enforcer:3.5.0:enforce (no-snapshots-in-release) @ blueocean-parent ---
[INFO] Rule 0: org.apache.maven.enforcer.rules.dependency.RequireReleaseDeps passed
[INFO] 
[INFO] --- enforcer:3.5.0:enforce (enforce-banned-dependencies) @ blueocean-parent ---
[INFO] Rule 0: org.apache.maven.enforcer.rules.dependency.BannedDependencies passed
[INFO] 
[INFO] --- localizer:1.31:generate (default) @ blueocean-parent ---
[INFO] 
[INFO] --- flatten:1.6.0:flatten (flatten) @ blueocean-parent ---
[INFO] Generating flattened POM of project io.jenkins.blueocean:blueocean-parent:pom:1.27.22-SNAPSHOT...
[INFO] 
[INFO] --- antrun:3.1.0:run (createTempDir) @ blueocean-parent ---
[INFO] Executing tasks
[INFO]     [mkdir] Created dir: /tmp/plugin-builds/blueocean-github-pipeline/target/tmp
[INFO] Executed tasks
[INFO] 
[INFO] --- license:165.v7e11f4e4a_325:process (default) @ blueocean-parent ---
[INFO] ------------------------------------------------------------------------
[INFO] Reactor Summary for Blue Ocean Parent 1.27.22-SNAPSHOT:
[INFO] 
[INFO] Blue Ocean Parent .................................. FAILURE [  5.390 s]
[INFO] Jenkins Design Language ............................ SKIPPED
[INFO] Blue Ocean Core JS ................................. SKIPPED
[INFO] Common API for Blue Ocean .......................... SKIPPED
[INFO] REST API for Blue Ocean ............................ SKIPPED
[INFO] i18n for Blue Ocean ................................ SKIPPED
[INFO] Web for Blue Ocean ................................. SKIPPED
[INFO] Pipeline SCM API for Blue Ocean .................... SKIPPED
[INFO] JWT for Blue Ocean ................................. SKIPPED
[INFO] REST Implementation for Blue Ocean ................. SKIPPED
[INFO] Pipeline implementation for Blue Ocean ............. SKIPPED
[INFO] Events API for Blue Ocean .......................... SKIPPED
[INFO] Dashboard for Blue Ocean ........................... SKIPPED
[INFO] Personalization for Blue Ocean ..................... SKIPPED
[INFO] Config API for Blue Ocean .......................... SKIPPED
[INFO] GitHub Pipeline for Blue Ocean ..................... SKIPPED
[INFO] Git Pipeline for Blue Ocean ........................ SKIPPED
[INFO] Bitbucket Pipeline for Blue Ocean .................. SKIPPED
[INFO] Blue Ocean Pipeline Editor ......................... SKIPPED
[INFO] DEPRECATED Blue Ocean Executor Info ................ SKIPPED
[INFO] Blue Ocean ......................................... SKIPPED
[INFO] JIRA Integration for Blue Ocean .................... SKIPPED
[INFO] ------------------------------------------------------------------------
[INFO] BUILD FAILURE
[INFO] ------------------------------------------------------------------------
[INFO] Total time:  8.138 s (Wall Clock)
[INFO] Finished at: 2025-08-22T18:18:35+02:00
[INFO] ------------------------------------------------------------------------
[ERROR] BUG! exception in phase 'semantic analysis' in source unit 'inlineScript' Unsupported class file major version 69 -> [Help 1]
[ERROR] BUG! exception in phase 'semantic analysis' in source unit 'inlineScript' Unsupported class file major version 69
[ERROR] 
[ERROR] To see the full stack trace of the errors, re-run Maven with the -e switch.
[ERROR] Re-run Maven using the -X switch to enable full debug logging.
[ERROR] 
[ERROR] For more information about the errors and possible solutions, please read the following articles:
[ERROR] [Help 1] http://cwiki.apache.org/confluence/display/MAVEN/GroovyBugError
