WARNING: A restricted method in java.lang.System has been called
WARNING: java.lang.System::load has been called by org.fusesource.jansi.internal.JansiLoader in an unnamed module (file:/home/poddingue/.sdkman/candidates/maven/current/lib/jansi-2.4.1.jar)
WARNING: Use --enable-native-access=ALL-UNNAMED to avoid a warning for callers in this module
WARNING: Restricted methods will be blocked in a future release unless native access is enabled

WARNING: A terminally deprecated method in sun.misc.Unsafe has been called
WARNING: sun.misc.Unsafe::objectFieldOffset has been called by com.google.common.util.concurrent.AbstractFuture$UnsafeAtomicHelper (file:/home/poddingue/.sdkman/candidates/maven/current/lib/guava-33.2.1-jre.jar)
WARNING: Please consider reporting this to the maintainers of class com.google.common.util.concurrent.AbstractFuture$UnsafeAtomicHelper
WARNING: sun.misc.Unsafe::objectFieldOffset will be removed in a future release
[INFO] Scanning for projects...
[INFO] 
[INFO] -----------------< io.jenkins.plugins:bootstrap5-api >------------------
[INFO] Building Bootstrap 5 API Plugin 5.3.7-2-SNAPSHOT
[INFO]   from pom.xml
[INFO] --------------------------------[ hpi ]---------------------------------
[INFO] 
[INFO] --- clean:3.4.1:clean (default-clean) @ bootstrap5-api ---
[INFO] Deleting /tmp/plugin-builds/bootstrap5-api (includes = [package-lock.json], excludes = [])
[INFO] 
[INFO] --- hpi:3.61:validate (default-validate) @ bootstrap5-api ---
[INFO] Created marker file /tmp/plugin-builds/bootstrap5-api/target/java-level/17
[INFO] 
[INFO] --- hpi:3.61:validate-hpi (default-validate-hpi) @ bootstrap5-api ---
[INFO] 
[INFO] --- enforcer:3.5.0:enforce (display-info) @ bootstrap5-api ---
[INFO] Rule 0: org.apache.maven.enforcer.rules.dependency.RequireUpperBoundDeps passed
[INFO] Rule 1: io.jenkins.tools.incrementals.enforcer.RequireExtensionVersion passed
[INFO] Rule 2: org.apache.maven.enforcer.rules.version.RequireMavenVersion passed
[INFO] Rule 3: org.apache.maven.enforcer.rules.version.RequireJavaVersion passed
[INFO] Rule 4: org.codehaus.mojo.extraenforcer.dependencies.EnforceBytecodeVersion passed
[INFO] Rule 5: org.apache.maven.enforcer.rules.dependency.BannedDependencies passed
[INFO] Rule 6: org.apache.maven.enforcer.rules.dependency.BannedDependencies passed
[INFO] 
[INFO] --- enforcer:3.5.0:enforce (no-snapshots-in-release) @ bootstrap5-api ---
[INFO] Rule 0: org.apache.maven.enforcer.rules.dependency.RequireReleaseDeps passed
[INFO] 
[INFO] --- frontend:1.15.1:install-node-and-npm (install node and npm) @ bootstrap5-api ---
[INFO] Installing node version v22.13.1
[INFO] Unpacking /home/poddingue/.m2/repository/com/github/eirslett/node/22.13.1/node-22.13.1-linux-x64.tar.gz into /tmp/plugin-builds/bootstrap5-api/node/tmp
[INFO] Copying node binary from /tmp/plugin-builds/bootstrap5-api/node/tmp/node-v22.13.1-linux-x64/bin/node to /tmp/plugin-builds/bootstrap5-api/node/node
[INFO] Installed node locally.
[INFO] Installing npm version 10.9.2
[INFO] Unpacking /home/poddingue/.m2/repository/com/github/eirslett/npm/10.9.2/npm-10.9.2.tar.gz into /tmp/plugin-builds/bootstrap5-api/node/node_modules
[INFO] Installed npm locally.
[INFO] 
[INFO] --- frontend:1.15.1:npm (npm install) @ bootstrap5-api ---
[INFO] Running 'npm install' in /tmp/plugin-builds/bootstrap5-api
[INFO] 
[INFO] added 299 packages, and audited 300 packages in 3s
[INFO] 
[INFO] 134 packages are looking for funding
[INFO]   run `npm fund` for details
[INFO] 
[INFO] found 0 vulnerabilities
[INFO] 
[INFO] --- localizer:1.31:generate (default) @ bootstrap5-api ---
[INFO] 
[INFO] --- frontend:1.15.1:npm (npm mvnbuild) @ bootstrap5-api ---
[INFO] Running 'npm run mvnbuild' in /tmp/plugin-builds/bootstrap5-api
[INFO] 
[INFO] > bootstrap5-api@5.3.7 mvnbuild
[INFO] > npm-run-all css-compile css-prefix
[INFO] 
[INFO] 
[INFO] > bootstrap5-api@5.3.7 css-compile
[INFO] > sass --style compressed --source-map --embed-sources --no-error-css --load-path=node_modules etc/:target/bootstrap5-api/css/
[INFO] 
[INFO] DEPRECATION WARNING [import]: Sass @import rules are deprecated and will be removed in Dart Sass 3.0.0.
[INFO] 
[INFO] More info and automated migrator: https://sass-lang.com/d/import
[INFO] 
[INFO]   ╷
[INFO] 1 │ @import "../node_modules/bootstrap/scss/functions";
[INFO]   │         ^^^^^^^^^^^^^^^^^^^^^^^^^^^^^^^^^^^^^^^^^^
[INFO]   ╵
[INFO]     etc/bootstrap-custom-build.scss 1:9  root stylesheet
[INFO] 
[INFO] DEPRECATION WARNING [import]: Sass @import rules are deprecated and will be removed in Dart Sass 3.0.0.
[INFO] 
[INFO] More info and automated migrator: https://sass-lang.com/d/import
[INFO] 
[INFO]    ╷
[INFO] 21 │ @import "../node_modules/bootstrap/scss/variables";
[INFO]    │         ^^^^^^^^^^^^^^^^^^^^^^^^^^^^^^^^^^^^^^^^^^
[INFO]    ╵
[INFO]     etc/bootstrap-custom-build.scss 21:9  root stylesheet
[INFO] 
[INFO] DEPRECATION WARNING [import]: Sass @import rules are deprecated and will be removed in Dart Sass 3.0.0.
[INFO] 
[INFO] More info and automated migrator: https://sass-lang.com/d/import
[INFO] 
[INFO]    ╷
[INFO] 22 │ @import "../node_modules/bootstrap/scss/variables-dark";
[INFO]    │         ^^^^^^^^^^^^^^^^^^^^^^^^^^^^^^^^^^^^^^^^^^^^^^^
[INFO]    ╵
[INFO]     etc/bootstrap-custom-build.scss 22:9  root stylesheet
[INFO] 
[INFO] DEPRECATION WARNING [import]: Sass @import rules are deprecated and will be removed in Dart Sass 3.0.0.
[INFO] 
[INFO] More info and automated migrator: https://sass-lang.com/d/import
[INFO] 
[INFO]    ╷
[INFO] 23 │ @import "../node_modules/bootstrap/scss/maps";
[INFO]    │         ^^^^^^^^^^^^^^^^^^^^^^^^^^^^^^^^^^^^^
[INFO]    ╵
[INFO]     etc/bootstrap-custom-build.scss 23:9  root stylesheet
[INFO] 
[INFO] DEPRECATION WARNING [import]: Sass @import rules are deprecated and will be removed in Dart Sass 3.0.0.
[INFO] 
[INFO] More info and automated migrator: https://sass-lang.com/d/import
[INFO] 
[INFO]    ╷
[INFO] 24 │ @import "../node_modules/bootstrap/scss/mixins";
[INFO]    │         ^^^^^^^^^^^^^^^^^^^^^^^^^^^^^^^^^^^^^^^
[INFO]    ╵
[INFO]     etc/bootstrap-custom-build.scss 24:9  root stylesheet
[INFO] 
[INFO] DEPRECATION WARNING [global-builtin]: Global built-in functions are deprecated and will be removed in Dart Sass 3.0.0.
[INFO] Use color.mix instead.
[INFO] 
[INFO] More info and automated migrator: https://sass-lang.com/d/import
[INFO] 
[INFO]     ╷
[INFO] 207 │   @return mix(white, $color, $weight);
[INFO]     │           ^^^^^^^^^^^^^^^^^^^^^^^^^^^
[INFO]     ╵
[INFO]     node_modules/bootstrap/scss/_functions.scss 207:11  tint-color()
[INFO]     node_modules/bootstrap/scss/_variables.scss 79:12   @import
[INFO]     etc/bootstrap-custom-build.scss 21:9                root stylesheet
[INFO] 
[INFO] DEPRECATION WARNING [global-builtin]: Global built-in functions are deprecated and will be removed in Dart Sass 3.0.0.
[INFO] Use color.mix instead.
[INFO] 
[INFO] More info and automated migrator: https://sass-lang.com/d/import
[INFO] 
[INFO]     ╷
[INFO] 212 │   @return mix(black, $color, $weight);
[INFO]     │           ^^^^^^^^^^^^^^^^^^^^^^^^^^^
[INFO]     ╵
[INFO]     node_modules/bootstrap/scss/_functions.scss 212:11  shade-color()
[INFO]     node_modules/bootstrap/scss/_variables.scss 84:12   @import
[INFO]     etc/bootstrap-custom-build.scss 21:9                root stylesheet
[INFO] 
[INFO] DEPRECATION WARNING [global-builtin]: Global built-in functions are deprecated and will be removed in Dart Sass 3.0.0.
[INFO] Use color.mix instead.
[INFO] 
[INFO] More info and automated migrator: https://sass-lang.com/d/import
[INFO] 
[INFO]     ╷
[INFO] 342 │ $light-bg-subtle:         mix($gray-100, $white) !default;
[INFO]     │                           ^^^^^^^^^^^^^^^^^^^^^^
[INFO]     ╵
[INFO]     node_modules/bootstrap/scss/_variables.scss 342:27  @import
[INFO]     etc/bootstrap-custom-build.scss 21:9                root stylesheet
[INFO] 
[INFO] DEPRECATION WARNING [global-builtin]: Global built-in functions are deprecated and will be removed in Dart Sass 3.0.0.
[INFO] Use math.unit instead.
[INFO] 
[INFO] More info and automated migrator: https://sass-lang.com/d/import
[INFO] 
[INFO]    ╷
[INFO] 11 │     @if $prev-num == null or unit($num) == "%" or unit($prev-num) == "%" {
[INFO]    │                              ^^^^^^^^^^
[INFO]    ╵
[INFO]     node_modules/bootstrap/scss/_functions.scss 11:30  -assert-ascending()
[INFO]     node_modules/bootstrap/scss/_variables.scss 494:1  @import
[INFO]     etc/bootstrap-custom-build.scss 21:9               root stylesheet
[INFO] 
[INFO] DEPRECATION WARNING [global-builtin]: Global built-in functions are deprecated and will be removed in Dart Sass 3.0.0.
[INFO] Use math.unit instead.
[INFO] 
[INFO] More info and automated migrator: https://sass-lang.com/d/import
[INFO] 
[INFO]    ╷
[INFO] 11 │     @if $prev-num == null or unit($num) == "%" or unit($prev-num) == "%" {
[INFO]    │                                                   ^^^^^^^^^^^^^^^
[INFO]    ╵
[INFO]     node_modules/bootstrap/scss/_functions.scss 11:51  -assert-ascending()
[INFO]     node_modules/bootstrap/scss/_variables.scss 494:1  @import
[INFO]     etc/bootstrap-custom-build.scss 21:9               root stylesheet
[INFO] 
[INFO] DEPRECATION WARNING [color-functions]: red() is deprecated. Suggestion:
[INFO] 
[INFO] color.channel($color, "red", $space: rgb)
[INFO] 
[INFO] More info: https://sass-lang.com/d/color-functions
[INFO] 
[INFO]     ╷
[INFO] 185 │     "r": red($color),
[INFO]     │          ^^^^^^^^^^^
[INFO]     ╵
[INFO]     node_modules/bootstrap/scss/_functions.scss 185:10  luminance()
[INFO]     node_modules/bootstrap/scss/_functions.scss 174:8   contrast-ratio()
[INFO]     node_modules/bootstrap/scss/_functions.scss 159:22  color-contrast()
[INFO]     node_modules/bootstrap/scss/_variables.scss 846:42  @import
[INFO]     etc/bootstrap-custom-build.scss 21:9                root stylesheet
[INFO] 
[INFO] DEPRECATION WARNING [color-functions]: green() is deprecated. Suggestion:
[INFO] 
[INFO] color.channel($color, "green", $space: rgb)
[INFO] 
[INFO] More info: https://sass-lang.com/d/color-functions
[INFO] 
[INFO]     ╷
[INFO] 186 │     "g": green($color),
[INFO]     │          ^^^^^^^^^^^^^
[INFO]     ╵
[INFO]     node_modules/bootstrap/scss/_functions.scss 186:10  luminance()
[INFO]     node_modules/bootstrap/scss/_functions.scss 174:8   contrast-ratio()
[INFO]     node_modules/bootstrap/scss/_functions.scss 159:22  color-contrast()
[INFO]     node_modules/bootstrap/scss/_variables.scss 846:42  @import
[INFO]     etc/bootstrap-custom-build.scss 21:9                root stylesheet
[INFO] 
[INFO] DEPRECATION WARNING [color-functions]: blue() is deprecated. Suggestion:
[INFO] 
[INFO] color.channel($color, "blue", $space: rgb)
[INFO] 
[INFO] More info: https://sass-lang.com/d/color-functions
[INFO] 
[INFO]     ╷
[INFO] 187 │     "b": blue($color)
[INFO]     │          ^^^^^^^^^^^^
[INFO]     ╵
[INFO]     node_modules/bootstrap/scss/_functions.scss 187:10  luminance()
[INFO]     node_modules/bootstrap/scss/_functions.scss 174:8   contrast-ratio()
[INFO]     node_modules/bootstrap/scss/_functions.scss 159:22  color-contrast()
[INFO]     node_modules/bootstrap/scss/_variables.scss 846:42  @import
[INFO]     etc/bootstrap-custom-build.scss 21:9                root stylesheet
[INFO] 
[INFO] DEPRECATION WARNING [color-functions]: red() is deprecated. Suggestion:
[INFO] 
[INFO] color.channel($color, "red", $space: rgb)
[INFO] 
[INFO] More info: https://sass-lang.com/d/color-functions
[INFO] 
[INFO]    ╷
[INFO] 37 │   @return red($value), green($value), blue($value);
[INFO]    │           ^^^^^^^^^^^
[INFO]    ╵
[INFO]     node_modules/bootstrap/scss/_functions.scss 37:11   to-rgb()
[INFO]     node_modules/bootstrap/scss/_variables.scss 846:31  @import
[INFO]     etc/bootstrap-custom-build.scss 21:9                root stylesheet
[INFO] 
[INFO] DEPRECATION WARNING [color-functions]: green() is deprecated. Suggestion:
[INFO] 
[INFO] color.channel($color, "green", $space: rgb)
[INFO] 
[INFO] More info: https://sass-lang.com/d/color-functions
[INFO] 
[INFO]    ╷
[INFO] 37 │   @return red($value), green($value), blue($value);
[INFO]    │                        ^^^^^^^^^^^^^
[INFO]    ╵
[INFO]     node_modules/bootstrap/scss/_functions.scss 37:24   to-rgb()
[INFO]     node_modules/bootstrap/scss/_variables.scss 846:31  @import
[INFO]     etc/bootstrap-custom-build.scss 21:9                root stylesheet
[INFO] 
[INFO] WARNING: 229 repetitive deprecation warnings omitted.
[INFO] Run in verbose mode to see all warnings.
[INFO] 
[INFO] DEPRECATION WARNING [import]: Sass @import rules are deprecated and will be removed in Dart Sass 3.0.0.
[INFO] 
[INFO] More info and automated migrator: https://sass-lang.com/d/import
[INFO] 
[INFO]   ╷
[INFO] 1 │ @import "../node_modules/bootstrap/scss/bootstrap-reboot";
[INFO]   │         ^^^^^^^^^^^^^^^^^^^^^^^^^^^^^^^^^^^^^^^^^^^^^^^^^
[INFO]   ╵
[INFO]     etc/bootstrap-reboot.scss 1:9  root stylesheet
[INFO] 
[INFO] DEPRECATION WARNING [import]: Sass @import rules are deprecated and will be removed in Dart Sass 3.0.0.
[INFO] 
[INFO] More info and automated migrator: https://sass-lang.com/d/import
[INFO] 
[INFO]   ╷
[INFO] 1 │ @import "mixins/banner";
[INFO]   │         ^^^^^^^^^^^^^^^
[INFO]   ╵
[INFO]     node_modules/bootstrap/scss/bootstrap-reboot.scss 1:9  @import
[INFO]     etc/bootstrap-reboot.scss 1:9                          root stylesheet
[INFO] 
[INFO] DEPRECATION WARNING [import]: Sass @import rules are deprecated and will be removed in Dart Sass 3.0.0.
[INFO] 
[INFO] More info and automated migrator: https://sass-lang.com/d/import
[INFO] 
[INFO]   ╷
[INFO] 4 │ @import "functions";
[INFO]   │         ^^^^^^^^^^^
[INFO]   ╵
[INFO]     node_modules/bootstrap/scss/bootstrap-reboot.scss 4:9  @import
[INFO]     etc/bootstrap-reboot.scss 1:9                          root stylesheet
[INFO] 
[INFO] DEPRECATION WARNING [import]: Sass @import rules are deprecated and will be removed in Dart Sass 3.0.0.
[INFO] 
[INFO] More info and automated migrator: https://sass-lang.com/d/import
[INFO] 
[INFO]   ╷
[INFO] 5 │ @import "variables";
[INFO]   │         ^^^^^^^^^^^
[INFO]   ╵
[INFO]     node_modules/bootstrap/scss/bootstrap-reboot.scss 5:9  @import
[INFO]     etc/bootstrap-reboot.scss 1:9                          root stylesheet
[INFO] 
[INFO] DEPRECATION WARNING [import]: Sass @import rules are deprecated and will be removed in Dart Sass 3.0.0.
[INFO] 
[INFO] More info and automated migrator: https://sass-lang.com/d/import
[INFO] 
[INFO]   ╷
[INFO] 6 │ @import "variables-dark";
[INFO]   │         ^^^^^^^^^^^^^^^^
[INFO]   ╵
[INFO]     node_modules/bootstrap/scss/bootstrap-reboot.scss 6:9  @import
[INFO]     etc/bootstrap-reboot.scss 1:9                          root stylesheet
[INFO] 
[INFO] DEPRECATION WARNING [global-builtin]: Global built-in functions are deprecated and will be removed in Dart Sass 3.0.0.
[INFO] Use color.mix instead.
[INFO] 
[INFO] More info and automated migrator: https://sass-lang.com/d/import
[INFO] 
[INFO]     ╷
[INFO] 207 │   @return mix(white, $color, $weight);
[INFO]     │           ^^^^^^^^^^^^^^^^^^^^^^^^^^^
[INFO]     ╵
[INFO]     node_modules/bootstrap/scss/_functions.scss 207:11     tint-color()
[INFO]     node_modules/bootstrap/scss/_variables.scss 79:12      @import
[INFO]     node_modules/bootstrap/scss/bootstrap-reboot.scss 5:9  @import
[INFO]     etc/bootstrap-reboot.scss 1:9                          root stylesheet
[INFO] 
[INFO] DEPRECATION WARNING [global-builtin]: Global built-in functions are deprecated and will be removed in Dart Sass 3.0.0.
[INFO] Use color.mix instead.
[INFO] 
[INFO] More info and automated migrator: https://sass-lang.com/d/import
[INFO] 
[INFO]     ╷
[INFO] 212 │   @return mix(black, $color, $weight);
[INFO]     │           ^^^^^^^^^^^^^^^^^^^^^^^^^^^
[INFO]     ╵
[INFO]     node_modules/bootstrap/scss/_functions.scss 212:11     shade-color()
[INFO]     node_modules/bootstrap/scss/_variables.scss 84:12      @import
[INFO]     node_modules/bootstrap/scss/bootstrap-reboot.scss 5:9  @import
[INFO]     etc/bootstrap-reboot.scss 1:9                          root stylesheet
[INFO] 
[INFO] DEPRECATION WARNING [global-builtin]: Global built-in functions are deprecated and will be removed in Dart Sass 3.0.0.
[INFO] Use color.mix instead.
[INFO] 
[INFO] More info and automated migrator: https://sass-lang.com/d/import
[INFO] 
[INFO]     ╷
[INFO] 342 │ $light-bg-subtle:         mix($gray-100, $white) !default;
[INFO]     │                           ^^^^^^^^^^^^^^^^^^^^^^
[INFO]     ╵
[INFO]     node_modules/bootstrap/scss/_variables.scss 342:27     @import
[INFO]     node_modules/bootstrap/scss/bootstrap-reboot.scss 5:9  @import
[INFO]     etc/bootstrap-reboot.scss 1:9                          root stylesheet
[INFO] 
[INFO] DEPRECATION WARNING [global-builtin]: Global built-in functions are deprecated and will be removed in Dart Sass 3.0.0.
[INFO] Use math.unit instead.
[INFO] 
[INFO] More info and automated migrator: https://sass-lang.com/d/import
[INFO] 
[INFO]    ╷
[INFO] 11 │     @if $prev-num == null or unit($num) == "%" or unit($prev-num) == "%" {
[INFO]    │                              ^^^^^^^^^^
[INFO]    ╵
[INFO]     node_modules/bootstrap/scss/_functions.scss 11:30      -assert-ascending()
[INFO]     node_modules/bootstrap/scss/_variables.scss 494:1      @import
[INFO]     node_modules/bootstrap/scss/bootstrap-reboot.scss 5:9  @import
[INFO]     etc/bootstrap-reboot.scss 1:9                          root stylesheet
[INFO] 
[INFO] DEPRECATION WARNING [global-builtin]: Global built-in functions are deprecated and will be removed in Dart Sass 3.0.0.
[INFO] Use math.unit instead.
[INFO] 
[INFO] More info and automated migrator: https://sass-lang.com/d/import
[INFO] 
[INFO]    ╷
[INFO] 11 │     @if $prev-num == null or unit($num) == "%" or unit($prev-num) == "%" {
[INFO]    │                                                   ^^^^^^^^^^^^^^^
[INFO]    ╵
[INFO]     node_modules/bootstrap/scss/_functions.scss 11:51      -assert-ascending()
[INFO]     node_modules/bootstrap/scss/_variables.scss 494:1      @import
[INFO]     node_modules/bootstrap/scss/bootstrap-reboot.scss 5:9  @import
[INFO]     etc/bootstrap-reboot.scss 1:9                          root stylesheet
[INFO] 
[INFO] DEPRECATION WARNING [color-functions]: red() is deprecated. Suggestion:
[INFO] 
[INFO] color.channel($color, "red", $space: rgb)
[INFO] 
[INFO] More info: https://sass-lang.com/d/color-functions
[INFO] 
[INFO]     ╷
[INFO] 185 │     "r": red($color),
[INFO]     │          ^^^^^^^^^^^
[INFO]     ╵
[INFO]     node_modules/bootstrap/scss/_functions.scss 185:10     luminance()
[INFO]     node_modules/bootstrap/scss/_functions.scss 174:8      contrast-ratio()
[INFO]     node_modules/bootstrap/scss/_functions.scss 159:22     color-contrast()
[INFO]     node_modules/bootstrap/scss/_variables.scss 846:42     @import
[INFO]     node_modules/bootstrap/scss/bootstrap-reboot.scss 5:9  @import
[INFO]     etc/bootstrap-reboot.scss 1:9                          root stylesheet
[INFO] 
[INFO] DEPRECATION WARNING [color-functions]: green() is deprecated. Suggestion:
[INFO] 
[INFO] color.channel($color, "green", $space: rgb)
[INFO] 
[INFO] More info: https://sass-lang.com/d/color-functions
[INFO] 
[INFO]     ╷
[INFO] 186 │     "g": green($color),
[INFO]     │          ^^^^^^^^^^^^^
[INFO]     ╵
[INFO]     node_modules/bootstrap/scss/_functions.scss 186:10     luminance()
[INFO]     node_modules/bootstrap/scss/_functions.scss 174:8      contrast-ratio()
[INFO]     node_modules/bootstrap/scss/_functions.scss 159:22     color-contrast()
[INFO]     node_modules/bootstrap/scss/_variables.scss 846:42     @import
[INFO]     node_modules/bootstrap/scss/bootstrap-reboot.scss 5:9  @import
[INFO]     etc/bootstrap-reboot.scss 1:9                          root stylesheet
[INFO] 
[INFO] DEPRECATION WARNING [color-functions]: blue() is deprecated. Suggestion:
[INFO] 
[INFO] color.channel($color, "blue", $space: rgb)
[INFO] 
[INFO] More info: https://sass-lang.com/d/color-functions
[INFO] 
[INFO]     ╷
[INFO] 187 │     "b": blue($color)
[INFO]     │          ^^^^^^^^^^^^
[INFO]     ╵
[INFO]     node_modules/bootstrap/scss/_functions.scss 187:10     luminance()
[INFO]     node_modules/bootstrap/scss/_functions.scss 174:8      contrast-ratio()
[INFO]     node_modules/bootstrap/scss/_functions.scss 159:22     color-contrast()
[INFO]     node_modules/bootstrap/scss/_variables.scss 846:42     @import
[INFO]     node_modules/bootstrap/scss/bootstrap-reboot.scss 5:9  @import
[INFO]     etc/bootstrap-reboot.scss 1:9                          root stylesheet
[INFO] 
[INFO] DEPRECATION WARNING [color-functions]: red() is deprecated. Suggestion:
[INFO] 
[INFO] color.channel($color, "red", $space: rgb)
[INFO] 
[INFO] More info: https://sass-lang.com/d/color-functions
[INFO] 
[INFO]    ╷
[INFO] 37 │   @return red($value), green($value), blue($value);
[INFO]    │           ^^^^^^^^^^^
[INFO]    ╵
[INFO]     node_modules/bootstrap/scss/_functions.scss 37:11      to-rgb()
[INFO]     node_modules/bootstrap/scss/_variables.scss 846:31     @import
[INFO]     node_modules/bootstrap/scss/bootstrap-reboot.scss 5:9  @import
[INFO]     etc/bootstrap-reboot.scss 1:9                          root stylesheet
[INFO] 
[INFO] DEPRECATION WARNING [color-functions]: green() is deprecated. Suggestion:
[INFO] 
[INFO] color.channel($color, "green", $space: rgb)
[INFO] 
[INFO] More info: https://sass-lang.com/d/color-functions
[INFO] 
[INFO]    ╷
[INFO] 37 │   @return red($value), green($value), blue($value);
[INFO]    │                        ^^^^^^^^^^^^^
[INFO]    ╵
[INFO]     node_modules/bootstrap/scss/_functions.scss 37:24      to-rgb()
[INFO]     node_modules/bootstrap/scss/_variables.scss 846:31     @import
[INFO]     node_modules/bootstrap/scss/bootstrap-reboot.scss 5:9  @import
[INFO]     etc/bootstrap-reboot.scss 1:9                          root stylesheet
[INFO] 
[INFO] WARNING: 91 repetitive deprecation warnings omitted.
[INFO] Run in verbose mode to see all warnings.
[INFO] 
[INFO] 
[INFO] > bootstrap5-api@5.3.7 css-prefix
[INFO] > postcss --config etc/postcss.config.js --replace "target/bootstrap5-api/css/*.css" "!target/bootstrap5-api/css/*.rtl*.css" "!target/bootstrap5-api/css/*.min.css"
[INFO] 
[INFO] 
[INFO] >>> javadoc:3.11.2:javadoc (default) > generate-sources @ bootstrap5-api >>>
[INFO] 
[INFO] --- hpi:3.61:validate (default-validate) @ bootstrap5-api ---
[INFO] 
[INFO] --- hpi:3.61:validate-hpi (default-validate-hpi) @ bootstrap5-api ---
[INFO] 
[INFO] --- enforcer:3.5.0:enforce (display-info) @ bootstrap5-api ---
[INFO] Rule 0: org.apache.maven.enforcer.rules.dependency.RequireUpperBoundDeps passed
[INFO] Rule 4: org.codehaus.mojo.extraenforcer.dependencies.EnforceBytecodeVersion passed
[INFO] Rule 5: org.apache.maven.enforcer.rules.dependency.BannedDependencies passed
[INFO] Rule 6: org.apache.maven.enforcer.rules.dependency.BannedDependencies passed
[INFO] 
[INFO] --- enforcer:3.5.0:enforce (no-snapshots-in-release) @ bootstrap5-api ---
[INFO] Rule 0: org.apache.maven.enforcer.rules.dependency.RequireReleaseDeps passed
[INFO] 
[INFO] --- frontend:1.15.1:install-node-and-npm (install node and npm) @ bootstrap5-api ---
[INFO] Node v22.13.1 is already installed.
[INFO] NPM 10.9.2 is already installed.
[INFO] 
[INFO] --- frontend:1.15.1:npm (npm install) @ bootstrap5-api ---
[INFO] Running 'npm install' in /tmp/plugin-builds/bootstrap5-api
[INFO] 
[INFO] added 1 package, and audited 301 packages in 609ms
[INFO] 
[INFO] 135 packages are looking for funding
[INFO]   run `npm fund` for details
[INFO] 
[INFO] found 0 vulnerabilities
[INFO] 
[INFO] --- localizer:1.31:generate (default) @ bootstrap5-api ---
[INFO] 
[INFO] --- frontend:1.15.1:npm (npm mvnbuild) @ bootstrap5-api ---
[INFO] Running 'npm run mvnbuild' in /tmp/plugin-builds/bootstrap5-api
[INFO] 
[INFO] > bootstrap5-api@5.3.7 mvnbuild
[INFO] > npm-run-all css-compile css-prefix
[INFO] 
[INFO] 
[INFO] > bootstrap5-api@5.3.7 css-compile
[INFO] > sass --style compressed --source-map --embed-sources --no-error-css --load-path=node_modules etc/:target/bootstrap5-api/css/
[INFO] 
[INFO] DEPRECATION WARNING [import]: Sass @import rules are deprecated and will be removed in Dart Sass 3.0.0.
[INFO] 
[INFO] More info and automated migrator: https://sass-lang.com/d/import
[INFO] 
[INFO]   ╷
[INFO] 1 │ @import "../node_modules/bootstrap/scss/functions";
[INFO]   │         ^^^^^^^^^^^^^^^^^^^^^^^^^^^^^^^^^^^^^^^^^^
[INFO]   ╵
[INFO]     etc/bootstrap-custom-build.scss 1:9  root stylesheet
[INFO] 
[INFO] DEPRECATION WARNING [import]: Sass @import rules are deprecated and will be removed in Dart Sass 3.0.0.
[INFO] 
[INFO] More info and automated migrator: https://sass-lang.com/d/import
[INFO] 
[INFO]    ╷
[INFO] 21 │ @import "../node_modules/bootstrap/scss/variables";
[INFO]    │         ^^^^^^^^^^^^^^^^^^^^^^^^^^^^^^^^^^^^^^^^^^
[INFO]    ╵
[INFO]     etc/bootstrap-custom-build.scss 21:9  root stylesheet
[INFO] 
[INFO] DEPRECATION WARNING [import]: Sass @import rules are deprecated and will be removed in Dart Sass 3.0.0.
[INFO] 
[INFO] More info and automated migrator: https://sass-lang.com/d/import
[INFO] 
[INFO]    ╷
[INFO] 22 │ @import "../node_modules/bootstrap/scss/variables-dark";
[INFO]    │         ^^^^^^^^^^^^^^^^^^^^^^^^^^^^^^^^^^^^^^^^^^^^^^^
[INFO]    ╵
[INFO]     etc/bootstrap-custom-build.scss 22:9  root stylesheet
[INFO] 
[INFO] DEPRECATION WARNING [import]: Sass @import rules are deprecated and will be removed in Dart Sass 3.0.0.
[INFO] 
[INFO] More info and automated migrator: https://sass-lang.com/d/import
[INFO] 
[INFO]    ╷
[INFO] 23 │ @import "../node_modules/bootstrap/scss/maps";
[INFO]    │         ^^^^^^^^^^^^^^^^^^^^^^^^^^^^^^^^^^^^^
[INFO]    ╵
[INFO]     etc/bootstrap-custom-build.scss 23:9  root stylesheet
[INFO] 
[INFO] DEPRECATION WARNING [import]: Sass @import rules are deprecated and will be removed in Dart Sass 3.0.0.
[INFO] 
[INFO] More info and automated migrator: https://sass-lang.com/d/import
[INFO] 
[INFO]    ╷
[INFO] 24 │ @import "../node_modules/bootstrap/scss/mixins";
[INFO]    │         ^^^^^^^^^^^^^^^^^^^^^^^^^^^^^^^^^^^^^^^
[INFO]    ╵
[INFO]     etc/bootstrap-custom-build.scss 24:9  root stylesheet
[INFO] 
[INFO] DEPRECATION WARNING [global-builtin]: Global built-in functions are deprecated and will be removed in Dart Sass 3.0.0.
[INFO] Use color.mix instead.
[INFO] 
[INFO] More info and automated migrator: https://sass-lang.com/d/import
[INFO] 
[INFO]     ╷
[INFO] 207 │   @return mix(white, $color, $weight);
[INFO]     │           ^^^^^^^^^^^^^^^^^^^^^^^^^^^
[INFO]     ╵
[INFO]     node_modules/bootstrap/scss/_functions.scss 207:11  tint-color()
[INFO]     node_modules/bootstrap/scss/_variables.scss 79:12   @import
[INFO]     etc/bootstrap-custom-build.scss 21:9                root stylesheet
[INFO] 
[INFO] DEPRECATION WARNING [global-builtin]: Global built-in functions are deprecated and will be removed in Dart Sass 3.0.0.
[INFO] Use color.mix instead.
[INFO] 
[INFO] More info and automated migrator: https://sass-lang.com/d/import
[INFO] 
[INFO]     ╷
[INFO] 212 │   @return mix(black, $color, $weight);
[INFO]     │           ^^^^^^^^^^^^^^^^^^^^^^^^^^^
[INFO]     ╵
[INFO]     node_modules/bootstrap/scss/_functions.scss 212:11  shade-color()
[INFO]     node_modules/bootstrap/scss/_variables.scss 84:12   @import
[INFO]     etc/bootstrap-custom-build.scss 21:9                root stylesheet
[INFO] 
[INFO] DEPRECATION WARNING [global-builtin]: Global built-in functions are deprecated and will be removed in Dart Sass 3.0.0.
[INFO] Use color.mix instead.
[INFO] 
[INFO] More info and automated migrator: https://sass-lang.com/d/import
[INFO] 
[INFO]     ╷
[INFO] 342 │ $light-bg-subtle:         mix($gray-100, $white) !default;
[INFO]     │                           ^^^^^^^^^^^^^^^^^^^^^^
[INFO]     ╵
[INFO]     node_modules/bootstrap/scss/_variables.scss 342:27  @import
[INFO]     etc/bootstrap-custom-build.scss 21:9                root stylesheet
[INFO] 
[INFO] DEPRECATION WARNING [global-builtin]: Global built-in functions are deprecated and will be removed in Dart Sass 3.0.0.
[INFO] Use math.unit instead.
[INFO] 
[INFO] More info and automated migrator: https://sass-lang.com/d/import
[INFO] 
[INFO]    ╷
[INFO] 11 │     @if $prev-num == null or unit($num) == "%" or unit($prev-num) == "%" {
[INFO]    │                              ^^^^^^^^^^
[INFO]    ╵
[INFO]     node_modules/bootstrap/scss/_functions.scss 11:30  -assert-ascending()
[INFO]     node_modules/bootstrap/scss/_variables.scss 494:1  @import
[INFO]     etc/bootstrap-custom-build.scss 21:9               root stylesheet
[INFO] 
[INFO] DEPRECATION WARNING [global-builtin]: Global built-in functions are deprecated and will be removed in Dart Sass 3.0.0.
[INFO] Use math.unit instead.
[INFO] 
[INFO] More info and automated migrator: https://sass-lang.com/d/import
[INFO] 
[INFO]    ╷
[INFO] 11 │     @if $prev-num == null or unit($num) == "%" or unit($prev-num) == "%" {
[INFO]    │                                                   ^^^^^^^^^^^^^^^
[INFO]    ╵
[INFO]     node_modules/bootstrap/scss/_functions.scss 11:51  -assert-ascending()
[INFO]     node_modules/bootstrap/scss/_variables.scss 494:1  @import
[INFO]     etc/bootstrap-custom-build.scss 21:9               root stylesheet
[INFO] 
[INFO] DEPRECATION WARNING [color-functions]: red() is deprecated. Suggestion:
[INFO] 
[INFO] color.channel($color, "red", $space: rgb)
[INFO] 
[INFO] More info: https://sass-lang.com/d/color-functions
[INFO] 
[INFO]     ╷
[INFO] 185 │     "r": red($color),
[INFO]     │          ^^^^^^^^^^^
[INFO]     ╵
[INFO]     node_modules/bootstrap/scss/_functions.scss 185:10  luminance()
[INFO]     node_modules/bootstrap/scss/_functions.scss 174:8   contrast-ratio()
[INFO]     node_modules/bootstrap/scss/_functions.scss 159:22  color-contrast()
[INFO]     node_modules/bootstrap/scss/_variables.scss 846:42  @import
[INFO]     etc/bootstrap-custom-build.scss 21:9                root stylesheet
[INFO] 
[INFO] DEPRECATION WARNING [color-functions]: green() is deprecated. Suggestion:
[INFO] 
[INFO] color.channel($color, "green", $space: rgb)
[INFO] 
[INFO] More info: https://sass-lang.com/d/color-functions
[INFO] 
[INFO]     ╷
[INFO] 186 │     "g": green($color),
[INFO]     │          ^^^^^^^^^^^^^
[INFO]     ╵
[INFO]     node_modules/bootstrap/scss/_functions.scss 186:10  luminance()
[INFO]     node_modules/bootstrap/scss/_functions.scss 174:8   contrast-ratio()
[INFO]     node_modules/bootstrap/scss/_functions.scss 159:22  color-contrast()
[INFO]     node_modules/bootstrap/scss/_variables.scss 846:42  @import
[INFO]     etc/bootstrap-custom-build.scss 21:9                root stylesheet
[INFO] 
[INFO] DEPRECATION WARNING [color-functions]: blue() is deprecated. Suggestion:
[INFO] 
[INFO] color.channel($color, "blue", $space: rgb)
[INFO] 
[INFO] More info: https://sass-lang.com/d/color-functions
[INFO] 
[INFO]     ╷
[INFO] 187 │     "b": blue($color)
[INFO]     │          ^^^^^^^^^^^^
[INFO]     ╵
[INFO]     node_modules/bootstrap/scss/_functions.scss 187:10  luminance()
[INFO]     node_modules/bootstrap/scss/_functions.scss 174:8   contrast-ratio()
[INFO]     node_modules/bootstrap/scss/_functions.scss 159:22  color-contrast()
[INFO]     node_modules/bootstrap/scss/_variables.scss 846:42  @import
[INFO]     etc/bootstrap-custom-build.scss 21:9                root stylesheet
[INFO] 
[INFO] DEPRECATION WARNING [color-functions]: red() is deprecated. Suggestion:
[INFO] 
[INFO] color.channel($color, "red", $space: rgb)
[INFO] 
[INFO] More info: https://sass-lang.com/d/color-functions
[INFO] 
[INFO]    ╷
[INFO] 37 │   @return red($value), green($value), blue($value);
[INFO]    │           ^^^^^^^^^^^
[INFO]    ╵
[INFO]     node_modules/bootstrap/scss/_functions.scss 37:11   to-rgb()
[INFO]     node_modules/bootstrap/scss/_variables.scss 846:31  @import
[INFO]     etc/bootstrap-custom-build.scss 21:9                root stylesheet
[INFO] 
[INFO] DEPRECATION WARNING [color-functions]: green() is deprecated. Suggestion:
[INFO] 
[INFO] color.channel($color, "green", $space: rgb)
[INFO] 
[INFO] More info: https://sass-lang.com/d/color-functions
[INFO] 
[INFO]    ╷
[INFO] 37 │   @return red($value), green($value), blue($value);
[INFO]    │                        ^^^^^^^^^^^^^
[INFO]    ╵
[INFO]     node_modules/bootstrap/scss/_functions.scss 37:24   to-rgb()
[INFO]     node_modules/bootstrap/scss/_variables.scss 846:31  @import
[INFO]     etc/bootstrap-custom-build.scss 21:9                root stylesheet
[INFO] 
[INFO] WARNING: 229 repetitive deprecation warnings omitted.
[INFO] Run in verbose mode to see all warnings.
[INFO] 
[INFO] DEPRECATION WARNING [import]: Sass @import rules are deprecated and will be removed in Dart Sass 3.0.0.
[INFO] 
[INFO] More info and automated migrator: https://sass-lang.com/d/import
[INFO] 
[INFO]   ╷
[INFO] 1 │ @import "../node_modules/bootstrap/scss/bootstrap-reboot";
[INFO]   │         ^^^^^^^^^^^^^^^^^^^^^^^^^^^^^^^^^^^^^^^^^^^^^^^^^
[INFO]   ╵
[INFO]     etc/bootstrap-reboot.scss 1:9  root stylesheet
[INFO] 
[INFO] DEPRECATION WARNING [import]: Sass @import rules are deprecated and will be removed in Dart Sass 3.0.0.
[INFO] 
[INFO] More info and automated migrator: https://sass-lang.com/d/import
[INFO] 
[INFO]   ╷
[INFO] 1 │ @import "mixins/banner";
[INFO]   │         ^^^^^^^^^^^^^^^
[INFO]   ╵
[INFO]     node_modules/bootstrap/scss/bootstrap-reboot.scss 1:9  @import
[INFO]     etc/bootstrap-reboot.scss 1:9                          root stylesheet
[INFO] 
[INFO] DEPRECATION WARNING [import]: Sass @import rules are deprecated and will be removed in Dart Sass 3.0.0.
[INFO] 
[INFO] More info and automated migrator: https://sass-lang.com/d/import
[INFO] 
[INFO]   ╷
[INFO] 4 │ @import "functions";
[INFO]   │         ^^^^^^^^^^^
[INFO]   ╵
[INFO]     node_modules/bootstrap/scss/bootstrap-reboot.scss 4:9  @import
[INFO]     etc/bootstrap-reboot.scss 1:9                          root stylesheet
[INFO] 
[INFO] DEPRECATION WARNING [import]: Sass @import rules are deprecated and will be removed in Dart Sass 3.0.0.
[INFO] 
[INFO] More info and automated migrator: https://sass-lang.com/d/import
[INFO] 
[INFO]   ╷
[INFO] 5 │ @import "variables";
[INFO]   │         ^^^^^^^^^^^
[INFO]   ╵
[INFO]     node_modules/bootstrap/scss/bootstrap-reboot.scss 5:9  @import
[INFO]     etc/bootstrap-reboot.scss 1:9                          root stylesheet
[INFO] 
[INFO] DEPRECATION WARNING [import]: Sass @import rules are deprecated and will be removed in Dart Sass 3.0.0.
[INFO] 
[INFO] More info and automated migrator: https://sass-lang.com/d/import
[INFO] 
[INFO]   ╷
[INFO] 6 │ @import "variables-dark";
[INFO]   │         ^^^^^^^^^^^^^^^^
[INFO]   ╵
[INFO]     node_modules/bootstrap/scss/bootstrap-reboot.scss 6:9  @import
[INFO]     etc/bootstrap-reboot.scss 1:9                          root stylesheet
[INFO] 
[INFO] DEPRECATION WARNING [global-builtin]: Global built-in functions are deprecated and will be removed in Dart Sass 3.0.0.
[INFO] Use color.mix instead.
[INFO] 
[INFO] More info and automated migrator: https://sass-lang.com/d/import
[INFO] 
[INFO]     ╷
[INFO] 207 │   @return mix(white, $color, $weight);
[INFO]     │           ^^^^^^^^^^^^^^^^^^^^^^^^^^^
[INFO]     ╵
[INFO]     node_modules/bootstrap/scss/_functions.scss 207:11     tint-color()
[INFO]     node_modules/bootstrap/scss/_variables.scss 79:12      @import
[INFO]     node_modules/bootstrap/scss/bootstrap-reboot.scss 5:9  @import
[INFO]     etc/bootstrap-reboot.scss 1:9                          root stylesheet
[INFO] 
[INFO] DEPRECATION WARNING [global-builtin]: Global built-in functions are deprecated and will be removed in Dart Sass 3.0.0.
[INFO] Use color.mix instead.
[INFO] 
[INFO] More info and automated migrator: https://sass-lang.com/d/import
[INFO] 
[INFO]     ╷
[INFO] 212 │   @return mix(black, $color, $weight);
[INFO]     │           ^^^^^^^^^^^^^^^^^^^^^^^^^^^
[INFO]     ╵
[INFO]     node_modules/bootstrap/scss/_functions.scss 212:11     shade-color()
[INFO]     node_modules/bootstrap/scss/_variables.scss 84:12      @import
[INFO]     node_modules/bootstrap/scss/bootstrap-reboot.scss 5:9  @import
[INFO]     etc/bootstrap-reboot.scss 1:9                          root stylesheet
[INFO] 
[INFO] DEPRECATION WARNING [global-builtin]: Global built-in functions are deprecated and will be removed in Dart Sass 3.0.0.
[INFO] Use color.mix instead.
[INFO] 
[INFO] More info and automated migrator: https://sass-lang.com/d/import
[INFO] 
[INFO]     ╷
[INFO] 342 │ $light-bg-subtle:         mix($gray-100, $white) !default;
[INFO]     │                           ^^^^^^^^^^^^^^^^^^^^^^
[INFO]     ╵
[INFO]     node_modules/bootstrap/scss/_variables.scss 342:27     @import
[INFO]     node_modules/bootstrap/scss/bootstrap-reboot.scss 5:9  @import
[INFO]     etc/bootstrap-reboot.scss 1:9                          root stylesheet
[INFO] 
[INFO] DEPRECATION WARNING [global-builtin]: Global built-in functions are deprecated and will be removed in Dart Sass 3.0.0.
[INFO] Use math.unit instead.
[INFO] 
[INFO] More info and automated migrator: https://sass-lang.com/d/import
[INFO] 
[INFO]    ╷
[INFO] 11 │     @if $prev-num == null or unit($num) == "%" or unit($prev-num) == "%" {
[INFO]    │                              ^^^^^^^^^^
[INFO]    ╵
[INFO]     node_modules/bootstrap/scss/_functions.scss 11:30      -assert-ascending()
[INFO]     node_modules/bootstrap/scss/_variables.scss 494:1      @import
[INFO]     node_modules/bootstrap/scss/bootstrap-reboot.scss 5:9  @import
[INFO]     etc/bootstrap-reboot.scss 1:9                          root stylesheet
[INFO] 
[INFO] DEPRECATION WARNING [global-builtin]: Global built-in functions are deprecated and will be removed in Dart Sass 3.0.0.
[INFO] Use math.unit instead.
[INFO] 
[INFO] More info and automated migrator: https://sass-lang.com/d/import
[INFO] 
[INFO]    ╷
[INFO] 11 │     @if $prev-num == null or unit($num) == "%" or unit($prev-num) == "%" {
[INFO]    │                                                   ^^^^^^^^^^^^^^^
[INFO]    ╵
[INFO]     node_modules/bootstrap/scss/_functions.scss 11:51      -assert-ascending()
[INFO]     node_modules/bootstrap/scss/_variables.scss 494:1      @import
[INFO]     node_modules/bootstrap/scss/bootstrap-reboot.scss 5:9  @import
[INFO]     etc/bootstrap-reboot.scss 1:9                          root stylesheet
[INFO] 
[INFO] DEPRECATION WARNING [color-functions]: red() is deprecated. Suggestion:
[INFO] 
[INFO] color.channel($color, "red", $space: rgb)
[INFO] 
[INFO] More info: https://sass-lang.com/d/color-functions
[INFO] 
[INFO]     ╷
[INFO] 185 │     "r": red($color),
[INFO]     │          ^^^^^^^^^^^
[INFO]     ╵
[INFO]     node_modules/bootstrap/scss/_functions.scss 185:10     luminance()
[INFO]     node_modules/bootstrap/scss/_functions.scss 174:8      contrast-ratio()
[INFO]     node_modules/bootstrap/scss/_functions.scss 159:22     color-contrast()
[INFO]     node_modules/bootstrap/scss/_variables.scss 846:42     @import
[INFO]     node_modules/bootstrap/scss/bootstrap-reboot.scss 5:9  @import
[INFO]     etc/bootstrap-reboot.scss 1:9                          root stylesheet
[INFO] 
[INFO] DEPRECATION WARNING [color-functions]: green() is deprecated. Suggestion:
[INFO] 
[INFO] color.channel($color, "green", $space: rgb)
[INFO] 
[INFO] More info: https://sass-lang.com/d/color-functions
[INFO] 
[INFO]     ╷
[INFO] 186 │     "g": green($color),
[INFO]     │          ^^^^^^^^^^^^^
[INFO]     ╵
[INFO]     node_modules/bootstrap/scss/_functions.scss 186:10     luminance()
[INFO]     node_modules/bootstrap/scss/_functions.scss 174:8      contrast-ratio()
[INFO]     node_modules/bootstrap/scss/_functions.scss 159:22     color-contrast()
[INFO]     node_modules/bootstrap/scss/_variables.scss 846:42     @import
[INFO]     node_modules/bootstrap/scss/bootstrap-reboot.scss 5:9  @import
[INFO]     etc/bootstrap-reboot.scss 1:9                          root stylesheet
[INFO] 
[INFO] DEPRECATION WARNING [color-functions]: blue() is deprecated. Suggestion:
[INFO] 
[INFO] color.channel($color, "blue", $space: rgb)
[INFO] 
[INFO] More info: https://sass-lang.com/d/color-functions
[INFO] 
[INFO]     ╷
[INFO] 187 │     "b": blue($color)
[INFO]     │          ^^^^^^^^^^^^
[INFO]     ╵
[INFO]     node_modules/bootstrap/scss/_functions.scss 187:10     luminance()
[INFO]     node_modules/bootstrap/scss/_functions.scss 174:8      contrast-ratio()
[INFO]     node_modules/bootstrap/scss/_functions.scss 159:22     color-contrast()
[INFO]     node_modules/bootstrap/scss/_variables.scss 846:42     @import
[INFO]     node_modules/bootstrap/scss/bootstrap-reboot.scss 5:9  @import
[INFO]     etc/bootstrap-reboot.scss 1:9                          root stylesheet
[INFO] 
[INFO] DEPRECATION WARNING [color-functions]: red() is deprecated. Suggestion:
[INFO] 
[INFO] color.channel($color, "red", $space: rgb)
[INFO] 
[INFO] More info: https://sass-lang.com/d/color-functions
[INFO] 
[INFO]    ╷
[INFO] 37 │   @return red($value), green($value), blue($value);
[INFO]    │           ^^^^^^^^^^^
[INFO]    ╵
[INFO]     node_modules/bootstrap/scss/_functions.scss 37:11      to-rgb()
[INFO]     node_modules/bootstrap/scss/_variables.scss 846:31     @import
[INFO]     node_modules/bootstrap/scss/bootstrap-reboot.scss 5:9  @import
[INFO]     etc/bootstrap-reboot.scss 1:9                          root stylesheet
[INFO] 
[INFO] DEPRECATION WARNING [color-functions]: green() is deprecated. Suggestion:
[INFO] 
[INFO] color.channel($color, "green", $space: rgb)
[INFO] 
[INFO] More info: https://sass-lang.com/d/color-functions
[INFO] 
[INFO]    ╷
[INFO] 37 │   @return red($value), green($value), blue($value);
[INFO]    │                        ^^^^^^^^^^^^^
[INFO]    ╵
[INFO]     node_modules/bootstrap/scss/_functions.scss 37:24      to-rgb()
[INFO]     node_modules/bootstrap/scss/_variables.scss 846:31     @import
[INFO]     node_modules/bootstrap/scss/bootstrap-reboot.scss 5:9  @import
[INFO]     etc/bootstrap-reboot.scss 1:9                          root stylesheet
[INFO] 
[INFO] WARNING: 91 repetitive deprecation warnings omitted.
[INFO] Run in verbose mode to see all warnings.
[INFO] 
[INFO] 
[INFO] > bootstrap5-api@5.3.7 css-prefix
[INFO] > postcss --config etc/postcss.config.js --replace "target/bootstrap5-api/css/*.css" "!target/bootstrap5-api/css/*.rtl*.css" "!target/bootstrap5-api/css/*.min.css"
[INFO] 
[INFO] 
[INFO] <<< javadoc:3.11.2:javadoc (default) < generate-sources @ bootstrap5-api <<<
[INFO] 
[INFO] 
[INFO] --- javadoc:3.11.2:javadoc (default) @ bootstrap5-api ---
[INFO] Skipping org.apache.maven.plugins:maven-javadoc-plugin:3.11.2:javadoc report goal
[INFO] 
[INFO] --- resources:3.3.1:resources (default-resources) @ bootstrap5-api ---
[INFO] Copying 10 resources from src/main/resources to target/classes
[INFO] 
[INFO] --- flatten:1.7.0:flatten (flatten) @ bootstrap5-api ---
[INFO] Generating flattened POM of project io.jenkins.plugins:bootstrap5-api:hpi:5.3.7-2-SNAPSHOT...
[INFO] 
[INFO] --- resources:3.3.1:copy-resources (copy-resources) @ bootstrap5-api ---
[INFO] Copying 4 resources from node_modules/bootstrap/dist/js to target/bootstrap5-api/js
[INFO] Copying 20 resources from node_modules/@popperjs/core/dist/umd to target/bootstrap5-api/js
[INFO] 
[INFO] --- compiler:3.14.0:compile (default-compile) @ bootstrap5-api ---
[INFO] Recompiling the module because of changed source code.
[INFO] Compiling 3 source files with javac [debug parameters release 17] to target/classes
[INFO] 
[INFO] --- access-modifier-checker:1.34:enforce (default-enforce) @ bootstrap5-api ---
[INFO] Skipping access modifier checks
[INFO] 
[INFO] --- hpi:3.61:insert-test (default-insert-test) @ bootstrap5-api ---
[INFO] 
[INFO] --- antrun:3.1.0:run (createTempDir) @ bootstrap5-api ---
[INFO] Executing tasks
[INFO]     [mkdir] Created dir: /tmp/plugin-builds/bootstrap5-api/target/tmp
[INFO] Executed tasks
[INFO] 
[INFO] --- resources:3.3.1:testResources (default-testResources) @ bootstrap5-api ---
[INFO] Not copying test resources
[INFO] 
[INFO] --- compiler:3.14.0:testCompile (default-testCompile) @ bootstrap5-api ---
[INFO] Not compiling test sources
[INFO] 
[INFO] --- hpi:3.61:test-hpl (default-test-hpl) @ bootstrap5-api ---
[INFO] Generating /tmp/plugin-builds/bootstrap5-api/target/test-classes/the.hpl
[INFO] 
[INFO] --- hpi:3.61:resolve-test-dependencies (default-resolve-test-dependencies) @ bootstrap5-api ---
[INFO] 
[INFO] --- hpi:3.61:test-runtime (default-test-runtime) @ bootstrap5-api ---
[INFO] Tests are skipped.
[INFO] 
[INFO] --- jacoco:0.8.12:prepare-agent (default) @ bootstrap5-api ---
[INFO] argLine set to -javaagent:/home/poddingue/.m2/repository/org/jacoco/org.jacoco.agent/0.8.12/org.jacoco.agent-0.8.12-runtime.jar=destfile=/tmp/plugin-builds/bootstrap5-api/target/jacoco.exec,includes=io/jenkins/plugins/**/* -Xms768M -Xmx768M -XX:+HeapDumpOnOutOfMemoryError -XX:+TieredCompilation -XX:TieredStopAtLevel=1 @{jenkins.addOpens} @{jenkins.insaneHook}
[INFO] 
[INFO] --- surefire:3.5.2:test (default-test) @ bootstrap5-api ---
[INFO] Tests are skipped.
[INFO] 
[INFO] --- frontend:1.15.1:npm (npm mvntest) @ bootstrap5-api ---
[INFO] Running 'npm run mvntest' in /tmp/plugin-builds/bootstrap5-api
[INFO] 
[INFO] --- license:165.v7e11f4e4a_325:process (default) @ bootstrap5-api ---
[INFO] 
[INFO] --- hpi:3.61:hpi (default-hpi) @ bootstrap5-api ---
[INFO] Generating /tmp/plugin-builds/bootstrap5-api/target/bootstrap5-api/META-INF/MANIFEST.MF
[INFO] Checking for attached .jar artifact ...
[INFO] Generating jar /tmp/plugin-builds/bootstrap5-api/target/bootstrap5-api.jar
[INFO] Building jar: /tmp/plugin-builds/bootstrap5-api/target/bootstrap5-api.jar
[INFO] Exploding webapp...
[INFO] Copy webapp webResources to /tmp/plugin-builds/bootstrap5-api/target/bootstrap5-api
[INFO] Assembling webapp bootstrap5-api in /tmp/plugin-builds/bootstrap5-api/target/bootstrap5-api
[INFO] Generating hpi /tmp/plugin-builds/bootstrap5-api/target/bootstrap5-api.hpi
[INFO] Building jar: /tmp/plugin-builds/bootstrap5-api/target/bootstrap5-api.hpi
[INFO] 
[INFO] --- jar:3.4.2:test-jar (maybe-test-jar) @ bootstrap5-api ---
[INFO] Skipping packaging of the test-jar
[INFO] 
[INFO] --- jar:3.4.2:test-jar (default) @ bootstrap5-api ---
[INFO] Skipping packaging of the test-jar
[INFO] 
[INFO] --- failsafe:3.5.2:integration-test (default) @ bootstrap5-api ---
[INFO] Tests are skipped.
[INFO] 
[INFO] --- pmd:3.26.0:pmd (run-pmd-java) @ bootstrap5-api ---
[INFO] Skipping org.apache.maven.plugins:maven-pmd-plugin:3.26.0:pmd report goal
[INFO] 
[INFO] >>> pmd:3.26.0:check (run-pmd-java) > :pmd @ bootstrap5-api >>>
[INFO] 
[INFO] --- pmd:3.26.0:pmd (pmd) @ bootstrap5-api ---
[INFO] Skipping org.apache.maven.plugins:maven-pmd-plugin:3.26.0:pmd report goal
[INFO] 
[INFO] <<< pmd:3.26.0:check (run-pmd-java) < :pmd @ bootstrap5-api <<<
[INFO] 
[INFO] 
[INFO] --- pmd:3.26.0:check (run-pmd-java) @ bootstrap5-api ---
[INFO] Skipping PMD execution
[INFO] 
[INFO] --- pmd:3.26.0:cpd (run-pmd-java) @ bootstrap5-api ---
[INFO] Skipping org.apache.maven.plugins:maven-pmd-plugin:3.26.0:cpd report goal
[INFO] 
[INFO] --- pmd:3.26.0:pmd (run-pmd-tests) @ bootstrap5-api ---
[INFO] Skipping org.apache.maven.plugins:maven-pmd-plugin:3.26.0:pmd report goal
[INFO] 
[INFO] >>> pmd:3.26.0:check (run-pmd-tests) > :pmd @ bootstrap5-api >>>
[INFO] 
[INFO] --- pmd:3.26.0:pmd (pmd) @ bootstrap5-api ---
[INFO] Skipping org.apache.maven.plugins:maven-pmd-plugin:3.26.0:pmd report goal
[INFO] 
[INFO] <<< pmd:3.26.0:check (run-pmd-tests) < :pmd @ bootstrap5-api <<<
[INFO] 
[INFO] 
[INFO] --- pmd:3.26.0:check (run-pmd-tests) @ bootstrap5-api ---
[INFO] Skipping PMD execution
[INFO] 
[INFO] --- pmd:3.26.0:cpd (run-pmd-tests) @ bootstrap5-api ---
[INFO] Skipping org.apache.maven.plugins:maven-pmd-plugin:3.26.0:cpd report goal
[INFO] 
[INFO] --- pmd:3.26.0:pmd (run-pmd-javascript) @ bootstrap5-api ---
[INFO] Skipping org.apache.maven.plugins:maven-pmd-plugin:3.26.0:pmd report goal
[INFO] 
[INFO] >>> pmd:3.26.0:check (run-pmd-javascript) > :pmd @ bootstrap5-api >>>
[INFO] 
[INFO] --- pmd:3.26.0:pmd (pmd) @ bootstrap5-api ---
[INFO] Skipping org.apache.maven.plugins:maven-pmd-plugin:3.26.0:pmd report goal
[INFO] 
[INFO] <<< pmd:3.26.0:check (run-pmd-javascript) < :pmd @ bootstrap5-api <<<
[INFO] 
[INFO] 
[INFO] --- pmd:3.26.0:check (run-pmd-javascript) @ bootstrap5-api ---
[INFO] Skipping PMD execution
[INFO] 
[INFO] --- pmd:3.26.0:pmd (run-pmd-metrics) @ bootstrap5-api ---
[INFO] Skipping org.apache.maven.plugins:maven-pmd-plugin:3.26.0:pmd report goal
[INFO] 
[INFO] --- checkstyle:3.6.0:check (run-checkstyle-java) @ bootstrap5-api ---
[INFO] 
[INFO] --- checkstyle:3.6.0:check (run-checkstyle-tests) @ bootstrap5-api ---
[INFO] 
[INFO] >>> spotbugs:4.8.6.6:check (spotbugs) > :spotbugs @ bootstrap5-api >>>
[INFO] 
[INFO] --- spotbugs:4.8.6.6:spotbugs (spotbugs) @ bootstrap5-api ---
[INFO] 
[INFO] <<< spotbugs:4.8.6.6:check (spotbugs) < :spotbugs @ bootstrap5-api <<<
[INFO] 
[INFO] 
[INFO] --- spotbugs:4.8.6.6:check (spotbugs) @ bootstrap5-api ---
[INFO] Spotbugs plugin skipped
[INFO] 
[INFO] --- spotless:2.44.3:check (default) @ bootstrap5-api ---
[INFO] Spotless check skipped
[INFO] 
[INFO] --- failsafe:3.5.2:verify (default) @ bootstrap5-api ---
[INFO] Tests are skipped.
[INFO] 
[INFO] --- jacoco:0.8.12:report (report) @ bootstrap5-api ---
[INFO] Skipping JaCoCo execution due to missing execution data file.
[INFO] 
[INFO] --- revapi:0.15.0:check (run-revapi) @ bootstrap5-api ---
[WARNING] 1 problem was encountered while building the effective model for org.jboss:jboss-dmr:jar:1.2.0.Final during dependency collection step for plugin (use -X to see details)
Downloading from incrementals.jenkins-ci.org: https://repo.jenkins-ci.org/incrementals/io/jenkins/plugins/bootstrap5-api/maven-metadata.xml
Downloading from incrementals: https://repo.jenkins-ci.org/incrementals/io/jenkins/plugins/bootstrap5-api/maven-metadata.xml
Downloading from repo.jenkins-ci.org: https://repo.jenkins-ci.org/public/io/jenkins/plugins/bootstrap5-api/maven-metadata.xml
Downloading from central: https://repo.maven.apache.org/maven2/io/jenkins/plugins/bootstrap5-api/maven-metadata.xml
Progress (1): 0.4/2.5 kBProgress (1): 1.8/2.5 kBProgress (1): 2.5 kB    Progress (2): 2.5 kB | 0.4/2.5 kB                                 Downloaded from incrementals: https://repo.jenkins-ci.org/incrementals/io/jenkins/plugins/bootstrap5-api/maven-metadata.xml (2.5 kB at 5.2 kB/s)
Progress (1): 1.8/2.5 kBProgress (1): 2.5 kB    Progress (2): 2.5 kB | 0.4/1.6 kB                                 Downloaded from incrementals.jenkins-ci.org: https://repo.jenkins-ci.org/incrementals/io/jenkins/plugins/bootstrap5-api/maven-metadata.xml (2.5 kB at 5.1 kB/s)
Progress (1): 1.6 kB                    Downloaded from repo.jenkins-ci.org: https://repo.jenkins-ci.org/public/io/jenkins/plugins/bootstrap5-api/maven-metadata.xml (1.6 kB at 3.4 kB/s)
Downloading from repo.jenkins-ci.org: https://repo.jenkins-ci.org/public/io/jenkins/plugins/bootstrap5-api/5.3.7-1/bootstrap5-api-5.3.7-1.hpi
Progress (1): 16/514 kBProgress (1): 17/514 kBProgress (1): 33/514 kBProgress (1): 34/514 kBProgress (1): 51/514 kBProgress (1): 52/514 kBProgress (1): 68/514 kBProgress (1): 69/514 kBProgress (1): 85/514 kBProgress (1): 86/514 kBProgress (1): 103/514 kBProgress (1): 104/514 kBProgress (1): 120/514 kBProgress (1): 121/514 kBProgress (1): 138/514 kBProgress (1): 139/514 kBProgress (1): 155/514 kBProgress (1): 156/514 kBProgress (1): 172/514 kBProgress (1): 173/514 kBProgress (1): 190/514 kBProgress (1): 191/514 kBProgress (1): 207/514 kBProgress (1): 208/514 kBProgress (1): 225/514 kBProgress (1): 226/514 kBProgress (1): 242/514 kBProgress (1): 243/514 kBProgress (1): 259/514 kBProgress (1): 261/514 kBProgress (1): 277/514 kBProgress (1): 278/514 kBProgress (1): 294/514 kBProgress (1): 295/514 kBProgress (1): 312/514 kBProgress (1): 313/514 kBProgress (1): 329/514 kBProgress (1): 330/514 kBProgress (1): 347/514 kBProgress (1): 348/514 kBProgress (1): 364/514 kBProgress (1): 365/514 kBProgress (1): 381/514 kBProgress (1): 382/514 kBProgress (1): 399/514 kBProgress (1): 400/514 kBProgress (1): 416/514 kBProgress (1): 417/514 kBProgress (1): 434/514 kBProgress (1): 435/514 kBProgress (1): 451/514 kBProgress (1): 452/514 kBProgress (1): 468/514 kBProgress (1): 469/514 kBProgress (1): 486/514 kBProgress (1): 487/514 kBProgress (1): 503/514 kBProgress (1): 504/514 kBProgress (1): 514 kB                        Downloaded from repo.jenkins-ci.org: https://repo.jenkins-ci.org/public/io/jenkins/plugins/bootstrap5-api/5.3.7-1/bootstrap5-api-5.3.7-1.hpi (514 kB at 514 kB/s)
[INFO] Comparing [io.jenkins.plugins:bootstrap5-api:hpi:5.3.7-1] against [io.jenkins.plugins:bootstrap5-api:hpi:5.3.7-2-SNAPSHOT].
[INFO] API checks completed without failures.
[INFO] 
[INFO] --- install:3.1.4:install (default-install) @ bootstrap5-api ---
[INFO] Installing /tmp/plugin-builds/bootstrap5-api/target/bootstrap5-api-5.3.7-2-SNAPSHOT.pom to /home/poddingue/.m2/repository/io/jenkins/plugins/bootstrap5-api/5.3.7-2-SNAPSHOT/bootstrap5-api-5.3.7-2-SNAPSHOT.pom
[INFO] Installing /tmp/plugin-builds/bootstrap5-api/target/bootstrap5-api.hpi to /home/poddingue/.m2/repository/io/jenkins/plugins/bootstrap5-api/5.3.7-2-SNAPSHOT/bootstrap5-api-5.3.7-2-SNAPSHOT.hpi
[INFO] Installing /tmp/plugin-builds/bootstrap5-api/target/bootstrap5-api.jar to /home/poddingue/.m2/repository/io/jenkins/plugins/bootstrap5-api/5.3.7-2-SNAPSHOT/bootstrap5-api-5.3.7-2-SNAPSHOT.jar
[INFO] ------------------------------------------------------------------------
[INFO] BUILD SUCCESS
[INFO] ------------------------------------------------------------------------
[INFO] Total time:  21.984 s
[INFO] Finished at: 2025-07-02T10:41:52+02:00
[INFO] ------------------------------------------------------------------------
