WARNING: A restricted method in java.lang.System has been called
WARNING: java.lang.System::load has been called by org.fusesource.jansi.internal.JansiLoader in an unnamed module (file:/home/poddingue/.sdkman/candidates/maven/current/lib/jansi-2.4.1.jar)
WARNING: Use --enable-native-access=ALL-UNNAMED to avoid a warning for callers in this module
WARNING: Restricted methods will be blocked in a future release unless native access is enabled

WARNING: A terminally deprecated method in sun.misc.Unsafe has been called
WARNING: sun.misc.Unsafe::objectFieldOffset has been called by com.google.common.util.concurrent.AbstractFuture$UnsafeAtomicHelper (file:/home/poddingue/.sdkman/candidates/maven/current/lib/guava-33.2.1-jre.jar)
WARNING: Please consider reporting this to the maintainers of class com.google.common.util.concurrent.AbstractFuture$UnsafeAtomicHelper
WARNING: sun.misc.Unsafe::objectFieldOffset will be removed in a future release
[INFO] Scanning for projects...
[INFO] 
[INFO] -----------------< io.jenkins.plugins:bootstrap4-api >------------------
[INFO] Building Bootstrap 4 API Plugin 4.6.0-7-SNAPSHOT
[INFO]   from pom.xml
[INFO] --------------------------------[ hpi ]---------------------------------
[WARNING] Parameter 'showDeprecation' is unknown for plugin 'maven-hpi-plugin:3.27:validate (default-validate)'
[WARNING] Parameter 'showDeprecation' is unknown for plugin 'maven-hpi-plugin:3.27:validate-hpi (default-validate-hpi)'
[WARNING] Parameter 'showDeprecation' is unknown for plugin 'maven-hpi-plugin:3.27:initialize (default-initialize)'
[WARNING] Parameter 'showDeprecation' is unknown for plugin 'maven-hpi-plugin:3.27:validate (default-validate)'
[WARNING] Parameter 'showDeprecation' is unknown for plugin 'maven-hpi-plugin:3.27:validate-hpi (default-validate-hpi)'
[WARNING] Parameter 'showDeprecation' is unknown for plugin 'maven-hpi-plugin:3.27:initialize (default-initialize)'
[WARNING] Parameter 'showDeprecation' is unknown for plugin 'maven-hpi-plugin:3.27:insert-test (default-insert-test)'
[WARNING] Parameter 'showDeprecation' is unknown for plugin 'maven-hpi-plugin:3.27:test-hpl (default-test-hpl)'
[WARNING] Parameter 'showDeprecation' is unknown for plugin 'maven-hpi-plugin:3.27:resolve-test-dependencies (default-resolve-test-dependencies)'
[WARNING] Parameter 'showDeprecation' is unknown for plugin 'maven-hpi-plugin:3.27:test-runtime (default-test-runtime)'
[WARNING] Parameter 'showDeprecation' is unknown for plugin 'maven-hpi-plugin:3.27:hpi (default-hpi)'
[INFO] 
[INFO] --- clean:3.2.0:clean (default-clean) @ bootstrap4-api ---
[INFO] 
[INFO] --- hpi:3.27:validate (default-validate) @ bootstrap4-api ---
[INFO] 
[INFO] --- hpi:3.27:validate-hpi (default-validate-hpi) @ bootstrap4-api ---
[INFO] 
[INFO] --- enforcer:3.0.0:display-info (display-info) @ bootstrap4-api ---
[INFO] Maven Version: 3.9.9
[INFO] JDK Version: 25-beta normalized as: 25
[INFO] Java Vendor: Eclipse Adoptium
[INFO] OS Info: Arch: amd64 Family: unix Name: linux Version: 5.15.153.1-microsoft-standard-wsl2
[INFO] 
[INFO] --- enforcer:3.0.0:enforce (display-info) @ bootstrap4-api ---
[INFO] Ignoring requireUpperBoundDeps in javax.servlet:javax.servlet-api
[INFO] Ignoring requireUpperBoundDeps in org.kohsuke:access-modifier-annotation
[INFO] Ignoring requireUpperBoundDeps in org.ow2.asm:asm
[INFO] Adding ignore: module-info
[INFO] Adding ignore: module-info
[INFO] Adding ignore: */ModuleUtils*
[INFO] Adding ignore: com/tngtech/archunit/core/importer/Module*
[INFO] Adding ignore: com/tngtech/archunit/core/domain/Java9DomainPlugin*
[INFO] 
[INFO] --- enforcer:3.0.0:enforce (no-snapshots-in-release) @ bootstrap4-api ---
[INFO] 
[INFO] --- hpi:3.27:initialize (default-initialize) @ bootstrap4-api ---
[INFO] 
[INFO] --- gplus:1.13.1:addTestSources (test-in-groovy) @ bootstrap4-api ---
[INFO] 
[INFO] --- localizer:1.31:generate (default) @ bootstrap4-api ---
[INFO] 
[INFO] >>> javadoc:3.4.0:javadoc (default) > generate-sources @ bootstrap4-api >>>
[INFO] 
[INFO] --- hpi:3.27:validate (default-validate) @ bootstrap4-api ---
[INFO] 
[INFO] --- hpi:3.27:validate-hpi (default-validate-hpi) @ bootstrap4-api ---
[INFO] 
[INFO] --- enforcer:3.0.0:display-info (display-info) @ bootstrap4-api ---
[INFO] Maven Version: 3.9.9
[INFO] JDK Version: 25-beta normalized as: 25
[INFO] Java Vendor: Eclipse Adoptium
[INFO] OS Info: Arch: amd64 Family: unix Name: linux Version: 5.15.153.1-microsoft-standard-wsl2
[INFO] 
[INFO] --- enforcer:3.0.0:enforce (display-info) @ bootstrap4-api ---
[INFO] Ignoring requireUpperBoundDeps in javax.servlet:javax.servlet-api
[INFO] Ignoring requireUpperBoundDeps in org.kohsuke:access-modifier-annotation
[INFO] Ignoring requireUpperBoundDeps in org.ow2.asm:asm
[INFO] Adding ignore: module-info
[INFO] Adding ignore: module-info
[INFO] Adding ignore: */ModuleUtils*
[INFO] Adding ignore: com/tngtech/archunit/core/importer/Module*
[INFO] Adding ignore: com/tngtech/archunit/core/domain/Java9DomainPlugin*
[INFO] 
[INFO] --- enforcer:3.0.0:enforce (no-snapshots-in-release) @ bootstrap4-api ---
[INFO] 
[INFO] --- hpi:3.27:initialize (default-initialize) @ bootstrap4-api ---
[INFO] 
[INFO] --- gplus:1.13.1:addTestSources (test-in-groovy) @ bootstrap4-api ---
[INFO] 
[INFO] --- localizer:1.31:generate (default) @ bootstrap4-api ---
[INFO] 
[INFO] <<< javadoc:3.4.0:javadoc (default) < generate-sources @ bootstrap4-api <<<
[INFO] 
[INFO] 
[INFO] --- javadoc:3.4.0:javadoc (default) @ bootstrap4-api ---
[INFO] Skipping javadoc generation
[INFO] 
[INFO] --- frontend:1.12.0:install-node-and-npm (install node and npm) @ bootstrap4-api ---
[INFO] Installing node version v14.16.1
[INFO] Unpacking /home/poddingue/.m2/repository/com/github/eirslett/node/14.16.1/node-14.16.1-linux-x64.tar.gz into /tmp/plugin-builds/bootstrap4-api/node/tmp
[INFO] Copying node binary from /tmp/plugin-builds/bootstrap4-api/node/tmp/node-v14.16.1-linux-x64/bin/node to /tmp/plugin-builds/bootstrap4-api/node/node
[INFO] Extracting NPM
[INFO] Installed node locally.
[INFO] 
[INFO] --- frontend:1.12.0:npm (npm install) @ bootstrap4-api ---
[INFO] Running 'npm install' in /tmp/plugin-builds/bootstrap4-api
[INFO] 
[INFO] > node-sass@7.0.0 install /tmp/plugin-builds/bootstrap4-api/node_modules/node-sass
[INFO] > node scripts/install.js
[INFO] 
[INFO] Cached binary found at /home/poddingue/.npm/node-sass/7.0.0/linux-x64-83_binding.node
[INFO] 
[INFO] > node-sass@7.0.0 postinstall /tmp/plugin-builds/bootstrap4-api/node_modules/node-sass
[INFO] > node scripts/build.js
[INFO] 
[INFO] Binary found at /tmp/plugin-builds/bootstrap4-api/node_modules/node-sass/vendor/linux-x64-83/binding.node
[INFO] Testing binary
[INFO] Binary is fine
[INFO] npm WARN optional SKIPPING OPTIONAL DEPENDENCY: fsevents@2.3.2 (node_modules/fsevents):
[INFO] npm WARN notsup SKIPPING OPTIONAL DEPENDENCY: Unsupported platform for fsevents@2.3.2: wanted {"os":"darwin","arch":"any"} (current: {"os":"linux","arch":"x64"})
[INFO] 
[INFO] npm WARN notsup SKIPPING OPTIONAL DEPENDENCY: Unsupported platform for fsevents@2.3.2: wanted {"os":"darwin","arch":"any"} (current: {"os":"linux","arch":"x64"})added 407 packages from 289 contributors and audited 408 packages in 6.345s
[INFO] 
[INFO] 117 packages are looking for funding
[INFO]   run `npm fund` for details
[INFO] 
[INFO] found 22 vulnerabilities (3 low, 6 moderate, 13 high)
[INFO]   run `npm audit fix` to fix them, or `npm audit` for details
[INFO] 
[INFO] --- resources:3.2.0:resources (default-resources) @ bootstrap4-api ---
[INFO] Using 'UTF-8' encoding to copy filtered resources.
[INFO] Using 'UTF-8' encoding to copy filtered properties files.
[INFO] Copying 6 resources
[INFO] 
[INFO] --- flatten:1.2.7:flatten (flatten) @ bootstrap4-api ---
[INFO] Generating flattened POM of project io.jenkins.plugins:bootstrap4-api:hpi:4.6.0-7-SNAPSHOT...
[INFO] 
[INFO] --- resources:3.2.0:copy-resources (copy-resources) @ bootstrap4-api ---
[INFO] Using 'UTF-8' encoding to copy filtered resources.
[INFO] Using 'UTF-8' encoding to copy filtered properties files.
[INFO] Copying 8 resources
[INFO] 
[INFO] --- compiler:3.10.1:compile (default-compile) @ bootstrap4-api ---
[INFO] Changes detected - recompiling the module!
[INFO] Compiling 1 source file to /tmp/plugin-builds/bootstrap4-api/target/classes
[INFO] 
[INFO] --- frontend:1.12.0:npm (npm build) @ bootstrap4-api ---
[INFO] Running 'npm run build' in /tmp/plugin-builds/bootstrap4-api
[INFO] 
[INFO] > bootstrap4@4.6.0 build /tmp/plugin-builds/bootstrap4-api
[INFO] > node-sass --output-style expanded --source-map true --source-map-contents true --precision 6 etc -o target/bootstrap4-api/css
[INFO] 
[INFO] Rendering Complete, saving .css file...
[INFO] Wrote CSS to /tmp/plugin-builds/bootstrap4-api/target/bootstrap4-api/css/bootstrap-custom-build.css
[INFO] Wrote Source Map to /tmp/plugin-builds/bootstrap4-api/target/bootstrap4-api/css/bootstrap-custom-build.css.map
[INFO] Rendering Complete, saving .css file...
[INFO] Wrote CSS to /tmp/plugin-builds/bootstrap4-api/target/bootstrap4-api/css/bootstrap-reboot.css
[INFO] Wrote Source Map to /tmp/plugin-builds/bootstrap4-api/target/bootstrap4-api/css/bootstrap-reboot.css.map
[INFO] Wrote 2 CSS files to /tmp/plugin-builds/bootstrap4-api/target/bootstrap4-api/css
[INFO] 
[INFO] --- access-modifier-checker:1.27:enforce (default-enforce) @ bootstrap4-api ---
[INFO] Skipping access modifier checks
[INFO] 
[INFO] --- hpi:3.27:insert-test (default-insert-test) @ bootstrap4-api ---
[INFO] 
[INFO] --- gplus:1.13.1:generateTestStubs (test-in-groovy) @ bootstrap4-api ---
[INFO] Generation of test stubs is skipped.
[INFO] 
[INFO] --- antrun:3.0.0:run (createTempDir) @ bootstrap4-api ---
[INFO] Executing tasks
[INFO]     [mkdir] Created dir: /tmp/plugin-builds/bootstrap4-api/target/tmp
[INFO] Executed tasks
[INFO] 
[INFO] --- resources:3.2.0:testResources (default-testResources) @ bootstrap4-api ---
[INFO] Not copying test resources
[INFO] 
[INFO] --- compiler:3.10.1:testCompile (default-testCompile) @ bootstrap4-api ---
[INFO] Not compiling test sources
[INFO] 
[INFO] --- hpi:3.27:test-hpl (default-test-hpl) @ bootstrap4-api ---
[INFO] Generating /tmp/plugin-builds/bootstrap4-api/target/test-classes/the.hpl
[INFO] 
[INFO] --- hpi:3.27:resolve-test-dependencies (default-resolve-test-dependencies) @ bootstrap4-api ---
[INFO] 
[INFO] --- gplus:1.13.1:compileTests (test-in-groovy) @ bootstrap4-api ---
[INFO] Compilation of tests is skipped.
[INFO] 
[INFO] --- jacoco:0.8.8:prepare-agent (default) @ bootstrap4-api ---
[INFO] argLine set to -javaagent:/home/poddingue/.m2/repository/org/jacoco/org.jacoco.agent/0.8.8/org.jacoco.agent-0.8.8-runtime.jar=destfile=/tmp/plugin-builds/bootstrap4-api/target/jacoco.exec,includes=io/jenkins/plugins/**/* -Xms768M -Xmx768M -XX:+HeapDumpOnOutOfMemoryError -XX:+TieredCompilation -XX:TieredStopAtLevel=1 @{jenkins.addOpens} @{jenkins.insaneHook}
[INFO] 
[INFO] --- hpi:3.27:test-runtime (default-test-runtime) @ bootstrap4-api ---
[INFO] Tests are skipped.
[INFO] 
[INFO] --- surefire:3.0.0-M6:test (default-test) @ bootstrap4-api ---
[INFO] Tests are skipped.
[INFO] 
[INFO] --- animal-sniffer:1.21:check (check) @ bootstrap4-api ---
[INFO] Signature checking is skipped.
[INFO] 
[INFO] --- maven-license-plugin:1.10:process (default) @ bootstrap4-api ---
[INFO] 
[INFO] --- hpi:3.27:hpi (default-hpi) @ bootstrap4-api ---
[INFO] Generating /tmp/plugin-builds/bootstrap4-api/target/bootstrap4-api/META-INF/MANIFEST.MF
[INFO] Checking for attached .jar artifact ...
[INFO] Generating jar /tmp/plugin-builds/bootstrap4-api/target/bootstrap4-api.jar
[INFO] Building jar: /tmp/plugin-builds/bootstrap4-api/target/bootstrap4-api.jar
[INFO] Exploding webapp...
[INFO] Copy webapp webResources to /tmp/plugin-builds/bootstrap4-api/target/bootstrap4-api
[INFO] Assembling webapp bootstrap4-api in /tmp/plugin-builds/bootstrap4-api/target/bootstrap4-api
[INFO] Generating hpi /tmp/plugin-builds/bootstrap4-api/target/bootstrap4-api.hpi
[INFO] Building jar: /tmp/plugin-builds/bootstrap4-api/target/bootstrap4-api.hpi
[INFO] 
[INFO] --- jar:3.2.2:test-jar (maybe-test-jar) @ bootstrap4-api ---
[INFO] Skipping packaging of the test-jar
[INFO] 
[INFO] --- jar:3.2.2:test-jar (default) @ bootstrap4-api ---
[INFO] Skipping packaging of the test-jar
[INFO] 
[INFO] --- failsafe:3.0.0-M6:integration-test (default) @ bootstrap4-api ---
[INFO] Tests are skipped.
[INFO] 
[INFO] --- checkstyle:3.1.2:checkstyle (run-checkstyle) @ bootstrap4-api ---
[INFO] 
[INFO] --- pmd:3.16.0:pmd (run-pmd) @ bootstrap4-api ---
[INFO] Skipping PMD execution
[INFO] 
[INFO] --- pmd:3.16.0:cpd (run-pmd) @ bootstrap4-api ---
[INFO] PMD version: 6.44.0
[INFO] 
[INFO] --- spotbugs:4.6.0.0:spotbugs (run-spotbugs) @ bootstrap4-api ---
[INFO] 
[INFO] --- failsafe:3.0.0-M6:verify (default) @ bootstrap4-api ---
[INFO] Tests are skipped.
[INFO] 
[INFO] --- jacoco:0.8.8:report (report) @ bootstrap4-api ---
[INFO] Skipping JaCoCo execution due to missing execution data file.
[INFO] 
[INFO] --- install:3.0.0-M1:install (default-install) @ bootstrap4-api ---
[INFO] Installing /tmp/plugin-builds/bootstrap4-api/target/bootstrap4-api.hpi to /home/poddingue/.m2/repository/io/jenkins/plugins/bootstrap4-api/4.6.0-7-SNAPSHOT/bootstrap4-api-4.6.0-7-SNAPSHOT.hpi
[INFO] Installing /tmp/plugin-builds/bootstrap4-api/target/bootstrap4-api-4.6.0-7-SNAPSHOT.pom to /home/poddingue/.m2/repository/io/jenkins/plugins/bootstrap4-api/4.6.0-7-SNAPSHOT/bootstrap4-api-4.6.0-7-SNAPSHOT.pom
[INFO] Installing /tmp/plugin-builds/bootstrap4-api/target/bootstrap4-api.jar to /home/poddingue/.m2/repository/io/jenkins/plugins/bootstrap4-api/4.6.0-7-SNAPSHOT/bootstrap4-api-4.6.0-7-SNAPSHOT.jar
[INFO] ------------------------------------------------------------------------
[INFO] BUILD SUCCESS
[INFO] ------------------------------------------------------------------------
[INFO] Total time:  21.114 s
[INFO] Finished at: 2025-06-22T17:27:25+02:00
[INFO] ------------------------------------------------------------------------
