WARNING: A terminally deprecated method in sun.misc.Unsafe has been called
WARNING: sun.misc.Unsafe::staticFieldBase has been called by com.google.inject.internal.aop.HiddenClassDefiner (file:/usr/share/apache-maven-3.9.11/lib/guice-5.1.0-classes.jar)
WARNING: Please consider reporting this to the maintainers of class com.google.inject.internal.aop.HiddenClassDefiner
WARNING: sun.misc.Unsafe::staticFieldBase will be removed in a future release
[INFO] Scanning for projects...
[INFO] Artifact org.jenkins-ci.tools:maven-hpi-plugin:pom:3.66 is present in the local repository, but cached from a remote repository ID that is unavailable in current build context, verifying that is downloadable from [incrementals (https://repo.jenkins-ci.org/incrementals/, default, releases), central (https://repo.maven.apache.org/maven2, default, releases)]
[INFO] Artifact org.jenkins-ci.tools:maven-hpi-plugin:pom:3.66 is present in the local repository, but cached from a remote repository ID that is unavailable in current build context, verifying that is downloadable from [incrementals (https://repo.jenkins-ci.org/incrementals/, default, releases), central (https://repo.maven.apache.org/maven2, default, releases)]
[WARNING] The POM for org.jenkins-ci.tools:maven-hpi-plugin:jar:3.66 is missing, no dependency information available
[INFO] Artifact org.jenkins-ci.tools:maven-hpi-plugin:jar:3.66 is present in the local repository, but cached from a remote repository ID that is unavailable in current build context, verifying that is downloadable from [incrementals (https://repo.jenkins-ci.org/incrementals/, default, releases), central (https://repo.maven.apache.org/maven2, default, releases)]
[INFO] Artifact org.jenkins-ci.tools:maven-hpi-plugin:jar:3.66 is present in the local repository, but cached from a remote repository ID that is unavailable in current build context, verifying that is downloadable from [incrementals (https://repo.jenkins-ci.org/incrementals/, default, releases), central (https://repo.maven.apache.org/maven2, default, releases)]
[WARNING] Failed to build parent project for org.jenkins-ci.plugins:branch-api:hpi:2.999999-SNAPSHOT
[INFO] 
[INFO] -----------------< org.jenkins-ci.plugins:branch-api >------------------
[INFO] Building Branch API Plugin 2.999999-SNAPSHOT
[INFO]   from pom.xml
[INFO] --------------------------------[ hpi ]---------------------------------
[INFO] 
[INFO] --- clean:3.5.0:clean (default-clean) @ branch-api ---
[INFO] 
[INFO] --- hpi:3.66:validate (default-validate) @ branch-api ---
[INFO] Created marker file /tmp/plugin-builds/branch-api/target/java-level/17
[INFO] 
[INFO] --- hpi:3.66:validate-hpi (default-validate-hpi) @ branch-api ---
[INFO] 
[INFO] --- enforcer:3.6.1:enforce (display-info) @ branch-api ---
[INFO] Rule 0: io.jenkins.tools.incrementals.enforcer.RequireExtensionVersion passed
[INFO] Rule 1: org.apache.maven.enforcer.rules.version.RequireMavenVersion passed
[INFO] Rule 2: org.apache.maven.enforcer.rules.version.RequireJavaVersion passed
[INFO] Rule 3: org.codehaus.mojo.extraenforcer.dependencies.EnforceBytecodeVersion passed
[INFO] Rule 4: org.apache.maven.enforcer.rules.dependency.BannedDependencies passed
[INFO] Rule 5: org.apache.maven.enforcer.rules.dependency.BannedDependencies passed
[INFO] Ignoring requireUpperBoundDeps in org.ow2.asm:asm
[INFO] Rule 6: org.apache.maven.enforcer.rules.dependency.RequireUpperBoundDeps passed
[INFO] 
[INFO] --- enforcer:3.6.1:enforce (no-snapshots-in-release) @ branch-api ---
[INFO] Rule 0: org.apache.maven.enforcer.rules.dependency.RequireReleaseDeps passed
[INFO] 
[INFO] --- localizer:1.31:generate (default) @ branch-api ---
[INFO] 
[INFO] --- resources:3.3.1:resources (default-resources) @ branch-api ---
[INFO] Copying 84 resources from src/main/resources to target/classes
[INFO] 
[INFO] --- flatten:1.7.2:flatten (flatten) @ branch-api ---
[INFO] Generating flattened POM of project org.jenkins-ci.plugins:branch-api:hpi:2.999999-SNAPSHOT...
[INFO] 
[INFO] --- compiler:3.14.0:compile (default-compile) @ branch-api ---
[INFO] Recompiling the module because of changed source code.
[INFO] Compiling 63 source files with javac [debug parameters release 17] to target/classes
[WARNING] unknown enum constant javax.annotation.meta.When.ALWAYS
  reason: class file for javax.annotation.meta.When not found
[WARNING] unknown enum constant javax.annotation.meta.When.MAYBE
[INFO] jenkins.branch.Branch.TransientJobActionsFactoryImpl indexed under hudson.Extension
[INFO] jenkins.branch.BranchNameContributor indexed under hudson.Extension
[INFO] jenkins.branch.BranchProjectFactory.HeadByItemImpl indexed under hudson.Extension
[INFO] jenkins.branch.BranchProjectFactory.SourceByItemImpl indexed under hudson.Extension
[INFO] jenkins.branch.BranchPropertyDescriptor.Visibility indexed under hudson.Extension
[INFO] jenkins.branch.BranchSource.DescriptorImpl indexed under hudson.Extension
[INFO] jenkins.branch.BranchStatusColumn.DescriptorImpl indexed under hudson.Extension
[INFO] jenkins.branch.BranchStatusColumn.DescriptorVisibilityFilterImpl indexed under hudson.Extension
[INFO] jenkins.branch.BuildRetentionBranchProperty.DescriptorImpl indexed under hudson.Extension
[INFO] jenkins.branch.DeadBranchIndicatorAction.JobFactoryImpl indexed under hudson.Extension
[INFO] jenkins.branch.DeadBranchIndicatorAction.RunFactoryImpl indexed under hudson.Extension
[INFO] jenkins.branch.DefaultBranchPropertyStrategy.DescriptorImpl indexed under hudson.Extension
[INFO] jenkins.branch.DescriptionColumn.DescriptorImpl indexed under hudson.Extension
[INFO] jenkins.branch.ItemColumn.DescriptorImpl indexed under hudson.Extension
[INFO] jenkins.branch.ItemColumn.DescriptorVisibilityFilterImpl indexed under hudson.Extension
[INFO] jenkins.branch.MetadataActionFolderIcon.DescriptorImpl indexed under hudson.Extension
[INFO] jenkins.branch.MultiBranchProject.SCMEventListenerImpl indexed under hudson.Extension
[INFO] jenkins.branch.MultiBranchProject.StateActionFactory indexed under hudson.Extension
[INFO] jenkins.branch.MultiBranchProject.CopyItemVeto indexed under hudson.Extension
[INFO] jenkins.branch.MultiBranchProjectDisplayNamingTrait.DescriptorImpl indexed under hudson.Extension
[INFO] jenkins.branch.MultiBranchProjectViewHolder.ViewImpl.ViewDescriptorImpl indexed under hudson.Extension
[INFO] jenkins.branch.NamedExceptionsBranchPropertyStrategy.DescriptorImpl indexed under hudson.Extension
[INFO] jenkins.branch.NamedExceptionsBranchPropertyStrategy.Named.DescriptorImpl indexed under hudson.Extension
[INFO] jenkins.branch.NoTriggerBranchProperty.DescriptorImpl indexed under hudson.Extension
[INFO] jenkins.branch.NoTriggerBranchProperty.Dispatcher indexed under hudson.Extension
[INFO] jenkins.branch.NoTriggerOrganizationFolderProperty.DescriptorImpl indexed under hudson.Extension
[INFO] jenkins.branch.NoTriggerOrganizationFolderProperty.Dispatcher indexed under hudson.Extension
[INFO] jenkins.branch.NoTriggerOrganizationFolderProperty.PropertyMigrationImpl indexed under hudson.Extension
[INFO] jenkins.branch.OrganizationChildHealthMetricsProperty.DescriptorImpl indexed under hudson.Extension
[INFO] jenkins.branch.OrganizationChildOrphanedItemsProperty.DescriptorImpl indexed under hudson.Extension
[INFO] jenkins.branch.OrganizationChildOrphanedItemsProperty.Inherit.DescriptorImpl indexed under hudson.Extension
[INFO] jenkins.branch.OrganizationChildTriggersProperty.DescriptorImpl indexed under hudson.Extension
[INFO] jenkins.branch.OrganizationFolder.DescriptorImpl indexed under hudson.Extension
[INFO] jenkins.branch.OrganizationFolder.SCMEventListenerImpl indexed under hudson.Extension
[INFO] jenkins.branch.OrganizationFolder.StateActionFactory indexed under hudson.Extension
[INFO] jenkins.branch.OrganizationFolderViewHolder.ViewImpl.ViewDescriptorImpl indexed under hudson.Extension
[INFO] jenkins.branch.OverrideIndexTriggersJobProperty.DescriptorImpl indexed under hudson.Extension
[INFO] jenkins.branch.OverrideIndexTriggersJobProperty.Dispatcher indexed under hudson.Extension
[INFO] jenkins.branch.PrimaryBranchHealthMetric.DescriptorImpl indexed under hudson.Extension
[INFO] jenkins.branch.ProjectNameProperty.DescriptorImpl indexed under hudson.Extension
[INFO] jenkins.branch.PropertyMigration.MonitorImpl indexed under hudson.Extension
[INFO] jenkins.branch.RateLimitBranchProperty.DescriptorImpl indexed under hudson.Extension
[INFO] jenkins.branch.RateLimitBranchProperty.JobPropertyImpl.DescriptorImpl indexed under hudson.Extension
[INFO] jenkins.branch.RateLimitBranchProperty.QueueTaskDispatcherImpl indexed under hudson.Extension
[INFO] jenkins.branch.TaskNounUiTextProvider indexed under hudson.Extension
[INFO] jenkins.branch.UntrustedBranchProperty.DescriptorImpl indexed under hudson.Extension
[INFO] jenkins.branch.WorkspaceLocatorImpl indexed under hudson.Extension
[INFO] jenkins.branch.WorkspaceLocatorImpl.Deleter indexed under hudson.Extension
[INFO] jenkins.branch.WorkspaceLocatorImpl.Collector indexed under hudson.Extension
[INFO] /tmp/plugin-builds/branch-api/src/main/java/jenkins/branch/BranchSource.java:[70,12] Generating jenkins/branch/BranchSource.stapler
[INFO] /tmp/plugin-builds/branch-api/src/main/java/jenkins/branch/BranchStatusColumn.java:[54,12] Generating jenkins/branch/BranchStatusColumn.stapler
[INFO] /tmp/plugin-builds/branch-api/src/main/java/jenkins/branch/BuildRetentionBranchProperty.java:[26,12] Generating jenkins/branch/BuildRetentionBranchProperty.stapler
[INFO] /tmp/plugin-builds/branch-api/src/main/java/jenkins/branch/DefaultBranchPropertyStrategy.java:[58,12] Generating jenkins/branch/DefaultBranchPropertyStrategy.stapler
[INFO] /tmp/plugin-builds/branch-api/src/main/java/jenkins/branch/DescriptionColumn.java:[55,12] Generating jenkins/branch/DescriptionColumn.stapler
[INFO] /tmp/plugin-builds/branch-api/src/main/java/jenkins/branch/ItemColumn.java:[57,12] Generating jenkins/branch/ItemColumn.stapler
[INFO] /tmp/plugin-builds/branch-api/src/main/java/jenkins/branch/MetadataActionFolderIcon.java:[56,12] Generating jenkins/branch/MetadataActionFolderIcon.stapler
[INFO] /tmp/plugin-builds/branch-api/src/main/java/jenkins/branch/MultiBranchProjectDisplayNamingTrait.java:[51,12] Generating jenkins/branch/MultiBranchProjectDisplayNamingTrait.stapler
[INFO] /tmp/plugin-builds/branch-api/src/main/java/jenkins/branch/NamedExceptionsBranchPropertyStrategy.java:[154,16] Generating jenkins/branch/NamedExceptionsBranchPropertyStrategy/Named.stapler
[INFO] /tmp/plugin-builds/branch-api/src/main/java/jenkins/branch/NamedExceptionsBranchPropertyStrategy.java:[69,12] Generating jenkins/branch/NamedExceptionsBranchPropertyStrategy.stapler
[INFO] /tmp/plugin-builds/branch-api/src/main/java/jenkins/branch/NoTriggerBranchProperty.java:[54,12] Generating jenkins/branch/NoTriggerBranchProperty.stapler
[INFO] /tmp/plugin-builds/branch-api/src/main/java/jenkins/branch/NoTriggerOrganizationFolderProperty.java:[53,12] Generating jenkins/branch/NoTriggerOrganizationFolderProperty.stapler
[INFO] /tmp/plugin-builds/branch-api/src/main/java/jenkins/branch/OrganizationChildHealthMetricsProperty.java:[70,12] Generating jenkins/branch/OrganizationChildHealthMetricsProperty.stapler
[INFO] /tmp/plugin-builds/branch-api/src/main/java/jenkins/branch/OrganizationChildOrphanedItemsProperty.java:[160,16] Generating jenkins/branch/OrganizationChildOrphanedItemsProperty/Inherit.stapler
[INFO] /tmp/plugin-builds/branch-api/src/main/java/jenkins/branch/OrganizationChildOrphanedItemsProperty.java:[64,12] Generating jenkins/branch/OrganizationChildOrphanedItemsProperty.stapler
[INFO] /tmp/plugin-builds/branch-api/src/main/java/jenkins/branch/OrganizationChildTriggersProperty.java:[78,12] Generating jenkins/branch/OrganizationChildTriggersProperty.stapler
[INFO] /tmp/plugin-builds/branch-api/src/main/java/jenkins/branch/OverrideIndexTriggersJobProperty.java:[54,12] Generating jenkins/branch/OverrideIndexTriggersJobProperty.stapler
[INFO] /tmp/plugin-builds/branch-api/src/main/java/jenkins/branch/PrimaryBranchHealthMetric.java:[59,12] Generating jenkins/branch/PrimaryBranchHealthMetric.stapler
[INFO] /tmp/plugin-builds/branch-api/src/main/java/jenkins/branch/RateLimitBranchProperty.java:[251,16] Generating jenkins/branch/RateLimitBranchProperty/Throttle.stapler
[INFO] /tmp/plugin-builds/branch-api/src/main/java/jenkins/branch/RateLimitBranchProperty.java:[319,16] Generating jenkins/branch/RateLimitBranchProperty/JobPropertyImpl.stapler
[INFO] /tmp/plugin-builds/branch-api/src/main/java/jenkins/branch/RateLimitBranchProperty.java:[125,12] Generating jenkins/branch/RateLimitBranchProperty.stapler
[INFO] /tmp/plugin-builds/branch-api/src/main/java/jenkins/branch/UntrustedBranchProperty.java:[73,12] Generating jenkins/branch/UntrustedBranchProperty.stapler
[INFO] /tmp/plugin-builds/branch-api/src/main/java/jenkins/branch/MultiBranchProject.java:[129,17] Generating jenkins/branch/MultiBranchProject.javadoc
[INFO] /tmp/plugin-builds/branch-api/src/main/java/jenkins/branch/BranchSource.java:[49,8] Generating jenkins/branch/BranchSource.javadoc
[INFO] /tmp/plugin-builds/branch-api/src/main/java/jenkins/branch/Branch.java:[55,8] Generating jenkins/branch/Branch.javadoc
[INFO] /tmp/plugin-builds/branch-api/src/main/java/jenkins/branch/ParameterDefinitionBranchProperty.java:[46,17] Generating jenkins/branch/ParameterDefinitionBranchProperty.javadoc
[INFO] /tmp/plugin-builds/branch-api/src/main/java/jenkins/branch/NoTriggerBranchProperty.java:[102,31] Generating jenkins/branch/NoTriggerBranchProperty/DescriptorImpl/doCheckTriggeredBranchesRegex.stapler
[INFO] /tmp/plugin-builds/branch-api/src/main/java/jenkins/branch/RateLimitBranchProperty.java:[216,31] Generating jenkins/branch/RateLimitBranchProperty/DescriptorImpl/doCheckCount.stapler
[INFO] /tmp/plugin-builds/branch-api/src/main/java/jenkins/branch/NoTriggerOrganizationFolderProperty.java:[95,31] Generating jenkins/branch/NoTriggerOrganizationFolderProperty/DescriptorImpl/doCheckBranches.stapler
[WARNING] unknown enum constant javax.annotation.meta.When.ALWAYS
  reason: class file for javax.annotation.meta.When not found
[WARNING] unknown enum constant javax.annotation.meta.When.MAYBE
[WARNING] unknown enum constant javax.annotation.meta.When.ALWAYS
  reason: class file for javax.annotation.meta.When not found
[WARNING] unknown enum constant javax.annotation.meta.When.MAYBE
[WARNING] /tmp/plugin-builds/branch-api/src/main/java/jenkins/branch/BuildRetentionBranchProperty.java:[44,35] java.security.AccessController in java.security has been deprecated and marked for removal
[INFO] /tmp/plugin-builds/branch-api/src/main/java/jenkins/branch/BaseEmptyView.java: Some input files use or override a deprecated API.
[INFO] /tmp/plugin-builds/branch-api/src/main/java/jenkins/branch/BaseEmptyView.java: Recompile with -Xlint:deprecation for details.
[INFO] /tmp/plugin-builds/branch-api/src/main/java/jenkins/branch/Branch.java: Some input files use unchecked or unsafe operations.
[INFO] /tmp/plugin-builds/branch-api/src/main/java/jenkins/branch/Branch.java: Recompile with -Xlint:unchecked for details.
[INFO] 
[INFO] --- access-modifier-checker:1.35:enforce (default-enforce) @ branch-api ---
[INFO] 
[INFO] --- bridge-method-injector:1.31:process (default) @ branch-api ---
[INFO] 
[INFO] --- hpi:3.66:insert-test (default-insert-test) @ branch-api ---
[INFO] 
[INFO] --- antrun:3.1.0:run (createTempDir) @ branch-api ---
[INFO] Executing tasks
[INFO]     [mkdir] Created dir: /tmp/plugin-builds/branch-api/target/tmp
[INFO] Executed tasks
[INFO] 
[INFO] --- resources:3.3.1:testResources (default-testResources) @ branch-api ---
[INFO] Not copying test resources
[INFO] 
[INFO] --- compiler:3.14.0:testCompile (default-testCompile) @ branch-api ---
[INFO] Not compiling test sources
[INFO] 
[INFO] --- hpi:3.66:test-hpl (default-test-hpl) @ branch-api ---
[INFO] Generating /tmp/plugin-builds/branch-api/target/test-classes/the.hpl
[INFO] 
[INFO] --- hpi:3.66:resolve-test-dependencies (default-resolve-test-dependencies) @ branch-api ---
[INFO] 
[INFO] --- hpi:3.66:test-runtime (default-test-runtime) @ branch-api ---
[INFO] Tests are skipped.
[INFO] 
[INFO] --- surefire:3.5.3:test (default-test) @ branch-api ---
[INFO] Tests are skipped.
[INFO] 
[INFO] --- license:184.v19c87b_6b_a_9a_c:process (default) @ branch-api ---
[INFO] Generated /tmp/plugin-builds/branch-api/target/branch-api/WEB-INF/licenses.xml
[INFO] 
[INFO] --- hpi:3.66:hpi (default-hpi) @ branch-api ---
[INFO] Generating /tmp/plugin-builds/branch-api/target/branch-api/META-INF/MANIFEST.MF
[INFO] Checking for attached .jar artifact ...
[INFO] Generating jar /tmp/plugin-builds/branch-api/target/branch-api.jar
[INFO] Building jar: /tmp/plugin-builds/branch-api/target/branch-api.jar
[INFO] Exploding webapp...
[INFO] Copy webapp webResources to /tmp/plugin-builds/branch-api/target/branch-api
[INFO] Assembling webapp branch-api in /tmp/plugin-builds/branch-api/target/branch-api
[INFO] Generating hpi /tmp/plugin-builds/branch-api/target/branch-api.hpi
[INFO] Building jar: /tmp/plugin-builds/branch-api/target/branch-api.hpi
[INFO] 
[INFO] --- jar:3.4.2:test-jar (maybe-test-jar) @ branch-api ---
[INFO] Building jar: /tmp/plugin-builds/branch-api/target/branch-api-tests.jar
[INFO] 
[INFO] >>> spotbugs:4.9.3.2:check (spotbugs) > :spotbugs @ branch-api >>>
[INFO] 
[INFO] --- spotbugs:4.9.3.2:spotbugs (spotbugs) @ branch-api ---
[INFO] Fork Value is true
[INFO] Done SpotBugs Analysis....
[INFO] Rendering content with org.apache.maven.skins:maven-fluido-skin:jar:2.0.0-M9 skin
[INFO] 
[INFO] <<< spotbugs:4.9.3.2:check (spotbugs) < :spotbugs @ branch-api <<<
[INFO] 
[INFO] 
[INFO] --- spotbugs:4.9.3.2:check (spotbugs) @ branch-api ---
[INFO] BugInstance size is 0
[INFO] Error size is 0
[INFO] No errors/warnings found
[INFO] 
[INFO] --- spotless:2.46.1:check (default) @ branch-api ---
[INFO] Spotless check skipped
[INFO] 
[INFO] --- install:3.1.4:install (default-install) @ branch-api ---
[INFO] Installing /tmp/plugin-builds/branch-api/target/branch-api-2.999999-SNAPSHOT.pom to /home/runner/.m2/repository/org/jenkins-ci/plugins/branch-api/2.999999-SNAPSHOT/branch-api-2.999999-SNAPSHOT.pom
[INFO] Installing /tmp/plugin-builds/branch-api/target/branch-api.hpi to /home/runner/.m2/repository/org/jenkins-ci/plugins/branch-api/2.999999-SNAPSHOT/branch-api-2.999999-SNAPSHOT.hpi
[INFO] Installing /tmp/plugin-builds/branch-api/target/branch-api.jar to /home/runner/.m2/repository/org/jenkins-ci/plugins/branch-api/2.999999-SNAPSHOT/branch-api-2.999999-SNAPSHOT.jar
[INFO] Installing /tmp/plugin-builds/branch-api/target/branch-api-tests.jar to /home/runner/.m2/repository/org/jenkins-ci/plugins/branch-api/2.999999-SNAPSHOT/branch-api-2.999999-SNAPSHOT-tests.jar
[INFO] ------------------------------------------------------------------------
[INFO] BUILD SUCCESS
[INFO] ------------------------------------------------------------------------
[INFO] Total time:  01:29 min
[INFO] Finished at: 2025-09-30T01:55:52Z
[INFO] ------------------------------------------------------------------------
