WARNING: A restricted method in java.lang.System has been called
WARNING: java.lang.System::load has been called by org.fusesource.jansi.internal.JansiLoader in an unnamed module (file:/home/poddingue/.sdkman/candidates/maven/current/lib/jansi-2.4.1.jar)
WARNING: Use --enable-native-access=ALL-UNNAMED to avoid a warning for callers in this module
WARNING: Restricted methods will be blocked in a future release unless native access is enabled

WARNING: A terminally deprecated method in sun.misc.Unsafe has been called
WARNING: sun.misc.Unsafe::objectFieldOffset has been called by com.google.common.util.concurrent.AbstractFuture$UnsafeAtomicHelper (file:/home/poddingue/.sdkman/candidates/maven/current/lib/guava-33.2.1-jre.jar)
WARNING: Please consider reporting this to the maintainers of class com.google.common.util.concurrent.AbstractFuture$UnsafeAtomicHelper
WARNING: sun.misc.Unsafe::objectFieldOffset will be removed in a future release
[INFO] Scanning for projects...
[INFO] 
[INFO] -----------< org.jenkins-ci.plugins:build-user-vars-plugin >------------
[INFO] Building Jenkins build user vars plugin 999999-SNAPSHOT
[INFO]   from pom.xml
[INFO] --------------------------------[ hpi ]---------------------------------
[INFO] 
[INFO] --- clean:3.4.1:clean (default-clean) @ build-user-vars-plugin ---
[INFO] 
[INFO] --- hpi:3.65:validate (default-validate) @ build-user-vars-plugin ---
[INFO] Created marker file /tmp/plugin-builds/build-user-vars-plugin/target/java-level/17
[INFO] 
[INFO] --- hpi:3.65:validate-hpi (default-validate-hpi) @ build-user-vars-plugin ---
[INFO] 
[INFO] --- enforcer:3.5.0:enforce (display-info) @ build-user-vars-plugin ---
[INFO] Rule 0: io.jenkins.tools.incrementals.enforcer.RequireExtensionVersion passed
[INFO] Rule 1: org.apache.maven.enforcer.rules.version.RequireMavenVersion passed
[INFO] Rule 2: org.apache.maven.enforcer.rules.version.RequireJavaVersion passed
[INFO] Rule 3: org.codehaus.mojo.extraenforcer.dependencies.EnforceBytecodeVersion passed
[INFO] Rule 4: org.apache.maven.enforcer.rules.dependency.BannedDependencies passed
[INFO] Rule 5: org.apache.maven.enforcer.rules.dependency.BannedDependencies passed
[INFO] Rule 6: org.apache.maven.enforcer.rules.dependency.RequireUpperBoundDeps passed
[INFO] 
[INFO] --- enforcer:3.5.0:enforce (no-snapshots-in-release) @ build-user-vars-plugin ---
[INFO] Rule 0: org.apache.maven.enforcer.rules.dependency.RequireReleaseDeps passed
[INFO] 
[INFO] --- localizer:1.31:generate (default) @ build-user-vars-plugin ---
[INFO] 
[INFO] --- resources:3.3.1:resources (default-resources) @ build-user-vars-plugin ---
[INFO] Copying 6 resources from src/main/resources to target/classes
[INFO] 
[INFO] --- flatten:1.7.0:flatten (flatten) @ build-user-vars-plugin ---
[INFO] Generating flattened POM of project org.jenkins-ci.plugins:build-user-vars-plugin:hpi:999999-SNAPSHOT...
[INFO] 
[INFO] --- compiler:3.14.0:compile (default-compile) @ build-user-vars-plugin ---
[INFO] Recompiling the module because of changed source code.
[INFO] Compiling 12 source files with javac [debug parameters release 17] to target/classes
[INFO] org.jenkinsci.plugins.builduser.BuildUser.DescriptorImpl indexed under hudson.Extension
[INFO] org.jenkinsci.plugins.builduser.BuildUserVarsConfig indexed under hudson.Extension
[INFO] org.jenkinsci.plugins.builduser.BuildUserVarsEnvironmentContributor indexed under hudson.Extension
[INFO] /tmp/plugin-builds/build-user-vars-plugin/src/main/java/org/jenkinsci/plugins/builduser/BuildUser.java:[49,12] Generating org/jenkinsci/plugins/builduser/BuildUser.stapler
[INFO] 
[INFO] --- access-modifier-checker:1.35:enforce (default-enforce) @ build-user-vars-plugin ---
[INFO] Skipping access modifier checks
[INFO] 
[INFO] --- bridge-method-injector:1.31:process (default) @ build-user-vars-plugin ---
[INFO] 
[INFO] --- hpi:3.65:insert-test (default-insert-test) @ build-user-vars-plugin ---
[INFO] 
[INFO] --- antrun:3.1.0:run (createTempDir) @ build-user-vars-plugin ---
[INFO] Executing tasks
[INFO]     [mkdir] Created dir: /tmp/plugin-builds/build-user-vars-plugin/target/tmp
[INFO] Executed tasks
[INFO] 
[INFO] --- resources:3.3.1:testResources (default-testResources) @ build-user-vars-plugin ---
[INFO] Not copying test resources
[INFO] 
[INFO] --- compiler:3.14.0:testCompile (default-testCompile) @ build-user-vars-plugin ---
[INFO] Not compiling test sources
[INFO] 
[INFO] --- hpi:3.65:test-hpl (default-test-hpl) @ build-user-vars-plugin ---
[INFO] Generating /tmp/plugin-builds/build-user-vars-plugin/target/test-classes/the.hpl
[INFO] 
[INFO] --- hpi:3.65:resolve-test-dependencies (default-resolve-test-dependencies) @ build-user-vars-plugin ---
[INFO] 
[INFO] --- hpi:3.65:test-runtime (default-test-runtime) @ build-user-vars-plugin ---
[INFO] Tests are skipped.
[INFO] 
[INFO] --- surefire:3.5.3:test (default-test) @ build-user-vars-plugin ---
[INFO] Tests are skipped.
[INFO] 
[INFO] --- surefire:3.5.3:test (without-optional-test) @ build-user-vars-plugin ---
[INFO] Tests are skipped.
[INFO] 
[INFO] --- license:165.v7e11f4e4a_325:process (default) @ build-user-vars-plugin ---
[INFO] 
[INFO] --- hpi:3.65:hpi (default-hpi) @ build-user-vars-plugin ---
[INFO] Generating /tmp/plugin-builds/build-user-vars-plugin/target/build-user-vars-plugin/META-INF/MANIFEST.MF
[INFO] Checking for attached .jar artifact ...
[INFO] Generating jar /tmp/plugin-builds/build-user-vars-plugin/target/build-user-vars-plugin.jar
[INFO] Building jar: /tmp/plugin-builds/build-user-vars-plugin/target/build-user-vars-plugin.jar
[INFO] Exploding webapp...
[INFO] Copy webapp webResources to /tmp/plugin-builds/build-user-vars-plugin/target/build-user-vars-plugin
[INFO] Assembling webapp build-user-vars-plugin in /tmp/plugin-builds/build-user-vars-plugin/target/build-user-vars-plugin
[INFO] Generating hpi /tmp/plugin-builds/build-user-vars-plugin/target/build-user-vars-plugin.hpi
[INFO] Building jar: /tmp/plugin-builds/build-user-vars-plugin/target/build-user-vars-plugin.hpi
[INFO] 
[INFO] --- jar:3.4.2:test-jar (maybe-test-jar) @ build-user-vars-plugin ---
[INFO] Skipping packaging of the test-jar
[INFO] 
[INFO] >>> spotbugs:4.9.3.0:check (spotbugs) > :spotbugs @ build-user-vars-plugin >>>
[INFO] 
[INFO] --- spotbugs:4.9.3.0:spotbugs (spotbugs) @ build-user-vars-plugin ---
[INFO] Skipping com.github.spotbugs:spotbugs-maven-plugin:4.9.3.0:spotbugs report goal
[INFO] 
[INFO] <<< spotbugs:4.9.3.0:check (spotbugs) < :spotbugs @ build-user-vars-plugin <<<
[INFO] 
[INFO] 
[INFO] --- spotbugs:4.9.3.0:check (spotbugs) @ build-user-vars-plugin ---
[INFO] Spotbugs plugin skipped
[INFO] 
[INFO] --- spotless:2.44.4:check (default) @ build-user-vars-plugin ---
[INFO] Spotless check skipped
[INFO] 
[INFO] --- install:3.1.4:install (default-install) @ build-user-vars-plugin ---
[INFO] Installing /tmp/plugin-builds/build-user-vars-plugin/target/build-user-vars-plugin-999999-SNAPSHOT.pom to /home/poddingue/.m2/repository/org/jenkins-ci/plugins/build-user-vars-plugin/999999-SNAPSHOT/build-user-vars-plugin-999999-SNAPSHOT.pom
[INFO] Installing /tmp/plugin-builds/build-user-vars-plugin/target/build-user-vars-plugin.hpi to /home/poddingue/.m2/repository/org/jenkins-ci/plugins/build-user-vars-plugin/999999-SNAPSHOT/build-user-vars-plugin-999999-SNAPSHOT.hpi
[INFO] Installing /tmp/plugin-builds/build-user-vars-plugin/target/build-user-vars-plugin.jar to /home/poddingue/.m2/repository/org/jenkins-ci/plugins/build-user-vars-plugin/999999-SNAPSHOT/build-user-vars-plugin-999999-SNAPSHOT.jar
[INFO] ------------------------------------------------------------------------
[INFO] BUILD SUCCESS
[INFO] ------------------------------------------------------------------------
[INFO] Total time:  9.360 s
[INFO] Finished at: 2025-06-23T08:47:16+02:00
[INFO] ------------------------------------------------------------------------
