[INFO] Scanning for projects...
[INFO] Artifact org.jenkins-ci.tools:maven-hpi-plugin:pom:3.1814.v77d15159f9b_d is present in the local repository, but cached from a remote repository ID that is unavailable in current build context, verifying that is downloadable from [incrementals (https://repo.jenkins-ci.org/incrementals/, default, releases), central (https://repo.maven.apache.org/maven2, default, releases)]
[INFO] Artifact org.jenkins-ci.tools:maven-hpi-plugin:pom:3.1814.v77d15159f9b_d is present in the local repository, but cached from a remote repository ID that is unavailable in current build context, verifying that is downloadable from [incrementals (https://repo.jenkins-ci.org/incrementals/, default, releases), central (https://repo.maven.apache.org/maven2, default, releases)]
[WARNING] The POM for org.jenkins-ci.tools:maven-hpi-plugin:jar:3.1814.v77d15159f9b_d is missing, no dependency information available
[INFO] Artifact org.jenkins-ci.tools:maven-hpi-plugin:jar:3.1814.v77d15159f9b_d is present in the local repository, but cached from a remote repository ID that is unavailable in current build context, verifying that is downloadable from [incrementals (https://repo.jenkins-ci.org/incrementals/, default, releases), central (https://repo.maven.apache.org/maven2, default, releases)]
[INFO] Artifact org.jenkins-ci.tools:maven-hpi-plugin:jar:3.1814.v77d15159f9b_d is present in the local repository, but cached from a remote repository ID that is unavailable in current build context, verifying that is downloadable from [incrementals (https://repo.jenkins-ci.org/incrementals/, default, releases), central (https://repo.maven.apache.org/maven2, default, releases)]
[WARNING] Failed to build parent project for org.jenkins-ci.plugins:build-name-setter:hpi:2.5.2-SNAPSHOT
[INFO] 
[INFO] --------------< org.jenkins-ci.plugins:build-name-setter >--------------
[INFO] Building Build Name and Description Setter 2.5.2-SNAPSHOT
[INFO]   from pom.xml
[INFO] --------------------------------[ hpi ]---------------------------------
[INFO] 
[INFO] --- clean:3.5.0:clean (default-clean) @ build-name-setter ---
[INFO] 
[INFO] --- hpi:3.1814.v77d15159f9b_d:validate (default-validate) @ build-name-setter ---
[INFO] Created marker file /tmp/plugin-builds/build-name-setter/target/java-level/17
[INFO] 
[INFO] --- hpi:3.1814.v77d15159f9b_d:validate-hpi (default-validate-hpi) @ build-name-setter ---
[INFO] 
[INFO] --- enforcer:3.6.3:enforce (display-info) @ build-name-setter ---
[INFO] Rule 0: org.apache.maven.enforcer.rules.version.RequireMavenVersion passed
[INFO] Rule 1: org.apache.maven.enforcer.rules.version.RequireJavaVersion passed
[INFO] Rule 2: org.apache.maven.enforcer.rules.version.RequireJavaVersion passed
[INFO] Rule 3: org.apache.maven.enforcer.rules.RequirePluginVersions passed
[INFO] Rule 4: org.codehaus.mojo.extraenforcer.dependencies.EnforceBytecodeVersion passed
[INFO] Rule 5: org.apache.maven.enforcer.rules.dependency.BannedDependencies passed
[INFO] Rule 6: org.apache.maven.enforcer.rules.dependency.BannedDependencies passed
[INFO] Ignoring requireUpperBoundDeps in org.ow2.asm:asm
[INFO] Rule 7: org.apache.maven.enforcer.rules.dependency.RequireUpperBoundDeps passed
[INFO] banObsoleteDependencyOverrides skipped
[INFO] Rule 8: io.jenkins.tools.maven.jenkins_enforcer_rules.BanObsoleteDependencyOverrides passed
[INFO] 
[INFO] --- enforcer:3.6.3:enforce (no-snapshots-in-release) @ build-name-setter ---
[INFO] Rule 0: org.apache.maven.enforcer.rules.dependency.RequireReleaseDeps passed
[INFO] 
[INFO] --- localizer:1.31:generate (default) @ build-name-setter ---
[INFO] 
[INFO] --- enforcer:3.6.3:enforce (check-junit-imports) @ build-name-setter ---
[INFO] Rule 0: org.apache.maven.plugins.enforcer.RestrictImports passed
[INFO] 
[INFO] --- enforcer:3.6.3:enforce (check-commons-lang-imports) @ build-name-setter ---
[INFO] Skipping Rule Enforcement.
[INFO] 
[INFO] --- enforcer:3.6.3:enforce (check-deprecated-stapler-imports) @ build-name-setter ---
[INFO] Skipping Rule Enforcement.
[INFO] 
[INFO] --- resources:3.5.0:resources (default-resources) @ build-name-setter ---
[INFO] Copying 13 resources from src/main/resources to target/classes
[INFO] 
[INFO] --- flatten:1.7.3:flatten (flatten) @ build-name-setter ---
[INFO] Generating flattened POM of project org.jenkins-ci.plugins:build-name-setter:hpi:2.5.2-SNAPSHOT...
[INFO] 
[INFO] --- compiler:3.15.0:compile (default-compile) @ build-name-setter ---
[INFO] Recompiling the module because of changed source code.
[INFO] Compiling 6 source files with javac [debug parameters release 17] to target/classes
[INFO] org.jenkinsci.plugins.buildnamesetter.BuildNameSetter.DescriptorImpl indexed under hudson.Extension
[INFO] org.jenkinsci.plugins.buildnameupdater.BuildNameUpdater.DescriptorImpl indexed under hudson.Extension
[INFO] org.jenkinsci.plugins.pipeline.BuildDescriptionStep.DescriptorImpl indexed under hudson.Extension
[INFO] org.jenkinsci.plugins.pipeline.BuildNameStep.DescriptorImpl indexed under hudson.Extension
[INFO] /tmp/plugin-builds/build-name-setter/src/main/java/org/jenkinsci/plugins/buildnamesetter/BuildNameSetter.java:[35,12] Generating org/jenkinsci/plugins/buildnamesetter/BuildNameSetter.stapler
[INFO] /tmp/plugin-builds/build-name-setter/src/main/java/org/jenkinsci/plugins/buildnameupdater/BuildNameUpdater.java:[47,12] Generating org/jenkinsci/plugins/buildnameupdater/BuildNameUpdater.stapler
[INFO] /tmp/plugin-builds/build-name-setter/src/main/java/org/jenkinsci/plugins/pipeline/BuildDescriptionStep.java:[24,12] Generating org/jenkinsci/plugins/pipeline/BuildDescriptionStep.stapler
[INFO] /tmp/plugin-builds/build-name-setter/src/main/java/org/jenkinsci/plugins/pipeline/BuildNameStep.java:[24,12] Generating org/jenkinsci/plugins/pipeline/BuildNameStep.stapler
[INFO] /tmp/plugin-builds/build-name-setter/src/main/java/org/jenkinsci/plugins/buildnameupdater/BuildNameUpdater.java:[180,31] Generating org/jenkinsci/plugins/buildnameupdater/BuildNameUpdater/DescriptorImpl/doCheckName.stapler
[INFO] /tmp/plugin-builds/build-name-setter/src/main/java/org/jenkinsci/plugins/EnvironmentVarSetter.java: Some input files use or override a deprecated API.
[INFO] /tmp/plugin-builds/build-name-setter/src/main/java/org/jenkinsci/plugins/EnvironmentVarSetter.java: Recompile with -Xlint:deprecation for details.
[INFO] 
[INFO] --- access-modifier-checker:1.35:enforce (default-enforce) @ build-name-setter ---
[INFO] 
[INFO] --- bridge-method-injector:1.32:process (default) @ build-name-setter ---
[INFO] 
[INFO] --- hpi:3.1814.v77d15159f9b_d:insert-test (default-insert-test) @ build-name-setter ---
[INFO] 
[INFO] --- antrun:3.2.0:run (createTempDir) @ build-name-setter ---
[INFO] Executing tasks
[INFO]     [mkdir] Created dir: /tmp/plugin-builds/build-name-setter/target/tmp
[INFO] Executed tasks
[INFO] 
[INFO] --- resources:3.5.0:testResources (default-testResources) @ build-name-setter ---
[INFO] Not copying test resources
[INFO] 
[INFO] --- compiler:3.15.0:testCompile (default-testCompile) @ build-name-setter ---
[INFO] Not compiling test sources
[INFO] 
[INFO] --- hpi:3.1814.v77d15159f9b_d:test-hpl (default-test-hpl) @ build-name-setter ---
[INFO] Generating /tmp/plugin-builds/build-name-setter/target/test-classes/the.hpl
[INFO] 
[INFO] --- hpi:3.1814.v77d15159f9b_d:resolve-test-dependencies (default-resolve-test-dependencies) @ build-name-setter ---
[INFO] 
[INFO] --- hpi:3.1814.v77d15159f9b_d:test-runtime (default-test-runtime) @ build-name-setter ---
[INFO] Tests are skipped.
[INFO] 
[INFO] --- surefire:3.5.5:test (default-test) @ build-name-setter ---
[INFO] Tests are skipped.
[INFO] 
[INFO] --- license:203.vffb_768f15d51:process (default) @ build-name-setter ---
[INFO] Generated /tmp/plugin-builds/build-name-setter/target/build-name-setter/WEB-INF/licenses.xml
[INFO] 
[INFO] --- hpi:3.1814.v77d15159f9b_d:hpi (default-hpi) @ build-name-setter ---
[INFO] Generating /tmp/plugin-builds/build-name-setter/target/build-name-setter/META-INF/MANIFEST.MF
[INFO] Checking for attached .jar artifact ...
[INFO] Generating jar /tmp/plugin-builds/build-name-setter/target/build-name-setter.jar
[INFO] Building jar: /tmp/plugin-builds/build-name-setter/target/build-name-setter.jar
[INFO] Exploding webapp...
[INFO] Copy webapp webResources to /tmp/plugin-builds/build-name-setter/target/build-name-setter
[INFO] Assembling webapp build-name-setter in /tmp/plugin-builds/build-name-setter/target/build-name-setter
[INFO] Generating hpi /tmp/plugin-builds/build-name-setter/target/build-name-setter.hpi
[INFO] Building jar: /tmp/plugin-builds/build-name-setter/target/build-name-setter.hpi
[INFO] 
[INFO] --- jar:3.5.0:test-jar (maybe-test-jar) @ build-name-setter ---
[INFO] Skipping packaging of the test-jar
[INFO] 
[INFO] >>> spotbugs:4.9.8.3:check (spotbugs) > :spotbugs @ build-name-setter >>>
[INFO] 
[INFO] --- spotbugs:4.9.8.3:spotbugs (spotbugs) @ build-name-setter ---
[INFO] Fork Value is true
[INFO] Done SpotBugs Analysis....
[INFO] Skipping com.github.spotbugs:spotbugs-maven-plugin:4.9.8.3:spotbugs report goal
[INFO] 
[INFO] <<< spotbugs:4.9.8.3:check (spotbugs) < :spotbugs @ build-name-setter <<<
[INFO] 
[INFO] 
[INFO] --- spotbugs:4.9.8.3:check (spotbugs) @ build-name-setter ---
[INFO] BugInstance size is 0
[INFO] Error size is 0
[INFO] No errors/warnings found
[INFO] 
[INFO] --- spotless:3.5.1:check (default) @ build-name-setter ---
[INFO] Spotless check skipped
[INFO] 
[INFO] --- install:3.1.4:install (default-install) @ build-name-setter ---
[INFO] Installing /tmp/plugin-builds/build-name-setter/target/build-name-setter-2.5.2-SNAPSHOT.pom to /home/runner/.m2/repository/org/jenkins-ci/plugins/build-name-setter/2.5.2-SNAPSHOT/build-name-setter-2.5.2-SNAPSHOT.pom
[INFO] Installing /tmp/plugin-builds/build-name-setter/target/build-name-setter.hpi to /home/runner/.m2/repository/org/jenkins-ci/plugins/build-name-setter/2.5.2-SNAPSHOT/build-name-setter-2.5.2-SNAPSHOT.hpi
[INFO] Installing /tmp/plugin-builds/build-name-setter/target/build-name-setter.jar to /home/runner/.m2/repository/org/jenkins-ci/plugins/build-name-setter/2.5.2-SNAPSHOT/build-name-setter-2.5.2-SNAPSHOT.jar
[INFO] ------------------------------------------------------------------------
[INFO] BUILD SUCCESS
[INFO] ------------------------------------------------------------------------
[INFO] Total time:  59.063 s
[INFO] Finished at: 2026-06-30T05:02:14Z
[INFO] ------------------------------------------------------------------------
