WARNING: A terminally deprecated method in sun.misc.Unsafe has been called
WARNING: sun.misc.Unsafe::staticFieldBase has been called by com.google.inject.internal.aop.HiddenClassDefiner (file:/home/poddingue/.sdkman/candidates/maven/current/lib/guice-5.1.0-classes.jar)
WARNING: Please consider reporting this to the maintainers of class com.google.inject.internal.aop.HiddenClassDefiner
WARNING: sun.misc.Unsafe::staticFieldBase will be removed in a future release
[INFO] Scanning for projects...
[INFO] 
[INFO] Using the MultiThreadedBuilder implementation with a thread count of 4
[INFO] 
[INFO] ---------------< org.jenkins-ci.plugins:built-on-column >---------------
[INFO] Building built-on-column 1.6-SNAPSHOT
[INFO]   from pom.xml
[INFO] --------------------------------[ hpi ]---------------------------------
[INFO] 
[INFO] --- clean:3.5.0:clean (default-clean) @ built-on-column ---
[INFO] 
[INFO] --- hpi:3.66:validate (default-validate) @ built-on-column ---
[INFO] Created marker file /tmp/plugin-builds/built-on-column/target/java-level/17
[INFO] 
[INFO] --- hpi:3.66:validate-hpi (default-validate-hpi) @ built-on-column ---
[INFO] 
[INFO] --- enforcer:3.6.1:enforce (display-info) @ built-on-column ---
[INFO] Rule 0: io.jenkins.tools.incrementals.enforcer.RequireExtensionVersion passed
[INFO] Rule 1: org.apache.maven.enforcer.rules.version.RequireMavenVersion passed
[INFO] Rule 2: org.apache.maven.enforcer.rules.version.RequireJavaVersion passed
[INFO] Rule 3: org.codehaus.mojo.extraenforcer.dependencies.EnforceBytecodeVersion passed
[INFO] Rule 4: org.apache.maven.enforcer.rules.dependency.BannedDependencies passed
[INFO] Rule 5: org.apache.maven.enforcer.rules.dependency.BannedDependencies passed
[INFO] Rule 6: org.apache.maven.enforcer.rules.dependency.RequireUpperBoundDeps passed
[INFO] 
[INFO] --- enforcer:3.6.1:enforce (no-snapshots-in-release) @ built-on-column ---
[INFO] Rule 0: org.apache.maven.enforcer.rules.dependency.RequireReleaseDeps passed
[INFO] 
[INFO] --- localizer:1.31:generate (default) @ built-on-column ---
[INFO] 
[INFO] --- resources:3.3.1:resources (default-resources) @ built-on-column ---
[INFO] Copying 4 resources from src/main/resources to target/classes
[INFO] 
[INFO] --- flatten:1.7.2:flatten (flatten) @ built-on-column ---
[INFO] Generating flattened POM of project org.jenkins-ci.plugins:built-on-column:hpi:1.6-SNAPSHOT...
[INFO] 
[INFO] --- compiler:3.14.0:compile (default-compile) @ built-on-column ---
[INFO] Recompiling the module because of changed source code.
[INFO] Compiling 2 source files with javac [debug parameters release 17] to target/classes
[INFO] org.jenkins.plugins.builton.BuiltOnColumn.DescriptorImpl indexed under hudson.Extension
[INFO] /tmp/plugin-builds/built-on-column/src/main/java/org/jenkins/plugins/builton/BuiltOnColumn.java:[10,12] Generating org/jenkins/plugins/builton/BuiltOnColumn.stapler
[INFO] 
[INFO] --- access-modifier-checker:1.35:enforce (default-enforce) @ built-on-column ---
[INFO] 
[INFO] --- bridge-method-injector:1.31:process (default) @ built-on-column ---
[INFO] 
[INFO] --- hpi:3.66:insert-test (default-insert-test) @ built-on-column ---
[INFO] 
[INFO] --- antrun:3.1.0:run (createTempDir) @ built-on-column ---
[INFO] Executing tasks
[INFO]     [mkdir] Created dir: /tmp/plugin-builds/built-on-column/target/tmp
[INFO] Executed tasks
[INFO] 
[INFO] --- resources:3.3.1:testResources (default-testResources) @ built-on-column ---
[INFO] Not copying test resources
[INFO] 
[INFO] --- compiler:3.14.0:testCompile (default-testCompile) @ built-on-column ---
[INFO] Not compiling test sources
[INFO] 
[INFO] --- hpi:3.66:test-hpl (default-test-hpl) @ built-on-column ---
[INFO] Generating /tmp/plugin-builds/built-on-column/target/test-classes/the.hpl
[INFO] 
[INFO] --- hpi:3.66:resolve-test-dependencies (default-resolve-test-dependencies) @ built-on-column ---
[INFO] 
[INFO] --- hpi:3.66:test-runtime (default-test-runtime) @ built-on-column ---
[INFO] Tests are skipped.
[INFO] 
[INFO] --- surefire:3.5.3:test (default-test) @ built-on-column ---
[INFO] Tests are skipped.
[INFO] 
[INFO] --- license:184.v19c87b_6b_a_9a_c:process (default) @ built-on-column ---
[INFO] Generated /tmp/plugin-builds/built-on-column/target/built-on-column/WEB-INF/licenses.xml
[INFO] 
[INFO] --- hpi:3.66:hpi (default-hpi) @ built-on-column ---
[INFO] Generating /tmp/plugin-builds/built-on-column/target/built-on-column/META-INF/MANIFEST.MF
[INFO] Checking for attached .jar artifact ...
[INFO] Generating jar /tmp/plugin-builds/built-on-column/target/built-on-column.jar
[INFO] Building jar: /tmp/plugin-builds/built-on-column/target/built-on-column.jar
[INFO] Exploding webapp...
[INFO] Copy webapp webResources to /tmp/plugin-builds/built-on-column/target/built-on-column
[INFO] Assembling webapp built-on-column in /tmp/plugin-builds/built-on-column/target/built-on-column
[INFO] Generating hpi /tmp/plugin-builds/built-on-column/target/built-on-column.hpi
[INFO] Building jar: /tmp/plugin-builds/built-on-column/target/built-on-column.hpi
[INFO] 
[INFO] --- jar:3.4.2:test-jar (maybe-test-jar) @ built-on-column ---
[INFO] Skipping packaging of the test-jar
[INFO] 
[INFO] >>> spotbugs:4.9.3.2:check (spotbugs) > :spotbugs @ built-on-column >>>
[INFO] 
[INFO] --- spotbugs:4.9.3.2:spotbugs (spotbugs) @ built-on-column ---
[INFO] Fork Value is true
[INFO] Done SpotBugs Analysis....
[WARNING] Unable to find a URL to the parent project. The parent menu will NOT be added.
[INFO] Rendering content with org.apache.maven.skins:maven-fluido-skin:jar:2.0.0-M9 skin
[INFO] 
[INFO] <<< spotbugs:4.9.3.2:check (spotbugs) < :spotbugs @ built-on-column <<<
[INFO] 
[INFO] 
[INFO] --- spotbugs:4.9.3.2:check (spotbugs) @ built-on-column ---
[INFO] BugInstance size is 0
[INFO] Error size is 0
[INFO] No errors/warnings found
[INFO] 
[INFO] --- spotless:2.46.1:check (default) @ built-on-column ---
[INFO] Index file does not exist. Fallback to an empty index
[INFO] Spotless.Java is keeping 1 files clean - 0 needs changes to be clean, 1 were already clean, 0 were skipped because caching determined they were already clean
[INFO] Sorting file /tmp/pom1981868120573745936.xml
[INFO] Pom file is already sorted, exiting
[INFO] Spotless.Pom is keeping 1 files clean - 0 needs changes to be clean, 1 were already clean, 0 were skipped because caching determined they were already clean
[INFO] 
[INFO] --- install:3.1.4:install (default-install) @ built-on-column ---
[INFO] Installing /tmp/plugin-builds/built-on-column/target/built-on-column-1.6-SNAPSHOT.pom to /home/poddingue/.m2/repository/org/jenkins-ci/plugins/built-on-column/1.6-SNAPSHOT/built-on-column-1.6-SNAPSHOT.pom
[INFO] Installing /tmp/plugin-builds/built-on-column/target/built-on-column.hpi to /home/poddingue/.m2/repository/org/jenkins-ci/plugins/built-on-column/1.6-SNAPSHOT/built-on-column-1.6-SNAPSHOT.hpi
[INFO] Installing /tmp/plugin-builds/built-on-column/target/built-on-column.jar to /home/poddingue/.m2/repository/org/jenkins-ci/plugins/built-on-column/1.6-SNAPSHOT/built-on-column-1.6-SNAPSHOT.jar
[INFO] ------------------------------------------------------------------------
[INFO] BUILD SUCCESS
[INFO] ------------------------------------------------------------------------
[INFO] Total time:  37.128 s (Wall Clock)
[INFO] Finished at: 2025-08-22T18:37:44+02:00
[INFO] ------------------------------------------------------------------------
