WARNING: A terminally deprecated method in sun.misc.Unsafe has been called
WARNING: sun.misc.Unsafe::staticFieldBase has been called by com.google.inject.internal.aop.HiddenClassDefiner (file:/usr/share/apache-maven-3.9.11/lib/guice-5.1.0-classes.jar)
WARNING: Please consider reporting this to the maintainers of class com.google.inject.internal.aop.HiddenClassDefiner
WARNING: sun.misc.Unsafe::staticFieldBase will be removed in a future release
[INFO] Scanning for projects...
[INFO] Artifact org.jenkins-ci.tools:maven-hpi-plugin:pom:3.1746.v2e9fe7dc4d95 is present in the local repository, but cached from a remote repository ID that is unavailable in current build context, verifying that is downloadable from [incrementals (https://repo.jenkins-ci.org/incrementals/, default, releases), central (https://repo.maven.apache.org/maven2, default, releases)]
[INFO] Artifact org.jenkins-ci.tools:maven-hpi-plugin:pom:3.1746.v2e9fe7dc4d95 is present in the local repository, but cached from a remote repository ID that is unavailable in current build context, verifying that is downloadable from [incrementals (https://repo.jenkins-ci.org/incrementals/, default, releases), central (https://repo.maven.apache.org/maven2, default, releases)]
[WARNING] The POM for org.jenkins-ci.tools:maven-hpi-plugin:jar:3.1746.v2e9fe7dc4d95 is missing, no dependency information available
[INFO] Artifact org.jenkins-ci.tools:maven-hpi-plugin:jar:3.1746.v2e9fe7dc4d95 is present in the local repository, but cached from a remote repository ID that is unavailable in current build context, verifying that is downloadable from [incrementals (https://repo.jenkins-ci.org/incrementals/, default, releases), central (https://repo.maven.apache.org/maven2, default, releases)]
[INFO] Artifact org.jenkins-ci.tools:maven-hpi-plugin:jar:3.1746.v2e9fe7dc4d95 is present in the local repository, but cached from a remote repository ID that is unavailable in current build context, verifying that is downloadable from [incrementals (https://repo.jenkins-ci.org/incrementals/, default, releases), central (https://repo.maven.apache.org/maven2, default, releases)]
[WARNING] Failed to build parent project for io.jenkins.plugins:caffeine-api:hpi:3.2.2-0-SNAPSHOT
[INFO] 
[INFO] ------------------< io.jenkins.plugins:caffeine-api >-------------------
[INFO] Building Caffeine API Plugin 3.2.2-0-SNAPSHOT
[INFO]   from pom.xml
[INFO] --------------------------------[ hpi ]---------------------------------
[INFO] 
[INFO] --- clean:3.5.0:clean (default-clean) @ caffeine-api ---
[INFO] 
[INFO] --- hpi:3.1746.v2e9fe7dc4d95:validate (default-validate) @ caffeine-api ---
[INFO] Created marker file /tmp/plugin-builds/caffeine-api/target/java-level/17
[INFO] 
[INFO] --- hpi:3.1746.v2e9fe7dc4d95:validate-hpi (default-validate-hpi) @ caffeine-api ---
[INFO] 
[INFO] --- enforcer:3.6.1:enforce (display-info) @ caffeine-api ---
[INFO] Rule 0: io.jenkins.tools.incrementals.enforcer.RequireExtensionVersion passed
[INFO] Rule 1: org.apache.maven.enforcer.rules.version.RequireMavenVersion passed
[INFO] Rule 2: org.apache.maven.enforcer.rules.version.RequireJavaVersion passed
[INFO] Rule 3: org.codehaus.mojo.extraenforcer.dependencies.EnforceBytecodeVersion passed
[INFO] Rule 4: org.apache.maven.enforcer.rules.dependency.BannedDependencies passed
[INFO] Rule 5: org.apache.maven.enforcer.rules.dependency.BannedDependencies passed
[INFO] Rule 6: org.apache.maven.enforcer.rules.dependency.RequireUpperBoundDeps passed
[INFO] 
[INFO] --- enforcer:3.6.1:enforce (no-snapshots-in-release) @ caffeine-api ---
[INFO] Rule 0: org.apache.maven.enforcer.rules.dependency.RequireReleaseDeps passed
[INFO] 
[INFO] --- localizer:1.31:generate (default) @ caffeine-api ---
[INFO] 
[INFO] --- enforcer:3.6.1:enforce (check-junit-imports) @ caffeine-api ---
[INFO] Skipping Rule Enforcement.
[INFO] 
[INFO] --- resources:3.3.1:resources (default-resources) @ caffeine-api ---
[INFO] Copying 1 resource from src/main/resources to target/classes
[INFO] 
[INFO] --- flatten:1.7.2:flatten (flatten) @ caffeine-api ---
[INFO] Generating flattened POM of project io.jenkins.plugins:caffeine-api:hpi:3.2.2-0-SNAPSHOT...
[INFO] 
[INFO] --- compiler:3.14.0:compile (default-compile) @ caffeine-api ---
[INFO] Nothing to compile - all classes are up to date.
[INFO] 
[INFO] --- access-modifier-checker:1.35:enforce (default-enforce) @ caffeine-api ---
[INFO] 
[INFO] --- bridge-method-injector:1.32:process (default) @ caffeine-api ---
[INFO] 
[INFO] --- hpi:3.1746.v2e9fe7dc4d95:insert-test (default-insert-test) @ caffeine-api ---
[INFO] 
[INFO] --- antrun:3.1.0:run (createTempDir) @ caffeine-api ---
[INFO] Executing tasks
[INFO]     [mkdir] Created dir: /tmp/plugin-builds/caffeine-api/target/tmp
[INFO] Executed tasks
[INFO] 
[INFO] --- resources:3.3.1:testResources (default-testResources) @ caffeine-api ---
[INFO] Not copying test resources
[INFO] 
[INFO] --- compiler:3.14.0:testCompile (default-testCompile) @ caffeine-api ---
[INFO] Not compiling test sources
[INFO] 
[INFO] --- hpi:3.1746.v2e9fe7dc4d95:test-hpl (default-test-hpl) @ caffeine-api ---
[INFO] Generating /tmp/plugin-builds/caffeine-api/target/test-classes/the.hpl
[INFO] 
[INFO] --- hpi:3.1746.v2e9fe7dc4d95:resolve-test-dependencies (default-resolve-test-dependencies) @ caffeine-api ---
[INFO] 
[INFO] --- hpi:3.1746.v2e9fe7dc4d95:test-runtime (default-test-runtime) @ caffeine-api ---
[INFO] Tests are skipped.
[INFO] 
[INFO] --- surefire:3.5.2:test (default-test) @ caffeine-api ---
[INFO] Tests are skipped.
[INFO] 
[INFO] --- license:184.v19c87b_6b_a_9a_c:process (default) @ caffeine-api ---
[INFO] Generated /tmp/plugin-builds/caffeine-api/target/caffeine-api/WEB-INF/licenses.xml
[INFO] 
[INFO] --- hpi:3.1746.v2e9fe7dc4d95:hpi (default-hpi) @ caffeine-api ---
[INFO] Generating /tmp/plugin-builds/caffeine-api/target/caffeine-api/META-INF/MANIFEST.MF
[INFO] Checking for attached .jar artifact ...
[INFO] Generating jar /tmp/plugin-builds/caffeine-api/target/caffeine-api.jar
[INFO] Building jar: /tmp/plugin-builds/caffeine-api/target/caffeine-api.jar
[INFO] Exploding webapp...
[INFO] Copy webapp webResources to /tmp/plugin-builds/caffeine-api/target/caffeine-api
[INFO] Assembling webapp caffeine-api in /tmp/plugin-builds/caffeine-api/target/caffeine-api
[INFO] Bundling direct dependency caffeine-3.2.2.jar
[INFO] Generating hpi /tmp/plugin-builds/caffeine-api/target/caffeine-api.hpi
[INFO] Building jar: /tmp/plugin-builds/caffeine-api/target/caffeine-api.hpi
[INFO] 
[INFO] --- jar:3.4.2:test-jar (maybe-test-jar) @ caffeine-api ---
[INFO] Skipping packaging of the test-jar
[INFO] 
[INFO] >>> spotbugs:4.9.4.0:check (spotbugs) > :spotbugs @ caffeine-api >>>
[INFO] 
[INFO] --- spotbugs:4.9.4.0:spotbugs (spotbugs) @ caffeine-api ---
[INFO] Skipping com.github.spotbugs:spotbugs-maven-plugin:4.9.4.0:spotbugs report goal
[INFO] 
[INFO] <<< spotbugs:4.9.4.0:check (spotbugs) < :spotbugs @ caffeine-api <<<
[INFO] 
[INFO] 
[INFO] --- spotbugs:4.9.4.0:check (spotbugs) @ caffeine-api ---
[INFO] 
[INFO] --- spotless:2.46.1:check (default) @ caffeine-api ---
[INFO] Spotless check skipped
[INFO] 
[INFO] --- install:3.1.4:install (default-install) @ caffeine-api ---
[INFO] Installing /tmp/plugin-builds/caffeine-api/target/caffeine-api-3.2.2-0-SNAPSHOT.pom to /home/runner/.m2/repository/io/jenkins/plugins/caffeine-api/3.2.2-0-SNAPSHOT/caffeine-api-3.2.2-0-SNAPSHOT.pom
[INFO] Installing /tmp/plugin-builds/caffeine-api/target/caffeine-api.hpi to /home/runner/.m2/repository/io/jenkins/plugins/caffeine-api/3.2.2-0-SNAPSHOT/caffeine-api-3.2.2-0-SNAPSHOT.hpi
[INFO] Installing /tmp/plugin-builds/caffeine-api/target/caffeine-api.jar to /home/runner/.m2/repository/io/jenkins/plugins/caffeine-api/3.2.2-0-SNAPSHOT/caffeine-api-3.2.2-0-SNAPSHOT.jar
[INFO] ------------------------------------------------------------------------
[INFO] BUILD SUCCESS
[INFO] ------------------------------------------------------------------------
[INFO] Total time:  20.138 s
[INFO] Finished at: 2025-09-16T01:46:09Z
[INFO] ------------------------------------------------------------------------
