WARNING: A restricted method in java.lang.System has been called
WARNING: java.lang.System::load has been called by org.fusesource.jansi.internal.JansiLoader in an unnamed module (file:/home/poddingue/.sdkman/candidates/maven/current/lib/jansi-2.4.1.jar)
WARNING: Use --enable-native-access=ALL-UNNAMED to avoid a warning for callers in this module
WARNING: Restricted methods will be blocked in a future release unless native access is enabled

WARNING: A terminally deprecated method in sun.misc.Unsafe has been called
WARNING: sun.misc.Unsafe::objectFieldOffset has been called by com.google.common.util.concurrent.AbstractFuture$UnsafeAtomicHelper (file:/home/poddingue/.sdkman/candidates/maven/current/lib/guava-33.2.1-jre.jar)
WARNING: Please consider reporting this to the maintainers of class com.google.common.util.concurrent.AbstractFuture$UnsafeAtomicHelper
WARNING: sun.misc.Unsafe::objectFieldOffset will be removed in a future release
[INFO] Scanning for projects...
[INFO] 
[INFO] -------------------< io.jenkins.plugins:checks-api >--------------------
[INFO] Building Checks API plugin 999999-SNAPSHOT
[INFO]   from pom.xml
[INFO] --------------------------------[ hpi ]---------------------------------
[INFO] 
[INFO] --- clean:3.4.1:clean (default-clean) @ checks-api ---
[INFO] 
[INFO] --- hpi:3.65:validate (default-validate) @ checks-api ---
[INFO] Created marker file /tmp/plugin-builds/checks-api/target/java-level/17
[INFO] 
[INFO] --- hpi:3.65:validate-hpi (default-validate-hpi) @ checks-api ---
[INFO] 
[INFO] --- enforcer:3.5.0:enforce (display-info) @ checks-api ---
[INFO] Rule 0: io.jenkins.tools.incrementals.enforcer.RequireExtensionVersion passed
[INFO] Rule 1: org.apache.maven.enforcer.rules.version.RequireMavenVersion passed
[INFO] Rule 2: org.apache.maven.enforcer.rules.version.RequireJavaVersion passed
[INFO] Rule 3: org.codehaus.mojo.extraenforcer.dependencies.EnforceBytecodeVersion passed
[INFO] Rule 4: org.apache.maven.enforcer.rules.dependency.BannedDependencies passed
[INFO] Rule 5: org.apache.maven.enforcer.rules.dependency.BannedDependencies passed
[INFO] Ignoring requireUpperBoundDeps in org.ow2.asm:asm
[INFO] Rule 6: org.apache.maven.enforcer.rules.dependency.RequireUpperBoundDeps passed
[INFO] 
[INFO] --- enforcer:3.5.0:enforce (no-snapshots-in-release) @ checks-api ---
[INFO] Rule 0: org.apache.maven.enforcer.rules.dependency.RequireReleaseDeps passed
[INFO] 
[INFO] --- localizer:1.31:generate (default) @ checks-api ---
[INFO] 
[INFO] --- resources:3.3.1:resources (default-resources) @ checks-api ---
[INFO] Copying 27 resources from src/main/resources to target/classes
[INFO] 
[INFO] --- flatten:1.7.0:flatten (flatten) @ checks-api ---
[INFO] Generating flattened POM of project io.jenkins.plugins:checks-api:hpi:999999-SNAPSHOT...
[INFO] 
[INFO] --- compiler:3.14.0:compile (default-compile) @ checks-api ---
[INFO] Recompiling the module because of changed source code.
[INFO] Compiling 25 source files with javac [debug parameters release 17] to target/classes
[INFO] io.jenkins.plugins.checks.status.BuildStatusChecksPublisher.JobScheduledListener indexed under hudson.Extension
[INFO] io.jenkins.plugins.checks.status.BuildStatusChecksPublisher.JobCheckoutListener indexed under hudson.Extension
[INFO] io.jenkins.plugins.checks.status.BuildStatusChecksPublisher.JobCompletedListener indexed under hudson.Extension
[INFO] io.jenkins.plugins.checks.status.BuildStatusChecksPublisher.ChecksGraphListener indexed under hudson.Extension
[INFO] io.jenkins.plugins.checks.steps.PublishChecksStep.PublishChecksStepDescriptor indexed under hudson.Extension
[INFO] io.jenkins.plugins.checks.steps.PublishChecksStep.StepChecksAnnotation.StepChecksAnnotationDescriptor indexed under hudson.Extension
[INFO] io.jenkins.plugins.checks.steps.PublishChecksStep.StepChecksAction.StepChecksActionDescriptor indexed under hudson.Extension
[INFO] io.jenkins.plugins.checks.steps.WithChecksStep.WithChecksStepDescriptor indexed under hudson.Extension
[INFO] /tmp/plugin-builds/checks-api/src/main/java/io/jenkins/plugins/checks/steps/PublishChecksStep.java:[269,16] Generating io/jenkins/plugins/checks/steps/PublishChecksStep/StepChecksAnnotation.stapler
[INFO] /tmp/plugin-builds/checks-api/src/main/java/io/jenkins/plugins/checks/steps/PublishChecksStep.java:[410,16] Generating io/jenkins/plugins/checks/steps/PublishChecksStep/StepChecksAction.stapler
[INFO] /tmp/plugin-builds/checks-api/src/main/java/io/jenkins/plugins/checks/steps/PublishChecksStep.java:[44,12] Generating io/jenkins/plugins/checks/steps/PublishChecksStep.stapler
[INFO] /tmp/plugin-builds/checks-api/src/main/java/io/jenkins/plugins/checks/steps/WithChecksStep.java:[44,12] Generating io/jenkins/plugins/checks/steps/WithChecksStep.stapler
[INFO] /tmp/plugin-builds/checks-api/src/main/java/io/jenkins/plugins/checks/api/ChecksOutput.java: Some input files use or override a deprecated API.
[INFO] /tmp/plugin-builds/checks-api/src/main/java/io/jenkins/plugins/checks/api/ChecksOutput.java: Recompile with -Xlint:deprecation for details.
[INFO] 
[INFO] --- access-modifier-checker:1.35:enforce (default-enforce) @ checks-api ---
[INFO] Skipping access modifier checks
[INFO] 
[INFO] --- bridge-method-injector:1.31:process (default) @ checks-api ---
[INFO] 
[INFO] --- hpi:3.65:insert-test (default-insert-test) @ checks-api ---
[INFO] 
[INFO] --- assertj:2.2.0:generate-assertions (default) @ checks-api ---
[INFO] 
[INFO] --- antrun:3.1.0:run (createTempDir) @ checks-api ---
[INFO] Executing tasks
[INFO]     [mkdir] Created dir: /tmp/plugin-builds/checks-api/target/tmp
[INFO] Executed tasks
[INFO] 
[INFO] --- resources:3.3.1:testResources (default-testResources) @ checks-api ---
[INFO] Not copying test resources
[INFO] 
[INFO] --- compiler:3.14.0:testCompile (default-testCompile) @ checks-api ---
[INFO] Not compiling test sources
[INFO] 
[INFO] --- hpi:3.65:test-hpl (default-test-hpl) @ checks-api ---
[INFO] Generating /tmp/plugin-builds/checks-api/target/test-classes/the.hpl
[INFO] 
[INFO] --- hpi:3.65:resolve-test-dependencies (default-resolve-test-dependencies) @ checks-api ---
[INFO] 
[INFO] --- hpi:3.65:test-runtime (default-test-runtime) @ checks-api ---
[INFO] Tests are skipped.
[INFO] 
[INFO] --- surefire:3.5.3:test (default-test) @ checks-api ---
[INFO] Tests are skipped.
[INFO] 
[INFO] --- license:165.v7e11f4e4a_325:process (default) @ checks-api ---
[INFO] 
[INFO] --- hpi:3.65:hpi (default-hpi) @ checks-api ---
[INFO] Generating /tmp/plugin-builds/checks-api/target/checks-api/META-INF/MANIFEST.MF
[INFO] Checking for attached .jar artifact ...
[INFO] Generating jar /tmp/plugin-builds/checks-api/target/checks-api.jar
[INFO] Building jar: /tmp/plugin-builds/checks-api/target/checks-api.jar
[INFO] Exploding webapp...
[INFO] Copy webapp webResources to /tmp/plugin-builds/checks-api/target/checks-api
[INFO] Assembling webapp checks-api in /tmp/plugin-builds/checks-api/target/checks-api
[INFO] Generating hpi /tmp/plugin-builds/checks-api/target/checks-api.hpi
[INFO] Building jar: /tmp/plugin-builds/checks-api/target/checks-api.hpi
[INFO] 
[INFO] --- jar:3.4.2:test-jar (maybe-test-jar) @ checks-api ---
[INFO] Skipping packaging of the test-jar
[INFO] 
[INFO] --- jar:3.4.2:test-jar (default) @ checks-api ---
[INFO] Skipping packaging of the test-jar
[INFO] 
[INFO] >>> spotbugs:4.9.3.0:check (spotbugs) > :spotbugs @ checks-api >>>
[INFO] 
[INFO] --- spotbugs:4.9.3.0:spotbugs (spotbugs) @ checks-api ---
[INFO] Skipping com.github.spotbugs:spotbugs-maven-plugin:4.9.3.0:spotbugs report goal
[INFO] 
[INFO] <<< spotbugs:4.9.3.0:check (spotbugs) < :spotbugs @ checks-api <<<
[INFO] 
[INFO] 
[INFO] --- spotbugs:4.9.3.0:check (spotbugs) @ checks-api ---
[INFO] Spotbugs plugin skipped
[INFO] 
[INFO] --- spotless:2.44.4:check (default) @ checks-api ---
[INFO] Spotless check skipped
[INFO] 
[INFO] --- install:3.1.4:install (default-install) @ checks-api ---
[INFO] Installing /tmp/plugin-builds/checks-api/target/checks-api-999999-SNAPSHOT.pom to /home/poddingue/.m2/repository/io/jenkins/plugins/checks-api/999999-SNAPSHOT/checks-api-999999-SNAPSHOT.pom
[INFO] Installing /tmp/plugin-builds/checks-api/target/checks-api.hpi to /home/poddingue/.m2/repository/io/jenkins/plugins/checks-api/999999-SNAPSHOT/checks-api-999999-SNAPSHOT.hpi
[INFO] Installing /tmp/plugin-builds/checks-api/target/checks-api.jar to /home/poddingue/.m2/repository/io/jenkins/plugins/checks-api/999999-SNAPSHOT/checks-api-999999-SNAPSHOT.jar
[INFO] ------------------------------------------------------------------------
[INFO] BUILD SUCCESS
[INFO] ------------------------------------------------------------------------
[INFO] Total time:  9.934 s
[INFO] Finished at: 2025-06-22T20:40:45+02:00
[INFO] ------------------------------------------------------------------------
