WARNING: A terminally deprecated method in sun.misc.Unsafe has been called
WARNING: sun.misc.Unsafe::staticFieldBase has been called by com.google.inject.internal.aop.HiddenClassDefiner (file:/home/poddingue/.sdkman/candidates/maven/current/lib/guice-5.1.0-classes.jar)
WARNING: Please consider reporting this to the maintainers of class com.google.inject.internal.aop.HiddenClassDefiner
WARNING: sun.misc.Unsafe::staticFieldBase will be removed in a future release
[INFO] Scanning for projects...
[INFO] 
[INFO] Using the MultiThreadedBuilder implementation with a thread count of 4
[INFO] 
[INFO] --------------< org.jenkins-ci.plugins:cloudbees-folder >---------------
[INFO] Building Folders Plugin 6.999999-SNAPSHOT
[INFO]   from pom.xml
[INFO] --------------------------------[ hpi ]---------------------------------
[INFO] 
[INFO] --- clean:3.5.0:clean (default-clean) @ cloudbees-folder ---
[INFO] 
[INFO] --- hpi:3.66:validate (default-validate) @ cloudbees-folder ---
[INFO] Created marker file /tmp/plugin-builds/cloudbees-folder/target/java-level/17
[INFO] 
[INFO] --- hpi:3.66:validate-hpi (default-validate-hpi) @ cloudbees-folder ---
[INFO] 
[INFO] --- enforcer:3.5.0:enforce (display-info) @ cloudbees-folder ---
[INFO] Rule 0: io.jenkins.tools.incrementals.enforcer.RequireExtensionVersion passed
[INFO] Rule 1: org.apache.maven.enforcer.rules.version.RequireMavenVersion passed
[INFO] Rule 2: org.apache.maven.enforcer.rules.version.RequireJavaVersion passed
[INFO] Rule 3: org.codehaus.mojo.extraenforcer.dependencies.EnforceBytecodeVersion passed
[INFO] Rule 4: org.apache.maven.enforcer.rules.dependency.BannedDependencies passed
[INFO] Rule 5: org.apache.maven.enforcer.rules.dependency.BannedDependencies passed
[INFO] Rule 6: org.apache.maven.enforcer.rules.dependency.RequireUpperBoundDeps passed
[INFO] 
[INFO] --- enforcer:3.5.0:enforce (no-snapshots-in-release) @ cloudbees-folder ---
[INFO] Rule 0: org.apache.maven.enforcer.rules.dependency.RequireReleaseDeps passed
[INFO] 
[INFO] --- localizer:1.31:generate (default) @ cloudbees-folder ---
[INFO] 
[INFO] --- resources:3.3.1:resources (default-resources) @ cloudbees-folder ---
[INFO] Copying 89 resources from src/main/resources to target/classes
[INFO] 
[INFO] --- flatten:1.7.1:flatten (flatten) @ cloudbees-folder ---
[INFO] Generating flattened POM of project org.jenkins-ci.plugins:cloudbees-folder:hpi:6.999999-SNAPSHOT...
[INFO] 
[INFO] --- compiler:3.14.0:compile (default-compile) @ cloudbees-folder ---
[INFO] Recompiling the module because of changed source code.
[INFO] Compiling 46 source files with javac [debug parameters release 17] to target/classes
[WARNING] unknown enum constant javax.annotation.meta.When.MAYBE
  reason: class file for javax.annotation.meta.When not found
[WARNING] unknown enum constant javax.annotation.meta.When.ALWAYS
[WARNING] unknown enum constant javax.annotation.meta.When.UNKNOWN
[INFO] com.cloudbees.hudson.plugins.folder.AbstractFolder.ItemListenerImpl indexed under hudson.Extension
[INFO] com.cloudbees.hudson.plugins.folder.AbstractFolder.RunListenerImpl indexed under hudson.Extension
[INFO] com.cloudbees.hudson.plugins.folder.Folder.DeprecatedTransientActions indexed under hudson.Extension
[INFO] com.cloudbees.hudson.plugins.folder.Folder.DescriptorImpl indexed under hudson.Extension
[INFO] com.cloudbees.hudson.plugins.folder.FolderAddFilter indexed under hudson.Extension
[INFO] com.cloudbees.hudson.plugins.folder.FolderJobQueueDecisionHandler indexed under hudson.Extension
[INFO] com.cloudbees.hudson.plugins.folder.computed.DefaultOrphanedItemStrategy.DescriptorImpl indexed under hudson.Extension
[INFO] com.cloudbees.hudson.plugins.folder.computed.PeriodicFolderTrigger.DescriptorImpl indexed under hudson.Extension
[INFO] com.cloudbees.hudson.plugins.folder.computed.ThrottleComputationQueueTaskDispatcher indexed under hudson.Extension
[INFO] com.cloudbees.hudson.plugins.folder.config.AbstractFolderConfiguration indexed under hudson.Extension
[INFO] com.cloudbees.hudson.plugins.folder.health.NamedChildHealthMetric.DescriptorImpl indexed under hudson.Extension
[INFO] com.cloudbees.hudson.plugins.folder.health.WorstChildHealthMetric.DescriptorImpl indexed under hudson.Extension
[INFO] com.cloudbees.hudson.plugins.folder.icons.StockFolderIcon.DescriptorImpl indexed under hudson.Extension
[INFO] com.cloudbees.hudson.plugins.folder.properties.FolderCredentialsProvider indexed under hudson.Extension
[INFO] com.cloudbees.hudson.plugins.folder.properties.FolderCredentialsProvider.FolderCredentialsProperty.DescriptorImpl indexed under hudson.Extension
[INFO] com.cloudbees.hudson.plugins.folder.relocate.DefaultRelocationUI indexed under hudson.Extension
[INFO] com.cloudbees.hudson.plugins.folder.relocate.ItemGroupModifier.StandardModifier indexed under hudson.Extension
[INFO] com.cloudbees.hudson.plugins.folder.relocate.RelocationAction.TransientActionFactoryImpl indexed under hudson.Extension
[INFO] com.cloudbees.hudson.plugins.folder.relocate.StandardHandler indexed under hudson.Extension
[INFO] /tmp/plugin-builds/cloudbees-folder/src/main/java/com/cloudbees/hudson/plugins/folder/computed/DefaultOrphanedItemStrategy.java:[86,12] Generating com/cloudbees/hudson/plugins/folder/computed/DefaultOrphanedItemStrategy.stapler
[INFO] /tmp/plugin-builds/cloudbees-folder/src/main/java/com/cloudbees/hudson/plugins/folder/computed/PeriodicFolderTrigger.java:[62,12] Generating com/cloudbees/hudson/plugins/folder/computed/PeriodicFolderTrigger.stapler
[INFO] /tmp/plugin-builds/cloudbees-folder/src/main/java/com/cloudbees/hudson/plugins/folder/config/AbstractFolderConfiguration.java:[49,12] Generating com/cloudbees/hudson/plugins/folder/config/AbstractFolderConfiguration.stapler
[INFO] /tmp/plugin-builds/cloudbees-folder/src/main/java/com/cloudbees/hudson/plugins/folder/health/NamedChildHealthMetric.java:[60,12] Generating com/cloudbees/hudson/plugins/folder/health/NamedChildHealthMetric.stapler
[INFO] /tmp/plugin-builds/cloudbees-folder/src/main/java/com/cloudbees/hudson/plugins/folder/health/WorstChildHealthMetric.java:[46,12] Generating com/cloudbees/hudson/plugins/folder/health/WorstChildHealthMetric.stapler
[INFO] /tmp/plugin-builds/cloudbees-folder/src/main/java/com/cloudbees/hudson/plugins/folder/icons/StockFolderIcon.java:[39,12] Generating com/cloudbees/hudson/plugins/folder/icons/StockFolderIcon.stapler
[INFO] /tmp/plugin-builds/cloudbees-folder/src/main/java/com/cloudbees/hudson/plugins/folder/properties/FolderCredentialsProvider.java:[291,16] Generating com/cloudbees/hudson/plugins/folder/properties/FolderCredentialsProvider/FolderCredentialsProperty.stapler
[INFO] /tmp/plugin-builds/cloudbees-folder/src/main/java/com/cloudbees/hudson/plugins/folder/views/DefaultFolderViewHolder.java:[66,12] Generating com/cloudbees/hudson/plugins/folder/views/DefaultFolderViewHolder.stapler
[INFO] /tmp/plugin-builds/cloudbees-folder/src/main/java/com/cloudbees/hudson/plugins/folder/AbstractFolder.java:[141,17] Generating com/cloudbees/hudson/plugins/folder/AbstractFolder.javadoc
[INFO] /tmp/plugin-builds/cloudbees-folder/src/main/java/com/cloudbees/hudson/plugins/folder/computed/ComputedFolder.java:[102,17] Generating com/cloudbees/hudson/plugins/folder/computed/ComputedFolder.javadoc
[INFO] /tmp/plugin-builds/cloudbees-folder/src/main/java/com/cloudbees/hudson/plugins/folder/health/NamedChildHealthMetric.java:[113,41] Generating com/cloudbees/hudson/plugins/folder/health/NamedChildHealthMetric/DescriptorImpl/doAutoCompleteChildName.stapler
[INFO] /tmp/plugin-builds/cloudbees-folder/src/main/java/com/cloudbees/hudson/plugins/folder/relocate/DefaultRelocationUI.java:[101,25] Generating com/cloudbees/hudson/plugins/folder/relocate/DefaultRelocationUI/doMove.stapler
[INFO] /tmp/plugin-builds/cloudbees-folder/src/main/java/com/cloudbees/hudson/plugins/folder/AbstractFolder.java:[779,27] Generating com/cloudbees/hudson/plugins/folder/AbstractFolder/doViewExistsCheck.stapler
[INFO] /tmp/plugin-builds/cloudbees-folder/src/main/java/com/cloudbees/hudson/plugins/folder/computed/ComputedFolder.java:[591,25] Generating com/cloudbees/hudson/plugins/folder/computed/ComputedFolder/doBuild.stapler
[WARNING] unknown enum constant javax.annotation.meta.When.MAYBE
  reason: class file for javax.annotation.meta.When not found
[WARNING] unknown enum constant javax.annotation.meta.When.ALWAYS
[WARNING] unknown enum constant javax.annotation.meta.When.UNKNOWN
[WARNING] unknown enum constant javax.annotation.meta.When.MAYBE
  reason: class file for javax.annotation.meta.When not found
[WARNING] unknown enum constant javax.annotation.meta.When.ALWAYS
[WARNING] unknown enum constant javax.annotation.meta.When.UNKNOWN
[INFO] /tmp/plugin-builds/cloudbees-folder/src/main/java/com/cloudbees/hudson/plugins/folder/AbstractFolder.java: Some input files use or override a deprecated API.
[INFO] /tmp/plugin-builds/cloudbees-folder/src/main/java/com/cloudbees/hudson/plugins/folder/AbstractFolder.java: Recompile with -Xlint:deprecation for details.
[INFO] /tmp/plugin-builds/cloudbees-folder/src/main/java/com/cloudbees/hudson/plugins/folder/Folder.java: Some input files use unchecked or unsafe operations.
[INFO] /tmp/plugin-builds/cloudbees-folder/src/main/java/com/cloudbees/hudson/plugins/folder/Folder.java: Recompile with -Xlint:unchecked for details.
[INFO] 
[INFO] --- access-modifier-checker:1.35:enforce (default-enforce) @ cloudbees-folder ---
[INFO] 
[INFO] --- bridge-method-injector:1.31:process (default) @ cloudbees-folder ---
[INFO] 
[INFO] --- hpi:3.66:insert-test (default-insert-test) @ cloudbees-folder ---
[INFO] 
[INFO] --- antrun:3.1.0:run (createTempDir) @ cloudbees-folder ---
[INFO] Executing tasks
[INFO]     [mkdir] Created dir: /tmp/plugin-builds/cloudbees-folder/target/tmp
[INFO] Executed tasks
[INFO] 
[INFO] --- resources:3.3.1:testResources (default-testResources) @ cloudbees-folder ---
[INFO] Not copying test resources
[INFO] 
[INFO] --- compiler:3.14.0:testCompile (default-testCompile) @ cloudbees-folder ---
[INFO] Not compiling test sources
[INFO] 
[INFO] --- hpi:3.66:test-hpl (default-test-hpl) @ cloudbees-folder ---
[INFO] Generating /tmp/plugin-builds/cloudbees-folder/target/test-classes/the.hpl
[INFO] 
[INFO] --- hpi:3.66:resolve-test-dependencies (default-resolve-test-dependencies) @ cloudbees-folder ---
[INFO] 
[INFO] --- hpi:3.66:test-runtime (default-test-runtime) @ cloudbees-folder ---
[INFO] Tests are skipped.
[INFO] 
[INFO] --- surefire:3.5.3:test (default-test) @ cloudbees-folder ---
[INFO] Tests are skipped.
[INFO] 
[INFO] --- license:165.v7e11f4e4a_325:process (default) @ cloudbees-folder ---
[INFO] ------------------------------------------------------------------------
[INFO] BUILD FAILURE
[INFO] ------------------------------------------------------------------------
[INFO] Total time:  32.938 s (Wall Clock)
[INFO] Finished at: 2025-09-01T09:01:32+02:00
[INFO] ------------------------------------------------------------------------
[ERROR] BUG! exception in phase 'semantic analysis' in source unit 'inlineScript' Unsupported class file major version 69 -> [Help 1]
[ERROR] BUG! exception in phase 'semantic analysis' in source unit 'inlineScript' Unsupported class file major version 69
[ERROR] 
[ERROR] To see the full stack trace of the errors, re-run Maven with the -e switch.
[ERROR] Re-run Maven using the -X switch to enable full debug logging.
[ERROR] 
[ERROR] For more information about the errors and possible solutions, please read the following articles:
[ERROR] [Help 1] http://cwiki.apache.org/confluence/display/MAVEN/GroovyBugError
