[INFO] Scanning for projects...
[INFO] Artifact org.jenkins-ci.tools:maven-hpi-plugin:pom:3.1802.v14f4709445a_b_ is present in the local repository, but cached from a remote repository ID that is unavailable in current build context, verifying that is downloadable from [incrementals (https://repo.jenkins-ci.org/incrementals/, default, releases), central (https://repo.maven.apache.org/maven2, default, releases)]
[INFO] Artifact org.jenkins-ci.tools:maven-hpi-plugin:pom:3.1802.v14f4709445a_b_ is present in the local repository, but cached from a remote repository ID that is unavailable in current build context, verifying that is downloadable from [incrementals (https://repo.jenkins-ci.org/incrementals/, default, releases), central (https://repo.maven.apache.org/maven2, default, releases)]
[WARNING] The POM for org.jenkins-ci.tools:maven-hpi-plugin:jar:3.1802.v14f4709445a_b_ is missing, no dependency information available
[INFO] Artifact org.jenkins-ci.tools:maven-hpi-plugin:jar:3.1802.v14f4709445a_b_ is present in the local repository, but cached from a remote repository ID that is unavailable in current build context, verifying that is downloadable from [incrementals (https://repo.jenkins-ci.org/incrementals/, default, releases), central (https://repo.maven.apache.org/maven2, default, releases)]
[INFO] Artifact org.jenkins-ci.tools:maven-hpi-plugin:jar:3.1802.v14f4709445a_b_ is present in the local repository, but cached from a remote repository ID that is unavailable in current build context, verifying that is downloadable from [incrementals (https://repo.jenkins-ci.org/incrementals/, default, releases), central (https://repo.maven.apache.org/maven2, default, releases)]
[WARNING] Failed to build parent project for io.jenkins.plugins:commons-compress-api:hpi:1.28.0-4-SNAPSHOT
[INFO] 
[INFO] --------------< io.jenkins.plugins:commons-compress-api >---------------
[INFO] Building Commons Compress API 1.28.0-4-SNAPSHOT
[INFO]   from pom.xml
[INFO] --------------------------------[ hpi ]---------------------------------
[INFO] 
[INFO] --- clean:3.5.0:clean (default-clean) @ commons-compress-api ---
[INFO] 
[INFO] --- hpi:3.1802.v14f4709445a_b_:validate (default-validate) @ commons-compress-api ---
[INFO] Created marker file /tmp/plugin-builds/commons-compress-api/target/java-level/17
[INFO] 
[INFO] --- hpi:3.1802.v14f4709445a_b_:validate-hpi (default-validate-hpi) @ commons-compress-api ---
[INFO] 
[INFO] --- enforcer:3.6.2:enforce (display-info) @ commons-compress-api ---
[INFO] Rule 0: io.jenkins.tools.incrementals.enforcer.RequireExtensionVersion passed
[INFO] Rule 1: org.apache.maven.enforcer.rules.version.RequireMavenVersion passed
[INFO] Rule 2: org.apache.maven.enforcer.rules.version.RequireJavaVersion passed
[INFO] Rule 3: org.apache.maven.enforcer.rules.RequirePluginVersions passed
[INFO] Rule 4: org.codehaus.mojo.extraenforcer.dependencies.EnforceBytecodeVersion passed
[INFO] Rule 5: org.apache.maven.enforcer.rules.dependency.BannedDependencies passed
[INFO] Rule 6: org.apache.maven.enforcer.rules.dependency.BannedDependencies passed
[INFO] Rule 7: org.apache.maven.enforcer.rules.dependency.RequireUpperBoundDeps passed
[INFO] 
[INFO] --- enforcer:3.6.2:enforce (no-snapshots-in-release) @ commons-compress-api ---
[INFO] Rule 0: org.apache.maven.enforcer.rules.dependency.RequireReleaseDeps passed
[INFO] 
[INFO] --- localizer:1.31:generate (default) @ commons-compress-api ---
[INFO] 
[INFO] --- enforcer:3.6.2:enforce (check-junit-imports) @ commons-compress-api ---
[INFO] Skipping Rule Enforcement.
[INFO] 
[INFO] --- enforcer:3.6.2:enforce (check-commons-lang-imports) @ commons-compress-api ---
[INFO] Skipping Rule Enforcement.
[INFO] 
[INFO] --- resources:3.4.0:resources (default-resources) @ commons-compress-api ---
[INFO] Copying 1 resource from src/main/resources to target/classes
[INFO] 
[INFO] --- flatten:1.7.3:flatten (flatten) @ commons-compress-api ---
[INFO] Generating flattened POM of project io.jenkins.plugins:commons-compress-api:hpi:1.28.0-4-SNAPSHOT...
[INFO] 
[INFO] --- compiler:3.15.0:compile (default-compile) @ commons-compress-api ---
[INFO] Nothing to compile - all classes are up to date.
[INFO] 
[INFO] --- access-modifier-checker:1.35:enforce (default-enforce) @ commons-compress-api ---
[INFO] 
[INFO] --- bridge-method-injector:1.32:process (default) @ commons-compress-api ---
[INFO] 
[INFO] --- hpi:3.1802.v14f4709445a_b_:insert-test (default-insert-test) @ commons-compress-api ---
[INFO] 
[INFO] --- antrun:3.2.0:run (createTempDir) @ commons-compress-api ---
[INFO] Executing tasks
[INFO]     [mkdir] Created dir: /tmp/plugin-builds/commons-compress-api/target/tmp
[INFO] Executed tasks
[INFO] 
[INFO] --- resources:3.4.0:testResources (default-testResources) @ commons-compress-api ---
[INFO] Not copying test resources
[INFO] 
[INFO] --- compiler:3.15.0:testCompile (default-testCompile) @ commons-compress-api ---
[INFO] Not compiling test sources
[INFO] 
[INFO] --- hpi:3.1802.v14f4709445a_b_:test-hpl (default-test-hpl) @ commons-compress-api ---
[INFO] Generating /tmp/plugin-builds/commons-compress-api/target/test-classes/the.hpl
[INFO] 
[INFO] --- hpi:3.1802.v14f4709445a_b_:resolve-test-dependencies (default-resolve-test-dependencies) @ commons-compress-api ---
[INFO] 
[INFO] --- hpi:3.1802.v14f4709445a_b_:test-runtime (default-test-runtime) @ commons-compress-api ---
[INFO] Tests are skipped.
[INFO] 
[INFO] --- surefire:3.5.4:test (default-test) @ commons-compress-api ---
[INFO] Tests are skipped.
[INFO] 
[INFO] --- license:203.vffb_768f15d51:process (default) @ commons-compress-api ---
[INFO] Generated /tmp/plugin-builds/commons-compress-api/target/commons-compress-api/WEB-INF/licenses.xml
[INFO] 
[INFO] --- hpi:3.1802.v14f4709445a_b_:hpi (default-hpi) @ commons-compress-api ---
[INFO] Generating /tmp/plugin-builds/commons-compress-api/target/commons-compress-api/META-INF/MANIFEST.MF
[INFO] Checking for attached .jar artifact ...
[INFO] Generating jar /tmp/plugin-builds/commons-compress-api/target/commons-compress-api.jar
[INFO] Building jar: /tmp/plugin-builds/commons-compress-api/target/commons-compress-api.jar
[INFO] Exploding webapp...
[INFO] Copy webapp webResources to /tmp/plugin-builds/commons-compress-api/target/commons-compress-api
[INFO] Assembling webapp commons-compress-api in /tmp/plugin-builds/commons-compress-api/target/commons-compress-api
[INFO] Bundling direct dependency zstd-jni-1.5.7-7.jar
[INFO] Bundling direct dependency commons-compress-1.28.0.jar
[INFO] Bundling direct dependency dec-0.1.2.jar
[INFO] Bundling direct dependency xz-1.11.jar
[INFO] Generating hpi /tmp/plugin-builds/commons-compress-api/target/commons-compress-api.hpi
[INFO] Building jar: /tmp/plugin-builds/commons-compress-api/target/commons-compress-api.hpi
[INFO] 
[INFO] --- jar:3.5.0:test-jar (maybe-test-jar) @ commons-compress-api ---
[INFO] Skipping packaging of the test-jar
[INFO] 
[INFO] >>> spotbugs:4.9.8.2:check (spotbugs) > :spotbugs @ commons-compress-api >>>
[INFO] 
[INFO] --- spotbugs:4.9.8.2:spotbugs (spotbugs) @ commons-compress-api ---
[INFO] No files found to run spotbugs; check compile phase has been run.
[INFO] Skipping com.github.spotbugs:spotbugs-maven-plugin:4.9.8.2:spotbugs report goal
[INFO] 
[INFO] <<< spotbugs:4.9.8.2:check (spotbugs) < :spotbugs @ commons-compress-api <<<
[INFO] 
[INFO] 
[INFO] --- spotbugs:4.9.8.2:check (spotbugs) @ commons-compress-api ---
[INFO] 
[INFO] --- spotless:3.2.1:check (default) @ commons-compress-api ---
[INFO] Index file does not exist. Fallback to an empty index
WARNING: A terminally deprecated method in sun.misc.Unsafe has been called
WARNING: sun.misc.Unsafe::staticFieldBase has been called by com.diffplug.spotless.java.ModuleHelper (file:/home/runner/.m2/repository/com/diffplug/spotless/spotless-lib/4.3.0/spotless-lib-4.3.0.jar)
WARNING: Please consider reporting this to the maintainers of class com.diffplug.spotless.java.ModuleHelper
WARNING: sun.misc.Unsafe::staticFieldBase will be removed in a future release
[INFO] Spotless.Java is keeping 1 files clean - 0 needs changes to be clean, 1 were already clean, 0 were skipped because caching determined they were already clean
[INFO] Sorting file /tmp/pom14196915553360365697.xml
[INFO] Pom file is already sorted, exiting
[INFO] Spotless.Pom is keeping 1 files clean - 0 needs changes to be clean, 1 were already clean, 0 were skipped because caching determined they were already clean
[INFO] 
[INFO] --- install:3.1.4:install (default-install) @ commons-compress-api ---
[INFO] Installing /tmp/plugin-builds/commons-compress-api/target/commons-compress-api-1.28.0-4-SNAPSHOT.pom to /home/runner/.m2/repository/io/jenkins/plugins/commons-compress-api/1.28.0-4-SNAPSHOT/commons-compress-api-1.28.0-4-SNAPSHOT.pom
[INFO] Installing /tmp/plugin-builds/commons-compress-api/target/commons-compress-api.hpi to /home/runner/.m2/repository/io/jenkins/plugins/commons-compress-api/1.28.0-4-SNAPSHOT/commons-compress-api-1.28.0-4-SNAPSHOT.hpi
[INFO] Installing /tmp/plugin-builds/commons-compress-api/target/commons-compress-api.jar to /home/runner/.m2/repository/io/jenkins/plugins/commons-compress-api/1.28.0-4-SNAPSHOT/commons-compress-api-1.28.0-4-SNAPSHOT.jar
[INFO] ------------------------------------------------------------------------
[INFO] BUILD SUCCESS
[INFO] ------------------------------------------------------------------------
[INFO] Total time:  24.777 s
[INFO] Finished at: 2026-02-17T03:20:03Z
[INFO] ------------------------------------------------------------------------
