[INFO] Scanning for projects...
[INFO] Artifact org.jenkins-ci.tools:maven-hpi-plugin:pom:3.1801.v26037216c7d3 is present in the local repository, but cached from a remote repository ID that is unavailable in current build context, verifying that is downloadable from [incrementals (https://repo.jenkins-ci.org/incrementals/, default, releases), central (https://repo.maven.apache.org/maven2, default, releases)]
[INFO] Artifact org.jenkins-ci.tools:maven-hpi-plugin:pom:3.1801.v26037216c7d3 is present in the local repository, but cached from a remote repository ID that is unavailable in current build context, verifying that is downloadable from [incrementals (https://repo.jenkins-ci.org/incrementals/, default, releases), central (https://repo.maven.apache.org/maven2, default, releases)]
[WARNING] The POM for org.jenkins-ci.tools:maven-hpi-plugin:jar:3.1801.v26037216c7d3 is missing, no dependency information available
[INFO] Artifact org.jenkins-ci.tools:maven-hpi-plugin:jar:3.1801.v26037216c7d3 is present in the local repository, but cached from a remote repository ID that is unavailable in current build context, verifying that is downloadable from [incrementals (https://repo.jenkins-ci.org/incrementals/, default, releases), central (https://repo.maven.apache.org/maven2, default, releases)]
[INFO] Artifact org.jenkins-ci.tools:maven-hpi-plugin:jar:3.1801.v26037216c7d3 is present in the local repository, but cached from a remote repository ID that is unavailable in current build context, verifying that is downloadable from [incrementals (https://repo.jenkins-ci.org/incrementals/, default, releases), central (https://repo.maven.apache.org/maven2, default, releases)]
[WARNING] Failed to build parent project for io.jenkins.plugins:commons-lang3-api:hpi:3.20.0-999999-SNAPSHOT
[INFO] 
[INFO] ----------------< io.jenkins.plugins:commons-lang3-api >----------------
[INFO] Building commons-lang3 v3.x Jenkins API Plugin 3.20.0-999999-SNAPSHOT
[INFO]   from pom.xml
[INFO] --------------------------------[ hpi ]---------------------------------
[INFO] 
[INFO] --- clean:3.5.0:clean (default-clean) @ commons-lang3-api ---
[INFO] 
[INFO] --- hpi:3.1801.v26037216c7d3:validate (default-validate) @ commons-lang3-api ---
[INFO] Created marker file /tmp/plugin-builds/commons-lang3-api/target/java-level/17
[INFO] 
[INFO] --- hpi:3.1801.v26037216c7d3:validate-hpi (default-validate-hpi) @ commons-lang3-api ---
[INFO] 
[INFO] --- enforcer:3.6.2:enforce (display-info) @ commons-lang3-api ---
[INFO] Rule 0: io.jenkins.tools.incrementals.enforcer.RequireExtensionVersion passed
[INFO] Rule 1: org.apache.maven.enforcer.rules.version.RequireMavenVersion passed
[INFO] Rule 2: org.apache.maven.enforcer.rules.version.RequireJavaVersion passed
[INFO] Rule 3: org.apache.maven.enforcer.rules.RequirePluginVersions passed
[INFO] Rule 4: org.codehaus.mojo.extraenforcer.dependencies.EnforceBytecodeVersion passed
[INFO] Rule 5: org.apache.maven.enforcer.rules.dependency.BannedDependencies passed
[INFO] Rule 6: org.apache.maven.enforcer.rules.dependency.BannedDependencies passed
[INFO] Rule 7: org.apache.maven.enforcer.rules.dependency.RequireUpperBoundDeps passed
[INFO] 
[INFO] --- enforcer:3.6.2:enforce (no-snapshots-in-release) @ commons-lang3-api ---
[INFO] Rule 0: org.apache.maven.enforcer.rules.dependency.RequireReleaseDeps passed
[INFO] 
[INFO] --- localizer:1.31:generate (default) @ commons-lang3-api ---
[INFO] 
[INFO] --- enforcer:3.6.2:enforce (check-junit-imports) @ commons-lang3-api ---
[INFO] Skipping Rule Enforcement.
[INFO] 
[INFO] --- enforcer:3.6.2:enforce (check-commons-lang-imports) @ commons-lang3-api ---
[INFO] Skipping Rule Enforcement.
[INFO] 
[INFO] --- resources:3.4.0:resources (default-resources) @ commons-lang3-api ---
[INFO] Copying 1 resource from src/main/resources to target/classes
[INFO] 
[INFO] --- flatten:1.7.3:flatten (flatten) @ commons-lang3-api ---
[INFO] Generating flattened POM of project io.jenkins.plugins:commons-lang3-api:hpi:3.20.0-999999-SNAPSHOT...
[INFO] 
[INFO] --- compiler:3.14.1:compile (default-compile) @ commons-lang3-api ---
[INFO] Nothing to compile - all classes are up to date.
[INFO] 
[INFO] --- access-modifier-checker:1.35:enforce (default-enforce) @ commons-lang3-api ---
[INFO] 
[INFO] --- bridge-method-injector:1.32:process (default) @ commons-lang3-api ---
[INFO] 
[INFO] --- hpi:3.1801.v26037216c7d3:insert-test (default-insert-test) @ commons-lang3-api ---
[INFO] 
[INFO] --- antrun:3.2.0:run (createTempDir) @ commons-lang3-api ---
[INFO] Executing tasks
[INFO]     [mkdir] Created dir: /tmp/plugin-builds/commons-lang3-api/target/tmp
[INFO] Executed tasks
[INFO] 
[INFO] --- resources:3.4.0:testResources (default-testResources) @ commons-lang3-api ---
[INFO] Not copying test resources
[INFO] 
[INFO] --- compiler:3.14.1:testCompile (default-testCompile) @ commons-lang3-api ---
[INFO] Not compiling test sources
[INFO] 
[INFO] --- hpi:3.1801.v26037216c7d3:test-hpl (default-test-hpl) @ commons-lang3-api ---
[INFO] Generating /tmp/plugin-builds/commons-lang3-api/target/test-classes/the.hpl
[INFO] 
[INFO] --- hpi:3.1801.v26037216c7d3:resolve-test-dependencies (default-resolve-test-dependencies) @ commons-lang3-api ---
[INFO] 
[INFO] --- hpi:3.1801.v26037216c7d3:test-runtime (default-test-runtime) @ commons-lang3-api ---
[INFO] Tests are skipped.
[INFO] 
[INFO] --- surefire:3.5.4:test (default-test) @ commons-lang3-api ---
[INFO] Tests are skipped.
[INFO] 
[INFO] --- license:203.vffb_768f15d51:process (default) @ commons-lang3-api ---
[INFO] Generated /tmp/plugin-builds/commons-lang3-api/target/commons-lang3-api/WEB-INF/licenses.xml
[INFO] 
[INFO] --- hpi:3.1801.v26037216c7d3:hpi (default-hpi) @ commons-lang3-api ---
[INFO] Generating /tmp/plugin-builds/commons-lang3-api/target/commons-lang3-api/META-INF/MANIFEST.MF
[INFO] Checking for attached .jar artifact ...
[INFO] Generating jar /tmp/plugin-builds/commons-lang3-api/target/commons-lang3-api.jar
[INFO] Building jar: /tmp/plugin-builds/commons-lang3-api/target/commons-lang3-api.jar
[INFO] Exploding webapp...
[INFO] Copy webapp webResources to /tmp/plugin-builds/commons-lang3-api/target/commons-lang3-api
[INFO] Assembling webapp commons-lang3-api in /tmp/plugin-builds/commons-lang3-api/target/commons-lang3-api
[INFO] Bundling direct dependency commons-lang3-3.20.0.jar
[INFO] Generating hpi /tmp/plugin-builds/commons-lang3-api/target/commons-lang3-api.hpi
[INFO] Building jar: /tmp/plugin-builds/commons-lang3-api/target/commons-lang3-api.hpi
[INFO] 
[INFO] --- jar:3.5.0:test-jar (maybe-test-jar) @ commons-lang3-api ---
[INFO] Skipping packaging of the test-jar
[INFO] 
[INFO] >>> spotbugs:4.9.8.2:check (spotbugs) > :spotbugs @ commons-lang3-api >>>
[INFO] 
[INFO] --- spotbugs:4.9.8.2:spotbugs (spotbugs) @ commons-lang3-api ---
[INFO] No files found to run spotbugs; check compile phase has been run.
[INFO] Skipping com.github.spotbugs:spotbugs-maven-plugin:4.9.8.2:spotbugs report goal
[INFO] 
[INFO] <<< spotbugs:4.9.8.2:check (spotbugs) < :spotbugs @ commons-lang3-api <<<
[INFO] 
[INFO] 
[INFO] --- spotbugs:4.9.8.2:check (spotbugs) @ commons-lang3-api ---
[INFO] 
[INFO] --- spotless:3.2.0:check (default) @ commons-lang3-api ---
[INFO] Spotless check skipped
[INFO] 
[INFO] --- install:3.1.4:install (default-install) @ commons-lang3-api ---
[INFO] Installing /tmp/plugin-builds/commons-lang3-api/target/commons-lang3-api-3.20.0-999999-SNAPSHOT.pom to /home/runner/.m2/repository/io/jenkins/plugins/commons-lang3-api/3.20.0-999999-SNAPSHOT/commons-lang3-api-3.20.0-999999-SNAPSHOT.pom
[INFO] Installing /tmp/plugin-builds/commons-lang3-api/target/commons-lang3-api.hpi to /home/runner/.m2/repository/io/jenkins/plugins/commons-lang3-api/3.20.0-999999-SNAPSHOT/commons-lang3-api-3.20.0-999999-SNAPSHOT.hpi
[INFO] Installing /tmp/plugin-builds/commons-lang3-api/target/commons-lang3-api.jar to /home/runner/.m2/repository/io/jenkins/plugins/commons-lang3-api/3.20.0-999999-SNAPSHOT/commons-lang3-api-3.20.0-999999-SNAPSHOT.jar
[INFO] ------------------------------------------------------------------------
[INFO] BUILD SUCCESS
[INFO] ------------------------------------------------------------------------
[INFO] Total time:  26.268 s
[INFO] Finished at: 2026-02-10T03:04:48Z
[INFO] ------------------------------------------------------------------------
