WARNING: A terminally deprecated method in sun.misc.Unsafe has been called
WARNING: sun.misc.Unsafe::staticFieldBase has been called by com.google.inject.internal.aop.HiddenClassDefiner (file:/home/poddingue/.sdkman/candidates/maven/current/lib/guice-5.1.0-classes.jar)
WARNING: Please consider reporting this to the maintainers of class com.google.inject.internal.aop.HiddenClassDefiner
WARNING: sun.misc.Unsafe::staticFieldBase will be removed in a future release
[INFO] Scanning for projects...
[INFO] 
[INFO] Using the MultiThreadedBuilder implementation with a thread count of 4
[INFO] 
[INFO] --------------< org.jenkins-ci.plugins:command-launcher >---------------
[INFO] Building Command Agent Launcher Plugin 999999-SNAPSHOT
[INFO]   from pom.xml
[INFO] --------------------------------[ hpi ]---------------------------------
[INFO] 
[INFO] --- clean:3.4.1:clean (default-clean) @ command-launcher ---
[INFO] 
[INFO] --- hpi:3.63:validate (default-validate) @ command-launcher ---
[INFO] Created marker file /tmp/plugin-builds/command-launcher/target/java-level/17
[INFO] 
[INFO] --- hpi:3.63:validate-hpi (default-validate-hpi) @ command-launcher ---
[INFO] 
[INFO] --- enforcer:3.5.0:enforce (display-info) @ command-launcher ---
[INFO] Rule 0: io.jenkins.tools.incrementals.enforcer.RequireExtensionVersion passed
[INFO] Rule 1: org.apache.maven.enforcer.rules.version.RequireMavenVersion passed
[INFO] Rule 2: org.apache.maven.enforcer.rules.version.RequireJavaVersion passed
[INFO] Rule 3: org.codehaus.mojo.extraenforcer.dependencies.EnforceBytecodeVersion passed
[INFO] Rule 4: org.apache.maven.enforcer.rules.dependency.BannedDependencies passed
[INFO] Rule 5: org.apache.maven.enforcer.rules.dependency.BannedDependencies passed
[INFO] Rule 6: org.apache.maven.enforcer.rules.dependency.RequireUpperBoundDeps passed
[INFO] 
[INFO] --- enforcer:3.5.0:enforce (no-snapshots-in-release) @ command-launcher ---
[INFO] Rule 0: org.apache.maven.enforcer.rules.dependency.RequireReleaseDeps passed
[INFO] 
[INFO] --- localizer:1.31:generate (default) @ command-launcher ---
[INFO] 
[INFO] --- resources:3.3.1:resources (default-resources) @ command-launcher ---
[INFO] Copying 45 resources from src/main/resources to target/classes
[INFO] 
[INFO] --- flatten:1.7.0:flatten (flatten) @ command-launcher ---
[INFO] Generating flattened POM of project org.jenkins-ci.plugins:command-launcher:hpi:999999-SNAPSHOT...
[INFO] 
[INFO] --- compiler:3.14.0:compile (default-compile) @ command-launcher ---
[INFO] Recompiling the module because of changed source code.
[INFO] Compiling 3 source files with javac [debug parameters release 17] to target/classes
[INFO] hudson.slaves.CommandConnector.DescriptorImpl indexed under hudson.Extension
[INFO] hudson.slaves.CommandLauncher.DescriptorImpl indexed under hudson.Extension
[INFO] hudson.slaves.CommandLauncher.DescriptorVisibilityFilterForceSandBox indexed under hudson.Extension
[INFO] /tmp/plugin-builds/command-launcher/src/main/java/hudson/slaves/CommandConnector.java:[56,12] Generating hudson/slaves/CommandConnector.stapler
[INFO] /tmp/plugin-builds/command-launcher/src/main/java/hudson/slaves/CommandLauncher.java:[88,12] Generating hudson/slaves/CommandLauncher.stapler
[INFO] /tmp/plugin-builds/command-launcher/src/main/java/hudson/slaves/CommandLauncher.java:[264,31] Generating hudson/slaves/CommandLauncher/DescriptorImpl/doCheckCommand.stapler
[INFO] /tmp/plugin-builds/command-launcher/src/main/java/hudson/slaves/CommandLauncher.java: /tmp/plugin-builds/command-launcher/src/main/java/hudson/slaves/CommandLauncher.java uses or overrides a deprecated API.
[INFO] /tmp/plugin-builds/command-launcher/src/main/java/hudson/slaves/CommandLauncher.java: Recompile with -Xlint:deprecation for details.
[INFO] 
[INFO] --- access-modifier-checker:1.34:enforce (default-enforce) @ command-launcher ---
[INFO] 
[INFO] --- hpi:3.63:insert-test (default-insert-test) @ command-launcher ---
[INFO] 
[INFO] --- antrun:3.1.0:run (createTempDir) @ command-launcher ---
[INFO] Executing tasks
[INFO]     [mkdir] Created dir: /tmp/plugin-builds/command-launcher/target/tmp
[INFO] Executed tasks
[INFO] 
[INFO] --- resources:3.3.1:testResources (default-testResources) @ command-launcher ---
[INFO] Not copying test resources
[INFO] 
[INFO] --- compiler:3.14.0:testCompile (default-testCompile) @ command-launcher ---
[INFO] Not compiling test sources
[INFO] 
[INFO] --- hpi:3.63:test-hpl (default-test-hpl) @ command-launcher ---
[INFO] Generating /tmp/plugin-builds/command-launcher/target/test-classes/the.hpl
[INFO] 
[INFO] --- hpi:3.63:resolve-test-dependencies (default-resolve-test-dependencies) @ command-launcher ---
[INFO] 
[INFO] --- hpi:3.63:test-runtime (default-test-runtime) @ command-launcher ---
[INFO] Tests are skipped.
[INFO] 
[INFO] --- surefire:3.5.3:test (default-test) @ command-launcher ---
[INFO] Tests are skipped.
[INFO] 
[INFO] --- license:165.v7e11f4e4a_325:process (default) @ command-launcher ---
[INFO] ------------------------------------------------------------------------
[INFO] BUILD FAILURE
[INFO] ------------------------------------------------------------------------
[INFO] Total time:  17.789 s (Wall Clock)
[INFO] Finished at: 2025-08-22T18:09:30+02:00
[INFO] ------------------------------------------------------------------------
[ERROR] BUG! exception in phase 'semantic analysis' in source unit 'inlineScript' Unsupported class file major version 69 -> [Help 1]
[ERROR] BUG! exception in phase 'semantic analysis' in source unit 'inlineScript' Unsupported class file major version 69
[ERROR] 
[ERROR] To see the full stack trace of the errors, re-run Maven with the -e switch.
[ERROR] Re-run Maven using the -X switch to enable full debug logging.
[ERROR] 
[ERROR] For more information about the errors and possible solutions, please read the following articles:
[ERROR] [Help 1] http://cwiki.apache.org/confluence/display/MAVEN/GroovyBugError
