WARNING: A terminally deprecated method in sun.misc.Unsafe has been called
WARNING: sun.misc.Unsafe::staticFieldBase has been called by com.google.inject.internal.aop.HiddenClassDefiner (file:/usr/share/apache-maven-3.9.11/lib/guice-5.1.0-classes.jar)
WARNING: Please consider reporting this to the maintainers of class com.google.inject.internal.aop.HiddenClassDefiner
WARNING: sun.misc.Unsafe::staticFieldBase will be removed in a future release
[INFO] Scanning for projects...
[INFO] Artifact org.jenkins-ci.tools:maven-hpi-plugin:pom:3.1762.vd3ff902a_5b_c4 is present in the local repository, but cached from a remote repository ID that is unavailable in current build context, verifying that is downloadable from [incrementals (https://repo.jenkins-ci.org/incrementals/, default, releases), central (https://repo.maven.apache.org/maven2, default, releases)]
[INFO] Artifact org.jenkins-ci.tools:maven-hpi-plugin:pom:3.1762.vd3ff902a_5b_c4 is present in the local repository, but cached from a remote repository ID that is unavailable in current build context, verifying that is downloadable from [incrementals (https://repo.jenkins-ci.org/incrementals/, default, releases), central (https://repo.maven.apache.org/maven2, default, releases)]
[WARNING] The POM for org.jenkins-ci.tools:maven-hpi-plugin:jar:3.1762.vd3ff902a_5b_c4 is missing, no dependency information available
[INFO] Artifact org.jenkins-ci.tools:maven-hpi-plugin:jar:3.1762.vd3ff902a_5b_c4 is present in the local repository, but cached from a remote repository ID that is unavailable in current build context, verifying that is downloadable from [incrementals (https://repo.jenkins-ci.org/incrementals/, default, releases), central (https://repo.maven.apache.org/maven2, default, releases)]
[INFO] Artifact org.jenkins-ci.tools:maven-hpi-plugin:jar:3.1762.vd3ff902a_5b_c4 is present in the local repository, but cached from a remote repository ID that is unavailable in current build context, verifying that is downloadable from [incrementals (https://repo.jenkins-ci.org/incrementals/, default, releases), central (https://repo.maven.apache.org/maven2, default, releases)]
[WARNING] Failed to build parent project for org.jenkins-ci.plugins:conditional-buildstep:hpi:1.5.1-SNAPSHOT
[INFO] 
[INFO] ------------< org.jenkins-ci.plugins:conditional-buildstep >------------
[INFO] Building Conditional BuildStep 1.5.1-SNAPSHOT
[INFO]   from pom.xml
[INFO] --------------------------------[ hpi ]---------------------------------
[INFO] 
[INFO] --- clean:3.5.0:clean (default-clean) @ conditional-buildstep ---
[INFO] 
[INFO] --- hpi:3.1762.vd3ff902a_5b_c4:validate (default-validate) @ conditional-buildstep ---
[INFO] Created marker file /tmp/plugin-builds/conditional-buildstep/target/java-level/17
[INFO] 
[INFO] --- hpi:3.1762.vd3ff902a_5b_c4:validate-hpi (default-validate-hpi) @ conditional-buildstep ---
[INFO] 
[INFO] --- enforcer:3.6.2:enforce (display-info) @ conditional-buildstep ---
[INFO] Rule 0: io.jenkins.tools.incrementals.enforcer.RequireExtensionVersion passed
[INFO] Rule 1: org.apache.maven.enforcer.rules.version.RequireMavenVersion passed
[INFO] Rule 2: org.apache.maven.enforcer.rules.version.RequireJavaVersion passed
[INFO] Rule 3: org.apache.maven.enforcer.rules.RequirePluginVersions passed
[INFO] Rule 4: org.codehaus.mojo.extraenforcer.dependencies.EnforceBytecodeVersion passed
[INFO] Rule 5: org.apache.maven.enforcer.rules.dependency.BannedDependencies passed
[INFO] Rule 6: org.apache.maven.enforcer.rules.dependency.BannedDependencies passed
[INFO] Ignoring requireUpperBoundDeps in org.ow2.asm:asm
[INFO] Rule 7: org.apache.maven.enforcer.rules.dependency.RequireUpperBoundDeps passed
[INFO] 
[INFO] --- enforcer:3.6.2:enforce (no-snapshots-in-release) @ conditional-buildstep ---
[INFO] Rule 0: org.apache.maven.enforcer.rules.dependency.RequireReleaseDeps passed
[INFO] 
[INFO] --- localizer:1.31:generate (default) @ conditional-buildstep ---
[INFO] 
[INFO] --- enforcer:3.6.2:enforce (check-junit-imports) @ conditional-buildstep ---
[INFO] Rule 0: org.apache.maven.plugins.enforcer.RestrictImports passed
[INFO] 
[INFO] --- resources:3.3.1:resources (default-resources) @ conditional-buildstep ---
[INFO] Copying 17 resources from src/main/resources to target/classes
[INFO] 
[INFO] --- flatten:1.7.3:flatten (flatten) @ conditional-buildstep ---
[INFO] Generating flattened POM of project org.jenkins-ci.plugins:conditional-buildstep:hpi:1.5.1-SNAPSHOT...
[INFO] 
[INFO] --- compiler:3.14.1:compile (default-compile) @ conditional-buildstep ---
[INFO] Recompiling the module because of changed source code.
[INFO] Compiling 11 source files with javac [debug parameters release 17] to target/classes
[INFO] org.jenkinsci.plugins.conditionalbuildstep.BuilderChain.DescriptorImpl indexed under hudson.Extension
[INFO] org.jenkinsci.plugins.conditionalbuildstep.ConditionalBuilder.DescriptorImpl indexed under hudson.Extension
[INFO] org.jenkinsci.plugins.conditionalbuildstep.LegacyBuildstepCondition.LegacyConditionDescriptor indexed under hudson.Extension
[INFO] org.jenkinsci.plugins.conditionalbuildstep.lister.DefaultBuilderDescriptorLister.DescriptorImpl indexed under hudson.Extension
[INFO] org.jenkinsci.plugins.conditionalbuildstep.singlestep.SingleConditionalBuilder.SingleConditionalBuilderDescriptor indexed under hudson.Extension
[INFO] /tmp/plugin-builds/conditional-buildstep/src/main/java/org/jenkinsci/plugins/conditionalbuildstep/ConditionalBuilder.java:[85,12] Generating org/jenkinsci/plugins/conditionalbuildstep/ConditionalBuilder.stapler
[INFO] /tmp/plugin-builds/conditional-buildstep/src/main/java/org/jenkinsci/plugins/conditionalbuildstep/LegacyBuildstepCondition.java:[62,12] Generating org/jenkinsci/plugins/conditionalbuildstep/LegacyBuildstepCondition.stapler
[INFO] /tmp/plugin-builds/conditional-buildstep/src/main/java/org/jenkinsci/plugins/conditionalbuildstep/lister/DefaultBuilderDescriptorLister.java:[48,12] Generating org/jenkinsci/plugins/conditionalbuildstep/lister/DefaultBuilderDescriptorLister.stapler
[INFO] /tmp/plugin-builds/conditional-buildstep/src/main/java/org/jenkinsci/plugins/conditionalbuildstep/singlestep/SingleConditionalBuilder.java:[130,16] Generating org/jenkinsci/plugins/conditionalbuildstep/singlestep/SingleConditionalBuilder/SingleConditionalBuilderDescriptor.stapler
[INFO] /tmp/plugin-builds/conditional-buildstep/src/main/java/org/jenkinsci/plugins/conditionalbuildstep/singlestep/SingleConditionalBuilder.java:[74,12] Generating org/jenkinsci/plugins/conditionalbuildstep/singlestep/SingleConditionalBuilder.stapler
[INFO] /tmp/plugin-builds/conditional-buildstep/src/main/java/org/jenkinsci/plugins/conditionalbuildstep/LegacyBuildstepCondition.java:[133,31] Generating org/jenkinsci/plugins/conditionalbuildstep/LegacyBuildstepCondition/LegacyConditionDescriptor/doCheckCondition.stapler
[INFO] /tmp/plugin-builds/conditional-buildstep/src/main/java/org/jenkinsci/plugins/conditionalbuildstep/ConditionalBuildStepHelper.java: Some input files use or override a deprecated API.
[INFO] /tmp/plugin-builds/conditional-buildstep/src/main/java/org/jenkinsci/plugins/conditionalbuildstep/ConditionalBuildStepHelper.java: Recompile with -Xlint:deprecation for details.
[INFO] /tmp/plugin-builds/conditional-buildstep/src/main/java/org/jenkinsci/plugins/conditionalbuildstep/singlestep/SingleConditionalBuilder.java: Some input files use unchecked or unsafe operations.
[INFO] /tmp/plugin-builds/conditional-buildstep/src/main/java/org/jenkinsci/plugins/conditionalbuildstep/singlestep/SingleConditionalBuilder.java: Recompile with -Xlint:unchecked for details.
[INFO] 
[INFO] --- access-modifier-checker:1.35:enforce (default-enforce) @ conditional-buildstep ---
[INFO] 
[INFO] --- bridge-method-injector:1.32:process (default) @ conditional-buildstep ---
[INFO] 
[INFO] --- hpi:3.1762.vd3ff902a_5b_c4:insert-test (default-insert-test) @ conditional-buildstep ---
[INFO] 
[INFO] --- antrun:3.2.0:run (createTempDir) @ conditional-buildstep ---
[INFO] Executing tasks
[INFO]     [mkdir] Created dir: /tmp/plugin-builds/conditional-buildstep/target/tmp
[INFO] Executed tasks
[INFO] 
[INFO] --- resources:3.3.1:testResources (default-testResources) @ conditional-buildstep ---
[INFO] Not copying test resources
[INFO] 
[INFO] --- compiler:3.14.1:testCompile (default-testCompile) @ conditional-buildstep ---
[INFO] Not compiling test sources
[INFO] 
[INFO] --- hpi:3.1762.vd3ff902a_5b_c4:test-hpl (default-test-hpl) @ conditional-buildstep ---
[INFO] Generating /tmp/plugin-builds/conditional-buildstep/target/test-classes/the.hpl
[INFO] 
[INFO] --- hpi:3.1762.vd3ff902a_5b_c4:resolve-test-dependencies (default-resolve-test-dependencies) @ conditional-buildstep ---
[INFO] 
[INFO] --- hpi:3.1762.vd3ff902a_5b_c4:test-runtime (default-test-runtime) @ conditional-buildstep ---
[INFO] Tests are skipped.
[INFO] 
[INFO] --- surefire:3.5.4:test (default-test) @ conditional-buildstep ---
[INFO] Tests are skipped.
[INFO] 
[INFO] --- license:184.v19c87b_6b_a_9a_c:process (default) @ conditional-buildstep ---
[INFO] Generated /tmp/plugin-builds/conditional-buildstep/target/conditional-buildstep/WEB-INF/licenses.xml
[INFO] 
[INFO] --- hpi:3.1762.vd3ff902a_5b_c4:hpi (default-hpi) @ conditional-buildstep ---
[INFO] Generating /tmp/plugin-builds/conditional-buildstep/target/conditional-buildstep/META-INF/MANIFEST.MF
[INFO] Checking for attached .jar artifact ...
[INFO] Generating jar /tmp/plugin-builds/conditional-buildstep/target/conditional-buildstep.jar
[INFO] Building jar: /tmp/plugin-builds/conditional-buildstep/target/conditional-buildstep.jar
[INFO] Exploding webapp...
[INFO] Copy webapp webResources to /tmp/plugin-builds/conditional-buildstep/target/conditional-buildstep
[INFO] Assembling webapp conditional-buildstep in /tmp/plugin-builds/conditional-buildstep/target/conditional-buildstep
[INFO] Generating hpi /tmp/plugin-builds/conditional-buildstep/target/conditional-buildstep.hpi
[INFO] Building jar: /tmp/plugin-builds/conditional-buildstep/target/conditional-buildstep.hpi
[INFO] 
[INFO] --- jar:3.4.2:test-jar (maybe-test-jar) @ conditional-buildstep ---
[INFO] Skipping packaging of the test-jar
[INFO] 
[INFO] >>> spotbugs:4.9.8.1:check (spotbugs) > :spotbugs @ conditional-buildstep >>>
[INFO] 
[INFO] --- spotbugs:4.9.8.1:spotbugs (spotbugs) @ conditional-buildstep ---
[INFO] Fork Value is true
[INFO] Done SpotBugs Analysis....
[INFO] Skipping com.github.spotbugs:spotbugs-maven-plugin:4.9.8.1:spotbugs report goal
[INFO] 
[INFO] <<< spotbugs:4.9.8.1:check (spotbugs) < :spotbugs @ conditional-buildstep <<<
[INFO] 
[INFO] 
[INFO] --- spotbugs:4.9.8.1:check (spotbugs) @ conditional-buildstep ---
[INFO] BugInstance size is 0
[INFO] Error size is 0
[INFO] No errors/warnings found
[INFO] 
[INFO] --- spotless:3.0.0:check (default) @ conditional-buildstep ---
[INFO] Spotless check skipped
[INFO] 
[INFO] --- install:3.1.4:install (default-install) @ conditional-buildstep ---
[INFO] Installing /tmp/plugin-builds/conditional-buildstep/target/conditional-buildstep-1.5.1-SNAPSHOT.pom to /home/runner/.m2/repository/org/jenkins-ci/plugins/conditional-buildstep/1.5.1-SNAPSHOT/conditional-buildstep-1.5.1-SNAPSHOT.pom
[INFO] Installing /tmp/plugin-builds/conditional-buildstep/target/conditional-buildstep.hpi to /home/runner/.m2/repository/org/jenkins-ci/plugins/conditional-buildstep/1.5.1-SNAPSHOT/conditional-buildstep-1.5.1-SNAPSHOT.hpi
[INFO] Installing /tmp/plugin-builds/conditional-buildstep/target/conditional-buildstep.jar to /home/runner/.m2/repository/org/jenkins-ci/plugins/conditional-buildstep/1.5.1-SNAPSHOT/conditional-buildstep-1.5.1-SNAPSHOT.jar
[INFO] ------------------------------------------------------------------------
[INFO] BUILD SUCCESS
[INFO] ------------------------------------------------------------------------
[INFO] Total time:  38.839 s
[INFO] Finished at: 2025-11-25T02:37:10Z
[INFO] ------------------------------------------------------------------------
