WARNING: A restricted method in java.lang.System has been called
WARNING: java.lang.System::load has been called by org.fusesource.jansi.internal.JansiLoader in an unnamed module (file:/home/poddingue/.sdkman/candidates/maven/current/lib/jansi-2.4.1.jar)
WARNING: Use --enable-native-access=ALL-UNNAMED to avoid a warning for callers in this module
WARNING: Restricted methods will be blocked in a future release unless native access is enabled

WARNING: A terminally deprecated method in sun.misc.Unsafe has been called
WARNING: sun.misc.Unsafe::objectFieldOffset has been called by com.google.common.util.concurrent.AbstractFuture$UnsafeAtomicHelper (file:/home/poddingue/.sdkman/candidates/maven/current/lib/guava-33.2.1-jre.jar)
WARNING: Please consider reporting this to the maintainers of class com.google.common.util.concurrent.AbstractFuture$UnsafeAtomicHelper
WARNING: sun.misc.Unsafe::objectFieldOffset will be removed in a future release
[INFO] Scanning for projects...
[INFO] 
[INFO] ------------< org.jenkins-ci.plugins:config-file-provider >-------------
[INFO] Building Config File Provider Plugin 999999-SNAPSHOT
[INFO]   from pom.xml
[INFO] --------------------------------[ hpi ]---------------------------------
[INFO] 
[INFO] --- clean:3.5.0:clean (default-clean) @ config-file-provider ---
[INFO] 
[INFO] --- hpi:3.66:validate (default-validate) @ config-file-provider ---
[INFO] Created marker file /tmp/plugin-builds/config-file-provider/target/java-level/17
[INFO] 
[INFO] --- hpi:3.66:validate-hpi (default-validate-hpi) @ config-file-provider ---
[INFO] 
[INFO] --- enforcer:3.5.0:enforce (display-info) @ config-file-provider ---
[INFO] Rule 0: io.jenkins.tools.incrementals.enforcer.RequireExtensionVersion passed
[INFO] Rule 1: org.apache.maven.enforcer.rules.version.RequireMavenVersion passed
[INFO] Rule 2: org.apache.maven.enforcer.rules.version.RequireJavaVersion passed
[INFO] Rule 3: org.codehaus.mojo.extraenforcer.dependencies.EnforceBytecodeVersion passed
[INFO] Rule 4: org.apache.maven.enforcer.rules.dependency.BannedDependencies passed
[INFO] Rule 5: org.apache.maven.enforcer.rules.dependency.BannedDependencies passed
[INFO] Ignoring requireUpperBoundDeps in org.ow2.asm:asm
[INFO] Rule 6: org.apache.maven.enforcer.rules.dependency.RequireUpperBoundDeps passed
[INFO] 
[INFO] --- enforcer:3.5.0:enforce (no-snapshots-in-release) @ config-file-provider ---
[INFO] Rule 0: org.apache.maven.enforcer.rules.dependency.RequireReleaseDeps passed
[INFO] 
[INFO] --- localizer:1.31:generate (default) @ config-file-provider ---
[INFO] 
[INFO] --- resources:3.3.1:resources (default-resources) @ config-file-provider ---
[INFO] Copying 106 resources from src/main/resources to target/classes
[INFO] 
[INFO] --- flatten:1.7.1:flatten (flatten) @ config-file-provider ---
[INFO] Generating flattened POM of project org.jenkins-ci.plugins:config-file-provider:hpi:999999-SNAPSHOT...
[INFO] 
[INFO] --- compiler:3.14.0:compile (default-compile) @ config-file-provider ---
[INFO] Recompiling the module because of changed source code.
[INFO] Compiling 62 source files with javac [debug parameters release 17] to target/classes
[WARNING] unknown enum constant javax.annotation.meta.When.MAYBE
  reason: class file for javax.annotation.meta.When not found
[WARNING] unknown enum constant javax.annotation.meta.When.ALWAYS
[WARNING] unknown enum constant javax.annotation.meta.When.UNKNOWN
[INFO] org.jenkinsci.plugins.configfiles.ConfigFilesActionFactory indexed under hudson.Extension
[INFO] org.jenkinsci.plugins.configfiles.ConfigFilesManagement indexed under hudson.Extension
[INFO] org.jenkinsci.plugins.configfiles.GlobalConfigFiles indexed under hudson.Extension
[INFO] org.jenkinsci.plugins.configfiles.builder.ConfigFileBuildStep.DescriptorImpl indexed under hudson.Extension
[INFO] org.jenkinsci.plugins.configfiles.buildwrapper.ConfigFileBuildWrapper.DescriptorImpl indexed under hudson.Extension
[INFO] org.jenkinsci.plugins.configfiles.buildwrapper.ManagedFile.DescriptorImpl indexed under hudson.Extension
[INFO] org.jenkinsci.plugins.configfiles.common.CleanTempFilesRunListener indexed under hudson.Extension
[INFO] org.jenkinsci.plugins.configfiles.custom.CustomConfig.CustomConfigProvider indexed under hudson.Extension
[INFO] org.jenkinsci.plugins.configfiles.custom.security.CustomizedCredentialMapping.DescriptorImpl indexed under hudson.Extension
[INFO] org.jenkinsci.plugins.configfiles.custom.security.TokenValueMacro indexed under hudson.Extension
[INFO] org.jenkinsci.plugins.configfiles.folder.FolderConfigFileAction.ActionFactory indexed under hudson.Extension
[INFO] org.jenkinsci.plugins.configfiles.folder.FolderConfigFileProperty.DescriptorImpl indexed under hudson.Extension
[INFO] org.jenkinsci.plugins.configfiles.groovy.GroovyScript.GroovyConfigProvider indexed under hudson.Extension
[INFO] org.jenkinsci.plugins.configfiles.json.JsonConfig.JsonConfigProvider indexed under hudson.Extension
[INFO] org.jenkinsci.plugins.configfiles.maven.GlobalMavenSettingsConfig.GlobalMavenSettingsConfigProvider indexed under hudson.Extension
[INFO] org.jenkinsci.plugins.configfiles.maven.MavenSettingsConfig.MavenSettingsConfigProvider indexed under hudson.Extension
[INFO] org.jenkinsci.plugins.configfiles.maven.MavenToolchainsConfig.MavenToolchainsConfigProvider indexed under hudson.Extension
[INFO] org.jenkinsci.plugins.configfiles.maven.job.MvnConsoleLogFilter indexed under hudson.Extension
[INFO] org.jenkinsci.plugins.configfiles.maven.job.MvnGlobalSettingsProvider.DescriptorImpl indexed under hudson.Extension
[INFO] org.jenkinsci.plugins.configfiles.maven.job.MvnSettingsProvider.DescriptorImpl indexed under hudson.Extension
[INFO] org.jenkinsci.plugins.configfiles.maven.security.MavenServerIdSpecification.DescriptorImpl indexed under hudson.Extension
[INFO] org.jenkinsci.plugins.configfiles.maven.security.ServerCredentialMapping.DescriptorImpl indexed under hudson.Extension
[INFO] org.jenkinsci.plugins.configfiles.properties.PropertiesConfig.PropertiesConfigProvider indexed under hudson.Extension
[INFO] org.jenkinsci.plugins.configfiles.properties.security.PropertiesCredentialMapping.DescriptorImpl indexed under hudson.Extension
[INFO] org.jenkinsci.plugins.configfiles.xml.XmlConfig.XmlConfigProvider indexed under hudson.Extension
[INFO] /tmp/plugin-builds/config-file-provider/src/main/java/org/jenkinsci/plugins/configfiles/builder/ConfigFileBuildStep.java:[35,12] Generating org/jenkinsci/plugins/configfiles/builder/ConfigFileBuildStep.stapler
[INFO] /tmp/plugin-builds/config-file-provider/src/main/java/org/jenkinsci/plugins/configfiles/buildwrapper/ConfigFileBuildWrapper.java:[67,12] Generating org/jenkinsci/plugins/configfiles/buildwrapper/ConfigFileBuildWrapper.stapler
[INFO] /tmp/plugin-builds/config-file-provider/src/main/java/org/jenkinsci/plugins/configfiles/buildwrapper/ManagedFile.java:[61,12] Generating org/jenkinsci/plugins/configfiles/buildwrapper/ManagedFile.stapler
[INFO] /tmp/plugin-builds/config-file-provider/src/main/java/org/jenkinsci/plugins/configfiles/custom/CustomConfig.java:[52,12] Generating org/jenkinsci/plugins/configfiles/custom/CustomConfig.stapler
[INFO] /tmp/plugin-builds/config-file-provider/src/main/java/org/jenkinsci/plugins/configfiles/custom/security/CustomizedCredentialMapping.java:[53,12] Generating org/jenkinsci/plugins/configfiles/custom/security/CustomizedCredentialMapping.stapler
[INFO] /tmp/plugin-builds/config-file-provider/src/main/java/org/jenkinsci/plugins/configfiles/folder/FolderConfigFileProperty.java:[36,12] Generating org/jenkinsci/plugins/configfiles/folder/FolderConfigFileProperty.stapler
[INFO] /tmp/plugin-builds/config-file-provider/src/main/java/org/jenkinsci/plugins/configfiles/groovy/GroovyScript.java:[41,12] Generating org/jenkinsci/plugins/configfiles/groovy/GroovyScript.stapler
[INFO] /tmp/plugin-builds/config-file-provider/src/main/java/org/jenkinsci/plugins/configfiles/json/JsonConfig.java:[44,12] Generating org/jenkinsci/plugins/configfiles/json/JsonConfig.stapler
[INFO] /tmp/plugin-builds/config-file-provider/src/main/java/org/jenkinsci/plugins/configfiles/maven/GlobalMavenSettingsConfig.java:[54,12] Generating org/jenkinsci/plugins/configfiles/maven/GlobalMavenSettingsConfig.stapler
[INFO] /tmp/plugin-builds/config-file-provider/src/main/java/org/jenkinsci/plugins/configfiles/maven/MavenSettingsConfig.java:[55,12] Generating org/jenkinsci/plugins/configfiles/maven/MavenSettingsConfig.stapler
[INFO] /tmp/plugin-builds/config-file-provider/src/main/java/org/jenkinsci/plugins/configfiles/maven/MavenToolchainsConfig.java:[42,12] Generating org/jenkinsci/plugins/configfiles/maven/MavenToolchainsConfig.stapler
[INFO] /tmp/plugin-builds/config-file-provider/src/main/java/org/jenkinsci/plugins/configfiles/maven/job/MvnGlobalSettingsProvider.java:[63,12] Generating org/jenkinsci/plugins/configfiles/maven/job/MvnGlobalSettingsProvider.stapler
[INFO] /tmp/plugin-builds/config-file-provider/src/main/java/org/jenkinsci/plugins/configfiles/maven/job/MvnSettingsProvider.java:[61,12] Generating org/jenkinsci/plugins/configfiles/maven/job/MvnSettingsProvider.stapler
[INFO] /tmp/plugin-builds/config-file-provider/src/main/java/org/jenkinsci/plugins/configfiles/maven/security/MavenServerIdSpecification.java:[46,12] Generating org/jenkinsci/plugins/configfiles/maven/security/MavenServerIdSpecification.stapler
[INFO] /tmp/plugin-builds/config-file-provider/src/main/java/org/jenkinsci/plugins/configfiles/maven/security/ServerCredentialMapping.java:[32,12] Generating org/jenkinsci/plugins/configfiles/maven/security/ServerCredentialMapping.stapler
[INFO] /tmp/plugin-builds/config-file-provider/src/main/java/org/jenkinsci/plugins/configfiles/properties/PropertiesConfig.java:[25,12] Generating org/jenkinsci/plugins/configfiles/properties/PropertiesConfig.stapler
[INFO] /tmp/plugin-builds/config-file-provider/src/main/java/org/jenkinsci/plugins/configfiles/properties/security/PropertiesCredentialMapping.java:[32,12] Generating org/jenkinsci/plugins/configfiles/properties/security/PropertiesCredentialMapping.stapler
[INFO] /tmp/plugin-builds/config-file-provider/src/main/java/org/jenkinsci/plugins/configfiles/xml/XmlConfig.java:[40,12] Generating org/jenkinsci/plugins/configfiles/xml/XmlConfig.stapler
[INFO] /tmp/plugin-builds/config-file-provider/src/main/java/org/jenkinsci/plugins/configfiles/ConfigFilesManagement.java:[177,17] Generating org/jenkinsci/plugins/configfiles/ConfigFilesManagement/doShow.stapler
[INFO] /tmp/plugin-builds/config-file-provider/src/main/java/org/jenkinsci/plugins/configfiles/ConfigFilesUIContract.java:[113,27] Generating org/jenkinsci/plugins/configfiles/ConfigFilesUIContract/doCheckConfigId.stapler
[INFO] /tmp/plugin-builds/config-file-provider/src/main/java/org/jenkinsci/plugins/configfiles/buildwrapper/ManagedFile.java:[137,29] Generating org/jenkinsci/plugins/configfiles/buildwrapper/ManagedFile/DescriptorImpl/doCheckFileId.stapler
[INFO] /tmp/plugin-builds/config-file-provider/src/main/java/org/jenkinsci/plugins/configfiles/maven/job/MvnGlobalSettingsProvider.java:[164,29] Generating org/jenkinsci/plugins/configfiles/maven/job/MvnGlobalSettingsProvider/DescriptorImpl/doFillSettingsConfigIdItems.stapler
[INFO] /tmp/plugin-builds/config-file-provider/src/main/java/org/jenkinsci/plugins/configfiles/maven/security/ServerCredentialMapping.java:[54,29] Generating org/jenkinsci/plugins/configfiles/maven/security/ServerCredentialMapping/DescriptorImpl/doFillCredentialsIdItems.stapler
[INFO] /tmp/plugin-builds/config-file-provider/src/main/java/org/jenkinsci/plugins/configfiles/properties/security/PropertiesCredentialMapping.java:[54,29] Generating org/jenkinsci/plugins/configfiles/properties/security/PropertiesCredentialMapping/DescriptorImpl/doFillCredentialsIdItems.stapler
[INFO] /tmp/plugin-builds/config-file-provider/src/main/java/org/jenkinsci/plugins/configfiles/ConfigFilesManagement.java:[278,25] Generating org/jenkinsci/plugins/configfiles/ConfigFilesManagement/doRemoveConfig.stapler
[INFO] /tmp/plugin-builds/config-file-provider/src/main/java/org/jenkinsci/plugins/configfiles/ConfigFilesAction.java:[50,17] Generating org/jenkinsci/plugins/configfiles/ConfigFilesAction/doShow.stapler
[INFO] /tmp/plugin-builds/config-file-provider/src/main/java/org/jenkinsci/plugins/configfiles/custom/security/CustomizedCredentialMapping.java:[69,29] Generating org/jenkinsci/plugins/configfiles/custom/security/CustomizedCredentialMapping/DescriptorImpl/doFillCredentialsIdItems.stapler
[INFO] /tmp/plugin-builds/config-file-provider/src/main/java/org/jenkinsci/plugins/configfiles/folder/FolderConfigFileAction.java:[167,17] Generating org/jenkinsci/plugins/configfiles/folder/FolderConfigFileAction/doEditConfig.stapler
[INFO] /tmp/plugin-builds/config-file-provider/src/main/java/org/jenkinsci/plugins/configfiles/ConfigFilesUIContract.java:[95,17] Generating org/jenkinsci/plugins/configfiles/ConfigFilesUIContract/doAddConfig.stapler
[WARNING] unknown enum constant javax.annotation.meta.When.MAYBE
  reason: class file for javax.annotation.meta.When not found
[WARNING] unknown enum constant javax.annotation.meta.When.ALWAYS
[WARNING] unknown enum constant javax.annotation.meta.When.UNKNOWN
[WARNING] unknown enum constant javax.annotation.meta.When.MAYBE
  reason: class file for javax.annotation.meta.When not found
[WARNING] unknown enum constant javax.annotation.meta.When.ALWAYS
[WARNING] unknown enum constant javax.annotation.meta.When.UNKNOWN
[INFO] /tmp/plugin-builds/config-file-provider/src/main/java/org/jenkinsci/plugins/configfiles/ConfigFilesManagement.java: Some input files use or override a deprecated API.
[INFO] /tmp/plugin-builds/config-file-provider/src/main/java/org/jenkinsci/plugins/configfiles/ConfigFilesManagement.java: Recompile with -Xlint:deprecation for details.
[INFO] /tmp/plugin-builds/config-file-provider/src/main/java/org/jenkinsci/lib/configprovider/AbstractConfigProviderImpl.java: Some input files use unchecked or unsafe operations.
[INFO] /tmp/plugin-builds/config-file-provider/src/main/java/org/jenkinsci/lib/configprovider/AbstractConfigProviderImpl.java: Recompile with -Xlint:unchecked for details.
[INFO] 
[INFO] --- access-modifier-checker:1.35:enforce (default-enforce) @ config-file-provider ---
[INFO] Skipping access modifier checks
[INFO] 
[INFO] --- bridge-method-injector:1.31:process (default) @ config-file-provider ---
[INFO] 
[INFO] --- hpi:3.66:insert-test (default-insert-test) @ config-file-provider ---
[INFO] 
[INFO] --- antrun:3.1.0:run (createTempDir) @ config-file-provider ---
[INFO] Executing tasks
[INFO]     [mkdir] Created dir: /tmp/plugin-builds/config-file-provider/target/tmp
[INFO] Executed tasks
[INFO] 
[INFO] --- resources:3.3.1:testResources (default-testResources) @ config-file-provider ---
[INFO] Not copying test resources
[INFO] 
[INFO] --- compiler:3.14.0:testCompile (default-testCompile) @ config-file-provider ---
[INFO] Not compiling test sources
[INFO] 
[INFO] --- hpi:3.66:test-hpl (default-test-hpl) @ config-file-provider ---
[INFO] Generating /tmp/plugin-builds/config-file-provider/target/test-classes/the.hpl
[INFO] 
[INFO] --- hpi:3.66:resolve-test-dependencies (default-resolve-test-dependencies) @ config-file-provider ---
[INFO] 
[INFO] --- hpi:3.66:test-runtime (default-test-runtime) @ config-file-provider ---
[INFO] Tests are skipped.
[INFO] 
[INFO] --- surefire:3.5.3:test (default-test) @ config-file-provider ---
[INFO] Tests are skipped.
[INFO] 
[INFO] --- license:165.v7e11f4e4a_325:process (default) @ config-file-provider ---
[INFO] 
[INFO] --- hpi:3.66:hpi (default-hpi) @ config-file-provider ---
[INFO] Generating /tmp/plugin-builds/config-file-provider/target/config-file-provider/META-INF/MANIFEST.MF
[INFO] Checking for attached .jar artifact ...
[INFO] Generating jar /tmp/plugin-builds/config-file-provider/target/config-file-provider.jar
[INFO] Building jar: /tmp/plugin-builds/config-file-provider/target/config-file-provider.jar
[INFO] Exploding webapp...
[INFO] Copy webapp webResources to /tmp/plugin-builds/config-file-provider/target/config-file-provider
[INFO] Assembling webapp config-file-provider in /tmp/plugin-builds/config-file-provider/target/config-file-provider
[INFO] Generating hpi /tmp/plugin-builds/config-file-provider/target/config-file-provider.hpi
[INFO] Building jar: /tmp/plugin-builds/config-file-provider/target/config-file-provider.hpi
[INFO] 
[INFO] --- jar:3.4.2:test-jar (maybe-test-jar) @ config-file-provider ---
[INFO] Skipping packaging of the test-jar
[INFO] 
[INFO] >>> spotbugs:4.9.3.1:check (spotbugs) > :spotbugs @ config-file-provider >>>
[INFO] 
[INFO] --- spotbugs:4.9.3.1:spotbugs (spotbugs) @ config-file-provider ---
[INFO] Skipping com.github.spotbugs:spotbugs-maven-plugin:4.9.3.1:spotbugs report goal
[INFO] 
[INFO] <<< spotbugs:4.9.3.1:check (spotbugs) < :spotbugs @ config-file-provider <<<
[INFO] 
[INFO] 
[INFO] --- spotbugs:4.9.3.1:check (spotbugs) @ config-file-provider ---
[INFO] Spotbugs plugin skipped
[INFO] 
[INFO] --- spotless:2.44.5:check (default) @ config-file-provider ---
[INFO] Spotless check skipped
[INFO] 
[INFO] --- install:3.1.4:install (default-install) @ config-file-provider ---
[INFO] Installing /tmp/plugin-builds/config-file-provider/target/config-file-provider-999999-SNAPSHOT.pom to /home/poddingue/.m2/repository/org/jenkins-ci/plugins/config-file-provider/999999-SNAPSHOT/config-file-provider-999999-SNAPSHOT.pom
[INFO] Installing /tmp/plugin-builds/config-file-provider/target/config-file-provider.hpi to /home/poddingue/.m2/repository/org/jenkins-ci/plugins/config-file-provider/999999-SNAPSHOT/config-file-provider-999999-SNAPSHOT.hpi
[INFO] Installing /tmp/plugin-builds/config-file-provider/target/config-file-provider.jar to /home/poddingue/.m2/repository/org/jenkins-ci/plugins/config-file-provider/999999-SNAPSHOT/config-file-provider-999999-SNAPSHOT.jar
[INFO] ------------------------------------------------------------------------
[INFO] BUILD SUCCESS
[INFO] ------------------------------------------------------------------------
[INFO] Total time:  12.185 s
[INFO] Finished at: 2025-07-09T11:20:46+02:00
[INFO] ------------------------------------------------------------------------
