[INFO] Scanning for projects...
[INFO] Artifact org.jenkins-ci.tools:maven-hpi-plugin:pom:3.1787.vd08d76c755ef is present in the local repository, but cached from a remote repository ID that is unavailable in current build context, verifying that is downloadable from [incrementals (https://repo.jenkins-ci.org/incrementals/, default, releases), central (https://repo.maven.apache.org/maven2, default, releases)]
[INFO] Artifact org.jenkins-ci.tools:maven-hpi-plugin:pom:3.1787.vd08d76c755ef is present in the local repository, but cached from a remote repository ID that is unavailable in current build context, verifying that is downloadable from [incrementals (https://repo.jenkins-ci.org/incrementals/, default, releases), central (https://repo.maven.apache.org/maven2, default, releases)]
[WARNING] The POM for org.jenkins-ci.tools:maven-hpi-plugin:jar:3.1787.vd08d76c755ef is missing, no dependency information available
[INFO] Artifact org.jenkins-ci.tools:maven-hpi-plugin:jar:3.1787.vd08d76c755ef is present in the local repository, but cached from a remote repository ID that is unavailable in current build context, verifying that is downloadable from [incrementals (https://repo.jenkins-ci.org/incrementals/, default, releases), central (https://repo.maven.apache.org/maven2, default, releases)]
[INFO] Artifact org.jenkins-ci.tools:maven-hpi-plugin:jar:3.1787.vd08d76c755ef is present in the local repository, but cached from a remote repository ID that is unavailable in current build context, verifying that is downloadable from [incrementals (https://repo.jenkins-ci.org/incrementals/, default, releases), central (https://repo.maven.apache.org/maven2, default, releases)]
[WARNING] Failed to build parent project for org.jenkins-ci.plugins:copyartifact:hpi:999999-SNAPSHOT
[INFO] 
[INFO] ----------------< org.jenkins-ci.plugins:copyartifact >-----------------
[INFO] Building Copy Artifact Plugin 999999-SNAPSHOT
[INFO]   from pom.xml
[INFO] --------------------------------[ hpi ]---------------------------------
[INFO] 
[INFO] --- clean:3.5.0:clean (default-clean) @ copyartifact ---
[INFO] 
[INFO] --- hpi:3.1787.vd08d76c755ef:validate (default-validate) @ copyartifact ---
[INFO] Created marker file /tmp/plugin-builds/copyartifact/target/java-level/17
[INFO] 
[INFO] --- hpi:3.1787.vd08d76c755ef:validate-hpi (default-validate-hpi) @ copyartifact ---
[INFO] 
[INFO] --- enforcer:3.6.2:enforce (display-info) @ copyartifact ---
[INFO] Rule 0: io.jenkins.tools.incrementals.enforcer.RequireExtensionVersion passed
[INFO] Rule 1: org.apache.maven.enforcer.rules.version.RequireMavenVersion passed
[INFO] Rule 2: org.apache.maven.enforcer.rules.version.RequireJavaVersion passed
[INFO] Rule 3: org.apache.maven.enforcer.rules.RequirePluginVersions passed
[INFO] Rule 4: org.codehaus.mojo.extraenforcer.dependencies.EnforceBytecodeVersion passed
[INFO] Rule 5: org.apache.maven.enforcer.rules.dependency.BannedDependencies passed
[INFO] Rule 6: org.apache.maven.enforcer.rules.dependency.BannedDependencies passed
[INFO] Rule 7: org.apache.maven.enforcer.rules.dependency.RequireUpperBoundDeps passed
[INFO] 
[INFO] --- enforcer:3.6.2:enforce (no-snapshots-in-release) @ copyartifact ---
[INFO] Rule 0: org.apache.maven.enforcer.rules.dependency.RequireReleaseDeps passed
[INFO] 
[INFO] --- localizer:1.31:generate (default) @ copyartifact ---
[INFO] 
[INFO] --- enforcer:3.6.2:enforce (check-junit-imports) @ copyartifact ---
[INFO] Rule 0: org.apache.maven.plugins.enforcer.RestrictImports passed
[INFO] 
[INFO] --- resources:3.4.0:resources (default-resources) @ copyartifact ---
[INFO] Copying 87 resources from src/main/resources to target/classes
[INFO] 
[INFO] --- flatten:1.7.3:flatten (flatten) @ copyartifact ---
[INFO] Generating flattened POM of project org.jenkins-ci.plugins:copyartifact:hpi:999999-SNAPSHOT...
[INFO] 
[INFO] --- compiler:3.14.1:compile (default-compile) @ copyartifact ---
[INFO] Recompiling the module because of changed source code.
[INFO] Compiling 28 source files with javac [debug parameters release 17] to target/classes
[INFO] hudson.plugins.copyartifact.BuildSelectorParameter.DescriptorImpl indexed under hudson.Extension
[INFO] hudson.plugins.copyartifact.CopyArtifact.DescriptorImpl indexed under hudson.Extension
[INFO] hudson.plugins.copyartifact.CopyArtifact.ListenerImpl indexed under hudson.Extension
[INFO] hudson.plugins.copyartifact.CopyArtifactConfiguration indexed under hudson.Extension
[INFO] hudson.plugins.copyartifact.CopyArtifactPermissionProperty.DescriptorImpl indexed under hudson.Extension
[INFO] hudson.plugins.copyartifact.DownstreamBuildSelector.DescriptorImpl indexed under hudson.Extension
[INFO] hudson.plugins.copyartifact.FilePathCopyMethod indexed under hudson.Extension
[INFO] hudson.plugins.copyartifact.FingerprintingCopyMethod indexed under hudson.Extension
[INFO] hudson.plugins.copyartifact.LastBuildWithArtifactSelector.DescriptorImpl indexed under hudson.Extension
[INFO] hudson.plugins.copyartifact.LastCompletedBuildSelector.DescriptorImpl indexed under hudson.Extension
[INFO] hudson.plugins.copyartifact.ParameterizedBuildSelector.DescriptorImpl indexed under hudson.Extension
[INFO] hudson.plugins.copyartifact.PermalinkBuildSelector.DescriptorImpl indexed under hudson.Extension
[INFO] hudson.plugins.copyartifact.SavedBuildSelector.DescriptorImpl indexed under hudson.Extension
[INFO] hudson.plugins.copyartifact.SpecificBuildSelector.DescriptorImpl indexed under hudson.Extension
[INFO] hudson.plugins.copyartifact.StatusBuildSelector.DescriptorImpl indexed under hudson.Extension
[INFO] hudson.plugins.copyartifact.TriggeredBuildSelector.DescriptorImpl indexed under hudson.Extension
[INFO] hudson.plugins.copyartifact.WorkspaceSelector.DescriptorImpl indexed under hudson.Extension
[INFO] hudson.plugins.copyartifact.monitor.LegacyJobConfigMigrationMonitor indexed under hudson.Extension
[INFO] hudson.plugins.copyartifact.monitor.LegacyJobConfigMigrationMonitor.ListenerImpl indexed under hudson.Extension
[INFO] hudson.plugins.copyartifact.monitor.MigrationModeDisabledMonitor indexed under hudson.Extension
[INFO] /tmp/plugin-builds/copyartifact/src/main/java/hudson/plugins/copyartifact/BuildSelectorParameter.java:[60,12] Generating hudson/plugins/copyartifact/BuildSelectorParameter.stapler
[INFO] /tmp/plugin-builds/copyartifact/src/main/java/hudson/plugins/copyartifact/CopyArtifact.java:[171,12] Generating hudson/plugins/copyartifact/CopyArtifact.stapler
[INFO] /tmp/plugin-builds/copyartifact/src/main/java/hudson/plugins/copyartifact/CopyArtifactPermissionProperty.java:[84,12] Generating hudson/plugins/copyartifact/CopyArtifactPermissionProperty.stapler
[INFO] /tmp/plugin-builds/copyartifact/src/main/java/hudson/plugins/copyartifact/DownstreamBuildSelector.java:[64,12] Generating hudson/plugins/copyartifact/DownstreamBuildSelector.stapler
[INFO] /tmp/plugin-builds/copyartifact/src/main/java/hudson/plugins/copyartifact/LastBuildWithArtifactSelector.java:[36,12] Generating hudson/plugins/copyartifact/LastBuildWithArtifactSelector.stapler
[INFO] /tmp/plugin-builds/copyartifact/src/main/java/hudson/plugins/copyartifact/LastCompletedBuildSelector.java:[41,12] Generating hudson/plugins/copyartifact/LastCompletedBuildSelector.stapler
[INFO] /tmp/plugin-builds/copyartifact/src/main/java/hudson/plugins/copyartifact/ParameterizedBuildSelector.java:[50,12] Generating hudson/plugins/copyartifact/ParameterizedBuildSelector.stapler
[INFO] /tmp/plugin-builds/copyartifact/src/main/java/hudson/plugins/copyartifact/PermalinkBuildSelector.java:[49,12] Generating hudson/plugins/copyartifact/PermalinkBuildSelector.stapler
[INFO] /tmp/plugin-builds/copyartifact/src/main/java/hudson/plugins/copyartifact/SavedBuildSelector.java:[40,12] Generating hudson/plugins/copyartifact/SavedBuildSelector.stapler
[INFO] /tmp/plugin-builds/copyartifact/src/main/java/hudson/plugins/copyartifact/SpecificBuildSelector.java:[50,12] Generating hudson/plugins/copyartifact/SpecificBuildSelector.stapler
[INFO] /tmp/plugin-builds/copyartifact/src/main/java/hudson/plugins/copyartifact/StatusBuildSelector.java:[49,12] Generating hudson/plugins/copyartifact/StatusBuildSelector.stapler
[INFO] /tmp/plugin-builds/copyartifact/src/main/java/hudson/plugins/copyartifact/TriggeredBuildSelector.java:[102,12] Generating hudson/plugins/copyartifact/TriggeredBuildSelector.stapler
[INFO] /tmp/plugin-builds/copyartifact/src/main/java/hudson/plugins/copyartifact/WorkspaceSelector.java:[47,12] Generating hudson/plugins/copyartifact/WorkspaceSelector.stapler
[INFO] /tmp/plugin-builds/copyartifact/src/main/java/hudson/plugins/copyartifact/CopyArtifactPermissionProperty.java:[236,31] Generating hudson/plugins/copyartifact/CopyArtifactPermissionProperty/DescriptorImpl/doCheckProjectNames.stapler
[INFO] /tmp/plugin-builds/copyartifact/src/main/java/hudson/plugins/copyartifact/CopyArtifactPermissionProperty.java:[250,41] Generating hudson/plugins/copyartifact/CopyArtifactPermissionProperty/DescriptorImpl/doAutoCompleteProjectNames.stapler
[INFO] /tmp/plugin-builds/copyartifact/src/main/java/hudson/plugins/copyartifact/DownstreamBuildSelector.java:[259,31] Generating hudson/plugins/copyartifact/DownstreamBuildSelector/DescriptorImpl/doCheckUpstreamBuildNumber.stapler
[INFO] /tmp/plugin-builds/copyartifact/src/main/java/hudson/plugins/copyartifact/PermalinkBuildSelector.java:[70,30] Generating hudson/plugins/copyartifact/PermalinkBuildSelector/DescriptorImpl/doFillIdItems.stapler
[INFO] /tmp/plugin-builds/copyartifact/src/main/java/hudson/plugins/copyartifact/DownstreamBuildSelector.java:[347,41] Generating hudson/plugins/copyartifact/DownstreamBuildSelector/DescriptorImpl/doAutoCompleteUpstreamProjectName.stapler
[INFO] /tmp/plugin-builds/copyartifact/src/main/java/hudson/plugins/copyartifact/CopyArtifact.java:[881,31] Generating hudson/plugins/copyartifact/CopyArtifact/DescriptorImpl/doCheckResultVariableSuffix.stapler
[INFO] /tmp/plugin-builds/copyartifact/src/main/java/hudson/plugins/copyartifact/CopyArtifact.java:[840,31] Generating hudson/plugins/copyartifact/CopyArtifact/DescriptorImpl/doCheckProjectName.stapler
[INFO] /tmp/plugin-builds/copyartifact/src/main/java/hudson/plugins/copyartifact/DownstreamBuildSelector.java:[204,31] Generating hudson/plugins/copyartifact/DownstreamBuildSelector/DescriptorImpl/doCheckUpstreamProjectName.stapler
[INFO] /tmp/plugin-builds/copyartifact/src/main/java/hudson/plugins/copyartifact/BuildSelectorParameter.java: Some input files use or override a deprecated API.
[INFO] /tmp/plugin-builds/copyartifact/src/main/java/hudson/plugins/copyartifact/BuildSelectorParameter.java: Recompile with -Xlint:deprecation for details.
[INFO] /tmp/plugin-builds/copyartifact/src/main/java/hudson/plugins/copyartifact/CopyArtifact.java: /tmp/plugin-builds/copyartifact/src/main/java/hudson/plugins/copyartifact/CopyArtifact.java uses unchecked or unsafe operations.
[INFO] /tmp/plugin-builds/copyartifact/src/main/java/hudson/plugins/copyartifact/CopyArtifact.java: Recompile with -Xlint:unchecked for details.
[INFO] 
[INFO] --- access-modifier-checker:1.35:enforce (default-enforce) @ copyartifact ---
[INFO] 
[INFO] --- bridge-method-injector:1.32:process (default) @ copyartifact ---
[INFO] 
[INFO] --- hpi:3.1787.vd08d76c755ef:insert-test (default-insert-test) @ copyartifact ---
[INFO] 
[INFO] --- antrun:3.2.0:run (createTempDir) @ copyartifact ---
[INFO] Executing tasks
[INFO]     [mkdir] Created dir: /tmp/plugin-builds/copyartifact/target/tmp
[INFO] Executed tasks
[INFO] 
[INFO] --- resources:3.4.0:testResources (default-testResources) @ copyartifact ---
[INFO] Not copying test resources
[INFO] 
[INFO] --- compiler:3.14.1:testCompile (default-testCompile) @ copyartifact ---
[INFO] Not compiling test sources
[INFO] 
[INFO] --- hpi:3.1787.vd08d76c755ef:test-hpl (default-test-hpl) @ copyartifact ---
[INFO] Generating /tmp/plugin-builds/copyartifact/target/test-classes/the.hpl
[INFO] 
[INFO] --- hpi:3.1787.vd08d76c755ef:resolve-test-dependencies (default-resolve-test-dependencies) @ copyartifact ---
[INFO] 
[INFO] --- hpi:3.1787.vd08d76c755ef:test-runtime (default-test-runtime) @ copyartifact ---
[INFO] Tests are skipped.
[INFO] 
[INFO] --- surefire:3.5.4:test (default-test) @ copyartifact ---
[INFO] Tests are skipped.
[INFO] 
[INFO] --- license:184.v19c87b_6b_a_9a_c:process (default) @ copyartifact ---
[INFO] Generated /tmp/plugin-builds/copyartifact/target/copyartifact/WEB-INF/licenses.xml
[INFO] 
[INFO] --- hpi:3.1787.vd08d76c755ef:hpi (default-hpi) @ copyartifact ---
[INFO] Generating /tmp/plugin-builds/copyartifact/target/copyartifact/META-INF/MANIFEST.MF
[INFO] Checking for attached .jar artifact ...
[INFO] Generating jar /tmp/plugin-builds/copyartifact/target/copyartifact.jar
[INFO] Building jar: /tmp/plugin-builds/copyartifact/target/copyartifact.jar
[INFO] Exploding webapp...
[INFO] Copy webapp webResources to /tmp/plugin-builds/copyartifact/target/copyartifact
[INFO] Assembling webapp copyartifact in /tmp/plugin-builds/copyartifact/target/copyartifact
[INFO] Generating hpi /tmp/plugin-builds/copyartifact/target/copyartifact.hpi
[INFO] Building jar: /tmp/plugin-builds/copyartifact/target/copyartifact.hpi
[INFO] 
[INFO] --- jar:3.5.0:test-jar (maybe-test-jar) @ copyartifact ---
[INFO] Skipping packaging of the test-jar
[INFO] 
[INFO] >>> spotbugs:4.9.8.2:check (spotbugs) > :spotbugs @ copyartifact >>>
[INFO] 
[INFO] --- spotbugs:4.9.8.2:spotbugs (spotbugs) @ copyartifact ---
[INFO] Fork Value is true
[INFO] Done SpotBugs Analysis....
[INFO] Skipping com.github.spotbugs:spotbugs-maven-plugin:4.9.8.2:spotbugs report goal
[INFO] 
[INFO] <<< spotbugs:4.9.8.2:check (spotbugs) < :spotbugs @ copyartifact <<<
[INFO] 
[INFO] 
[INFO] --- spotbugs:4.9.8.2:check (spotbugs) @ copyartifact ---
[INFO] BugInstance size is 0
[INFO] Error size is 0
[INFO] No errors/warnings found
[INFO] 
[INFO] --- spotless:3.1.0:check (default) @ copyartifact ---
[INFO] Spotless check skipped
[INFO] 
[INFO] --- install:3.1.4:install (default-install) @ copyartifact ---
[INFO] Installing /tmp/plugin-builds/copyartifact/target/copyartifact-999999-SNAPSHOT.pom to /home/runner/.m2/repository/org/jenkins-ci/plugins/copyartifact/999999-SNAPSHOT/copyartifact-999999-SNAPSHOT.pom
[INFO] Installing /tmp/plugin-builds/copyartifact/target/copyartifact.hpi to /home/runner/.m2/repository/org/jenkins-ci/plugins/copyartifact/999999-SNAPSHOT/copyartifact-999999-SNAPSHOT.hpi
[INFO] Installing /tmp/plugin-builds/copyartifact/target/copyartifact.jar to /home/runner/.m2/repository/org/jenkins-ci/plugins/copyartifact/999999-SNAPSHOT/copyartifact-999999-SNAPSHOT.jar
[INFO] ------------------------------------------------------------------------
[INFO] BUILD SUCCESS
[INFO] ------------------------------------------------------------------------
[INFO] Total time:  01:13 min
[INFO] Finished at: 2026-01-13T02:49:11Z
[INFO] ------------------------------------------------------------------------
