WARNING: A terminally deprecated method in sun.misc.Unsafe has been called
WARNING: sun.misc.Unsafe::staticFieldBase has been called by com.google.inject.internal.aop.HiddenClassDefiner (file:/home/poddingue/.sdkman/candidates/maven/current/lib/guice-5.1.0-classes.jar)
WARNING: Please consider reporting this to the maintainers of class com.google.inject.internal.aop.HiddenClassDefiner
WARNING: sun.misc.Unsafe::staticFieldBase will be removed in a future release
[INFO] Scanning for projects...
[INFO] ------------------------------------------------------------------------
[INFO] Reactor Build Order:
[INFO] 
[INFO] Aggregator for Coverage Plugin                                     [pom]
[INFO] Coverage Plugin                                                    [hpi]
[INFO] 
[INFO] Using the MultiThreadedBuilder implementation with a thread count of 4
[INFO] 
[INFO] -----------------< io.jenkins.plugins:coverage-parent >-----------------
[INFO] Building Aggregator for Coverage Plugin 2.999999-SNAPSHOT          [1/2]
[INFO]   from pom.xml
[INFO] --------------------------------[ pom ]---------------------------------
[WARNING] *****************************************************************
[WARNING] * Your build is requesting parallel execution, but this         *
[WARNING] * project contains the following plugin(s) that have goals not  *
[WARNING] * marked as thread-safe to support parallel execution.          *
[WARNING] * While this /may/ work fine, please look for plugin updates    *
[WARNING] * and/or request plugins be made thread-safe.                   *
[WARNING] * If reporting an issue, report it against the plugin in        *
[WARNING] * question, not against Apache Maven.                           *
[WARNING] *****************************************************************
[WARNING] The following plugins are not marked as thread-safe in Aggregator for Coverage Plugin:
[WARNING]   io.jenkins.tools.maven:license-maven-plugin:184.v19c87b_6b_a_9a_c
[WARNING] 
[WARNING] Enable debug to see precisely which goals are not marked as thread-safe.
[WARNING] *****************************************************************
[INFO] 
[INFO] --- clean:3.5.0:clean (default-clean) @ coverage-parent ---
[INFO] 
[INFO] --- enforcer:3.6.1:enforce (display-info) @ coverage-parent ---
[INFO] Rule 0: org.apache.maven.enforcer.rules.dependency.RequireUpperBoundDeps passed
[INFO] Rule 1: io.jenkins.tools.incrementals.enforcer.RequireExtensionVersion passed
[INFO] Rule 2: org.apache.maven.enforcer.rules.version.RequireMavenVersion passed
[INFO] Rule 3: org.apache.maven.enforcer.rules.version.RequireJavaVersion passed
[INFO] Rule 4: org.codehaus.mojo.extraenforcer.dependencies.EnforceBytecodeVersion passed
[INFO] Rule 5: org.apache.maven.enforcer.rules.dependency.BannedDependencies passed
[INFO] Rule 6: org.apache.maven.enforcer.rules.dependency.BannedDependencies passed
[INFO] 
[INFO] --- enforcer:3.6.1:enforce (no-snapshots-in-release) @ coverage-parent ---
[INFO] Rule 0: org.apache.maven.enforcer.rules.dependency.RequireReleaseDeps passed
[INFO] 
[INFO] --- localizer:1.31:generate (default) @ coverage-parent ---
[INFO] 
[INFO] --- enforcer:3.6.1:enforce (check-junit-imports) @ coverage-parent ---
[INFO] Skipping Rule Enforcement.
[INFO] 
[INFO] >>> javadoc:3.11.3:javadoc (default) > generate-sources @ coverage-parent >>>
[INFO] 
[INFO] --- enforcer:3.6.1:enforce (display-info) @ coverage-parent ---
[INFO] Rule 0: org.apache.maven.enforcer.rules.dependency.RequireUpperBoundDeps passed
[INFO] Rule 4: org.codehaus.mojo.extraenforcer.dependencies.EnforceBytecodeVersion passed
[INFO] Rule 5: org.apache.maven.enforcer.rules.dependency.BannedDependencies passed
[INFO] Rule 6: org.apache.maven.enforcer.rules.dependency.BannedDependencies passed
[INFO] 
[INFO] --- enforcer:3.6.1:enforce (no-snapshots-in-release) @ coverage-parent ---
[INFO] Rule 0: org.apache.maven.enforcer.rules.dependency.RequireReleaseDeps passed
[INFO] 
[INFO] --- localizer:1.31:generate (default) @ coverage-parent ---
[INFO] 
[INFO] <<< javadoc:3.11.3:javadoc (default) < generate-sources @ coverage-parent <<<
[INFO] 
[INFO] 
[INFO] --- javadoc:3.11.3:javadoc (default) @ coverage-parent ---
[INFO] Skipping org.apache.maven.plugins:maven-javadoc-plugin:3.11.3:javadoc report goal
[INFO] 
[INFO] --- flatten:1.7.2:flatten (flatten) @ coverage-parent ---
[INFO] Generating flattened POM of project io.jenkins.plugins:coverage-parent:pom:2.999999-SNAPSHOT...
[INFO] 
[INFO] --- bridge-method-injector:1.32:process (default) @ coverage-parent ---
[INFO] 
[INFO] --- antrun:3.1.0:run (createTempDir) @ coverage-parent ---
[INFO] Executing tasks
[INFO]     [mkdir] Created dir: /tmp/plugin-builds/coverage/target/tmp
[INFO] Executed tasks
[INFO] 
[INFO] --- jacoco:0.8.13:prepare-agent (default) @ coverage-parent ---
[INFO] argLine set to -javaagent:/home/poddingue/.m2/repository/org/jacoco/org.jacoco.agent/0.8.13/org.jacoco.agent-0.8.13-runtime.jar=destfile=/tmp/plugin-builds/coverage/target/jacoco.exec,includes=io/jenkins/plugins/**/* -Xms768M -Xmx768M -XX:+HeapDumpOnOutOfMemoryError -XX:+TieredCompilation -XX:TieredStopAtLevel=1 @{jenkins.addOpens} @{jenkins.insaneHook} @{jenkins.javaAgent}
[INFO] 
[INFO] --- license:184.v19c87b_6b_a_9a_c:process (default) @ coverage-parent ---
[INFO] Generated /tmp/plugin-builds/coverage/target/coverage-parent/WEB-INF/licenses.xml
[INFO] 
[INFO] --- jar:3.4.2:test-jar (maybe-test-jar) @ coverage-parent ---
[INFO] Skipping packaging of the test-jar
[INFO] 
[INFO] --- jar:3.4.2:test-jar (default) @ coverage-parent ---
[INFO] Skipping packaging of the test-jar
[INFO] 
[INFO] --- failsafe:3.5.2:integration-test (default) @ coverage-parent ---
[INFO] Tests are skipped.
[INFO] 
[INFO] --- pmd:3.27.0:pmd (run-pmd-java) @ coverage-parent ---
[INFO] Skipping org.apache.maven.plugins:maven-pmd-plugin:3.27.0:pmd report goal
[INFO] 
[INFO] >>> pmd:3.27.0:check (run-pmd-java) > :pmd @ coverage-parent >>>
[INFO] 
[INFO] --- pmd:3.27.0:pmd (pmd) @ coverage-parent ---
[INFO] Skipping org.apache.maven.plugins:maven-pmd-plugin:3.27.0:pmd report goal
[INFO] 
[INFO] <<< pmd:3.27.0:check (run-pmd-java) < :pmd @ coverage-parent <<<
[INFO] 
[INFO] 
[INFO] --- pmd:3.27.0:check (run-pmd-java) @ coverage-parent ---
[INFO] 
[INFO] --- pmd:3.27.0:cpd (run-pmd-java) @ coverage-parent ---
[INFO] Skipping org.apache.maven.plugins:maven-pmd-plugin:3.27.0:cpd report goal
[INFO] 
[INFO] --- pmd:3.27.0:pmd (run-pmd-tests) @ coverage-parent ---
[INFO] Skipping org.apache.maven.plugins:maven-pmd-plugin:3.27.0:pmd report goal
[INFO] 
[INFO] >>> pmd:3.27.0:check (run-pmd-tests) > :pmd @ coverage-parent >>>
[INFO] 
[INFO] --- pmd:3.27.0:pmd (pmd) @ coverage-parent ---
[INFO] Skipping org.apache.maven.plugins:maven-pmd-plugin:3.27.0:pmd report goal
[INFO] 
[INFO] <<< pmd:3.27.0:check (run-pmd-tests) < :pmd @ coverage-parent <<<
[INFO] 
[INFO] 
[INFO] --- pmd:3.27.0:check (run-pmd-tests) @ coverage-parent ---
[INFO] 
[INFO] --- pmd:3.27.0:cpd (run-pmd-tests) @ coverage-parent ---
[INFO] Skipping org.apache.maven.plugins:maven-pmd-plugin:3.27.0:cpd report goal
[INFO] 
[INFO] --- pmd:3.27.0:pmd (run-pmd-javascript) @ coverage-parent ---
[INFO] Skipping org.apache.maven.plugins:maven-pmd-plugin:3.27.0:pmd report goal
[INFO] 
[INFO] >>> pmd:3.27.0:check (run-pmd-javascript) > :pmd @ coverage-parent >>>
[INFO] 
[INFO] --- pmd:3.27.0:pmd (pmd) @ coverage-parent ---
[INFO] Skipping org.apache.maven.plugins:maven-pmd-plugin:3.27.0:pmd report goal
[INFO] 
[INFO] <<< pmd:3.27.0:check (run-pmd-javascript) < :pmd @ coverage-parent <<<
[INFO] 
[INFO] 
[INFO] --- pmd:3.27.0:check (run-pmd-javascript) @ coverage-parent ---
[INFO] 
[INFO] --- pmd:3.27.0:pmd (run-pmd-metrics) @ coverage-parent ---
[INFO] Skipping org.apache.maven.plugins:maven-pmd-plugin:3.27.0:pmd report goal
[INFO] 
[INFO] --- checkstyle:3.6.0:check (run-checkstyle-java) @ coverage-parent ---
[INFO] You have 0 Checkstyle violations.
[INFO] 
[INFO] --- checkstyle:3.6.0:check (run-checkstyle-tests) @ coverage-parent ---
[INFO] You have 0 Checkstyle violations.
[INFO] 
[INFO] >>> spotbugs:4.8.6.6:check (spotbugs) > :spotbugs @ coverage-parent >>>
[INFO] 
[INFO] --- spotbugs:4.8.6.6:spotbugs (spotbugs) @ coverage-parent ---
[INFO] 
[INFO] <<< spotbugs:4.8.6.6:check (spotbugs) < :spotbugs @ coverage-parent <<<
[INFO] 
[INFO] 
[INFO] --- spotbugs:4.8.6.6:check (spotbugs) @ coverage-parent ---
[INFO] 
[INFO] --- spotless:2.46.1:check (default) @ coverage-parent ---
[INFO] Spotless check skipped
[INFO] 
[INFO] --- failsafe:3.5.2:verify (default) @ coverage-parent ---
[INFO] Tests are skipped.
[INFO] 
[INFO] --- jacoco:0.8.13:report (report) @ coverage-parent ---
[INFO] Skipping JaCoCo execution due to missing execution data file.
[INFO] 
[INFO] --- revapi:0.15.1:check (run-revapi) @ coverage-parent ---
[WARNING] 1 problem was encountered while building the effective model for org.jboss:jboss-dmr:jar:1.2.0.Final during dependency collection step for plugin (use -X to see details)
[INFO] API checks completed without failures.
[INFO] 
[INFO] --- install:3.1.4:install (default-install) @ coverage-parent ---
[INFO] Installing /tmp/plugin-builds/coverage/target/coverage-parent-2.999999-SNAPSHOT.pom to /home/poddingue/.m2/repository/io/jenkins/plugins/coverage-parent/2.999999-SNAPSHOT/coverage-parent-2.999999-SNAPSHOT.pom
[INFO] 
[INFO] --------------------< io.jenkins.plugins:coverage >---------------------
[INFO] Building Coverage Plugin 2.999999-SNAPSHOT                         [2/2]
[INFO]   from plugin/pom.xml
[INFO] --------------------------------[ hpi ]---------------------------------
[WARNING] *****************************************************************
[WARNING] * Your build is requesting parallel execution, but this         *
[WARNING] * project contains the following plugin(s) that have goals not  *
[WARNING] * marked as thread-safe to support parallel execution.          *
[WARNING] * While this /may/ work fine, please look for plugin updates    *
[WARNING] * and/or request plugins be made thread-safe.                   *
[WARNING] * If reporting an issue, report it against the plugin in        *
[WARNING] * question, not against Apache Maven.                           *
[WARNING] *****************************************************************
[WARNING] The following plugins are not marked as thread-safe in Coverage Plugin:
[WARNING]   org.jenkins-ci.tools:maven-hpi-plugin:3.1746.v2e9fe7dc4d95
[WARNING]   org.kohsuke:access-modifier-checker:1.35
[WARNING]   org.assertj:assertj-assertions-generator-maven-plugin:2.2.0
[WARNING]   io.jenkins.tools.maven:license-maven-plugin:184.v19c87b_6b_a_9a_c
[WARNING] 
[WARNING] Enable debug to see precisely which goals are not marked as thread-safe.
[WARNING] *****************************************************************
[INFO] 
[INFO] --- clean:3.5.0:clean (default-clean) @ coverage ---
[INFO] 
[INFO] --- hpi:3.1746.v2e9fe7dc4d95:validate (default-validate) @ coverage ---
[INFO] Created marker file /tmp/plugin-builds/coverage/plugin/target/java-level/17
[INFO] 
[INFO] --- hpi:3.1746.v2e9fe7dc4d95:validate-hpi (default-validate-hpi) @ coverage ---
[INFO] 
[INFO] --- enforcer:3.6.1:enforce (display-info) @ coverage ---
[INFO] Ignoring requireUpperBoundDeps in org.ow2.asm:asm
[INFO] Rule 0: org.apache.maven.enforcer.rules.dependency.RequireUpperBoundDeps passed
[INFO] Rule 4: org.codehaus.mojo.extraenforcer.dependencies.EnforceBytecodeVersion passed
[INFO] Rule 5: org.apache.maven.enforcer.rules.dependency.BannedDependencies passed
[INFO] Rule 6: org.apache.maven.enforcer.rules.dependency.BannedDependencies passed
[INFO] 
[INFO] --- enforcer:3.6.1:enforce (no-snapshots-in-release) @ coverage ---
[INFO] Rule 0: org.apache.maven.enforcer.rules.dependency.RequireReleaseDeps passed
[INFO] 
[INFO] --- localizer:1.31:generate (default) @ coverage ---
[INFO] 
[INFO] --- enforcer:3.6.1:enforce (check-junit-imports) @ coverage ---
[INFO] Skipping Rule Enforcement.
[INFO] 
[INFO] >>> javadoc:3.11.3:javadoc (default) > generate-sources @ coverage >>>
[INFO] 
[INFO] --- hpi:3.1746.v2e9fe7dc4d95:validate (default-validate) @ coverage ---
[INFO] 
[INFO] --- hpi:3.1746.v2e9fe7dc4d95:validate-hpi (default-validate-hpi) @ coverage ---
[INFO] 
[INFO] --- enforcer:3.6.1:enforce (display-info) @ coverage ---
[INFO] Ignoring requireUpperBoundDeps in org.ow2.asm:asm
[INFO] Rule 0: org.apache.maven.enforcer.rules.dependency.RequireUpperBoundDeps passed
[INFO] Rule 4: org.codehaus.mojo.extraenforcer.dependencies.EnforceBytecodeVersion passed
[INFO] Rule 5: org.apache.maven.enforcer.rules.dependency.BannedDependencies passed
[INFO] Rule 6: org.apache.maven.enforcer.rules.dependency.BannedDependencies passed
[INFO] 
[INFO] --- enforcer:3.6.1:enforce (no-snapshots-in-release) @ coverage ---
[INFO] Rule 0: org.apache.maven.enforcer.rules.dependency.RequireReleaseDeps passed
[INFO] 
[INFO] --- localizer:1.31:generate (default) @ coverage ---
[INFO] 
[INFO] <<< javadoc:3.11.3:javadoc (default) < generate-sources @ coverage <<<
[INFO] 
[INFO] 
[INFO] --- javadoc:3.11.3:javadoc (default) @ coverage ---
[WARNING] Javadoc 1.4+ doesn't support the -1.1 switch anymore. Ignore this option.
[INFO] ------------------------------------------------------------------------
[INFO] Reactor Summary for Aggregator for Coverage Plugin 2.999999-SNAPSHOT:
[INFO] 
[INFO] Aggregator for Coverage Plugin ..................... SUCCESS [ 15.360 s]
[INFO] Coverage Plugin .................................... FAILURE [ 18.172 s]
[INFO] ------------------------------------------------------------------------
[INFO] BUILD FAILURE
[INFO] ------------------------------------------------------------------------
[INFO] Total time:  35.646 s (Wall Clock)
[INFO] Finished at: 2025-08-22T18:39:23+02:00
[INFO] ------------------------------------------------------------------------
[ERROR] Failed to execute goal org.apache.maven.plugins:maven-javadoc-plugin:3.11.3:javadoc (default) on project coverage: An error has occurred in Javadoc report generation: Unable to compute stale date: /tmp/plugin-builds/coverage/plugin/target/reports/apidocs/options -> [Help 1]
[ERROR] 
[ERROR] To see the full stack trace of the errors, re-run Maven with the -e switch.
[ERROR] Re-run Maven using the -X switch to enable full debug logging.
[ERROR] 
[ERROR] For more information about the errors and possible solutions, please read the following articles:
[ERROR] [Help 1] http://cwiki.apache.org/confluence/display/MAVEN/MojoExecutionException
[ERROR] 
[ERROR] After correcting the problems, you can resume the build with the command
[ERROR]   mvn <args> -rf :coverage
