WARNING: A restricted method in java.lang.System has been called
WARNING: java.lang.System::load has been called by org.fusesource.jansi.internal.JansiLoader in an unnamed module (file:/home/poddingue/.sdkman/candidates/maven/current/lib/jansi-2.4.1.jar)
WARNING: Use --enable-native-access=ALL-UNNAMED to avoid a warning for callers in this module
WARNING: Restricted methods will be blocked in a future release unless native access is enabled

WARNING: A terminally deprecated method in sun.misc.Unsafe has been called
WARNING: sun.misc.Unsafe::objectFieldOffset has been called by com.google.common.util.concurrent.AbstractFuture$UnsafeAtomicHelper (file:/home/poddingue/.sdkman/candidates/maven/current/lib/guava-33.2.1-jre.jar)
WARNING: Please consider reporting this to the maintainers of class com.google.common.util.concurrent.AbstractFuture$UnsafeAtomicHelper
WARNING: sun.misc.Unsafe::objectFieldOffset will be removed in a future release
[INFO] Scanning for projects...
[INFO] 
[INFO] -----------------< org.jenkins-ci.plugins:credentials >-----------------
[INFO] Building Credentials Plugin 999999-SNAPSHOT
[INFO]   from pom.xml
[INFO] --------------------------------[ hpi ]---------------------------------
Downloading from repo.jenkins-ci.org: https://repo.jenkins-ci.org/public/junit/junit-dep/maven-metadata.xml
Downloading from incrementals: https://repo.jenkins-ci.org/incrementals/junit/junit-dep/maven-metadata.xml
Downloading from central: https://repo.maven.apache.org/maven2/junit/junit-dep/maven-metadata.xml
Progress (1): 563 B                   Downloaded from central: https://repo.maven.apache.org/maven2/junit/junit-dep/maven-metadata.xml (563 B at 2.1 kB/s)
[INFO] 
[INFO] --- clean:3.4.1:clean (default-clean) @ credentials ---
[INFO] 
[INFO] --- hpi:3.61:validate (default-validate) @ credentials ---
[INFO] Created marker file /tmp/plugin-builds/credentials/target/java-level/17
[INFO] 
[INFO] --- hpi:3.61:validate-hpi (default-validate-hpi) @ credentials ---
[INFO] 
[INFO] --- enforcer:3.5.0:enforce (display-info) @ credentials ---
[INFO] Rule 0: io.jenkins.tools.incrementals.enforcer.RequireExtensionVersion passed
[INFO] Rule 1: org.apache.maven.enforcer.rules.version.RequireMavenVersion passed
[INFO] Rule 2: org.apache.maven.enforcer.rules.version.RequireJavaVersion passed
[INFO] Rule 3: org.codehaus.mojo.extraenforcer.dependencies.EnforceBytecodeVersion passed
[INFO] Rule 4: org.apache.maven.enforcer.rules.dependency.BannedDependencies passed
[INFO] Rule 5: org.apache.maven.enforcer.rules.dependency.BannedDependencies passed
[INFO] Rule 6: org.apache.maven.enforcer.rules.dependency.RequireUpperBoundDeps passed
[INFO] 
[INFO] --- enforcer:3.5.0:enforce (no-snapshots-in-release) @ credentials ---
[INFO] Rule 0: org.apache.maven.enforcer.rules.dependency.RequireReleaseDeps passed
[INFO] 
[INFO] --- localizer:1.31:generate (default) @ credentials ---
[INFO] 
[INFO] --- antlr4:4.13.2:antlr4 (default) @ credentials ---
[INFO] ANTLR 4: Processing source directory /tmp/plugin-builds/credentials/src/main/antlr4
[INFO] Processing grammar: com/cloudbees/plugins/credentials/matchers/CQL.g4
[INFO] 
[INFO] --- hpi:3.61:generate-taglib-interface (default) @ credentials ---
[INFO] lib/CredentialsTagLib.java
[INFO] lib/CredentialsTagLib.gdsl
[INFO] 
[INFO] --- resources:3.3.1:resources (default-resources) @ credentials ---
[INFO] Copying 271 resources from src/main/resources to target/classes
[INFO] 
[INFO] --- flatten:1.7.0:flatten (flatten) @ credentials ---
[INFO] Generating flattened POM of project org.jenkins-ci.plugins:credentials:hpi:999999-SNAPSHOT...
[INFO] 
[INFO] --- compiler:3.14.0:compile (default-compile) @ credentials ---
[INFO] Recompiling the module because of changed source code.
[INFO] Compiling 119 source files with javac [debug parameters release 17] to target/classes
[INFO] com.cloudbees.plugins.credentials.CredentialsParameterDefinition.DescriptorImpl indexed under hudson.Extension
[INFO] com.cloudbees.plugins.credentials.CredentialsProviderFilter.None.DescriptorImpl indexed under hudson.Extension
[INFO] com.cloudbees.plugins.credentials.CredentialsProviderFilter.Includes.DescriptorImpl indexed under hudson.Extension
[INFO] com.cloudbees.plugins.credentials.CredentialsProviderFilter.Excludes.DescriptorImpl indexed under hudson.Extension
[INFO] com.cloudbees.plugins.credentials.CredentialsProviderManager indexed under hudson.Extension
[INFO] com.cloudbees.plugins.credentials.CredentialsProviderManager.Configuration indexed under hudson.Extension
[INFO] com.cloudbees.plugins.credentials.CredentialsProviderTypeRestriction.Includes.DescriptorImpl indexed under hudson.Extension
[INFO] com.cloudbees.plugins.credentials.CredentialsProviderTypeRestriction.Excludes.DescriptorImpl indexed under hudson.Extension
[INFO] com.cloudbees.plugins.credentials.CredentialsSelectHelper indexed under hudson.Extension
[INFO] com.cloudbees.plugins.credentials.CredentialsSelectHelper.SystemContextResolver indexed under hudson.Extension
[INFO] com.cloudbees.plugins.credentials.CredentialsSelectHelper.ItemContextResolver indexed under hudson.Extension
[INFO] com.cloudbees.plugins.credentials.CredentialsSelectHelper.UserContextResolver indexed under hudson.Extension
[INFO] com.cloudbees.plugins.credentials.CredentialsStoreAction.DomainWrapper.DescriptorImpl indexed under hudson.Extension
[INFO] com.cloudbees.plugins.credentials.CredentialsStoreAction.CredentialsWrapper.DescriptorImpl indexed under hudson.Extension
[INFO] com.cloudbees.plugins.credentials.CredentialsTypeFilter.None.DescriptorImpl indexed under hudson.Extension
[INFO] com.cloudbees.plugins.credentials.CredentialsTypeFilter.Includes.DescriptorImpl indexed under hudson.Extension
[INFO] com.cloudbees.plugins.credentials.CredentialsTypeFilter.Excludes.DescriptorImpl indexed under hudson.Extension
[INFO] com.cloudbees.plugins.credentials.GlobalCredentialsConfiguration indexed under hudson.Extension
[INFO] com.cloudbees.plugins.credentials.GlobalCredentialsConfiguration.DescriptorImpl indexed under hudson.Extension
[INFO] com.cloudbees.plugins.credentials.GlobalCredentialsConfiguration.Category indexed under hudson.Extension
[INFO] com.cloudbees.plugins.credentials.ManageCredentialsConfiguration indexed under hudson.Extension
[INFO] com.cloudbees.plugins.credentials.SystemCredentialsProvider indexed under hudson.Extension
[INFO] com.cloudbees.plugins.credentials.SystemCredentialsProvider.DescriptorImpl indexed under hudson.Extension
[INFO] com.cloudbees.plugins.credentials.SystemCredentialsProvider.ProviderImpl indexed under hudson.Extension
[INFO] com.cloudbees.plugins.credentials.UserCredentialsProvider indexed under hudson.Extension
[INFO] com.cloudbees.plugins.credentials.UserCredentialsProvider.UserCredentialsProperty.DescriptorImpl indexed under hudson.Extension
[INFO] com.cloudbees.plugins.credentials.ViewCredentialsAction.TransientTopLevelItemActionFactoryImpl indexed under hudson.Extension
[INFO] com.cloudbees.plugins.credentials.ViewCredentialsAction.TransientUserActionFactoryImpl indexed under hudson.Extension
[INFO] com.cloudbees.plugins.credentials.ViewCredentialsAction.RootActionImpl indexed under hudson.Extension
[INFO] com.cloudbees.plugins.credentials.casc.CredentialsRootConfigurator indexed under hudson.Extension
[INFO] com.cloudbees.plugins.credentials.casc.SystemCredentialsProviderConfigurator indexed under hudson.Extension
[INFO] com.cloudbees.plugins.credentials.cli.CreateCredentialsByXmlCommand indexed under hudson.Extension
[INFO] com.cloudbees.plugins.credentials.cli.CreateCredentialsDomainByXmlCommand indexed under hudson.Extension
[INFO] com.cloudbees.plugins.credentials.cli.DeleteCredentialsCommand indexed under hudson.Extension
[INFO] com.cloudbees.plugins.credentials.cli.DeleteCredentialsDomainCommand indexed under hudson.Extension
[INFO] com.cloudbees.plugins.credentials.cli.GetCredentialsAsXmlCommand indexed under hudson.Extension
[INFO] com.cloudbees.plugins.credentials.cli.GetCredentialsDomainAsXmlCommand indexed under hudson.Extension
[INFO] com.cloudbees.plugins.credentials.cli.ImportCredentialsAsXmlCommand indexed under hudson.Extension
[INFO] com.cloudbees.plugins.credentials.cli.ListCredentialsAsXmlCommand indexed under hudson.Extension
[INFO] com.cloudbees.plugins.credentials.cli.ListCredentialsCommand indexed under hudson.Extension
[INFO] com.cloudbees.plugins.credentials.cli.ListCredentialsContextResolversCommand indexed under hudson.Extension
[INFO] com.cloudbees.plugins.credentials.cli.ListCredentialsProvidersCommand indexed under hudson.Extension
[INFO] com.cloudbees.plugins.credentials.cli.UpdateCredentialsByXmlCommand indexed under hudson.Extension
[INFO] com.cloudbees.plugins.credentials.cli.UpdateCredentialsDomainByXmlCommand indexed under hudson.Extension
[INFO] com.cloudbees.plugins.credentials.domains.HostnamePortSpecification.DescriptorImpl indexed under hudson.Extension
[INFO] com.cloudbees.plugins.credentials.domains.HostnameSpecification.DescriptorImpl indexed under hudson.Extension
[INFO] com.cloudbees.plugins.credentials.domains.PathSpecification.DescriptorImpl indexed under hudson.Extension
[INFO] com.cloudbees.plugins.credentials.domains.SchemeSpecification.DescriptorImpl indexed under hudson.Extension
[INFO] com.cloudbees.plugins.credentials.impl.CertificateCredentialsImpl.DescriptorImpl indexed under hudson.Extension
[INFO] com.cloudbees.plugins.credentials.impl.CertificateCredentialsImpl.UploadedKeyStoreSource.DescriptorImpl.extension indexed under hudson.Extension
[INFO] com.cloudbees.plugins.credentials.impl.CertificateCredentialsImpl.PEMEntryKeyStoreSource.DescriptorImpl indexed under hudson.Extension
[INFO] com.cloudbees.plugins.credentials.impl.UsernamePasswordCredentialsImpl.DescriptorImpl indexed under hudson.Extension
[INFO] com.cloudbees.plugins.credentials.impl.UsernamePasswordCredentialsSnapshotTaker indexed under hudson.Extension
[INFO] /tmp/plugin-builds/credentials/src/main/java/com/cloudbees/plugins/credentials/CredentialsParameterDefinition.java:[46,12] Generating com/cloudbees/plugins/credentials/CredentialsParameterDefinition.stapler
[INFO] /tmp/plugin-builds/credentials/src/main/java/com/cloudbees/plugins/credentials/CredentialsParameterValue.java:[45,12] Generating com/cloudbees/plugins/credentials/CredentialsParameterValue.stapler
[INFO] /tmp/plugin-builds/credentials/src/main/java/com/cloudbees/plugins/credentials/CredentialsProviderFilter.java:[106,16] Generating com/cloudbees/plugins/credentials/CredentialsProviderFilter/None.stapler
[INFO] /tmp/plugin-builds/credentials/src/main/java/com/cloudbees/plugins/credentials/CredentialsProviderFilter.java:[190,16] Generating com/cloudbees/plugins/credentials/CredentialsProviderFilter/Includes.stapler
[INFO] /tmp/plugin-builds/credentials/src/main/java/com/cloudbees/plugins/credentials/CredentialsProviderFilter.java:[302,16] Generating com/cloudbees/plugins/credentials/CredentialsProviderFilter/Excludes.stapler
[INFO] /tmp/plugin-builds/credentials/src/main/java/com/cloudbees/plugins/credentials/CredentialsProviderTypeRestriction.java:[124,16] Generating com/cloudbees/plugins/credentials/CredentialsProviderTypeRestriction/Includes.stapler
[INFO] /tmp/plugin-builds/credentials/src/main/java/com/cloudbees/plugins/credentials/CredentialsProviderTypeRestriction.java:[312,16] Generating com/cloudbees/plugins/credentials/CredentialsProviderTypeRestriction/Excludes.stapler
[INFO] /tmp/plugin-builds/credentials/src/main/java/com/cloudbees/plugins/credentials/CredentialsTypeFilter.java:[105,16] Generating com/cloudbees/plugins/credentials/CredentialsTypeFilter/None.stapler
[INFO] /tmp/plugin-builds/credentials/src/main/java/com/cloudbees/plugins/credentials/CredentialsTypeFilter.java:[184,16] Generating com/cloudbees/plugins/credentials/CredentialsTypeFilter/Includes.stapler
[INFO] /tmp/plugin-builds/credentials/src/main/java/com/cloudbees/plugins/credentials/CredentialsTypeFilter.java:[296,16] Generating com/cloudbees/plugins/credentials/CredentialsTypeFilter/Excludes.stapler
[INFO] /tmp/plugin-builds/credentials/src/main/java/com/cloudbees/plugins/credentials/UserCredentialsProvider.java:[200,16] Generating com/cloudbees/plugins/credentials/UserCredentialsProvider/UserCredentialsProperty.stapler
[INFO] /tmp/plugin-builds/credentials/src/main/java/com/cloudbees/plugins/credentials/domains/Domain.java:[72,12] Generating com/cloudbees/plugins/credentials/domains/Domain.stapler
[INFO] /tmp/plugin-builds/credentials/src/main/java/com/cloudbees/plugins/credentials/domains/DomainCredentials.java:[65,12] Generating com/cloudbees/plugins/credentials/domains/DomainCredentials.stapler
[INFO] /tmp/plugin-builds/credentials/src/main/java/com/cloudbees/plugins/credentials/domains/HostnamePortSpecification.java:[73,12] Generating com/cloudbees/plugins/credentials/domains/HostnamePortSpecification.stapler
[INFO] /tmp/plugin-builds/credentials/src/main/java/com/cloudbees/plugins/credentials/domains/HostnameSpecification.java:[73,12] Generating com/cloudbees/plugins/credentials/domains/HostnameSpecification.stapler
[INFO] /tmp/plugin-builds/credentials/src/main/java/com/cloudbees/plugins/credentials/domains/PathSpecification.java:[76,12] Generating com/cloudbees/plugins/credentials/domains/PathSpecification.stapler
[INFO] /tmp/plugin-builds/credentials/src/main/java/com/cloudbees/plugins/credentials/domains/SchemeSpecification.java:[57,12] Generating com/cloudbees/plugins/credentials/domains/SchemeSpecification.stapler
[INFO] /tmp/plugin-builds/credentials/src/main/java/com/cloudbees/plugins/credentials/impl/CertificateCredentialsImpl.java:[420,16] Generating com/cloudbees/plugins/credentials/impl/CertificateCredentialsImpl/UploadedKeyStoreSource.stapler
[INFO] /tmp/plugin-builds/credentials/src/main/java/com/cloudbees/plugins/credentials/impl/CertificateCredentialsImpl.java:[655,16] Generating com/cloudbees/plugins/credentials/impl/CertificateCredentialsImpl/PEMEntryKeyStoreSource.stapler
[INFO] /tmp/plugin-builds/credentials/src/main/java/com/cloudbees/plugins/credentials/impl/CertificateCredentialsImpl.java:[129,12] Generating com/cloudbees/plugins/credentials/impl/CertificateCredentialsImpl.stapler
[INFO] /tmp/plugin-builds/credentials/src/main/java/com/cloudbees/plugins/credentials/impl/UsernamePasswordCredentialsImpl.java:[80,12] Generating com/cloudbees/plugins/credentials/impl/UsernamePasswordCredentialsImpl.stapler
[INFO] /tmp/plugin-builds/credentials/src/main/java/com/cloudbees/plugins/credentials/CredentialsStoreAction.java:[1092,19] Generating com/cloudbees/plugins/credentials/CredentialsStoreAction/CredentialsWrapper.javadoc
[INFO] /tmp/plugin-builds/credentials/src/main/java/com/cloudbees/plugins/credentials/CredentialsStoreAction.java:[108,17] Generating com/cloudbees/plugins/credentials/CredentialsStoreAction.javadoc
[INFO] /tmp/plugin-builds/credentials/src/main/java/com/cloudbees/plugins/credentials/UserCredentialsProvider.java:[594,19] Generating com/cloudbees/plugins/credentials/UserCredentialsProvider/StoreImpl.javadoc
[INFO] /tmp/plugin-builds/credentials/src/main/java/com/cloudbees/plugins/credentials/CredentialsStoreAction.java:[590,19] Generating com/cloudbees/plugins/credentials/CredentialsStoreAction/DomainWrapper.javadoc
[INFO] /tmp/plugin-builds/credentials/src/main/java/com/cloudbees/plugins/credentials/ViewCredentialsAction.java:[73,8] Generating com/cloudbees/plugins/credentials/ViewCredentialsAction.javadoc
[INFO] /tmp/plugin-builds/credentials/src/main/java/com/cloudbees/plugins/credentials/SystemCredentialsProvider.java:[468,19] Generating com/cloudbees/plugins/credentials/SystemCredentialsProvider/StoreImpl.javadoc
[INFO] /tmp/plugin-builds/credentials/src/main/java/com/cloudbees/plugins/credentials/impl/BaseStandardCredentials.java:[59,17] Generating com/cloudbees/plugins/credentials/impl/BaseStandardCredentials.javadoc
[INFO] /tmp/plugin-builds/credentials/src/main/java/com/cloudbees/plugins/credentials/UserCredentialsProvider.java:[537,19] Generating com/cloudbees/plugins/credentials/UserCredentialsProvider/UserFacingAction.javadoc
[INFO] /tmp/plugin-builds/credentials/src/main/java/com/cloudbees/plugins/credentials/CredentialsParameterDefinition.java:[181,37] Generating com/cloudbees/plugins/credentials/CredentialsParameterDefinition/DescriptorImpl/doFillValueItems.stapler
[INFO] /tmp/plugin-builds/credentials/src/main/java/com/cloudbees/plugins/credentials/impl/CertificateCredentialsImpl.java:[578,35] Generating com/cloudbees/plugins/credentials/impl/CertificateCredentialsImpl/UploadedKeyStoreSource/DescriptorImpl/doCheckUploadedKeystore.stapler
[INFO] /tmp/plugin-builds/credentials/src/main/java/com/cloudbees/plugins/credentials/CredentialsStoreAction.java:[1061,35] Generating com/cloudbees/plugins/credentials/CredentialsStoreAction/DomainWrapper/DescriptorImpl/doCheckName.stapler
[INFO] /tmp/plugin-builds/credentials/src/main/java/com/cloudbees/plugins/credentials/impl/CertificateCredentialsImpl.java:[768,35] Generating com/cloudbees/plugins/credentials/impl/CertificateCredentialsImpl/PEMEntryKeyStoreSource/DescriptorImpl/doCheckPrivateKey.stapler
[INFO] /tmp/plugin-builds/credentials/src/main/java/com/cloudbees/plugins/credentials/impl/CertificateCredentialsImpl.java:[245,31] Generating com/cloudbees/plugins/credentials/impl/CertificateCredentialsImpl/DescriptorImpl/doCheckPassword.stapler
[INFO] /tmp/plugin-builds/credentials/src/main/java/com/cloudbees/plugins/credentials/CredentialsParameterDefinition.java:[167,37] Generating com/cloudbees/plugins/credentials/CredentialsParameterDefinition/DescriptorImpl/doFillDefaultValueItems.stapler
[INFO] /tmp/plugin-builds/credentials/src/main/java/com/cloudbees/plugins/credentials/CredentialsStoreAction.java:[1312,29] Generating com/cloudbees/plugins/credentials/CredentialsStoreAction/CredentialsWrapper/doDoMove.stapler
[INFO] /tmp/plugin-builds/credentials/src/main/java/com/cloudbees/plugins/credentials/impl/BaseStandardCredentials.java:[197,37] Generating com/cloudbees/plugins/credentials/impl/BaseStandardCredentials/BaseStandardCredentialsDescriptor/doCheckId.stapler
[INFO] /tmp/plugin-builds/credentials/src/main/java/com/cloudbees/plugins/credentials/impl/CertificateCredentialsImpl.java:[735,35] Generating com/cloudbees/plugins/credentials/impl/CertificateCredentialsImpl/PEMEntryKeyStoreSource/DescriptorImpl/doCheckCertChain.stapler
[INFO] /tmp/plugin-builds/credentials/src/main/java/com/cloudbees/plugins/credentials/impl/UsernamePasswordCredentialsImpl.java:[143,31] Generating com/cloudbees/plugins/credentials/impl/UsernamePasswordCredentialsImpl/DescriptorImpl/doCheckPassword.stapler
[WARNING] /tmp/plugin-builds/credentials/src/main/java/com/cloudbees/plugins/credentials/CredentialsProvider.java:[870,47] deprecated item is not annotated with @Deprecated
[INFO] /tmp/plugin-builds/credentials/src/main/java/com/cloudbees/plugins/credentials/CredentialsStore.java: Some input files use or override a deprecated API.
[INFO] /tmp/plugin-builds/credentials/src/main/java/com/cloudbees/plugins/credentials/CredentialsStore.java: Recompile with -Xlint:deprecation for details.
[INFO] /tmp/plugin-builds/credentials/src/main/java/com/cloudbees/plugins/credentials/CredentialsProvider.java: Some input files use unchecked or unsafe operations.
[INFO] /tmp/plugin-builds/credentials/src/main/java/com/cloudbees/plugins/credentials/CredentialsProvider.java: Recompile with -Xlint:unchecked for details.
[INFO] 
[INFO] --- access-modifier-checker:1.34:enforce (default-enforce) @ credentials ---
[INFO] Skipping access modifier checks
[INFO] 
[INFO] --- hpi:3.61:insert-test (default-insert-test) @ credentials ---
[INFO] 
[INFO] --- antrun:3.1.0:run (createTempDir) @ credentials ---
[INFO] Executing tasks
[INFO]     [mkdir] Created dir: /tmp/plugin-builds/credentials/target/tmp
[INFO] Executed tasks
[INFO] 
[INFO] --- resources:3.3.1:testResources (default-testResources) @ credentials ---
[INFO] Not copying test resources
[INFO] 
[INFO] --- compiler:3.14.0:testCompile (default-testCompile) @ credentials ---
[INFO] Not compiling test sources
[INFO] 
[INFO] --- hpi:3.61:test-hpl (default-test-hpl) @ credentials ---
[INFO] Generating /tmp/plugin-builds/credentials/target/test-classes/the.hpl
[INFO] 
[INFO] --- hpi:3.61:resolve-test-dependencies (default-resolve-test-dependencies) @ credentials ---
[INFO] 
[INFO] --- hpi:3.61:test-runtime (default-test-runtime) @ credentials ---
[INFO] Tests are skipped.
[INFO] 
[INFO] --- surefire:3.5.2:test (default-test) @ credentials ---
[INFO] Tests are skipped.
[INFO] 
[INFO] --- license:165.v7e11f4e4a_325:process (default) @ credentials ---
[INFO] 
[INFO] --- hpi:3.61:hpi (default-hpi) @ credentials ---
[INFO] Generating /tmp/plugin-builds/credentials/target/credentials/META-INF/MANIFEST.MF
[INFO] Checking for attached .jar artifact ...
[INFO] Generating jar /tmp/plugin-builds/credentials/target/credentials.jar
[INFO] Building jar: /tmp/plugin-builds/credentials/target/credentials.jar
[INFO] Exploding webapp...
[INFO] Copy webapp webResources to /tmp/plugin-builds/credentials/target/credentials
[INFO] Assembling webapp credentials in /tmp/plugin-builds/credentials/target/credentials
[INFO] Generating hpi /tmp/plugin-builds/credentials/target/credentials.hpi
[INFO] Building jar: /tmp/plugin-builds/credentials/target/credentials.hpi
[INFO] 
[INFO] --- jar:3.4.2:test-jar (maybe-test-jar) @ credentials ---
[INFO] Skipping packaging of the test-jar
[INFO] 
[INFO] >>> spotbugs:4.9.2.0:check (spotbugs) > :spotbugs @ credentials >>>
[INFO] 
[INFO] --- spotbugs:4.9.2.0:spotbugs (spotbugs) @ credentials ---
[INFO] Skipping com.github.spotbugs:spotbugs-maven-plugin:4.9.2.0:spotbugs report goal
[INFO] 
[INFO] <<< spotbugs:4.9.2.0:check (spotbugs) < :spotbugs @ credentials <<<
[INFO] 
[INFO] 
[INFO] --- spotbugs:4.9.2.0:check (spotbugs) @ credentials ---
[INFO] Spotbugs plugin skipped
[INFO] 
[INFO] --- spotless:2.44.3:check (default) @ credentials ---
[INFO] Spotless check skipped
[INFO] 
[INFO] --- install:3.1.4:install (default-install) @ credentials ---
[INFO] Installing /tmp/plugin-builds/credentials/target/credentials-999999-SNAPSHOT.pom to /home/poddingue/.m2/repository/org/jenkins-ci/plugins/credentials/999999-SNAPSHOT/credentials-999999-SNAPSHOT.pom
[INFO] Installing /tmp/plugin-builds/credentials/target/credentials.hpi to /home/poddingue/.m2/repository/org/jenkins-ci/plugins/credentials/999999-SNAPSHOT/credentials-999999-SNAPSHOT.hpi
[INFO] Installing /tmp/plugin-builds/credentials/target/credentials.jar to /home/poddingue/.m2/repository/org/jenkins-ci/plugins/credentials/999999-SNAPSHOT/credentials-999999-SNAPSHOT.jar
[INFO] ------------------------------------------------------------------------
[INFO] BUILD SUCCESS
[INFO] ------------------------------------------------------------------------
[INFO] Total time:  12.091 s
[INFO] Finished at: 2025-07-09T10:55:26+02:00
[INFO] ------------------------------------------------------------------------
