WARNING: A restricted method in java.lang.System has been called
WARNING: java.lang.System::load has been called by org.fusesource.jansi.internal.JansiLoader in an unnamed module (file:/home/poddingue/.sdkman/candidates/maven/current/lib/jansi-2.4.1.jar)
WARNING: Use --enable-native-access=ALL-UNNAMED to avoid a warning for callers in this module
WARNING: Restricted methods will be blocked in a future release unless native access is enabled

WARNING: A terminally deprecated method in sun.misc.Unsafe has been called
WARNING: sun.misc.Unsafe::objectFieldOffset has been called by com.google.common.util.concurrent.AbstractFuture$UnsafeAtomicHelper (file:/home/poddingue/.sdkman/candidates/maven/current/lib/guava-33.2.1-jre.jar)
WARNING: Please consider reporting this to the maintainers of class com.google.common.util.concurrent.AbstractFuture$UnsafeAtomicHelper
WARNING: sun.misc.Unsafe::objectFieldOffset will be removed in a future release
[INFO] Scanning for projects...
[INFO] 
[INFO] -------------< org.jenkins-ci.plugins:credentials-binding >-------------
[INFO] Building Credentials Binding Plugin 999999-SNAPSHOT
[INFO]   from pom.xml
[INFO] --------------------------------[ hpi ]---------------------------------
[INFO] 
[INFO] --- clean:3.4.1:clean (default-clean) @ credentials-binding ---
[INFO] 
[INFO] --- hpi:3.61:validate (default-validate) @ credentials-binding ---
[INFO] Created marker file /tmp/plugin-builds/credentials-binding/target/java-level/17
[INFO] 
[INFO] --- hpi:3.61:validate-hpi (default-validate-hpi) @ credentials-binding ---
[INFO] 
[INFO] --- enforcer:3.5.0:enforce (display-info) @ credentials-binding ---
[INFO] Rule 0: io.jenkins.tools.incrementals.enforcer.RequireExtensionVersion passed
[INFO] Rule 1: org.apache.maven.enforcer.rules.version.RequireMavenVersion passed
[INFO] Rule 2: org.apache.maven.enforcer.rules.version.RequireJavaVersion passed
[INFO] Rule 3: org.codehaus.mojo.extraenforcer.dependencies.EnforceBytecodeVersion passed
[INFO] Rule 4: org.apache.maven.enforcer.rules.dependency.BannedDependencies passed
[INFO] Rule 5: org.apache.maven.enforcer.rules.dependency.BannedDependencies passed
[INFO] Rule 6: org.apache.maven.enforcer.rules.dependency.RequireUpperBoundDeps passed
[INFO] 
[INFO] --- enforcer:3.5.0:enforce (no-snapshots-in-release) @ credentials-binding ---
[INFO] Rule 0: org.apache.maven.enforcer.rules.dependency.RequireReleaseDeps passed
[INFO] 
[INFO] --- localizer:1.31:generate (default) @ credentials-binding ---
[INFO] 
[INFO] --- resources:3.3.1:resources (default-resources) @ credentials-binding ---
[INFO] Copying 45 resources from src/main/resources to target/classes
[INFO] 
[INFO] --- flatten:1.7.0:flatten (flatten) @ credentials-binding ---
[INFO] Generating flattened POM of project org.jenkins-ci.plugins:credentials-binding:hpi:999999-SNAPSHOT...
[INFO] 
[INFO] --- compiler:3.14.0:compile (default-compile) @ credentials-binding ---
[INFO] Recompiling the module because of changed source code.
[INFO] Compiling 24 source files with javac [debug parameters release 17] to target/classes
[INFO] org.jenkinsci.plugins.credentialsbinding.impl.BindingStep.DescriptorImpl indexed under hudson.Extension
[INFO] org.jenkinsci.plugins.credentialsbinding.impl.CertificateMultiBinding.DescriptorImpl indexed under hudson.Extension
[INFO] org.jenkinsci.plugins.credentialsbinding.impl.FileBinding.DescriptorImpl indexed under hudson.Extension
[INFO] org.jenkinsci.plugins.credentialsbinding.impl.SSHUserPrivateKeyBinding.DescriptorImpl indexed under hudson.Extension
[INFO] org.jenkinsci.plugins.credentialsbinding.impl.SecretBuildWrapper.DescriptorImpl indexed under hudson.Extension
[INFO] org.jenkinsci.plugins.credentialsbinding.impl.StringBinding.DescriptorImpl indexed under hudson.Extension
[INFO] org.jenkinsci.plugins.credentialsbinding.impl.UsernamePasswordBinding.DescriptorImpl indexed under hudson.Extension
[INFO] org.jenkinsci.plugins.credentialsbinding.impl.UsernamePasswordMultiBinding.DescriptorImpl indexed under hudson.Extension
[INFO] org.jenkinsci.plugins.credentialsbinding.impl.ZipFileBinding.DescriptorImpl indexed under hudson.Extension
[INFO] org.jenkinsci.plugins.credentialsbinding.masking.AlmquistShellSecretPatternFactory indexed under hudson.Extension
[INFO] org.jenkinsci.plugins.credentialsbinding.masking.Base64SecretPatternFactory indexed under hudson.Extension
[INFO] org.jenkinsci.plugins.credentialsbinding.masking.BashSecretPatternFactory indexed under hudson.Extension
[INFO] org.jenkinsci.plugins.credentialsbinding.masking.BatchSecretPatternFactory indexed under hudson.Extension
[INFO] org.jenkinsci.plugins.credentialsbinding.masking.DollarSecretPatternFactory indexed under hudson.Extension
[INFO] org.jenkinsci.plugins.credentialsbinding.masking.LiteralSecretPatternFactory indexed under hudson.Extension
[INFO] /tmp/plugin-builds/credentials-binding/src/main/java/org/jenkinsci/plugins/credentialsbinding/impl/BindingStep.java:[76,34] Generating org/jenkinsci/plugins/credentialsbinding/impl/BindingStep.stapler
[INFO] /tmp/plugin-builds/credentials-binding/src/main/java/org/jenkinsci/plugins/credentialsbinding/impl/CertificateMultiBinding.java:[61,16] Generating org/jenkinsci/plugins/credentialsbinding/impl/CertificateMultiBinding.stapler
[INFO] /tmp/plugin-builds/credentials-binding/src/main/java/org/jenkinsci/plugins/credentialsbinding/impl/FileBinding.java:[44,34] Generating org/jenkinsci/plugins/credentialsbinding/impl/FileBinding.stapler
[INFO] /tmp/plugin-builds/credentials-binding/src/main/java/org/jenkinsci/plugins/credentialsbinding/impl/SSHUserPrivateKeyBinding.java:[57,34] Generating org/jenkinsci/plugins/credentialsbinding/impl/SSHUserPrivateKeyBinding.stapler
[INFO] /tmp/plugin-builds/credentials-binding/src/main/java/org/jenkinsci/plugins/credentialsbinding/impl/SecretBuildWrapper.java:[75,34] Generating org/jenkinsci/plugins/credentialsbinding/impl/SecretBuildWrapper.stapler
[INFO] /tmp/plugin-builds/credentials-binding/src/main/java/org/jenkinsci/plugins/credentialsbinding/impl/StringBinding.java:[45,34] Generating org/jenkinsci/plugins/credentialsbinding/impl/StringBinding.stapler
[INFO] /tmp/plugin-builds/credentials-binding/src/main/java/org/jenkinsci/plugins/credentialsbinding/impl/UsernamePasswordBinding.java:[45,34] Generating org/jenkinsci/plugins/credentialsbinding/impl/UsernamePasswordBinding.stapler
[INFO] /tmp/plugin-builds/credentials-binding/src/main/java/org/jenkinsci/plugins/credentialsbinding/impl/UsernamePasswordMultiBinding.java:[51,34] Generating org/jenkinsci/plugins/credentialsbinding/impl/UsernamePasswordMultiBinding.stapler
[INFO] /tmp/plugin-builds/credentials-binding/src/main/java/org/jenkinsci/plugins/credentialsbinding/impl/ZipFileBinding.java:[51,34] Generating org/jenkinsci/plugins/credentialsbinding/impl/ZipFileBinding.stapler
[INFO] /tmp/plugin-builds/credentials-binding/src/main/java/org/jenkinsci/plugins/credentialsbinding/impl/ZipFileBinding.java:[80,31] Generating org/jenkinsci/plugins/credentialsbinding/impl/ZipFileBinding/DescriptorImpl/doCheckCredentialsId.stapler
[WARNING] /tmp/plugin-builds/credentials-binding/src/main/java/org/jenkinsci/plugins/credentialsbinding/MultiBinding.java:[175,24] deprecated item is not annotated with @Deprecated
[INFO] /tmp/plugin-builds/credentials-binding/src/main/java/org/jenkinsci/plugins/credentialsbinding/BindingDescriptor.java: Some input files use or override a deprecated API.
[INFO] /tmp/plugin-builds/credentials-binding/src/main/java/org/jenkinsci/plugins/credentialsbinding/BindingDescriptor.java: Recompile with -Xlint:deprecation for details.
[INFO] 
[INFO] --- access-modifier-checker:1.34:enforce (default-enforce) @ credentials-binding ---
[INFO] Skipping access modifier checks
[INFO] 
[INFO] --- hpi:3.61:insert-test (default-insert-test) @ credentials-binding ---
[INFO] 
[INFO] --- antrun:3.1.0:run (createTempDir) @ credentials-binding ---
[INFO] Executing tasks
[INFO]     [mkdir] Created dir: /tmp/plugin-builds/credentials-binding/target/tmp
[INFO] Executed tasks
[INFO] 
[INFO] --- resources:3.3.1:testResources (default-testResources) @ credentials-binding ---
[INFO] Not copying test resources
[INFO] 
[INFO] --- compiler:3.14.0:testCompile (default-testCompile) @ credentials-binding ---
[INFO] Not compiling test sources
[INFO] 
[INFO] --- hpi:3.61:test-hpl (default-test-hpl) @ credentials-binding ---
[INFO] Generating /tmp/plugin-builds/credentials-binding/target/test-classes/the.hpl
[INFO] 
[INFO] --- hpi:3.61:resolve-test-dependencies (default-resolve-test-dependencies) @ credentials-binding ---
[INFO] 
[INFO] --- hpi:3.61:test-runtime (default-test-runtime) @ credentials-binding ---
[INFO] Tests are skipped.
[INFO] 
[INFO] --- surefire:3.5.2:test (default-test) @ credentials-binding ---
[INFO] Tests are skipped.
[INFO] 
[INFO] --- license:165.v7e11f4e4a_325:process (default) @ credentials-binding ---
[INFO] 
[INFO] --- hpi:3.61:hpi (default-hpi) @ credentials-binding ---
[INFO] Generating /tmp/plugin-builds/credentials-binding/target/credentials-binding/META-INF/MANIFEST.MF
[INFO] Checking for attached .jar artifact ...
[INFO] Generating jar /tmp/plugin-builds/credentials-binding/target/credentials-binding.jar
[INFO] Building jar: /tmp/plugin-builds/credentials-binding/target/credentials-binding.jar
[INFO] Exploding webapp...
[INFO] Copy webapp webResources to /tmp/plugin-builds/credentials-binding/target/credentials-binding
[INFO] Assembling webapp credentials-binding in /tmp/plugin-builds/credentials-binding/target/credentials-binding
[INFO] Generating hpi /tmp/plugin-builds/credentials-binding/target/credentials-binding.hpi
[INFO] Building jar: /tmp/plugin-builds/credentials-binding/target/credentials-binding.hpi
[INFO] 
[INFO] --- jar:3.4.2:test-jar (maybe-test-jar) @ credentials-binding ---
[INFO] Skipping packaging of the test-jar
[INFO] 
[INFO] >>> spotbugs:4.9.2.0:check (spotbugs) > :spotbugs @ credentials-binding >>>
[INFO] 
[INFO] --- spotbugs:4.9.2.0:spotbugs (spotbugs) @ credentials-binding ---
[INFO] Skipping com.github.spotbugs:spotbugs-maven-plugin:4.9.2.0:spotbugs report goal
[INFO] 
[INFO] <<< spotbugs:4.9.2.0:check (spotbugs) < :spotbugs @ credentials-binding <<<
[INFO] 
[INFO] 
[INFO] --- spotbugs:4.9.2.0:check (spotbugs) @ credentials-binding ---
[INFO] Spotbugs plugin skipped
[INFO] 
[INFO] --- spotless:2.44.3:check (default) @ credentials-binding ---
[INFO] Spotless check skipped
[INFO] 
[INFO] --- install:3.1.4:install (default-install) @ credentials-binding ---
[INFO] Installing /tmp/plugin-builds/credentials-binding/target/credentials-binding-999999-SNAPSHOT.pom to /home/poddingue/.m2/repository/org/jenkins-ci/plugins/credentials-binding/999999-SNAPSHOT/credentials-binding-999999-SNAPSHOT.pom
[INFO] Installing /tmp/plugin-builds/credentials-binding/target/credentials-binding.hpi to /home/poddingue/.m2/repository/org/jenkins-ci/plugins/credentials-binding/999999-SNAPSHOT/credentials-binding-999999-SNAPSHOT.hpi
[INFO] Installing /tmp/plugin-builds/credentials-binding/target/credentials-binding.jar to /home/poddingue/.m2/repository/org/jenkins-ci/plugins/credentials-binding/999999-SNAPSHOT/credentials-binding-999999-SNAPSHOT.jar
[INFO] ------------------------------------------------------------------------
[INFO] BUILD SUCCESS
[INFO] ------------------------------------------------------------------------
[INFO] Total time:  7.949 s
[INFO] Finished at: 2025-06-22T16:59:09+02:00
[INFO] ------------------------------------------------------------------------
