WARNING: A restricted method in java.lang.System has been called
WARNING: java.lang.System::load has been called by org.fusesource.jansi.internal.JansiLoader in an unnamed module (file:/home/poddingue/.sdkman/candidates/maven/current/lib/jansi-2.4.1.jar)
WARNING: Use --enable-native-access=ALL-UNNAMED to avoid a warning for callers in this module
WARNING: Restricted methods will be blocked in a future release unless native access is enabled

WARNING: A terminally deprecated method in sun.misc.Unsafe has been called
WARNING: sun.misc.Unsafe::objectFieldOffset has been called by com.google.common.util.concurrent.AbstractFuture$UnsafeAtomicHelper (file:/home/poddingue/.sdkman/candidates/maven/current/lib/guava-33.2.1-jre.jar)
WARNING: Please consider reporting this to the maintainers of class com.google.common.util.concurrent.AbstractFuture$UnsafeAtomicHelper
WARNING: sun.misc.Unsafe::objectFieldOffset will be removed in a future release
[INFO] Scanning for projects...
[INFO] 
[INFO] ---------------------< org.jenkins-ci.plugins:cvs >---------------------
[INFO] Building Jenkins CVS Plug-in 999999-SNAPSHOT
[INFO]   from pom.xml
[INFO] --------------------------------[ hpi ]---------------------------------
[INFO] 
[INFO] --- clean:3.4.1:clean (default-clean) @ cvs ---
[INFO] 
[INFO] --- hpi:3.65:validate (default-validate) @ cvs ---
[INFO] Created marker file /tmp/plugin-builds/cvs/target/java-level/17
[INFO] 
[INFO] --- hpi:3.65:validate-hpi (default-validate-hpi) @ cvs ---
[INFO] 
[INFO] --- enforcer:3.5.0:enforce (display-info) @ cvs ---
[INFO] Rule 0: io.jenkins.tools.incrementals.enforcer.RequireExtensionVersion passed
[INFO] Rule 1: org.apache.maven.enforcer.rules.version.RequireMavenVersion passed
[INFO] Rule 2: org.apache.maven.enforcer.rules.version.RequireJavaVersion passed
[INFO] Rule 3: org.codehaus.mojo.extraenforcer.dependencies.EnforceBytecodeVersion passed
[INFO] Rule 4: org.apache.maven.enforcer.rules.dependency.BannedDependencies passed
[INFO] Rule 5: org.apache.maven.enforcer.rules.dependency.BannedDependencies passed
[INFO] Ignoring requireUpperBoundDeps in com.google.code.findbugs:jsr305
[INFO] Ignoring requireUpperBoundDeps in org.ow2.asm:asm
[INFO] Rule 6: org.apache.maven.enforcer.rules.dependency.RequireUpperBoundDeps passed
[INFO] 
[INFO] --- enforcer:3.5.0:enforce (no-snapshots-in-release) @ cvs ---
[INFO] Rule 0: org.apache.maven.enforcer.rules.dependency.RequireReleaseDeps passed
[INFO] 
[INFO] --- localizer:1.31:generate (default) @ cvs ---
[INFO] 
[INFO] --- resources:3.3.1:resources (default-resources) @ cvs ---
[INFO] Copying 232 resources from src/main/resources to target/classes
[INFO] 
[INFO] --- flatten:1.7.0:flatten (flatten) @ cvs ---
[INFO] Generating flattened POM of project org.jenkins-ci.plugins:cvs:hpi:999999-SNAPSHOT...
[INFO] 
[INFO] --- compiler:3.14.0:compile (default-compile) @ cvs ---
[INFO] Recompiling the module because of changed source code.
[INFO] Compiling 35 source files with javac [debug parameters release 17] to target/classes
[INFO] hudson.scm.CVSSCM.DescriptorImpl indexed under hudson.Extension
[INFO] hudson.scm.CvsAuthentication.CvsAuthenticationDescriptor indexed under hudson.Extension
[INFO] hudson.scm.CvsModule.DescriptorImpl indexed under hudson.Extension
[INFO] hudson.scm.CvsModuleLocation.HeadModuleLocation.HeadModuleLocationDescriptor indexed under hudson.Extension
[INFO] hudson.scm.CvsModuleLocation.TagModuleLocation.TagModuleLocationDescriptor indexed under hudson.Extension
[INFO] hudson.scm.CvsModuleLocation.BranchModuleLocation.BranchModuleLocationDescriptor indexed under hudson.Extension
[INFO] hudson.scm.CvsProjectset.CvsProjectsetDescriptor indexed under hudson.Extension
[INFO] hudson.scm.CvsRepository.DescriptorImpl indexed under hudson.Extension
[INFO] hudson.scm.CvsRepositoryItem.CvsRepositoryItemDescriptor indexed under hudson.Extension
[INFO] hudson.scm.CvsRepositoryLocation.HeadRepositoryLocation.HeadRepositoryLocationDescriptor indexed under hudson.Extension
[INFO] hudson.scm.CvsRepositoryLocation.TagRepositoryLocation.TagRepositoryLocationDescriptor indexed under hudson.Extension
[INFO] hudson.scm.CvsRepositoryLocation.BranchRepositoryLocation.BranchRepositoryLocationDescriptor indexed under hudson.Extension
[INFO] hudson.scm.CvsTagsParamDefinition.ListCvsTagsParameterDefinitionDescriptor indexed under hudson.Extension
[INFO] hudson.scm.ExcludedRegion.DescriptorImpl indexed under hudson.Extension
[INFO] hudson.scm.browsers.CvsFacadeRepositoryBrowser.CvsFacadeRepositoryBrowserDescriptor indexed under hudson.Extension
[INFO] hudson.scm.browsers.FishEyeCVS.DescriptorImpl indexed under hudson.Extension
[INFO] hudson.scm.browsers.OpenGrok.DescriptorImpl indexed under hudson.Extension
[INFO] hudson.scm.browsers.ViewCVS.DescriptorImpl indexed under hudson.Extension
[INFO] hudson.scm.cvstagging.CvsTagActionDescriptor indexed under hudson.Extension
[INFO] hudson.scm.cvstagging.LegacyTagAction.LegacyTagActionDescriptor indexed under hudson.Extension
[INFO] jenkins.scm.cvs.QuietPeriodCompleted.SCMTriggerTimeObserver indexed under hudson.Extension
[INFO] /tmp/plugin-builds/cvs/src/main/java/hudson/scm/CVSSCM.java:[165,12] Generating hudson/scm/CVSSCM.stapler
[INFO] /tmp/plugin-builds/cvs/src/main/java/hudson/scm/CvsAuthentication.java:[42,12] Generating hudson/scm/CvsAuthentication.stapler
[INFO] /tmp/plugin-builds/cvs/src/main/java/hudson/scm/CvsModule.java:[59,12] Generating hudson/scm/CvsModule.stapler
[INFO] /tmp/plugin-builds/cvs/src/main/java/hudson/scm/CvsModuleLocation.java:[100,16] Generating hudson/scm/CvsModuleLocation/HeadModuleLocation.stapler
[INFO] /tmp/plugin-builds/cvs/src/main/java/hudson/scm/CvsModuleLocation.java:[120,16] Generating hudson/scm/CvsModuleLocation/TagModuleLocation.stapler
[INFO] /tmp/plugin-builds/cvs/src/main/java/hudson/scm/CvsModuleLocation.java:[149,16] Generating hudson/scm/CvsModuleLocation/BranchModuleLocation.stapler
[INFO] /tmp/plugin-builds/cvs/src/main/java/hudson/scm/CvsProjectset.java:[69,12] Generating hudson/scm/CvsProjectset.stapler
[INFO] /tmp/plugin-builds/cvs/src/main/java/hudson/scm/CvsRepository.java:[80,12] Generating hudson/scm/CvsRepository.stapler
[INFO] /tmp/plugin-builds/cvs/src/main/java/hudson/scm/CvsRepositoryItem.java:[44,12] Generating hudson/scm/CvsRepositoryItem.stapler
[INFO] /tmp/plugin-builds/cvs/src/main/java/hudson/scm/CvsRepositoryLocation.java:[104,16] Generating hudson/scm/CvsRepositoryLocation/HeadRepositoryLocation.stapler
[INFO] /tmp/plugin-builds/cvs/src/main/java/hudson/scm/CvsRepositoryLocation.java:[122,16] Generating hudson/scm/CvsRepositoryLocation/TagRepositoryLocation.stapler
[INFO] /tmp/plugin-builds/cvs/src/main/java/hudson/scm/CvsRepositoryLocation.java:[149,16] Generating hudson/scm/CvsRepositoryLocation/BranchRepositoryLocation.stapler
[INFO] /tmp/plugin-builds/cvs/src/main/java/hudson/scm/CvsTagsParamDefinition.java:[79,12] Generating hudson/scm/CvsTagsParamDefinition.stapler
[INFO] /tmp/plugin-builds/cvs/src/main/java/hudson/scm/CvsTagsParamValue.java:[35,12] Generating hudson/scm/CvsTagsParamValue.stapler
[INFO] /tmp/plugin-builds/cvs/src/main/java/hudson/scm/ExcludedRegion.java:[45,12] Generating hudson/scm/ExcludedRegion.stapler
[INFO] /tmp/plugin-builds/cvs/src/main/java/hudson/scm/browsers/FishEyeCVS.java:[57,12] Generating hudson/scm/browsers/FishEyeCVS.stapler
[INFO] /tmp/plugin-builds/cvs/src/main/java/hudson/scm/browsers/OpenGrok.java:[47,12] Generating hudson/scm/browsers/OpenGrok.stapler
[INFO] /tmp/plugin-builds/cvs/src/main/java/hudson/scm/browsers/ViewCVS.java:[55,12] Generating hudson/scm/browsers/ViewCVS.stapler
[INFO] /tmp/plugin-builds/cvs/src/main/java/hudson/scm/cvstagging/CvsTagAction.java:[52,8] Generating hudson/scm/cvstagging/CvsTagAction.javadoc
[INFO] /tmp/plugin-builds/cvs/src/main/java/hudson/scm/CvsRepositoryLocation.java:[144,19] Generating hudson/scm/CvsRepositoryLocation/BranchRepositoryLocation.javadoc
[INFO] /tmp/plugin-builds/cvs/src/main/java/hudson/scm/CvsModuleLocation.java:[144,19] Generating hudson/scm/CvsModuleLocation/BranchModuleLocation.javadoc
[INFO] /tmp/plugin-builds/cvs/src/main/java/hudson/scm/CvsFile.java:[32,8] Generating hudson/scm/CvsFile.javadoc
[INFO] /tmp/plugin-builds/cvs/src/main/java/hudson/scm/CvsRepository.java:[54,8] Generating hudson/scm/CvsRepository.javadoc
[INFO] /tmp/plugin-builds/cvs/src/main/java/hudson/scm/CvsModuleLocation.java:[115,19] Generating hudson/scm/CvsModuleLocation/TagModuleLocation.javadoc
[INFO] /tmp/plugin-builds/cvs/src/main/java/hudson/scm/CvsProjectset.java:[52,8] Generating hudson/scm/CvsProjectset.javadoc
[INFO] /tmp/plugin-builds/cvs/src/main/java/hudson/scm/CvsRepositoryLocation.java:[40,17] Generating hudson/scm/CvsRepositoryLocation.javadoc
[INFO] /tmp/plugin-builds/cvs/src/main/java/hudson/scm/CvsModule.java:[40,8] Generating hudson/scm/CvsModule.javadoc
[INFO] /tmp/plugin-builds/cvs/src/main/java/hudson/scm/CVSSCM.java:[410,19] Generating hudson/scm/CVSSCM/DescriptorImpl.javadoc
[INFO] /tmp/plugin-builds/cvs/src/main/java/hudson/scm/browsers/OpenGrok.java:[43,14] Generating hudson/scm/browsers/OpenGrok.javadoc
[INFO] /tmp/plugin-builds/cvs/src/main/java/hudson/scm/CVSChangeLogSet.java:[190,19] Generating hudson/scm/CVSChangeLogSet/CVSChangeLog.javadoc
[INFO] /tmp/plugin-builds/cvs/src/main/java/hudson/scm/CvsRepositoryItem.java:[38,8] Generating hudson/scm/CvsRepositoryItem.javadoc
[INFO] /tmp/plugin-builds/cvs/src/main/java/hudson/scm/CvsTagsParamDefinition.java:[69,8] Generating hudson/scm/CvsTagsParamDefinition.javadoc
[INFO] /tmp/plugin-builds/cvs/src/main/java/hudson/scm/CVSChangeLogSet.java:[411,19] Generating hudson/scm/CVSChangeLogSet/File.javadoc
[INFO] /tmp/plugin-builds/cvs/src/main/java/hudson/scm/CvsRepositoryLocation.java:[117,19] Generating hudson/scm/CvsRepositoryLocation/TagRepositoryLocation.javadoc
[INFO] /tmp/plugin-builds/cvs/src/main/java/hudson/scm/CvsModuleLocation.java:[38,17] Generating hudson/scm/CvsModuleLocation.javadoc
[INFO] /tmp/plugin-builds/cvs/src/main/java/hudson/scm/CvsAuthentication.java:[35,8] Generating hudson/scm/CvsAuthentication.javadoc
[INFO] /tmp/plugin-builds/cvs/src/main/java/hudson/scm/CVSSCM.java:[81,8] Generating hudson/scm/CVSSCM.javadoc
[INFO] /tmp/plugin-builds/cvs/src/main/java/hudson/scm/cvstagging/LegacyTagAction.java:[62,8] Generating hudson/scm/cvstagging/LegacyTagAction.javadoc
[INFO] /tmp/plugin-builds/cvs/src/main/java/hudson/scm/ExcludedRegion.java:[40,8] Generating hudson/scm/ExcludedRegion.javadoc
[INFO] /tmp/plugin-builds/cvs/src/main/java/hudson/scm/browsers/OpenGrok.java:[96,31] Generating hudson/scm/browsers/OpenGrok/DescriptorImpl/doCheckUrl.stapler
[INFO] /tmp/plugin-builds/cvs/src/main/java/hudson/scm/CvsModule.java:[161,31] Generating hudson/scm/CvsModule/DescriptorImpl/doCheckRemoteName.stapler
[INFO] /tmp/plugin-builds/cvs/src/main/java/hudson/scm/CVSSCM.java:[572,31] Generating hudson/scm/CVSSCM/DescriptorImpl/doCheckAuthenticationCvsRoot.stapler
[INFO] /tmp/plugin-builds/cvs/src/main/java/hudson/scm/CvsTagsParamDefinition.java:[288,31] Generating hudson/scm/CvsTagsParamDefinition/ListCvsTagsParameterDefinitionDescriptor/doCheckModuleName.stapler
[INFO] /tmp/plugin-builds/cvs/src/main/java/hudson/scm/CvsTagsParamDefinition.java:[272,31] Generating hudson/scm/CvsTagsParamDefinition/ListCvsTagsParameterDefinitionDescriptor/doCheckCvsRoot.stapler
[INFO] /tmp/plugin-builds/cvs/src/main/java/hudson/scm/ExcludedRegion.java:[94,31] Generating hudson/scm/ExcludedRegion/DescriptorImpl/doCheckPattern.stapler
[INFO] /tmp/plugin-builds/cvs/src/main/java/hudson/scm/CvsModule.java:[203,31] Generating hudson/scm/CvsModule/DescriptorImpl/doCheckTagName.stapler
[INFO] /tmp/plugin-builds/cvs/src/main/java/hudson/scm/CvsModule.java:[199,31] Generating hudson/scm/CvsModule/DescriptorImpl/doCheckBranchName.stapler
[INFO] /tmp/plugin-builds/cvs/src/main/java/hudson/scm/CvsModule.java:[172,31] Generating hudson/scm/CvsModule/DescriptorImpl/doCheckProjectsetFileName.stapler
[INFO] /tmp/plugin-builds/cvs/src/main/java/hudson/scm/cvstagging/CvsTagAction.java:[166,27] Generating hudson/scm/cvstagging/CvsTagAction/doCheckTag.stapler
[INFO] /tmp/plugin-builds/cvs/src/main/java/hudson/scm/CvsTagsParamDefinition.java:[296,31] Generating hudson/scm/CvsTagsParamDefinition/ListCvsTagsParameterDefinitionDescriptor/doCheckName.stapler
[INFO] /tmp/plugin-builds/cvs/src/main/java/hudson/scm/AbstractCvs.java: Some input files use or override a deprecated API.
[INFO] /tmp/plugin-builds/cvs/src/main/java/hudson/scm/AbstractCvs.java: Recompile with -Xlint:deprecation for details.
[INFO] /tmp/plugin-builds/cvs/src/main/java/hudson/scm/AbstractCvs.java: /tmp/plugin-builds/cvs/src/main/java/hudson/scm/AbstractCvs.java uses unchecked or unsafe operations.
[INFO] /tmp/plugin-builds/cvs/src/main/java/hudson/scm/AbstractCvs.java: Recompile with -Xlint:unchecked for details.
[INFO] 
[INFO] --- access-modifier-checker:1.35:enforce (default-enforce) @ cvs ---
[INFO] Skipping access modifier checks
[INFO] 
[INFO] --- bridge-method-injector:1.31:process (default) @ cvs ---
[INFO] 
[INFO] --- hpi:3.65:insert-test (default-insert-test) @ cvs ---
[INFO] 
[INFO] --- antrun:3.1.0:run (createTempDir) @ cvs ---
[INFO] Executing tasks
[INFO]     [mkdir] Created dir: /tmp/plugin-builds/cvs/target/tmp
[INFO] Executed tasks
[INFO] 
[INFO] --- resources:3.3.1:testResources (default-testResources) @ cvs ---
[INFO] Not copying test resources
[INFO] 
[INFO] --- compiler:3.14.0:testCompile (default-testCompile) @ cvs ---
[INFO] Not compiling test sources
[INFO] 
[INFO] --- hpi:3.65:test-hpl (default-test-hpl) @ cvs ---
[INFO] Generating /tmp/plugin-builds/cvs/target/test-classes/the.hpl
[INFO] 
[INFO] --- hpi:3.65:resolve-test-dependencies (default-resolve-test-dependencies) @ cvs ---
[INFO] 
[INFO] --- hpi:3.65:test-runtime (default-test-runtime) @ cvs ---
[INFO] Tests are skipped.
[INFO] 
[INFO] --- surefire:3.5.3:test (default-test) @ cvs ---
[INFO] Tests are skipped.
[INFO] 
[INFO] --- license:165.v7e11f4e4a_325:process (default) @ cvs ---
[INFO] 
[INFO] --- hpi:3.65:hpi (default-hpi) @ cvs ---
[INFO] Generating /tmp/plugin-builds/cvs/target/cvs/META-INF/MANIFEST.MF
[INFO] Checking for attached .jar artifact ...
[INFO] Generating jar /tmp/plugin-builds/cvs/target/cvs.jar
[INFO] Building jar: /tmp/plugin-builds/cvs/target/cvs.jar
[INFO] Exploding webapp...
[INFO] Copy webapp webResources to /tmp/plugin-builds/cvs/target/cvs
[INFO] Assembling webapp cvs in /tmp/plugin-builds/cvs/target/cvs
[WARNING] Bundling transitive dependency cglib-2.2.2.jar (via commons-digester3)
[WARNING] Bundling transitive dependency jsch-0.1.50.jar (via cvsclient)
[WARNING] Bundling transitive dependency commons-beanutils-1.9.4.jar (via commons-digester3)
[INFO] Bundling direct dependency commons-digester3-3.2.jar
[INFO] Bundling direct dependency cvsclient-71-jenkins-11.jar
[INFO] Generating hpi /tmp/plugin-builds/cvs/target/cvs.hpi
[INFO] Building jar: /tmp/plugin-builds/cvs/target/cvs.hpi
[INFO] 
[INFO] --- jar:3.4.2:test-jar (maybe-test-jar) @ cvs ---
[INFO] Skipping packaging of the test-jar
[INFO] 
[INFO] >>> spotbugs:4.9.3.0:check (spotbugs) > :spotbugs @ cvs >>>
[INFO] 
[INFO] --- spotbugs:4.9.3.0:spotbugs (spotbugs) @ cvs ---
[INFO] Skipping com.github.spotbugs:spotbugs-maven-plugin:4.9.3.0:spotbugs report goal
[INFO] 
[INFO] <<< spotbugs:4.9.3.0:check (spotbugs) < :spotbugs @ cvs <<<
[INFO] 
[INFO] 
[INFO] --- spotbugs:4.9.3.0:check (spotbugs) @ cvs ---
[INFO] Spotbugs plugin skipped
[INFO] 
[INFO] --- spotless:2.44.4:check (default) @ cvs ---
[INFO] Spotless check skipped
[INFO] 
[INFO] --- install:3.1.4:install (default-install) @ cvs ---
[INFO] Installing /tmp/plugin-builds/cvs/target/cvs-999999-SNAPSHOT.pom to /home/poddingue/.m2/repository/org/jenkins-ci/plugins/cvs/999999-SNAPSHOT/cvs-999999-SNAPSHOT.pom
[INFO] Installing /tmp/plugin-builds/cvs/target/cvs.hpi to /home/poddingue/.m2/repository/org/jenkins-ci/plugins/cvs/999999-SNAPSHOT/cvs-999999-SNAPSHOT.hpi
[INFO] Installing /tmp/plugin-builds/cvs/target/cvs.jar to /home/poddingue/.m2/repository/org/jenkins-ci/plugins/cvs/999999-SNAPSHOT/cvs-999999-SNAPSHOT.jar
[INFO] ------------------------------------------------------------------------
[INFO] BUILD SUCCESS
[INFO] ------------------------------------------------------------------------
[INFO] Total time:  7.596 s
[INFO] Finished at: 2025-06-22T18:28:47+02:00
[INFO] ------------------------------------------------------------------------
