WARNING: A restricted method in java.lang.System has been called
WARNING: java.lang.System::load has been called by org.fusesource.jansi.internal.JansiLoader in an unnamed module (file:/home/poddingue/.sdkman/candidates/maven/current/lib/jansi-2.4.1.jar)
WARNING: Use --enable-native-access=ALL-UNNAMED to avoid a warning for callers in this module
WARNING: Restricted methods will be blocked in a future release unless native access is enabled

WARNING: A terminally deprecated method in sun.misc.Unsafe has been called
WARNING: sun.misc.Unsafe::objectFieldOffset has been called by com.google.common.util.concurrent.AbstractFuture$UnsafeAtomicHelper (file:/home/poddingue/.sdkman/candidates/maven/current/lib/guava-33.2.1-jre.jar)
WARNING: Please consider reporting this to the maintainers of class com.google.common.util.concurrent.AbstractFuture$UnsafeAtomicHelper
WARNING: sun.misc.Unsafe::objectFieldOffset will be removed in a future release
[INFO] Scanning for projects...
[INFO] 
[INFO] -------------------< io.jenkins.plugins:dark-theme >--------------------
[INFO] Building Dark Theme 9999999-SNAPSHOT
[INFO]   from pom.xml
[INFO] --------------------------------[ hpi ]---------------------------------
[INFO] 
[INFO] --- clean:3.4.1:clean (default-clean) @ dark-theme ---
[INFO] 
[INFO] --- hpi:3.65:validate (default-validate) @ dark-theme ---
[INFO] Created marker file /tmp/plugin-builds/dark-theme/target/java-level/17
[INFO] 
[INFO] --- hpi:3.65:validate-hpi (default-validate-hpi) @ dark-theme ---
[INFO] 
[INFO] --- enforcer:3.5.0:enforce (display-info) @ dark-theme ---
[INFO] Rule 0: io.jenkins.tools.incrementals.enforcer.RequireExtensionVersion passed
[INFO] Rule 1: org.apache.maven.enforcer.rules.version.RequireMavenVersion passed
[INFO] Rule 2: org.apache.maven.enforcer.rules.version.RequireJavaVersion passed
[INFO] Rule 3: org.codehaus.mojo.extraenforcer.dependencies.EnforceBytecodeVersion passed
[INFO] Rule 4: org.apache.maven.enforcer.rules.dependency.BannedDependencies passed
[INFO] Rule 5: org.apache.maven.enforcer.rules.dependency.BannedDependencies passed
[INFO] Rule 6: org.apache.maven.enforcer.rules.dependency.RequireUpperBoundDeps passed
[INFO] 
[INFO] --- enforcer:3.5.0:enforce (no-snapshots-in-release) @ dark-theme ---
[INFO] Rule 0: org.apache.maven.enforcer.rules.dependency.RequireReleaseDeps passed
[INFO] 
[INFO] --- frontend:1.15.1:install-node-and-npm (install node and npm) @ dark-theme ---
[INFO] Installing node version v18.20.8
[INFO] Unpacking /home/poddingue/.m2/repository/com/github/eirslett/node/18.20.8/node-18.20.8-linux-x64.tar.gz into /tmp/plugin-builds/dark-theme/node/tmp
[INFO] Copying node binary from /tmp/plugin-builds/dark-theme/node/tmp/node-v18.20.8-linux-x64/bin/node to /tmp/plugin-builds/dark-theme/node/node
[INFO] Installed node locally.
[INFO] Installing npm version 11.4.2
[INFO] Unpacking /home/poddingue/.m2/repository/com/github/eirslett/npm/11.4.2/npm-11.4.2.tar.gz into /tmp/plugin-builds/dark-theme/node/node_modules
[INFO] Installed npm locally.
[INFO] 
[INFO] --- frontend:1.15.1:npm (npm install) @ dark-theme ---
[INFO] Running 'npm install' in /tmp/plugin-builds/dark-theme
[INFO] npm warn cli npm v11.4.2 does not support Node.js v18.20.8. This version of npm supports the following node versions: `^20.17.0 || >=22.9.0`. You can find the latest version at https://nodejs.org/.
[INFO] 
[INFO] added 28 packages, and audited 29 packages in 635ms
[INFO] 
[INFO] 16 packages are looking for funding
[INFO]   run `npm fund` for details
[INFO] 
[INFO] found 0 vulnerabilities
[INFO] 
[INFO] --- localizer:1.31:generate (default) @ dark-theme ---
[INFO] 
[INFO] --- frontend:1.15.1:npm (npm mvnbuild) @ dark-theme ---
[INFO] Running 'npm run mvnbuild' in /tmp/plugin-builds/dark-theme
[INFO] npm warn cli npm v11.4.2 does not support Node.js v18.20.8. This version of npm supports the following node versions: `^20.17.0 || >=22.9.0`. You can find the latest version at https://nodejs.org/.
[INFO] 
[INFO] > dark-theme-plugin@1.0.0 mvnbuild
[INFO] > npm run build
[INFO] 
[INFO] wslpath: /tmp/plugin-builds/dark-theme/node_modules/npm/bin/npm-cli.js
[INFO] npm warn cli npm v11.4.2 does not support Node.js v18.20.8. This version of npm supports the following node versions: `^20.17.0 || >=22.9.0`. You can find the latest version at https://nodejs.org/.
[INFO] 
[INFO] > dark-theme-plugin@1.0.0 build
[INFO] > sass src/main/frontend/main.scss src/main/webapp/theme.css
[INFO] 
[INFO] DEPRECATION WARNING [mixed-decls]: Sass's behavior for declarations that appear after nested
[INFO] rules will be changing to match the behavior specified by CSS in an upcoming
[INFO] version. To keep the existing behavior, move the declaration above the nested
[INFO] rule. To opt into the new behavior, wrap the declaration in `& {}`.
[INFO] 
[INFO] More info: https://sass-lang.com/d/mixed-decls
[INFO] 
[INFO]     ╷
[INFO] 70  │ ┌   @media (prefers-contrast: more) {
[INFO] 71  │ │     --prefers-contrast: var(--text-color);
[INFO] 72  │ │   }
[INFO]     │ └─── nested rule
[INFO] ... │
[INFO] 75  │     color-scheme: dark;
[INFO]     │     ^^^^^^^^^^^^^^^^^^ declaration
[INFO]     ╵
[INFO]     src/main/frontend/main.scss 75:3   dark-mode()
[INFO]     src/main/frontend/main.scss 119:3  root stylesheet
[INFO] 
[INFO] DEPRECATION WARNING [mixed-decls]: Sass's behavior for declarations that appear after nested
[INFO] rules will be changing to match the behavior specified by CSS in an upcoming
[INFO] version. To keep the existing behavior, move the declaration above the nested
[INFO] rule. To opt into the new behavior, wrap the declaration in `& {}`.
[INFO] 
[INFO] More info: https://sass-lang.com/d/mixed-decls
[INFO] 
[INFO]     ╷
[INFO] 70  │ ┌   @media (prefers-contrast: more) {
[INFO] 71  │ │     --prefers-contrast: var(--text-color);
[INFO] 72  │ │   }
[INFO]     │ └─── nested rule
[INFO] ... │
[INFO] 109 │       --#{$name}: #{$value};
[INFO]     │       ^^^^^^^^^^^^^^^^^^^^^ declaration
[INFO]     ╵
[INFO]     src/main/frontend/main.scss 109:5  dark-mode()
[INFO]     src/main/frontend/main.scss 119:3  root stylesheet
[INFO] 
[INFO] DEPRECATION WARNING [mixed-decls]: Sass's behavior for declarations that appear after nested
[INFO] rules will be changing to match the behavior specified by CSS in an upcoming
[INFO] version. To keep the existing behavior, move the declaration above the nested
[INFO] rule. To opt into the new behavior, wrap the declaration in `& {}`.
[INFO] 
[INFO] More info: https://sass-lang.com/d/mixed-decls
[INFO] 
[INFO]     ╷
[INFO] 86  │ ┌     @supports (not (-moz-appearance: none)) {
[INFO] 87  │ │       &::before {
[INFO] 88  │ │         border: var(--jenkins-border-width) solid var(--card-border-color);
[INFO] 89  │ │       }
[INFO] 90  │ │     }
[INFO]     │ └─── nested rule
[INFO] ... │
[INFO] 109 │       --#{$name}: #{$value};
[INFO]     │       ^^^^^^^^^^^^^^^^^^^^^ declaration
[INFO]     ╵
[INFO]     src/main/frontend/main.scss 109:5  dark-mode()
[INFO]     src/main/frontend/main.scss 119:3  root stylesheet
[INFO] 
[INFO] DEPRECATION WARNING [mixed-decls]: Sass's behavior for declarations that appear after nested
[INFO] rules will be changing to match the behavior specified by CSS in an upcoming
[INFO] version. To keep the existing behavior, move the declaration above the nested
[INFO] rule. To opt into the new behavior, wrap the declaration in `& {}`.
[INFO] 
[INFO] More info: https://sass-lang.com/d/mixed-decls
[INFO] 
[INFO]     ╷
[INFO] 70  │ ┌   @media (prefers-contrast: more) {
[INFO] 71  │ │     --prefers-contrast: var(--text-color);
[INFO] 72  │ │   }
[INFO]     │ └─── nested rule
[INFO] ... │
[INFO] 112 │         --light-#{$name}: #{color.scale($value, $lightness: 50%)};
[INFO]     │         ^^^^^^^^^^^^^^^^^^^^^^^^^^^^^^^^^^^^^^^^^^^^^^^^^^^^^^^^^ declaration
[INFO]     ╵
[INFO]     src/main/frontend/main.scss 112:7  dark-mode()
[INFO]     src/main/frontend/main.scss 119:3  root stylesheet
[INFO] 
[INFO] DEPRECATION WARNING [mixed-decls]: Sass's behavior for declarations that appear after nested
[INFO] rules will be changing to match the behavior specified by CSS in an upcoming
[INFO] version. To keep the existing behavior, move the declaration above the nested
[INFO] rule. To opt into the new behavior, wrap the declaration in `& {}`.
[INFO] 
[INFO] More info: https://sass-lang.com/d/mixed-decls
[INFO] 
[INFO]     ╷
[INFO] 86  │ ┌     @supports (not (-moz-appearance: none)) {
[INFO] 87  │ │       &::before {
[INFO] 88  │ │         border: var(--jenkins-border-width) solid var(--card-border-color);
[INFO] 89  │ │       }
[INFO] 90  │ │     }
[INFO]     │ └─── nested rule
[INFO] ... │
[INFO] 112 │         --light-#{$name}: #{color.scale($value, $lightness: 50%)};
[INFO]     │         ^^^^^^^^^^^^^^^^^^^^^^^^^^^^^^^^^^^^^^^^^^^^^^^^^^^^^^^^^ declaration
[INFO]     ╵
[INFO]     src/main/frontend/main.scss 112:7  dark-mode()
[INFO]     src/main/frontend/main.scss 119:3  root stylesheet
[INFO] 
[INFO] WARNING: 64 repetitive deprecation warnings omitted.
[INFO] Run in verbose mode to see all warnings.
[INFO] 
[INFO] 
[INFO] --- resources:3.3.1:resources (default-resources) @ dark-theme ---
[INFO] Copying 1 resource from src/main/resources to target/classes
[INFO] 
[INFO] --- flatten:1.7.0:flatten (flatten) @ dark-theme ---
[INFO] Generating flattened POM of project io.jenkins.plugins:dark-theme:hpi:9999999-SNAPSHOT...
[INFO] 
[INFO] --- compiler:3.14.0:compile (default-compile) @ dark-theme ---
[INFO] Recompiling the module because of changed source code.
[INFO] Compiling 3 source files with javac [debug parameters release 17] to target/classes
[WARNING] unknown enum constant javax.annotation.meta.When.ALWAYS
  reason: class file for javax.annotation.meta.When not found
[INFO] io.jenkins.plugins.darktheme.DarkThemeManagerFactory.DarkThemeManagerFactoryDescriptor indexed under hudson.Extension
[INFO] io.jenkins.plugins.darktheme.DarkThemeRootAction indexed under hudson.Extension
[INFO] io.jenkins.plugins.darktheme.DarkThemeSystemManagerFactory.DarkThemeSystemManagerFactoryDescriptor indexed under hudson.Extension
[INFO] /tmp/plugin-builds/dark-theme/src/main/java/io/jenkins/plugins/darktheme/DarkThemeManagerFactory.java:[20,12] Generating io/jenkins/plugins/darktheme/DarkThemeManagerFactory.stapler
[INFO] /tmp/plugin-builds/dark-theme/src/main/java/io/jenkins/plugins/darktheme/DarkThemeSystemManagerFactory.java:[16,12] Generating io/jenkins/plugins/darktheme/DarkThemeSystemManagerFactory.stapler
[WARNING] unknown enum constant javax.annotation.meta.When.ALWAYS
  reason: class file for javax.annotation.meta.When not found
[WARNING] unknown enum constant javax.annotation.meta.When.ALWAYS
  reason: class file for javax.annotation.meta.When not found
[INFO] 
[INFO] --- access-modifier-checker:1.35:enforce (default-enforce) @ dark-theme ---
[INFO] Skipping access modifier checks
[INFO] 
[INFO] --- bridge-method-injector:1.31:process (default) @ dark-theme ---
[INFO] 
[INFO] --- hpi:3.65:insert-test (default-insert-test) @ dark-theme ---
[INFO] 
[INFO] --- antrun:3.1.0:run (createTempDir) @ dark-theme ---
[INFO] Executing tasks
[INFO]     [mkdir] Created dir: /tmp/plugin-builds/dark-theme/target/tmp
[INFO] Executed tasks
[INFO] 
[INFO] --- resources:3.3.1:testResources (default-testResources) @ dark-theme ---
[INFO] Not copying test resources
[INFO] 
[INFO] --- compiler:3.14.0:testCompile (default-testCompile) @ dark-theme ---
[INFO] Not compiling test sources
[INFO] 
[INFO] --- hpi:3.65:test-hpl (default-test-hpl) @ dark-theme ---
[INFO] Generating /tmp/plugin-builds/dark-theme/target/test-classes/the.hpl
[INFO] 
[INFO] --- hpi:3.65:resolve-test-dependencies (default-resolve-test-dependencies) @ dark-theme ---
[INFO] 
[INFO] --- hpi:3.65:test-runtime (default-test-runtime) @ dark-theme ---
[INFO] Tests are skipped.
[INFO] 
[INFO] --- surefire:3.5.3:test (default-test) @ dark-theme ---
[INFO] Tests are skipped.
[INFO] 
[INFO] --- frontend:1.15.1:npm (npm mvntest) @ dark-theme ---
[INFO] Running 'npm run mvntest' in /tmp/plugin-builds/dark-theme
[INFO] npm warn cli npm v11.4.2 does not support Node.js v18.20.8. This version of npm supports the following node versions: `^20.17.0 || >=22.9.0`. You can find the latest version at https://nodejs.org/.
[INFO] 
[INFO] > dark-theme-plugin@1.0.0 mvntest
[INFO] > npm run test
[INFO] 
[INFO] wslpath: /tmp/plugin-builds/dark-theme/node_modules/npm/bin/npm-cli.js
[INFO] npm warn cli npm v11.4.2 does not support Node.js v18.20.8. This version of npm supports the following node versions: `^20.17.0 || >=22.9.0`. You can find the latest version at https://nodejs.org/.
[INFO] 
[INFO] > dark-theme-plugin@1.0.0 test
[INFO] > exit 0
[INFO] 
[INFO] 
[INFO] --- license:165.v7e11f4e4a_325:process (default) @ dark-theme ---
[INFO] 
[INFO] --- hpi:3.65:hpi (default-hpi) @ dark-theme ---
[INFO] Generating /tmp/plugin-builds/dark-theme/target/dark-theme/META-INF/MANIFEST.MF
[INFO] Checking for attached .jar artifact ...
[INFO] Generating jar /tmp/plugin-builds/dark-theme/target/dark-theme.jar
[INFO] Building jar: /tmp/plugin-builds/dark-theme/target/dark-theme.jar
[INFO] Exploding webapp...
[INFO] Copy webapp webResources to /tmp/plugin-builds/dark-theme/target/dark-theme
[INFO] Assembling webapp dark-theme in /tmp/plugin-builds/dark-theme/target/dark-theme
[INFO] Generating hpi /tmp/plugin-builds/dark-theme/target/dark-theme.hpi
[INFO] Building jar: /tmp/plugin-builds/dark-theme/target/dark-theme.hpi
[INFO] 
[INFO] --- jar:3.4.2:test-jar (maybe-test-jar) @ dark-theme ---
[INFO] Skipping packaging of the test-jar
[INFO] 
[INFO] >>> spotbugs:4.9.3.0:check (spotbugs) > :spotbugs @ dark-theme >>>
[INFO] 
[INFO] --- spotbugs:4.9.3.0:spotbugs (spotbugs) @ dark-theme ---
[INFO] Skipping com.github.spotbugs:spotbugs-maven-plugin:4.9.3.0:spotbugs report goal
[INFO] 
[INFO] <<< spotbugs:4.9.3.0:check (spotbugs) < :spotbugs @ dark-theme <<<
[INFO] 
[INFO] 
[INFO] --- spotbugs:4.9.3.0:check (spotbugs) @ dark-theme ---
[INFO] Spotbugs plugin skipped
[INFO] 
[INFO] --- spotless:2.44.4:check (default) @ dark-theme ---
[INFO] Spotless check skipped
[INFO] 
[INFO] --- install:3.1.4:install (default-install) @ dark-theme ---
[INFO] Installing /tmp/plugin-builds/dark-theme/target/dark-theme-9999999-SNAPSHOT.pom to /home/poddingue/.m2/repository/io/jenkins/plugins/dark-theme/9999999-SNAPSHOT/dark-theme-9999999-SNAPSHOT.pom
[INFO] Installing /tmp/plugin-builds/dark-theme/target/dark-theme.hpi to /home/poddingue/.m2/repository/io/jenkins/plugins/dark-theme/9999999-SNAPSHOT/dark-theme-9999999-SNAPSHOT.hpi
[INFO] Installing /tmp/plugin-builds/dark-theme/target/dark-theme.jar to /home/poddingue/.m2/repository/io/jenkins/plugins/dark-theme/9999999-SNAPSHOT/dark-theme-9999999-SNAPSHOT.jar
[INFO] ------------------------------------------------------------------------
[INFO] BUILD SUCCESS
[INFO] ------------------------------------------------------------------------
[INFO] Total time:  10.870 s
[INFO] Finished at: 2025-06-23T08:19:55+02:00
[INFO] ------------------------------------------------------------------------
