WARNING: A restricted method in java.lang.System has been called
WARNING: java.lang.System::load has been called by org.fusesource.jansi.internal.JansiLoader in an unnamed module (file:/usr/share/apache-maven-3.9.9/lib/jansi-2.4.1.jar)
WARNING: Use --enable-native-access=ALL-UNNAMED to avoid a warning for callers in this module
WARNING: Restricted methods will be blocked in a future release unless native access is enabled

WARNING: A terminally deprecated method in sun.misc.Unsafe has been called
WARNING: sun.misc.Unsafe::objectFieldOffset has been called by com.google.common.util.concurrent.AbstractFuture$UnsafeAtomicHelper (file:/usr/share/apache-maven-3.9.9/lib/guava-33.2.1-jre.jar)
WARNING: Please consider reporting this to the maintainers of class com.google.common.util.concurrent.AbstractFuture$UnsafeAtomicHelper
WARNING: sun.misc.Unsafe::objectFieldOffset will be removed in a future release
[INFO] Scanning for projects...
[INFO] Artifact org.jenkins-ci.tools:maven-hpi-plugin:pom:3.61 is present in the local repository, but cached from a remote repository ID that is unavailable in current build context, verifying that is downloadable from [incrementals (https://repo.jenkins-ci.org/incrementals/, default, releases), central (https://repo.maven.apache.org/maven2, default, releases)]
[INFO] Artifact org.jenkins-ci.tools:maven-hpi-plugin:pom:3.61 is present in the local repository, but cached from a remote repository ID that is unavailable in current build context, verifying that is downloadable from [incrementals (https://repo.jenkins-ci.org/incrementals/, default, releases), central (https://repo.maven.apache.org/maven2, default, releases)]
[WARNING] The POM for org.jenkins-ci.tools:maven-hpi-plugin:jar:3.61 is missing, no dependency information available
[INFO] Artifact org.jenkins-ci.tools:maven-hpi-plugin:jar:3.61 is present in the local repository, but cached from a remote repository ID that is unavailable in current build context, verifying that is downloadable from [incrementals (https://repo.jenkins-ci.org/incrementals/, default, releases), central (https://repo.maven.apache.org/maven2, default, releases)]
[INFO] Artifact org.jenkins-ci.tools:maven-hpi-plugin:jar:3.61 is present in the local repository, but cached from a remote repository ID that is unavailable in current build context, verifying that is downloadable from [incrementals (https://repo.jenkins-ci.org/incrementals/, default, releases), central (https://repo.maven.apache.org/maven2, default, releases)]
[WARNING] Failed to build parent project for org.jenkins-ci.plugins:dashboard-view:hpi:2.999999-SNAPSHOT
[INFO] 
[INFO] ---------------< org.jenkins-ci.plugins:dashboard-view >----------------
[INFO] Building Dashboard View 2.999999-SNAPSHOT
[INFO]   from pom.xml
[INFO] --------------------------------[ hpi ]---------------------------------
[INFO] 
[INFO] --- clean:3.4.1:clean (default-clean) @ dashboard-view ---
[INFO] 
[INFO] --- hpi:3.61:validate (default-validate) @ dashboard-view ---
[INFO] Created marker file /tmp/plugin-builds/dashboard-view/target/java-level/17
[INFO] 
[INFO] --- hpi:3.61:validate-hpi (default-validate-hpi) @ dashboard-view ---
[INFO] 
[INFO] --- enforcer:3.5.0:enforce (display-info) @ dashboard-view ---
[INFO] Rule 0: io.jenkins.tools.incrementals.enforcer.RequireExtensionVersion passed
[INFO] Rule 1: org.apache.maven.enforcer.rules.version.RequireMavenVersion passed
[INFO] Rule 2: org.apache.maven.enforcer.rules.version.RequireJavaVersion passed
[INFO] Rule 3: org.codehaus.mojo.extraenforcer.dependencies.EnforceBytecodeVersion passed
[INFO] Rule 4: org.apache.maven.enforcer.rules.dependency.BannedDependencies passed
[INFO] Rule 5: org.apache.maven.enforcer.rules.dependency.BannedDependencies passed
[INFO] Rule 6: org.apache.maven.enforcer.rules.dependency.RequireUpperBoundDeps passed
[INFO] 
[INFO] --- enforcer:3.5.0:enforce (no-snapshots-in-release) @ dashboard-view ---
[INFO] Rule 0: org.apache.maven.enforcer.rules.dependency.RequireReleaseDeps passed
[INFO] 
[INFO] --- localizer:1.31:generate (default) @ dashboard-view ---
[INFO] 
[INFO] --- resources:3.3.1:resources (default-resources) @ dashboard-view ---
[INFO] Copying 92 resources from src/main/resources to target/classes
[INFO] 
[INFO] --- flatten:1.7.0:flatten (flatten) @ dashboard-view ---
[INFO] Generating flattened POM of project org.jenkins-ci.plugins:dashboard-view:hpi:2.999999-SNAPSHOT...
[INFO] 
[INFO] --- compiler:3.14.0:compile (default-compile) @ dashboard-view ---
[INFO] Recompiling the module because of changed source code.
[INFO] Compiling 20 source files with javac [debug parameters release 17] to target/classes
[INFO] hudson.plugins.view.dashboard.Dashboard.DescriptorImpl indexed under hudson.Extension
[INFO] hudson.plugins.view.dashboard.builds.LatestBuilds.DescriptorImpl indexed under hudson.Extension
[INFO] hudson.plugins.view.dashboard.core.HudsonStdJobsPortlet.DescriptorImpl indexed under hudson.Extension
[INFO] hudson.plugins.view.dashboard.core.IframePortlet.DescriptorImpl indexed under hudson.Extension
[INFO] hudson.plugins.view.dashboard.core.ImagePortlet.DescriptorImpl indexed under hudson.Extension
[INFO] hudson.plugins.view.dashboard.core.JobsPortlet.DescriptorImpl indexed under hudson.Extension
[INFO] hudson.plugins.view.dashboard.core.UnstableJobsPortlet.DescriptorImpl indexed under hudson.Extension
[INFO] hudson.plugins.view.dashboard.stats.StatBuilds.DescriptorImpl indexed under hudson.Extension
[INFO] hudson.plugins.view.dashboard.stats.StatJobs.DescriptorImpl indexed under hudson.Extension
[INFO] hudson.plugins.view.dashboard.stats.StatSlaves.DescriptorImpl indexed under hudson.Extension
[INFO] hudson.plugins.view.dashboard.test.TestStatisticsChart.DescriptorImpl indexed under hudson.Extension
[INFO] hudson.plugins.view.dashboard.test.TestStatisticsPortlet.DescriptorImpl indexed under hudson.Extension
[INFO] hudson.plugins.view.dashboard.test.TestTrendChart.DescriptorImpl indexed under hudson.Extension
[INFO] /tmp/plugin-builds/dashboard-view/src/main/java/hudson/plugins/view/dashboard/Dashboard.java:[51,12] Generating hudson/plugins/view/dashboard/Dashboard.stapler
[INFO] /tmp/plugin-builds/dashboard-view/src/main/java/hudson/plugins/view/dashboard/builds/LatestBuilds.java:[24,12] Generating hudson/plugins/view/dashboard/builds/LatestBuilds.stapler
[INFO] /tmp/plugin-builds/dashboard-view/src/main/java/hudson/plugins/view/dashboard/core/HudsonStdJobsPortlet.java:[17,12] Generating hudson/plugins/view/dashboard/core/HudsonStdJobsPortlet.stapler
[INFO] /tmp/plugin-builds/dashboard-view/src/main/java/hudson/plugins/view/dashboard/core/IframePortlet.java:[30,12] Generating hudson/plugins/view/dashboard/core/IframePortlet.stapler
[INFO] /tmp/plugin-builds/dashboard-view/src/main/java/hudson/plugins/view/dashboard/core/ImagePortlet.java:[26,12] Generating hudson/plugins/view/dashboard/core/ImagePortlet.stapler
[INFO] /tmp/plugin-builds/dashboard-view/src/main/java/hudson/plugins/view/dashboard/core/JobsPortlet.java:[28,12] Generating hudson/plugins/view/dashboard/core/JobsPortlet.stapler
[INFO] /tmp/plugin-builds/dashboard-view/src/main/java/hudson/plugins/view/dashboard/core/UnstableJobsPortlet.java:[31,12] Generating hudson/plugins/view/dashboard/core/UnstableJobsPortlet.stapler
[INFO] /tmp/plugin-builds/dashboard-view/src/main/java/hudson/plugins/view/dashboard/stats/StatBuilds.java:[28,12] Generating hudson/plugins/view/dashboard/stats/StatBuilds.stapler
[INFO] /tmp/plugin-builds/dashboard-view/src/main/java/hudson/plugins/view/dashboard/stats/StatJobs.java:[23,12] Generating hudson/plugins/view/dashboard/stats/StatJobs.stapler
[INFO] /tmp/plugin-builds/dashboard-view/src/main/java/hudson/plugins/view/dashboard/stats/StatSlaves.java:[21,12] Generating hudson/plugins/view/dashboard/stats/StatSlaves.stapler
[INFO] /tmp/plugin-builds/dashboard-view/src/main/java/hudson/plugins/view/dashboard/test/TestStatisticsChart.java:[25,12] Generating hudson/plugins/view/dashboard/test/TestStatisticsChart.stapler
[INFO] /tmp/plugin-builds/dashboard-view/src/main/java/hudson/plugins/view/dashboard/test/TestStatisticsPortlet.java:[28,12] Generating hudson/plugins/view/dashboard/test/TestStatisticsPortlet.stapler
[INFO] /tmp/plugin-builds/dashboard-view/src/main/java/hudson/plugins/view/dashboard/test/TestTrendChart.java:[74,12] Generating hudson/plugins/view/dashboard/test/TestTrendChart.stapler
[INFO] /tmp/plugin-builds/dashboard-view/src/main/java/hudson/plugins/view/dashboard/stats/StatSlaves.java:[26,25] Generating hudson/plugins/view/dashboard/stats/StatSlaves/AgentStats.javadoc
[INFO] /tmp/plugin-builds/dashboard-view/src/main/java/hudson/plugins/view/dashboard/core/IframePortlet.java:[100,31] Generating hudson/plugins/view/dashboard/core/IframePortlet/DescriptorImpl/doCheckIframeSource.stapler
[INFO] /tmp/plugin-builds/dashboard-view/src/main/java/hudson/plugins/view/dashboard/core/ImagePortlet.java:[63,31] Generating hudson/plugins/view/dashboard/core/ImagePortlet/DescriptorImpl/doCheckImageUrl.stapler
[INFO] /tmp/plugin-builds/dashboard-view/src/main/java/hudson/plugins/view/dashboard/stats/StatSlaves.java: /tmp/plugin-builds/dashboard-view/src/main/java/hudson/plugins/view/dashboard/stats/StatSlaves.java uses or overrides a deprecated API.
[INFO] /tmp/plugin-builds/dashboard-view/src/main/java/hudson/plugins/view/dashboard/stats/StatSlaves.java: Recompile with -Xlint:deprecation for details.
[INFO] /tmp/plugin-builds/dashboard-view/src/main/java/hudson/plugins/view/dashboard/DashboardPortlet.java: Some input files use unchecked or unsafe operations.
[INFO] /tmp/plugin-builds/dashboard-view/src/main/java/hudson/plugins/view/dashboard/DashboardPortlet.java: Recompile with -Xlint:unchecked for details.
[INFO] 
[INFO] --- access-modifier-checker:1.34:enforce (default-enforce) @ dashboard-view ---
[INFO] Skipping access modifier checks
[INFO] 
[INFO] --- hpi:3.61:insert-test (default-insert-test) @ dashboard-view ---
[INFO] 
[INFO] --- antrun:3.1.0:run (createTempDir) @ dashboard-view ---
[INFO] Executing tasks
[INFO]     [mkdir] Created dir: /tmp/plugin-builds/dashboard-view/target/tmp
[INFO] Executed tasks
[INFO] 
[INFO] --- resources:3.3.1:testResources (default-testResources) @ dashboard-view ---
[INFO] Not copying test resources
[INFO] 
[INFO] --- compiler:3.14.0:testCompile (default-testCompile) @ dashboard-view ---
[INFO] Not compiling test sources
[INFO] 
[INFO] --- hpi:3.61:test-hpl (default-test-hpl) @ dashboard-view ---
[INFO] Generating /tmp/plugin-builds/dashboard-view/target/test-classes/the.hpl
[INFO] 
[INFO] --- hpi:3.61:resolve-test-dependencies (default-resolve-test-dependencies) @ dashboard-view ---
[INFO] 
[INFO] --- hpi:3.61:test-runtime (default-test-runtime) @ dashboard-view ---
[INFO] Tests are skipped.
[INFO] 
[INFO] --- surefire:3.5.2:test (default-test) @ dashboard-view ---
[INFO] Tests are skipped.
[INFO] 
[INFO] --- surefire:3.5.2:test (without-optional-test) @ dashboard-view ---
[INFO] Tests are skipped.
[INFO] 
[INFO] --- license:165.v7e11f4e4a_325:process (default) @ dashboard-view ---
[INFO] 
[INFO] --- hpi:3.61:hpi (default-hpi) @ dashboard-view ---
[INFO] Generating /tmp/plugin-builds/dashboard-view/target/dashboard-view/META-INF/MANIFEST.MF
[INFO] Checking for attached .jar artifact ...
[INFO] Generating jar /tmp/plugin-builds/dashboard-view/target/dashboard-view.jar
[INFO] Building jar: /tmp/plugin-builds/dashboard-view/target/dashboard-view.jar
[INFO] Exploding webapp...
[INFO] Copy webapp webResources to /tmp/plugin-builds/dashboard-view/target/dashboard-view
[INFO] Assembling webapp dashboard-view in /tmp/plugin-builds/dashboard-view/target/dashboard-view
[INFO] Generating hpi /tmp/plugin-builds/dashboard-view/target/dashboard-view.hpi
[INFO] Building jar: /tmp/plugin-builds/dashboard-view/target/dashboard-view.hpi
[INFO] 
[INFO] --- jar:3.4.2:test-jar (maybe-test-jar) @ dashboard-view ---
[INFO] Skipping packaging of the test-jar
[INFO] 
[INFO] >>> spotbugs:4.9.2.0:check (spotbugs) > :spotbugs @ dashboard-view >>>
[INFO] 
[INFO] --- spotbugs:4.9.2.0:spotbugs (spotbugs) @ dashboard-view ---
[INFO] Skipping com.github.spotbugs:spotbugs-maven-plugin:4.9.2.0:spotbugs report goal
[INFO] 
[INFO] <<< spotbugs:4.9.2.0:check (spotbugs) < :spotbugs @ dashboard-view <<<
[INFO] 
[INFO] 
[INFO] --- spotbugs:4.9.2.0:check (spotbugs) @ dashboard-view ---
[INFO] Spotbugs plugin skipped
[INFO] 
[INFO] --- spotless:2.44.3:check (default) @ dashboard-view ---
[INFO] Spotless check skipped
[INFO] 
[INFO] --- install:3.1.4:install (default-install) @ dashboard-view ---
[INFO] Installing /tmp/plugin-builds/dashboard-view/target/dashboard-view-2.999999-SNAPSHOT.pom to /home/runner/.m2/repository/org/jenkins-ci/plugins/dashboard-view/2.999999-SNAPSHOT/dashboard-view-2.999999-SNAPSHOT.pom
[INFO] Installing /tmp/plugin-builds/dashboard-view/target/dashboard-view.hpi to /home/runner/.m2/repository/org/jenkins-ci/plugins/dashboard-view/2.999999-SNAPSHOT/dashboard-view-2.999999-SNAPSHOT.hpi
[INFO] Installing /tmp/plugin-builds/dashboard-view/target/dashboard-view.jar to /home/runner/.m2/repository/org/jenkins-ci/plugins/dashboard-view/2.999999-SNAPSHOT/dashboard-view-2.999999-SNAPSHOT.jar
[INFO] ------------------------------------------------------------------------
[INFO] BUILD SUCCESS
[INFO] ------------------------------------------------------------------------
[INFO] Total time:  8.175 s
[INFO] Finished at: 2025-06-24T02:47:13Z
[INFO] ------------------------------------------------------------------------
