WARNING: A restricted method in java.lang.System has been called
WARNING: java.lang.System::load has been called by org.fusesource.jansi.internal.JansiLoader in an unnamed module (file:/home/poddingue/.sdkman/candidates/maven/current/lib/jansi-2.4.1.jar)
WARNING: Use --enable-native-access=ALL-UNNAMED to avoid a warning for callers in this module
WARNING: Restricted methods will be blocked in a future release unless native access is enabled

WARNING: A terminally deprecated method in sun.misc.Unsafe has been called
WARNING: sun.misc.Unsafe::objectFieldOffset has been called by com.google.common.util.concurrent.AbstractFuture$UnsafeAtomicHelper (file:/home/poddingue/.sdkman/candidates/maven/current/lib/guava-33.2.1-jre.jar)
WARNING: Please consider reporting this to the maintainers of class com.google.common.util.concurrent.AbstractFuture$UnsafeAtomicHelper
WARNING: sun.misc.Unsafe::objectFieldOffset will be removed in a future release
[INFO] Scanning for projects...
[INFO] 
[INFO] -----------------< io.jenkins.plugins:data-tables-api >-----------------
[INFO] Building DataTables.net API Plugin 2.2.2-2-SNAPSHOT
[INFO]   from pom.xml
[INFO] --------------------------------[ hpi ]---------------------------------
[INFO] 
[INFO] --- clean:3.4.1:clean (default-clean) @ data-tables-api ---
[INFO] Deleting /tmp/plugin-builds/data-tables-api (includes = [package-lock.json], excludes = [])
[INFO] 
[INFO] --- hpi:3.61:validate (default-validate) @ data-tables-api ---
[INFO] Created marker file /tmp/plugin-builds/data-tables-api/target/java-level/17
[INFO] 
[INFO] --- hpi:3.61:validate-hpi (default-validate-hpi) @ data-tables-api ---
[INFO] 
[INFO] --- enforcer:3.5.0:enforce (display-info) @ data-tables-api ---
[INFO] Rule 0: org.apache.maven.enforcer.rules.dependency.RequireUpperBoundDeps passed
[INFO] Rule 1: io.jenkins.tools.incrementals.enforcer.RequireExtensionVersion passed
[INFO] Rule 2: org.apache.maven.enforcer.rules.version.RequireMavenVersion passed
[INFO] Rule 3: org.apache.maven.enforcer.rules.version.RequireJavaVersion passed
[INFO] Rule 4: org.codehaus.mojo.extraenforcer.dependencies.EnforceBytecodeVersion passed
[INFO] Rule 5: org.apache.maven.enforcer.rules.dependency.BannedDependencies passed
[INFO] Rule 6: org.apache.maven.enforcer.rules.dependency.BannedDependencies passed
[INFO] 
[INFO] --- enforcer:3.5.0:enforce (no-snapshots-in-release) @ data-tables-api ---
[INFO] Rule 0: org.apache.maven.enforcer.rules.dependency.RequireReleaseDeps passed
[INFO] 
[INFO] --- frontend:1.15.1:install-node-and-npm (install node and npm) @ data-tables-api ---
[INFO] Installing node version v22.13.1
[INFO] Unpacking /home/poddingue/.m2/repository/com/github/eirslett/node/22.13.1/node-22.13.1-linux-x64.tar.gz into /tmp/plugin-builds/data-tables-api/node/tmp
[INFO] Copying node binary from /tmp/plugin-builds/data-tables-api/node/tmp/node-v22.13.1-linux-x64/bin/node to /tmp/plugin-builds/data-tables-api/node/node
[INFO] Installed node locally.
[INFO] Installing npm version 10.9.2
[INFO] Unpacking /home/poddingue/.m2/repository/com/github/eirslett/npm/10.9.2/npm-10.9.2.tar.gz into /tmp/plugin-builds/data-tables-api/node/node_modules
[INFO] Installed npm locally.
[INFO] 
[INFO] --- frontend:1.15.1:npm (npm install) @ data-tables-api ---
[INFO] Running 'npm install' in /tmp/plugin-builds/data-tables-api
[INFO] 
[INFO] added 239 packages, and audited 240 packages in 10s
[INFO] 
[INFO] 113 packages are looking for funding
[INFO]   run `npm fund` for details
[INFO] 
[INFO] found 0 vulnerabilities
[INFO] 
[INFO] --- localizer:1.31:generate (default) @ data-tables-api ---
[INFO] 
[INFO] --- frontend:1.15.1:npm (npm mvnbuild) @ data-tables-api ---
[INFO] Running 'npm run mvnbuild' in /tmp/plugin-builds/data-tables-api
[INFO] 
[INFO] >>> javadoc:3.11.2:javadoc (default) > generate-sources @ data-tables-api >>>
[INFO] 
[INFO] --- hpi:3.61:validate (default-validate) @ data-tables-api ---
[INFO] 
[INFO] --- hpi:3.61:validate-hpi (default-validate-hpi) @ data-tables-api ---
[INFO] 
[INFO] --- enforcer:3.5.0:enforce (display-info) @ data-tables-api ---
[INFO] Rule 0: org.apache.maven.enforcer.rules.dependency.RequireUpperBoundDeps passed
[INFO] Rule 4: org.codehaus.mojo.extraenforcer.dependencies.EnforceBytecodeVersion passed
[INFO] Rule 5: org.apache.maven.enforcer.rules.dependency.BannedDependencies passed
[INFO] Rule 6: org.apache.maven.enforcer.rules.dependency.BannedDependencies passed
[INFO] 
[INFO] --- enforcer:3.5.0:enforce (no-snapshots-in-release) @ data-tables-api ---
[INFO] Rule 0: org.apache.maven.enforcer.rules.dependency.RequireReleaseDeps passed
[INFO] 
[INFO] --- frontend:1.15.1:install-node-and-npm (install node and npm) @ data-tables-api ---
[INFO] Node v22.13.1 is already installed.
[INFO] NPM 10.9.2 is already installed.
[INFO] 
[INFO] --- frontend:1.15.1:npm (npm install) @ data-tables-api ---
[INFO] Running 'npm install' in /tmp/plugin-builds/data-tables-api
[INFO] 
[INFO] up to date, audited 240 packages in 719ms
[INFO] 
[INFO] 113 packages are looking for funding
[INFO]   run `npm fund` for details
[INFO] 
[INFO] found 0 vulnerabilities
[INFO] 
[INFO] --- localizer:1.31:generate (default) @ data-tables-api ---
[INFO] 
[INFO] --- frontend:1.15.1:npm (npm mvnbuild) @ data-tables-api ---
[INFO] Running 'npm run mvnbuild' in /tmp/plugin-builds/data-tables-api
[INFO] 
[INFO] <<< javadoc:3.11.2:javadoc (default) < generate-sources @ data-tables-api <<<
[INFO] 
[INFO] 
[INFO] --- javadoc:3.11.2:javadoc (default) @ data-tables-api ---
[INFO] Skipping org.apache.maven.plugins:maven-javadoc-plugin:3.11.2:javadoc report goal
[INFO] 
[INFO] --- resources:3.3.1:resources (default-resources) @ data-tables-api ---
[INFO] Copying 9 resources from src/main/resources to target/classes
[INFO] 
[INFO] --- resources:3.3.1:copy-resources (copy-js-resources) @ data-tables-api ---
[INFO] Copying 4 resources from node_modules/luxon/build/global to target/data-tables-api/js
[INFO] Copying 2 resources from node_modules/datatables.net/js to target/data-tables-api/js
[INFO] Copying 2 resources from node_modules/datatables.net-bs5/js to target/data-tables-api/js
[INFO] Copying 8 resources from node_modules/datatables.net-buttons/js to target/data-tables-api/js
[INFO] Copying 2 resources from node_modules/datatables.net-buttons-bs5/js to target/data-tables-api/js
[INFO] Copying 2 resources from node_modules/datatables.net-colreorder/js to target/data-tables-api/js
[INFO] Copying 2 resources from node_modules/datatables.net-colreorder-bs5/js to target/data-tables-api/js
[INFO] Copying 2 resources from node_modules/datatables.net-responsive/js to target/data-tables-api/js
[INFO] Copying 2 resources from node_modules/datatables.net-responsive-bs5/js to target/data-tables-api/js
[INFO] Copying 2 resources from node_modules/datatables.net-select/js to target/data-tables-api/js
[INFO] Copying 2 resources from node_modules/datatables.net-select-bs5/js to target/data-tables-api/js
[INFO] Copying 2 resources from node_modules/datatables.mark.js/dist to target/data-tables-api/js
[INFO] Copying 4 resources from node_modules/mark.js/dist to target/data-tables-api/js
[INFO] 
[INFO] --- resources:3.3.1:copy-resources (copy-css-resources) @ data-tables-api ---
[INFO] Copying 2 resources from node_modules/datatables.net-bs5/css to target/data-tables-api/css
[INFO] Copying 2 resources from node_modules/datatables.net-buttons-bs5/css to target/data-tables-api/css
[INFO] Copying 2 resources from node_modules/datatables.net-colreorder-bs5/css to target/data-tables-api/css
[INFO] Copying 2 resources from node_modules/datatables.net-responsive-bs5/css to target/data-tables-api/css
[INFO] Copying 2 resources from node_modules/datatables.net-select-bs5/css to target/data-tables-api/css
[INFO] 
[INFO] --- flatten:1.7.0:flatten (flatten) @ data-tables-api ---
[INFO] Generating flattened POM of project io.jenkins.plugins:data-tables-api:hpi:2.2.2-2-SNAPSHOT...
[INFO] 
[INFO] --- compiler:3.14.0:compile (default-compile) @ data-tables-api ---
[INFO] Recompiling the module because of changed source code.
[INFO] Compiling 6 source files with javac [debug parameters release 17] to target/classes
[INFO] 
[INFO] --- access-modifier-checker:1.34:enforce (default-enforce) @ data-tables-api ---
[INFO] Skipping access modifier checks
[INFO] 
[INFO] --- hpi:3.61:insert-test (default-insert-test) @ data-tables-api ---
[INFO] 
[INFO] --- assertj:2.2.0:generate-assertions (default) @ data-tables-api ---
[INFO] 
[INFO] --- antrun:3.1.0:run (createTempDir) @ data-tables-api ---
[INFO] Executing tasks
[INFO]     [mkdir] Created dir: /tmp/plugin-builds/data-tables-api/target/tmp
[INFO] Executed tasks
[INFO] 
[INFO] --- resources:3.3.1:testResources (default-testResources) @ data-tables-api ---
[INFO] Not copying test resources
[INFO] 
[INFO] --- compiler:3.14.0:testCompile (default-testCompile) @ data-tables-api ---
[INFO] Not compiling test sources
[INFO] 
[INFO] --- hpi:3.61:test-hpl (default-test-hpl) @ data-tables-api ---
[INFO] Generating /tmp/plugin-builds/data-tables-api/target/test-classes/the.hpl
[INFO] 
[INFO] --- hpi:3.61:resolve-test-dependencies (default-resolve-test-dependencies) @ data-tables-api ---
[INFO] 
[INFO] --- hpi:3.61:test-runtime (default-test-runtime) @ data-tables-api ---
[INFO] Tests are skipped.
[INFO] 
[INFO] --- jacoco:0.8.12:prepare-agent (default) @ data-tables-api ---
[INFO] argLine set to -javaagent:/home/poddingue/.m2/repository/org/jacoco/org.jacoco.agent/0.8.12/org.jacoco.agent-0.8.12-runtime.jar=destfile=/tmp/plugin-builds/data-tables-api/target/jacoco.exec,includes=io/jenkins/plugins/**/* -Xms768M -Xmx768M -XX:+HeapDumpOnOutOfMemoryError -XX:+TieredCompilation -XX:TieredStopAtLevel=1 @{jenkins.addOpens} @{jenkins.insaneHook}
[INFO] 
[INFO] --- surefire:3.5.2:test (default-test) @ data-tables-api ---
[INFO] Tests are skipped.
[INFO] 
[INFO] --- frontend:1.15.1:npm (npm mvntest) @ data-tables-api ---
[INFO] Running 'npm run mvntest' in /tmp/plugin-builds/data-tables-api
[INFO] 
[INFO] --- license:165.v7e11f4e4a_325:process (default) @ data-tables-api ---
[INFO] 
[INFO] --- hpi:3.61:hpi (default-hpi) @ data-tables-api ---
[INFO] Generating /tmp/plugin-builds/data-tables-api/target/data-tables-api/META-INF/MANIFEST.MF
[INFO] Checking for attached .jar artifact ...
[INFO] Generating jar /tmp/plugin-builds/data-tables-api/target/data-tables-api.jar
[INFO] Building jar: /tmp/plugin-builds/data-tables-api/target/data-tables-api.jar
[INFO] Exploding webapp...
[INFO] Copy webapp webResources to /tmp/plugin-builds/data-tables-api/target/data-tables-api
[INFO] Assembling webapp data-tables-api in /tmp/plugin-builds/data-tables-api/target/data-tables-api
[INFO] Generating hpi /tmp/plugin-builds/data-tables-api/target/data-tables-api.hpi
[INFO] Building jar: /tmp/plugin-builds/data-tables-api/target/data-tables-api.hpi
[INFO] 
[INFO] --- jar:3.4.2:test-jar (maybe-test-jar) @ data-tables-api ---
[INFO] Skipping packaging of the test-jar
[INFO] 
[INFO] --- jar:3.4.2:test-jar (default) @ data-tables-api ---
[INFO] Skipping packaging of the test-jar
[INFO] 
[INFO] --- failsafe:3.5.2:integration-test (default) @ data-tables-api ---
[INFO] Tests are skipped.
[INFO] 
[INFO] --- pmd:3.26.0:pmd (run-pmd-java) @ data-tables-api ---
[INFO] Skipping org.apache.maven.plugins:maven-pmd-plugin:3.26.0:pmd report goal
[INFO] 
[INFO] >>> pmd:3.26.0:check (run-pmd-java) > :pmd @ data-tables-api >>>
[INFO] 
[INFO] --- pmd:3.26.0:pmd (pmd) @ data-tables-api ---
[INFO] Skipping org.apache.maven.plugins:maven-pmd-plugin:3.26.0:pmd report goal
[INFO] 
[INFO] <<< pmd:3.26.0:check (run-pmd-java) < :pmd @ data-tables-api <<<
[INFO] 
[INFO] 
[INFO] --- pmd:3.26.0:check (run-pmd-java) @ data-tables-api ---
[INFO] Skipping PMD execution
[INFO] 
[INFO] --- pmd:3.26.0:cpd (run-pmd-java) @ data-tables-api ---
[INFO] Skipping org.apache.maven.plugins:maven-pmd-plugin:3.26.0:cpd report goal
[INFO] 
[INFO] --- pmd:3.26.0:pmd (run-pmd-tests) @ data-tables-api ---
[INFO] Skipping org.apache.maven.plugins:maven-pmd-plugin:3.26.0:pmd report goal
[INFO] 
[INFO] >>> pmd:3.26.0:check (run-pmd-tests) > :pmd @ data-tables-api >>>
[INFO] 
[INFO] --- pmd:3.26.0:pmd (pmd) @ data-tables-api ---
[INFO] Skipping org.apache.maven.plugins:maven-pmd-plugin:3.26.0:pmd report goal
[INFO] 
[INFO] <<< pmd:3.26.0:check (run-pmd-tests) < :pmd @ data-tables-api <<<
[INFO] 
[INFO] 
[INFO] --- pmd:3.26.0:check (run-pmd-tests) @ data-tables-api ---
[INFO] Skipping PMD execution
[INFO] 
[INFO] --- pmd:3.26.0:cpd (run-pmd-tests) @ data-tables-api ---
[INFO] Skipping org.apache.maven.plugins:maven-pmd-plugin:3.26.0:cpd report goal
[INFO] 
[INFO] --- pmd:3.26.0:pmd (run-pmd-javascript) @ data-tables-api ---
[INFO] Skipping org.apache.maven.plugins:maven-pmd-plugin:3.26.0:pmd report goal
[INFO] 
[INFO] >>> pmd:3.26.0:check (run-pmd-javascript) > :pmd @ data-tables-api >>>
[INFO] 
[INFO] --- pmd:3.26.0:pmd (pmd) @ data-tables-api ---
[INFO] Skipping org.apache.maven.plugins:maven-pmd-plugin:3.26.0:pmd report goal
[INFO] 
[INFO] <<< pmd:3.26.0:check (run-pmd-javascript) < :pmd @ data-tables-api <<<
[INFO] 
[INFO] 
[INFO] --- pmd:3.26.0:check (run-pmd-javascript) @ data-tables-api ---
[INFO] Skipping PMD execution
[INFO] 
[INFO] --- pmd:3.26.0:pmd (run-pmd-metrics) @ data-tables-api ---
[INFO] Skipping org.apache.maven.plugins:maven-pmd-plugin:3.26.0:pmd report goal
[INFO] 
[INFO] --- checkstyle:3.6.0:check (run-checkstyle-java) @ data-tables-api ---
[INFO] 
[INFO] --- checkstyle:3.6.0:check (run-checkstyle-tests) @ data-tables-api ---
[INFO] 
[INFO] >>> spotbugs:4.8.6.6:check (spotbugs) > :spotbugs @ data-tables-api >>>
[INFO] 
[INFO] --- spotbugs:4.8.6.6:spotbugs (spotbugs) @ data-tables-api ---
[INFO] 
[INFO] <<< spotbugs:4.8.6.6:check (spotbugs) < :spotbugs @ data-tables-api <<<
[INFO] 
[INFO] 
[INFO] --- spotbugs:4.8.6.6:check (spotbugs) @ data-tables-api ---
[INFO] Spotbugs plugin skipped
[INFO] 
[INFO] --- spotless:2.44.3:check (default) @ data-tables-api ---
[INFO] Spotless check skipped
[INFO] 
[INFO] --- failsafe:3.5.2:verify (default) @ data-tables-api ---
[INFO] Tests are skipped.
[INFO] 
[INFO] --- jacoco:0.8.12:report (report) @ data-tables-api ---
[INFO] Skipping JaCoCo execution due to missing execution data file.
[INFO] 
[INFO] --- revapi:0.15.0:check (run-revapi) @ data-tables-api ---
[WARNING] 1 problem was encountered while building the effective model for org.jboss:jboss-dmr:jar:1.2.0.Final during dependency collection step for plugin (use -X to see details)
[INFO] Skipping execution
[INFO] 
[INFO] --- install:3.1.4:install (default-install) @ data-tables-api ---
[INFO] Installing /tmp/plugin-builds/data-tables-api/target/data-tables-api-2.2.2-2-SNAPSHOT.pom to /home/poddingue/.m2/repository/io/jenkins/plugins/data-tables-api/2.2.2-2-SNAPSHOT/data-tables-api-2.2.2-2-SNAPSHOT.pom
[INFO] Installing /tmp/plugin-builds/data-tables-api/target/data-tables-api.hpi to /home/poddingue/.m2/repository/io/jenkins/plugins/data-tables-api/2.2.2-2-SNAPSHOT/data-tables-api-2.2.2-2-SNAPSHOT.hpi
[INFO] Installing /tmp/plugin-builds/data-tables-api/target/data-tables-api.jar to /home/poddingue/.m2/repository/io/jenkins/plugins/data-tables-api/2.2.2-2-SNAPSHOT/data-tables-api-2.2.2-2-SNAPSHOT.jar
[INFO] ------------------------------------------------------------------------
[INFO] BUILD SUCCESS
[INFO] ------------------------------------------------------------------------
[INFO] Total time:  26.563 s
[INFO] Finished at: 2025-06-22T17:31:53+02:00
[INFO] ------------------------------------------------------------------------
