WARNING: A terminally deprecated method in sun.misc.Unsafe has been called
WARNING: sun.misc.Unsafe::staticFieldBase has been called by com.google.inject.internal.aop.HiddenClassDefiner (file:/usr/share/apache-maven-3.9.11/lib/guice-5.1.0-classes.jar)
WARNING: Please consider reporting this to the maintainers of class com.google.inject.internal.aop.HiddenClassDefiner
WARNING: sun.misc.Unsafe::staticFieldBase will be removed in a future release
[INFO] Scanning for projects...
[INFO] Artifact org.jenkins-ci.tools:maven-hpi-plugin:pom:3.1762.vd3ff902a_5b_c4 is present in the local repository, but cached from a remote repository ID that is unavailable in current build context, verifying that is downloadable from [incrementals (https://repo.jenkins-ci.org/incrementals/, default, releases), central (https://repo.maven.apache.org/maven2, default, releases)]
[INFO] Artifact org.jenkins-ci.tools:maven-hpi-plugin:pom:3.1762.vd3ff902a_5b_c4 is present in the local repository, but cached from a remote repository ID that is unavailable in current build context, verifying that is downloadable from [incrementals (https://repo.jenkins-ci.org/incrementals/, default, releases), central (https://repo.maven.apache.org/maven2, default, releases)]
[WARNING] The POM for org.jenkins-ci.tools:maven-hpi-plugin:jar:3.1762.vd3ff902a_5b_c4 is missing, no dependency information available
[INFO] Artifact org.jenkins-ci.tools:maven-hpi-plugin:jar:3.1762.vd3ff902a_5b_c4 is present in the local repository, but cached from a remote repository ID that is unavailable in current build context, verifying that is downloadable from [incrementals (https://repo.jenkins-ci.org/incrementals/, default, releases), central (https://repo.maven.apache.org/maven2, default, releases)]
[INFO] Artifact org.jenkins-ci.tools:maven-hpi-plugin:jar:3.1762.vd3ff902a_5b_c4 is present in the local repository, but cached from a remote repository ID that is unavailable in current build context, verifying that is downloadable from [incrementals (https://repo.jenkins-ci.org/incrementals/, default, releases), central (https://repo.maven.apache.org/maven2, default, releases)]
[WARNING] Failed to build parent project for org.jenkins-ci.plugins:docker-java-api:hpi:3.7.0-999999-SNAPSHOT
[INFO] 
[INFO] ---------------< org.jenkins-ci.plugins:docker-java-api >---------------
[INFO] Building Docker API Plugin 3.7.0-999999-SNAPSHOT
[INFO]   from pom.xml
[INFO] --------------------------------[ hpi ]---------------------------------
[INFO] 
[INFO] --- clean:3.5.0:clean (default-clean) @ docker-java-api ---
[INFO] 
[INFO] --- hpi:3.1762.vd3ff902a_5b_c4:validate (default-validate) @ docker-java-api ---
[INFO] Created marker file /tmp/plugin-builds/docker-java-api/target/java-level/17
[INFO] 
[INFO] --- hpi:3.1762.vd3ff902a_5b_c4:validate-hpi (default-validate-hpi) @ docker-java-api ---
[INFO] 
[INFO] --- enforcer:3.6.2:enforce (display-info) @ docker-java-api ---
[INFO] Rule 0: io.jenkins.tools.incrementals.enforcer.RequireExtensionVersion passed
[INFO] Rule 1: org.apache.maven.enforcer.rules.version.RequireMavenVersion passed
[INFO] Rule 2: org.apache.maven.enforcer.rules.version.RequireJavaVersion passed
[INFO] Rule 3: org.apache.maven.enforcer.rules.RequirePluginVersions passed
[INFO] Rule 4: org.codehaus.mojo.extraenforcer.dependencies.EnforceBytecodeVersion passed
[INFO] Rule 5: org.apache.maven.enforcer.rules.dependency.BannedDependencies passed
[INFO] Rule 6: org.apache.maven.enforcer.rules.dependency.BannedDependencies passed
[INFO] Rule 7: org.apache.maven.enforcer.rules.dependency.RequireUpperBoundDeps passed
[INFO] 
[INFO] --- enforcer:3.6.2:enforce (no-snapshots-in-release) @ docker-java-api ---
[INFO] Rule 0: org.apache.maven.enforcer.rules.dependency.RequireReleaseDeps passed
[INFO] 
[INFO] --- localizer:1.31:generate (default) @ docker-java-api ---
[INFO] 
[INFO] --- enforcer:3.6.2:enforce (check-junit-imports) @ docker-java-api ---
[INFO] Rule 0: org.apache.maven.plugins.enforcer.RestrictImports passed
[INFO] 
[INFO] --- resources:3.3.1:resources (default-resources) @ docker-java-api ---
[INFO] Copying 1 resource from src/main/resources to target/classes
[INFO] 
[INFO] --- flatten:1.7.3:flatten (flatten) @ docker-java-api ---
[INFO] Generating flattened POM of project org.jenkins-ci.plugins:docker-java-api:hpi:3.7.0-999999-SNAPSHOT...
[INFO] 
[INFO] --- compiler:3.14.1:compile (default-compile) @ docker-java-api ---
[INFO] Recompiling the module because of changed source code.
[INFO] Compiling 1 source file with javac [debug parameters release 17] to target/classes
[INFO] 
[INFO] --- access-modifier-checker:1.35:enforce (default-enforce) @ docker-java-api ---
[INFO] 
[INFO] --- bridge-method-injector:1.32:process (default) @ docker-java-api ---
[INFO] 
[INFO] --- hpi:3.1762.vd3ff902a_5b_c4:insert-test (default-insert-test) @ docker-java-api ---
[INFO] 
[INFO] --- antrun:3.2.0:run (createTempDir) @ docker-java-api ---
[INFO] Executing tasks
[INFO]     [mkdir] Created dir: /tmp/plugin-builds/docker-java-api/target/tmp
[INFO] Executed tasks
[INFO] 
[INFO] --- resources:3.3.1:testResources (default-testResources) @ docker-java-api ---
[INFO] Not copying test resources
[INFO] 
[INFO] --- compiler:3.14.1:testCompile (default-testCompile) @ docker-java-api ---
[INFO] Not compiling test sources
[INFO] 
[INFO] --- hpi:3.1762.vd3ff902a_5b_c4:test-hpl (default-test-hpl) @ docker-java-api ---
[INFO] Generating /tmp/plugin-builds/docker-java-api/target/test-classes/the.hpl
[INFO] 
[INFO] --- hpi:3.1762.vd3ff902a_5b_c4:resolve-test-dependencies (default-resolve-test-dependencies) @ docker-java-api ---
[INFO] 
[INFO] --- hpi:3.1762.vd3ff902a_5b_c4:test-runtime (default-test-runtime) @ docker-java-api ---
[INFO] Tests are skipped.
[INFO] 
[INFO] --- surefire:3.5.4:test (default-test) @ docker-java-api ---
[INFO] Tests are skipped.
[INFO] 
[INFO] --- license:184.v19c87b_6b_a_9a_c:process (default) @ docker-java-api ---
[INFO] Generated /tmp/plugin-builds/docker-java-api/target/docker-java-api/WEB-INF/licenses.xml
[INFO] 
[INFO] --- hpi:3.1762.vd3ff902a_5b_c4:hpi (default-hpi) @ docker-java-api ---
[INFO] Generating /tmp/plugin-builds/docker-java-api/target/docker-java-api/META-INF/MANIFEST.MF
[INFO] Checking for attached .jar artifact ...
[INFO] Generating jar /tmp/plugin-builds/docker-java-api/target/docker-java-api.jar
[INFO] Building jar: /tmp/plugin-builds/docker-java-api/target/docker-java-api.jar
[INFO] Exploding webapp...
[INFO] Copy webapp webResources to /tmp/plugin-builds/docker-java-api/target/docker-java-api
[INFO] Assembling webapp docker-java-api in /tmp/plugin-builds/docker-java-api/target/docker-java-api
[INFO] Bundling transitive dependency docker-java-api-3.7.0.jar (via docker-java)
[INFO] Bundling transitive dependency docker-java-core-3.7.0.jar (via docker-java)
[INFO] Bundling direct dependency docker-java-transport-httpclient5-3.7.0.jar
[INFO] Bundling transitive dependency docker-java-transport-3.7.0.jar (via docker-java-transport-httpclient5)
[INFO] Bundling direct dependency docker-java-3.7.0.jar
[INFO] Generating hpi /tmp/plugin-builds/docker-java-api/target/docker-java-api.hpi
[INFO] Building jar: /tmp/plugin-builds/docker-java-api/target/docker-java-api.hpi
[INFO] 
[INFO] --- jar:3.4.2:test-jar (maybe-test-jar) @ docker-java-api ---
[INFO] Skipping packaging of the test-jar
[INFO] 
[INFO] >>> spotbugs:4.9.8.1:check (spotbugs) > :spotbugs @ docker-java-api >>>
[INFO] 
[INFO] --- spotbugs:4.9.8.1:spotbugs (spotbugs) @ docker-java-api ---
[INFO] Fork Value is true
[INFO] Done SpotBugs Analysis....
[INFO] Skipping com.github.spotbugs:spotbugs-maven-plugin:4.9.8.1:spotbugs report goal
[INFO] 
[INFO] <<< spotbugs:4.9.8.1:check (spotbugs) < :spotbugs @ docker-java-api <<<
[INFO] 
[INFO] 
[INFO] --- spotbugs:4.9.8.1:check (spotbugs) @ docker-java-api ---
[INFO] BugInstance size is 0
[INFO] Error size is 0
[INFO] No errors/warnings found
[INFO] 
[INFO] --- spotless:3.0.0:check (default) @ docker-java-api ---
[INFO] Index file does not exist. Fallback to an empty index
[INFO] Spotless.Java is keeping 2 files clean - 0 needs changes to be clean, 2 were already clean, 0 were skipped because caching determined they were already clean
[INFO] Sorting file /tmp/pom13226269007141240250.xml
[INFO] Pom file is already sorted, exiting
[INFO] Spotless.Pom is keeping 1 files clean - 0 needs changes to be clean, 1 were already clean, 0 were skipped because caching determined they were already clean
[INFO] 
[INFO] --- install:3.1.4:install (default-install) @ docker-java-api ---
[INFO] Installing /tmp/plugin-builds/docker-java-api/target/docker-java-api-3.7.0-999999-SNAPSHOT.pom to /home/runner/.m2/repository/org/jenkins-ci/plugins/docker-java-api/3.7.0-999999-SNAPSHOT/docker-java-api-3.7.0-999999-SNAPSHOT.pom
[INFO] Installing /tmp/plugin-builds/docker-java-api/target/docker-java-api.hpi to /home/runner/.m2/repository/org/jenkins-ci/plugins/docker-java-api/3.7.0-999999-SNAPSHOT/docker-java-api-3.7.0-999999-SNAPSHOT.hpi
[INFO] Installing /tmp/plugin-builds/docker-java-api/target/docker-java-api.jar to /home/runner/.m2/repository/org/jenkins-ci/plugins/docker-java-api/3.7.0-999999-SNAPSHOT/docker-java-api-3.7.0-999999-SNAPSHOT.jar
[INFO] ------------------------------------------------------------------------
[INFO] BUILD SUCCESS
[INFO] ------------------------------------------------------------------------
[INFO] Total time:  56.145 s
[INFO] Finished at: 2025-12-09T02:43:02Z
[INFO] ------------------------------------------------------------------------
