WARNING: A terminally deprecated method in sun.misc.Unsafe has been called
WARNING: sun.misc.Unsafe::staticFieldBase has been called by com.google.inject.internal.aop.HiddenClassDefiner (file:/usr/share/apache-maven-3.9.11/lib/guice-5.1.0-classes.jar)
WARNING: Please consider reporting this to the maintainers of class com.google.inject.internal.aop.HiddenClassDefiner
WARNING: sun.misc.Unsafe::staticFieldBase will be removed in a future release
[INFO] Scanning for projects...
[INFO] Artifact org.jenkins-ci.tools:maven-hpi-plugin:pom:3.1762.vd3ff902a_5b_c4 is present in the local repository, but cached from a remote repository ID that is unavailable in current build context, verifying that is downloadable from [incrementals (https://repo.jenkins-ci.org/incrementals/, default, releases), central (https://repo.maven.apache.org/maven2, default, releases)]
[INFO] Artifact org.jenkins-ci.tools:maven-hpi-plugin:pom:3.1762.vd3ff902a_5b_c4 is present in the local repository, but cached from a remote repository ID that is unavailable in current build context, verifying that is downloadable from [incrementals (https://repo.jenkins-ci.org/incrementals/, default, releases), central (https://repo.maven.apache.org/maven2, default, releases)]
[WARNING] The POM for org.jenkins-ci.tools:maven-hpi-plugin:jar:3.1762.vd3ff902a_5b_c4 is missing, no dependency information available
[INFO] Artifact org.jenkins-ci.tools:maven-hpi-plugin:jar:3.1762.vd3ff902a_5b_c4 is present in the local repository, but cached from a remote repository ID that is unavailable in current build context, verifying that is downloadable from [incrementals (https://repo.jenkins-ci.org/incrementals/, default, releases), central (https://repo.maven.apache.org/maven2, default, releases)]
[INFO] Artifact org.jenkins-ci.tools:maven-hpi-plugin:jar:3.1762.vd3ff902a_5b_c4 is present in the local repository, but cached from a remote repository ID that is unavailable in current build context, verifying that is downloadable from [incrementals (https://repo.jenkins-ci.org/incrementals/, default, releases), central (https://repo.maven.apache.org/maven2, default, releases)]
[WARNING] Failed to build parent project for io.jenkins.docker:docker-plugin:hpi:999999-SNAPSHOT
[INFO] 
[INFO] ------------------< io.jenkins.docker:docker-plugin >-------------------
[INFO] Building Docker plugin 999999-SNAPSHOT
[INFO]   from pom.xml
[INFO] --------------------------------[ hpi ]---------------------------------
[INFO] 
[INFO] --- clean:3.5.0:clean (default-clean) @ docker-plugin ---
[INFO] 
[INFO] --- hpi:3.1762.vd3ff902a_5b_c4:validate (default-validate) @ docker-plugin ---
[INFO] Created marker file /tmp/plugin-builds/docker-plugin/target/java-level/17
[INFO] 
[INFO] --- hpi:3.1762.vd3ff902a_5b_c4:validate-hpi (default-validate-hpi) @ docker-plugin ---
[INFO] 
[INFO] --- enforcer:3.6.2:enforce (display-info) @ docker-plugin ---
[INFO] Rule 0: io.jenkins.tools.incrementals.enforcer.RequireExtensionVersion passed
[INFO] Rule 1: org.apache.maven.enforcer.rules.version.RequireMavenVersion passed
[INFO] Rule 2: org.apache.maven.enforcer.rules.version.RequireJavaVersion passed
[INFO] Rule 3: org.apache.maven.enforcer.rules.RequirePluginVersions passed
[INFO] Rule 4: org.codehaus.mojo.extraenforcer.dependencies.EnforceBytecodeVersion passed
[INFO] Rule 5: org.apache.maven.enforcer.rules.dependency.BannedDependencies passed
[INFO] Rule 6: org.apache.maven.enforcer.rules.dependency.BannedDependencies passed
[INFO] Ignoring requireUpperBoundDeps in com.google.code.findbugs:jsr305
[INFO] Ignoring requireUpperBoundDeps in org.ow2.asm:asm
[INFO] Rule 7: org.apache.maven.enforcer.rules.dependency.RequireUpperBoundDeps passed
[INFO] 
[INFO] --- enforcer:3.6.2:enforce (no-snapshots-in-release) @ docker-plugin ---
[INFO] Rule 0: org.apache.maven.enforcer.rules.dependency.RequireReleaseDeps passed
[INFO] 
[INFO] --- localizer:1.31:generate (default) @ docker-plugin ---
[INFO] 
[INFO] --- enforcer:3.6.2:enforce (check-junit-imports) @ docker-plugin ---
[INFO] Rule 0: org.apache.maven.plugins.enforcer.RestrictImports passed
[INFO] 
[INFO] --- resources:3.3.1:resources (default-resources) @ docker-plugin ---
[INFO] Copying 123 resources from src/main/resources to target/classes
[INFO] 
[INFO] --- flatten:1.7.3:flatten (flatten) @ docker-plugin ---
[INFO] Generating flattened POM of project io.jenkins.docker:docker-plugin:hpi:999999-SNAPSHOT...
[INFO] 
[INFO] --- compiler:3.14.1:compile (default-compile) @ docker-plugin ---
[INFO] Recompiling the module because of changed source code.
[INFO] Compiling 67 source files with javac [debug parameters release 17] to target/classes
[INFO] com.nirima.jenkins.plugins.docker.DockerCloud.DescriptorImpl indexed under hudson.Extension
[INFO] com.nirima.jenkins.plugins.docker.DockerContainerWatchdog indexed under hudson.Extension
[INFO] com.nirima.jenkins.plugins.docker.DockerDisabled.DescriptorImpl indexed under hudson.Extension
[INFO] com.nirima.jenkins.plugins.docker.DockerJobProperty.DescriptorImpl indexed under hudson.Extension
[INFO] com.nirima.jenkins.plugins.docker.DockerJobTemplateProperty.DescriptorImpl indexed under hudson.Extension
[INFO] com.nirima.jenkins.plugins.docker.DockerManagement indexed under hudson.Extension
[INFO] com.nirima.jenkins.plugins.docker.DockerManagement.DescriptorImpl indexed under hudson.Extension
[INFO] com.nirima.jenkins.plugins.docker.DockerManagementServer.DescriptorImpl indexed under hudson.Extension
[INFO] com.nirima.jenkins.plugins.docker.DockerSimpleTemplate.DescriptorImpl indexed under hudson.Extension
[INFO] com.nirima.jenkins.plugins.docker.DockerTemplate.DescriptorImpl indexed under hudson.Extension
[INFO] com.nirima.jenkins.plugins.docker.DockerTemplateBase.DescriptorImpl indexed under hudson.Extension
[INFO] com.nirima.jenkins.plugins.docker.action.DockerBuildAction.DescriptorImpl indexed under hudson.Extension
[INFO] com.nirima.jenkins.plugins.docker.action.DockerBuildImageAction.DescriptorImpl indexed under hudson.Extension
[INFO] com.nirima.jenkins.plugins.docker.builder.DockerBuilderControl.DescriptorImpl indexed under hudson.Extension
[INFO] com.nirima.jenkins.plugins.docker.builder.DockerBuilderControlOptionProvisionAndStart.DescriptorImpl indexed under hudson.Extension
[INFO] com.nirima.jenkins.plugins.docker.builder.DockerBuilderControlOptionRun.DescriptorImpl indexed under hudson.Extension
[INFO] com.nirima.jenkins.plugins.docker.builder.DockerBuilderControlOptionStart.DescriptorImpl indexed under hudson.Extension
[INFO] com.nirima.jenkins.plugins.docker.builder.DockerBuilderControlOptionStop.DescriptorImpl indexed under hudson.Extension
[INFO] com.nirima.jenkins.plugins.docker.builder.DockerBuilderControlOptionStopAll.DescriptorImpl indexed under hudson.Extension
[INFO] com.nirima.jenkins.plugins.docker.builder.DockerBuilderNewTemplate.DescriptorImpl indexed under hudson.Extension
[INFO] com.nirima.jenkins.plugins.docker.builder.DockerBuilderPublisher.DescriptorImpl indexed under hudson.Extension
[INFO] com.nirima.jenkins.plugins.docker.listener.DockerQueueListener indexed under hudson.Extension
[INFO] com.nirima.jenkins.plugins.docker.listener.DockerRunListener indexed under hudson.Extension
[INFO] com.nirima.jenkins.plugins.docker.publisher.DockerPublisherControl.DescriptorImpl indexed under hudson.Extension
[INFO] com.nirima.jenkins.plugins.docker.strategy.DockerOnceRetentionStrategy.DescriptorImpl indexed under hudson.Extension
[INFO] com.nirima.jenkins.plugins.docker.token.DockerHostTokenMacro indexed under hudson.Extension
[INFO] com.nirima.jenkins.plugins.docker.utils.DockerDirectoryCredentials.DescriptorImpl indexed under hudson.Extension
[INFO] io.jenkins.docker.DockerTransientNode.DockerTransientNodeDescriptor indexed under hudson.Extension
[INFO] io.jenkins.docker.FastNodeProvisionerStrategy indexed under hudson.Extension
[INFO] io.jenkins.docker.FastNodeProvisionerStrategy.FastProvisionning indexed under hudson.Extension
[INFO] io.jenkins.docker.client.DockerAPI.DescriptorImpl indexed under hudson.Extension
[INFO] io.jenkins.docker.connector.DockerComputerAttachConnector.DescriptorImpl indexed under hudson.Extension
[INFO] io.jenkins.docker.connector.DockerComputerJNLPConnector.DescriptorImpl indexed under hudson.Extension
[INFO] io.jenkins.docker.connector.DockerComputerSSHConnector.DescriptorImpl indexed under hudson.Extension
[INFO] io.jenkins.docker.connector.DockerComputerSSHConnector.InjectSSHKey.DescriptorImpl indexed under hudson.Extension
[INFO] io.jenkins.docker.connector.DockerComputerSSHConnector.ManuallyConfiguredSSHKey.DescriptorImpl indexed under hudson.Extension
[INFO] io.jenkins.docker.connector.DockerComputerSSHConnector.InjectKeySSHLauncher.DescriptorImpl indexed under hudson.Extension
[INFO] io.jenkins.docker.pipeline.DockerAgent.DescriptorImpl indexed under hudson.Extension
[INFO] io.jenkins.docker.pipeline.DockerAgent.Compat indexed under hudson.Extension
[INFO] io.jenkins.docker.pipeline.DockerNodeStep.DescriptorImpl indexed under hudson.Extension
[INFO] io.jenkins.docker.pipeline.DockerNodeStepExecution.ProvideDockerTransientNode indexed under hudson.Extension
[INFO] /tmp/plugin-builds/docker-plugin/src/main/java/com/nirima/jenkins/plugins/docker/DockerCloud.java:[136,12] Generating com/nirima/jenkins/plugins/docker/DockerCloud.stapler
[INFO] /tmp/plugin-builds/docker-plugin/src/main/java/com/nirima/jenkins/plugins/docker/DockerDisabled.java:[38,12] Generating com/nirima/jenkins/plugins/docker/DockerDisabled.stapler
[INFO] /tmp/plugin-builds/docker-plugin/src/main/java/com/nirima/jenkins/plugins/docker/DockerJobProperty.java:[50,12] Generating com/nirima/jenkins/plugins/docker/DockerJobProperty.stapler
[INFO] /tmp/plugin-builds/docker-plugin/src/main/java/com/nirima/jenkins/plugins/docker/DockerJobTemplateProperty.java:[21,12] Generating com/nirima/jenkins/plugins/docker/DockerJobTemplateProperty.stapler
[INFO] /tmp/plugin-builds/docker-plugin/src/main/java/com/nirima/jenkins/plugins/docker/DockerRegistry.java:[21,12] Generating com/nirima/jenkins/plugins/docker/DockerRegistry.stapler
[INFO] /tmp/plugin-builds/docker-plugin/src/main/java/com/nirima/jenkins/plugins/docker/DockerTemplate.java:[136,12] Generating com/nirima/jenkins/plugins/docker/DockerTemplate.stapler
[INFO] /tmp/plugin-builds/docker-plugin/src/main/java/com/nirima/jenkins/plugins/docker/DockerTemplateBase.java:[151,12] Generating com/nirima/jenkins/plugins/docker/DockerTemplateBase.stapler
[INFO] /tmp/plugin-builds/docker-plugin/src/main/java/com/nirima/jenkins/plugins/docker/builder/DockerBuilderControl.java:[25,12] Generating com/nirima/jenkins/plugins/docker/builder/DockerBuilderControl.stapler
[INFO] /tmp/plugin-builds/docker-plugin/src/main/java/com/nirima/jenkins/plugins/docker/builder/DockerBuilderControlOptionProvisionAndStart.java:[30,12] Generating com/nirima/jenkins/plugins/docker/builder/DockerBuilderControlOptionProvisionAndStart.stapler
[INFO] /tmp/plugin-builds/docker-plugin/src/main/java/com/nirima/jenkins/plugins/docker/builder/DockerBuilderControlOptionRun.java:[65,12] Generating com/nirima/jenkins/plugins/docker/builder/DockerBuilderControlOptionRun.stapler
[INFO] /tmp/plugin-builds/docker-plugin/src/main/java/com/nirima/jenkins/plugins/docker/builder/DockerBuilderControlOptionStart.java:[26,12] Generating com/nirima/jenkins/plugins/docker/builder/DockerBuilderControlOptionStart.stapler
[INFO] /tmp/plugin-builds/docker-plugin/src/main/java/com/nirima/jenkins/plugins/docker/builder/DockerBuilderControlOptionStop.java:[32,12] Generating com/nirima/jenkins/plugins/docker/builder/DockerBuilderControlOptionStop.stapler
[INFO] /tmp/plugin-builds/docker-plugin/src/main/java/com/nirima/jenkins/plugins/docker/builder/DockerBuilderControlOptionStopAll.java:[27,12] Generating com/nirima/jenkins/plugins/docker/builder/DockerBuilderControlOptionStopAll.stapler
[INFO] /tmp/plugin-builds/docker-plugin/src/main/java/com/nirima/jenkins/plugins/docker/builder/DockerBuilderNewTemplate.java:[34,12] Generating com/nirima/jenkins/plugins/docker/builder/DockerBuilderNewTemplate.stapler
[INFO] /tmp/plugin-builds/docker-plugin/src/main/java/com/nirima/jenkins/plugins/docker/builder/DockerBuilderPublisher.java:[156,12] Generating com/nirima/jenkins/plugins/docker/builder/DockerBuilderPublisher.stapler
[INFO] /tmp/plugin-builds/docker-plugin/src/main/java/com/nirima/jenkins/plugins/docker/publisher/DockerPublisherControl.java:[28,12] Generating com/nirima/jenkins/plugins/docker/publisher/DockerPublisherControl.stapler
[INFO] /tmp/plugin-builds/docker-plugin/src/main/java/com/nirima/jenkins/plugins/docker/strategy/DockerOnceRetentionStrategy.java:[75,12] Generating com/nirima/jenkins/plugins/docker/strategy/DockerOnceRetentionStrategy.stapler
[INFO] /tmp/plugin-builds/docker-plugin/src/main/java/io/jenkins/docker/client/DockerAPI.java:[73,12] Generating io/jenkins/docker/client/DockerAPI.stapler
[INFO] /tmp/plugin-builds/docker-plugin/src/main/java/io/jenkins/docker/connector/DockerComputerAttachConnector.java:[68,12] Generating io/jenkins/docker/connector/DockerComputerAttachConnector.stapler
[INFO] /tmp/plugin-builds/docker-plugin/src/main/java/io/jenkins/docker/connector/DockerComputerJNLPConnector.java:[52,12] Generating io/jenkins/docker/connector/DockerComputerJNLPConnector.stapler
[INFO] /tmp/plugin-builds/docker-plugin/src/main/java/io/jenkins/docker/connector/DockerComputerSSHConnector.java:[469,16] Generating io/jenkins/docker/connector/DockerComputerSSHConnector/InjectSSHKey.stapler
[INFO] /tmp/plugin-builds/docker-plugin/src/main/java/io/jenkins/docker/connector/DockerComputerSSHConnector.java:[548,16] Generating io/jenkins/docker/connector/DockerComputerSSHConnector/ManuallyConfiguredSSHKey.stapler
[INFO] /tmp/plugin-builds/docker-plugin/src/main/java/io/jenkins/docker/connector/DockerComputerSSHConnector.java:[101,12] Generating io/jenkins/docker/connector/DockerComputerSSHConnector.stapler
[INFO] /tmp/plugin-builds/docker-plugin/src/main/java/io/jenkins/docker/pipeline/DockerAgent.java:[40,12] Generating io/jenkins/docker/pipeline/DockerAgent.stapler
[INFO] /tmp/plugin-builds/docker-plugin/src/main/java/io/jenkins/docker/pipeline/DockerNodeStep.java:[49,12] Generating io/jenkins/docker/pipeline/DockerNodeStep.stapler
[INFO] /tmp/plugin-builds/docker-plugin/src/main/java/com/nirima/jenkins/plugins/docker/DockerJobTemplateProperty.java:[16,8] Generating com/nirima/jenkins/plugins/docker/DockerJobTemplateProperty.javadoc
[INFO] /tmp/plugin-builds/docker-plugin/src/main/java/com/nirima/jenkins/plugins/docker/DockerJobProperty.java:[35,8] Generating com/nirima/jenkins/plugins/docker/DockerJobProperty.javadoc
[INFO] /tmp/plugin-builds/docker-plugin/src/main/java/com/nirima/jenkins/plugins/docker/DockerManagementServer.java:[76,17] Generating com/nirima/jenkins/plugins/docker/DockerManagementServer/doControlSubmit.stapler
[INFO] /tmp/plugin-builds/docker-plugin/src/main/java/io/jenkins/docker/client/DockerAPI.java:[411,31] Generating io/jenkins/docker/client/DockerAPI/DescriptorImpl/doTestConnection.stapler
[INFO] /tmp/plugin-builds/docker-plugin/src/main/java/io/jenkins/docker/connector/DockerComputerSSHConnector.java:[627,33] Generating io/jenkins/docker/connector/DockerComputerSSHConnector/ManuallyConfiguredSSHKey/DescriptorImpl/doFillCredentialsIdItems.stapler
[INFO] /tmp/plugin-builds/docker-plugin/src/main/java/com/nirima/jenkins/plugins/docker/DockerTemplateBase.java:[1325,31] Generating com/nirima/jenkins/plugins/docker/DockerTemplateBase/DescriptorImpl/doCheckMountsString.stapler
[INFO] /tmp/plugin-builds/docker-plugin/src/main/java/com/nirima/jenkins/plugins/docker/DockerTemplateBase.java:[1373,31] Generating com/nirima/jenkins/plugins/docker/DockerTemplateBase/DescriptorImpl/doCheckSecurityOptsString.stapler
[INFO] /tmp/plugin-builds/docker-plugin/src/main/java/com/nirima/jenkins/plugins/docker/DockerCloud.java:[913,31] Generating com/nirima/jenkins/plugins/docker/DockerCloud/DescriptorImpl/doCheckErrorDuration.stapler
[INFO] /tmp/plugin-builds/docker-plugin/src/main/java/com/nirima/jenkins/plugins/docker/DockerTemplateBase.java:[1405,31] Generating com/nirima/jenkins/plugins/docker/DockerTemplateBase/DescriptorImpl/doCheckExtraDockerLabelsString.stapler
[INFO] /tmp/plugin-builds/docker-plugin/src/main/java/io/jenkins/docker/pipeline/DockerNodeStep.java:[122,29] Generating io/jenkins/docker/pipeline/DockerNodeStep/DescriptorImpl/doFillCredentialsIdItems.stapler
[INFO] /tmp/plugin-builds/docker-plugin/src/main/java/io/jenkins/docker/client/DockerAPI.java:[387,29] Generating io/jenkins/docker/client/DockerAPI/DescriptorImpl/doFillCredentialsIdItems.stapler
[INFO] /tmp/plugin-builds/docker-plugin/src/main/java/com/nirima/jenkins/plugins/docker/DockerTemplateBase.java:[1363,31] Generating com/nirima/jenkins/plugins/docker/DockerTemplateBase/DescriptorImpl/doCheckExtraHostsString.stapler
[INFO] /tmp/plugin-builds/docker-plugin/src/main/java/com/nirima/jenkins/plugins/docker/DockerTemplateBase.java:[1415,31] Generating com/nirima/jenkins/plugins/docker/DockerTemplateBase/DescriptorImpl/doCheckExtraGroupsString.stapler
[INFO] /tmp/plugin-builds/docker-plugin/src/main/java/com/nirima/jenkins/plugins/docker/DockerTemplateBase.java:[1389,31] Generating com/nirima/jenkins/plugins/docker/DockerTemplateBase/DescriptorImpl/doCheckCapabilitiesToDropString.stapler
[INFO] /tmp/plugin-builds/docker-plugin/src/main/java/com/nirima/jenkins/plugins/docker/strategy/DockerOnceRetentionStrategy.java:[285,31] Generating com/nirima/jenkins/plugins/docker/strategy/DockerOnceRetentionStrategy/DescriptorImpl/doCheckIdleMinutes.stapler
[INFO] /tmp/plugin-builds/docker-plugin/src/main/java/io/jenkins/docker/pipeline/DockerAgent.java:[122,29] Generating io/jenkins/docker/pipeline/DockerAgent/DescriptorImpl/doFillCredentialsIdItems.stapler
[INFO] /tmp/plugin-builds/docker-plugin/src/main/java/io/jenkins/docker/client/DockerAPI.java:[402,31] Generating io/jenkins/docker/client/DockerAPI/DescriptorImpl/doCheckConnectionTimeout.stapler
[INFO] /tmp/plugin-builds/docker-plugin/src/main/java/com/nirima/jenkins/plugins/docker/DockerTemplate.java:[873,31] Generating com/nirima/jenkins/plugins/docker/DockerTemplate/DescriptorImpl/doCheckPullTimeout.stapler
[INFO] /tmp/plugin-builds/docker-plugin/src/main/java/com/nirima/jenkins/plugins/docker/DockerTemplateBase.java:[1335,31] Generating com/nirima/jenkins/plugins/docker/DockerTemplateBase/DescriptorImpl/doCheckVolumesFromString.stapler
[INFO] /tmp/plugin-builds/docker-plugin/src/main/java/com/nirima/jenkins/plugins/docker/DockerTemplateBase.java:[1347,31] Generating com/nirima/jenkins/plugins/docker/DockerTemplateBase/DescriptorImpl/doCheckCpus.stapler
[INFO] /tmp/plugin-builds/docker-plugin/src/main/java/io/jenkins/docker/client/DockerAPI.java:[393,31] Generating io/jenkins/docker/client/DockerAPI/DescriptorImpl/doCheckCredentialsId.stapler
[INFO] /tmp/plugin-builds/docker-plugin/src/main/java/com/nirima/jenkins/plugins/docker/DockerDisabled.java:[155,31] Generating com/nirima/jenkins/plugins/docker/DockerDisabled/DescriptorImpl/doCheckEnabledByChoice.stapler
[INFO] /tmp/plugin-builds/docker-plugin/src/main/java/io/jenkins/docker/client/DockerAPI.java:[406,31] Generating io/jenkins/docker/client/DockerAPI/DescriptorImpl/doCheckReadTimeout.stapler
[INFO] /tmp/plugin-builds/docker-plugin/src/main/java/com/nirima/jenkins/plugins/docker/DockerTemplateBase.java:[1385,31] Generating com/nirima/jenkins/plugins/docker/DockerTemplateBase/DescriptorImpl/doCheckCapabilitiesToAddString.stapler
[INFO] /tmp/plugin-builds/docker-plugin/src/main/java/com/nirima/jenkins/plugins/docker/DockerTemplate.java:[877,31] Generating com/nirima/jenkins/plugins/docker/DockerTemplate/DescriptorImpl/doCheckStopTimeout.stapler
[INFO] /tmp/plugin-builds/docker-plugin/src/main/java/com/nirima/jenkins/plugins/docker/builder/DockerBuilderPublisher.java:[551,31] Generating com/nirima/jenkins/plugins/docker/builder/DockerBuilderPublisher/DescriptorImpl/doCheckTagsString.stapler
[INFO] /tmp/plugin-builds/docker-plugin/src/main/java/com/nirima/jenkins/plugins/docker/DockerCloud.java: Some input files use or override a deprecated API.
[INFO] /tmp/plugin-builds/docker-plugin/src/main/java/com/nirima/jenkins/plugins/docker/DockerCloud.java: Recompile with -Xlint:deprecation for details.
[INFO] /tmp/plugin-builds/docker-plugin/src/main/java/com/nirima/jenkins/plugins/docker/utils/JenkinsUtils.java: Some input files use unchecked or unsafe operations.
[INFO] /tmp/plugin-builds/docker-plugin/src/main/java/com/nirima/jenkins/plugins/docker/utils/JenkinsUtils.java: Recompile with -Xlint:unchecked for details.
[INFO] 
[INFO] --- access-modifier-checker:1.35:enforce (default-enforce) @ docker-plugin ---
[INFO] 
[INFO] --- bridge-method-injector:1.32:process (default) @ docker-plugin ---
[INFO] 
[INFO] --- hpi:3.1762.vd3ff902a_5b_c4:insert-test (default-insert-test) @ docker-plugin ---
[INFO] 
[INFO] --- antrun:3.2.0:run (createTempDir) @ docker-plugin ---
[INFO] Executing tasks
[INFO]     [mkdir] Created dir: /tmp/plugin-builds/docker-plugin/target/tmp
[INFO] Executed tasks
[INFO] 
[INFO] --- resources:3.3.1:testResources (default-testResources) @ docker-plugin ---
[INFO] Not copying test resources
[INFO] 
[INFO] --- compiler:3.14.1:testCompile (default-testCompile) @ docker-plugin ---
[INFO] Not compiling test sources
[INFO] 
[INFO] --- hpi:3.1762.vd3ff902a_5b_c4:test-hpl (default-test-hpl) @ docker-plugin ---
[INFO] Generating /tmp/plugin-builds/docker-plugin/target/test-classes/the.hpl
[INFO] 
[INFO] --- hpi:3.1762.vd3ff902a_5b_c4:resolve-test-dependencies (default-resolve-test-dependencies) @ docker-plugin ---
[INFO] 
[INFO] --- hpi:3.1762.vd3ff902a_5b_c4:test-runtime (default-test-runtime) @ docker-plugin ---
[INFO] Tests are skipped.
[INFO] 
[INFO] --- surefire:3.5.4:test (default-test) @ docker-plugin ---
[INFO] Tests are skipped.
[INFO] 
[INFO] --- license:184.v19c87b_6b_a_9a_c:process (default) @ docker-plugin ---
[INFO] Generated /tmp/plugin-builds/docker-plugin/target/docker-plugin/WEB-INF/licenses.xml
[INFO] 
[INFO] --- hpi:3.1762.vd3ff902a_5b_c4:hpi (default-hpi) @ docker-plugin ---
[INFO] Generating /tmp/plugin-builds/docker-plugin/target/docker-plugin/META-INF/MANIFEST.MF
[INFO] Checking for attached .jar artifact ...
[INFO] Generating jar /tmp/plugin-builds/docker-plugin/target/docker-plugin.jar
[INFO] Building jar: /tmp/plugin-builds/docker-plugin/target/docker-plugin.jar
[INFO] Exploding webapp...
[INFO] Copy webapp webResources to /tmp/plugin-builds/docker-plugin/target/docker-plugin
[INFO] Assembling webapp docker-plugin in /tmp/plugin-builds/docker-plugin/target/docker-plugin
[INFO] Bundling direct dependency junixsocket-common-2.10.1.jar
[INFO] Bundling direct dependency junixsocket-native-common-2.10.1.jar
[WARNING] Expected list of bundled artifacts [] did not match actual list of bundled artifacts [junixsocket-common, junixsocket-native-common]. Review the bundled artifacts and add `<hpi.bundledArtifacts>junixsocket-common,junixsocket-native-common</hpi.bundledArtifacts>` to `<properties>` in pom.xml if the actual list is correct. If the actual list is not correct, add `<exclusion>`s or modify dependencies as needed to prevent the artifacts from being bundled. Review https://www.jenkins.io/doc/developer/plugin-development/dependencies-and-class-loading/#bundling-third-party-libraries for more details. Enable strict checks by adding `<hpi.strictBundledArtifacts>true</hpi.strictBundledArtifacts>` to pom.xml
[INFO] Generating hpi /tmp/plugin-builds/docker-plugin/target/docker-plugin.hpi
[INFO] Building jar: /tmp/plugin-builds/docker-plugin/target/docker-plugin.hpi
[INFO] 
[INFO] --- jar:3.4.2:test-jar (maybe-test-jar) @ docker-plugin ---
[INFO] Skipping packaging of the test-jar
[INFO] 
[INFO] >>> spotbugs:4.9.8.1:check (spotbugs) > :spotbugs @ docker-plugin >>>
[INFO] 
[INFO] --- spotbugs:4.9.8.1:spotbugs (spotbugs) @ docker-plugin ---
[INFO] Fork Value is true
[INFO] Done SpotBugs Analysis....
[INFO] Skipping com.github.spotbugs:spotbugs-maven-plugin:4.9.8.1:spotbugs report goal
[INFO] 
[INFO] <<< spotbugs:4.9.8.1:check (spotbugs) < :spotbugs @ docker-plugin <<<
[INFO] 
[INFO] 
[INFO] --- spotbugs:4.9.8.1:check (spotbugs) @ docker-plugin ---
[INFO] BugInstance size is 0
[INFO] Error size is 0
[INFO] No errors/warnings found
[INFO] 
[INFO] --- spotless:3.0.0:check (default) @ docker-plugin ---
[INFO] Index file does not exist. Fallback to an empty index
[INFO] Spotless.Java is keeping 91 files clean - 0 needs changes to be clean, 91 were already clean, 0 were skipped because caching determined they were already clean
[INFO] Sorting file /tmp/pom12283398632994973825.xml
[INFO] Pom file is already sorted, exiting
[INFO] Spotless.Pom is keeping 1 files clean - 0 needs changes to be clean, 1 were already clean, 0 were skipped because caching determined they were already clean
[INFO] 
[INFO] --- install:3.1.4:install (default-install) @ docker-plugin ---
[INFO] Installing /tmp/plugin-builds/docker-plugin/target/docker-plugin-999999-SNAPSHOT.pom to /home/runner/.m2/repository/io/jenkins/docker/docker-plugin/999999-SNAPSHOT/docker-plugin-999999-SNAPSHOT.pom
[INFO] Installing /tmp/plugin-builds/docker-plugin/target/docker-plugin.hpi to /home/runner/.m2/repository/io/jenkins/docker/docker-plugin/999999-SNAPSHOT/docker-plugin-999999-SNAPSHOT.hpi
[INFO] Installing /tmp/plugin-builds/docker-plugin/target/docker-plugin.jar to /home/runner/.m2/repository/io/jenkins/docker/docker-plugin/999999-SNAPSHOT/docker-plugin-999999-SNAPSHOT.jar
[INFO] ------------------------------------------------------------------------
[INFO] BUILD SUCCESS
[INFO] ------------------------------------------------------------------------
[INFO] Total time:  01:46 min
[INFO] Finished at: 2025-11-25T02:40:48Z
[INFO] ------------------------------------------------------------------------
