WARNING: A restricted method in java.lang.System has been called
WARNING: java.lang.System::load has been called by org.fusesource.jansi.internal.JansiLoader in an unnamed module (file:/home/poddingue/.sdkman/candidates/maven/current/lib/jansi-2.4.1.jar)
WARNING: Use --enable-native-access=ALL-UNNAMED to avoid a warning for callers in this module
WARNING: Restricted methods will be blocked in a future release unless native access is enabled

WARNING: A terminally deprecated method in sun.misc.Unsafe has been called
WARNING: sun.misc.Unsafe::objectFieldOffset has been called by com.google.common.util.concurrent.AbstractFuture$UnsafeAtomicHelper (file:/home/poddingue/.sdkman/candidates/maven/current/lib/guava-33.2.1-jre.jar)
WARNING: Please consider reporting this to the maintainers of class com.google.common.util.concurrent.AbstractFuture$UnsafeAtomicHelper
WARNING: sun.misc.Unsafe::objectFieldOffset will be removed in a future release
[INFO] Scanning for projects...
[INFO] 
[INFO] ----------------< org.jenkins-ci.plugins:durable-task >-----------------
[INFO] Building Durable Task Plugin 999999-SNAPSHOT
[INFO]   from pom.xml
[INFO] --------------------------------[ hpi ]---------------------------------
[INFO] 
[INFO] --- clean:3.4.1:clean (default-clean) @ durable-task ---
[INFO] 
[INFO] --- hpi:3.63:validate (default-validate) @ durable-task ---
[INFO] Created marker file /tmp/plugin-builds/durable-task/target/java-level/17
[INFO] 
[INFO] --- hpi:3.63:validate-hpi (default-validate-hpi) @ durable-task ---
[INFO] 
[INFO] --- enforcer:3.5.0:enforce (display-info) @ durable-task ---
[INFO] Rule 0: io.jenkins.tools.incrementals.enforcer.RequireExtensionVersion passed
[INFO] Rule 1: org.apache.maven.enforcer.rules.version.RequireMavenVersion passed
[INFO] Rule 2: org.apache.maven.enforcer.rules.version.RequireJavaVersion passed
[INFO] Rule 3: org.codehaus.mojo.extraenforcer.dependencies.EnforceBytecodeVersion passed
[INFO] Rule 4: org.apache.maven.enforcer.rules.dependency.BannedDependencies passed
[INFO] Rule 5: org.apache.maven.enforcer.rules.dependency.BannedDependencies passed
[INFO] Rule 6: org.apache.maven.enforcer.rules.dependency.RequireUpperBoundDeps passed
[INFO] 
[INFO] --- enforcer:3.5.0:enforce (no-snapshots-in-release) @ durable-task ---
[INFO] Rule 0: org.apache.maven.enforcer.rules.dependency.RequireReleaseDeps passed
[INFO] 
[INFO] --- localizer:1.31:generate (default) @ durable-task ---
[INFO] 
[INFO] --- resources:3.3.1:resources (default-resources) @ durable-task ---
[INFO] Copying 10 resources from src/main/resources to target/classes
[INFO] 
[INFO] --- flatten:1.7.0:flatten (flatten) @ durable-task ---
[INFO] Generating flattened POM of project org.jenkins-ci.plugins:durable-task:hpi:999999-SNAPSHOT...
[INFO] 
[INFO] --- compiler:3.14.0:compile (default-compile) @ durable-task ---
[INFO] Recompiling the module because of changed source code.
[INFO] Compiling 15 source files with javac [debug parameters release 17] to target/classes
[INFO] org.jenkinsci.plugins.durabletask.BourneShellScript.DescriptorImpl indexed under hudson.Extension
[INFO] org.jenkinsci.plugins.durabletask.PowershellScript.DescriptorImpl indexed under hudson.Extension
[INFO] org.jenkinsci.plugins.durabletask.WindowsBatchScript.DescriptorImpl indexed under hudson.Extension
[INFO] org.jenkinsci.plugins.durabletask.executors.ContinuedTask.Scheduler indexed under hudson.Extension
[INFO] /tmp/plugin-builds/durable-task/src/main/java/org/jenkinsci/plugins/durabletask/BourneShellScript.java:[108,34] Generating org/jenkinsci/plugins/durabletask/BourneShellScript.stapler
[INFO] /tmp/plugin-builds/durable-task/src/main/java/org/jenkinsci/plugins/durabletask/PowershellScript.java:[77,34] Generating org/jenkinsci/plugins/durabletask/PowershellScript.stapler
[INFO] /tmp/plugin-builds/durable-task/src/main/java/org/jenkinsci/plugins/durabletask/WindowsBatchScript.java:[69,34] Generating org/jenkinsci/plugins/durabletask/WindowsBatchScript.stapler
[WARNING] /tmp/plugin-builds/durable-task/src/main/java/org/jenkinsci/plugins/durabletask/Controller.java:[130,17] deprecated item is not annotated with @Deprecated
[WARNING] /tmp/plugin-builds/durable-task/src/main/java/org/jenkinsci/plugins/durabletask/FileMonitoringTask.java:[261,24] deprecated item is not annotated with @Deprecated
[INFO] /tmp/plugin-builds/durable-task/src/main/java/org/jenkinsci/plugins/durabletask/FileMonitoringTask.java: Some input files use or override a deprecated API.
[INFO] /tmp/plugin-builds/durable-task/src/main/java/org/jenkinsci/plugins/durabletask/FileMonitoringTask.java: Recompile with -Xlint:deprecation for details.
[INFO] 
[INFO] --- access-modifier-checker:1.34:enforce (default-enforce) @ durable-task ---
[INFO] Skipping access modifier checks
[INFO] 
[INFO] --- hpi:3.63:insert-test (default-insert-test) @ durable-task ---
[INFO] 
[INFO] --- antrun:3.1.0:run (createTempDir) @ durable-task ---
[INFO] Executing tasks
[INFO]     [mkdir] Created dir: /tmp/plugin-builds/durable-task/target/tmp
[INFO] Executed tasks
[INFO] 
[INFO] --- resources:3.3.1:testResources (default-testResources) @ durable-task ---
[INFO] Copying 4 resources from src/test/resources to target/test-classes
[INFO] 
[INFO] --- compiler:3.14.0:testCompile (default-testCompile) @ durable-task ---
[INFO] Recompiling the module because of changed dependency.
[INFO] Compiling 13 source files with javac [debug parameters release 17] to target/test-classes
[INFO] /tmp/plugin-builds/durable-task/src/test/java/org/jenkinsci/plugins/durabletask/BourneShellScriptTest.java: Some input files use or override a deprecated API.
[INFO] /tmp/plugin-builds/durable-task/src/test/java/org/jenkinsci/plugins/durabletask/BourneShellScriptTest.java: Recompile with -Xlint:deprecation for details.
[INFO] 
[INFO] --- hpi:3.63:test-hpl (default-test-hpl) @ durable-task ---
[INFO] Generating /tmp/plugin-builds/durable-task/target/test-classes/the.hpl
[INFO] 
[INFO] --- hpi:3.63:resolve-test-dependencies (default-resolve-test-dependencies) @ durable-task ---
[INFO] 
[INFO] --- hpi:3.63:test-runtime (default-test-runtime) @ durable-task ---
[INFO] Tests are skipped.
[INFO] 
[INFO] --- surefire:3.5.3:test (default-test) @ durable-task ---
[INFO] Tests are skipped.
[INFO] 
[INFO] --- license:165.v7e11f4e4a_325:process (default) @ durable-task ---
[INFO] 
[INFO] --- hpi:3.63:hpi (default-hpi) @ durable-task ---
[INFO] Generating /tmp/plugin-builds/durable-task/target/durable-task/META-INF/MANIFEST.MF
[INFO] Checking for attached .jar artifact ...
[INFO] Generating jar /tmp/plugin-builds/durable-task/target/durable-task.jar
[INFO] Building jar: /tmp/plugin-builds/durable-task/target/durable-task.jar
[INFO] Exploding webapp...
[INFO] Copy webapp webResources to /tmp/plugin-builds/durable-task/target/durable-task
[INFO] Assembling webapp durable-task in /tmp/plugin-builds/durable-task/target/durable-task
[INFO] Bundling direct dependency lib-durable-task-48.v72b_86b_9ca_8e1.jar
[INFO] Generating hpi /tmp/plugin-builds/durable-task/target/durable-task.hpi
[INFO] Building jar: /tmp/plugin-builds/durable-task/target/durable-task.hpi
[INFO] 
[INFO] --- jar:3.4.2:test-jar (maybe-test-jar) @ durable-task ---
[INFO] Skipping packaging of the test-jar
[INFO] 
[INFO] >>> spotbugs:4.9.3.0:check (spotbugs) > :spotbugs @ durable-task >>>
[INFO] 
[INFO] --- spotbugs:4.9.3.0:spotbugs (spotbugs) @ durable-task ---
[INFO] Skipping com.github.spotbugs:spotbugs-maven-plugin:4.9.3.0:spotbugs report goal
[INFO] 
[INFO] <<< spotbugs:4.9.3.0:check (spotbugs) < :spotbugs @ durable-task <<<
[INFO] 
[INFO] 
[INFO] --- spotbugs:4.9.3.0:check (spotbugs) @ durable-task ---
[INFO] Spotbugs plugin skipped
[INFO] 
[INFO] --- spotless:2.44.3:check (default) @ durable-task ---
[INFO] Spotless check skipped
[INFO] 
[INFO] --- install:3.1.4:install (default-install) @ durable-task ---
[INFO] Installing /tmp/plugin-builds/durable-task/target/durable-task-999999-SNAPSHOT.pom to /home/poddingue/.m2/repository/org/jenkins-ci/plugins/durable-task/999999-SNAPSHOT/durable-task-999999-SNAPSHOT.pom
[INFO] Installing /tmp/plugin-builds/durable-task/target/durable-task.hpi to /home/poddingue/.m2/repository/org/jenkins-ci/plugins/durable-task/999999-SNAPSHOT/durable-task-999999-SNAPSHOT.hpi
[INFO] Installing /tmp/plugin-builds/durable-task/target/durable-task.jar to /home/poddingue/.m2/repository/org/jenkins-ci/plugins/durable-task/999999-SNAPSHOT/durable-task-999999-SNAPSHOT.jar
[INFO] ------------------------------------------------------------------------
[INFO] BUILD SUCCESS
[INFO] ------------------------------------------------------------------------
[INFO] Total time:  10.140 s
[INFO] Finished at: 2025-06-22T14:51:35+02:00
[INFO] ------------------------------------------------------------------------
