WARNING: A terminally deprecated method in sun.misc.Unsafe has been called
WARNING: sun.misc.Unsafe::staticFieldBase has been called by com.google.inject.internal.aop.HiddenClassDefiner (file:/usr/share/apache-maven-3.9.11/lib/guice-5.1.0-classes.jar)
WARNING: Please consider reporting this to the maintainers of class com.google.inject.internal.aop.HiddenClassDefiner
WARNING: sun.misc.Unsafe::staticFieldBase will be removed in a future release
[INFO] Scanning for projects...
[INFO] Artifact org.jenkins-ci.tools:maven-hpi-plugin:pom:3.1762.vd3ff902a_5b_c4 is present in the local repository, but cached from a remote repository ID that is unavailable in current build context, verifying that is downloadable from [incrementals (https://repo.jenkins-ci.org/incrementals/, default, releases), central (https://repo.maven.apache.org/maven2, default, releases)]
[INFO] Artifact org.jenkins-ci.tools:maven-hpi-plugin:pom:3.1762.vd3ff902a_5b_c4 is present in the local repository, but cached from a remote repository ID that is unavailable in current build context, verifying that is downloadable from [incrementals (https://repo.jenkins-ci.org/incrementals/, default, releases), central (https://repo.maven.apache.org/maven2, default, releases)]
[WARNING] The POM for org.jenkins-ci.tools:maven-hpi-plugin:jar:3.1762.vd3ff902a_5b_c4 is missing, no dependency information available
[INFO] Artifact org.jenkins-ci.tools:maven-hpi-plugin:jar:3.1762.vd3ff902a_5b_c4 is present in the local repository, but cached from a remote repository ID that is unavailable in current build context, verifying that is downloadable from [incrementals (https://repo.jenkins-ci.org/incrementals/, default, releases), central (https://repo.maven.apache.org/maven2, default, releases)]
[INFO] Artifact org.jenkins-ci.tools:maven-hpi-plugin:jar:3.1762.vd3ff902a_5b_c4 is present in the local repository, but cached from a remote repository ID that is unavailable in current build context, verifying that is downloadable from [incrementals (https://repo.jenkins-ci.org/incrementals/, default, releases), central (https://repo.maven.apache.org/maven2, default, releases)]
[WARNING] Failed to build parent project for io.jenkins.plugins:eddsa-api:hpi:0.3.0.1-999999-SNAPSHOT
[INFO] 
[INFO] --------------------< io.jenkins.plugins:eddsa-api >--------------------
[INFO] Building EDDSA API Plugin 0.3.0.1-999999-SNAPSHOT
[INFO]   from pom.xml
[INFO] --------------------------------[ hpi ]---------------------------------
[INFO] 
[INFO] --- clean:3.5.0:clean (default-clean) @ eddsa-api ---
[INFO] 
[INFO] --- hpi:3.1762.vd3ff902a_5b_c4:validate (default-validate) @ eddsa-api ---
[INFO] Created marker file /tmp/plugin-builds/eddsa-api/target/java-level/17
[INFO] 
[INFO] --- hpi:3.1762.vd3ff902a_5b_c4:validate-hpi (default-validate-hpi) @ eddsa-api ---
[INFO] 
[INFO] --- enforcer:3.6.2:enforce (display-info) @ eddsa-api ---
[INFO] Rule 0: io.jenkins.tools.incrementals.enforcer.RequireExtensionVersion passed
[INFO] Rule 1: org.apache.maven.enforcer.rules.version.RequireMavenVersion passed
[INFO] Rule 2: org.apache.maven.enforcer.rules.version.RequireJavaVersion passed
[INFO] Rule 3: org.apache.maven.enforcer.rules.RequirePluginVersions passed
[INFO] Rule 4: org.codehaus.mojo.extraenforcer.dependencies.EnforceBytecodeVersion passed
[INFO] Rule 5: org.apache.maven.enforcer.rules.dependency.BannedDependencies passed
[INFO] Rule 6: org.apache.maven.enforcer.rules.dependency.BannedDependencies passed
[INFO] Rule 7: org.apache.maven.enforcer.rules.dependency.RequireUpperBoundDeps passed
[INFO] 
[INFO] --- enforcer:3.6.2:enforce (no-snapshots-in-release) @ eddsa-api ---
[INFO] Rule 0: org.apache.maven.enforcer.rules.dependency.RequireReleaseDeps passed
[INFO] 
[INFO] --- localizer:1.31:generate (default) @ eddsa-api ---
[INFO] 
[INFO] --- enforcer:3.6.2:enforce (check-junit-imports) @ eddsa-api ---
[INFO] Skipping Rule Enforcement.
[INFO] 
[INFO] --- resources:3.3.1:resources (default-resources) @ eddsa-api ---
[INFO] Copying 1 resource from src/main/resources to target/classes
[INFO] 
[INFO] --- flatten:1.7.3:flatten (flatten) @ eddsa-api ---
[INFO] Generating flattened POM of project io.jenkins.plugins:eddsa-api:hpi:0.3.0.1-999999-SNAPSHOT...
[INFO] 
[INFO] --- compiler:3.14.1:compile (default-compile) @ eddsa-api ---
[INFO] Recompiling the module because of changed source code.
[INFO] Compiling 28 source files with javac [debug parameters release 17] to target/classes
[WARNING] /tmp/plugin-builds/eddsa-api/src/main/java/net/i2p/crypto/eddsa/EdDSAEngine.java:[485,20] deprecated item is not annotated with @Deprecated
[WARNING] /tmp/plugin-builds/eddsa-api/src/main/java/net/i2p/crypto/eddsa/EdDSAEngine.java:[493,22] deprecated item is not annotated with @Deprecated
[WARNING] /tmp/plugin-builds/eddsa-api/src/main/java/net/i2p/crypto/eddsa/EdDSASecurityProvider.java:[34,9] java.security.AccessController in java.security has been deprecated and marked for removal
[INFO] /tmp/plugin-builds/eddsa-api/src/main/java/net/i2p/crypto/eddsa/EdDSASecurityProvider.java: /tmp/plugin-builds/eddsa-api/src/main/java/net/i2p/crypto/eddsa/EdDSASecurityProvider.java uses or overrides a deprecated API.
[INFO] /tmp/plugin-builds/eddsa-api/src/main/java/net/i2p/crypto/eddsa/EdDSASecurityProvider.java: Recompile with -Xlint:deprecation for details.
[INFO] 
[INFO] --- access-modifier-checker:1.35:enforce (default-enforce) @ eddsa-api ---
[INFO] 
[INFO] --- bridge-method-injector:1.32:process (default) @ eddsa-api ---
[INFO] 
[INFO] --- hpi:3.1762.vd3ff902a_5b_c4:insert-test (default-insert-test) @ eddsa-api ---
[INFO] 
[INFO] --- antrun:3.2.0:run (createTempDir) @ eddsa-api ---
[INFO] Executing tasks
[INFO]     [mkdir] Created dir: /tmp/plugin-builds/eddsa-api/target/tmp
[INFO] Executed tasks
[INFO] 
[INFO] --- resources:3.3.1:testResources (default-testResources) @ eddsa-api ---
[INFO] Not copying test resources
[INFO] 
[INFO] --- compiler:3.14.1:testCompile (default-testCompile) @ eddsa-api ---
[INFO] Not compiling test sources
[INFO] 
[INFO] --- hpi:3.1762.vd3ff902a_5b_c4:test-hpl (default-test-hpl) @ eddsa-api ---
[INFO] Generating /tmp/plugin-builds/eddsa-api/target/test-classes/the.hpl
[INFO] 
[INFO] --- hpi:3.1762.vd3ff902a_5b_c4:resolve-test-dependencies (default-resolve-test-dependencies) @ eddsa-api ---
[INFO] 
[INFO] --- hpi:3.1762.vd3ff902a_5b_c4:test-runtime (default-test-runtime) @ eddsa-api ---
[INFO] Tests are skipped.
[INFO] 
[INFO] --- surefire:3.5.4:test (default-test) @ eddsa-api ---
[INFO] Tests are skipped.
[INFO] 
[INFO] --- license:184.v19c87b_6b_a_9a_c:process (default) @ eddsa-api ---
[INFO] Generated /tmp/plugin-builds/eddsa-api/target/eddsa-api/WEB-INF/licenses.xml
[INFO] 
[INFO] --- hpi:3.1762.vd3ff902a_5b_c4:hpi (default-hpi) @ eddsa-api ---
[INFO] Generating /tmp/plugin-builds/eddsa-api/target/eddsa-api/META-INF/MANIFEST.MF
[INFO] Checking for attached .jar artifact ...
[INFO] Generating jar /tmp/plugin-builds/eddsa-api/target/eddsa-api.jar
[INFO] Building jar: /tmp/plugin-builds/eddsa-api/target/eddsa-api.jar
[INFO] Exploding webapp...
[INFO] Copy webapp webResources to /tmp/plugin-builds/eddsa-api/target/eddsa-api
[INFO] Assembling webapp eddsa-api in /tmp/plugin-builds/eddsa-api/target/eddsa-api
[INFO] Generating hpi /tmp/plugin-builds/eddsa-api/target/eddsa-api.hpi
[INFO] Building jar: /tmp/plugin-builds/eddsa-api/target/eddsa-api.hpi
[INFO] 
[INFO] --- jar:3.4.2:test-jar (maybe-test-jar) @ eddsa-api ---
[INFO] Skipping packaging of the test-jar
[INFO] 
[INFO] >>> spotbugs:4.9.8.1:check (spotbugs) > :spotbugs @ eddsa-api >>>
[INFO] 
[INFO] --- spotbugs:4.9.8.1:spotbugs (spotbugs) @ eddsa-api ---
[INFO] Fork Value is true
[INFO] Done SpotBugs Analysis....
[INFO] Skipping com.github.spotbugs:spotbugs-maven-plugin:4.9.8.1:spotbugs report goal
[INFO] 
[INFO] <<< spotbugs:4.9.8.1:check (spotbugs) < :spotbugs @ eddsa-api <<<
[INFO] 
[INFO] 
[INFO] --- spotbugs:4.9.8.1:check (spotbugs) @ eddsa-api ---
[INFO] BugInstance size is 0
[INFO] Error size is 0
[INFO] No errors/warnings found
[INFO] 
[INFO] --- spotless:3.0.0:check (default) @ eddsa-api ---
[INFO] Index file does not exist. Fallback to an empty index
[INFO] Spotless.Java is keeping 51 files clean - 0 needs changes to be clean, 51 were already clean, 0 were skipped because caching determined they were already clean
[INFO] Sorting file /tmp/pom10800167573266149226.xml
[INFO] Pom file is already sorted, exiting
[INFO] Spotless.Pom is keeping 1 files clean - 0 needs changes to be clean, 1 were already clean, 0 were skipped because caching determined they were already clean
[INFO] 
[INFO] --- install:3.1.4:install (default-install) @ eddsa-api ---
[INFO] Installing /tmp/plugin-builds/eddsa-api/target/eddsa-api-0.3.0.1-999999-SNAPSHOT.pom to /home/runner/.m2/repository/io/jenkins/plugins/eddsa-api/0.3.0.1-999999-SNAPSHOT/eddsa-api-0.3.0.1-999999-SNAPSHOT.pom
[INFO] Installing /tmp/plugin-builds/eddsa-api/target/eddsa-api.hpi to /home/runner/.m2/repository/io/jenkins/plugins/eddsa-api/0.3.0.1-999999-SNAPSHOT/eddsa-api-0.3.0.1-999999-SNAPSHOT.hpi
[INFO] Installing /tmp/plugin-builds/eddsa-api/target/eddsa-api.jar to /home/runner/.m2/repository/io/jenkins/plugins/eddsa-api/0.3.0.1-999999-SNAPSHOT/eddsa-api-0.3.0.1-999999-SNAPSHOT.jar
[INFO] ------------------------------------------------------------------------
[INFO] BUILD SUCCESS
[INFO] ------------------------------------------------------------------------
[INFO] Total time:  01:01 min
[INFO] Finished at: 2025-12-16T02:26:31Z
[INFO] ------------------------------------------------------------------------
