WARNING: A restricted method in java.lang.System has been called
WARNING: java.lang.System::load has been called by org.fusesource.jansi.internal.JansiLoader in an unnamed module (file:/home/poddingue/.sdkman/candidates/maven/current/lib/jansi-2.4.1.jar)
WARNING: Use --enable-native-access=ALL-UNNAMED to avoid a warning for callers in this module
WARNING: Restricted methods will be blocked in a future release unless native access is enabled

WARNING: A terminally deprecated method in sun.misc.Unsafe has been called
WARNING: sun.misc.Unsafe::objectFieldOffset has been called by com.google.common.util.concurrent.AbstractFuture$UnsafeAtomicHelper (file:/home/poddingue/.sdkman/candidates/maven/current/lib/guava-33.2.1-jre.jar)
WARNING: Please consider reporting this to the maintainers of class com.google.common.util.concurrent.AbstractFuture$UnsafeAtomicHelper
WARNING: sun.misc.Unsafe::objectFieldOffset will be removed in a future release
[INFO] Scanning for projects...
[INFO] 
[INFO] --------------< org.jenkinsci.plugins:emailext-template >---------------
[INFO] Building Email Extension Template Plugin 999999-SNAPSHOT
[INFO]   from pom.xml
[INFO] --------------------------------[ hpi ]---------------------------------
[INFO] 
[INFO] --- clean:3.5.0:clean (default-clean) @ emailext-template ---
[INFO] 
[INFO] --- hpi:3.66:validate (default-validate) @ emailext-template ---
[INFO] Created marker file /tmp/plugin-builds/emailext-template/target/java-level/17
[INFO] 
[INFO] --- hpi:3.66:validate-hpi (default-validate-hpi) @ emailext-template ---
[INFO] 
[INFO] --- enforcer:3.5.0:enforce (display-info) @ emailext-template ---
[INFO] Rule 0: io.jenkins.tools.incrementals.enforcer.RequireExtensionVersion passed
[INFO] Rule 1: org.apache.maven.enforcer.rules.version.RequireMavenVersion passed
[INFO] Rule 2: org.apache.maven.enforcer.rules.version.RequireJavaVersion passed
[INFO] Rule 3: org.codehaus.mojo.extraenforcer.dependencies.EnforceBytecodeVersion passed
[INFO] Rule 4: org.apache.maven.enforcer.rules.dependency.BannedDependencies passed
[INFO] Rule 5: org.apache.maven.enforcer.rules.dependency.BannedDependencies passed
[INFO] Ignoring requireUpperBoundDeps in org.ow2.asm:asm
[INFO] Rule 6: org.apache.maven.enforcer.rules.dependency.RequireUpperBoundDeps passed
[INFO] 
[INFO] --- enforcer:3.5.0:enforce (no-snapshots-in-release) @ emailext-template ---
[INFO] Rule 0: org.apache.maven.enforcer.rules.dependency.RequireReleaseDeps passed
[INFO] 
[INFO] --- localizer:1.31:generate (default) @ emailext-template ---
[INFO] 
[INFO] --- resources:3.3.1:resources (default-resources) @ emailext-template ---
[INFO] Copying 8 resources from src/main/resources to target/classes
[INFO] 
[INFO] --- flatten:1.7.1:flatten (flatten) @ emailext-template ---
[INFO] Generating flattened POM of project org.jenkinsci.plugins:emailext-template:hpi:999999-SNAPSHOT...
[INFO] 
[INFO] --- compiler:3.14.0:compile (default-compile) @ emailext-template ---
[INFO] Recompiling the module because of changed source code.
[INFO] Compiling 6 source files with javac [debug parameters release 17] to target/classes
[INFO] org.jenkinsci.plugins.emailext_template.ExtEmailTemplateManagement indexed under hudson.Extension
[INFO] org.jenkinsci.plugins.emailext_template.ExtendedEmailTemplatePublisher.DescriptorImpl indexed under hudson.Extension
[INFO] org.jenkinsci.plugins.emailext_template.configurationslicing.ExtEmailTemplateSlicer indexed under hudson.Extension
[INFO] /tmp/plugin-builds/emailext-template/src/main/java/org/jenkinsci/plugins/emailext_template/ExtendedEmailPublisherTemplate.java:[36,12] Generating org/jenkinsci/plugins/emailext_template/ExtendedEmailPublisherTemplate.stapler
[INFO] /tmp/plugin-builds/emailext-template/src/main/java/org/jenkinsci/plugins/emailext_template/ExtendedEmailTemplatePublisher.java:[38,12] Generating org/jenkinsci/plugins/emailext_template/ExtendedEmailTemplatePublisher.stapler
[INFO] /tmp/plugin-builds/emailext-template/src/main/java/org/jenkinsci/plugins/emailext_template/TemplateId.java:[13,12] Generating org/jenkinsci/plugins/emailext_template/TemplateId.stapler
[INFO] /tmp/plugin-builds/emailext-template/src/main/java/org/jenkinsci/plugins/emailext_template/ExtEmailTemplateManagement.java:[99,25] Generating org/jenkinsci/plugins/emailext_template/ExtEmailTemplateManagement/doRemoveTemplate.stapler
[INFO] /tmp/plugin-builds/emailext-template/src/main/java/org/jenkinsci/plugins/emailext_template/ExtEmailTemplateManagement.java:[74,17] Generating org/jenkinsci/plugins/emailext_template/ExtEmailTemplateManagement/doEditTemplate.stapler
[INFO] 
[INFO] --- access-modifier-checker:1.35:enforce (default-enforce) @ emailext-template ---
[INFO] Skipping access modifier checks
[INFO] 
[INFO] --- bridge-method-injector:1.31:process (default) @ emailext-template ---
[INFO] 
[INFO] --- hpi:3.66:insert-test (default-insert-test) @ emailext-template ---
[INFO] 
[INFO] --- antrun:3.1.0:run (createTempDir) @ emailext-template ---
[INFO] Executing tasks
[INFO]     [mkdir] Created dir: /tmp/plugin-builds/emailext-template/target/tmp
[INFO] Executed tasks
[INFO] 
[INFO] --- resources:3.3.1:testResources (default-testResources) @ emailext-template ---
[INFO] Not copying test resources
[INFO] 
[INFO] --- compiler:3.14.0:testCompile (default-testCompile) @ emailext-template ---
[INFO] Not compiling test sources
[INFO] 
[INFO] --- hpi:3.66:test-hpl (default-test-hpl) @ emailext-template ---
[INFO] Generating /tmp/plugin-builds/emailext-template/target/test-classes/the.hpl
[INFO] 
[INFO] --- hpi:3.66:resolve-test-dependencies (default-resolve-test-dependencies) @ emailext-template ---
[INFO] 
[INFO] --- hpi:3.66:test-runtime (default-test-runtime) @ emailext-template ---
[INFO] Tests are skipped.
[INFO] 
[INFO] --- surefire:3.5.3:test (default-test) @ emailext-template ---
[INFO] Tests are skipped.
[INFO] 
[INFO] --- license:165.v7e11f4e4a_325:process (default) @ emailext-template ---
[INFO] 
[INFO] --- hpi:3.66:hpi (default-hpi) @ emailext-template ---
[INFO] Generating /tmp/plugin-builds/emailext-template/target/emailext-template/META-INF/MANIFEST.MF
[INFO] Checking for attached .jar artifact ...
[INFO] Generating jar /tmp/plugin-builds/emailext-template/target/emailext-template.jar
[INFO] Building jar: /tmp/plugin-builds/emailext-template/target/emailext-template.jar
[INFO] Exploding webapp...
[INFO] Copy webapp webResources to /tmp/plugin-builds/emailext-template/target/emailext-template
[INFO] Assembling webapp emailext-template in /tmp/plugin-builds/emailext-template/target/emailext-template
[INFO] Generating hpi /tmp/plugin-builds/emailext-template/target/emailext-template.hpi
[INFO] Building jar: /tmp/plugin-builds/emailext-template/target/emailext-template.hpi
[INFO] 
[INFO] --- jar:3.4.2:test-jar (maybe-test-jar) @ emailext-template ---
[INFO] Skipping packaging of the test-jar
[INFO] 
[INFO] >>> spotbugs:4.9.3.1:check (spotbugs) > :spotbugs @ emailext-template >>>
[INFO] 
[INFO] --- spotbugs:4.9.3.1:spotbugs (spotbugs) @ emailext-template ---
[INFO] Skipping com.github.spotbugs:spotbugs-maven-plugin:4.9.3.1:spotbugs report goal
[INFO] 
[INFO] <<< spotbugs:4.9.3.1:check (spotbugs) < :spotbugs @ emailext-template <<<
[INFO] 
[INFO] 
[INFO] --- spotbugs:4.9.3.1:check (spotbugs) @ emailext-template ---
[INFO] Spotbugs plugin skipped
[INFO] 
[INFO] --- spotless:2.44.5:check (default) @ emailext-template ---
[INFO] Spotless check skipped
[INFO] 
[INFO] --- install:3.1.4:install (default-install) @ emailext-template ---
[INFO] Installing /tmp/plugin-builds/emailext-template/target/emailext-template-999999-SNAPSHOT.pom to /home/poddingue/.m2/repository/org/jenkinsci/plugins/emailext-template/999999-SNAPSHOT/emailext-template-999999-SNAPSHOT.pom
[INFO] Installing /tmp/plugin-builds/emailext-template/target/emailext-template.hpi to /home/poddingue/.m2/repository/org/jenkinsci/plugins/emailext-template/999999-SNAPSHOT/emailext-template-999999-SNAPSHOT.hpi
[INFO] Installing /tmp/plugin-builds/emailext-template/target/emailext-template.jar to /home/poddingue/.m2/repository/org/jenkinsci/plugins/emailext-template/999999-SNAPSHOT/emailext-template-999999-SNAPSHOT.jar
[INFO] ------------------------------------------------------------------------
[INFO] BUILD SUCCESS
[INFO] ------------------------------------------------------------------------
[INFO] Total time:  17.096 s
[INFO] Finished at: 2025-07-09T12:40:31+02:00
[INFO] ------------------------------------------------------------------------
