WARNING: A restricted method in java.lang.System has been called
WARNING: java.lang.System::load has been called by org.fusesource.jansi.internal.JansiLoader in an unnamed module (file:/usr/share/apache-maven-3.9.9/lib/jansi-2.4.1.jar)
WARNING: Use --enable-native-access=ALL-UNNAMED to avoid a warning for callers in this module
WARNING: Restricted methods will be blocked in a future release unless native access is enabled

WARNING: A terminally deprecated method in sun.misc.Unsafe has been called
WARNING: sun.misc.Unsafe::objectFieldOffset has been called by com.google.common.util.concurrent.AbstractFuture$UnsafeAtomicHelper (file:/usr/share/apache-maven-3.9.9/lib/guava-33.2.1-jre.jar)
WARNING: Please consider reporting this to the maintainers of class com.google.common.util.concurrent.AbstractFuture$UnsafeAtomicHelper
WARNING: sun.misc.Unsafe::objectFieldOffset will be removed in a future release
[INFO] Scanning for projects...
[INFO] Artifact org.jenkins-ci.tools:maven-hpi-plugin:pom:3.60 is present in the local repository, but cached from a remote repository ID that is unavailable in current build context, verifying that is downloadable from [incrementals (https://repo.jenkins-ci.org/incrementals/, default, releases), central (https://repo.maven.apache.org/maven2, default, releases)]
[INFO] Artifact org.jenkins-ci.tools:maven-hpi-plugin:pom:3.60 is present in the local repository, but cached from a remote repository ID that is unavailable in current build context, verifying that is downloadable from [incrementals (https://repo.jenkins-ci.org/incrementals/, default, releases), central (https://repo.maven.apache.org/maven2, default, releases)]
[WARNING] The POM for org.jenkins-ci.tools:maven-hpi-plugin:jar:3.60 is missing, no dependency information available
[INFO] Artifact org.jenkins-ci.tools:maven-hpi-plugin:jar:3.60 is present in the local repository, but cached from a remote repository ID that is unavailable in current build context, verifying that is downloadable from [incrementals (https://repo.jenkins-ci.org/incrementals/, default, releases), central (https://repo.maven.apache.org/maven2, default, releases)]
[INFO] Artifact org.jenkins-ci.tools:maven-hpi-plugin:jar:3.60 is present in the local repository, but cached from a remote repository ID that is unavailable in current build context, verifying that is downloadable from [incrementals (https://repo.jenkins-ci.org/incrementals/, default, releases), central (https://repo.maven.apache.org/maven2, default, releases)]
[WARNING] Failed to build parent project for org.jenkins-ci.plugins:envinject-api:hpi:1.999999-SNAPSHOT
[INFO] 
[INFO] ----------------< org.jenkins-ci.plugins:envinject-api >----------------
[INFO] Building EnvInject API Plugin 1.999999-SNAPSHOT
[INFO]   from pom.xml
[INFO] --------------------------------[ hpi ]---------------------------------
[INFO] 
[INFO] --- clean:3.4.0:clean (default-clean) @ envinject-api ---
[INFO] 
[INFO] --- hpi:3.60:validate (default-validate) @ envinject-api ---
[INFO] Created marker file /tmp/plugin-builds/envinject-api/target/java-level/17
[INFO] 
[INFO] --- hpi:3.60:validate-hpi (default-validate-hpi) @ envinject-api ---
[INFO] 
[INFO] --- enforcer:3.5.0:enforce (display-info) @ envinject-api ---
[INFO] Rule 0: io.jenkins.tools.incrementals.enforcer.RequireExtensionVersion passed
[INFO] Rule 1: org.apache.maven.enforcer.rules.version.RequireMavenVersion passed
[INFO] Rule 2: org.apache.maven.enforcer.rules.version.RequireJavaVersion passed
[INFO] Rule 3: org.codehaus.mojo.extraenforcer.dependencies.EnforceBytecodeVersion passed
[INFO] Rule 4: org.apache.maven.enforcer.rules.dependency.BannedDependencies passed
[INFO] Rule 5: org.apache.maven.enforcer.rules.dependency.RequireUpperBoundDeps passed
[INFO] 
[INFO] --- enforcer:3.5.0:enforce (no-snapshots-in-release) @ envinject-api ---
[INFO] Rule 0: org.apache.maven.enforcer.rules.dependency.RequireReleaseDeps passed
[INFO] 
[INFO] --- localizer:1.31:generate (default) @ envinject-api ---
[INFO] 
[INFO] --- resources:3.3.1:resources (default-resources) @ envinject-api ---
[INFO] Copying 1 resource from src/main/resources to target/classes
[INFO] 
[INFO] --- flatten:1.6.0:flatten (flatten) @ envinject-api ---
[INFO] Generating flattened POM of project org.jenkins-ci.plugins:envinject-api:hpi:1.999999-SNAPSHOT...
[INFO] 
[INFO] --- compiler:3.13.0:compile (default-compile) @ envinject-api ---
[INFO] Recompiling the module because of changed source code.
[INFO] Compiling 5 source files with javac [debug parameters release 17] to target/classes
[INFO] /tmp/plugin-builds/envinject-api/src/main/java/org/jenkinsci/plugins/envinjectapi/util/EnvInjectActionRetriever.java: Some input files use or override a deprecated API.
[INFO] /tmp/plugin-builds/envinject-api/src/main/java/org/jenkinsci/plugins/envinjectapi/util/EnvInjectActionRetriever.java: Recompile with -Xlint:deprecation for details.
[INFO] 
[INFO] --- access-modifier-checker:1.34:enforce (default-enforce) @ envinject-api ---
[INFO] Skipping access modifier checks
[INFO] 
[INFO] --- hpi:3.60:insert-test (default-insert-test) @ envinject-api ---
[INFO] 
[INFO] --- antrun:3.1.0:run (createTempDir) @ envinject-api ---
[INFO] Executing tasks
[INFO]     [mkdir] Created dir: /tmp/plugin-builds/envinject-api/target/tmp
[INFO] Executed tasks
[INFO] 
[INFO] --- resources:3.3.1:testResources (default-testResources) @ envinject-api ---
[INFO] Not copying test resources
[INFO] 
[INFO] --- compiler:3.13.0:testCompile (default-testCompile) @ envinject-api ---
[INFO] Not compiling test sources
[INFO] 
[INFO] --- hpi:3.60:test-hpl (default-test-hpl) @ envinject-api ---
[INFO] Generating /tmp/plugin-builds/envinject-api/target/test-classes/the.hpl
[INFO] 
[INFO] --- hpi:3.60:resolve-test-dependencies (default-resolve-test-dependencies) @ envinject-api ---
[INFO] 
[INFO] --- hpi:3.60:test-runtime (default-test-runtime) @ envinject-api ---
[INFO] Tests are skipped.
[INFO] 
[INFO] --- surefire:3.5.2:test (default-test) @ envinject-api ---
[INFO] Tests are skipped.
[INFO] 
[INFO] --- license:165.v7e11f4e4a_325:process (default) @ envinject-api ---
[INFO] 
[INFO] --- hpi:3.60:hpi (default-hpi) @ envinject-api ---
[INFO] Generating /tmp/plugin-builds/envinject-api/target/envinject-api/META-INF/MANIFEST.MF
[INFO] Checking for attached .jar artifact ...
[INFO] Generating jar /tmp/plugin-builds/envinject-api/target/envinject-api.jar
[INFO] Building jar: /tmp/plugin-builds/envinject-api/target/envinject-api.jar
[INFO] Exploding webapp...
[INFO] Copy webapp webResources to /tmp/plugin-builds/envinject-api/target/envinject-api
[INFO] Assembling webapp envinject-api in /tmp/plugin-builds/envinject-api/target/envinject-api
[INFO] Bundling direct dependency envinject-lib-1.168.v835cb_a_16513d.jar
[INFO] Generating hpi /tmp/plugin-builds/envinject-api/target/envinject-api.hpi
[INFO] Building jar: /tmp/plugin-builds/envinject-api/target/envinject-api.hpi
[INFO] 
[INFO] --- jar:3.4.2:test-jar (maybe-test-jar) @ envinject-api ---
[INFO] Skipping packaging of the test-jar
[INFO] 
[INFO] >>> spotbugs:4.8.3.1:check (spotbugs) > :spotbugs @ envinject-api >>>
[INFO] 
[INFO] --- spotbugs:4.8.3.1:spotbugs (spotbugs) @ envinject-api ---
[INFO] 
[INFO] <<< spotbugs:4.8.3.1:check (spotbugs) < :spotbugs @ envinject-api <<<
[INFO] 
[INFO] 
[INFO] --- spotbugs:4.8.3.1:check (spotbugs) @ envinject-api ---
[INFO] Spotbugs plugin skipped
[INFO] 
[INFO] --- spotless:2.44.1:check (default) @ envinject-api ---
[INFO] Spotless check skipped
[INFO] 
[INFO] --- install:3.1.3:install (default-install) @ envinject-api ---
[INFO] Installing /tmp/plugin-builds/envinject-api/target/envinject-api-1.999999-SNAPSHOT.pom to /home/runner/.m2/repository/org/jenkins-ci/plugins/envinject-api/1.999999-SNAPSHOT/envinject-api-1.999999-SNAPSHOT.pom
[INFO] Installing /tmp/plugin-builds/envinject-api/target/envinject-api.hpi to /home/runner/.m2/repository/org/jenkins-ci/plugins/envinject-api/1.999999-SNAPSHOT/envinject-api-1.999999-SNAPSHOT.hpi
[INFO] Installing /tmp/plugin-builds/envinject-api/target/envinject-api.jar to /home/runner/.m2/repository/org/jenkins-ci/plugins/envinject-api/1.999999-SNAPSHOT/envinject-api-1.999999-SNAPSHOT.jar
[INFO] ------------------------------------------------------------------------
[INFO] BUILD SUCCESS
[INFO] ------------------------------------------------------------------------
[INFO] Total time:  5.594 s
[INFO] Finished at: 2025-06-23T09:08:44Z
[INFO] ------------------------------------------------------------------------
