WARNING: A terminally deprecated method in sun.misc.Unsafe has been called
WARNING: sun.misc.Unsafe::staticFieldBase has been called by com.google.inject.internal.aop.HiddenClassDefiner (file:/usr/share/apache-maven-3.9.11/lib/guice-5.1.0-classes.jar)
WARNING: Please consider reporting this to the maintainers of class com.google.inject.internal.aop.HiddenClassDefiner
WARNING: sun.misc.Unsafe::staticFieldBase will be removed in a future release
[INFO] Scanning for projects...
[INFO] Artifact org.jenkins-ci.tools:maven-hpi-plugin:pom:3.61 is present in the local repository, but cached from a remote repository ID that is unavailable in current build context, verifying that is downloadable from [incrementals (https://repo.jenkins-ci.org/incrementals/, default, releases), central (https://repo.maven.apache.org/maven2, default, releases)]
[INFO] Artifact org.jenkins-ci.tools:maven-hpi-plugin:pom:3.61 is present in the local repository, but cached from a remote repository ID that is unavailable in current build context, verifying that is downloadable from [incrementals (https://repo.jenkins-ci.org/incrementals/, default, releases), central (https://repo.maven.apache.org/maven2, default, releases)]
[WARNING] The POM for org.jenkins-ci.tools:maven-hpi-plugin:jar:3.61 is missing, no dependency information available
[INFO] Artifact org.jenkins-ci.tools:maven-hpi-plugin:jar:3.61 is present in the local repository, but cached from a remote repository ID that is unavailable in current build context, verifying that is downloadable from [incrementals (https://repo.jenkins-ci.org/incrementals/, default, releases), central (https://repo.maven.apache.org/maven2, default, releases)]
[INFO] Artifact org.jenkins-ci.tools:maven-hpi-plugin:jar:3.61 is present in the local repository, but cached from a remote repository ID that is unavailable in current build context, verifying that is downloadable from [incrementals (https://repo.jenkins-ci.org/incrementals/, default, releases), central (https://repo.maven.apache.org/maven2, default, releases)]
[WARNING] Failed to build parent project for org.jvnet.hudson.plugins:extended-read-permission:hpi:999999-SNAPSHOT
[INFO] 
[INFO] ---------< org.jvnet.hudson.plugins:extended-read-permission >----------
[INFO] Building Jenkins Extended Read Permission Plugin 999999-SNAPSHOT
[INFO]   from pom.xml
[INFO] --------------------------------[ hpi ]---------------------------------
[INFO] 
[INFO] --- clean:3.4.1:clean (default-clean) @ extended-read-permission ---
[INFO] 
[INFO] --- hpi:3.61:validate (default-validate) @ extended-read-permission ---
[INFO] Created marker file /tmp/plugin-builds/extended-read-permission/target/java-level/17
[INFO] 
[INFO] --- hpi:3.61:validate-hpi (default-validate-hpi) @ extended-read-permission ---
[INFO] 
[INFO] --- enforcer:3.5.0:enforce (display-info) @ extended-read-permission ---
[INFO] Rule 0: io.jenkins.tools.incrementals.enforcer.RequireExtensionVersion passed
[INFO] Rule 1: org.apache.maven.enforcer.rules.version.RequireMavenVersion passed
[INFO] Rule 2: org.apache.maven.enforcer.rules.version.RequireJavaVersion passed
[INFO] Rule 3: org.codehaus.mojo.extraenforcer.dependencies.EnforceBytecodeVersion passed
[INFO] Rule 4: org.apache.maven.enforcer.rules.dependency.BannedDependencies passed
[INFO] Rule 5: org.apache.maven.enforcer.rules.dependency.BannedDependencies passed
[INFO] Rule 6: org.apache.maven.enforcer.rules.dependency.RequireUpperBoundDeps passed
[INFO] 
[INFO] --- enforcer:3.5.0:enforce (no-snapshots-in-release) @ extended-read-permission ---
[INFO] Rule 0: org.apache.maven.enforcer.rules.dependency.RequireReleaseDeps passed
[INFO] 
[INFO] --- localizer:1.31:generate (default) @ extended-read-permission ---
[INFO] 
[INFO] --- resources:3.3.1:resources (default-resources) @ extended-read-permission ---
[INFO] Copying 1 resource from src/main/resources to target/classes
[INFO] 
[INFO] --- flatten:1.7.0:flatten (flatten) @ extended-read-permission ---
[INFO] Generating flattened POM of project org.jvnet.hudson.plugins:extended-read-permission:hpi:999999-SNAPSHOT...
[INFO] 
[INFO] --- compiler:3.14.0:compile (default-compile) @ extended-read-permission ---
[INFO] Recompiling the module because of changed source code.
[INFO] Compiling 3 source files with javac [debug parameters release 17] to target/classes
[INFO] hudson.plugins.extendedread.ExtendedReadPermissionEnabler indexed under hudson.Extension
[INFO] hudson.plugins.extendedread.SystemReadPermissionEnabler indexed under hudson.Extension
[INFO] 
[INFO] --- access-modifier-checker:1.34:enforce (default-enforce) @ extended-read-permission ---
[INFO] Skipping access modifier checks
[INFO] 
[INFO] --- hpi:3.61:insert-test (default-insert-test) @ extended-read-permission ---
[INFO] 
[INFO] --- antrun:3.1.0:run (createTempDir) @ extended-read-permission ---
[INFO] Executing tasks
[INFO]     [mkdir] Created dir: /tmp/plugin-builds/extended-read-permission/target/tmp
[INFO] Executed tasks
[INFO] 
[INFO] --- resources:3.3.1:testResources (default-testResources) @ extended-read-permission ---
[INFO] Not copying test resources
[INFO] 
[INFO] --- compiler:3.14.0:testCompile (default-testCompile) @ extended-read-permission ---
[INFO] Not compiling test sources
[INFO] 
[INFO] --- hpi:3.61:test-hpl (default-test-hpl) @ extended-read-permission ---
[INFO] Generating /tmp/plugin-builds/extended-read-permission/target/test-classes/the.hpl
[INFO] 
[INFO] --- hpi:3.61:resolve-test-dependencies (default-resolve-test-dependencies) @ extended-read-permission ---
[INFO] 
[INFO] --- hpi:3.61:test-runtime (default-test-runtime) @ extended-read-permission ---
[INFO] Tests are skipped.
[INFO] 
[INFO] --- surefire:3.5.2:test (default-test) @ extended-read-permission ---
[INFO] Tests are skipped.
[INFO] 
[INFO] --- license:165.v7e11f4e4a_325:process (default) @ extended-read-permission ---
[INFO] 
[INFO] --- hpi:3.61:hpi (default-hpi) @ extended-read-permission ---
[INFO] Generating /tmp/plugin-builds/extended-read-permission/target/extended-read-permission/META-INF/MANIFEST.MF
[INFO] Checking for attached .jar artifact ...
[INFO] Generating jar /tmp/plugin-builds/extended-read-permission/target/extended-read-permission.jar
[INFO] Building jar: /tmp/plugin-builds/extended-read-permission/target/extended-read-permission.jar
[INFO] Exploding webapp...
[INFO] Copy webapp webResources to /tmp/plugin-builds/extended-read-permission/target/extended-read-permission
[INFO] Assembling webapp extended-read-permission in /tmp/plugin-builds/extended-read-permission/target/extended-read-permission
[INFO] Generating hpi /tmp/plugin-builds/extended-read-permission/target/extended-read-permission.hpi
[INFO] Building jar: /tmp/plugin-builds/extended-read-permission/target/extended-read-permission.hpi
[INFO] 
[INFO] --- jar:3.4.2:test-jar (maybe-test-jar) @ extended-read-permission ---
[INFO] Skipping packaging of the test-jar
[INFO] 
[INFO] >>> spotbugs:4.9.2.0:check (spotbugs) > :spotbugs @ extended-read-permission >>>
[INFO] 
[INFO] --- spotbugs:4.9.2.0:spotbugs (spotbugs) @ extended-read-permission ---
[INFO] Skipping com.github.spotbugs:spotbugs-maven-plugin:4.9.2.0:spotbugs report goal
[INFO] 
[INFO] <<< spotbugs:4.9.2.0:check (spotbugs) < :spotbugs @ extended-read-permission <<<
[INFO] 
[INFO] 
[INFO] --- spotbugs:4.9.2.0:check (spotbugs) @ extended-read-permission ---
[INFO] Spotbugs plugin skipped
[INFO] 
[INFO] --- spotless:2.44.3:check (default) @ extended-read-permission ---
[INFO] Spotless check skipped
[INFO] 
[INFO] --- install:3.1.4:install (default-install) @ extended-read-permission ---
[INFO] Installing /tmp/plugin-builds/extended-read-permission/target/extended-read-permission-999999-SNAPSHOT.pom to /home/runner/.m2/repository/org/jvnet/hudson/plugins/extended-read-permission/999999-SNAPSHOT/extended-read-permission-999999-SNAPSHOT.pom
[INFO] Installing /tmp/plugin-builds/extended-read-permission/target/extended-read-permission.hpi to /home/runner/.m2/repository/org/jvnet/hudson/plugins/extended-read-permission/999999-SNAPSHOT/extended-read-permission-999999-SNAPSHOT.hpi
[INFO] Installing /tmp/plugin-builds/extended-read-permission/target/extended-read-permission.jar to /home/runner/.m2/repository/org/jvnet/hudson/plugins/extended-read-permission/999999-SNAPSHOT/extended-read-permission-999999-SNAPSHOT.jar
[INFO] ------------------------------------------------------------------------
[INFO] BUILD SUCCESS
[INFO] ------------------------------------------------------------------------
[INFO] Total time:  5.024 s
[INFO] Finished at: 2025-08-12T03:07:35Z
[INFO] ------------------------------------------------------------------------
