WARNING: A restricted method in java.lang.System has been called
WARNING: java.lang.System::load has been called by org.fusesource.jansi.internal.JansiLoader in an unnamed module (file:/home/poddingue/.sdkman/candidates/maven/current/lib/jansi-2.4.1.jar)
WARNING: Use --enable-native-access=ALL-UNNAMED to avoid a warning for callers in this module
WARNING: Restricted methods will be blocked in a future release unless native access is enabled

WARNING: A terminally deprecated method in sun.misc.Unsafe has been called
WARNING: sun.misc.Unsafe::objectFieldOffset has been called by com.google.common.util.concurrent.AbstractFuture$UnsafeAtomicHelper (file:/home/poddingue/.sdkman/candidates/maven/current/lib/guava-33.2.1-jre.jar)
WARNING: Please consider reporting this to the maintainers of class com.google.common.util.concurrent.AbstractFuture$UnsafeAtomicHelper
WARNING: sun.misc.Unsafe::objectFieldOffset will be removed in a future release
[INFO] Scanning for projects...
[INFO] 
[INFO] -------< jp.ikedam.jenkins.plugins:extensible-choice-parameter >--------
[INFO] Building Extensible Choice Parameter plugin 999999-SNAPSHOT
[INFO]   from pom.xml
[INFO] --------------------------------[ hpi ]---------------------------------
[INFO] 
[INFO] --- clean:3.4.0:clean (default-clean) @ extensible-choice-parameter ---
[INFO] 
[INFO] --- hpi:3.61:validate (default-validate) @ extensible-choice-parameter ---
[INFO] Created marker file /tmp/plugin-builds/extensible-choice-parameter/target/java-level/17
[INFO] 
[INFO] --- hpi:3.61:validate-hpi (default-validate-hpi) @ extensible-choice-parameter ---
[INFO] 
[INFO] --- enforcer:3.5.0:enforce (display-info) @ extensible-choice-parameter ---
[INFO] Rule 0: io.jenkins.tools.incrementals.enforcer.RequireExtensionVersion passed
[INFO] Rule 1: org.apache.maven.enforcer.rules.version.RequireMavenVersion passed
[INFO] Rule 2: org.apache.maven.enforcer.rules.version.RequireJavaVersion passed
[INFO] Rule 3: org.codehaus.mojo.extraenforcer.dependencies.EnforceBytecodeVersion passed
[INFO] Rule 4: org.apache.maven.enforcer.rules.dependency.BannedDependencies passed
[INFO] Rule 5: org.apache.maven.enforcer.rules.dependency.BannedDependencies passed
[INFO] Rule 6: org.apache.maven.enforcer.rules.dependency.RequireUpperBoundDeps passed
[INFO] 
[INFO] --- enforcer:3.5.0:enforce (no-snapshots-in-release) @ extensible-choice-parameter ---
[INFO] Rule 0: org.apache.maven.enforcer.rules.dependency.RequireReleaseDeps passed
[INFO] 
[INFO] --- localizer:1.31:generate (default) @ extensible-choice-parameter ---
[INFO] 
[INFO] --- resources:3.3.1:resources (default-resources) @ extensible-choice-parameter ---
[INFO] Copying 52 resources from src/main/resources to target/classes
[INFO] 
[INFO] --- flatten:1.6.0:flatten (flatten) @ extensible-choice-parameter ---
[INFO] Generating flattened POM of project jp.ikedam.jenkins.plugins:extensible-choice-parameter:hpi:999999-SNAPSHOT...
[INFO] 
[INFO] --- compiler:3.13.0:compile (default-compile) @ extensible-choice-parameter ---
[INFO] Recompiling the module because of changed source code.
[INFO] Compiling 13 source files with javac [debug parameters release 17] to target/classes
[INFO] jp.ikedam.jenkins.plugins.extensible_choice_parameter.ChoiceWatchQueueDecisionHandler indexed under hudson.Extension
[INFO] jp.ikedam.jenkins.plugins.extensible_choice_parameter.ChoiceWatchRunListener indexed under hudson.Extension
[INFO] jp.ikedam.jenkins.plugins.extensible_choice_parameter.ExtensibleChoiceParameterDefinition.DescriptorImpl indexed under hudson.Extension
[INFO] jp.ikedam.jenkins.plugins.extensible_choice_parameter.ExtensibleChoiceParameterDefinition.DescriptorVisibilityFilterImpl indexed under hudson.Extension
[INFO] jp.ikedam.jenkins.plugins.extensible_choice_parameter.FilenameChoiceListProvider.DescriptorImpl indexed under hudson.Extension
[INFO] jp.ikedam.jenkins.plugins.extensible_choice_parameter.GlobalTextareaChoiceListEntry.DescriptorImpl indexed under hudson.Extension
[INFO] jp.ikedam.jenkins.plugins.extensible_choice_parameter.GlobalTextareaChoiceListProvider.DescriptorImpl indexed under hudson.Extension
[INFO] jp.ikedam.jenkins.plugins.extensible_choice_parameter.SystemGroovyChoiceListProvider.DescriptorImpl indexed under hudson.Extension
[INFO] jp.ikedam.jenkins.plugins.extensible_choice_parameter.TextareaChoiceListProvider.DescriptorImpl indexed under hudson.Extension
[INFO] /tmp/plugin-builds/extensible-choice-parameter/src/main/java/jp/ikedam/jenkins/plugins/extensible_choice_parameter/ExtensibleChoiceParameterDefinition.java:[416,12] Generating jp/ikedam/jenkins/plugins/extensible_choice_parameter/ExtensibleChoiceParameterDefinition.stapler
[INFO] /tmp/plugin-builds/extensible-choice-parameter/src/main/java/jp/ikedam/jenkins/plugins/extensible_choice_parameter/FilenameChoiceListProvider.java:[188,12] Generating jp/ikedam/jenkins/plugins/extensible_choice_parameter/FilenameChoiceListProvider.stapler
[INFO] /tmp/plugin-builds/extensible-choice-parameter/src/main/java/jp/ikedam/jenkins/plugins/extensible_choice_parameter/GlobalTextareaChoiceListEntry.java:[171,12] Generating jp/ikedam/jenkins/plugins/extensible_choice_parameter/GlobalTextareaChoiceListEntry.stapler
[INFO] /tmp/plugin-builds/extensible-choice-parameter/src/main/java/jp/ikedam/jenkins/plugins/extensible_choice_parameter/GlobalTextareaChoiceListProvider.java:[260,12] Generating jp/ikedam/jenkins/plugins/extensible_choice_parameter/GlobalTextareaChoiceListProvider.stapler
[INFO] /tmp/plugin-builds/extensible-choice-parameter/src/main/java/jp/ikedam/jenkins/plugins/extensible_choice_parameter/SystemGroovyChoiceListProvider.java:[326,12] Generating jp/ikedam/jenkins/plugins/extensible_choice_parameter/SystemGroovyChoiceListProvider.stapler
[INFO] /tmp/plugin-builds/extensible-choice-parameter/src/main/java/jp/ikedam/jenkins/plugins/extensible_choice_parameter/TextareaChoiceListProvider.java:[159,12] Generating jp/ikedam/jenkins/plugins/extensible_choice_parameter/TextareaChoiceListProvider.stapler
[INFO] /tmp/plugin-builds/extensible-choice-parameter/src/main/java/jp/ikedam/jenkins/plugins/extensible_choice_parameter/ExtensibleChoiceParameterDefinition.java:[66,8] Generating jp/ikedam/jenkins/plugins/extensible_choice_parameter/ExtensibleChoiceParameterDefinition.javadoc
[INFO] /tmp/plugin-builds/extensible-choice-parameter/src/main/java/jp/ikedam/jenkins/plugins/extensible_choice_parameter/FilenameChoiceListProvider.java:[392,31] Generating jp/ikedam/jenkins/plugins/extensible_choice_parameter/FilenameChoiceListProvider/DescriptorImpl/doCheckIncludePattern.stapler
[INFO] /tmp/plugin-builds/extensible-choice-parameter/src/main/java/jp/ikedam/jenkins/plugins/extensible_choice_parameter/ExtensibleChoiceParameterDefinition.java:[264,31] Generating jp/ikedam/jenkins/plugins/extensible_choice_parameter/ExtensibleChoiceParameterDefinition/DescriptorImpl/doCheckName.stapler
[INFO] /tmp/plugin-builds/extensible-choice-parameter/src/main/java/jp/ikedam/jenkins/plugins/extensible_choice_parameter/SystemGroovyChoiceListProvider.java:[170,31] Generating jp/ikedam/jenkins/plugins/extensible_choice_parameter/SystemGroovyChoiceListProvider/DescriptorImpl/doTest.stapler
[INFO] /tmp/plugin-builds/extensible-choice-parameter/src/main/java/jp/ikedam/jenkins/plugins/extensible_choice_parameter/FilenameChoiceListProvider.java:[370,31] Generating jp/ikedam/jenkins/plugins/extensible_choice_parameter/FilenameChoiceListProvider/DescriptorImpl/doCheckBaseDirPath.stapler
[INFO] /tmp/plugin-builds/extensible-choice-parameter/src/main/java/jp/ikedam/jenkins/plugins/extensible_choice_parameter/SystemGroovyChoiceListProvider.java:[119,29] Generating jp/ikedam/jenkins/plugins/extensible_choice_parameter/SystemGroovyChoiceListProvider/DescriptorImpl/doFillDefaultChoiceItems.stapler
[INFO] /tmp/plugin-builds/extensible-choice-parameter/src/main/java/jp/ikedam/jenkins/plugins/extensible_choice_parameter/FilenameChoiceListProvider.java:[421,31] Generating jp/ikedam/jenkins/plugins/extensible_choice_parameter/FilenameChoiceListProvider/DescriptorImpl/doTest.stapler
[INFO] /tmp/plugin-builds/extensible-choice-parameter/src/main/java/jp/ikedam/jenkins/plugins/extensible_choice_parameter/GlobalTextareaChoiceListProvider.java:[127,29] Generating jp/ikedam/jenkins/plugins/extensible_choice_parameter/GlobalTextareaChoiceListProvider/DescriptorImpl/doFillDefaultChoiceItems.stapler
[INFO] /tmp/plugin-builds/extensible-choice-parameter/src/main/java/jp/ikedam/jenkins/plugins/extensible_choice_parameter/TextareaChoiceListProvider.java:[78,29] Generating jp/ikedam/jenkins/plugins/extensible_choice_parameter/TextareaChoiceListProvider/DescriptorImpl/doFillDefaultChoiceItems.stapler
[INFO] /tmp/plugin-builds/extensible-choice-parameter/src/main/java/jp/ikedam/jenkins/plugins/extensible_choice_parameter/FilenameChoiceListProvider.java:[408,31] Generating jp/ikedam/jenkins/plugins/extensible_choice_parameter/FilenameChoiceListProvider/DescriptorImpl/doCheckExcludePattern.stapler
[INFO] /tmp/plugin-builds/extensible-choice-parameter/src/main/java/jp/ikedam/jenkins/plugins/extensible_choice_parameter/ChoiceListProvider.java: Some input files use or override a deprecated API.
[INFO] /tmp/plugin-builds/extensible-choice-parameter/src/main/java/jp/ikedam/jenkins/plugins/extensible_choice_parameter/ChoiceListProvider.java: Recompile with -Xlint:deprecation for details.
[INFO] 
[INFO] --- access-modifier-checker:1.34:enforce (default-enforce) @ extensible-choice-parameter ---
[INFO] Skipping access modifier checks
[INFO] 
[INFO] --- hpi:3.61:insert-test (default-insert-test) @ extensible-choice-parameter ---
[INFO] 
[INFO] --- antrun:3.1.0:run (createTempDir) @ extensible-choice-parameter ---
[INFO] Executing tasks
[INFO]     [mkdir] Created dir: /tmp/plugin-builds/extensible-choice-parameter/target/tmp
[INFO] Executed tasks
[INFO] 
[INFO] --- resources:3.3.1:testResources (default-testResources) @ extensible-choice-parameter ---
[INFO] Copying 5 resources from src/test/resources to target/test-classes
[INFO] 
[INFO] --- compiler:3.13.0:testCompile (default-testCompile) @ extensible-choice-parameter ---
[INFO] Recompiling the module because of changed dependency.
[INFO] Compiling 14 source files with javac [debug parameters release 17] to target/test-classes
[INFO] jp.ikedam.jenkins.plugins.extensible_choice_parameter.ExtensibleChoiceParameterDefinitionJenkinsTest.MockChoiceListProvider.DescriptorImpl indexed under hudson.Extension
[INFO] jp.ikedam.jenkins.plugins.extensible_choice_parameter.ExtensibleChoiceParameterDefinitionJenkinsTest.EnableConfigurableMockChoiceListProvider.DescriptorImpl indexed under hudson.Extension
[INFO] /tmp/plugin-builds/extensible-choice-parameter/src/test/java/jp/ikedam/jenkins/plugins/extensible_choice_parameter/ExtensibleChoiceParameterDefinitionJenkinsTest.java:[172,16] Generating jp/ikedam/jenkins/plugins/extensible_choice_parameter/ExtensibleChoiceParameterDefinitionJenkinsTest/MockChoiceListProvider.stapler
[INFO] /tmp/plugin-builds/extensible-choice-parameter/src/test/java/jp/ikedam/jenkins/plugins/extensible_choice_parameter/ExtensibleChoiceParameterDefinitionJenkinsTest.java:[216,16] Generating jp/ikedam/jenkins/plugins/extensible_choice_parameter/ExtensibleChoiceParameterDefinitionJenkinsTest/EnableConfigurableMockChoiceListProvider.stapler
[INFO] /tmp/plugin-builds/extensible-choice-parameter/src/test/java/jp/ikedam/jenkins/plugins/extensible_choice_parameter/FilenameChoiceListProviderJenkinsTest.java: Some input files use or override a deprecated API.
[INFO] /tmp/plugin-builds/extensible-choice-parameter/src/test/java/jp/ikedam/jenkins/plugins/extensible_choice_parameter/FilenameChoiceListProviderJenkinsTest.java: Recompile with -Xlint:deprecation for details.
[INFO] /tmp/plugin-builds/extensible-choice-parameter/src/test/java/jp/ikedam/jenkins/plugins/extensible_choice_parameter/GlobalTextareaChoiceListProviderJenkinsTest.java: Some input files use unchecked or unsafe operations.
[INFO] /tmp/plugin-builds/extensible-choice-parameter/src/test/java/jp/ikedam/jenkins/plugins/extensible_choice_parameter/GlobalTextareaChoiceListProviderJenkinsTest.java: Recompile with -Xlint:unchecked for details.
[INFO] 
[INFO] --- hpi:3.61:test-hpl (default-test-hpl) @ extensible-choice-parameter ---
[INFO] Generating /tmp/plugin-builds/extensible-choice-parameter/target/test-classes/the.hpl
[INFO] 
[INFO] --- hpi:3.61:resolve-test-dependencies (default-resolve-test-dependencies) @ extensible-choice-parameter ---
[INFO] 
[INFO] --- hpi:3.61:test-runtime (default-test-runtime) @ extensible-choice-parameter ---
[INFO] Tests are skipped.
[INFO] 
[INFO] --- surefire:3.5.2:test (default-test) @ extensible-choice-parameter ---
[INFO] Tests are skipped.
[INFO] 
[INFO] --- license:165.v7e11f4e4a_325:process (default) @ extensible-choice-parameter ---
[INFO] 
[INFO] --- hpi:3.61:hpi (default-hpi) @ extensible-choice-parameter ---
[INFO] Generating /tmp/plugin-builds/extensible-choice-parameter/target/extensible-choice-parameter/META-INF/MANIFEST.MF
[INFO] Checking for attached .jar artifact ...
[INFO] Generating jar /tmp/plugin-builds/extensible-choice-parameter/target/extensible-choice-parameter.jar
[INFO] Building jar: /tmp/plugin-builds/extensible-choice-parameter/target/extensible-choice-parameter.jar
[INFO] Exploding webapp...
[INFO] Copy webapp webResources to /tmp/plugin-builds/extensible-choice-parameter/target/extensible-choice-parameter
[INFO] Assembling webapp extensible-choice-parameter in /tmp/plugin-builds/extensible-choice-parameter/target/extensible-choice-parameter
[INFO] Generating hpi /tmp/plugin-builds/extensible-choice-parameter/target/extensible-choice-parameter.hpi
[INFO] Building jar: /tmp/plugin-builds/extensible-choice-parameter/target/extensible-choice-parameter.hpi
[INFO] 
[INFO] --- jar:3.4.2:test-jar (maybe-test-jar) @ extensible-choice-parameter ---
[INFO] Skipping packaging of the test-jar
[INFO] 
[INFO] >>> spotbugs:4.8.3.1:check (spotbugs) > :spotbugs @ extensible-choice-parameter >>>
[INFO] 
[INFO] --- spotbugs:4.8.3.1:spotbugs (spotbugs) @ extensible-choice-parameter ---
[INFO] 
[INFO] <<< spotbugs:4.8.3.1:check (spotbugs) < :spotbugs @ extensible-choice-parameter <<<
[INFO] 
[INFO] 
[INFO] --- spotbugs:4.8.3.1:check (spotbugs) @ extensible-choice-parameter ---
[INFO] Spotbugs plugin skipped
[INFO] 
[INFO] --- spotless:2.44.2:check (default) @ extensible-choice-parameter ---
[INFO] Spotless check skipped
[INFO] 
[INFO] --- install:3.1.3:install (default-install) @ extensible-choice-parameter ---
[INFO] Installing /tmp/plugin-builds/extensible-choice-parameter/target/extensible-choice-parameter-999999-SNAPSHOT.pom to /home/poddingue/.m2/repository/jp/ikedam/jenkins/plugins/extensible-choice-parameter/999999-SNAPSHOT/extensible-choice-parameter-999999-SNAPSHOT.pom
[INFO] Installing /tmp/plugin-builds/extensible-choice-parameter/target/extensible-choice-parameter.hpi to /home/poddingue/.m2/repository/jp/ikedam/jenkins/plugins/extensible-choice-parameter/999999-SNAPSHOT/extensible-choice-parameter-999999-SNAPSHOT.hpi
[INFO] Installing /tmp/plugin-builds/extensible-choice-parameter/target/extensible-choice-parameter.jar to /home/poddingue/.m2/repository/jp/ikedam/jenkins/plugins/extensible-choice-parameter/999999-SNAPSHOT/extensible-choice-parameter-999999-SNAPSHOT.jar
[INFO] ------------------------------------------------------------------------
[INFO] BUILD SUCCESS
[INFO] ------------------------------------------------------------------------
[INFO] Total time:  8.453 s
[INFO] Finished at: 2025-06-22T16:53:59+02:00
[INFO] ------------------------------------------------------------------------
