WARNING: A terminally deprecated method in sun.misc.Unsafe has been called
WARNING: sun.misc.Unsafe::staticFieldBase has been called by com.google.inject.internal.aop.HiddenClassDefiner (file:/usr/share/apache-maven-3.9.11/lib/guice-5.1.0-classes.jar)
WARNING: Please consider reporting this to the maintainers of class com.google.inject.internal.aop.HiddenClassDefiner
WARNING: sun.misc.Unsafe::staticFieldBase will be removed in a future release
[INFO] Scanning for projects...
[INFO] Artifact org.jenkins-ci.tools:maven-hpi-plugin:pom:3.1746.v2e9fe7dc4d95 is present in the local repository, but cached from a remote repository ID that is unavailable in current build context, verifying that is downloadable from [incrementals (https://repo.jenkins-ci.org/incrementals/, default, releases), central (https://repo.maven.apache.org/maven2, default, releases)]
[INFO] Artifact org.jenkins-ci.tools:maven-hpi-plugin:pom:3.1746.v2e9fe7dc4d95 is present in the local repository, but cached from a remote repository ID that is unavailable in current build context, verifying that is downloadable from [incrementals (https://repo.jenkins-ci.org/incrementals/, default, releases), central (https://repo.maven.apache.org/maven2, default, releases)]
[WARNING] The POM for org.jenkins-ci.tools:maven-hpi-plugin:jar:3.1746.v2e9fe7dc4d95 is missing, no dependency information available
[INFO] Artifact org.jenkins-ci.tools:maven-hpi-plugin:jar:3.1746.v2e9fe7dc4d95 is present in the local repository, but cached from a remote repository ID that is unavailable in current build context, verifying that is downloadable from [incrementals (https://repo.jenkins-ci.org/incrementals/, default, releases), central (https://repo.maven.apache.org/maven2, default, releases)]
[INFO] Artifact org.jenkins-ci.tools:maven-hpi-plugin:jar:3.1746.v2e9fe7dc4d95 is present in the local repository, but cached from a remote repository ID that is unavailable in current build context, verifying that is downloadable from [incrementals (https://repo.jenkins-ci.org/incrementals/, default, releases), central (https://repo.maven.apache.org/maven2, default, releases)]
[WARNING] Failed to build parent project for org.jvnet.hudson.plugins:favorite:hpi:2.999999-SNAPSHOT
[INFO] 
[INFO] -----------------< org.jvnet.hudson.plugins:favorite >------------------
[INFO] Building Favorite 2.999999-SNAPSHOT
[INFO]   from pom.xml
[INFO] --------------------------------[ hpi ]---------------------------------
[INFO] 
[INFO] --- clean:3.5.0:clean (default-clean) @ favorite ---
[INFO] 
[INFO] --- hpi:3.1746.v2e9fe7dc4d95:validate (default-validate) @ favorite ---
[INFO] Created marker file /tmp/plugin-builds/favorite/target/java-level/17
[INFO] 
[INFO] --- hpi:3.1746.v2e9fe7dc4d95:validate-hpi (default-validate-hpi) @ favorite ---
[INFO] 
[INFO] --- enforcer:3.6.1:enforce (display-info) @ favorite ---
[INFO] Rule 0: io.jenkins.tools.incrementals.enforcer.RequireExtensionVersion passed
[INFO] Rule 1: org.apache.maven.enforcer.rules.version.RequireMavenVersion passed
[INFO] Rule 2: org.apache.maven.enforcer.rules.version.RequireJavaVersion passed
[INFO] Rule 3: org.codehaus.mojo.extraenforcer.dependencies.EnforceBytecodeVersion passed
[INFO] Rule 4: org.apache.maven.enforcer.rules.dependency.BannedDependencies passed
[INFO] Rule 5: org.apache.maven.enforcer.rules.dependency.BannedDependencies passed
[INFO] Ignoring requireUpperBoundDeps in org.ow2.asm:asm
[INFO] Rule 6: org.apache.maven.enforcer.rules.dependency.RequireUpperBoundDeps passed
[INFO] 
[INFO] --- enforcer:3.6.1:enforce (no-snapshots-in-release) @ favorite ---
[INFO] Rule 0: org.apache.maven.enforcer.rules.dependency.RequireReleaseDeps passed
[INFO] 
[INFO] --- localizer:1.31:generate (default) @ favorite ---
[INFO] 
[INFO] --- enforcer:3.6.1:enforce (check-junit-imports) @ favorite ---
[INFO] Rule 0: org.apache.maven.plugins.enforcer.RestrictImports passed
[INFO] 
[INFO] --- resources:3.3.1:resources (default-resources) @ favorite ---
[INFO] Copying 16 resources from src/main/resources to target/classes
[INFO] 
[INFO] --- flatten:1.7.2:flatten (flatten) @ favorite ---
[INFO] Generating flattened POM of project org.jvnet.hudson.plugins:favorite:hpi:2.999999-SNAPSHOT...
[INFO] 
[INFO] --- compiler:3.14.0:compile (default-compile) @ favorite ---
[INFO] Recompiling the module because of changed source code.
[INFO] Compiling 13 source files with javac [debug parameters release 17] to target/classes
[INFO] hudson.plugins.favorite.column.FavoriteColumn.DESCRIPTOR indexed under hudson.Extension
[INFO] hudson.plugins.favorite.filter.FavoriteFilterDescriptor indexed under hudson.Extension
[INFO] hudson.plugins.favorite.project.FavoriteProjectActionFactory indexed under hudson.Extension
[INFO] hudson.plugins.favorite.token.FavoriteUsersEmailTokenMacro indexed under hudson.Extension
[INFO] hudson.plugins.favorite.user.FavoriteJobListener indexed under hudson.Extension
[INFO] hudson.plugins.favorite.user.FavoriteUserProperty.DESCRIPTOR indexed under hudson.Extension
[INFO] /tmp/plugin-builds/favorite/src/main/java/hudson/plugins/favorite/column/FavoriteColumn.java:[18,12] Generating hudson/plugins/favorite/column/FavoriteColumn.stapler
[INFO] /tmp/plugin-builds/favorite/src/main/java/hudson/plugins/favorite/filter/FavoriteFilter.java:[14,12] Generating hudson/plugins/favorite/filter/FavoriteFilter.stapler
[INFO] /tmp/plugin-builds/favorite/src/main/java/hudson/plugins/favorite/user/FavoriteUserProperty.java:[46,12] Generating hudson/plugins/favorite/user/FavoriteUserProperty.stapler
[INFO] /tmp/plugin-builds/favorite/src/main/java/hudson/plugins/favorite/FavoritePlugin.java:[22,17] Generating hudson/plugins/favorite/FavoritePlugin/doToggleFavorite.stapler
[INFO] /tmp/plugin-builds/favorite/src/main/java/hudson/plugins/favorite/FavoritePlugin.java: /tmp/plugin-builds/favorite/src/main/java/hudson/plugins/favorite/FavoritePlugin.java uses or overrides a deprecated API.
[INFO] /tmp/plugin-builds/favorite/src/main/java/hudson/plugins/favorite/FavoritePlugin.java: Recompile with -Xlint:deprecation for details.
[INFO] 
[INFO] --- access-modifier-checker:1.35:enforce (default-enforce) @ favorite ---
[INFO] 
[INFO] --- bridge-method-injector:1.32:process (default) @ favorite ---
[INFO] 
[INFO] --- hpi:3.1746.v2e9fe7dc4d95:insert-test (default-insert-test) @ favorite ---
[INFO] 
[INFO] --- antrun:3.1.0:run (createTempDir) @ favorite ---
[INFO] Executing tasks
[INFO]     [mkdir] Created dir: /tmp/plugin-builds/favorite/target/tmp
[INFO] Executed tasks
[INFO] 
[INFO] --- resources:3.3.1:testResources (default-testResources) @ favorite ---
[INFO] Not copying test resources
[INFO] 
[INFO] --- compiler:3.14.0:testCompile (default-testCompile) @ favorite ---
[INFO] Not compiling test sources
[INFO] 
[INFO] --- hpi:3.1746.v2e9fe7dc4d95:test-hpl (default-test-hpl) @ favorite ---
[INFO] Generating /tmp/plugin-builds/favorite/target/test-classes/the.hpl
[INFO] 
[INFO] --- hpi:3.1746.v2e9fe7dc4d95:resolve-test-dependencies (default-resolve-test-dependencies) @ favorite ---
[INFO] 
[INFO] --- hpi:3.1746.v2e9fe7dc4d95:test-runtime (default-test-runtime) @ favorite ---
[INFO] Tests are skipped.
[INFO] 
[INFO] --- surefire:3.5.2:test (default-test) @ favorite ---
[INFO] Tests are skipped.
[INFO] 
[INFO] --- license:184.v19c87b_6b_a_9a_c:process (default) @ favorite ---
[INFO] Generated /tmp/plugin-builds/favorite/target/favorite/WEB-INF/licenses.xml
[INFO] 
[INFO] --- hpi:3.1746.v2e9fe7dc4d95:hpi (default-hpi) @ favorite ---
[INFO] Generating /tmp/plugin-builds/favorite/target/favorite/META-INF/MANIFEST.MF
[INFO] Checking for attached .jar artifact ...
[INFO] Generating jar /tmp/plugin-builds/favorite/target/favorite.jar
[INFO] Building jar: /tmp/plugin-builds/favorite/target/favorite.jar
[INFO] Exploding webapp...
[INFO] Copy webapp webResources to /tmp/plugin-builds/favorite/target/favorite
[INFO] Assembling webapp favorite in /tmp/plugin-builds/favorite/target/favorite
[INFO] Generating hpi /tmp/plugin-builds/favorite/target/favorite.hpi
[INFO] Building jar: /tmp/plugin-builds/favorite/target/favorite.hpi
[INFO] 
[INFO] --- jar:3.4.2:test-jar (maybe-test-jar) @ favorite ---
[INFO] Skipping packaging of the test-jar
[INFO] 
[INFO] >>> spotbugs:4.9.4.0:check (spotbugs) > :spotbugs @ favorite >>>
[INFO] 
[INFO] --- spotbugs:4.9.4.0:spotbugs (spotbugs) @ favorite ---
[INFO] Fork Value is true
[INFO] Done SpotBugs Analysis....
[INFO] Rendering content with org.apache.maven.skins:maven-fluido-skin:jar:2.0.0-M9 skin
[INFO] 
[INFO] <<< spotbugs:4.9.4.0:check (spotbugs) < :spotbugs @ favorite <<<
[INFO] 
[INFO] 
[INFO] --- spotbugs:4.9.4.0:check (spotbugs) @ favorite ---
[INFO] BugInstance size is 1
[INFO] Error size is 0
[INFO] Total bugs: 1
[ERROR] Low: Unread field: hudson.plugins.favorite.user.FavoriteUserProperty.lastValidated [hudson.plugins.favorite.user.FavoriteUserProperty] At FavoriteUserProperty.java:[line 58] URF_UNREAD_FIELD
[INFO] 


To see bug detail using the Spotbugs GUI, use the following command "mvn spotbugs:gui"



[INFO] 
[INFO] --- spotless:2.46.1:check (default) @ favorite ---
[INFO] Spotless check skipped
[INFO] 
[INFO] --- install:3.1.4:install (default-install) @ favorite ---
[INFO] Installing /tmp/plugin-builds/favorite/target/favorite-2.999999-SNAPSHOT.pom to /home/runner/.m2/repository/org/jvnet/hudson/plugins/favorite/2.999999-SNAPSHOT/favorite-2.999999-SNAPSHOT.pom
[INFO] Installing /tmp/plugin-builds/favorite/target/favorite.hpi to /home/runner/.m2/repository/org/jvnet/hudson/plugins/favorite/2.999999-SNAPSHOT/favorite-2.999999-SNAPSHOT.hpi
[INFO] Installing /tmp/plugin-builds/favorite/target/favorite.jar to /home/runner/.m2/repository/org/jvnet/hudson/plugins/favorite/2.999999-SNAPSHOT/favorite-2.999999-SNAPSHOT.jar
[INFO] ------------------------------------------------------------------------
[INFO] BUILD SUCCESS
[INFO] ------------------------------------------------------------------------
[INFO] Total time:  43.789 s
[INFO] Finished at: 2025-12-02T02:29:22Z
[INFO] ------------------------------------------------------------------------
