WARNING: A restricted method in java.lang.System has been called
WARNING: java.lang.System::load has been called by org.fusesource.jansi.internal.JansiLoader in an unnamed module (file:/home/poddingue/.sdkman/candidates/maven/current/lib/jansi-2.4.1.jar)
WARNING: Use --enable-native-access=ALL-UNNAMED to avoid a warning for callers in this module
WARNING: Restricted methods will be blocked in a future release unless native access is enabled

WARNING: A terminally deprecated method in sun.misc.Unsafe has been called
WARNING: sun.misc.Unsafe::objectFieldOffset has been called by com.google.common.util.concurrent.AbstractFuture$UnsafeAtomicHelper (file:/home/poddingue/.sdkman/candidates/maven/current/lib/guava-33.2.1-jre.jar)
WARNING: Please consider reporting this to the maintainers of class com.google.common.util.concurrent.AbstractFuture$UnsafeAtomicHelper
WARNING: sun.misc.Unsafe::objectFieldOffset will be removed in a future release
[INFO] Scanning for projects...
[INFO] 
[INFO] ----------------< io.jenkins.plugins:font-awesome-api >-----------------
[INFO] Building Font Awesome API Plugin 6.7.2-2-SNAPSHOT
[INFO]   from pom.xml
[INFO] --------------------------------[ hpi ]---------------------------------
[INFO] 
[INFO] --- clean:3.4.1:clean (default-clean) @ font-awesome-api ---
[INFO] Deleting /tmp/plugin-builds/font-awesome-api (includes = [package-lock.json], excludes = [])
[INFO] 
[INFO] --- hpi:3.61:validate (default-validate) @ font-awesome-api ---
[INFO] Created marker file /tmp/plugin-builds/font-awesome-api/target/java-level/17
[INFO] 
[INFO] --- hpi:3.61:validate-hpi (default-validate-hpi) @ font-awesome-api ---
[INFO] 
[INFO] --- enforcer:3.5.0:enforce (display-info) @ font-awesome-api ---
[INFO] Rule 0: org.apache.maven.enforcer.rules.dependency.RequireUpperBoundDeps passed
[INFO] Rule 1: io.jenkins.tools.incrementals.enforcer.RequireExtensionVersion passed
[INFO] Rule 2: org.apache.maven.enforcer.rules.version.RequireMavenVersion passed
[INFO] Rule 3: org.apache.maven.enforcer.rules.version.RequireJavaVersion passed
[INFO] Rule 4: org.codehaus.mojo.extraenforcer.dependencies.EnforceBytecodeVersion passed
[INFO] Rule 5: org.apache.maven.enforcer.rules.dependency.BannedDependencies passed
[INFO] Rule 6: org.apache.maven.enforcer.rules.dependency.BannedDependencies passed
[INFO] 
[INFO] --- enforcer:3.5.0:enforce (no-snapshots-in-release) @ font-awesome-api ---
[INFO] Rule 0: org.apache.maven.enforcer.rules.dependency.RequireReleaseDeps passed
[INFO] 
[INFO] --- frontend:1.15.1:install-node-and-npm (install node and npm) @ font-awesome-api ---
[INFO] Installing node version v22.13.1
[INFO] Unpacking /home/poddingue/.m2/repository/com/github/eirslett/node/22.13.1/node-22.13.1-linux-x64.tar.gz into /tmp/plugin-builds/font-awesome-api/node/tmp
[INFO] Copying node binary from /tmp/plugin-builds/font-awesome-api/node/tmp/node-v22.13.1-linux-x64/bin/node to /tmp/plugin-builds/font-awesome-api/node/node
[INFO] Installed node locally.
[INFO] Installing npm version 10.9.2
[INFO] Unpacking /home/poddingue/.m2/repository/com/github/eirslett/npm/10.9.2/npm-10.9.2.tar.gz into /tmp/plugin-builds/font-awesome-api/node/node_modules
[INFO] Installed npm locally.
[INFO] 
[INFO] --- frontend:1.15.1:npm (npm install) @ font-awesome-api ---
[INFO] Running 'npm install' in /tmp/plugin-builds/font-awesome-api
[INFO] 
[INFO] added 226 packages, and audited 227 packages in 3s
[INFO] 
[INFO] 113 packages are looking for funding
[INFO]   run `npm fund` for details
[INFO] 
[INFO] found 0 vulnerabilities
[INFO] 
[INFO] --- localizer:1.31:generate (default) @ font-awesome-api ---
[INFO] 
[INFO] --- frontend:1.15.1:npm (npm mvnbuild) @ font-awesome-api ---
[INFO] Running 'npm run mvnbuild' in /tmp/plugin-builds/font-awesome-api
[INFO] 
[INFO] >>> javadoc:3.11.2:javadoc (default) > generate-sources @ font-awesome-api >>>
[INFO] 
[INFO] --- hpi:3.61:validate (default-validate) @ font-awesome-api ---
[INFO] 
[INFO] --- hpi:3.61:validate-hpi (default-validate-hpi) @ font-awesome-api ---
[INFO] 
[INFO] --- enforcer:3.5.0:enforce (display-info) @ font-awesome-api ---
[INFO] Rule 0: org.apache.maven.enforcer.rules.dependency.RequireUpperBoundDeps passed
[INFO] Rule 4: org.codehaus.mojo.extraenforcer.dependencies.EnforceBytecodeVersion passed
[INFO] Rule 5: org.apache.maven.enforcer.rules.dependency.BannedDependencies passed
[INFO] Rule 6: org.apache.maven.enforcer.rules.dependency.BannedDependencies passed
[INFO] 
[INFO] --- enforcer:3.5.0:enforce (no-snapshots-in-release) @ font-awesome-api ---
[INFO] Rule 0: org.apache.maven.enforcer.rules.dependency.RequireReleaseDeps passed
[INFO] 
[INFO] --- frontend:1.15.1:install-node-and-npm (install node and npm) @ font-awesome-api ---
[INFO] Node v22.13.1 is already installed.
[INFO] NPM 10.9.2 is already installed.
[INFO] 
[INFO] --- frontend:1.15.1:npm (npm install) @ font-awesome-api ---
[INFO] Running 'npm install' in /tmp/plugin-builds/font-awesome-api
[INFO] 
[INFO] up to date, audited 227 packages in 801ms
[INFO] 
[INFO] 113 packages are looking for funding
[INFO]   run `npm fund` for details
[INFO] 
[INFO] found 0 vulnerabilities
[INFO] 
[INFO] --- localizer:1.31:generate (default) @ font-awesome-api ---
[INFO] 
[INFO] --- frontend:1.15.1:npm (npm mvnbuild) @ font-awesome-api ---
[INFO] Running 'npm run mvnbuild' in /tmp/plugin-builds/font-awesome-api
[INFO] 
[INFO] <<< javadoc:3.11.2:javadoc (default) < generate-sources @ font-awesome-api <<<
[INFO] 
[INFO] 
[INFO] --- javadoc:3.11.2:javadoc (default) @ font-awesome-api ---
[INFO] Skipping org.apache.maven.plugins:maven-javadoc-plugin:3.11.2:javadoc report goal
[INFO] 
[INFO] --- resources:3.3.1:resources (default-resources) @ font-awesome-api ---
[INFO] Copying 4 resources from src/main/resources to target/classes
[INFO] 
[INFO] --- flatten:1.7.0:flatten (flatten) @ font-awesome-api ---
[INFO] Generating flattened POM of project io.jenkins.plugins:font-awesome-api:hpi:6.7.2-2-SNAPSHOT...
[INFO] 
[INFO] --- resources:3.3.1:copy-resources (copy-icons) @ font-awesome-api ---
[INFO] Copying 2060 resources from node_modules/@fortawesome/fontawesome-free/svgs to target/classes/images/symbols
[INFO] 
[INFO] --- antrun:3.1.0:run (default) @ font-awesome-api ---
[INFO] Executing tasks
[INFO] Executed tasks
[INFO] 
[INFO] --- compiler:3.14.0:compile (default-compile) @ font-awesome-api ---
[INFO] Recompiling the module because of changed source code.
[INFO] Compiling 2 source files with javac [debug parameters release 17] to target/classes
[INFO] 
[INFO] --- access-modifier-checker:1.34:enforce (default-enforce) @ font-awesome-api ---
[INFO] Skipping access modifier checks
[INFO] 
[INFO] --- hpi:3.61:insert-test (default-insert-test) @ font-awesome-api ---
[INFO] 
[INFO] --- antrun:3.1.0:run (createTempDir) @ font-awesome-api ---
[INFO] Executing tasks
[INFO]     [mkdir] Created dir: /tmp/plugin-builds/font-awesome-api/target/tmp
[INFO] Executed tasks
[INFO] 
[INFO] --- resources:3.3.1:testResources (default-testResources) @ font-awesome-api ---
[INFO] Not copying test resources
[INFO] 
[INFO] --- compiler:3.14.0:testCompile (default-testCompile) @ font-awesome-api ---
[INFO] Not compiling test sources
[INFO] 
[INFO] --- hpi:3.61:test-hpl (default-test-hpl) @ font-awesome-api ---
[INFO] Generating /tmp/plugin-builds/font-awesome-api/target/test-classes/the.hpl
[INFO] 
[INFO] --- hpi:3.61:resolve-test-dependencies (default-resolve-test-dependencies) @ font-awesome-api ---
[INFO] 
[INFO] --- hpi:3.61:test-runtime (default-test-runtime) @ font-awesome-api ---
[INFO] Tests are skipped.
[INFO] 
[INFO] --- jacoco:0.8.12:prepare-agent (default) @ font-awesome-api ---
[INFO] argLine set to -javaagent:/home/poddingue/.m2/repository/org/jacoco/org.jacoco.agent/0.8.12/org.jacoco.agent-0.8.12-runtime.jar=destfile=/tmp/plugin-builds/font-awesome-api/target/jacoco.exec,includes=io/jenkins/plugins/**/* -Xms768M -Xmx768M -XX:+HeapDumpOnOutOfMemoryError -XX:+TieredCompilation -XX:TieredStopAtLevel=1 @{jenkins.addOpens} @{jenkins.insaneHook}
[INFO] 
[INFO] --- surefire:3.5.2:test (default-test) @ font-awesome-api ---
[INFO] Tests are skipped.
[INFO] 
[INFO] --- frontend:1.15.1:npm (npm mvntest) @ font-awesome-api ---
[INFO] Running 'npm run mvntest' in /tmp/plugin-builds/font-awesome-api
[INFO] 
[INFO] --- license:165.v7e11f4e4a_325:process (default) @ font-awesome-api ---
[INFO] 
[INFO] --- hpi:3.61:hpi (default-hpi) @ font-awesome-api ---
[INFO] Generating /tmp/plugin-builds/font-awesome-api/target/font-awesome-api/META-INF/MANIFEST.MF
[INFO] Checking for attached .jar artifact ...
[INFO] Generating jar /tmp/plugin-builds/font-awesome-api/target/font-awesome-api.jar
[INFO] Building jar: /tmp/plugin-builds/font-awesome-api/target/font-awesome-api.jar
[INFO] Exploding webapp...
[INFO] Copy webapp webResources to /tmp/plugin-builds/font-awesome-api/target/font-awesome-api
[INFO] Assembling webapp font-awesome-api in /tmp/plugin-builds/font-awesome-api/target/font-awesome-api
[INFO] Generating hpi /tmp/plugin-builds/font-awesome-api/target/font-awesome-api.hpi
[INFO] Building jar: /tmp/plugin-builds/font-awesome-api/target/font-awesome-api.hpi
[INFO] 
[INFO] --- jar:3.4.2:test-jar (maybe-test-jar) @ font-awesome-api ---
[INFO] Skipping packaging of the test-jar
[INFO] 
[INFO] --- jar:3.4.2:test-jar (default) @ font-awesome-api ---
[INFO] Skipping packaging of the test-jar
[INFO] 
[INFO] --- failsafe:3.5.2:integration-test (default) @ font-awesome-api ---
[INFO] Tests are skipped.
[INFO] 
[INFO] --- pmd:3.26.0:pmd (run-pmd-java) @ font-awesome-api ---
[INFO] Skipping org.apache.maven.plugins:maven-pmd-plugin:3.26.0:pmd report goal
[INFO] 
[INFO] >>> pmd:3.26.0:check (run-pmd-java) > :pmd @ font-awesome-api >>>
[INFO] 
[INFO] --- pmd:3.26.0:pmd (pmd) @ font-awesome-api ---
[INFO] Skipping org.apache.maven.plugins:maven-pmd-plugin:3.26.0:pmd report goal
[INFO] 
[INFO] <<< pmd:3.26.0:check (run-pmd-java) < :pmd @ font-awesome-api <<<
[INFO] 
[INFO] 
[INFO] --- pmd:3.26.0:check (run-pmd-java) @ font-awesome-api ---
[INFO] Skipping PMD execution
[INFO] 
[INFO] --- pmd:3.26.0:cpd (run-pmd-java) @ font-awesome-api ---
[INFO] Skipping org.apache.maven.plugins:maven-pmd-plugin:3.26.0:cpd report goal
[INFO] 
[INFO] --- pmd:3.26.0:pmd (run-pmd-tests) @ font-awesome-api ---
[INFO] Skipping org.apache.maven.plugins:maven-pmd-plugin:3.26.0:pmd report goal
[INFO] 
[INFO] >>> pmd:3.26.0:check (run-pmd-tests) > :pmd @ font-awesome-api >>>
[INFO] 
[INFO] --- pmd:3.26.0:pmd (pmd) @ font-awesome-api ---
[INFO] Skipping org.apache.maven.plugins:maven-pmd-plugin:3.26.0:pmd report goal
[INFO] 
[INFO] <<< pmd:3.26.0:check (run-pmd-tests) < :pmd @ font-awesome-api <<<
[INFO] 
[INFO] 
[INFO] --- pmd:3.26.0:check (run-pmd-tests) @ font-awesome-api ---
[INFO] Skipping PMD execution
[INFO] 
[INFO] --- pmd:3.26.0:cpd (run-pmd-tests) @ font-awesome-api ---
[INFO] Skipping org.apache.maven.plugins:maven-pmd-plugin:3.26.0:cpd report goal
[INFO] 
[INFO] --- pmd:3.26.0:pmd (run-pmd-javascript) @ font-awesome-api ---
[INFO] Skipping org.apache.maven.plugins:maven-pmd-plugin:3.26.0:pmd report goal
[INFO] 
[INFO] >>> pmd:3.26.0:check (run-pmd-javascript) > :pmd @ font-awesome-api >>>
[INFO] 
[INFO] --- pmd:3.26.0:pmd (pmd) @ font-awesome-api ---
[INFO] Skipping org.apache.maven.plugins:maven-pmd-plugin:3.26.0:pmd report goal
[INFO] 
[INFO] <<< pmd:3.26.0:check (run-pmd-javascript) < :pmd @ font-awesome-api <<<
[INFO] 
[INFO] 
[INFO] --- pmd:3.26.0:check (run-pmd-javascript) @ font-awesome-api ---
[INFO] Skipping PMD execution
[INFO] 
[INFO] --- pmd:3.26.0:pmd (run-pmd-metrics) @ font-awesome-api ---
[INFO] Skipping org.apache.maven.plugins:maven-pmd-plugin:3.26.0:pmd report goal
[INFO] 
[INFO] --- checkstyle:3.6.0:check (run-checkstyle-java) @ font-awesome-api ---
[INFO] 
[INFO] --- checkstyle:3.6.0:check (run-checkstyle-tests) @ font-awesome-api ---
[INFO] 
[INFO] >>> spotbugs:4.8.6.6:check (spotbugs) > :spotbugs @ font-awesome-api >>>
[INFO] 
[INFO] --- spotbugs:4.8.6.6:spotbugs (spotbugs) @ font-awesome-api ---
[INFO] 
[INFO] <<< spotbugs:4.8.6.6:check (spotbugs) < :spotbugs @ font-awesome-api <<<
[INFO] 
[INFO] 
[INFO] --- spotbugs:4.8.6.6:check (spotbugs) @ font-awesome-api ---
[INFO] Spotbugs plugin skipped
[INFO] 
[INFO] --- spotless:2.44.3:check (default) @ font-awesome-api ---
[INFO] Spotless check skipped
[INFO] 
[INFO] --- failsafe:3.5.2:verify (default) @ font-awesome-api ---
[INFO] Tests are skipped.
[INFO] 
[INFO] --- jacoco:0.8.12:report (report) @ font-awesome-api ---
[INFO] Skipping JaCoCo execution due to missing execution data file.
[INFO] 
[INFO] --- revapi:0.15.0:check (run-revapi) @ font-awesome-api ---
[WARNING] 1 problem was encountered while building the effective model for org.jboss:jboss-dmr:jar:1.2.0.Final during dependency collection step for plugin (use -X to see details)
Downloading from incrementals.jenkins-ci.org: https://repo.jenkins-ci.org/incrementals/io/jenkins/plugins/font-awesome-api/maven-metadata.xml
Downloading from incrementals: https://repo.jenkins-ci.org/incrementals/io/jenkins/plugins/font-awesome-api/maven-metadata.xml
Downloading from repo.jenkins-ci.org: https://repo.jenkins-ci.org/public/io/jenkins/plugins/font-awesome-api/maven-metadata.xml
Downloading from central: https://repo.maven.apache.org/maven2/io/jenkins/plugins/font-awesome-api/maven-metadata.xml
Progress (1): 0.4/1.7 kBProgress (1): 1.7 kB                        Downloaded from incrementals.jenkins-ci.org: https://repo.jenkins-ci.org/incrementals/io/jenkins/plugins/font-awesome-api/maven-metadata.xml (1.7 kB at 3.4 kB/s)
Progress (1): 0.4/1.7 kBProgress (1): 1.7 kB                        Downloaded from incrementals: https://repo.jenkins-ci.org/incrementals/io/jenkins/plugins/font-awesome-api/maven-metadata.xml (1.7 kB at 3.4 kB/s)
Progress (1): 0.4/2.0 kBProgress (1): 1.8/2.0 kBProgress (1): 2.0 kB                        Downloaded from repo.jenkins-ci.org: https://repo.jenkins-ci.org/public/io/jenkins/plugins/font-awesome-api/maven-metadata.xml (2.0 kB at 4.1 kB/s)
[INFO] Comparing [io.jenkins.plugins:font-awesome-api:hpi:6.7.2-1] against [io.jenkins.plugins:font-awesome-api:hpi:6.7.2-2-SNAPSHOT].
[INFO] API checks completed without failures.
[INFO] 
[INFO] --- install:3.1.4:install (default-install) @ font-awesome-api ---
[INFO] Installing /tmp/plugin-builds/font-awesome-api/target/font-awesome-api-6.7.2-2-SNAPSHOT.pom to /home/poddingue/.m2/repository/io/jenkins/plugins/font-awesome-api/6.7.2-2-SNAPSHOT/font-awesome-api-6.7.2-2-SNAPSHOT.pom
[INFO] Installing /tmp/plugin-builds/font-awesome-api/target/font-awesome-api.hpi to /home/poddingue/.m2/repository/io/jenkins/plugins/font-awesome-api/6.7.2-2-SNAPSHOT/font-awesome-api-6.7.2-2-SNAPSHOT.hpi
[INFO] Installing /tmp/plugin-builds/font-awesome-api/target/font-awesome-api.jar to /home/poddingue/.m2/repository/io/jenkins/plugins/font-awesome-api/6.7.2-2-SNAPSHOT/font-awesome-api-6.7.2-2-SNAPSHOT.jar
[INFO] ------------------------------------------------------------------------
[INFO] BUILD SUCCESS
[INFO] ------------------------------------------------------------------------
[INFO] Total time:  19.640 s
[INFO] Finished at: 2025-07-02T10:39:19+02:00
[INFO] ------------------------------------------------------------------------
