WARNING: A restricted method in java.lang.System has been called
WARNING: java.lang.System::load has been called by org.fusesource.jansi.internal.JansiLoader in an unnamed module (file:/home/poddingue/.sdkman/candidates/maven/current/lib/jansi-2.4.1.jar)
WARNING: Use --enable-native-access=ALL-UNNAMED to avoid a warning for callers in this module
WARNING: Restricted methods will be blocked in a future release unless native access is enabled

WARNING: A terminally deprecated method in sun.misc.Unsafe has been called
WARNING: sun.misc.Unsafe::objectFieldOffset has been called by com.google.common.util.concurrent.AbstractFuture$UnsafeAtomicHelper (file:/home/poddingue/.sdkman/candidates/maven/current/lib/guava-33.2.1-jre.jar)
WARNING: Please consider reporting this to the maintainers of class com.google.common.util.concurrent.AbstractFuture$UnsafeAtomicHelper
WARNING: sun.misc.Unsafe::objectFieldOffset will be removed in a future release
[INFO] Scanning for projects...
[INFO] 
[INFO] -----------< org.jenkins-ci.plugins:generic-webhook-trigger >-----------
[INFO] Building Generic Webhook Trigger Plugin 2.3.2-SNAPSHOT
[INFO]   from pom.xml
[INFO] --------------------------------[ hpi ]---------------------------------
[INFO] 
[INFO] --- clean:3.4.0:clean (default-clean) @ generic-webhook-trigger ---
[INFO] 
[INFO] --- hpi:3.61:validate (default-validate) @ generic-webhook-trigger ---
[INFO] Created marker file /tmp/plugin-builds/generic-webhook-trigger/target/java-level/17
[INFO] 
[INFO] --- hpi:3.61:validate-hpi (default-validate-hpi) @ generic-webhook-trigger ---
[INFO] 
[INFO] --- enforcer:3.5.0:enforce (display-info) @ generic-webhook-trigger ---
[INFO] Rule 0: org.apache.maven.enforcer.rules.version.RequireMavenVersion passed
[INFO] Rule 1: org.apache.maven.enforcer.rules.version.RequireJavaVersion passed
[INFO] Rule 2: org.codehaus.mojo.extraenforcer.dependencies.EnforceBytecodeVersion passed
[INFO] Rule 3: org.apache.maven.enforcer.rules.dependency.BannedDependencies passed
[INFO] Rule 4: org.apache.maven.enforcer.rules.dependency.BannedDependencies passed
[INFO] Rule 5: org.apache.maven.enforcer.rules.dependency.RequireUpperBoundDeps passed
[INFO] 
[INFO] --- enforcer:3.5.0:enforce (no-snapshots-in-release) @ generic-webhook-trigger ---
[INFO] Rule 0: org.apache.maven.enforcer.rules.dependency.RequireReleaseDeps passed
[INFO] 
[INFO] --- localizer:1.31:generate (default) @ generic-webhook-trigger ---
[INFO] 
[INFO] --- resources:3.3.1:resources (default-resources) @ generic-webhook-trigger ---
[INFO] Copying 13 resources from src/main/resources to target/classes
[INFO] 
[INFO] --- compiler:3.13.0:compile (default-compile) @ generic-webhook-trigger ---
[INFO] Recompiling the module because of changed source code.
[INFO] Compiling 33 source files with javac [debug parameters release 17] to target/classes
[INFO] org.jenkinsci.plugins.gwt.GenericHeaderVariable.DESCRIPTOR indexed under hudson.Extension
[INFO] org.jenkinsci.plugins.gwt.GenericRequestVariable.DESCRIPTOR indexed under hudson.Extension
[INFO] org.jenkinsci.plugins.gwt.GenericTrigger.DESCRIPTOR indexed under hudson.Extension
[INFO] org.jenkinsci.plugins.gwt.GenericVariable.DESCRIPTOR indexed under hudson.Extension
[INFO] org.jenkinsci.plugins.gwt.GenericWebHookRequestReceiver indexed under hudson.Extension
[INFO] org.jenkinsci.plugins.gwt.GenericWebhookEnvironmentContributor indexed under hudson.Extension
[INFO] org.jenkinsci.plugins.gwt.global.Whitelist indexed under hudson.Extension
[INFO] org.jenkinsci.plugins.gwt.global.WhitelistItem.DescriptorImpl indexed under hudson.Extension
[INFO] org.jenkinsci.plugins.gwt.jobfinder.JobFinderImpersonater.JobItemListener indexed under hudson.Extension
[INFO] org.jenkinsci.plugins.gwt.jobfinder.JobFinderImpersonater.JobItemSaveListener indexed under hudson.Extension
[INFO] /tmp/plugin-builds/generic-webhook-trigger/src/main/java/org/jenkinsci/plugins/gwt/GenericHeaderVariable.java:[26,12] Generating org/jenkinsci/plugins/gwt/GenericHeaderVariable.stapler
[INFO] /tmp/plugin-builds/generic-webhook-trigger/src/main/java/org/jenkinsci/plugins/gwt/GenericRequestVariable.java:[26,12] Generating org/jenkinsci/plugins/gwt/GenericRequestVariable.stapler
[INFO] /tmp/plugin-builds/generic-webhook-trigger/src/main/java/org/jenkinsci/plugins/gwt/GenericTrigger.java:[73,12] Generating org/jenkinsci/plugins/gwt/GenericTrigger.stapler
[INFO] /tmp/plugin-builds/generic-webhook-trigger/src/main/java/org/jenkinsci/plugins/gwt/GenericVariable.java:[31,12] Generating org/jenkinsci/plugins/gwt/GenericVariable.stapler
[INFO] /tmp/plugin-builds/generic-webhook-trigger/src/main/java/org/jenkinsci/plugins/gwt/global/WhitelistItem.java:[30,12] Generating org/jenkinsci/plugins/gwt/global/WhitelistItem.stapler
[INFO] /tmp/plugin-builds/generic-webhook-trigger/src/main/java/org/jenkinsci/plugins/gwt/GenericTrigger.java:[67,31] Generating org/jenkinsci/plugins/gwt/GenericTrigger/GenericDescriptor/doCheckTokenCredentialIdItems.stapler
[INFO] /tmp/plugin-builds/generic-webhook-trigger/src/main/java/org/jenkinsci/plugins/gwt/global/WhitelistItem.java:[98,31] Generating org/jenkinsci/plugins/gwt/global/WhitelistItem/DescriptorImpl/doCheckHmacCredentialIdItems.stapler
[INFO] /tmp/plugin-builds/generic-webhook-trigger/src/main/java/org/jenkinsci/plugins/gwt/global/WhitelistItem.java:[108,31] Generating org/jenkinsci/plugins/gwt/global/WhitelistItem/DescriptorImpl/doCheckHost.stapler
[INFO] /tmp/plugin-builds/generic-webhook-trigger/src/main/java/org/jenkinsci/plugins/gwt/global/WhitelistItem.java:[93,29] Generating org/jenkinsci/plugins/gwt/global/WhitelistItem/DescriptorImpl/doFillHmacCredentialIdItems.stapler
[INFO] /tmp/plugin-builds/generic-webhook-trigger/src/main/java/org/jenkinsci/plugins/gwt/GenericTrigger.java:[62,29] Generating org/jenkinsci/plugins/gwt/GenericTrigger/GenericDescriptor/doFillTokenCredentialIdItems.stapler
[INFO] /tmp/plugin-builds/generic-webhook-trigger/src/main/java/org/jenkinsci/plugins/gwt/global/CredentialsHelper.java: Some input files use or override a deprecated API.
[INFO] /tmp/plugin-builds/generic-webhook-trigger/src/main/java/org/jenkinsci/plugins/gwt/global/CredentialsHelper.java: Recompile with -Xlint:deprecation for details.
[INFO] 
[INFO] --- access-modifier-checker:1.34:enforce (default-enforce) @ generic-webhook-trigger ---
[INFO] Skipping access modifier checks
[INFO] 
[INFO] --- hpi:3.61:insert-test (default-insert-test) @ generic-webhook-trigger ---
[INFO] 
[INFO] --- antrun:3.1.0:run (createTempDir) @ generic-webhook-trigger ---
[INFO] Executing tasks
[INFO]     [mkdir] Created dir: /tmp/plugin-builds/generic-webhook-trigger/target/tmp
[INFO] Executed tasks
[INFO] 
[INFO] --- resources:3.3.1:testResources (default-testResources) @ generic-webhook-trigger ---
[INFO] Not copying test resources
[INFO] 
[INFO] --- compiler:3.13.0:testCompile (default-testCompile) @ generic-webhook-trigger ---
[INFO] Not compiling test sources
[INFO] 
[INFO] --- hpi:3.61:test-hpl (default-test-hpl) @ generic-webhook-trigger ---
[INFO] Generating /tmp/plugin-builds/generic-webhook-trigger/target/test-classes/the.hpl
[INFO] 
[INFO] --- hpi:3.61:resolve-test-dependencies (default-resolve-test-dependencies) @ generic-webhook-trigger ---
[INFO] 
[INFO] --- hpi:3.61:test-runtime (default-test-runtime) @ generic-webhook-trigger ---
[INFO] Tests are skipped.
[INFO] 
[INFO] --- surefire:3.5.2:test (default-test) @ generic-webhook-trigger ---
[INFO] Tests are skipped.
[INFO] 
[INFO] --- license:165.v7e11f4e4a_325:process (default) @ generic-webhook-trigger ---
[INFO] 
[INFO] --- hpi:3.61:hpi (default-hpi) @ generic-webhook-trigger ---
[INFO] Generating /tmp/plugin-builds/generic-webhook-trigger/target/generic-webhook-trigger/META-INF/MANIFEST.MF
[INFO] Checking for attached .jar artifact ...
[INFO] Generating jar /tmp/plugin-builds/generic-webhook-trigger/target/generic-webhook-trigger.jar
[INFO] Building jar: /tmp/plugin-builds/generic-webhook-trigger/target/generic-webhook-trigger.jar
[INFO] Exploding webapp...
[INFO] Copy webapp webResources to /tmp/plugin-builds/generic-webhook-trigger/target/generic-webhook-trigger
[INFO] Assembling webapp generic-webhook-trigger in /tmp/plugin-builds/generic-webhook-trigger/target/generic-webhook-trigger
[INFO] Bundling direct dependency commons-ip-math-1.32.jar
[WARNING] Bundling transitive dependency java10-shim-20240325.1.jar (via owasp-java-html-sanitizer)
[WARNING] Bundling transitive dependency java8-shim-20240325.1.jar (via owasp-java-html-sanitizer)
[INFO] Bundling direct dependency owasp-java-html-sanitizer-20240325.1.jar
[WARNING] Bundling transitive dependency junit-platform-commons-1.11.4.jar (via junit-platform-suite)
[WARNING] Bundling transitive dependency junit-platform-launcher-1.11.4.jar (via junit-platform-suite)
[WARNING] Bundling transitive dependency junit-platform-suite-api-1.11.4.jar (via junit-platform-suite)
[WARNING] Bundling transitive dependency junit-platform-suite-commons-1.11.4.jar (via junit-platform-suite)
[WARNING] Bundling transitive dependency junit-platform-suite-engine-1.11.4.jar (via junit-platform-suite)
[INFO] Bundling direct dependency junit-platform-suite-1.11.4.jar
[INFO] Generating hpi /tmp/plugin-builds/generic-webhook-trigger/target/generic-webhook-trigger.hpi
[INFO] Building jar: /tmp/plugin-builds/generic-webhook-trigger/target/generic-webhook-trigger.hpi
[INFO] 
[INFO] --- jar:3.4.2:test-jar (maybe-test-jar) @ generic-webhook-trigger ---
[INFO] Skipping packaging of the test-jar
[INFO] 
[INFO] >>> spotbugs:4.8.3.1:check (spotbugs) > :spotbugs @ generic-webhook-trigger >>>
[INFO] 
[INFO] --- spotbugs:4.8.3.1:spotbugs (spotbugs) @ generic-webhook-trigger ---
[INFO] 
[INFO] <<< spotbugs:4.8.3.1:check (spotbugs) < :spotbugs @ generic-webhook-trigger <<<
[INFO] 
[INFO] 
[INFO] --- spotbugs:4.8.3.1:check (spotbugs) @ generic-webhook-trigger ---
[INFO] Spotbugs plugin skipped
[INFO] 
[INFO] --- spotless:2.44.2:check (default) @ generic-webhook-trigger ---
[INFO] Spotless check skipped
[INFO] 
[INFO] --- violations-maven-plugin:2.2.0:violations (default) @ generic-webhook-trigger ---
[INFO] Found 0 reports in . with pattern .*(?:/|\\)spotbugsXml\.xml$
[INFO] 
Violations in repo

Summary
|          |      |      |       |       |
| Reporter | INFO | WARN | ERROR | Total |
|          |      |      |       |       |
+----------+------+------+-------+-------+
|          |      |      |       |       |
|          | 0    | 0    | 0     | 0     |
|          |      |      |       |       |
+----------+------+------+-------+-------+

[INFO] 
[INFO] --- install:3.1.3:install (default-install) @ generic-webhook-trigger ---
[INFO] Installing /tmp/plugin-builds/generic-webhook-trigger/pom.xml to /home/poddingue/.m2/repository/org/jenkins-ci/plugins/generic-webhook-trigger/2.3.2-SNAPSHOT/generic-webhook-trigger-2.3.2-SNAPSHOT.pom
[INFO] Installing /tmp/plugin-builds/generic-webhook-trigger/target/generic-webhook-trigger.hpi to /home/poddingue/.m2/repository/org/jenkins-ci/plugins/generic-webhook-trigger/2.3.2-SNAPSHOT/generic-webhook-trigger-2.3.2-SNAPSHOT.hpi
[INFO] Installing /tmp/plugin-builds/generic-webhook-trigger/target/generic-webhook-trigger.jar to /home/poddingue/.m2/repository/org/jenkins-ci/plugins/generic-webhook-trigger/2.3.2-SNAPSHOT/generic-webhook-trigger-2.3.2-SNAPSHOT.jar
[INFO] ------------------------------------------------------------------------
[INFO] BUILD SUCCESS
[INFO] ------------------------------------------------------------------------
[INFO] Total time:  12.333 s
[INFO] Finished at: 2025-06-22T17:55:01+02:00
[INFO] ------------------------------------------------------------------------
