WARNING: A restricted method in java.lang.System has been called
WARNING: java.lang.System::load has been called by org.fusesource.jansi.internal.JansiLoader in an unnamed module (file:/home/poddingue/.sdkman/candidates/maven/current/lib/jansi-2.4.1.jar)
WARNING: Use --enable-native-access=ALL-UNNAMED to avoid a warning for callers in this module
WARNING: Restricted methods will be blocked in a future release unless native access is enabled

WARNING: A terminally deprecated method in sun.misc.Unsafe has been called
WARNING: sun.misc.Unsafe::objectFieldOffset has been called by com.google.common.util.concurrent.AbstractFuture$UnsafeAtomicHelper (file:/home/poddingue/.sdkman/candidates/maven/current/lib/guava-33.2.1-jre.jar)
WARNING: Please consider reporting this to the maintainers of class com.google.common.util.concurrent.AbstractFuture$UnsafeAtomicHelper
WARNING: sun.misc.Unsafe::objectFieldOffset will be removed in a future release
[INFO] Scanning for projects...
[INFO] 
[INFO] -----------------< org.jenkins-ci.tools:git-parameter >-----------------
[INFO] Building Git Parameter Plug-In 999999-SNAPSHOT
[INFO]   from pom.xml
[INFO] --------------------------------[ hpi ]---------------------------------
[INFO] 
[INFO] --- clean:3.4.1:clean (default-clean) @ git-parameter ---
[INFO] 
[INFO] --- hpi:3.65:validate (default-validate) @ git-parameter ---
[INFO] Created marker file /tmp/plugin-builds/git-parameter/target/java-level/17
[INFO] 
[INFO] --- hpi:3.65:validate-hpi (default-validate-hpi) @ git-parameter ---
[INFO] 
[INFO] --- enforcer:3.5.0:enforce (display-info) @ git-parameter ---
[INFO] Rule 0: io.jenkins.tools.incrementals.enforcer.RequireExtensionVersion passed
[INFO] Rule 1: org.apache.maven.enforcer.rules.version.RequireMavenVersion passed
[INFO] Rule 2: org.apache.maven.enforcer.rules.version.RequireJavaVersion passed
[INFO] Rule 3: org.codehaus.mojo.extraenforcer.dependencies.EnforceBytecodeVersion passed
[INFO] Rule 4: org.apache.maven.enforcer.rules.dependency.BannedDependencies passed
[INFO] Rule 5: org.apache.maven.enforcer.rules.dependency.BannedDependencies passed
[INFO] Ignoring requireUpperBoundDeps in org.ow2.asm:asm
[INFO] Rule 6: org.apache.maven.enforcer.rules.dependency.RequireUpperBoundDeps passed
[INFO] 
[INFO] --- enforcer:3.5.0:enforce (no-snapshots-in-release) @ git-parameter ---
[INFO] Rule 0: org.apache.maven.enforcer.rules.dependency.RequireReleaseDeps passed
[INFO] 
[INFO] --- localizer:1.31:generate (default) @ git-parameter ---
[INFO] 
[INFO] --- resources:3.3.1:resources (default-resources) @ git-parameter ---
[INFO] Copying 69 resources from src/main/resources to target/classes
[INFO] 
[INFO] --- flatten:1.7.0:flatten (flatten) @ git-parameter ---
[INFO] Generating flattened POM of project org.jenkins-ci.tools:git-parameter:hpi:999999-SNAPSHOT...
[INFO] 
[INFO] --- compiler:3.14.0:compile (default-compile) @ git-parameter ---
[INFO] Recompiling the module because of changed source code.
[INFO] Compiling 28 source files with javac [debug parameters release 17] to target/classes
[INFO] net.uaznia.lukanus.hudson.plugins.gitparameter.GitParameterDefinition.DescriptorImpl indexed under hudson.Extension
[INFO] net.uaznia.lukanus.hudson.plugins.gitparameter.GitParameterRebuild indexed under hudson.Extension
[INFO] /tmp/plugin-builds/git-parameter/src/main/java/net/uaznia/lukanus/hudson/plugins/gitparameter/GitParameterDefinition.java:[91,12] Generating net/uaznia/lukanus/hudson/plugins/gitparameter/GitParameterDefinition.stapler
[INFO] /tmp/plugin-builds/git-parameter/src/main/java/net/uaznia/lukanus/hudson/plugins/gitparameter/GitParameterValue.java:[10,12] Generating net/uaznia/lukanus/hudson/plugins/gitparameter/GitParameterValue.stapler
[INFO] /tmp/plugin-builds/git-parameter/src/main/java/net/uaznia/lukanus/hudson/plugins/gitparameter/model/ItemsErrorModel.java:[18,8] Generating net/uaznia/lukanus/hudson/plugins/gitparameter/model/ItemsErrorModel.javadoc
[INFO] /tmp/plugin-builds/git-parameter/src/main/java/net/uaznia/lukanus/hudson/plugins/gitparameter/model/ItemsErrorModel.java:[22,25] Generating net/uaznia/lukanus/hudson/plugins/gitparameter/model/ItemsErrorModel/Option.javadoc
[INFO] /tmp/plugin-builds/git-parameter/src/main/java/net/uaznia/lukanus/hudson/plugins/gitparameter/GitParameterDefinition.java:[73,8] Generating net/uaznia/lukanus/hudson/plugins/gitparameter/GitParameterDefinition.javadoc
[INFO] /tmp/plugin-builds/git-parameter/src/main/java/net/uaznia/lukanus/hudson/plugins/gitparameter/GitParameterDefinition.java:[699,31] Generating net/uaznia/lukanus/hudson/plugins/gitparameter/GitParameterDefinition/DescriptorImpl/doCheckUseRepository.stapler
[INFO] /tmp/plugin-builds/git-parameter/src/main/java/net/uaznia/lukanus/hudson/plugins/gitparameter/GitParameterDefinition.java:[694,31] Generating net/uaznia/lukanus/hudson/plugins/gitparameter/GitParameterDefinition/DescriptorImpl/doCheckBranchFilter.stapler
[INFO] /tmp/plugin-builds/git-parameter/src/main/java/net/uaznia/lukanus/hudson/plugins/gitparameter/GitParameterDefinition.java:[683,31] Generating net/uaznia/lukanus/hudson/plugins/gitparameter/GitParameterDefinition/DescriptorImpl/doCheckDefaultValue.stapler
[INFO] /tmp/plugin-builds/git-parameter/src/main/java/net/uaznia/lukanus/hudson/plugins/gitparameter/GitParameterDefinition.java:[650,32] Generating net/uaznia/lukanus/hudson/plugins/gitparameter/GitParameterDefinition/DescriptorImpl/doFillValueItems.stapler
[INFO] /tmp/plugin-builds/git-parameter/src/main/java/net/uaznia/lukanus/hudson/plugins/gitparameter/scms/RepoSCM.java: Some input files use or override a deprecated API.
[INFO] /tmp/plugin-builds/git-parameter/src/main/java/net/uaznia/lukanus/hudson/plugins/gitparameter/scms/RepoSCM.java: Recompile with -Xlint:deprecation for details.
[INFO] /tmp/plugin-builds/git-parameter/src/main/java/net/uaznia/lukanus/hudson/plugins/gitparameter/Utils.java: Some input files use unchecked or unsafe operations.
[INFO] /tmp/plugin-builds/git-parameter/src/main/java/net/uaznia/lukanus/hudson/plugins/gitparameter/Utils.java: Recompile with -Xlint:unchecked for details.
[INFO] 
[INFO] --- access-modifier-checker:1.35:enforce (default-enforce) @ git-parameter ---
[INFO] Skipping access modifier checks
[INFO] 
[INFO] --- bridge-method-injector:1.31:process (default) @ git-parameter ---
[INFO] 
[INFO] --- hpi:3.65:insert-test (default-insert-test) @ git-parameter ---
[INFO] 
[INFO] --- antrun:3.1.0:run (createTempDir) @ git-parameter ---
[INFO] Executing tasks
[INFO]     [mkdir] Created dir: /tmp/plugin-builds/git-parameter/target/tmp
[INFO] Executed tasks
[INFO] 
[INFO] --- resources:3.3.1:testResources (default-testResources) @ git-parameter ---
[INFO] Not copying test resources
[INFO] 
[INFO] --- compiler:3.14.0:testCompile (default-testCompile) @ git-parameter ---
[INFO] Not compiling test sources
[INFO] 
[INFO] --- hpi:3.65:test-hpl (default-test-hpl) @ git-parameter ---
[INFO] Generating /tmp/plugin-builds/git-parameter/target/test-classes/the.hpl
[INFO] 
[INFO] --- hpi:3.65:resolve-test-dependencies (default-resolve-test-dependencies) @ git-parameter ---
[INFO] 
[INFO] --- hpi:3.65:test-runtime (default-test-runtime) @ git-parameter ---
[INFO] Tests are skipped.
[INFO] 
[INFO] --- surefire:3.5.3:test (default-test) @ git-parameter ---
[INFO] Tests are skipped.
[INFO] 
[INFO] --- license:165.v7e11f4e4a_325:process (default) @ git-parameter ---
[INFO] 
[INFO] --- hpi:3.65:hpi (default-hpi) @ git-parameter ---
[INFO] Generating /tmp/plugin-builds/git-parameter/target/git-parameter/META-INF/MANIFEST.MF
[INFO] Checking for attached .jar artifact ...
[INFO] Generating jar /tmp/plugin-builds/git-parameter/target/git-parameter.jar
[INFO] Building jar: /tmp/plugin-builds/git-parameter/target/git-parameter.jar
[INFO] Exploding webapp...
[INFO] Copy webapp webResources to /tmp/plugin-builds/git-parameter/target/git-parameter
[INFO] Assembling webapp git-parameter in /tmp/plugin-builds/git-parameter/target/git-parameter
[INFO] Generating hpi /tmp/plugin-builds/git-parameter/target/git-parameter.hpi
[INFO] Building jar: /tmp/plugin-builds/git-parameter/target/git-parameter.hpi
[INFO] 
[INFO] --- jar:3.4.2:test-jar (maybe-test-jar) @ git-parameter ---
[INFO] Skipping packaging of the test-jar
[INFO] 
[INFO] >>> spotbugs:4.9.3.0:check (spotbugs) > :spotbugs @ git-parameter >>>
[INFO] 
[INFO] --- spotbugs:4.9.3.0:spotbugs (spotbugs) @ git-parameter ---
[INFO] Skipping com.github.spotbugs:spotbugs-maven-plugin:4.9.3.0:spotbugs report goal
[INFO] 
[INFO] <<< spotbugs:4.9.3.0:check (spotbugs) < :spotbugs @ git-parameter <<<
[INFO] 
[INFO] 
[INFO] --- spotbugs:4.9.3.0:check (spotbugs) @ git-parameter ---
[INFO] Spotbugs plugin skipped
[INFO] 
[INFO] --- spotless:2.44.4:check (default) @ git-parameter ---
[INFO] Spotless check skipped
[INFO] 
[INFO] --- install:3.1.4:install (default-install) @ git-parameter ---
[INFO] Installing /tmp/plugin-builds/git-parameter/target/git-parameter-999999-SNAPSHOT.pom to /home/poddingue/.m2/repository/org/jenkins-ci/tools/git-parameter/999999-SNAPSHOT/git-parameter-999999-SNAPSHOT.pom
[INFO] Installing /tmp/plugin-builds/git-parameter/target/git-parameter.hpi to /home/poddingue/.m2/repository/org/jenkins-ci/tools/git-parameter/999999-SNAPSHOT/git-parameter-999999-SNAPSHOT.hpi
[INFO] Installing /tmp/plugin-builds/git-parameter/target/git-parameter.jar to /home/poddingue/.m2/repository/org/jenkins-ci/tools/git-parameter/999999-SNAPSHOT/git-parameter-999999-SNAPSHOT.jar
[INFO] ------------------------------------------------------------------------
[INFO] BUILD SUCCESS
[INFO] ------------------------------------------------------------------------
[INFO] Total time:  28.164 s
[INFO] Finished at: 2025-07-09T12:10:06+02:00
[INFO] ------------------------------------------------------------------------
