[INFO] Scanning for projects...
[INFO] Artifact org.jenkins-ci.tools:maven-hpi-plugin:pom:3.1801.v26037216c7d3 is present in the local repository, but cached from a remote repository ID that is unavailable in current build context, verifying that is downloadable from [incrementals (https://repo.jenkins-ci.org/incrementals/, default, releases), central (https://repo.maven.apache.org/maven2, default, releases)]
[INFO] Artifact org.jenkins-ci.tools:maven-hpi-plugin:pom:3.1801.v26037216c7d3 is present in the local repository, but cached from a remote repository ID that is unavailable in current build context, verifying that is downloadable from [incrementals (https://repo.jenkins-ci.org/incrementals/, default, releases), central (https://repo.maven.apache.org/maven2, default, releases)]
[WARNING] The POM for org.jenkins-ci.tools:maven-hpi-plugin:jar:3.1801.v26037216c7d3 is missing, no dependency information available
[INFO] Artifact org.jenkins-ci.tools:maven-hpi-plugin:jar:3.1801.v26037216c7d3 is present in the local repository, but cached from a remote repository ID that is unavailable in current build context, verifying that is downloadable from [incrementals (https://repo.jenkins-ci.org/incrementals/, default, releases), central (https://repo.maven.apache.org/maven2, default, releases)]
[INFO] Artifact org.jenkins-ci.tools:maven-hpi-plugin:jar:3.1801.v26037216c7d3 is present in the local repository, but cached from a remote repository ID that is unavailable in current build context, verifying that is downloadable from [incrementals (https://repo.jenkins-ci.org/incrementals/, default, releases), central (https://repo.maven.apache.org/maven2, default, releases)]
[WARNING] Failed to build parent project for org.jenkins-ci.plugins:git-client:hpi:6.5.1-SNAPSHOT
[INFO] 
[INFO] -----------------< org.jenkins-ci.plugins:git-client >------------------
[INFO] Building Jenkins Git client plugin 6.5.1-SNAPSHOT
[INFO]   from pom.xml
[INFO] --------------------------------[ hpi ]---------------------------------
[INFO] 
[INFO] --- clean:3.5.0:clean (default-clean) @ git-client ---
[INFO] 
[INFO] --- hpi:3.1801.v26037216c7d3:validate (default-validate) @ git-client ---
[INFO] Created marker file /tmp/plugin-builds/git-client/target/java-level/17
[INFO] 
[INFO] --- hpi:3.1801.v26037216c7d3:validate-hpi (default-validate-hpi) @ git-client ---
[INFO] 
[INFO] --- enforcer:3.6.2:enforce (display-info) @ git-client ---
[INFO] Rule 0: io.jenkins.tools.incrementals.enforcer.RequireExtensionVersion passed
[INFO] Rule 1: org.apache.maven.enforcer.rules.version.RequireMavenVersion passed
[INFO] Rule 2: org.apache.maven.enforcer.rules.version.RequireJavaVersion passed
[INFO] Rule 3: org.apache.maven.enforcer.rules.RequirePluginVersions passed
[INFO] Rule 4: org.codehaus.mojo.extraenforcer.dependencies.EnforceBytecodeVersion passed
[INFO] Rule 5: org.apache.maven.enforcer.rules.dependency.BannedDependencies passed
[INFO] Rule 6: org.apache.maven.enforcer.rules.dependency.BannedDependencies passed
[INFO] Rule 7: org.apache.maven.enforcer.rules.dependency.RequireUpperBoundDeps passed
[INFO] 
[INFO] --- enforcer:3.6.2:enforce (no-snapshots-in-release) @ git-client ---
[INFO] Rule 0: org.apache.maven.enforcer.rules.dependency.RequireReleaseDeps passed
[INFO] 
[INFO] --- localizer:1.31:generate (default) @ git-client ---
[INFO] 
[INFO] --- enforcer:3.6.2:enforce (check-junit-imports) @ git-client ---
[INFO] Rule 0: org.apache.maven.plugins.enforcer.RestrictImports passed
[INFO] 
[INFO] --- enforcer:3.6.2:enforce (check-commons-lang-imports) @ git-client ---
[INFO] Skipping Rule Enforcement.
[INFO] 
[INFO] --- resources:3.4.0:resources (default-resources) @ git-client ---
[INFO] Copying 23 resources from src/main/resources to target/classes
[INFO] 
[INFO] --- flatten:1.7.3:flatten (flatten) @ git-client ---
[INFO] Generating flattened POM of project org.jenkins-ci.plugins:git-client:hpi:6.5.1-SNAPSHOT...
[INFO] 
[INFO] --- compiler:3.14.1:compile (default-compile) @ git-client ---
[INFO] Recompiling the module because of changed source code.
[INFO] Compiling 62 source files with javac [debug parameters release 17] to target/classes
[INFO] hudson.plugins.git.GitTool.DescriptorImpl indexed under hudson.Extension
[INFO] org.jenkinsci.plugins.gitclient.GitHostKeyVerificationConfiguration indexed under hudson.Extension
[INFO] org.jenkinsci.plugins.gitclient.GitToolConfigurator indexed under hudson.Extension
[INFO] org.jenkinsci.plugins.gitclient.JGitApacheTool.DescriptorImpl indexed under hudson.Extension
[INFO] org.jenkinsci.plugins.gitclient.JGitTool.DescriptorImpl indexed under hudson.Extension
[INFO] org.jenkinsci.plugins.gitclient.verifier.AcceptFirstConnectionStrategy.AcceptFirstConnectionStrategyDescriptor indexed under hudson.Extension
[INFO] org.jenkinsci.plugins.gitclient.verifier.KnownHostsFileVerificationStrategy.KnownHostsFileVerificationStrategyDescriptor indexed under hudson.Extension
[INFO] org.jenkinsci.plugins.gitclient.verifier.ManuallyProvidedKeyVerificationStrategy.ManuallyTrustedKeyVerificationStrategyDescriptor indexed under hudson.Extension
[INFO] org.jenkinsci.plugins.gitclient.verifier.NoHostKeyVerificationStrategy indexed under hudson.Extension
[INFO] org.jenkinsci.plugins.gitclient.verifier.NoHostKeyVerificationStrategy.NoHostKeyVerificationStrategyDescriptor indexed under hudson.Extension
[INFO] /tmp/plugin-builds/git-client/src/main/java/hudson/plugins/git/GitTool.java:[50,12] Generating hudson/plugins/git/GitTool.stapler
[INFO] /tmp/plugin-builds/git-client/src/main/java/org/jenkinsci/plugins/gitclient/JGitApacheTool.java:[21,12] Generating org/jenkinsci/plugins/gitclient/JGitApacheTool.stapler
[INFO] /tmp/plugin-builds/git-client/src/main/java/org/jenkinsci/plugins/gitclient/JGitTool.java:[28,12] Generating org/jenkinsci/plugins/gitclient/JGitTool.stapler
[INFO] /tmp/plugin-builds/git-client/src/main/java/org/jenkinsci/plugins/gitclient/verifier/AcceptFirstConnectionStrategy.java:[21,12] Generating org/jenkinsci/plugins/gitclient/verifier/AcceptFirstConnectionStrategy.stapler
[INFO] /tmp/plugin-builds/git-client/src/main/java/org/jenkinsci/plugins/gitclient/verifier/KnownHostsFileVerificationStrategy.java:[21,12] Generating org/jenkinsci/plugins/gitclient/verifier/KnownHostsFileVerificationStrategy.stapler
[INFO] /tmp/plugin-builds/git-client/src/main/java/org/jenkinsci/plugins/gitclient/verifier/ManuallyProvidedKeyVerificationStrategy.java:[27,12] Generating org/jenkinsci/plugins/gitclient/verifier/ManuallyProvidedKeyVerificationStrategy.stapler
[INFO] /tmp/plugin-builds/git-client/src/main/java/org/jenkinsci/plugins/gitclient/verifier/NoHostKeyVerificationStrategy.java:[12,12] Generating org/jenkinsci/plugins/gitclient/verifier/NoHostKeyVerificationStrategy.stapler
[INFO] /tmp/plugin-builds/git-client/src/main/java/hudson/plugins/git/Revision.java:[21,8] Generating hudson/plugins/git/Revision.javadoc
[INFO] /tmp/plugin-builds/git-client/src/main/java/hudson/plugins/git/GitObject.java:[16,8] Generating hudson/plugins/git/GitObject.javadoc
[INFO] /tmp/plugin-builds/git-client/src/main/java/hudson/plugins/git/GitTool.java:[166,31] Generating hudson/plugins/git/GitTool/DescriptorImpl/doCheckHome.stapler
[INFO] /tmp/plugin-builds/git-client/src/main/java/org/jenkinsci/plugins/gitclient/verifier/ManuallyProvidedKeyVerificationStrategy.java:[55,31] Generating org/jenkinsci/plugins/gitclient/verifier/ManuallyProvidedKeyVerificationStrategy/ManuallyTrustedKeyVerificationStrategyDescriptor/doCheckApprovedHostKeys.stapler
[INFO] /tmp/plugin-builds/git-client/src/main/java/org/jenkinsci/plugins/gitclient/AbstractGitAPIImpl.java: Some input files use or override a deprecated API.
[INFO] /tmp/plugin-builds/git-client/src/main/java/org/jenkinsci/plugins/gitclient/AbstractGitAPIImpl.java: Recompile with -Xlint:deprecation for details.
[INFO] /tmp/plugin-builds/git-client/src/main/java/org/jenkinsci/plugins/gitclient/CliGitAPIImpl.java: Some input files use unchecked or unsafe operations.
[INFO] /tmp/plugin-builds/git-client/src/main/java/org/jenkinsci/plugins/gitclient/CliGitAPIImpl.java: Recompile with -Xlint:unchecked for details.
[INFO] 
[INFO] --- access-modifier-checker:1.35:enforce (default-enforce) @ git-client ---
[INFO] 
[INFO] --- bridge-method-injector:1.32:process (default) @ git-client ---
[INFO] 
[INFO] --- hpi:3.1801.v26037216c7d3:insert-test (default-insert-test) @ git-client ---
[INFO] 
[INFO] --- antrun:3.2.0:run (createTempDir) @ git-client ---
[INFO] Executing tasks
[INFO]     [mkdir] Created dir: /tmp/plugin-builds/git-client/target/tmp
[INFO] Executed tasks
[INFO] 
[INFO] --- resources:3.4.0:testResources (default-testResources) @ git-client ---
[INFO] Not copying test resources
[INFO] 
[INFO] --- compiler:3.14.1:testCompile (default-testCompile) @ git-client ---
[INFO] Not compiling test sources
[INFO] 
[INFO] --- hpi:3.1801.v26037216c7d3:test-hpl (default-test-hpl) @ git-client ---
[INFO] Generating /tmp/plugin-builds/git-client/target/test-classes/the.hpl
[INFO] 
[INFO] --- hpi:3.1801.v26037216c7d3:resolve-test-dependencies (default-resolve-test-dependencies) @ git-client ---
[INFO] 
[INFO] --- hpi:3.1801.v26037216c7d3:test-runtime (default-test-runtime) @ git-client ---
[INFO] Tests are skipped.
[INFO] 
[INFO] --- surefire:3.5.4:test (default-test) @ git-client ---
[INFO] Tests are skipped.
[INFO] 
[INFO] --- license:203.vffb_768f15d51:process (default) @ git-client ---
[INFO] Generated /tmp/plugin-builds/git-client/target/git-client/WEB-INF/licenses.xml
[INFO] 
[INFO] --- hpi:3.1801.v26037216c7d3:hpi (default-hpi) @ git-client ---
[INFO] Generating /tmp/plugin-builds/git-client/target/git-client/META-INF/MANIFEST.MF
[INFO] Checking for attached .jar artifact ...
[INFO] Generating jar /tmp/plugin-builds/git-client/target/git-client.jar
[INFO] Building jar: /tmp/plugin-builds/git-client/target/git-client.jar
[INFO] Exploding webapp...
[INFO] Copy webapp webResources to /tmp/plugin-builds/git-client/target/git-client
[INFO] Assembling webapp git-client in /tmp/plugin-builds/git-client/target/git-client
[INFO] Bundling transitive dependency JavaEWAH-1.2.3.jar (via org.eclipse.jgit)
[INFO] Bundling direct dependency org.eclipse.jgit.http.apache-7.5.0.202512021534-r.jar
[INFO] Bundling direct dependency org.eclipse.jgit.http.server-7.5.0.202512021534-r.jar
[INFO] Bundling direct dependency org.eclipse.jgit.lfs-7.5.0.202512021534-r.jar
[INFO] Bundling direct dependency org.eclipse.jgit.ssh.apache-7.5.0.202512021534-r.jar
[INFO] Bundling direct dependency org.eclipse.jgit-7.5.0.202512021534-r.jar
[INFO] Generating hpi /tmp/plugin-builds/git-client/target/git-client.hpi
[INFO] Building jar: /tmp/plugin-builds/git-client/target/git-client.hpi
[INFO] 
[INFO] --- jar:3.5.0:test-jar (maybe-test-jar) @ git-client ---
[INFO] Skipping packaging of the test-jar
[INFO] 
[INFO] >>> spotbugs:4.9.8.2:check (spotbugs) > :spotbugs @ git-client >>>
[INFO] 
[INFO] --- spotbugs:4.9.8.2:spotbugs (spotbugs) @ git-client ---
[INFO] Fork Value is true
[INFO] Done SpotBugs Analysis....
[INFO] Skipping com.github.spotbugs:spotbugs-maven-plugin:4.9.8.2:spotbugs report goal
[INFO] 
[INFO] <<< spotbugs:4.9.8.2:check (spotbugs) < :spotbugs @ git-client <<<
[INFO] 
[INFO] 
[INFO] --- spotbugs:4.9.8.2:check (spotbugs) @ git-client ---
[INFO] BugInstance size is 0
[INFO] Error size is 0
[INFO] No errors/warnings found
[INFO] 
[INFO] --- spotless:3.2.0:check (default) @ git-client ---
[INFO] Index file does not exist. Fallback to an empty index
WARNING: A terminally deprecated method in sun.misc.Unsafe has been called
WARNING: sun.misc.Unsafe::staticFieldBase has been called by com.diffplug.spotless.java.ModuleHelper (file:/home/runner/.m2/repository/com/diffplug/spotless/spotless-lib/4.2.0/spotless-lib-4.2.0.jar)
WARNING: Please consider reporting this to the maintainers of class com.diffplug.spotless.java.ModuleHelper
WARNING: sun.misc.Unsafe::staticFieldBase will be removed in a future release
[INFO] Spotless.Java is keeping 134 files clean - 0 needs changes to be clean, 134 were already clean, 0 were skipped because caching determined they were already clean
[INFO] Sorting file /tmp/pom11522944101562392959.xml
[INFO] Pom file is already sorted, exiting
[INFO] Spotless.Pom is keeping 1 files clean - 0 needs changes to be clean, 1 were already clean, 0 were skipped because caching determined they were already clean
[INFO] 
[INFO] --- install:3.1.4:install (default-install) @ git-client ---
[INFO] Installing /tmp/plugin-builds/git-client/target/git-client-6.5.1-SNAPSHOT.pom to /home/runner/.m2/repository/org/jenkins-ci/plugins/git-client/6.5.1-SNAPSHOT/git-client-6.5.1-SNAPSHOT.pom
[INFO] Installing /tmp/plugin-builds/git-client/target/git-client.hpi to /home/runner/.m2/repository/org/jenkins-ci/plugins/git-client/6.5.1-SNAPSHOT/git-client-6.5.1-SNAPSHOT.hpi
[INFO] Installing /tmp/plugin-builds/git-client/target/git-client.jar to /home/runner/.m2/repository/org/jenkins-ci/plugins/git-client/6.5.1-SNAPSHOT/git-client-6.5.1-SNAPSHOT.jar
[INFO] ------------------------------------------------------------------------
[INFO] BUILD SUCCESS
[INFO] ------------------------------------------------------------------------
[INFO] Total time:  01:41 min
[INFO] Finished at: 2026-02-03T02:35:57Z
[INFO] ------------------------------------------------------------------------
