WARNING: A restricted method in java.lang.System has been called
WARNING: java.lang.System::load has been called by org.fusesource.jansi.internal.JansiLoader in an unnamed module (file:/home/poddingue/.sdkman/candidates/maven/current/lib/jansi-2.4.1.jar)
WARNING: Use --enable-native-access=ALL-UNNAMED to avoid a warning for callers in this module
WARNING: Restricted methods will be blocked in a future release unless native access is enabled

WARNING: A terminally deprecated method in sun.misc.Unsafe has been called
WARNING: sun.misc.Unsafe::objectFieldOffset has been called by com.google.common.util.concurrent.AbstractFuture$UnsafeAtomicHelper (file:/home/poddingue/.sdkman/candidates/maven/current/lib/guava-33.2.1-jre.jar)
WARNING: Please consider reporting this to the maintainers of class com.google.common.util.concurrent.AbstractFuture$UnsafeAtomicHelper
WARNING: sun.misc.Unsafe::objectFieldOffset will be removed in a future release
[INFO] Scanning for projects...
[INFO] 
[INFO] ---------------------< org.jenkins-ci.plugins:git >---------------------
[INFO] Building Git plugin 5.7.1-SNAPSHOT
[INFO]   from pom.xml
[INFO] --------------------------------[ hpi ]---------------------------------
[INFO] 
[INFO] --- clean:3.4.1:clean (default-clean) @ git ---
[INFO] 
[INFO] --- hpi:3.65:validate (default-validate) @ git ---
[INFO] Created marker file /tmp/plugin-builds/git/target/java-level/17
[INFO] 
[INFO] --- hpi:3.65:validate-hpi (default-validate-hpi) @ git ---
[INFO] 
[INFO] --- enforcer:3.5.0:enforce (display-info) @ git ---
[INFO] Rule 0: io.jenkins.tools.incrementals.enforcer.RequireExtensionVersion passed
[INFO] Rule 1: org.apache.maven.enforcer.rules.version.RequireMavenVersion passed
[INFO] Rule 2: org.apache.maven.enforcer.rules.version.RequireJavaVersion passed
[INFO] Rule 3: org.codehaus.mojo.extraenforcer.dependencies.EnforceBytecodeVersion passed
[INFO] Rule 4: org.apache.maven.enforcer.rules.dependency.BannedDependencies passed
[INFO] Rule 5: org.apache.maven.enforcer.rules.dependency.BannedDependencies passed
[INFO] Ignoring requireUpperBoundDeps in org.ow2.asm:asm
[INFO] Rule 6: org.apache.maven.enforcer.rules.dependency.RequireUpperBoundDeps passed
[INFO] 
[INFO] --- enforcer:3.5.0:enforce (no-snapshots-in-release) @ git ---
[INFO] Rule 0: org.apache.maven.enforcer.rules.dependency.RequireReleaseDeps passed
[INFO] 
[INFO] --- localizer:1.31:generate (default) @ git ---
[INFO] 
[INFO] --- resources:3.3.1:resources (default-resources) @ git ---
[INFO] Copying 338 resources from src/main/resources to target/classes
[INFO] 
[INFO] --- flatten:1.7.0:flatten (flatten) @ git ---
[INFO] Generating flattened POM of project org.jenkins-ci.plugins:git:hpi:5.7.1-SNAPSHOT...
[INFO] 
[INFO] --- compiler:3.14.0:compile (default-compile) @ git ---
[INFO] Recompiling the module because of changed source code.
[INFO] Compiling 146 source files with javac [debug parameters release 17] to target/classes
[INFO] hudson.plugins.git.ApiTokenPropertyConfiguration indexed under hudson.Extension
[INFO] hudson.plugins.git.BranchSpec.DescriptorImpl indexed under hudson.Extension
[INFO] hudson.plugins.git.ChangelogToBranchOptions.DescriptorImpl indexed under hudson.Extension
[INFO] hudson.plugins.git.GitBranchSpecifierColumn.DescriptorImpl indexed under hudson.Extension
[INFO] hudson.plugins.git.GitBranchTokenMacro indexed under hudson.Extension
[INFO] hudson.plugins.git.GitPublisher.DescriptorImpl indexed under hudson.Extension
[INFO] hudson.plugins.git.GitPublisher.BranchToPush.DescriptorImpl indexed under hudson.Extension
[INFO] hudson.plugins.git.GitPublisher.TagToPush.DescriptorImpl indexed under hudson.Extension
[INFO] hudson.plugins.git.GitPublisher.NoteToPush.DescriptorImpl indexed under hudson.Extension
[INFO] hudson.plugins.git.GitRevisionBuildParameters.DescriptorImpl indexed under hudson.Extension
[INFO] hudson.plugins.git.GitRevisionTokenMacro indexed under hudson.Extension
[INFO] hudson.plugins.git.GitSCM.DescriptorImpl indexed under hudson.Extension
[INFO] hudson.plugins.git.GitStatus indexed under hudson.Extension
[INFO] hudson.plugins.git.GitStatus.JenkinsAbstractProjectListener indexed under hudson.Extension
[INFO] hudson.plugins.git.GitStatusCrumbExclusion indexed under hudson.Extension
[INFO] hudson.plugins.git.GitTagAction.DescriptorImpl indexed under hudson.Extension
[INFO] hudson.plugins.git.UserMergeOptions.DescriptorImpl indexed under hudson.Extension
[INFO] hudson.plugins.git.UserRemoteConfig.DescriptorImpl indexed under hudson.Extension
[INFO] hudson.plugins.git.browser.AssemblaWeb.AssemblaWebDescriptor indexed under hudson.Extension
[INFO] hudson.plugins.git.browser.BitbucketServer.BitbucketServerDescriptor indexed under hudson.Extension
[INFO] hudson.plugins.git.browser.BitbucketWeb.BitbucketWebDescriptor indexed under hudson.Extension
[INFO] hudson.plugins.git.browser.CGit.CGITDescriptor indexed under hudson.Extension
[INFO] hudson.plugins.git.browser.FisheyeGitRepositoryBrowser.FisheyeGitRepositoryBrowserDescriptor indexed under hudson.Extension
[INFO] hudson.plugins.git.browser.GitBlitRepositoryBrowser.ViewGitWebDescriptor indexed under hudson.Extension
[INFO] hudson.plugins.git.browser.GitLab.GitLabDescriptor indexed under hudson.Extension
[INFO] hudson.plugins.git.browser.GitList.GitListDescriptor indexed under hudson.Extension
[INFO] hudson.plugins.git.browser.GitWeb.GitWebDescriptor indexed under hudson.Extension
[INFO] hudson.plugins.git.browser.GithubWeb.GithubWebDescriptor indexed under hudson.Extension
[INFO] hudson.plugins.git.browser.Gitiles.ViewGitWebDescriptor indexed under hudson.Extension
[INFO] hudson.plugins.git.browser.GitoriousWeb.GitoriousWebDescriptor indexed under hudson.Extension
[INFO] hudson.plugins.git.browser.GogsGit.GogsGitDescriptor indexed under hudson.Extension
[INFO] hudson.plugins.git.browser.KilnGit.KilnGitDescriptor indexed under hudson.Extension
[INFO] hudson.plugins.git.browser.Phabricator.PhabricatorDescriptor indexed under hudson.Extension
[INFO] hudson.plugins.git.browser.RedmineWeb.RedmineWebDescriptor indexed under hudson.Extension
[INFO] hudson.plugins.git.browser.RhodeCode.RhodeCodeDescriptor indexed under hudson.Extension
[INFO] hudson.plugins.git.browser.Stash.StashDescriptor indexed under hudson.Extension
[INFO] hudson.plugins.git.browser.TFS2013GitRepositoryBrowser.TFS2013GitRepositoryBrowserDescriptor indexed under hudson.Extension
[INFO] hudson.plugins.git.browser.ViewGitWeb.ViewGitWebDescriptor indexed under hudson.Extension
[INFO] hudson.plugins.git.browser.casc.GitLabConfigurator indexed under hudson.Extension
[INFO] hudson.plugins.git.extensions.impl.AuthorInChangelog.DescriptorImpl indexed under hudson.Extension
[INFO] hudson.plugins.git.extensions.impl.BuildChooserSetting.DescriptorImpl indexed under hudson.Extension
[INFO] hudson.plugins.git.extensions.impl.BuildSingleRevisionOnly.DescriptorImpl indexed under hudson.Extension
[INFO] hudson.plugins.git.extensions.impl.ChangelogToBranch.DescriptorImpl indexed under hudson.Extension
[INFO] hudson.plugins.git.extensions.impl.CheckoutOption.DescriptorImpl indexed under hudson.Extension
[INFO] hudson.plugins.git.extensions.impl.CleanBeforeCheckout.DescriptorImpl indexed under hudson.Extension
[INFO] hudson.plugins.git.extensions.impl.CleanCheckout.DescriptorImpl indexed under hudson.Extension
[INFO] hudson.plugins.git.extensions.impl.CloneOption.DescriptorImpl indexed under hudson.Extension
[INFO] hudson.plugins.git.extensions.impl.DisableRemotePoll.DescriptorImpl indexed under hudson.Extension
[INFO] hudson.plugins.git.extensions.impl.FirstBuildChangelog.DescriptorImpl indexed under hudson.Extension
[INFO] hudson.plugins.git.extensions.impl.GitLFSPull.DescriptorImpl indexed under hudson.Extension
[INFO] hudson.plugins.git.extensions.impl.IgnoreNotifyCommit.DescriptorImpl indexed under hudson.Extension
[INFO] hudson.plugins.git.extensions.impl.LocalBranch.DescriptorImpl indexed under hudson.Extension
[INFO] hudson.plugins.git.extensions.impl.MessageExclusion.DescriptorImpl indexed under hudson.Extension
[INFO] hudson.plugins.git.extensions.impl.PathRestriction.DescriptorImpl indexed under hudson.Extension
[INFO] hudson.plugins.git.extensions.impl.PerBuildTag.DescriptorImpl indexed under hudson.Extension
[INFO] hudson.plugins.git.extensions.impl.PreBuildMerge.DescriptorImpl indexed under hudson.Extension
[INFO] hudson.plugins.git.extensions.impl.PruneStaleBranch.DescriptorImpl indexed under hudson.Extension
[INFO] hudson.plugins.git.extensions.impl.PruneStaleTag.DescriptorImpl indexed under hudson.Extension
[INFO] hudson.plugins.git.extensions.impl.RelativeTargetDirectory.DescriptorImpl indexed under hudson.Extension
[INFO] hudson.plugins.git.extensions.impl.ScmName.DescriptorImpl indexed under hudson.Extension
[INFO] hudson.plugins.git.extensions.impl.SparseCheckoutPath.DescriptorImpl indexed under hudson.Extension
[INFO] hudson.plugins.git.extensions.impl.SparseCheckoutPaths.DescriptorImpl indexed under hudson.Extension
[INFO] hudson.plugins.git.extensions.impl.SubmoduleOption.DescriptorImpl indexed under hudson.Extension
[INFO] hudson.plugins.git.extensions.impl.UserExclusion.DescriptorImpl indexed under hudson.Extension
[INFO] hudson.plugins.git.extensions.impl.UserIdentity.DescriptorImpl indexed under hudson.Extension
[INFO] hudson.plugins.git.extensions.impl.WipeWorkspace.DescriptorImpl indexed under hudson.Extension
[INFO] hudson.plugins.git.util.AncestryBuildChooser.DescriptorImpl indexed under hudson.Extension
[INFO] hudson.plugins.git.util.DefaultBuildChooser.DescriptorImpl indexed under hudson.Extension
[INFO] hudson.plugins.git.util.InverseBuildChooser.DescriptorImpl indexed under hudson.Extension
[INFO] jenkins.plugins.git.GitBranchSCMHead.SCMHeadMigrationImpl indexed under hudson.Extension
[INFO] jenkins.plugins.git.GitHooksConfiguration indexed under hudson.Extension
[INFO] jenkins.plugins.git.GitSCMFileSystem.BuilderImpl indexed under hudson.Extension
[INFO] jenkins.plugins.git.GitSCMSource.DescriptorImpl indexed under hudson.Extension
[INFO] jenkins.plugins.git.GitSCMSource.ListenerImpl indexed under hudson.Extension
[INFO] jenkins.plugins.git.GitStep.DescriptorImpl indexed under hudson.Extension
[INFO] jenkins.plugins.git.GitUsernamePasswordBinding.DescriptorImpl indexed under hudson.Extension
[INFO] jenkins.plugins.git.MatrixGitPublisher indexed under hudson.Extension
[INFO] jenkins.plugins.git.traits.AuthorInChangelogTrait.DescriptorImpl indexed under hudson.Extension
[INFO] jenkins.plugins.git.traits.BranchDiscoveryTrait.DescriptorImpl indexed under hudson.Extension
[INFO] jenkins.plugins.git.traits.BranchDiscoveryTrait.BranchSCMHeadAuthority.DescriptorImpl indexed under hudson.Extension
[INFO] jenkins.plugins.git.traits.CheckoutOptionTrait.DescriptorImpl indexed under hudson.Extension
[INFO] jenkins.plugins.git.traits.CleanAfterCheckoutTrait.DescriptorImpl indexed under hudson.Extension
[INFO] jenkins.plugins.git.traits.CleanBeforeCheckoutTrait.DescriptorImpl indexed under hudson.Extension
[INFO] jenkins.plugins.git.traits.CloneOptionTrait.DescriptorImpl indexed under hudson.Extension
[INFO] jenkins.plugins.git.traits.DiscoverOtherRefsTrait.DescriptorImpl indexed under hudson.Extension
[INFO] jenkins.plugins.git.traits.FirstBuildChangelogTrait.DescriptorImpl indexed under hudson.Extension
[INFO] jenkins.plugins.git.traits.GitBrowserSCMSourceTrait.DescriptorImpl indexed under hudson.Extension
[INFO] jenkins.plugins.git.traits.GitLFSPullTrait.DescriptorImpl indexed under hudson.Extension
[INFO] jenkins.plugins.git.traits.GitToolSCMSourceTrait.DescriptorImpl indexed under hudson.Extension
[INFO] jenkins.plugins.git.traits.IgnoreOnPushNotificationTrait.DescriptorImpl indexed under hudson.Extension
[INFO] jenkins.plugins.git.traits.LocalBranchTrait.DescriptorImpl indexed under hudson.Extension
[INFO] jenkins.plugins.git.traits.PruneStaleBranchTrait.DescriptorImpl indexed under hudson.Extension
[INFO] jenkins.plugins.git.traits.PruneStaleTagTrait.DescriptorImpl indexed under hudson.Extension
[INFO] jenkins.plugins.git.traits.RefSpecsSCMSourceTrait.DescriptorImpl indexed under hudson.Extension
[INFO] jenkins.plugins.git.traits.RefSpecsSCMSourceTrait.RefSpecTemplate.DescriptorImpl indexed under hudson.Extension
[INFO] jenkins.plugins.git.traits.RemoteNameSCMSourceTrait.DescriptorImpl indexed under hudson.Extension
[INFO] jenkins.plugins.git.traits.SparseCheckoutPathsTrait.DescriptorImpl indexed under hudson.Extension
[INFO] jenkins.plugins.git.traits.SubmoduleOptionTrait.DescriptorImpl indexed under hudson.Extension
[INFO] jenkins.plugins.git.traits.TagDiscoveryTrait.DescriptorImpl indexed under hudson.Extension
[INFO] jenkins.plugins.git.traits.TagDiscoveryTrait.TagSCMHeadAuthority.DescriptorImpl indexed under hudson.Extension
[INFO] jenkins.plugins.git.traits.UserIdentityTrait.DescriptorImpl indexed under hudson.Extension
[INFO] jenkins.plugins.git.traits.WipeWorkspaceTrait.DescriptorImpl indexed under hudson.Extension
[INFO] /tmp/plugin-builds/git/src/main/java/hudson/plugins/git/BranchSpec.java:[57,12] Generating hudson/plugins/git/BranchSpec.stapler
[INFO] /tmp/plugin-builds/git/src/main/java/hudson/plugins/git/ChangelogToBranchOptions.java:[21,12] Generating hudson/plugins/git/ChangelogToBranchOptions.stapler
[INFO] /tmp/plugin-builds/git/src/main/java/hudson/plugins/git/GitBranchSpecifierColumn.java:[22,12] Generating hudson/plugins/git/GitBranchSpecifierColumn.stapler
[INFO] /tmp/plugin-builds/git/src/main/java/hudson/plugins/git/GitPublisher.java:[520,16] Generating hudson/plugins/git/GitPublisher/BranchToPush.stapler
[INFO] /tmp/plugin-builds/git/src/main/java/hudson/plugins/git/GitPublisher.java:[566,16] Generating hudson/plugins/git/GitPublisher/TagToPush.stapler
[INFO] /tmp/plugin-builds/git/src/main/java/hudson/plugins/git/GitPublisher.java:[618,16] Generating hudson/plugins/git/GitPublisher/NoteToPush.stapler
[INFO] /tmp/plugin-builds/git/src/main/java/hudson/plugins/git/GitPublisher.java:[59,12] Generating hudson/plugins/git/GitPublisher.stapler
[INFO] /tmp/plugin-builds/git/src/main/java/hudson/plugins/git/GitRevisionBuildParameters.java:[47,16] Generating hudson/plugins/git/GitRevisionBuildParameters.stapler
[INFO] /tmp/plugin-builds/git/src/main/java/hudson/plugins/git/GitSCM.java:[206,12] Generating hudson/plugins/git/GitSCM.stapler
[INFO] /tmp/plugin-builds/git/src/main/java/hudson/plugins/git/SubmoduleConfig.java:[33,12] Generating hudson/plugins/git/SubmoduleConfig.stapler
[INFO] /tmp/plugin-builds/git/src/main/java/hudson/plugins/git/UserMergeOptions.java:[58,12] Generating hudson/plugins/git/UserMergeOptions.stapler
[INFO] /tmp/plugin-builds/git/src/main/java/hudson/plugins/git/UserRemoteConfig.java:[59,12] Generating hudson/plugins/git/UserRemoteConfig.stapler
[INFO] /tmp/plugin-builds/git/src/main/java/hudson/plugins/git/browser/AssemblaWeb.java:[39,12] Generating hudson/plugins/git/browser/AssemblaWeb.stapler
[INFO] /tmp/plugin-builds/git/src/main/java/hudson/plugins/git/browser/BitbucketServer.java:[27,12] Generating hudson/plugins/git/browser/BitbucketServer.stapler
[INFO] /tmp/plugin-builds/git/src/main/java/hudson/plugins/git/browser/BitbucketWeb.java:[27,12] Generating hudson/plugins/git/browser/BitbucketWeb.stapler
[INFO] /tmp/plugin-builds/git/src/main/java/hudson/plugins/git/browser/CGit.java:[29,12] Generating hudson/plugins/git/browser/CGit.stapler
[INFO] /tmp/plugin-builds/git/src/main/java/hudson/plugins/git/browser/FisheyeGitRepositoryBrowser.java:[32,16] Generating hudson/plugins/git/browser/FisheyeGitRepositoryBrowser.stapler
[INFO] /tmp/plugin-builds/git/src/main/java/hudson/plugins/git/browser/GitBlitRepositoryBrowser.java:[39,12] Generating hudson/plugins/git/browser/GitBlitRepositoryBrowser.stapler
[INFO] /tmp/plugin-builds/git/src/main/java/hudson/plugins/git/browser/GitLab.java:[48,12] Generating hudson/plugins/git/browser/GitLab.stapler
[INFO] /tmp/plugin-builds/git/src/main/java/hudson/plugins/git/browser/GitList.java:[29,12] Generating hudson/plugins/git/browser/GitList.stapler
[INFO] /tmp/plugin-builds/git/src/main/java/hudson/plugins/git/browser/GitWeb.java:[29,12] Generating hudson/plugins/git/browser/GitWeb.stapler
[INFO] /tmp/plugin-builds/git/src/main/java/hudson/plugins/git/browser/GithubWeb.java:[29,12] Generating hudson/plugins/git/browser/GithubWeb.stapler
[INFO] /tmp/plugin-builds/git/src/main/java/hudson/plugins/git/browser/Gitiles.java:[40,12] Generating hudson/plugins/git/browser/Gitiles.stapler
[INFO] /tmp/plugin-builds/git/src/main/java/hudson/plugins/git/browser/GitoriousWeb.java:[27,12] Generating hudson/plugins/git/browser/GitoriousWeb.stapler
[INFO] /tmp/plugin-builds/git/src/main/java/hudson/plugins/git/browser/GogsGit.java:[29,12] Generating hudson/plugins/git/browser/GogsGit.stapler
[INFO] /tmp/plugin-builds/git/src/main/java/hudson/plugins/git/browser/KilnGit.java:[30,12] Generating hudson/plugins/git/browser/KilnGit.stapler
[INFO] /tmp/plugin-builds/git/src/main/java/hudson/plugins/git/browser/Phabricator.java:[29,12] Generating hudson/plugins/git/browser/Phabricator.stapler
[INFO] /tmp/plugin-builds/git/src/main/java/hudson/plugins/git/browser/RedmineWeb.java:[30,12] Generating hudson/plugins/git/browser/RedmineWeb.stapler
[INFO] /tmp/plugin-builds/git/src/main/java/hudson/plugins/git/browser/RhodeCode.java:[29,12] Generating hudson/plugins/git/browser/RhodeCode.stapler
[INFO] /tmp/plugin-builds/git/src/main/java/hudson/plugins/git/browser/Stash.java:[28,12] Generating hudson/plugins/git/browser/Stash.stapler
[INFO] /tmp/plugin-builds/git/src/main/java/hudson/plugins/git/browser/TFS2013GitRepositoryBrowser.java:[35,12] Generating hudson/plugins/git/browser/TFS2013GitRepositoryBrowser.stapler
[INFO] /tmp/plugin-builds/git/src/main/java/hudson/plugins/git/browser/ViewGitWeb.java:[40,12] Generating hudson/plugins/git/browser/ViewGitWeb.stapler
[INFO] /tmp/plugin-builds/git/src/main/java/hudson/plugins/git/extensions/impl/AuthorInChangelog.java:[18,12] Generating hudson/plugins/git/extensions/impl/AuthorInChangelog.stapler
[INFO] /tmp/plugin-builds/git/src/main/java/hudson/plugins/git/extensions/impl/BuildChooserSetting.java:[23,12] Generating hudson/plugins/git/extensions/impl/BuildChooserSetting.stapler
[INFO] /tmp/plugin-builds/git/src/main/java/hudson/plugins/git/extensions/impl/BuildSingleRevisionOnly.java:[16,12] Generating hudson/plugins/git/extensions/impl/BuildSingleRevisionOnly.stapler
[INFO] /tmp/plugin-builds/git/src/main/java/hudson/plugins/git/extensions/impl/ChangelogToBranch.java:[22,12] Generating hudson/plugins/git/extensions/impl/ChangelogToBranch.stapler
[INFO] /tmp/plugin-builds/git/src/main/java/hudson/plugins/git/extensions/impl/CheckoutOption.java:[32,12] Generating hudson/plugins/git/extensions/impl/CheckoutOption.stapler
[INFO] /tmp/plugin-builds/git/src/main/java/hudson/plugins/git/extensions/impl/CleanBeforeCheckout.java:[27,12] Generating hudson/plugins/git/extensions/impl/CleanBeforeCheckout.stapler
[INFO] /tmp/plugin-builds/git/src/main/java/hudson/plugins/git/extensions/impl/CleanCheckout.java:[27,12] Generating hudson/plugins/git/extensions/impl/CleanCheckout.stapler
[INFO] /tmp/plugin-builds/git/src/main/java/hudson/plugins/git/extensions/impl/CloneOption.java:[49,12] Generating hudson/plugins/git/extensions/impl/CloneOption.stapler
[INFO] /tmp/plugin-builds/git/src/main/java/hudson/plugins/git/extensions/impl/DisableRemotePoll.java:[16,12] Generating hudson/plugins/git/extensions/impl/DisableRemotePoll.stapler
[INFO] /tmp/plugin-builds/git/src/main/java/hudson/plugins/git/extensions/impl/FirstBuildChangelog.java:[20,12] Generating hudson/plugins/git/extensions/impl/FirstBuildChangelog.stapler
[INFO] /tmp/plugin-builds/git/src/main/java/hudson/plugins/git/extensions/impl/GitLFSPull.java:[27,12] Generating hudson/plugins/git/extensions/impl/GitLFSPull.stapler
[INFO] /tmp/plugin-builds/git/src/main/java/hudson/plugins/git/extensions/impl/IgnoreNotifyCommit.java:[15,12] Generating hudson/plugins/git/extensions/impl/IgnoreNotifyCommit.stapler
[INFO] /tmp/plugin-builds/git/src/main/java/hudson/plugins/git/extensions/impl/LocalBranch.java:[28,12] Generating hudson/plugins/git/extensions/impl/LocalBranch.stapler
[INFO] /tmp/plugin-builds/git/src/main/java/hudson/plugins/git/extensions/impl/MessageExclusion.java:[35,16] Generating hudson/plugins/git/extensions/impl/MessageExclusion.stapler
[INFO] /tmp/plugin-builds/git/src/main/java/hudson/plugins/git/extensions/impl/PathRestriction.java:[40,12] Generating hudson/plugins/git/extensions/impl/PathRestriction.stapler
[INFO] /tmp/plugin-builds/git/src/main/java/hudson/plugins/git/extensions/impl/PerBuildTag.java:[23,12] Generating hudson/plugins/git/extensions/impl/PerBuildTag.stapler
[INFO] /tmp/plugin-builds/git/src/main/java/hudson/plugins/git/extensions/impl/PreBuildMerge.java:[46,12] Generating hudson/plugins/git/extensions/impl/PreBuildMerge.stapler
[INFO] /tmp/plugin-builds/git/src/main/java/hudson/plugins/git/extensions/impl/PruneStaleBranch.java:[23,12] Generating hudson/plugins/git/extensions/impl/PruneStaleBranch.stapler
[INFO] /tmp/plugin-builds/git/src/main/java/hudson/plugins/git/extensions/impl/PruneStaleTag.java:[73,12] Generating hudson/plugins/git/extensions/impl/PruneStaleTag.stapler
[INFO] /tmp/plugin-builds/git/src/main/java/hudson/plugins/git/extensions/impl/RelativeTargetDirectory.java:[28,12] Generating hudson/plugins/git/extensions/impl/RelativeTargetDirectory.stapler
[INFO] /tmp/plugin-builds/git/src/main/java/hudson/plugins/git/extensions/impl/ScmName.java:[18,12] Generating hudson/plugins/git/extensions/impl/ScmName.stapler
[INFO] /tmp/plugin-builds/git/src/main/java/hudson/plugins/git/extensions/impl/SparseCheckoutPath.java:[28,12] Generating hudson/plugins/git/extensions/impl/SparseCheckoutPath.stapler
[INFO] /tmp/plugin-builds/git/src/main/java/hudson/plugins/git/extensions/impl/SparseCheckoutPaths.java:[29,12] Generating hudson/plugins/git/extensions/impl/SparseCheckoutPaths.stapler
[INFO] /tmp/plugin-builds/git/src/main/java/hudson/plugins/git/extensions/impl/SubmoduleOption.java:[56,12] Generating hudson/plugins/git/extensions/impl/SubmoduleOption.stapler
[INFO] /tmp/plugin-builds/git/src/main/java/hudson/plugins/git/extensions/impl/UserExclusion.java:[31,12] Generating hudson/plugins/git/extensions/impl/UserExclusion.stapler
[INFO] /tmp/plugin-builds/git/src/main/java/hudson/plugins/git/extensions/impl/UserIdentity.java:[27,12] Generating hudson/plugins/git/extensions/impl/UserIdentity.stapler
[INFO] /tmp/plugin-builds/git/src/main/java/hudson/plugins/git/extensions/impl/WipeWorkspace.java:[21,12] Generating hudson/plugins/git/extensions/impl/WipeWorkspace.stapler
[INFO] /tmp/plugin-builds/git/src/main/java/hudson/plugins/git/util/AncestryBuildChooser.java:[38,12] Generating hudson/plugins/git/util/AncestryBuildChooser.stapler
[INFO] /tmp/plugin-builds/git/src/main/java/hudson/plugins/git/util/DefaultBuildChooser.java:[26,12] Generating hudson/plugins/git/util/DefaultBuildChooser.stapler
[INFO] /tmp/plugin-builds/git/src/main/java/hudson/plugins/git/util/InverseBuildChooser.java:[37,12] Generating hudson/plugins/git/util/InverseBuildChooser.stapler
[INFO] /tmp/plugin-builds/git/src/main/java/jenkins/plugins/git/GitSCMSource.java:[161,12] Generating jenkins/plugins/git/GitSCMSource.stapler
[INFO] /tmp/plugin-builds/git/src/main/java/jenkins/plugins/git/GitStep.java:[58,12] Generating jenkins/plugins/git/GitStep.stapler
[INFO] /tmp/plugin-builds/git/src/main/java/jenkins/plugins/git/GitUsernamePasswordBinding.java:[43,12] Generating jenkins/plugins/git/GitUsernamePasswordBinding.stapler
[INFO] /tmp/plugin-builds/git/src/main/java/jenkins/plugins/git/traits/AuthorInChangelogTrait.java:[44,12] Generating jenkins/plugins/git/traits/AuthorInChangelogTrait.stapler
[INFO] /tmp/plugin-builds/git/src/main/java/jenkins/plugins/git/traits/BranchDiscoveryTrait.java:[59,12] Generating jenkins/plugins/git/traits/BranchDiscoveryTrait.stapler
[INFO] /tmp/plugin-builds/git/src/main/java/jenkins/plugins/git/traits/CheckoutOptionTrait.java:[46,12] Generating jenkins/plugins/git/traits/CheckoutOptionTrait.stapler
[INFO] /tmp/plugin-builds/git/src/main/java/jenkins/plugins/git/traits/CleanAfterCheckoutTrait.java:[57,12] Generating jenkins/plugins/git/traits/CleanAfterCheckoutTrait.stapler
[INFO] /tmp/plugin-builds/git/src/main/java/jenkins/plugins/git/traits/CleanBeforeCheckoutTrait.java:[57,12] Generating jenkins/plugins/git/traits/CleanBeforeCheckoutTrait.stapler
[INFO] /tmp/plugin-builds/git/src/main/java/jenkins/plugins/git/traits/CloneOptionTrait.java:[46,12] Generating jenkins/plugins/git/traits/CloneOptionTrait.stapler
[INFO] /tmp/plugin-builds/git/src/main/java/jenkins/plugins/git/traits/DiscoverOtherRefsTrait.java:[51,12] Generating jenkins/plugins/git/traits/DiscoverOtherRefsTrait.stapler
[INFO] /tmp/plugin-builds/git/src/main/java/jenkins/plugins/git/traits/FirstBuildChangelogTrait.java:[31,12] Generating jenkins/plugins/git/traits/FirstBuildChangelogTrait.stapler
[INFO] /tmp/plugin-builds/git/src/main/java/jenkins/plugins/git/traits/GitBrowserSCMSourceTrait.java:[70,12] Generating jenkins/plugins/git/traits/GitBrowserSCMSourceTrait.stapler
[INFO] /tmp/plugin-builds/git/src/main/java/jenkins/plugins/git/traits/GitLFSPullTrait.java:[44,12] Generating jenkins/plugins/git/traits/GitLFSPullTrait.stapler
[INFO] /tmp/plugin-builds/git/src/main/java/jenkins/plugins/git/traits/GitToolSCMSourceTrait.java:[67,12] Generating jenkins/plugins/git/traits/GitToolSCMSourceTrait.stapler
[INFO] /tmp/plugin-builds/git/src/main/java/jenkins/plugins/git/traits/IgnoreOnPushNotificationTrait.java:[49,12] Generating jenkins/plugins/git/traits/IgnoreOnPushNotificationTrait.stapler
[INFO] /tmp/plugin-builds/git/src/main/java/jenkins/plugins/git/traits/LocalBranchTrait.java:[49,12] Generating jenkins/plugins/git/traits/LocalBranchTrait.stapler
[INFO] /tmp/plugin-builds/git/src/main/java/jenkins/plugins/git/traits/PruneStaleBranchTrait.java:[46,12] Generating jenkins/plugins/git/traits/PruneStaleBranchTrait.stapler
[INFO] /tmp/plugin-builds/git/src/main/java/jenkins/plugins/git/traits/PruneStaleTagTrait.java:[46,12] Generating jenkins/plugins/git/traits/PruneStaleTagTrait.stapler
[INFO] /tmp/plugin-builds/git/src/main/java/jenkins/plugins/git/traits/RefSpecsSCMSourceTrait.java:[202,16] Generating jenkins/plugins/git/traits/RefSpecsSCMSourceTrait/RefSpecTemplate.stapler
[INFO] /tmp/plugin-builds/git/src/main/java/jenkins/plugins/git/traits/RefSpecsSCMSourceTrait.java:[75,12] Generating jenkins/plugins/git/traits/RefSpecsSCMSourceTrait.stapler
[INFO] /tmp/plugin-builds/git/src/main/java/jenkins/plugins/git/traits/RemoteNameSCMSourceTrait.java:[69,12] Generating jenkins/plugins/git/traits/RemoteNameSCMSourceTrait.stapler
[INFO] /tmp/plugin-builds/git/src/main/java/jenkins/plugins/git/traits/SparseCheckoutPathsTrait.java:[21,12] Generating jenkins/plugins/git/traits/SparseCheckoutPathsTrait.stapler
[INFO] /tmp/plugin-builds/git/src/main/java/jenkins/plugins/git/traits/SubmoduleOptionTrait.java:[46,12] Generating jenkins/plugins/git/traits/SubmoduleOptionTrait.stapler
[INFO] /tmp/plugin-builds/git/src/main/java/jenkins/plugins/git/traits/TagDiscoveryTrait.java:[58,12] Generating jenkins/plugins/git/traits/TagDiscoveryTrait.stapler
[INFO] /tmp/plugin-builds/git/src/main/java/jenkins/plugins/git/traits/UserIdentityTrait.java:[46,12] Generating jenkins/plugins/git/traits/UserIdentityTrait.stapler
[INFO] /tmp/plugin-builds/git/src/main/java/jenkins/plugins/git/traits/WipeWorkspaceTrait.java:[43,12] Generating jenkins/plugins/git/traits/WipeWorkspaceTrait.stapler
[INFO] /tmp/plugin-builds/git/src/main/java/hudson/plugins/git/util/BuildData.java:[44,8] Generating hudson/plugins/git/util/BuildData.javadoc
[INFO] /tmp/plugin-builds/git/src/main/java/hudson/plugins/git/opt/PreBuildMergeOptions.java:[18,8] Generating hudson/plugins/git/opt/PreBuildMergeOptions.javadoc
[INFO] /tmp/plugin-builds/git/src/main/java/hudson/plugins/git/GitSCM.java:[122,8] Generating hudson/plugins/git/GitSCM.javadoc
[INFO] /tmp/plugin-builds/git/src/main/java/jenkins/plugins/git/AbstractGitSCMSource.java:[1464,19] Generating jenkins/plugins/git/AbstractGitSCMSource/SCMRevisionImpl.javadoc
[INFO] /tmp/plugin-builds/git/src/main/java/hudson/plugins/git/GitTagAction.java:[29,8] Generating hudson/plugins/git/GitTagAction.javadoc
[INFO] /tmp/plugin-builds/git/src/main/java/hudson/plugins/git/BranchSpec.java:[35,8] Generating hudson/plugins/git/BranchSpec.javadoc
[INFO] /tmp/plugin-builds/git/src/main/java/hudson/plugins/git/GitChangeSetList.java:[16,8] Generating hudson/plugins/git/GitChangeSetList.javadoc
[INFO] /tmp/plugin-builds/git/src/main/java/hudson/plugins/git/GitChangeSet.java:[45,8] Generating hudson/plugins/git/GitChangeSet.javadoc
[INFO] /tmp/plugin-builds/git/src/main/java/hudson/plugins/git/UserRemoteConfig.java:[51,8] Generating hudson/plugins/git/UserRemoteConfig.javadoc
[INFO] /tmp/plugin-builds/git/src/main/java/hudson/plugins/git/util/Build.java:[22,8] Generating hudson/plugins/git/util/Build.javadoc
[INFO] /tmp/plugin-builds/git/src/main/java/hudson/plugins/git/GitChangeSet.java:[640,19] Generating hudson/plugins/git/GitChangeSet/Path.javadoc
[INFO] /tmp/plugin-builds/git/src/main/java/hudson/plugins/git/GitTagAction.java:[111,19] Generating hudson/plugins/git/GitTagAction/TagInfo.javadoc
[INFO] /tmp/plugin-builds/git/src/main/java/jenkins/plugins/git/traits/RemoteNameSCMSourceTrait.java:[224,31] Generating jenkins/plugins/git/traits/RemoteNameSCMSourceTrait/DescriptorImpl/doCheckRemoteName.stapler
[INFO] /tmp/plugin-builds/git/src/main/java/jenkins/plugins/git/GitStep.java:[100,29] Generating jenkins/plugins/git/GitStep/DescriptorImpl/doFillCredentialsIdItems.stapler
[INFO] /tmp/plugin-builds/git/src/main/java/hudson/plugins/git/GitPublisher.java:[433,31] Generating hudson/plugins/git/GitPublisher/DescriptorImpl/doCheckBranchName.stapler
[INFO] /tmp/plugin-builds/git/src/main/java/hudson/plugins/git/browser/Gitiles.java:[79,31] Generating hudson/plugins/git/browser/Gitiles/ViewGitWebDescriptor/doCheckRepoUrl.stapler
[INFO] /tmp/plugin-builds/git/src/main/java/jenkins/plugins/git/GitSCMSource.java:[423,29] Generating jenkins/plugins/git/GitSCMSource/DescriptorImpl/doFillCredentialsIdItems.stapler
[INFO] /tmp/plugin-builds/git/src/main/java/jenkins/plugins/git/GitSCMSource.java:[442,31] Generating jenkins/plugins/git/GitSCMSource/DescriptorImpl/doCheckRemote.stapler
[INFO] /tmp/plugin-builds/git/src/main/java/hudson/plugins/git/browser/TFS2013GitRepositoryBrowser.java:[113,31] Generating hudson/plugins/git/browser/TFS2013GitRepositoryBrowser/TFS2013GitRepositoryBrowserDescriptor/doCheckRepoUrl.stapler
[INFO] /tmp/plugin-builds/git/src/main/java/hudson/plugins/git/GitStatus.java:[118,25] Generating hudson/plugins/git/GitStatus/doNotifyCommit.stapler
[INFO] /tmp/plugin-builds/git/src/main/java/hudson/plugins/git/browser/GitBlitRepositoryBrowser.java:[97,31] Generating hudson/plugins/git/browser/GitBlitRepositoryBrowser/ViewGitWebDescriptor/doCheckRepoUrl.stapler
[INFO] /tmp/plugin-builds/git/src/main/java/jenkins/plugins/git/traits/RefSpecsSCMSourceTrait.java:[231,35] Generating jenkins/plugins/git/traits/RefSpecsSCMSourceTrait/RefSpecTemplate/DescriptorImpl/doCheckValue.stapler
[INFO] /tmp/plugin-builds/git/src/main/java/hudson/plugins/git/UserRemoteConfig.java:[176,31] Generating hudson/plugins/git/UserRemoteConfig/DescriptorImpl/doCheckUrl.stapler
[INFO] /tmp/plugin-builds/git/src/main/java/hudson/plugins/git/UserRemoteConfig.java:[239,31] Generating hudson/plugins/git/UserRemoteConfig/DescriptorImpl/doCheckRefspec.stapler
[INFO] /tmp/plugin-builds/git/src/main/java/jenkins/plugins/git/GitSCMSource.java:[453,31] Generating jenkins/plugins/git/GitSCMSource/DescriptorImpl/doCheckCredentialsId.stapler
[INFO] /tmp/plugin-builds/git/src/main/java/hudson/plugins/git/UserRemoteConfig.java:[132,31] Generating hudson/plugins/git/UserRemoteConfig/DescriptorImpl/doCheckCredentialsId.stapler
[INFO] /tmp/plugin-builds/git/src/main/java/hudson/plugins/git/browser/GitLab.java:[159,31] Generating hudson/plugins/git/browser/GitLab/GitLabDescriptor/doCheckVersion.stapler
[INFO] /tmp/plugin-builds/git/src/main/java/hudson/plugins/git/UserRemoteConfig.java:[105,29] Generating hudson/plugins/git/UserRemoteConfig/DescriptorImpl/doFillCredentialsIdItems.stapler
[INFO] /tmp/plugin-builds/git/src/main/java/hudson/plugins/git/browser/FisheyeGitRepositoryBrowser.java:[93,39] Generating hudson/plugins/git/browser/FisheyeGitRepositoryBrowser/FisheyeGitRepositoryBrowserDescriptor/doCheckRepoUrl.stapler
[INFO] /tmp/plugin-builds/git/src/main/java/hudson/plugins/git/browser/AssemblaWeb.java:[105,31] Generating hudson/plugins/git/browser/AssemblaWeb/AssemblaWebDescriptor/doCheckRepoUrl.stapler
[INFO] /tmp/plugin-builds/git/src/main/java/hudson/plugins/git/GitPublisher.java:[424,31] Generating hudson/plugins/git/GitPublisher/DescriptorImpl/doCheck.stapler
[INFO] /tmp/plugin-builds/git/src/main/java/hudson/plugins/git/GitPublisher.java:[429,31] Generating hudson/plugins/git/GitPublisher/DescriptorImpl/doCheckTagName.stapler
[INFO] /tmp/plugin-builds/git/src/main/java/hudson/plugins/git/extensions/impl/MessageExclusion.java:[61,39] Generating hudson/plugins/git/extensions/impl/MessageExclusion/DescriptorImpl/doCheckExcludedMessage.stapler
[INFO] /tmp/plugin-builds/git/src/main/java/hudson/plugins/git/GitPublisher.java:[437,31] Generating hudson/plugins/git/GitPublisher/DescriptorImpl/doCheckNoteMsg.stapler
[INFO] /tmp/plugin-builds/git/src/main/java/hudson/plugins/git/GitSCM.java: Some input files use or override a deprecated API.
[INFO] /tmp/plugin-builds/git/src/main/java/hudson/plugins/git/GitSCM.java: Recompile with -Xlint:deprecation for details.
[INFO] /tmp/plugin-builds/git/src/main/java/hudson/plugins/git/GitPublisher.java: Some input files use unchecked or unsafe operations.
[INFO] /tmp/plugin-builds/git/src/main/java/hudson/plugins/git/GitPublisher.java: Recompile with -Xlint:unchecked for details.
[INFO] 
[INFO] --- access-modifier-checker:1.35:enforce (default-enforce) @ git ---
[INFO] Skipping access modifier checks
[INFO] 
[INFO] --- bridge-method-injector:1.31:process (default) @ git ---
[INFO] 
[INFO] --- hpi:3.65:insert-test (default-insert-test) @ git ---
[INFO] 
[INFO] --- antrun:3.1.0:run (createTempDir) @ git ---
[INFO] Executing tasks
[INFO]     [mkdir] Created dir: /tmp/plugin-builds/git/target/tmp
[INFO] Executed tasks
[INFO] 
[INFO] --- resources:3.3.1:testResources (default-testResources) @ git ---
[INFO] Copying 26 resources from src/test/resources to target/test-classes
[INFO] 
[INFO] --- compiler:3.14.0:testCompile (default-testCompile) @ git ---
[INFO] Recompiling the module because of changed dependency.
[INFO] Compiling 156 source files with javac [debug parameters release 17] to target/test-classes
[INFO] hudson.plugins.git.AbstractGitTestCase.HasCredentialBuilder.DescriptorImpl indexed under org.jvnet.hudson.test.TestExtension
[INFO] hudson.plugins.git.GitSCMTest.SupplySomeEnvVars indexed under org.jvnet.hudson.test.TestExtension
[INFO] hudson.plugins.git.GitSCMTest.CleanEnvironment indexed under org.jvnet.hudson.test.TestExtension
[INFO] hudson.plugins.git.GitTagActionTest.TestGitTagAction.DescriptorImpl indexed under org.jvnet.hudson.test.TestExtension
[INFO] jenkins.plugins.git.GitSCMSourceTest.SCMEventListenerImpl indexed under org.jvnet.hudson.test.TestExtension
[INFO] jenkins.plugins.git.GitSCMSourceTest.MyGitSCMTelescope indexed under org.jvnet.hudson.test.TestExtension
[INFO] jenkins.plugins.git.GitToolChooserTest.TestExtensionGithub indexed under org.jvnet.hudson.test.TestExtension
[INFO] jenkins.plugins.git.GitToolChooserTest.TestExtensionGitlab indexed under org.jvnet.hudson.test.TestExtension
[INFO] jenkins.plugins.git.GitToolChooserTest.TestExtensionBit indexed under org.jvnet.hudson.test.TestExtension
[INFO] hudson.plugins.git.extensions.impl.EnforceGitClient.DescriptorImpl indexed under hudson.Extension
[INFO] /tmp/plugin-builds/git/src/test/java/hudson/plugins/git/AbstractGitTestCase.java:[317,16] Generating hudson/plugins/git/AbstractGitTestCase/HasCredentialBuilder.stapler
[INFO] /tmp/plugin-builds/git/src/test/java/hudson/plugins/git/extensions/impl/EnforceGitClient.java:[29,12] Generating hudson/plugins/git/extensions/impl/EnforceGitClient.stapler
[INFO] /tmp/plugin-builds/git/src/test/java/hudson/plugins/git/GitPublisherTest.java: Some input files use or override a deprecated API.
[INFO] /tmp/plugin-builds/git/src/test/java/hudson/plugins/git/GitPublisherTest.java: Recompile with -Xlint:deprecation for details.
[INFO] /tmp/plugin-builds/git/src/test/java/hudson/plugins/git/CheckoutStepSnippetizerTest.java: Some input files use unchecked or unsafe operations.
[INFO] /tmp/plugin-builds/git/src/test/java/hudson/plugins/git/CheckoutStepSnippetizerTest.java: Recompile with -Xlint:unchecked for details.
[INFO] 
[INFO] --- hpi:3.65:test-hpl (default-test-hpl) @ git ---
[INFO] Generating /tmp/plugin-builds/git/target/test-classes/the.hpl
[INFO] 
[INFO] --- hpi:3.65:resolve-test-dependencies (default-resolve-test-dependencies) @ git ---
[INFO] 
[INFO] --- hpi:3.65:test-runtime (default-test-runtime) @ git ---
[INFO] Tests are skipped.
[INFO] 
[INFO] --- surefire:3.5.3:test (default-test) @ git ---
[INFO] Tests are skipped.
[INFO] 
[INFO] --- license:165.v7e11f4e4a_325:process (default) @ git ---
[INFO] ------------------------------------------------------------------------
[INFO] BUILD FAILURE
[INFO] ------------------------------------------------------------------------
[INFO] Total time:  15.481 s
[INFO] Finished at: 2025-06-05T12:24:09+02:00
[INFO] ------------------------------------------------------------------------
---------------------------------------------------
constituent[0]: file:/home/poddingue/.sdkman/candidates/maven/current/conf/logging/
constituent[1]: file:/home/poddingue/.sdkman/candidates/maven/current/lib/plexus-cipher-2.0.jar
constituent[2]: file:/home/poddingue/.sdkman/candidates/maven/current/lib/maven-shared-utils-3.4.2.jar
constituent[3]: file:/home/poddingue/.sdkman/candidates/maven/current/lib/wagon-provider-api-3.5.3.jar
constituent[4]: file:/home/poddingue/.sdkman/candidates/maven/current/lib/guice-5.1.0.jar
constituent[5]: file:/home/poddingue/.sdkman/candidates/maven/current/lib/httpclient-4.5.14.jar
constituent[6]: file:/home/poddingue/.sdkman/candidates/maven/current/lib/slf4j-api-1.7.36.jar
constituent[7]: file:/home/poddingue/.sdkman/candidates/maven/current/lib/commons-codec-1.17.1.jar
constituent[8]: file:/home/poddingue/.sdkman/candidates/maven/current/lib/maven-resolver-impl-1.9.22.jar
constituent[9]: file:/home/poddingue/.sdkman/candidates/maven/current/lib/maven-resolver-named-locks-1.9.22.jar
constituent[10]: file:/home/poddingue/.sdkman/candidates/maven/current/lib/maven-resolver-util-1.9.22.jar
constituent[11]: file:/home/poddingue/.sdkman/candidates/maven/current/lib/maven-resolver-transport-http-1.9.22.jar
constituent[12]: file:/home/poddingue/.sdkman/candidates/maven/current/lib/plexus-sec-dispatcher-2.0.jar
constituent[13]: file:/home/poddingue/.sdkman/candidates/maven/current/lib/maven-resolver-api-1.9.22.jar
constituent[14]: file:/home/poddingue/.sdkman/candidates/maven/current/lib/guava-33.2.1-jre.jar
constituent[15]: file:/home/poddingue/.sdkman/candidates/maven/current/lib/maven-settings-3.9.9.jar
constituent[16]: file:/home/poddingue/.sdkman/candidates/maven/current/lib/maven-resolver-transport-file-1.9.22.jar
constituent[17]: file:/home/poddingue/.sdkman/candidates/maven/current/lib/wagon-http-shared-3.5.3.jar
constituent[18]: file:/home/poddingue/.sdkman/candidates/maven/current/lib/maven-resolver-transport-wagon-1.9.22.jar
constituent[19]: file:/home/poddingue/.sdkman/candidates/maven/current/lib/plexus-interpolation-1.27.jar
constituent[20]: file:/home/poddingue/.sdkman/candidates/maven/current/lib/maven-model-3.9.9.jar
constituent[21]: file:/home/poddingue/.sdkman/candidates/maven/current/lib/maven-settings-builder-3.9.9.jar
constituent[22]: file:/home/poddingue/.sdkman/candidates/maven/current/lib/jansi-2.4.1.jar
constituent[23]: file:/home/poddingue/.sdkman/candidates/maven/current/lib/commons-cli-1.8.0.jar
constituent[24]: file:/home/poddingue/.sdkman/candidates/maven/current/lib/httpcore-4.4.16.jar
constituent[25]: file:/home/poddingue/.sdkman/candidates/maven/current/lib/maven-builder-support-3.9.9.jar
constituent[26]: file:/home/poddingue/.sdkman/candidates/maven/current/lib/maven-embedder-3.9.9.jar
constituent[27]: file:/home/poddingue/.sdkman/candidates/maven/current/lib/maven-artifact-3.9.9.jar
constituent[28]: file:/home/poddingue/.sdkman/candidates/maven/current/lib/maven-compat-3.9.9.jar
constituent[29]: file:/home/poddingue/.sdkman/candidates/maven/current/lib/wagon-http-3.5.3.jar
constituent[30]: file:/home/poddingue/.sdkman/candidates/maven/current/lib/maven-model-builder-3.9.9.jar
constituent[31]: file:/home/poddingue/.sdkman/candidates/maven/current/lib/aopalliance-1.0.jar
constituent[32]: file:/home/poddingue/.sdkman/candidates/maven/current/lib/maven-slf4j-provider-3.9.9.jar
constituent[33]: file:/home/poddingue/.sdkman/candidates/maven/current/lib/maven-resolver-connector-basic-1.9.22.jar
constituent[34]: file:/home/poddingue/.sdkman/candidates/maven/current/lib/maven-plugin-api-3.9.9.jar
constituent[35]: file:/home/poddingue/.sdkman/candidates/maven/current/lib/javax.annotation-api-1.3.2.jar
constituent[36]: file:/home/poddingue/.sdkman/candidates/maven/current/lib/org.eclipse.sisu.inject-0.9.0.M3.jar
constituent[37]: file:/home/poddingue/.sdkman/candidates/maven/current/lib/jcl-over-slf4j-1.7.36.jar
constituent[38]: file:/home/poddingue/.sdkman/candidates/maven/current/lib/plexus-xml-3.0.1.jar
constituent[39]: file:/home/poddingue/.sdkman/candidates/maven/current/lib/plexus-utils-3.5.1.jar
constituent[40]: file:/home/poddingue/.sdkman/candidates/maven/current/lib/maven-resolver-provider-3.9.9.jar
constituent[41]: file:/home/poddingue/.sdkman/candidates/maven/current/lib/org.eclipse.sisu.plexus-0.9.0.M3.jar
constituent[42]: file:/home/poddingue/.sdkman/candidates/maven/current/lib/maven-resolver-spi-1.9.22.jar
constituent[43]: file:/home/poddingue/.sdkman/candidates/maven/current/lib/javax.inject-1.jar
constituent[44]: file:/home/poddingue/.sdkman/candidates/maven/current/lib/maven-core-3.9.9.jar
constituent[45]: file:/home/poddingue/.sdkman/candidates/maven/current/lib/wagon-file-3.5.3.jar
constituent[46]: file:/home/poddingue/.sdkman/candidates/maven/current/lib/plexus-component-annotations-2.1.0.jar
constituent[47]: file:/home/poddingue/.sdkman/candidates/maven/current/lib/failureaccess-1.0.2.jar
constituent[48]: file:/home/poddingue/.sdkman/candidates/maven/current/lib/maven-repository-metadata-3.9.9.jar
---------------------------------------------------
Exception in thread "main" BUG! exception in phase 'semantic analysis' in source unit 'inlineScript' Unsupported class file major version 69
	at org.codehaus.groovy.control.CompilationUnit$ISourceUnitOperation.doPhaseOperation(CompilationUnit.java:901)
	at org.codehaus.groovy.control.CompilationUnit.processPhaseOperations(CompilationUnit.java:692)
	at org.codehaus.groovy.control.CompilationUnit.compile(CompilationUnit.java:666)
	at groovy.lang.GroovyClassLoader.doParseClass(GroovyClassLoader.java:365)
	at groovy.lang.GroovyClassLoader.lambda$parseClass$2(GroovyClassLoader.java:314)
	at org.codehaus.groovy.runtime.memoize.StampedCommonCache.compute(StampedCommonCache.java:163)
	at org.codehaus.groovy.runtime.memoize.StampedCommonCache.getAndPut(StampedCommonCache.java:154)
	at groovy.lang.GroovyClassLoader.parseClass(GroovyClassLoader.java:314)
	at groovy.lang.GroovyShell.parseClass(GroovyShell.java:572)
	at groovy.lang.GroovyShell.parse(GroovyShell.java:585)
	at groovy.lang.GroovyShell.parse(GroovyShell.java:639)
	at groovy.lang.GroovyShell.parse(GroovyShell.java:643)
	at com.cloudbees.maven.license.ProcessMojo.execute(ProcessMojo.java:154)
	at org.apache.maven.plugin.DefaultBuildPluginManager.executeMojo(DefaultBuildPluginManager.java:126)
	at org.apache.maven.lifecycle.internal.MojoExecutor.doExecute2(MojoExecutor.java:328)
	at org.apache.maven.lifecycle.internal.MojoExecutor.doExecute(MojoExecutor.java:316)
	at org.apache.maven.lifecycle.internal.MojoExecutor.execute(MojoExecutor.java:212)
	at org.apache.maven.lifecycle.internal.MojoExecutor.execute(MojoExecutor.java:174)
	at org.apache.maven.lifecycle.internal.MojoExecutor.access$000(MojoExecutor.java:75)
	at org.apache.maven.lifecycle.internal.MojoExecutor$1.run(MojoExecutor.java:162)
	at org.apache.maven.plugin.DefaultMojosExecutionStrategy.execute(DefaultMojosExecutionStrategy.java:39)
	at org.apache.maven.lifecycle.internal.MojoExecutor.execute(MojoExecutor.java:159)
	at org.apache.maven.lifecycle.internal.LifecycleModuleBuilder.buildProject(LifecycleModuleBuilder.java:105)
	at org.apache.maven.lifecycle.internal.LifecycleModuleBuilder.buildProject(LifecycleModuleBuilder.java:73)
	at org.apache.maven.lifecycle.internal.builder.singlethreaded.SingleThreadedBuilder.build(SingleThreadedBuilder.java:53)
	at org.apache.maven.lifecycle.internal.LifecycleStarter.execute(LifecycleStarter.java:118)
	at org.apache.maven.DefaultMaven.doExecute(DefaultMaven.java:261)
	at org.apache.maven.DefaultMaven.doExecute(DefaultMaven.java:173)
	at org.apache.maven.DefaultMaven.execute(DefaultMaven.java:101)
	at org.apache.maven.cli.MavenCli.execute(MavenCli.java:906)
	at org.apache.maven.cli.MavenCli.doMain(MavenCli.java:283)
	at org.apache.maven.cli.MavenCli.main(MavenCli.java:206)
	at java.base/jdk.internal.reflect.DirectMethodHandleAccessor.invoke(DirectMethodHandleAccessor.java:104)
	at java.base/java.lang.reflect.Method.invoke(Method.java:565)
	at org.codehaus.plexus.classworlds.launcher.Launcher.launchEnhanced(Launcher.java:255)
	at org.codehaus.plexus.classworlds.launcher.Launcher.launch(Launcher.java:201)
	at org.codehaus.plexus.classworlds.launcher.Launcher.mainWithExitCode(Launcher.java:361)
	at org.codehaus.plexus.classworlds.launcher.Launcher.main(Launcher.java:314)
Caused by: java.lang.IllegalArgumentException: Unsupported class file major version 69
	at groovyjarjarasm.asm.ClassReader.<init>(ClassReader.java:200)
	at groovyjarjarasm.asm.ClassReader.<init>(ClassReader.java:180)
	at groovyjarjarasm.asm.ClassReader.<init>(ClassReader.java:166)
	at groovyjarjarasm.asm.ClassReader.<init>(ClassReader.java:288)
	at org.codehaus.groovy.ast.decompiled.AsmDecompiler.parseClass(AsmDecompiler.java:83)
	at org.codehaus.groovy.control.ClassNodeResolver.findDecompiled(ClassNodeResolver.java:255)
	at org.codehaus.groovy.control.ClassNodeResolver.tryAsLoaderClassOrScript(ClassNodeResolver.java:193)
	at org.codehaus.groovy.control.ClassNodeResolver.findClassNode(ClassNodeResolver.java:175)
	at org.codehaus.groovy.control.ClassNodeResolver.resolveName(ClassNodeResolver.java:129)
	at org.codehaus.groovy.control.ResolveVisitor.resolveToOuter(ResolveVisitor.java:782)
	at org.codehaus.groovy.control.ResolveVisitor.resolve(ResolveVisitor.java:423)
	at org.codehaus.groovy.control.ResolveVisitor.resolveFromDefaultImports(ResolveVisitor.java:577)
	at org.codehaus.groovy.control.ResolveVisitor.resolveFromDefaultImports(ResolveVisitor.java:541)
	at org.codehaus.groovy.control.ResolveVisitor.resolve(ResolveVisitor.java:422)
	at org.codehaus.groovy.control.ResolveVisitor.resolve(ResolveVisitor.java:384)
	at org.codehaus.groovy.control.ResolveVisitor.resolveOrFail(ResolveVisitor.java:352)
	at org.codehaus.groovy.control.ResolveVisitor.resolveOrFail(ResolveVisitor.java:341)
	at org.codehaus.groovy.control.ResolveVisitor.resolveOrFail(ResolveVisitor.java:337)
	at org.codehaus.groovy.control.ResolveVisitor.transform(ResolveVisitor.java:817)
	at org.codehaus.groovy.control.ResolveVisitor.transformDeclarationExpression(ResolveVisitor.java:1173)
	at org.codehaus.groovy.control.ResolveVisitor.transform(ResolveVisitor.java:805)
	at org.codehaus.groovy.ast.ClassCodeExpressionTransformer.visitExpressionStatement(ClassCodeExpressionTransformer.java:129)
	at org.codehaus.groovy.ast.stmt.ExpressionStatement.visit(ExpressionStatement.java:41)
	at org.codehaus.groovy.ast.CodeVisitorSupport.visitBlockStatement(CodeVisitorSupport.java:86)
	at org.codehaus.groovy.ast.ClassCodeVisitorSupport.visitBlockStatement(ClassCodeVisitorSupport.java:168)
	at org.codehaus.groovy.control.ResolveVisitor.visitBlockStatement(ResolveVisitor.java:1386)
	at org.codehaus.groovy.ast.stmt.BlockStatement.visit(BlockStatement.java:72)
	at org.codehaus.groovy.control.ResolveVisitor.transformClosureExpression(ResolveVisitor.java:1125)
	at org.codehaus.groovy.control.ResolveVisitor.transform(ResolveVisitor.java:811)
	at org.codehaus.groovy.ast.expr.Expression.transformExpressions(Expression.java:49)
	at org.codehaus.groovy.ast.expr.ArgumentListExpression.transformExpression(ArgumentListExpression.java:67)
	at org.codehaus.groovy.control.ResolveVisitor.transform(ResolveVisitor.java:818)
	at org.codehaus.groovy.control.ResolveVisitor.transformMethodCallExpression(ResolveVisitor.java:1147)
	at org.codehaus.groovy.control.ResolveVisitor.transform(ResolveVisitor.java:809)
	at org.codehaus.groovy.ast.ClassCodeExpressionTransformer.visitExpressionStatement(ClassCodeExpressionTransformer.java:129)
	at org.codehaus.groovy.ast.stmt.ExpressionStatement.visit(ExpressionStatement.java:41)
	at org.codehaus.groovy.ast.CodeVisitorSupport.visitBlockStatement(CodeVisitorSupport.java:86)
	at org.codehaus.groovy.ast.ClassCodeVisitorSupport.visitBlockStatement(ClassCodeVisitorSupport.java:168)
	at org.codehaus.groovy.control.ResolveVisitor.visitBlockStatement(ResolveVisitor.java:1386)
	at org.codehaus.groovy.ast.stmt.BlockStatement.visit(BlockStatement.java:72)
	at org.codehaus.groovy.ast.ClassCodeVisitorSupport.visitClassCodeContainer(ClassCodeVisitorSupport.java:142)
	at org.codehaus.groovy.ast.ClassCodeVisitorSupport.visitConstructorOrMethod(ClassCodeVisitorSupport.java:115)
	at org.codehaus.groovy.ast.ClassCodeExpressionTransformer.visitConstructorOrMethod(ClassCodeExpressionTransformer.java:87)
	at org.codehaus.groovy.control.ResolveVisitor.visitConstructorOrMethod(ResolveVisitor.java:329)
	at org.codehaus.groovy.ast.ClassCodeVisitorSupport.visitMethod(ClassCodeVisitorSupport.java:110)
	at org.codehaus.groovy.ast.ClassNode.visitMethods(ClassNode.java:1132)
	at org.codehaus.groovy.ast.ClassNode.visitContents(ClassNode.java:1125)
	at org.codehaus.groovy.control.ResolveVisitor.visitClass(ResolveVisitor.java:1315)
	at org.codehaus.groovy.control.ResolveVisitor.startResolving(ResolveVisitor.java:258)
	at org.codehaus.groovy.control.CompilationUnit.lambda$addPhaseOperations$4(CompilationUnit.java:218)
	at org.codehaus.groovy.control.CompilationUnit$ISourceUnitOperation.doPhaseOperation(CompilationUnit.java:897)
	... 37 more
