WARNING: A terminally deprecated method in sun.misc.Unsafe has been called
WARNING: sun.misc.Unsafe::staticFieldBase has been called by com.google.inject.internal.aop.HiddenClassDefiner (file:/usr/share/apache-maven-3.9.11/lib/guice-5.1.0-classes.jar)
WARNING: Please consider reporting this to the maintainers of class com.google.inject.internal.aop.HiddenClassDefiner
WARNING: sun.misc.Unsafe::staticFieldBase will be removed in a future release
[INFO] Scanning for projects...
[INFO] Artifact org.jenkins-ci.tools:maven-hpi-plugin:pom:3.1746.v2e9fe7dc4d95 is present in the local repository, but cached from a remote repository ID that is unavailable in current build context, verifying that is downloadable from [incrementals (https://repo.jenkins-ci.org/incrementals/, default, releases), central (https://repo.maven.apache.org/maven2, default, releases)]
[INFO] Artifact org.jenkins-ci.tools:maven-hpi-plugin:pom:3.1746.v2e9fe7dc4d95 is present in the local repository, but cached from a remote repository ID that is unavailable in current build context, verifying that is downloadable from [incrementals (https://repo.jenkins-ci.org/incrementals/, default, releases), central (https://repo.maven.apache.org/maven2, default, releases)]
[WARNING] The POM for org.jenkins-ci.tools:maven-hpi-plugin:jar:3.1746.v2e9fe7dc4d95 is missing, no dependency information available
[INFO] Artifact org.jenkins-ci.tools:maven-hpi-plugin:jar:3.1746.v2e9fe7dc4d95 is present in the local repository, but cached from a remote repository ID that is unavailable in current build context, verifying that is downloadable from [incrementals (https://repo.jenkins-ci.org/incrementals/, default, releases), central (https://repo.maven.apache.org/maven2, default, releases)]
[INFO] Artifact org.jenkins-ci.tools:maven-hpi-plugin:jar:3.1746.v2e9fe7dc4d95 is present in the local repository, but cached from a remote repository ID that is unavailable in current build context, verifying that is downloadable from [incrementals (https://repo.jenkins-ci.org/incrementals/, default, releases), central (https://repo.maven.apache.org/maven2, default, releases)]
[WARNING] Failed to build parent project for org.jenkins-ci.plugins:github-branch-source:hpi:999999-SNAPSHOT
[INFO] 
[INFO] ------------< org.jenkins-ci.plugins:github-branch-source >-------------
[INFO] Building GitHub Branch Source Plugin 999999-SNAPSHOT
[INFO]   from pom.xml
[INFO] --------------------------------[ hpi ]---------------------------------
[INFO] 
[INFO] --- clean:3.5.0:clean (default-clean) @ github-branch-source ---
[INFO] 
[INFO] --- hpi:3.1746.v2e9fe7dc4d95:validate (default-validate) @ github-branch-source ---
[INFO] Created marker file /tmp/plugin-builds/github-branch-source/target/java-level/17
[INFO] 
[INFO] --- hpi:3.1746.v2e9fe7dc4d95:validate-hpi (default-validate-hpi) @ github-branch-source ---
[INFO] 
[INFO] --- enforcer:3.6.1:enforce (display-info) @ github-branch-source ---
[INFO] Rule 0: io.jenkins.tools.incrementals.enforcer.RequireExtensionVersion passed
[INFO] Rule 1: org.apache.maven.enforcer.rules.version.RequireMavenVersion passed
[INFO] Rule 2: org.apache.maven.enforcer.rules.version.RequireJavaVersion passed
[INFO] Rule 3: org.codehaus.mojo.extraenforcer.dependencies.EnforceBytecodeVersion passed
[INFO] Rule 4: org.apache.maven.enforcer.rules.dependency.BannedDependencies passed
[INFO] Rule 5: org.apache.maven.enforcer.rules.dependency.BannedDependencies passed
[INFO] Ignoring requireUpperBoundDeps in org.ow2.asm:asm
[INFO] Rule 6: org.apache.maven.enforcer.rules.dependency.RequireUpperBoundDeps passed
[INFO] 
[INFO] --- enforcer:3.6.1:enforce (no-snapshots-in-release) @ github-branch-source ---
[INFO] Rule 0: org.apache.maven.enforcer.rules.dependency.RequireReleaseDeps passed
[INFO] 
[INFO] --- localizer:1.31:generate (default) @ github-branch-source ---
[INFO] 
[INFO] --- enforcer:3.6.1:enforce (check-junit-imports) @ github-branch-source ---
[INFO] Skipping Rule Enforcement.
[INFO] 
[INFO] --- resources:3.3.1:resources (default-resources) @ github-branch-source ---
[INFO] Copying 78 resources from src/main/resources to target/classes
[INFO] 
[INFO] --- flatten:1.7.2:flatten (flatten) @ github-branch-source ---
[INFO] Generating flattened POM of project org.jenkins-ci.plugins:github-branch-source:hpi:999999-SNAPSHOT...
[INFO] 
[INFO] --- compiler:3.14.0:compile (default-compile) @ github-branch-source ---
[INFO] Recompiling the module because of changed source code.
[INFO] Compiling 76 source files with javac [debug parameters release 17] to target/classes
[WARNING] unknown enum constant javax.annotation.meta.When.UNKNOWN
  reason: class file for javax.annotation.meta.When not found
[WARNING] unknown enum constant javax.annotation.meta.When.ALWAYS
[WARNING] unknown enum constant javax.annotation.meta.When.MAYBE
[INFO] org.jenkinsci.plugins.github_branch_source.BranchDiscoveryTrait.DescriptorImpl indexed under hudson.Extension
[INFO] org.jenkinsci.plugins.github_branch_source.BranchDiscoveryTrait.BranchSCMHeadAuthority.DescriptorImpl indexed under hudson.Extension
[INFO] org.jenkinsci.plugins.github_branch_source.BranchSCMHead.MigrationImpl indexed under hudson.Extension
[INFO] org.jenkinsci.plugins.github_branch_source.Connector.UnusedConnectionDestroyer indexed under hudson.Extension
[INFO] org.jenkinsci.plugins.github_branch_source.Endpoint.DescriptorImpl indexed under hudson.Extension
[INFO] org.jenkinsci.plugins.github_branch_source.ExcludeArchivedRepositoriesTrait.DescriptorImpl indexed under hudson.Extension
[INFO] org.jenkinsci.plugins.github_branch_source.ExcludeForkedRepositoriesTrait.DescriptorImpl indexed under hudson.Extension
[INFO] org.jenkinsci.plugins.github_branch_source.ExcludePrivateRepositoriesTrait.DescriptorImpl indexed under hudson.Extension
[INFO] org.jenkinsci.plugins.github_branch_source.ExcludePublicRepositoriesTrait.DescriptorImpl indexed under hudson.Extension
[INFO] org.jenkinsci.plugins.github_branch_source.ForkPullRequestDiscoveryTrait.DescriptorImpl indexed under hudson.Extension
[INFO] org.jenkinsci.plugins.github_branch_source.ForkPullRequestDiscoveryTrait.TrustNobody.DescriptorImpl indexed under hudson.Extension
[INFO] org.jenkinsci.plugins.github_branch_source.ForkPullRequestDiscoveryTrait.TrustContributors.DescriptorImpl indexed under hudson.Extension
[INFO] org.jenkinsci.plugins.github_branch_source.ForkPullRequestDiscoveryTrait.TrustPermission.DescriptorImpl indexed under hudson.Extension
[INFO] org.jenkinsci.plugins.github_branch_source.ForkPullRequestDiscoveryTrait.TrustEveryone.DescriptorImpl indexed under hudson.Extension
[INFO] org.jenkinsci.plugins.github_branch_source.GitHubAppCredentials.DescriptorImpl indexed under hudson.Extension
[INFO] org.jenkinsci.plugins.github_branch_source.GitHubAppCredentialsSnapshotTaker indexed under hudson.Extension
[INFO] org.jenkinsci.plugins.github_branch_source.GitHubBranchFilter.DescriptorImpl indexed under hudson.Extension
[INFO] org.jenkinsci.plugins.github_branch_source.GitHubBuildStatusNotification.JobScheduledListener indexed under hudson.Extension
[INFO] org.jenkinsci.plugins.github_branch_source.GitHubBuildStatusNotification.JobCheckOutListener indexed under hudson.Extension
[INFO] org.jenkinsci.plugins.github_branch_source.GitHubBuildStatusNotification.JobCompletedListener indexed under hudson.Extension
[INFO] org.jenkinsci.plugins.github_branch_source.GitHubConfiguration indexed under hudson.Extension
[INFO] org.jenkinsci.plugins.github_branch_source.GitHubConsoleNote.DescriptorImpl indexed under hudson.Extension
[INFO] org.jenkinsci.plugins.github_branch_source.GitHubPullRequestFilter.DescriptorImpl indexed under hudson.Extension
[INFO] org.jenkinsci.plugins.github_branch_source.GitHubRepositoryEventSubscriber indexed under hudson.Extension
[INFO] org.jenkinsci.plugins.github_branch_source.GitHubSCMFileSystem.BuilderImpl indexed under hudson.Extension
[INFO] org.jenkinsci.plugins.github_branch_source.GitHubSCMNavigator.DescriptorImpl indexed under hudson.Extension
[INFO] org.jenkinsci.plugins.github_branch_source.GitHubSCMSource.DescriptorImpl indexed under hudson.Extension
[INFO] org.jenkinsci.plugins.github_branch_source.GitHubSCMSourceRepositoryNameContributor indexed under hudson.Extension
[INFO] org.jenkinsci.plugins.github_branch_source.IgnoreDraftPullRequestFilterTrait.DescriptorImpl indexed under hudson.Extension
[INFO] org.jenkinsci.plugins.github_branch_source.OriginPullRequestDiscoveryTrait.DescriptorImpl indexed under hudson.Extension
[INFO] org.jenkinsci.plugins.github_branch_source.OriginPullRequestDiscoveryTrait.OriginChangeRequestSCMHeadAuthority.DescriptorImpl indexed under hudson.Extension
[INFO] org.jenkinsci.plugins.github_branch_source.PullRequestGHEventSubscriber indexed under hudson.Extension
[INFO] org.jenkinsci.plugins.github_branch_source.PullRequestSCMHead.FixOriginMigration indexed under hudson.Extension
[INFO] org.jenkinsci.plugins.github_branch_source.PullRequestSCMHead.FixMetadataMigration indexed under hudson.Extension
[INFO] org.jenkinsci.plugins.github_branch_source.PushGHEventSubscriber indexed under hudson.Extension
[INFO] org.jenkinsci.plugins.github_branch_source.SSHCheckoutTrait.DescriptorImpl indexed under hudson.Extension
[INFO] org.jenkinsci.plugins.github_branch_source.TagDiscoveryTrait.DescriptorImpl indexed under hudson.Extension
[INFO] org.jenkinsci.plugins.github_branch_source.TagDiscoveryTrait.TagSCMHeadAuthority.DescriptorImpl indexed under hudson.Extension
[INFO] org.jenkinsci.plugins.github_branch_source.TeamSlugTrait.DescriptorImpl indexed under hudson.Extension
[INFO] org.jenkinsci.plugins.github_branch_source.TopicsTrait.DescriptorImpl indexed under hudson.Extension
[INFO] org.jenkinsci.plugins.github_branch_source.app_credentials.AccessInferredOwner.DescriptorImpl indexed under hudson.Extension
[INFO] org.jenkinsci.plugins.github_branch_source.app_credentials.AccessInferredRepository.DescriptorImpl indexed under hudson.Extension
[INFO] org.jenkinsci.plugins.github_branch_source.app_credentials.AccessSpecifiedRepositories.DescriptorImpl indexed under hudson.Extension
[INFO] org.jenkinsci.plugins.github_branch_source.app_credentials.MigrationAdminMonitor indexed under hudson.Extension
[INFO] /tmp/plugin-builds/github-branch-source/src/main/java/org/jenkinsci/plugins/github_branch_source/BranchDiscoveryTrait.java:[73,12] Generating org/jenkinsci/plugins/github_branch_source/BranchDiscoveryTrait.stapler
[INFO] /tmp/plugin-builds/github-branch-source/src/main/java/org/jenkinsci/plugins/github_branch_source/Endpoint.java:[62,12] Generating org/jenkinsci/plugins/github_branch_source/Endpoint.stapler
[INFO] /tmp/plugin-builds/github-branch-source/src/main/java/org/jenkinsci/plugins/github_branch_source/ExcludeArchivedRepositoriesTrait.java:[20,12] Generating org/jenkinsci/plugins/github_branch_source/ExcludeArchivedRepositoriesTrait.stapler
[INFO] /tmp/plugin-builds/github-branch-source/src/main/java/org/jenkinsci/plugins/github_branch_source/ExcludeForkedRepositoriesTrait.java:[19,12] Generating org/jenkinsci/plugins/github_branch_source/ExcludeForkedRepositoriesTrait.stapler
[INFO] /tmp/plugin-builds/github-branch-source/src/main/java/org/jenkinsci/plugins/github_branch_source/ExcludePrivateRepositoriesTrait.java:[17,12] Generating org/jenkinsci/plugins/github_branch_source/ExcludePrivateRepositoriesTrait.stapler
[INFO] /tmp/plugin-builds/github-branch-source/src/main/java/org/jenkinsci/plugins/github_branch_source/ExcludePublicRepositoriesTrait.java:[17,12] Generating org/jenkinsci/plugins/github_branch_source/ExcludePublicRepositoriesTrait.stapler
[INFO] /tmp/plugin-builds/github-branch-source/src/main/java/org/jenkinsci/plugins/github_branch_source/ForkPullRequestDiscoveryTrait.java:[256,16] Generating org/jenkinsci/plugins/github_branch_source/ForkPullRequestDiscoveryTrait/TrustNobody.stapler
[INFO] /tmp/plugin-builds/github-branch-source/src/main/java/org/jenkinsci/plugins/github_branch_source/ForkPullRequestDiscoveryTrait.java:[287,16] Generating org/jenkinsci/plugins/github_branch_source/ForkPullRequestDiscoveryTrait/TrustContributors.stapler
[INFO] /tmp/plugin-builds/github-branch-source/src/main/java/org/jenkinsci/plugins/github_branch_source/ForkPullRequestDiscoveryTrait.java:[320,16] Generating org/jenkinsci/plugins/github_branch_source/ForkPullRequestDiscoveryTrait/TrustPermission.stapler
[INFO] /tmp/plugin-builds/github-branch-source/src/main/java/org/jenkinsci/plugins/github_branch_source/ForkPullRequestDiscoveryTrait.java:[362,16] Generating org/jenkinsci/plugins/github_branch_source/ForkPullRequestDiscoveryTrait/TrustEveryone.stapler
[INFO] /tmp/plugin-builds/github-branch-source/src/main/java/org/jenkinsci/plugins/github_branch_source/ForkPullRequestDiscoveryTrait.java:[85,12] Generating org/jenkinsci/plugins/github_branch_source/ForkPullRequestDiscoveryTrait.stapler
[INFO] /tmp/plugin-builds/github-branch-source/src/main/java/org/jenkinsci/plugins/github_branch_source/GitHubAppCredentials.java:[127,12] Generating org/jenkinsci/plugins/github_branch_source/GitHubAppCredentials.stapler
[INFO] /tmp/plugin-builds/github-branch-source/src/main/java/org/jenkinsci/plugins/github_branch_source/GitHubBranchFilter.java:[44,12] Generating org/jenkinsci/plugins/github_branch_source/GitHubBranchFilter.stapler
[INFO] /tmp/plugin-builds/github-branch-source/src/main/java/org/jenkinsci/plugins/github_branch_source/GitHubPullRequestFilter.java:[44,12] Generating org/jenkinsci/plugins/github_branch_source/GitHubPullRequestFilter.stapler
[INFO] /tmp/plugin-builds/github-branch-source/src/main/java/org/jenkinsci/plugins/github_branch_source/GitHubSCMNavigator.java:[233,12] Generating org/jenkinsci/plugins/github_branch_source/GitHubSCMNavigator.stapler
[INFO] /tmp/plugin-builds/github-branch-source/src/main/java/org/jenkinsci/plugins/github_branch_source/GitHubSCMSource.java:[306,12] Generating org/jenkinsci/plugins/github_branch_source/GitHubSCMSource.stapler
[INFO] /tmp/plugin-builds/github-branch-source/src/main/java/org/jenkinsci/plugins/github_branch_source/IgnoreDraftPullRequestFilterTrait.java:[22,12] Generating org/jenkinsci/plugins/github_branch_source/IgnoreDraftPullRequestFilterTrait.stapler
[INFO] /tmp/plugin-builds/github-branch-source/src/main/java/org/jenkinsci/plugins/github_branch_source/OriginPullRequestDiscoveryTrait.java:[78,12] Generating org/jenkinsci/plugins/github_branch_source/OriginPullRequestDiscoveryTrait.stapler
[INFO] /tmp/plugin-builds/github-branch-source/src/main/java/org/jenkinsci/plugins/github_branch_source/SSHCheckoutTrait.java:[79,12] Generating org/jenkinsci/plugins/github_branch_source/SSHCheckoutTrait.stapler
[INFO] /tmp/plugin-builds/github-branch-source/src/main/java/org/jenkinsci/plugins/github_branch_source/TagDiscoveryTrait.java:[51,12] Generating org/jenkinsci/plugins/github_branch_source/TagDiscoveryTrait.stapler
[INFO] /tmp/plugin-builds/github-branch-source/src/main/java/org/jenkinsci/plugins/github_branch_source/TeamSlugTrait.java:[29,12] Generating org/jenkinsci/plugins/github_branch_source/TeamSlugTrait.stapler
[INFO] /tmp/plugin-builds/github-branch-source/src/main/java/org/jenkinsci/plugins/github_branch_source/TopicsTrait.java:[29,12] Generating org/jenkinsci/plugins/github_branch_source/TopicsTrait.stapler
[INFO] /tmp/plugin-builds/github-branch-source/src/main/java/org/jenkinsci/plugins/github_branch_source/app_credentials/AccessInferredOwner.java:[11,12] Generating org/jenkinsci/plugins/github_branch_source/app_credentials/AccessInferredOwner.stapler
[INFO] /tmp/plugin-builds/github-branch-source/src/main/java/org/jenkinsci/plugins/github_branch_source/app_credentials/AccessInferredRepository.java:[25,12] Generating org/jenkinsci/plugins/github_branch_source/app_credentials/AccessInferredRepository.stapler
[INFO] /tmp/plugin-builds/github-branch-source/src/main/java/org/jenkinsci/plugins/github_branch_source/app_credentials/AccessSpecifiedRepositories.java:[39,12] Generating org/jenkinsci/plugins/github_branch_source/app_credentials/AccessSpecifiedRepositories.stapler
[INFO] /tmp/plugin-builds/github-branch-source/src/main/java/org/jenkinsci/plugins/github_branch_source/PullRequestSCMRevision.java:[39,8] Generating org/jenkinsci/plugins/github_branch_source/PullRequestSCMRevision.javadoc
[INFO] /tmp/plugin-builds/github-branch-source/src/main/java/org/jenkinsci/plugins/github_branch_source/GitHubSCMSource.java:[151,8] Generating org/jenkinsci/plugins/github_branch_source/GitHubSCMSource.javadoc
[INFO] /tmp/plugin-builds/github-branch-source/src/main/java/org/jenkinsci/plugins/github_branch_source/GitHubAppCredentials.java:[836,31] Generating org/jenkinsci/plugins/github_branch_source/GitHubAppCredentials/DescriptorImpl/doTestConnection.stapler
[INFO] /tmp/plugin-builds/github-branch-source/src/main/java/org/jenkinsci/plugins/github_branch_source/GitHubSCMSource.java:[2203,31] Generating org/jenkinsci/plugins/github_branch_source/GitHubSCMSource/DescriptorImpl/doCheckBuildOriginPRHead.stapler
[INFO] /tmp/plugin-builds/github-branch-source/src/main/java/org/jenkinsci/plugins/github_branch_source/GitHubSCMSource.java:[2220,17] Generating org/jenkinsci/plugins/github_branch_source/GitHubSCMSource/DescriptorImpl/doCheckBuildForkPRHead.stapler
[INFO] /tmp/plugin-builds/github-branch-source/src/main/java/org/jenkinsci/plugins/github_branch_source/GitHubSCMSource.java:[2257,29] Generating org/jenkinsci/plugins/github_branch_source/GitHubSCMSource/DescriptorImpl/doFillOrganizationItems.stapler
[INFO] /tmp/plugin-builds/github-branch-source/src/main/java/org/jenkinsci/plugins/github_branch_source/GitHubSCMSource.java:[2299,29] Generating org/jenkinsci/plugins/github_branch_source/GitHubSCMSource/DescriptorImpl/doFillRepositoryItems.stapler
[INFO] /tmp/plugin-builds/github-branch-source/src/main/java/org/jenkinsci/plugins/github_branch_source/Endpoint.java:[171,31] Generating org/jenkinsci/plugins/github_branch_source/Endpoint/DescriptorImpl/doCheckName.stapler
[INFO] /tmp/plugin-builds/github-branch-source/src/main/java/org/jenkinsci/plugins/github_branch_source/GitHubAppCredentials.java:[822,31] Generating org/jenkinsci/plugins/github_branch_source/GitHubAppCredentials/DescriptorImpl/doCheckAppID.stapler
[INFO] /tmp/plugin-builds/github-branch-source/src/main/java/org/jenkinsci/plugins/github_branch_source/GitHubSCMSource.java:[2116,31] Generating org/jenkinsci/plugins/github_branch_source/GitHubSCMSource/DescriptorImpl/doValidateRepositoryUrlAndCredentials.stapler
[INFO] /tmp/plugin-builds/github-branch-source/src/main/java/org/jenkinsci/plugins/github_branch_source/GitHubSCMSource.java:[2083,29] Generating org/jenkinsci/plugins/github_branch_source/GitHubSCMSource/DescriptorImpl/doFillCredentialsIdItems.stapler
[INFO] /tmp/plugin-builds/github-branch-source/src/main/java/org/jenkinsci/plugins/github_branch_source/GitHubSCMSource.java:[2172,31] Generating org/jenkinsci/plugins/github_branch_source/GitHubSCMSource/DescriptorImpl/doCheckScanCredentialsId.stapler
[INFO] /tmp/plugin-builds/github-branch-source/src/main/java/org/jenkinsci/plugins/github_branch_source/GitHubSCMSource.java:[2182,31] Generating org/jenkinsci/plugins/github_branch_source/GitHubSCMSource/DescriptorImpl/doCheckBuildOriginBranchWithPR.stapler
[INFO] /tmp/plugin-builds/github-branch-source/src/main/java/org/jenkinsci/plugins/github_branch_source/GitHubSCMSource.java:[2097,31] Generating org/jenkinsci/plugins/github_branch_source/GitHubSCMSource/DescriptorImpl/doCheckCredentialsId.stapler
[INFO] /tmp/plugin-builds/github-branch-source/src/main/java/org/jenkinsci/plugins/github_branch_source/SSHCheckoutTrait.java:[179,31] Generating org/jenkinsci/plugins/github_branch_source/SSHCheckoutTrait/DescriptorImpl/doCheckCredentialsId.stapler
[INFO] /tmp/plugin-builds/github-branch-source/src/main/java/org/jenkinsci/plugins/github_branch_source/app_credentials/AccessSpecifiedRepositories.java:[79,31] Generating org/jenkinsci/plugins/github_branch_source/app_credentials/AccessSpecifiedRepositories/DescriptorImpl/doCheckRepositories.stapler
[INFO] /tmp/plugin-builds/github-branch-source/src/main/java/org/jenkinsci/plugins/github_branch_source/GitHubSCMNavigator.java:[1813,31] Generating org/jenkinsci/plugins/github_branch_source/GitHubSCMNavigator/DescriptorImpl/doCheckCredentialsId.stapler
[INFO] /tmp/plugin-builds/github-branch-source/src/main/java/org/jenkinsci/plugins/github_branch_source/GitHubSCMSource.java:[2163,31] Generating org/jenkinsci/plugins/github_branch_source/GitHubSCMSource/DescriptorImpl/doCheckIncludes.stapler
[INFO] /tmp/plugin-builds/github-branch-source/src/main/java/org/jenkinsci/plugins/github_branch_source/Endpoint.java:[132,31] Generating org/jenkinsci/plugins/github_branch_source/Endpoint/DescriptorImpl/doCheckApiUri.stapler
[WARNING] unknown enum constant javax.annotation.meta.When.UNKNOWN
  reason: class file for javax.annotation.meta.When not found
[WARNING] unknown enum constant javax.annotation.meta.When.ALWAYS
[WARNING] unknown enum constant javax.annotation.meta.When.MAYBE
[WARNING] unknown enum constant javax.annotation.meta.When.UNKNOWN
  reason: class file for javax.annotation.meta.When not found
[WARNING] unknown enum constant javax.annotation.meta.When.ALWAYS
[WARNING] unknown enum constant javax.annotation.meta.When.MAYBE
[WARNING] /tmp/plugin-builds/github-branch-source/src/main/java/org/jenkinsci/plugins/github_branch_source/Connector.java:[338,32] deprecated item is not annotated with @Deprecated
[WARNING] /tmp/plugin-builds/github-branch-source/src/main/java/org/jenkinsci/plugins/github_branch_source/PullRequestSCMHead.java:[268,19] deprecated item is not annotated with @Deprecated
[WARNING] /tmp/plugin-builds/github-branch-source/src/main/java/org/jenkinsci/plugins/github_branch_source/PullRequestSCMHead.java:[328,19] deprecated item is not annotated with @Deprecated
[INFO] /tmp/plugin-builds/github-branch-source/src/main/java/org/jenkinsci/plugins/github_branch_source/Connector.java: Some input files use or override a deprecated API.
[INFO] /tmp/plugin-builds/github-branch-source/src/main/java/org/jenkinsci/plugins/github_branch_source/Connector.java: Recompile with -Xlint:deprecation for details.
[INFO] /tmp/plugin-builds/github-branch-source/src/main/java/org/jenkinsci/plugins/github_branch_source/GitHubSCMSource.java: Some input files use unchecked or unsafe operations.
[INFO] /tmp/plugin-builds/github-branch-source/src/main/java/org/jenkinsci/plugins/github_branch_source/GitHubSCMSource.java: Recompile with -Xlint:unchecked for details.
[INFO] 
[INFO] --- access-modifier-checker:1.35:enforce (default-enforce) @ github-branch-source ---
[INFO] 
[INFO] --- bridge-method-injector:1.32:process (default) @ github-branch-source ---
[INFO] 
[INFO] --- hpi:3.1746.v2e9fe7dc4d95:insert-test (default-insert-test) @ github-branch-source ---
[INFO] 
[INFO] --- antrun:3.1.0:run (createTempDir) @ github-branch-source ---
[INFO] Executing tasks
[INFO]     [mkdir] Created dir: /tmp/plugin-builds/github-branch-source/target/tmp
[INFO] Executed tasks
[INFO] 
[INFO] --- resources:3.3.1:testResources (default-testResources) @ github-branch-source ---
[INFO] Not copying test resources
[INFO] 
[INFO] --- compiler:3.14.0:testCompile (default-testCompile) @ github-branch-source ---
[INFO] Not compiling test sources
[INFO] 
[INFO] --- hpi:3.1746.v2e9fe7dc4d95:test-hpl (default-test-hpl) @ github-branch-source ---
[INFO] Generating /tmp/plugin-builds/github-branch-source/target/test-classes/the.hpl
[INFO] 
[INFO] --- hpi:3.1746.v2e9fe7dc4d95:resolve-test-dependencies (default-resolve-test-dependencies) @ github-branch-source ---
[INFO] 
[INFO] --- hpi:3.1746.v2e9fe7dc4d95:test-runtime (default-test-runtime) @ github-branch-source ---
[INFO] Tests are skipped.
[INFO] 
[INFO] --- surefire:3.5.2:test (default-test) @ github-branch-source ---
[INFO] Tests are skipped.
[INFO] 
[INFO] --- license:184.v19c87b_6b_a_9a_c:process (default) @ github-branch-source ---
[INFO] Generated /tmp/plugin-builds/github-branch-source/target/github-branch-source/WEB-INF/licenses.xml
[INFO] 
[INFO] --- hpi:3.1746.v2e9fe7dc4d95:hpi (default-hpi) @ github-branch-source ---
[INFO] Generating /tmp/plugin-builds/github-branch-source/target/github-branch-source/META-INF/MANIFEST.MF
[INFO] Checking for attached .jar artifact ...
[INFO] Generating jar /tmp/plugin-builds/github-branch-source/target/github-branch-source.jar
[INFO] Building jar: /tmp/plugin-builds/github-branch-source/target/github-branch-source.jar
[INFO] Exploding webapp...
[INFO] Copy webapp webResources to /tmp/plugin-builds/github-branch-source/target/github-branch-source
[INFO] Assembling webapp github-branch-source in /tmp/plugin-builds/github-branch-source/target/github-branch-source
[INFO] Generating hpi /tmp/plugin-builds/github-branch-source/target/github-branch-source.hpi
[INFO] Building jar: /tmp/plugin-builds/github-branch-source/target/github-branch-source.hpi
[INFO] 
[INFO] --- jar:3.4.2:test-jar (maybe-test-jar) @ github-branch-source ---
[INFO] Skipping packaging of the test-jar
[INFO] 
[INFO] >>> spotbugs:4.9.4.0:check (spotbugs) > :spotbugs @ github-branch-source >>>
[INFO] 
[INFO] --- spotbugs:4.9.4.0:spotbugs (spotbugs) @ github-branch-source ---
[INFO] Fork Value is true
     [java] The following classes needed for analysis were missing:
     [java]   org.jetbrains.annotations.NotNull
[INFO] Done SpotBugs Analysis....
[INFO] Rendering content with org.apache.maven.skins:maven-fluido-skin:jar:2.0.0-M9 skin
[INFO] 
[INFO] <<< spotbugs:4.9.4.0:check (spotbugs) < :spotbugs @ github-branch-source <<<
[INFO] 
[INFO] 
[INFO] --- spotbugs:4.9.4.0:check (spotbugs) @ github-branch-source ---
[INFO] BugInstance size is 0
[INFO] Error size is 0
[INFO] No errors/warnings found
[INFO] 
[INFO] --- spotless:2.46.1:check (default) @ github-branch-source ---
[INFO] Index file does not exist. Fallback to an empty index
[INFO] Spotless.Java is keeping 113 files clean - 0 needs changes to be clean, 113 were already clean, 0 were skipped because caching determined they were already clean
[INFO] Sorting file /tmp/pom3174490297441392548.xml
[INFO] Pom file is already sorted, exiting
[INFO] Spotless.Pom is keeping 1 files clean - 0 needs changes to be clean, 1 were already clean, 0 were skipped because caching determined they were already clean
[INFO] 
[INFO] --- install:3.1.4:install (default-install) @ github-branch-source ---
[INFO] Installing /tmp/plugin-builds/github-branch-source/target/github-branch-source-999999-SNAPSHOT.pom to /home/runner/.m2/repository/org/jenkins-ci/plugins/github-branch-source/999999-SNAPSHOT/github-branch-source-999999-SNAPSHOT.pom
[INFO] Installing /tmp/plugin-builds/github-branch-source/target/github-branch-source.hpi to /home/runner/.m2/repository/org/jenkins-ci/plugins/github-branch-source/999999-SNAPSHOT/github-branch-source-999999-SNAPSHOT.hpi
[INFO] Installing /tmp/plugin-builds/github-branch-source/target/github-branch-source.jar to /home/runner/.m2/repository/org/jenkins-ci/plugins/github-branch-source/999999-SNAPSHOT/github-branch-source-999999-SNAPSHOT.jar
[INFO] ------------------------------------------------------------------------
[INFO] BUILD SUCCESS
[INFO] ------------------------------------------------------------------------
[INFO] Total time:  01:48 min
[INFO] Finished at: 2025-10-14T02:02:08Z
[INFO] ------------------------------------------------------------------------
