WARNING: A restricted method in java.lang.System has been called
WARNING: java.lang.System::load has been called by org.fusesource.jansi.internal.JansiLoader in an unnamed module (file:/home/poddingue/.sdkman/candidates/maven/current/lib/jansi-2.4.1.jar)
WARNING: Use --enable-native-access=ALL-UNNAMED to avoid a warning for callers in this module
WARNING: Restricted methods will be blocked in a future release unless native access is enabled

WARNING: A terminally deprecated method in sun.misc.Unsafe has been called
WARNING: sun.misc.Unsafe::objectFieldOffset has been called by com.google.common.util.concurrent.AbstractFuture$UnsafeAtomicHelper (file:/home/poddingue/.sdkman/candidates/maven/current/lib/guava-33.2.1-jre.jar)
WARNING: Please consider reporting this to the maintainers of class com.google.common.util.concurrent.AbstractFuture$UnsafeAtomicHelper
WARNING: sun.misc.Unsafe::objectFieldOffset will be removed in a future release
[INFO] Scanning for projects...
[INFO] 
[INFO] ----------------< org.jenkins-ci.plugins:gitlab-plugin >----------------
[INFO] Building GitLab Plugin 1.9.9-SNAPSHOT
[INFO]   from pom.xml
[INFO] --------------------------------[ hpi ]---------------------------------
[INFO] 
[INFO] --- clean:3.4.1:clean (default-clean) @ gitlab-plugin ---
[INFO] 
[INFO] --- hpi:3.65:validate (default-validate) @ gitlab-plugin ---
[INFO] Created marker file /tmp/plugin-builds/gitlab-plugin/target/java-level/17
[INFO] 
[INFO] --- hpi:3.65:validate-hpi (default-validate-hpi) @ gitlab-plugin ---
[INFO] 
[INFO] --- enforcer:3.5.0:enforce (display-info) @ gitlab-plugin ---
[INFO] Ignoring requireUpperBoundDeps in org.ow2.asm:asm
[INFO] Rule 0: org.apache.maven.enforcer.rules.dependency.RequireUpperBoundDeps passed
[INFO] Rule 1: io.jenkins.tools.incrementals.enforcer.RequireExtensionVersion passed
[INFO] Rule 2: org.apache.maven.enforcer.rules.version.RequireMavenVersion passed
[INFO] Rule 3: org.apache.maven.enforcer.rules.version.RequireJavaVersion passed
[INFO] Rule 4: org.codehaus.mojo.extraenforcer.dependencies.EnforceBytecodeVersion passed
[INFO] Rule 5: org.apache.maven.enforcer.rules.dependency.BannedDependencies passed
[INFO] Rule 6: org.apache.maven.enforcer.rules.dependency.BannedDependencies passed
[INFO] 
[INFO] --- enforcer:3.5.0:enforce (no-snapshots-in-release) @ gitlab-plugin ---
[INFO] Rule 0: org.apache.maven.enforcer.rules.dependency.RequireReleaseDeps passed
[INFO] 
[INFO] --- localizer:1.31:generate (default) @ gitlab-plugin ---
[INFO] 
[INFO] --- resources:3.3.1:resources (default-resources) @ gitlab-plugin ---
[INFO] Copying 51 resources from src/main/resources to target/classes
[INFO] 
[INFO] --- flatten:1.7.0:flatten (flatten) @ gitlab-plugin ---
[INFO] Generating flattened POM of project org.jenkins-ci.plugins:gitlab-plugin:hpi:1.9.9-SNAPSHOT...
[INFO] 
[INFO] --- compiler:3.14.0:compile (default-compile) @ gitlab-plugin ---
[INFO] Recompiling the module because of changed source code.
[INFO] Compiling 142 source files with javac [debug parameters release 17] to target/classes
[INFO] [PojoBuilder] Started
[INFO] [PojoBuilder] Processing annotations (round 1)
[INFO] [PojoBuilder] Generated class com.dabsquared.gitlabjenkins.builder.generated.GitLabPushTriggerBuilder
[INFO] [PojoBuilder] Generated class com.dabsquared.gitlabjenkins.cause.CauseDataBuilder
[INFO] [PojoBuilder] Generated class com.dabsquared.gitlabjenkins.gitlab.api.model.builder.generated.AwardableBuilder
[INFO] [PojoBuilder] Generated class com.dabsquared.gitlabjenkins.gitlab.api.model.builder.generated.BranchBuilder
[INFO] [PojoBuilder] Generated class com.dabsquared.gitlabjenkins.gitlab.api.model.builder.generated.CommitBuilder
[INFO] [PojoBuilder] Generated class com.dabsquared.gitlabjenkins.gitlab.api.model.builder.generated.GroupBuilder
[INFO] [PojoBuilder] Generated class com.dabsquared.gitlabjenkins.gitlab.api.model.builder.generated.LabelBuilder
[INFO] [PojoBuilder] Generated class com.dabsquared.gitlabjenkins.gitlab.api.model.builder.generated.MergeRequestBuilder
[INFO] [PojoBuilder] Generated class com.dabsquared.gitlabjenkins.gitlab.api.model.builder.generated.NamespaceBuilder
[INFO] [PojoBuilder] Generated class com.dabsquared.gitlabjenkins.gitlab.api.model.builder.generated.NoteBuilder
[INFO] [PojoBuilder] Generated class com.dabsquared.gitlabjenkins.gitlab.api.model.builder.generated.PipelineBuilder
[INFO] [PojoBuilder] Generated class com.dabsquared.gitlabjenkins.gitlab.api.model.builder.generated.ProjectBuilder
[INFO] [PojoBuilder] Generated class com.dabsquared.gitlabjenkins.gitlab.api.model.builder.generated.ProjectHookBuilder
[INFO] [PojoBuilder] Generated class com.dabsquared.gitlabjenkins.gitlab.api.model.builder.generated.UserBuilder
[INFO] [PojoBuilder] Generated class com.dabsquared.gitlabjenkins.gitlab.hook.model.builder.generated.CommitBuilder
[INFO] [PojoBuilder] Generated class com.dabsquared.gitlabjenkins.gitlab.hook.model.builder.generated.MergeRequestChangedLabelsBuilder
[INFO] [PojoBuilder] Generated class com.dabsquared.gitlabjenkins.gitlab.hook.model.builder.generated.MergeRequestChangedTitleBuilder
[INFO] [PojoBuilder] Generated class com.dabsquared.gitlabjenkins.gitlab.hook.model.builder.generated.MergeRequestChangesBuilder
[INFO] [PojoBuilder] Generated class com.dabsquared.gitlabjenkins.gitlab.hook.model.builder.generated.MergeRequestHookBuilder
[INFO] [PojoBuilder] Generated class com.dabsquared.gitlabjenkins.gitlab.hook.model.builder.generated.MergeRequestLabelBuilder
[INFO] [PojoBuilder] Generated class com.dabsquared.gitlabjenkins.gitlab.hook.model.builder.generated.MergeRequestObjectAttributesBuilder
[INFO] [PojoBuilder] Generated class com.dabsquared.gitlabjenkins.gitlab.hook.model.builder.generated.NoteHookBuilder
[INFO] [PojoBuilder] Generated class com.dabsquared.gitlabjenkins.gitlab.hook.model.builder.generated.NoteObjectAttributesBuilder
[INFO] [PojoBuilder] Generated class com.dabsquared.gitlabjenkins.gitlab.hook.model.builder.generated.PipelineEventObjectAttributesBuilder
[INFO] [PojoBuilder] Generated class com.dabsquared.gitlabjenkins.gitlab.hook.model.builder.generated.PipelineHookBuilder
[INFO] [PojoBuilder] Generated class com.dabsquared.gitlabjenkins.gitlab.hook.model.builder.generated.ProjectBuilder
[INFO] [PojoBuilder] Generated class com.dabsquared.gitlabjenkins.gitlab.hook.model.builder.generated.PushHookBuilder
[INFO] [PojoBuilder] Generated class com.dabsquared.gitlabjenkins.gitlab.hook.model.builder.generated.RepositoryBuilder
[INFO] [PojoBuilder] Generated class com.dabsquared.gitlabjenkins.gitlab.hook.model.builder.generated.UserBuilder
[INFO] [PojoBuilder] Generated class com.dabsquared.gitlabjenkins.trigger.handler.builder.generated.BuildStatusUpdateBuilder
[INFO] com.dabsquared.gitlabjenkins.GitLabPushTrigger.DescriptorImpl indexed under hudson.Extension
[INFO] com.dabsquared.gitlabjenkins.connection.GitLabApiTokenBinding.DescriptorImpl indexed under hudson.Extension
[INFO] com.dabsquared.gitlabjenkins.connection.GitLabApiTokenImpl.DescriptorImpl indexed under hudson.Extension
[INFO] com.dabsquared.gitlabjenkins.connection.GitLabConnection.DescriptorImpl indexed under hudson.Extension
[INFO] com.dabsquared.gitlabjenkins.connection.GitLabConnectionConfig indexed under hudson.Extension
[INFO] com.dabsquared.gitlabjenkins.connection.GitLabConnectionProperty.DescriptorImpl indexed under hudson.Extension
[INFO] com.dabsquared.gitlabjenkins.environment.GitLabEnvironmentContributor indexed under hudson.Extension
[INFO] com.dabsquared.gitlabjenkins.gitlab.api.impl.AutodetectGitLabClientBuilder indexed under hudson.Extension
[INFO] com.dabsquared.gitlabjenkins.gitlab.api.impl.V3GitLabClientBuilder indexed under hudson.Extension
[INFO] com.dabsquared.gitlabjenkins.gitlab.api.impl.V4GitLabClientBuilder indexed under hudson.Extension
[INFO] com.dabsquared.gitlabjenkins.listener.GitLabBuildDescriptionRunListener indexed under hudson.Extension
[INFO] com.dabsquared.gitlabjenkins.publisher.GitLabAcceptMergeRequestPublisher.DescriptorImpl indexed under hudson.Extension
[INFO] com.dabsquared.gitlabjenkins.publisher.GitLabCommitStatusPublisher.DescriptorImpl indexed under hudson.Extension
[INFO] com.dabsquared.gitlabjenkins.publisher.GitLabMessagePublisher.DescriptorImpl indexed under hudson.Extension
[INFO] com.dabsquared.gitlabjenkins.publisher.GitLabVotePublisher.DescriptorImpl indexed under hudson.Extension
[INFO] com.dabsquared.gitlabjenkins.webhook.GitLabWebHook indexed under hudson.Extension
[INFO] com.dabsquared.gitlabjenkins.webhook.GitLabWebHook.GitlabWebHookCrumbExclusion indexed under hudson.Extension
[INFO] com.dabsquared.gitlabjenkins.workflow.AcceptGitLabMergeRequestStep.DescriptorImpl indexed under hudson.Extension
[INFO] com.dabsquared.gitlabjenkins.workflow.AddGitLabMergeRequestCommentStep.DescriptorImpl indexed under hudson.Extension
[INFO] com.dabsquared.gitlabjenkins.workflow.GitLabBranchBuild.DescriptorImpl indexed under hudson.Extension
[INFO] com.dabsquared.gitlabjenkins.workflow.GitLabBuildsStep.DescriptorImpl indexed under hudson.Extension
[INFO] com.dabsquared.gitlabjenkins.workflow.GitLabCommitStatusStep.DescriptorImpl indexed under hudson.Extension
[INFO] com.dabsquared.gitlabjenkins.workflow.GitLabMergeRequestLabelExistsStep.DescriptorImpl indexed under hudson.Extension
[INFO] com.dabsquared.gitlabjenkins.workflow.UpdateGitLabCommitStatusStep.DescriptorImpl indexed under hudson.Extension
[INFO] /tmp/plugin-builds/gitlab-plugin/src/main/java/com/dabsquared/gitlabjenkins/GitLabPushTrigger.java:[190,12] Generating com/dabsquared/gitlabjenkins/GitLabPushTrigger.stapler
[INFO] /tmp/plugin-builds/gitlab-plugin/src/main/java/com/dabsquared/gitlabjenkins/connection/GitLabApiTokenBinding.java:[26,12] Generating com/dabsquared/gitlabjenkins/connection/GitLabApiTokenBinding.stapler
[INFO] /tmp/plugin-builds/gitlab-plugin/src/main/java/com/dabsquared/gitlabjenkins/connection/GitLabApiTokenImpl.java:[17,12] Generating com/dabsquared/gitlabjenkins/connection/GitLabApiTokenImpl.stapler
[INFO] /tmp/plugin-builds/gitlab-plugin/src/main/java/com/dabsquared/gitlabjenkins/connection/GitLabConnection.java:[76,12] Generating com/dabsquared/gitlabjenkins/connection/GitLabConnection.stapler
[INFO] /tmp/plugin-builds/gitlab-plugin/src/main/java/com/dabsquared/gitlabjenkins/connection/GitLabConnectionConfig.java:[28,12] Generating com/dabsquared/gitlabjenkins/connection/GitLabConnectionConfig.stapler
[INFO] /tmp/plugin-builds/gitlab-plugin/src/main/java/com/dabsquared/gitlabjenkins/connection/GitLabConnectionProperty.java:[44,12] Generating com/dabsquared/gitlabjenkins/connection/GitLabConnectionProperty.stapler
[INFO] /tmp/plugin-builds/gitlab-plugin/src/main/java/com/dabsquared/gitlabjenkins/publisher/GitLabAcceptMergeRequestPublisher.java:[31,12] Generating com/dabsquared/gitlabjenkins/publisher/GitLabAcceptMergeRequestPublisher.stapler
[INFO] /tmp/plugin-builds/gitlab-plugin/src/main/java/com/dabsquared/gitlabjenkins/publisher/GitLabCommitStatusPublisher.java:[33,12] Generating com/dabsquared/gitlabjenkins/publisher/GitLabCommitStatusPublisher.stapler
[INFO] /tmp/plugin-builds/gitlab-plugin/src/main/java/com/dabsquared/gitlabjenkins/publisher/GitLabMessagePublisher.java:[75,12] Generating com/dabsquared/gitlabjenkins/publisher/GitLabMessagePublisher.stapler
[INFO] /tmp/plugin-builds/gitlab-plugin/src/main/java/com/dabsquared/gitlabjenkins/publisher/GitLabVotePublisher.java:[28,12] Generating com/dabsquared/gitlabjenkins/publisher/GitLabVotePublisher.stapler
[INFO] /tmp/plugin-builds/gitlab-plugin/src/main/java/com/dabsquared/gitlabjenkins/trigger/filter/MergeRequestLabelFilterConfig.java:[24,12] Generating com/dabsquared/gitlabjenkins/trigger/filter/MergeRequestLabelFilterConfig.stapler
[INFO] /tmp/plugin-builds/gitlab-plugin/src/main/java/com/dabsquared/gitlabjenkins/workflow/AcceptGitLabMergeRequestStep.java:[47,12] Generating com/dabsquared/gitlabjenkins/workflow/AcceptGitLabMergeRequestStep.stapler
[INFO] /tmp/plugin-builds/gitlab-plugin/src/main/java/com/dabsquared/gitlabjenkins/workflow/AddGitLabMergeRequestCommentStep.java:[43,12] Generating com/dabsquared/gitlabjenkins/workflow/AddGitLabMergeRequestCommentStep.stapler
[INFO] /tmp/plugin-builds/gitlab-plugin/src/main/java/com/dabsquared/gitlabjenkins/workflow/GitLabBranchBuild.java:[23,12] Generating com/dabsquared/gitlabjenkins/workflow/GitLabBranchBuild.stapler
[INFO] /tmp/plugin-builds/gitlab-plugin/src/main/java/com/dabsquared/gitlabjenkins/workflow/GitLabBuildsStep.java:[34,12] Generating com/dabsquared/gitlabjenkins/workflow/GitLabBuildsStep.stapler
[INFO] /tmp/plugin-builds/gitlab-plugin/src/main/java/com/dabsquared/gitlabjenkins/workflow/GitLabCommitStatusStep.java:[34,12] Generating com/dabsquared/gitlabjenkins/workflow/GitLabCommitStatusStep.stapler
[INFO] /tmp/plugin-builds/gitlab-plugin/src/main/java/com/dabsquared/gitlabjenkins/workflow/GitLabMergeRequestLabelExistsStep.java:[30,12] Generating com/dabsquared/gitlabjenkins/workflow/GitLabMergeRequestLabelExistsStep.stapler
[INFO] /tmp/plugin-builds/gitlab-plugin/src/main/java/com/dabsquared/gitlabjenkins/workflow/UpdateGitLabCommitStatusStep.java:[33,12] Generating com/dabsquared/gitlabjenkins/workflow/UpdateGitLabCommitStatusStep.stapler
[INFO] /tmp/plugin-builds/gitlab-plugin/src/main/java/com/dabsquared/gitlabjenkins/gitlab/api/model/MergeRequest.java:[17,8] Generating com/dabsquared/gitlabjenkins/gitlab/api/model/MergeRequest.javadoc
[INFO] /tmp/plugin-builds/gitlab-plugin/src/main/java/com/dabsquared/gitlabjenkins/cause/CauseData.java:[19,14] Generating com/dabsquared/gitlabjenkins/cause/CauseData.javadoc
[INFO] /tmp/plugin-builds/gitlab-plugin/src/main/java/com/dabsquared/gitlabjenkins/cause/GitLabWebHookCause.java:[12,8] Generating com/dabsquared/gitlabjenkins/cause/GitLabWebHookCause.javadoc
[INFO] /tmp/plugin-builds/gitlab-plugin/src/main/java/com/dabsquared/gitlabjenkins/GitLabPushTrigger.java:[723,31] Generating com/dabsquared/gitlabjenkins/GitLabPushTrigger/DescriptorImpl/doCheckExcludeBranchesSpec.stapler
[INFO] /tmp/plugin-builds/gitlab-plugin/src/main/java/com/dabsquared/gitlabjenkins/GitLabPushTrigger.java:[718,31] Generating com/dabsquared/gitlabjenkins/GitLabPushTrigger/DescriptorImpl/doCheckIncludeBranchesSpec.stapler
[INFO] /tmp/plugin-builds/gitlab-plugin/src/main/java/com/dabsquared/gitlabjenkins/connection/GitLabConnection.java:[213,31] Generating com/dabsquared/gitlabjenkins/connection/GitLabConnection/DescriptorImpl/doCheckName.stapler
[INFO] /tmp/plugin-builds/gitlab-plugin/src/main/java/com/dabsquared/gitlabjenkins/GitLabPushTrigger.java:[733,41] Generating com/dabsquared/gitlabjenkins/GitLabPushTrigger/DescriptorImpl/doAutoCompleteExcludeMergeRequestLabels.stapler
[INFO] /tmp/plugin-builds/gitlab-plugin/src/main/java/com/dabsquared/gitlabjenkins/GitLabPushTrigger.java:[743,31] Generating com/dabsquared/gitlabjenkins/GitLabPushTrigger/DescriptorImpl/doCheckExcludeMergeRequestLabels.stapler
[INFO] /tmp/plugin-builds/gitlab-plugin/src/main/java/com/dabsquared/gitlabjenkins/trigger/branch/ProjectBranchesProvider.java:[72,27] Generating com/dabsquared/gitlabjenkins/trigger/branch/ProjectBranchesProvider/doCheckBranchesSpec.stapler
[INFO] /tmp/plugin-builds/gitlab-plugin/src/main/java/com/dabsquared/gitlabjenkins/GitLabPushTrigger.java:[728,41] Generating com/dabsquared/gitlabjenkins/GitLabPushTrigger/DescriptorImpl/doAutoCompleteIncludeMergeRequestLabels.stapler
[INFO] /tmp/plugin-builds/gitlab-plugin/src/main/java/com/dabsquared/gitlabjenkins/connection/GitLabConnection.java:[245,31] Generating com/dabsquared/gitlabjenkins/connection/GitLabConnection/DescriptorImpl/doCheckReadTimeout.stapler
[INFO] /tmp/plugin-builds/gitlab-plugin/src/main/java/com/dabsquared/gitlabjenkins/GitLabPushTrigger.java:[713,41] Generating com/dabsquared/gitlabjenkins/GitLabPushTrigger/DescriptorImpl/doAutoCompleteExcludeBranchesSpec.stapler
[INFO] /tmp/plugin-builds/gitlab-plugin/src/main/java/com/dabsquared/gitlabjenkins/trigger/label/ProjectLabelsProvider.java:[109,21] Generating com/dabsquared/gitlabjenkins/trigger/label/ProjectLabelsProvider/containsNoLabel.stapler
[INFO] /tmp/plugin-builds/gitlab-plugin/src/main/java/com/dabsquared/gitlabjenkins/connection/GitLabConnection.java:[255,31] Generating com/dabsquared/gitlabjenkins/connection/GitLabConnection/DescriptorImpl/doTestConnection.stapler
[INFO] /tmp/plugin-builds/gitlab-plugin/src/main/java/com/dabsquared/gitlabjenkins/connection/GitLabConnection.java:[237,31] Generating com/dabsquared/gitlabjenkins/connection/GitLabConnection/DescriptorImpl/doCheckConnectionTimeout.stapler
[INFO] /tmp/plugin-builds/gitlab-plugin/src/main/java/com/dabsquared/gitlabjenkins/connection/GitLabConnection.java:[283,29] Generating com/dabsquared/gitlabjenkins/connection/GitLabConnection/DescriptorImpl/doFillApiTokenIdItems.stapler
[INFO] /tmp/plugin-builds/gitlab-plugin/src/main/java/com/dabsquared/gitlabjenkins/connection/GitLabConnection.java:[229,31] Generating com/dabsquared/gitlabjenkins/connection/GitLabConnection/DescriptorImpl/doCheckApiTokenId.stapler
[INFO] /tmp/plugin-builds/gitlab-plugin/src/main/java/com/dabsquared/gitlabjenkins/connection/GitLabConnectionProperty.java:[136,29] Generating com/dabsquared/gitlabjenkins/connection/GitLabConnectionProperty/DescriptorImpl/doFillJobCredentialIdItems.stapler
[INFO] /tmp/plugin-builds/gitlab-plugin/src/main/java/com/dabsquared/gitlabjenkins/publisher/GitLabCommitStatusPublisher.java:[105,31] Generating com/dabsquared/gitlabjenkins/publisher/GitLabCommitStatusPublisher/DescriptorImpl/doCheckName.stapler
[INFO] /tmp/plugin-builds/gitlab-plugin/src/main/java/com/dabsquared/gitlabjenkins/GitLabPushTrigger.java:[708,41] Generating com/dabsquared/gitlabjenkins/GitLabPushTrigger/DescriptorImpl/doAutoCompleteIncludeBranchesSpec.stapler
[INFO] /tmp/plugin-builds/gitlab-plugin/src/main/java/com/dabsquared/gitlabjenkins/trigger/branch/ProjectBranchesProvider.java:[87,28] Generating com/dabsquared/gitlabjenkins/trigger/branch/ProjectBranchesProvider/checkMatchingBranches.stapler
[INFO] /tmp/plugin-builds/gitlab-plugin/src/main/java/com/dabsquared/gitlabjenkins/GitLabPushTrigger.java:[697,29] Generating com/dabsquared/gitlabjenkins/GitLabPushTrigger/DescriptorImpl/doFillTriggerOpenMergeRequestOnPushItems.stapler
[INFO] /tmp/plugin-builds/gitlab-plugin/src/main/java/com/dabsquared/gitlabjenkins/GitLabPushTrigger.java:[738,31] Generating com/dabsquared/gitlabjenkins/GitLabPushTrigger/DescriptorImpl/doCheckIncludeMergeRequestLabels.stapler
[INFO] /tmp/plugin-builds/gitlab-plugin/src/main/java/com/dabsquared/gitlabjenkins/trigger/branch/ProjectBranchesProvider.java:[111,21] Generating com/dabsquared/gitlabjenkins/trigger/branch/ProjectBranchesProvider/containsNoBranches.stapler
[INFO] /tmp/plugin-builds/gitlab-plugin/src/main/java/com/dabsquared/gitlabjenkins/trigger/label/ProjectLabelsProvider.java:[73,27] Generating com/dabsquared/gitlabjenkins/trigger/label/ProjectLabelsProvider/doCheckLabels.stapler
[INFO] /tmp/plugin-builds/gitlab-plugin/src/main/java/com/dabsquared/gitlabjenkins/connection/GitLabConnection.java:[221,31] Generating com/dabsquared/gitlabjenkins/connection/GitLabConnection/DescriptorImpl/doCheckUrl.stapler
[INFO] /tmp/plugin-builds/gitlab-plugin/src/main/java/com/dabsquared/gitlabjenkins/connection/GitLabConnectionProperty.java:[160,31] Generating com/dabsquared/gitlabjenkins/connection/GitLabConnectionProperty/DescriptorImpl/doTestConnection.stapler
[INFO] /tmp/plugin-builds/gitlab-plugin/src/main/java/com/dabsquared/gitlabjenkins/trigger/label/ProjectLabelsProvider.java:[87,28] Generating com/dabsquared/gitlabjenkins/trigger/label/ProjectLabelsProvider/checkMatchingLabels.stapler
[INFO] [PojoBuilder] Processing annotations (round 2)
[INFO] [PojoBuilder] Finished (1021 ms)
[WARNING] /tmp/plugin-builds/gitlab-plugin/src/main/java/com/dabsquared/gitlabjenkins/gitlab/api/impl/ResteasyGitLabClientBuilder.java:[346,23] getSecurityManager() in java.lang.System has been deprecated and marked for removal
[WARNING] /tmp/plugin-builds/gitlab-plugin/src/main/java/com/dabsquared/gitlabjenkins/gitlab/api/impl/ResteasyGitLabClientBuilder.java:[354,30] java.security.AccessController in java.security has been deprecated and marked for removal
[INFO] /tmp/plugin-builds/gitlab-plugin/src/main/java/com/dabsquared/gitlabjenkins/GitLabPushTrigger.java: Some input files use or override a deprecated API.
[INFO] /tmp/plugin-builds/gitlab-plugin/src/main/java/com/dabsquared/gitlabjenkins/GitLabPushTrigger.java: Recompile with -Xlint:deprecation for details.
[INFO] /tmp/plugin-builds/gitlab-plugin/src/main/java/com/dabsquared/gitlabjenkins/environment/GitLabEnvironmentContributor.java: Some input files use unchecked or unsafe operations.
[INFO] /tmp/plugin-builds/gitlab-plugin/src/main/java/com/dabsquared/gitlabjenkins/environment/GitLabEnvironmentContributor.java: Recompile with -Xlint:unchecked for details.
[INFO] 
[INFO] --- access-modifier-checker:1.35:enforce (default-enforce) @ gitlab-plugin ---
[INFO] 
[INFO] --- bridge-method-injector:1.31:process (default) @ gitlab-plugin ---
[INFO] 
[INFO] --- hpi:3.65:insert-test (default-insert-test) @ gitlab-plugin ---
[INFO] 
[INFO] --- antrun:3.1.0:run (createTempDir) @ gitlab-plugin ---
[INFO] Executing tasks
[INFO]     [mkdir] Created dir: /tmp/plugin-builds/gitlab-plugin/target/tmp
[INFO] Executed tasks
[INFO] 
[INFO] --- resources:3.3.1:testResources (default-testResources) @ gitlab-plugin ---
[INFO] Copying 37 resources from src/test/resources to target/test-classes
[INFO] 
[INFO] --- compiler:3.14.0:testCompile (default-testCompile) @ gitlab-plugin ---
[INFO] Recompiling the module because of changed dependency.
[INFO] Compiling 59 source files with javac [debug parameters release 17] to target/test-classes
[INFO] [PojoBuilder] Started
[INFO] [PojoBuilder] Processing annotations (round 1)
[INFO] [PojoBuilder] Generated class com.dabsquared.gitlabjenkins.testing.testhelpers.builder.generated.ProjectRequestBuilder
[INFO] [PojoBuilder] Processing annotations (round 2)
[INFO] [PojoBuilder] Finished (201 ms)
[INFO] /tmp/plugin-builds/gitlab-plugin/src/test/java/com/dabsquared/gitlabjenkins/connection/GitLabConnectionConfigTest.java: Some input files use or override a deprecated API.
[INFO] /tmp/plugin-builds/gitlab-plugin/src/test/java/com/dabsquared/gitlabjenkins/connection/GitLabConnectionConfigTest.java: Recompile with -Xlint:deprecation for details.
[INFO] /tmp/plugin-builds/gitlab-plugin/src/test/java/com/dabsquared/gitlabjenkins/action/BranchQueueActionTest.java: Some input files use unchecked or unsafe operations.
[INFO] /tmp/plugin-builds/gitlab-plugin/src/test/java/com/dabsquared/gitlabjenkins/action/BranchQueueActionTest.java: Recompile with -Xlint:unchecked for details.
[INFO] 
[INFO] --- hpi:3.65:test-hpl (default-test-hpl) @ gitlab-plugin ---
[INFO] Generating /tmp/plugin-builds/gitlab-plugin/target/test-classes/the.hpl
[INFO] 
[INFO] --- hpi:3.65:resolve-test-dependencies (default-resolve-test-dependencies) @ gitlab-plugin ---
[INFO] 
[INFO] --- hpi:3.65:test-runtime (default-test-runtime) @ gitlab-plugin ---
[INFO] Tests are skipped.
[INFO] 
[INFO] --- surefire:3.5.3:test (default-test) @ gitlab-plugin ---
[INFO] Tests are skipped.
[INFO] 
[INFO] --- license:165.v7e11f4e4a_325:process (default) @ gitlab-plugin ---
[INFO] ------------------------------------------------------------------------
[INFO] BUILD FAILURE
[INFO] ------------------------------------------------------------------------
[INFO] Total time:  22.054 s
[INFO] Finished at: 2025-05-21T10:20:13+02:00
[INFO] ------------------------------------------------------------------------
---------------------------------------------------
constituent[0]: file:/home/poddingue/.sdkman/candidates/maven/current/conf/logging/
constituent[1]: file:/home/poddingue/.sdkman/candidates/maven/current/lib/plexus-cipher-2.0.jar
constituent[2]: file:/home/poddingue/.sdkman/candidates/maven/current/lib/maven-shared-utils-3.4.2.jar
constituent[3]: file:/home/poddingue/.sdkman/candidates/maven/current/lib/wagon-provider-api-3.5.3.jar
constituent[4]: file:/home/poddingue/.sdkman/candidates/maven/current/lib/guice-5.1.0.jar
constituent[5]: file:/home/poddingue/.sdkman/candidates/maven/current/lib/httpclient-4.5.14.jar
constituent[6]: file:/home/poddingue/.sdkman/candidates/maven/current/lib/slf4j-api-1.7.36.jar
constituent[7]: file:/home/poddingue/.sdkman/candidates/maven/current/lib/commons-codec-1.17.1.jar
constituent[8]: file:/home/poddingue/.sdkman/candidates/maven/current/lib/maven-resolver-impl-1.9.22.jar
constituent[9]: file:/home/poddingue/.sdkman/candidates/maven/current/lib/maven-resolver-named-locks-1.9.22.jar
constituent[10]: file:/home/poddingue/.sdkman/candidates/maven/current/lib/maven-resolver-util-1.9.22.jar
constituent[11]: file:/home/poddingue/.sdkman/candidates/maven/current/lib/maven-resolver-transport-http-1.9.22.jar
constituent[12]: file:/home/poddingue/.sdkman/candidates/maven/current/lib/plexus-sec-dispatcher-2.0.jar
constituent[13]: file:/home/poddingue/.sdkman/candidates/maven/current/lib/maven-resolver-api-1.9.22.jar
constituent[14]: file:/home/poddingue/.sdkman/candidates/maven/current/lib/guava-33.2.1-jre.jar
constituent[15]: file:/home/poddingue/.sdkman/candidates/maven/current/lib/maven-settings-3.9.9.jar
constituent[16]: file:/home/poddingue/.sdkman/candidates/maven/current/lib/maven-resolver-transport-file-1.9.22.jar
constituent[17]: file:/home/poddingue/.sdkman/candidates/maven/current/lib/wagon-http-shared-3.5.3.jar
constituent[18]: file:/home/poddingue/.sdkman/candidates/maven/current/lib/maven-resolver-transport-wagon-1.9.22.jar
constituent[19]: file:/home/poddingue/.sdkman/candidates/maven/current/lib/plexus-interpolation-1.27.jar
constituent[20]: file:/home/poddingue/.sdkman/candidates/maven/current/lib/maven-model-3.9.9.jar
constituent[21]: file:/home/poddingue/.sdkman/candidates/maven/current/lib/maven-settings-builder-3.9.9.jar
constituent[22]: file:/home/poddingue/.sdkman/candidates/maven/current/lib/jansi-2.4.1.jar
constituent[23]: file:/home/poddingue/.sdkman/candidates/maven/current/lib/commons-cli-1.8.0.jar
constituent[24]: file:/home/poddingue/.sdkman/candidates/maven/current/lib/httpcore-4.4.16.jar
constituent[25]: file:/home/poddingue/.sdkman/candidates/maven/current/lib/maven-builder-support-3.9.9.jar
constituent[26]: file:/home/poddingue/.sdkman/candidates/maven/current/lib/maven-embedder-3.9.9.jar
constituent[27]: file:/home/poddingue/.sdkman/candidates/maven/current/lib/maven-artifact-3.9.9.jar
constituent[28]: file:/home/poddingue/.sdkman/candidates/maven/current/lib/maven-compat-3.9.9.jar
constituent[29]: file:/home/poddingue/.sdkman/candidates/maven/current/lib/wagon-http-3.5.3.jar
constituent[30]: file:/home/poddingue/.sdkman/candidates/maven/current/lib/maven-model-builder-3.9.9.jar
constituent[31]: file:/home/poddingue/.sdkman/candidates/maven/current/lib/aopalliance-1.0.jar
constituent[32]: file:/home/poddingue/.sdkman/candidates/maven/current/lib/maven-slf4j-provider-3.9.9.jar
constituent[33]: file:/home/poddingue/.sdkman/candidates/maven/current/lib/maven-resolver-connector-basic-1.9.22.jar
constituent[34]: file:/home/poddingue/.sdkman/candidates/maven/current/lib/maven-plugin-api-3.9.9.jar
constituent[35]: file:/home/poddingue/.sdkman/candidates/maven/current/lib/javax.annotation-api-1.3.2.jar
constituent[36]: file:/home/poddingue/.sdkman/candidates/maven/current/lib/org.eclipse.sisu.inject-0.9.0.M3.jar
constituent[37]: file:/home/poddingue/.sdkman/candidates/maven/current/lib/jcl-over-slf4j-1.7.36.jar
constituent[38]: file:/home/poddingue/.sdkman/candidates/maven/current/lib/plexus-xml-3.0.1.jar
constituent[39]: file:/home/poddingue/.sdkman/candidates/maven/current/lib/plexus-utils-3.5.1.jar
constituent[40]: file:/home/poddingue/.sdkman/candidates/maven/current/lib/maven-resolver-provider-3.9.9.jar
constituent[41]: file:/home/poddingue/.sdkman/candidates/maven/current/lib/org.eclipse.sisu.plexus-0.9.0.M3.jar
constituent[42]: file:/home/poddingue/.sdkman/candidates/maven/current/lib/maven-resolver-spi-1.9.22.jar
constituent[43]: file:/home/poddingue/.sdkman/candidates/maven/current/lib/javax.inject-1.jar
constituent[44]: file:/home/poddingue/.sdkman/candidates/maven/current/lib/maven-core-3.9.9.jar
constituent[45]: file:/home/poddingue/.sdkman/candidates/maven/current/lib/wagon-file-3.5.3.jar
constituent[46]: file:/home/poddingue/.sdkman/candidates/maven/current/lib/plexus-component-annotations-2.1.0.jar
constituent[47]: file:/home/poddingue/.sdkman/candidates/maven/current/lib/failureaccess-1.0.2.jar
constituent[48]: file:/home/poddingue/.sdkman/candidates/maven/current/lib/maven-repository-metadata-3.9.9.jar
---------------------------------------------------
Exception in thread "main" BUG! exception in phase 'semantic analysis' in source unit 'inlineScript' Unsupported class file major version 69
	at org.codehaus.groovy.control.CompilationUnit$ISourceUnitOperation.doPhaseOperation(CompilationUnit.java:901)
	at org.codehaus.groovy.control.CompilationUnit.processPhaseOperations(CompilationUnit.java:692)
	at org.codehaus.groovy.control.CompilationUnit.compile(CompilationUnit.java:666)
	at groovy.lang.GroovyClassLoader.doParseClass(GroovyClassLoader.java:365)
	at groovy.lang.GroovyClassLoader.lambda$parseClass$2(GroovyClassLoader.java:314)
	at org.codehaus.groovy.runtime.memoize.StampedCommonCache.compute(StampedCommonCache.java:163)
	at org.codehaus.groovy.runtime.memoize.StampedCommonCache.getAndPut(StampedCommonCache.java:154)
	at groovy.lang.GroovyClassLoader.parseClass(GroovyClassLoader.java:314)
	at groovy.lang.GroovyShell.parseClass(GroovyShell.java:572)
	at groovy.lang.GroovyShell.parse(GroovyShell.java:585)
	at groovy.lang.GroovyShell.parse(GroovyShell.java:639)
	at groovy.lang.GroovyShell.parse(GroovyShell.java:643)
	at com.cloudbees.maven.license.ProcessMojo.execute(ProcessMojo.java:154)
	at org.apache.maven.plugin.DefaultBuildPluginManager.executeMojo(DefaultBuildPluginManager.java:126)
	at org.apache.maven.lifecycle.internal.MojoExecutor.doExecute2(MojoExecutor.java:328)
	at org.apache.maven.lifecycle.internal.MojoExecutor.doExecute(MojoExecutor.java:316)
	at org.apache.maven.lifecycle.internal.MojoExecutor.execute(MojoExecutor.java:212)
	at org.apache.maven.lifecycle.internal.MojoExecutor.execute(MojoExecutor.java:174)
	at org.apache.maven.lifecycle.internal.MojoExecutor.access$000(MojoExecutor.java:75)
	at org.apache.maven.lifecycle.internal.MojoExecutor$1.run(MojoExecutor.java:162)
	at org.apache.maven.plugin.DefaultMojosExecutionStrategy.execute(DefaultMojosExecutionStrategy.java:39)
	at org.apache.maven.lifecycle.internal.MojoExecutor.execute(MojoExecutor.java:159)
	at org.apache.maven.lifecycle.internal.LifecycleModuleBuilder.buildProject(LifecycleModuleBuilder.java:105)
	at org.apache.maven.lifecycle.internal.LifecycleModuleBuilder.buildProject(LifecycleModuleBuilder.java:73)
	at org.apache.maven.lifecycle.internal.builder.singlethreaded.SingleThreadedBuilder.build(SingleThreadedBuilder.java:53)
	at org.apache.maven.lifecycle.internal.LifecycleStarter.execute(LifecycleStarter.java:118)
	at org.apache.maven.DefaultMaven.doExecute(DefaultMaven.java:261)
	at org.apache.maven.DefaultMaven.doExecute(DefaultMaven.java:173)
	at org.apache.maven.DefaultMaven.execute(DefaultMaven.java:101)
	at org.apache.maven.cli.MavenCli.execute(MavenCli.java:906)
	at org.apache.maven.cli.MavenCli.doMain(MavenCli.java:283)
	at org.apache.maven.cli.MavenCli.main(MavenCli.java:206)
	at java.base/jdk.internal.reflect.DirectMethodHandleAccessor.invoke(DirectMethodHandleAccessor.java:104)
	at java.base/java.lang.reflect.Method.invoke(Method.java:565)
	at org.codehaus.plexus.classworlds.launcher.Launcher.launchEnhanced(Launcher.java:255)
	at org.codehaus.plexus.classworlds.launcher.Launcher.launch(Launcher.java:201)
	at org.codehaus.plexus.classworlds.launcher.Launcher.mainWithExitCode(Launcher.java:361)
	at org.codehaus.plexus.classworlds.launcher.Launcher.main(Launcher.java:314)
Caused by: java.lang.IllegalArgumentException: Unsupported class file major version 69
	at groovyjarjarasm.asm.ClassReader.<init>(ClassReader.java:200)
	at groovyjarjarasm.asm.ClassReader.<init>(ClassReader.java:180)
	at groovyjarjarasm.asm.ClassReader.<init>(ClassReader.java:166)
	at groovyjarjarasm.asm.ClassReader.<init>(ClassReader.java:288)
	at org.codehaus.groovy.ast.decompiled.AsmDecompiler.parseClass(AsmDecompiler.java:83)
	at org.codehaus.groovy.control.ClassNodeResolver.findDecompiled(ClassNodeResolver.java:255)
	at org.codehaus.groovy.control.ClassNodeResolver.tryAsLoaderClassOrScript(ClassNodeResolver.java:193)
	at org.codehaus.groovy.control.ClassNodeResolver.findClassNode(ClassNodeResolver.java:175)
	at org.codehaus.groovy.control.ClassNodeResolver.resolveName(ClassNodeResolver.java:129)
	at org.codehaus.groovy.control.ResolveVisitor.resolveToOuter(ResolveVisitor.java:782)
	at org.codehaus.groovy.control.ResolveVisitor.resolve(ResolveVisitor.java:423)
	at org.codehaus.groovy.control.ResolveVisitor.resolveFromDefaultImports(ResolveVisitor.java:577)
	at org.codehaus.groovy.control.ResolveVisitor.resolveFromDefaultImports(ResolveVisitor.java:541)
	at org.codehaus.groovy.control.ResolveVisitor.resolve(ResolveVisitor.java:422)
	at org.codehaus.groovy.control.ResolveVisitor.resolve(ResolveVisitor.java:384)
	at org.codehaus.groovy.control.ResolveVisitor.resolveOrFail(ResolveVisitor.java:352)
	at org.codehaus.groovy.control.ResolveVisitor.resolveOrFail(ResolveVisitor.java:341)
	at org.codehaus.groovy.control.ResolveVisitor.resolveOrFail(ResolveVisitor.java:337)
	at org.codehaus.groovy.control.ResolveVisitor.transform(ResolveVisitor.java:817)
	at org.codehaus.groovy.control.ResolveVisitor.transformDeclarationExpression(ResolveVisitor.java:1173)
	at org.codehaus.groovy.control.ResolveVisitor.transform(ResolveVisitor.java:805)
	at org.codehaus.groovy.ast.ClassCodeExpressionTransformer.visitExpressionStatement(ClassCodeExpressionTransformer.java:129)
	at org.codehaus.groovy.ast.stmt.ExpressionStatement.visit(ExpressionStatement.java:41)
	at org.codehaus.groovy.ast.CodeVisitorSupport.visitBlockStatement(CodeVisitorSupport.java:86)
	at org.codehaus.groovy.ast.ClassCodeVisitorSupport.visitBlockStatement(ClassCodeVisitorSupport.java:168)
	at org.codehaus.groovy.control.ResolveVisitor.visitBlockStatement(ResolveVisitor.java:1386)
	at org.codehaus.groovy.ast.stmt.BlockStatement.visit(BlockStatement.java:72)
	at org.codehaus.groovy.control.ResolveVisitor.transformClosureExpression(ResolveVisitor.java:1125)
	at org.codehaus.groovy.control.ResolveVisitor.transform(ResolveVisitor.java:811)
	at org.codehaus.groovy.ast.expr.Expression.transformExpressions(Expression.java:49)
	at org.codehaus.groovy.ast.expr.ArgumentListExpression.transformExpression(ArgumentListExpression.java:67)
	at org.codehaus.groovy.control.ResolveVisitor.transform(ResolveVisitor.java:818)
	at org.codehaus.groovy.control.ResolveVisitor.transformMethodCallExpression(ResolveVisitor.java:1147)
	at org.codehaus.groovy.control.ResolveVisitor.transform(ResolveVisitor.java:809)
	at org.codehaus.groovy.ast.ClassCodeExpressionTransformer.visitExpressionStatement(ClassCodeExpressionTransformer.java:129)
	at org.codehaus.groovy.ast.stmt.ExpressionStatement.visit(ExpressionStatement.java:41)
	at org.codehaus.groovy.ast.CodeVisitorSupport.visitBlockStatement(CodeVisitorSupport.java:86)
	at org.codehaus.groovy.ast.ClassCodeVisitorSupport.visitBlockStatement(ClassCodeVisitorSupport.java:168)
	at org.codehaus.groovy.control.ResolveVisitor.visitBlockStatement(ResolveVisitor.java:1386)
	at org.codehaus.groovy.ast.stmt.BlockStatement.visit(BlockStatement.java:72)
	at org.codehaus.groovy.ast.ClassCodeVisitorSupport.visitClassCodeContainer(ClassCodeVisitorSupport.java:142)
	at org.codehaus.groovy.ast.ClassCodeVisitorSupport.visitConstructorOrMethod(ClassCodeVisitorSupport.java:115)
	at org.codehaus.groovy.ast.ClassCodeExpressionTransformer.visitConstructorOrMethod(ClassCodeExpressionTransformer.java:87)
	at org.codehaus.groovy.control.ResolveVisitor.visitConstructorOrMethod(ResolveVisitor.java:329)
	at org.codehaus.groovy.ast.ClassCodeVisitorSupport.visitMethod(ClassCodeVisitorSupport.java:110)
	at org.codehaus.groovy.ast.ClassNode.visitMethods(ClassNode.java:1132)
	at org.codehaus.groovy.ast.ClassNode.visitContents(ClassNode.java:1125)
	at org.codehaus.groovy.control.ResolveVisitor.visitClass(ResolveVisitor.java:1315)
	at org.codehaus.groovy.control.ResolveVisitor.startResolving(ResolveVisitor.java:258)
	at org.codehaus.groovy.control.CompilationUnit.lambda$addPhaseOperations$4(CompilationUnit.java:218)
	at org.codehaus.groovy.control.CompilationUnit$ISourceUnitOperation.doPhaseOperation(CompilationUnit.java:897)
	... 37 more
