WARNING: A terminally deprecated method in sun.misc.Unsafe has been called
WARNING: sun.misc.Unsafe::staticFieldBase has been called by com.google.inject.internal.aop.HiddenClassDefiner (file:/home/poddingue/.sdkman/candidates/maven/current/lib/guice-5.1.0-classes.jar)
WARNING: Please consider reporting this to the maintainers of class com.google.inject.internal.aop.HiddenClassDefiner
WARNING: sun.misc.Unsafe::staticFieldBase will be removed in a future release
[INFO] Scanning for projects...
[INFO] 
[INFO] Using the MultiThreadedBuilder implementation with a thread count of 4
[INFO] 
[INFO] -------------< org.jvnet.hudson.plugins:groovy-postbuild >--------------
[INFO] Building Groovy Postbuild 999999-SNAPSHOT
[INFO]   from pom.xml
[INFO] --------------------------------[ hpi ]---------------------------------
[INFO] 
[INFO] --- clean:3.5.0:clean (default-clean) @ groovy-postbuild ---
[INFO] 
[INFO] --- hpi:3.1746.v2e9fe7dc4d95:validate (default-validate) @ groovy-postbuild ---
[INFO] Created marker file /tmp/plugin-builds/groovy-postbuild/target/java-level/17
[INFO] 
[INFO] --- hpi:3.1746.v2e9fe7dc4d95:validate-hpi (default-validate-hpi) @ groovy-postbuild ---
[INFO] 
[INFO] --- enforcer:3.6.1:enforce (display-info) @ groovy-postbuild ---
[INFO] Rule 0: io.jenkins.tools.incrementals.enforcer.RequireExtensionVersion passed
[INFO] Rule 1: org.apache.maven.enforcer.rules.version.RequireMavenVersion passed
[INFO] Rule 2: org.apache.maven.enforcer.rules.version.RequireJavaVersion passed
[INFO] Rule 3: org.codehaus.mojo.extraenforcer.dependencies.EnforceBytecodeVersion passed
[INFO] Rule 4: org.apache.maven.enforcer.rules.dependency.BannedDependencies passed
[INFO] Rule 5: org.apache.maven.enforcer.rules.dependency.BannedDependencies passed
[INFO] Ignoring requireUpperBoundDeps in org.ow2.asm:asm
[INFO] Rule 6: org.apache.maven.enforcer.rules.dependency.RequireUpperBoundDeps passed
[INFO] 
[INFO] --- enforcer:3.6.1:enforce (no-snapshots-in-release) @ groovy-postbuild ---
[INFO] Rule 0: org.apache.maven.enforcer.rules.dependency.RequireReleaseDeps passed
[INFO] 
[INFO] --- localizer:1.31:generate (default) @ groovy-postbuild ---
[INFO] 
[INFO] --- enforcer:3.6.1:enforce (check-junit-imports) @ groovy-postbuild ---
[INFO] Rule 0: org.apache.maven.plugins.enforcer.RestrictImports passed
[INFO] 
[INFO] --- resources:3.3.1:resources (default-resources) @ groovy-postbuild ---
[INFO] Copying 5 resources from src/main/resources to target/classes
[INFO] 
[INFO] --- flatten:1.7.2:flatten (flatten) @ groovy-postbuild ---
[INFO] Generating flattened POM of project org.jvnet.hudson.plugins:groovy-postbuild:hpi:999999-SNAPSHOT...
[INFO] 
[INFO] --- compiler:3.14.0:compile (default-compile) @ groovy-postbuild ---
[INFO] Recompiling the module because of changed source code.
[INFO] Compiling 6 source files with javac [debug parameters release 17] to target/classes
[INFO] org.jvnet.hudson.plugins.groovypostbuild.GroovyPostbuildDescriptor indexed under hudson.Extension
[INFO] org.jvnet.hudson.plugins.groovypostbuild.WorkflowManager indexed under hudson.Extension
[INFO] /tmp/plugin-builds/groovy-postbuild/src/main/java/org/jvnet/hudson/plugins/groovypostbuild/GroovyPostbuildRecorder.java:[390,12] Generating org/jvnet/hudson/plugins/groovypostbuild/GroovyPostbuildRecorder.stapler
[INFO] /tmp/plugin-builds/groovy-postbuild/src/main/java/org/jvnet/hudson/plugins/groovypostbuild/GroovyPostbuildRecorder.java: Some input files use or override a deprecated API.
[INFO] /tmp/plugin-builds/groovy-postbuild/src/main/java/org/jvnet/hudson/plugins/groovypostbuild/GroovyPostbuildRecorder.java: Recompile with -Xlint:deprecation for details.
[INFO] 
[INFO] --- access-modifier-checker:1.35:enforce (default-enforce) @ groovy-postbuild ---
[INFO] 
[INFO] --- bridge-method-injector:1.32:process (default) @ groovy-postbuild ---
[INFO] 
[INFO] --- hpi:3.1746.v2e9fe7dc4d95:insert-test (default-insert-test) @ groovy-postbuild ---
[INFO] 
[INFO] --- antrun:3.1.0:run (createTempDir) @ groovy-postbuild ---
[INFO] Executing tasks
[INFO]     [mkdir] Created dir: /tmp/plugin-builds/groovy-postbuild/target/tmp
[INFO] Executed tasks
[INFO] 
[INFO] --- resources:3.3.1:testResources (default-testResources) @ groovy-postbuild ---
[INFO] Not copying test resources
[INFO] 
[INFO] --- compiler:3.14.0:testCompile (default-testCompile) @ groovy-postbuild ---
[INFO] Not compiling test sources
[INFO] 
[INFO] --- hpi:3.1746.v2e9fe7dc4d95:test-hpl (default-test-hpl) @ groovy-postbuild ---
[INFO] Generating /tmp/plugin-builds/groovy-postbuild/target/test-classes/the.hpl
[INFO] 
[INFO] --- hpi:3.1746.v2e9fe7dc4d95:resolve-test-dependencies (default-resolve-test-dependencies) @ groovy-postbuild ---
[INFO] 
[INFO] --- hpi:3.1746.v2e9fe7dc4d95:test-runtime (default-test-runtime) @ groovy-postbuild ---
[INFO] Tests are skipped.
[INFO] 
[INFO] --- surefire:3.5.2:test (default-test) @ groovy-postbuild ---
[INFO] Tests are skipped.
[INFO] 
[INFO] --- license:184.v19c87b_6b_a_9a_c:process (default) @ groovy-postbuild ---
[INFO] Generated /tmp/plugin-builds/groovy-postbuild/target/groovy-postbuild/WEB-INF/licenses.xml
[INFO] 
[INFO] --- hpi:3.1746.v2e9fe7dc4d95:hpi (default-hpi) @ groovy-postbuild ---
[INFO] Generating /tmp/plugin-builds/groovy-postbuild/target/groovy-postbuild/META-INF/MANIFEST.MF
[INFO] Checking for attached .jar artifact ...
[INFO] Generating jar /tmp/plugin-builds/groovy-postbuild/target/groovy-postbuild.jar
[INFO] Building jar: /tmp/plugin-builds/groovy-postbuild/target/groovy-postbuild.jar
[INFO] Exploding webapp...
[INFO] Copy webapp webResources to /tmp/plugin-builds/groovy-postbuild/target/groovy-postbuild
[INFO] Assembling webapp groovy-postbuild in /tmp/plugin-builds/groovy-postbuild/target/groovy-postbuild
[INFO] Generating hpi /tmp/plugin-builds/groovy-postbuild/target/groovy-postbuild.hpi
[INFO] Building jar: /tmp/plugin-builds/groovy-postbuild/target/groovy-postbuild.hpi
[INFO] 
[INFO] --- jar:3.4.2:test-jar (maybe-test-jar) @ groovy-postbuild ---
[INFO] Skipping packaging of the test-jar
[INFO] 
[INFO] >>> spotbugs:4.9.3.2:check (spotbugs) > :spotbugs @ groovy-postbuild >>>
[INFO] 
[INFO] --- spotbugs:4.9.3.2:spotbugs (spotbugs) @ groovy-postbuild ---
[INFO] Fork Value is true
[INFO] Done SpotBugs Analysis....
[WARNING] Unable to find a URL to the parent project. The parent menu will NOT be added.
[INFO] Rendering content with org.apache.maven.skins:maven-fluido-skin:jar:2.0.0-M9 skin
[INFO] 
[INFO] <<< spotbugs:4.9.3.2:check (spotbugs) < :spotbugs @ groovy-postbuild <<<
[INFO] 
[INFO] 
[INFO] --- spotbugs:4.9.3.2:check (spotbugs) @ groovy-postbuild ---
[INFO] BugInstance size is 0
[INFO] Error size is 0
[INFO] No errors/warnings found
[INFO] 
[INFO] --- spotless:2.46.1:check (default) @ groovy-postbuild ---
[INFO] Index file does not exist. Fallback to an empty index
[INFO] Spotless.Java is keeping 9 files clean - 0 needs changes to be clean, 9 were already clean, 0 were skipped because caching determined they were already clean
[INFO] Sorting file /tmp/pom15998895617312997253.xml
[INFO] Pom file is already sorted, exiting
[INFO] Spotless.Pom is keeping 1 files clean - 0 needs changes to be clean, 1 were already clean, 0 were skipped because caching determined they were already clean
[INFO] 
[INFO] --- install:3.1.4:install (default-install) @ groovy-postbuild ---
[INFO] Installing /tmp/plugin-builds/groovy-postbuild/target/groovy-postbuild-999999-SNAPSHOT.pom to /home/poddingue/.m2/repository/org/jvnet/hudson/plugins/groovy-postbuild/999999-SNAPSHOT/groovy-postbuild-999999-SNAPSHOT.pom
[INFO] Installing /tmp/plugin-builds/groovy-postbuild/target/groovy-postbuild.hpi to /home/poddingue/.m2/repository/org/jvnet/hudson/plugins/groovy-postbuild/999999-SNAPSHOT/groovy-postbuild-999999-SNAPSHOT.hpi
[INFO] Installing /tmp/plugin-builds/groovy-postbuild/target/groovy-postbuild.jar to /home/poddingue/.m2/repository/org/jvnet/hudson/plugins/groovy-postbuild/999999-SNAPSHOT/groovy-postbuild-999999-SNAPSHOT.jar
[INFO] ------------------------------------------------------------------------
[INFO] BUILD SUCCESS
[INFO] ------------------------------------------------------------------------
[INFO] Total time:  48.435 s (Wall Clock)
[INFO] Finished at: 2025-08-22T18:38:21+02:00
[INFO] ------------------------------------------------------------------------
