WARNING: A restricted method in java.lang.System has been called
WARNING: java.lang.System::load has been called by org.fusesource.jansi.internal.JansiLoader in an unnamed module (file:/home/poddingue/.sdkman/candidates/maven/current/lib/jansi-2.4.1.jar)
WARNING: Use --enable-native-access=ALL-UNNAMED to avoid a warning for callers in this module
WARNING: Restricted methods will be blocked in a future release unless native access is enabled

WARNING: A terminally deprecated method in sun.misc.Unsafe has been called
WARNING: sun.misc.Unsafe::objectFieldOffset has been called by com.google.common.util.concurrent.AbstractFuture$UnsafeAtomicHelper (file:/home/poddingue/.sdkman/candidates/maven/current/lib/guava-33.2.1-jre.jar)
WARNING: Please consider reporting this to the maintainers of class com.google.common.util.concurrent.AbstractFuture$UnsafeAtomicHelper
WARNING: sun.misc.Unsafe::objectFieldOffset will be removed in a future release
[INFO] Scanning for projects...
[INFO] 
[INFO] -------------------< org.jenkins-ci.plugins:groovy >--------------------
[INFO] Building Groovy 999999-SNAPSHOT
[INFO]   from pom.xml
[INFO] --------------------------------[ hpi ]---------------------------------
[INFO] 
[INFO] --- clean:3.4.1:clean (default-clean) @ groovy ---
[INFO] 
[INFO] --- hpi:3.65:validate (default-validate) @ groovy ---
[INFO] Created marker file /tmp/plugin-builds/groovy/target/java-level/17
[INFO] 
[INFO] --- hpi:3.65:validate-hpi (default-validate-hpi) @ groovy ---
[INFO] 
[INFO] --- enforcer:3.5.0:enforce (display-info) @ groovy ---
[INFO] Rule 0: io.jenkins.tools.incrementals.enforcer.RequireExtensionVersion passed
[INFO] Rule 1: org.apache.maven.enforcer.rules.version.RequireMavenVersion passed
[INFO] Rule 2: org.apache.maven.enforcer.rules.version.RequireJavaVersion passed
[INFO] Rule 3: org.codehaus.mojo.extraenforcer.dependencies.EnforceBytecodeVersion passed
[INFO] Rule 4: org.apache.maven.enforcer.rules.dependency.BannedDependencies passed
[INFO] Rule 5: org.apache.maven.enforcer.rules.dependency.BannedDependencies passed
[INFO] Rule 6: org.apache.maven.enforcer.rules.dependency.RequireUpperBoundDeps passed
[INFO] 
[INFO] --- enforcer:3.5.0:enforce (no-snapshots-in-release) @ groovy ---
[INFO] Rule 0: org.apache.maven.enforcer.rules.dependency.RequireReleaseDeps passed
[INFO] 
[INFO] --- localizer:1.31:generate (default) @ groovy ---
[INFO] 
[INFO] --- resources:3.3.1:resources (default-resources) @ groovy ---
[INFO] Copying 31 resources from src/main/resources to target/classes
[INFO] 
[INFO] --- flatten:1.7.0:flatten (flatten) @ groovy ---
[INFO] Generating flattened POM of project org.jenkins-ci.plugins:groovy:hpi:999999-SNAPSHOT...
[INFO] 
[INFO] --- compiler:3.14.0:compile (default-compile) @ groovy ---
[INFO] Recompiling the module because of changed source code.
[INFO] Compiling 13 source files with javac [debug parameters release 17] to target/classes
[INFO] hudson.plugins.groovy.FileScriptSource.DescriptorImpl indexed under hudson.Extension
[INFO] hudson.plugins.groovy.FileSystemScriptSource.DescriptorImpl indexed under hudson.Extension
[INFO] hudson.plugins.groovy.Groovy.DescriptorImpl indexed under hudson.Extension
[INFO] hudson.plugins.groovy.GroovyInstallation.DescriptorImpl indexed under hudson.Extension
[INFO] hudson.plugins.groovy.GroovyInstaller.DescriptorImpl indexed under hudson.Extension
[INFO] hudson.plugins.groovy.GroovyTokenMacro indexed under hudson.Extension
[INFO] hudson.plugins.groovy.StringScriptSource.DescriptorImpl indexed under hudson.Extension
[INFO] hudson.plugins.groovy.StringSystemScriptSource.DescriptorImpl indexed under hudson.Extension
[INFO] hudson.plugins.groovy.SystemGroovy.DescriptorImpl indexed under hudson.Extension
[INFO] hudson.plugins.groovy.WithGroovyStep.DescriptorImpl indexed under hudson.Extension
[INFO] /tmp/plugin-builds/groovy/src/main/java/hudson/plugins/groovy/FileScriptSource.java:[23,12] Generating hudson/plugins/groovy/FileScriptSource.stapler
[INFO] /tmp/plugin-builds/groovy/src/main/java/hudson/plugins/groovy/FileSystemScriptSource.java:[19,12] Generating hudson/plugins/groovy/FileSystemScriptSource.stapler
[INFO] /tmp/plugin-builds/groovy/src/main/java/hudson/plugins/groovy/Groovy.java:[213,16] Generating hudson/plugins/groovy/Groovy/GroovyInstallation.stapler
[INFO] /tmp/plugin-builds/groovy/src/main/java/hudson/plugins/groovy/Groovy.java:[50,12] Generating hudson/plugins/groovy/Groovy.stapler
[INFO] /tmp/plugin-builds/groovy/src/main/java/hudson/plugins/groovy/GroovyInstallation.java:[31,12] Generating hudson/plugins/groovy/GroovyInstallation.stapler
[INFO] /tmp/plugin-builds/groovy/src/main/java/hudson/plugins/groovy/GroovyInstaller.java:[11,12] Generating hudson/plugins/groovy/GroovyInstaller.stapler
[INFO] /tmp/plugin-builds/groovy/src/main/java/hudson/plugins/groovy/StringScriptSource.java:[26,12] Generating hudson/plugins/groovy/StringScriptSource.stapler
[INFO] /tmp/plugin-builds/groovy/src/main/java/hudson/plugins/groovy/StringSystemScriptSource.java:[17,12] Generating hudson/plugins/groovy/StringSystemScriptSource.stapler
[INFO] /tmp/plugin-builds/groovy/src/main/java/hudson/plugins/groovy/SystemGroovy.java:[39,12] Generating hudson/plugins/groovy/SystemGroovy.stapler
[INFO] /tmp/plugin-builds/groovy/src/main/java/hudson/plugins/groovy/WithGroovyStep.java:[54,12] Generating hudson/plugins/groovy/WithGroovyStep.stapler
[INFO] /tmp/plugin-builds/groovy/src/main/java/hudson/plugins/groovy/StringScriptSource.java:[66,31] Generating hudson/plugins/groovy/StringScriptSource/DescriptorImpl/doCheckScript.stapler
[INFO] /tmp/plugin-builds/groovy/src/main/java/hudson/plugins/groovy/ScriptSource.java: Some input files use or override a deprecated API.
[INFO] /tmp/plugin-builds/groovy/src/main/java/hudson/plugins/groovy/ScriptSource.java: Recompile with -Xlint:deprecation for details.
[INFO] 
[INFO] --- access-modifier-checker:1.35:enforce (default-enforce) @ groovy ---
[INFO] Skipping access modifier checks
[INFO] 
[INFO] --- bridge-method-injector:1.31:process (default) @ groovy ---
[INFO] 
[INFO] --- hpi:3.65:insert-test (default-insert-test) @ groovy ---
[INFO] 
[INFO] --- antrun:3.1.0:run (createTempDir) @ groovy ---
[INFO] Executing tasks
[INFO]     [mkdir] Created dir: /tmp/plugin-builds/groovy/target/tmp
[INFO] Executed tasks
[INFO] 
[INFO] --- resources:3.3.1:testResources (default-testResources) @ groovy ---
[INFO] Not copying test resources
[INFO] 
[INFO] --- dependency:3.8.1:copy (copy-binary-files) @ groovy ---
[INFO] Configured Artifact: org.codehaus.groovy:groovy-binary:2.4.21:zip
[INFO] 
[INFO] --- compiler:3.14.0:testCompile (default-testCompile) @ groovy ---
[INFO] Not compiling test sources
[INFO] 
[INFO] --- hpi:3.65:test-hpl (default-test-hpl) @ groovy ---
[INFO] Generating /tmp/plugin-builds/groovy/target/test-classes/the.hpl
[INFO] 
[INFO] --- hpi:3.65:resolve-test-dependencies (default-resolve-test-dependencies) @ groovy ---
[INFO] 
[INFO] --- hpi:3.65:test-runtime (default-test-runtime) @ groovy ---
[INFO] Tests are skipped.
[INFO] 
[INFO] --- surefire:3.5.3:test (default-test) @ groovy ---
[INFO] Tests are skipped.
[INFO] 
[INFO] --- license:165.v7e11f4e4a_325:process (default) @ groovy ---
[INFO] 
[INFO] --- hpi:3.65:hpi (default-hpi) @ groovy ---
[INFO] Generating /tmp/plugin-builds/groovy/target/groovy/META-INF/MANIFEST.MF
[INFO] Checking for attached .jar artifact ...
[INFO] Generating jar /tmp/plugin-builds/groovy/target/groovy.jar
[INFO] Building jar: /tmp/plugin-builds/groovy/target/groovy.jar
[INFO] Exploding webapp...
[INFO] Copy webapp webResources to /tmp/plugin-builds/groovy/target/groovy
[INFO] Assembling webapp groovy in /tmp/plugin-builds/groovy/target/groovy
[INFO] Bundling direct dependency commons-exec-1.5.0.jar
[INFO] Generating hpi /tmp/plugin-builds/groovy/target/groovy.hpi
[INFO] Building jar: /tmp/plugin-builds/groovy/target/groovy.hpi
[INFO] 
[INFO] --- jar:3.4.2:test-jar (maybe-test-jar) @ groovy ---
[INFO] Skipping packaging of the test-jar
[INFO] 
[INFO] >>> spotbugs:4.9.3.0:check (spotbugs) > :spotbugs @ groovy >>>
[INFO] 
[INFO] --- spotbugs:4.9.3.0:spotbugs (spotbugs) @ groovy ---
[INFO] Skipping com.github.spotbugs:spotbugs-maven-plugin:4.9.3.0:spotbugs report goal
[INFO] 
[INFO] <<< spotbugs:4.9.3.0:check (spotbugs) < :spotbugs @ groovy <<<
[INFO] 
[INFO] 
[INFO] --- spotbugs:4.9.3.0:check (spotbugs) @ groovy ---
[INFO] Spotbugs plugin skipped
[INFO] 
[INFO] --- spotless:2.44.4:check (default) @ groovy ---
[INFO] Spotless check skipped
[INFO] 
[INFO] --- install:3.1.4:install (default-install) @ groovy ---
[INFO] Installing /tmp/plugin-builds/groovy/target/groovy-999999-SNAPSHOT.pom to /home/poddingue/.m2/repository/org/jenkins-ci/plugins/groovy/999999-SNAPSHOT/groovy-999999-SNAPSHOT.pom
[INFO] Installing /tmp/plugin-builds/groovy/target/groovy.hpi to /home/poddingue/.m2/repository/org/jenkins-ci/plugins/groovy/999999-SNAPSHOT/groovy-999999-SNAPSHOT.hpi
[INFO] Installing /tmp/plugin-builds/groovy/target/groovy.jar to /home/poddingue/.m2/repository/org/jenkins-ci/plugins/groovy/999999-SNAPSHOT/groovy-999999-SNAPSHOT.jar
[INFO] ------------------------------------------------------------------------
[INFO] BUILD SUCCESS
[INFO] ------------------------------------------------------------------------
[INFO] Total time:  9.475 s
[INFO] Finished at: 2025-06-23T08:52:49+02:00
[INFO] ------------------------------------------------------------------------
