[INFO] Scanning for projects...
[INFO] Artifact org.jenkins-ci.tools:maven-hpi-plugin:pom:3.1801.v26037216c7d3 is present in the local repository, but cached from a remote repository ID that is unavailable in current build context, verifying that is downloadable from [incrementals (https://repo.jenkins-ci.org/incrementals/, default, releases), central (https://repo.maven.apache.org/maven2, default, releases)]
[INFO] Artifact org.jenkins-ci.tools:maven-hpi-plugin:pom:3.1801.v26037216c7d3 is present in the local repository, but cached from a remote repository ID that is unavailable in current build context, verifying that is downloadable from [incrementals (https://repo.jenkins-ci.org/incrementals/, default, releases), central (https://repo.maven.apache.org/maven2, default, releases)]
[WARNING] The POM for org.jenkins-ci.tools:maven-hpi-plugin:jar:3.1801.v26037216c7d3 is missing, no dependency information available
[INFO] Artifact org.jenkins-ci.tools:maven-hpi-plugin:jar:3.1801.v26037216c7d3 is present in the local repository, but cached from a remote repository ID that is unavailable in current build context, verifying that is downloadable from [incrementals (https://repo.jenkins-ci.org/incrementals/, default, releases), central (https://repo.maven.apache.org/maven2, default, releases)]
[INFO] Artifact org.jenkins-ci.tools:maven-hpi-plugin:jar:3.1801.v26037216c7d3 is present in the local repository, but cached from a remote repository ID that is unavailable in current build context, verifying that is downloadable from [incrementals (https://repo.jenkins-ci.org/incrementals/, default, releases), central (https://repo.maven.apache.org/maven2, default, releases)]
[WARNING] Failed to build parent project for io.jenkins.plugins:gson-api:hpi:2.13.2-999999-SNAPSHOT
[INFO] 
[INFO] --------------------< io.jenkins.plugins:gson-api >---------------------
[INFO] Building Gson API Plugin 2.13.2-999999-SNAPSHOT
[INFO]   from pom.xml
[INFO] --------------------------------[ hpi ]---------------------------------
[INFO] 
[INFO] --- clean:3.5.0:clean (default-clean) @ gson-api ---
[INFO] 
[INFO] --- hpi:3.1801.v26037216c7d3:validate (default-validate) @ gson-api ---
[INFO] Created marker file /tmp/plugin-builds/gson-api/target/java-level/17
[INFO] 
[INFO] --- hpi:3.1801.v26037216c7d3:validate-hpi (default-validate-hpi) @ gson-api ---
[INFO] 
[INFO] --- enforcer:3.6.2:enforce (display-info) @ gson-api ---
[INFO] Rule 0: io.jenkins.tools.incrementals.enforcer.RequireExtensionVersion passed
[INFO] Rule 1: org.apache.maven.enforcer.rules.version.RequireMavenVersion passed
[INFO] Rule 2: org.apache.maven.enforcer.rules.version.RequireJavaVersion passed
[INFO] Rule 3: org.apache.maven.enforcer.rules.RequirePluginVersions passed
[INFO] Rule 4: org.codehaus.mojo.extraenforcer.dependencies.EnforceBytecodeVersion passed
[INFO] Rule 5: org.apache.maven.enforcer.rules.dependency.BannedDependencies passed
[INFO] Rule 6: org.apache.maven.enforcer.rules.dependency.BannedDependencies passed
[INFO] Rule 7: org.apache.maven.enforcer.rules.dependency.RequireUpperBoundDeps passed
[INFO] 
[INFO] --- enforcer:3.6.2:enforce (no-snapshots-in-release) @ gson-api ---
[INFO] Rule 0: org.apache.maven.enforcer.rules.dependency.RequireReleaseDeps passed
[INFO] 
[INFO] --- localizer:1.31:generate (default) @ gson-api ---
[INFO] 
[INFO] --- enforcer:3.6.2:enforce (check-junit-imports) @ gson-api ---
[INFO] Rule 0: org.apache.maven.plugins.enforcer.RestrictImports passed
[INFO] 
[INFO] --- enforcer:3.6.2:enforce (check-commons-lang-imports) @ gson-api ---
[INFO] Rule 0: org.apache.maven.plugins.enforcer.RestrictImports passed
[INFO] 
[INFO] --- resources:3.4.0:resources (default-resources) @ gson-api ---
[INFO] Copying 1 resource from src/main/resources to target/classes
[INFO] 
[INFO] --- flatten:1.7.3:flatten (flatten) @ gson-api ---
[INFO] Generating flattened POM of project io.jenkins.plugins:gson-api:hpi:2.13.2-999999-SNAPSHOT...
[INFO] 
[INFO] --- compiler:3.14.1:compile (default-compile) @ gson-api ---
[INFO] Nothing to compile - all classes are up to date.
[INFO] 
[INFO] --- access-modifier-checker:1.35:enforce (default-enforce) @ gson-api ---
[INFO] 
[INFO] --- bridge-method-injector:1.32:process (default) @ gson-api ---
[INFO] 
[INFO] --- hpi:3.1801.v26037216c7d3:insert-test (default-insert-test) @ gson-api ---
[INFO] 
[INFO] --- antrun:3.2.0:run (createTempDir) @ gson-api ---
[INFO] Executing tasks
[INFO]     [mkdir] Created dir: /tmp/plugin-builds/gson-api/target/tmp
[INFO] Executed tasks
[INFO] 
[INFO] --- resources:3.4.0:testResources (default-testResources) @ gson-api ---
[INFO] Not copying test resources
[INFO] 
[INFO] --- compiler:3.14.1:testCompile (default-testCompile) @ gson-api ---
[INFO] Not compiling test sources
[INFO] 
[INFO] --- hpi:3.1801.v26037216c7d3:test-hpl (default-test-hpl) @ gson-api ---
[INFO] Generating /tmp/plugin-builds/gson-api/target/test-classes/the.hpl
[INFO] 
[INFO] --- hpi:3.1801.v26037216c7d3:resolve-test-dependencies (default-resolve-test-dependencies) @ gson-api ---
[INFO] 
[INFO] --- hpi:3.1801.v26037216c7d3:test-runtime (default-test-runtime) @ gson-api ---
[INFO] Tests are skipped.
[INFO] 
[INFO] --- surefire:3.5.4:test (default-test) @ gson-api ---
[INFO] Tests are skipped.
[INFO] 
[INFO] --- license:203.vffb_768f15d51:process (default) @ gson-api ---
[INFO] Generated /tmp/plugin-builds/gson-api/target/gson-api/WEB-INF/licenses.xml
[INFO] 
[INFO] --- hpi:3.1801.v26037216c7d3:hpi (default-hpi) @ gson-api ---
[INFO] Generating /tmp/plugin-builds/gson-api/target/gson-api/META-INF/MANIFEST.MF
[INFO] Checking for attached .jar artifact ...
[INFO] Generating jar /tmp/plugin-builds/gson-api/target/gson-api.jar
[INFO] Building jar: /tmp/plugin-builds/gson-api/target/gson-api.jar
[INFO] Exploding webapp...
[INFO] Copy webapp webResources to /tmp/plugin-builds/gson-api/target/gson-api
[INFO] Assembling webapp gson-api in /tmp/plugin-builds/gson-api/target/gson-api
[INFO] Bundling direct dependency gson-2.13.2.jar
[INFO] Generating hpi /tmp/plugin-builds/gson-api/target/gson-api.hpi
[INFO] Building jar: /tmp/plugin-builds/gson-api/target/gson-api.hpi
[INFO] 
[INFO] --- jar:3.5.0:test-jar (maybe-test-jar) @ gson-api ---
[INFO] Skipping packaging of the test-jar
[INFO] 
[INFO] >>> spotbugs:4.9.8.2:check (spotbugs) > :spotbugs @ gson-api >>>
[INFO] 
[INFO] --- spotbugs:4.9.8.2:spotbugs (spotbugs) @ gson-api ---
[INFO] No files found to run spotbugs; check compile phase has been run.
[INFO] Skipping com.github.spotbugs:spotbugs-maven-plugin:4.9.8.2:spotbugs report goal
[INFO] 
[INFO] <<< spotbugs:4.9.8.2:check (spotbugs) < :spotbugs @ gson-api <<<
[INFO] 
[INFO] 
[INFO] --- spotbugs:4.9.8.2:check (spotbugs) @ gson-api ---
[INFO] 
[INFO] --- spotless:3.2.0:check (default) @ gson-api ---
[INFO] Index file does not exist. Fallback to an empty index
WARNING: A terminally deprecated method in sun.misc.Unsafe has been called
WARNING: sun.misc.Unsafe::staticFieldBase has been called by com.diffplug.spotless.java.ModuleHelper (file:/home/runner/.m2/repository/com/diffplug/spotless/spotless-lib/4.2.0/spotless-lib-4.2.0.jar)
WARNING: Please consider reporting this to the maintainers of class com.diffplug.spotless.java.ModuleHelper
WARNING: sun.misc.Unsafe::staticFieldBase will be removed in a future release
[INFO] Spotless.Java is keeping 1 files clean - 0 needs changes to be clean, 1 were already clean, 0 were skipped because caching determined they were already clean
[INFO] Sorting file /tmp/pom2513387317528738644.xml
[INFO] Pom file is already sorted, exiting
[INFO] Spotless.Pom is keeping 1 files clean - 0 needs changes to be clean, 1 were already clean, 0 were skipped because caching determined they were already clean
[INFO] 
[INFO] --- install:3.1.4:install (default-install) @ gson-api ---
[INFO] Installing /tmp/plugin-builds/gson-api/target/gson-api-2.13.2-999999-SNAPSHOT.pom to /home/runner/.m2/repository/io/jenkins/plugins/gson-api/2.13.2-999999-SNAPSHOT/gson-api-2.13.2-999999-SNAPSHOT.pom
[INFO] Installing /tmp/plugin-builds/gson-api/target/gson-api.hpi to /home/runner/.m2/repository/io/jenkins/plugins/gson-api/2.13.2-999999-SNAPSHOT/gson-api-2.13.2-999999-SNAPSHOT.hpi
[INFO] Installing /tmp/plugin-builds/gson-api/target/gson-api.jar to /home/runner/.m2/repository/io/jenkins/plugins/gson-api/2.13.2-999999-SNAPSHOT/gson-api-2.13.2-999999-SNAPSHOT.jar
[INFO] ------------------------------------------------------------------------
[INFO] BUILD SUCCESS
[INFO] ------------------------------------------------------------------------
[INFO] Total time:  23.023 s
[INFO] Finished at: 2026-02-17T02:56:44Z
[INFO] ------------------------------------------------------------------------
