WARNING: A terminally deprecated method in sun.misc.Unsafe has been called
WARNING: sun.misc.Unsafe::staticFieldBase has been called by com.google.inject.internal.aop.HiddenClassDefiner (file:/home/poddingue/.sdkman/candidates/maven/current/lib/guice-5.1.0-classes.jar)
WARNING: Please consider reporting this to the maintainers of class com.google.inject.internal.aop.HiddenClassDefiner
WARNING: sun.misc.Unsafe::staticFieldBase will be removed in a future release
[INFO] Scanning for projects...
[INFO] 
[INFO] Using the MultiThreadedBuilder implementation with a thread count of 4
[INFO] 
[INFO] ---------------------< io.jenkins.plugins:h2-api >----------------------
[INFO] Building H2 API Plugin 11.1.4.199-999999-SNAPSHOT
[INFO]   from pom.xml
[INFO] --------------------------------[ hpi ]---------------------------------
[INFO] 
[INFO] --- clean:3.5.0:clean (default-clean) @ h2-api ---
[INFO] 
[INFO] --- hpi:3.1746.v2e9fe7dc4d95:validate (default-validate) @ h2-api ---
[INFO] Created marker file /tmp/plugin-builds/h2-api/target/java-level/17
[INFO] 
[INFO] --- hpi:3.1746.v2e9fe7dc4d95:validate-hpi (default-validate-hpi) @ h2-api ---
[INFO] 
[INFO] --- enforcer:3.6.1:enforce (display-info) @ h2-api ---
[INFO] Rule 0: io.jenkins.tools.incrementals.enforcer.RequireExtensionVersion passed
[INFO] Rule 1: org.apache.maven.enforcer.rules.version.RequireMavenVersion passed
[INFO] Rule 2: org.apache.maven.enforcer.rules.version.RequireJavaVersion passed
[INFO] Rule 3: org.codehaus.mojo.extraenforcer.dependencies.EnforceBytecodeVersion passed
[INFO] Rule 4: org.apache.maven.enforcer.rules.dependency.BannedDependencies passed
[INFO] Rule 5: org.apache.maven.enforcer.rules.dependency.BannedDependencies passed
[INFO] Rule 6: org.apache.maven.enforcer.rules.dependency.RequireUpperBoundDeps passed
[INFO] 
[INFO] --- enforcer:3.6.1:enforce (no-snapshots-in-release) @ h2-api ---
[INFO] Rule 0: org.apache.maven.enforcer.rules.dependency.RequireReleaseDeps passed
[INFO] 
[INFO] --- localizer:1.31:generate (default) @ h2-api ---
[INFO] 
[INFO] --- enforcer:3.6.1:enforce (check-junit-imports) @ h2-api ---
[INFO] Skipping Rule Enforcement.
[INFO] 
[INFO] --- resources:3.3.1:resources (default-resources) @ h2-api ---
[INFO] Copying 1 resource from src/main/resources to target/classes
[INFO] 
[INFO] --- flatten:1.7.2:flatten (flatten) @ h2-api ---
[INFO] Generating flattened POM of project io.jenkins.plugins:h2-api:hpi:11.1.4.199-999999-SNAPSHOT...
[INFO] 
[INFO] --- compiler:3.14.0:compile (default-compile) @ h2-api ---
[INFO] Nothing to compile - all classes are up to date.
[INFO] 
[INFO] --- access-modifier-checker:1.35:enforce (default-enforce) @ h2-api ---
[INFO] 
[INFO] --- bridge-method-injector:1.32:process (default) @ h2-api ---
[INFO] 
[INFO] --- hpi:3.1746.v2e9fe7dc4d95:insert-test (default-insert-test) @ h2-api ---
[INFO] 
[INFO] --- antrun:3.1.0:run (createTempDir) @ h2-api ---
[INFO] Executing tasks
[INFO]     [mkdir] Created dir: /tmp/plugin-builds/h2-api/target/tmp
[INFO] Executed tasks
[INFO] 
[INFO] --- resources:3.3.1:testResources (default-testResources) @ h2-api ---
[INFO] Not copying test resources
[INFO] 
[INFO] --- compiler:3.14.0:testCompile (default-testCompile) @ h2-api ---
[INFO] Not compiling test sources
[INFO] 
[INFO] --- hpi:3.1746.v2e9fe7dc4d95:test-hpl (default-test-hpl) @ h2-api ---
[INFO] Generating /tmp/plugin-builds/h2-api/target/test-classes/the.hpl
[INFO] 
[INFO] --- hpi:3.1746.v2e9fe7dc4d95:resolve-test-dependencies (default-resolve-test-dependencies) @ h2-api ---
[INFO] 
[INFO] --- hpi:3.1746.v2e9fe7dc4d95:test-runtime (default-test-runtime) @ h2-api ---
[INFO] Tests are skipped.
[INFO] 
[INFO] --- surefire:3.5.3:test (default-test) @ h2-api ---
[INFO] Tests are skipped.
[INFO] 
[INFO] --- license:184.v19c87b_6b_a_9a_c:process (default) @ h2-api ---
[INFO] Generated /tmp/plugin-builds/h2-api/target/h2-api/WEB-INF/licenses.xml
[INFO] 
[INFO] --- hpi:3.1746.v2e9fe7dc4d95:hpi (default-hpi) @ h2-api ---
[INFO] Generating /tmp/plugin-builds/h2-api/target/h2-api/META-INF/MANIFEST.MF
[INFO] Checking for attached .jar artifact ...
[INFO] Generating jar /tmp/plugin-builds/h2-api/target/h2-api.jar
[INFO] Building jar: /tmp/plugin-builds/h2-api/target/h2-api.jar
[INFO] Exploding webapp...
[INFO] Copy webapp webResources to /tmp/plugin-builds/h2-api/target/h2-api
[INFO] Assembling webapp h2-api in /tmp/plugin-builds/h2-api/target/h2-api
[INFO] Bundling direct dependency h2-1.4.199.jar
[WARNING] Expected list of bundled artifacts [] did not match actual list of bundled artifacts [h2]. Review the bundled artifacts and add `<hpi.bundledArtifacts>h2</hpi.bundledArtifacts>` to `<properties>` in pom.xml if the actual list is correct. If the actual list is not correct, add `<exclusion>`s or modify dependencies as needed to prevent the artifacts from being bundled. Review https://www.jenkins.io/doc/developer/plugin-development/dependencies-and-class-loading/#bundling-third-party-libraries for more details. Enable strict checks by adding `<hpi.strictBundledArtifacts>true</hpi.strictBundledArtifacts>` to pom.xml
[INFO] Generating hpi /tmp/plugin-builds/h2-api/target/h2-api.hpi
[INFO] Building jar: /tmp/plugin-builds/h2-api/target/h2-api.hpi
[INFO] 
[INFO] --- jar:3.4.2:test-jar (maybe-test-jar) @ h2-api ---
[INFO] Skipping packaging of the test-jar
[INFO] 
[INFO] >>> spotbugs:4.9.3.2:check (spotbugs) > :spotbugs @ h2-api >>>
[INFO] 
[INFO] --- spotbugs:4.9.3.2:spotbugs (spotbugs) @ h2-api ---
[INFO] Skipping com.github.spotbugs:spotbugs-maven-plugin:4.9.3.2:spotbugs report goal
[INFO] 
[INFO] <<< spotbugs:4.9.3.2:check (spotbugs) < :spotbugs @ h2-api <<<
[INFO] 
[INFO] 
[INFO] --- spotbugs:4.9.3.2:check (spotbugs) @ h2-api ---
[INFO] 
[INFO] --- spotless:2.46.1:check (default) @ h2-api ---
[INFO] Spotless check skipped
[INFO] 
[INFO] --- install:3.1.4:install (default-install) @ h2-api ---
[INFO] Installing /tmp/plugin-builds/h2-api/target/h2-api-11.1.4.199-999999-SNAPSHOT.pom to /home/poddingue/.m2/repository/io/jenkins/plugins/h2-api/11.1.4.199-999999-SNAPSHOT/h2-api-11.1.4.199-999999-SNAPSHOT.pom
[INFO] Installing /tmp/plugin-builds/h2-api/target/h2-api.hpi to /home/poddingue/.m2/repository/io/jenkins/plugins/h2-api/11.1.4.199-999999-SNAPSHOT/h2-api-11.1.4.199-999999-SNAPSHOT.hpi
[INFO] Installing /tmp/plugin-builds/h2-api/target/h2-api.jar to /home/poddingue/.m2/repository/io/jenkins/plugins/h2-api/11.1.4.199-999999-SNAPSHOT/h2-api-11.1.4.199-999999-SNAPSHOT.jar
[INFO] ------------------------------------------------------------------------
[INFO] BUILD SUCCESS
[INFO] ------------------------------------------------------------------------
[INFO] Total time:  26.693 s (Wall Clock)
[INFO] Finished at: 2025-09-01T10:01:34+02:00
[INFO] ------------------------------------------------------------------------
