WARNING: A terminally deprecated method in sun.misc.Unsafe has been called
WARNING: sun.misc.Unsafe::staticFieldBase has been called by com.google.inject.internal.aop.HiddenClassDefiner (file:/usr/share/apache-maven-3.9.11/lib/guice-5.1.0-classes.jar)
WARNING: Please consider reporting this to the maintainers of class com.google.inject.internal.aop.HiddenClassDefiner
WARNING: sun.misc.Unsafe::staticFieldBase will be removed in a future release
[INFO] Scanning for projects...
[INFO] Artifact org.jenkins-ci.tools:maven-hpi-plugin:pom:3.1746.v2e9fe7dc4d95 is present in the local repository, but cached from a remote repository ID that is unavailable in current build context, verifying that is downloadable from [incrementals (https://repo.jenkins-ci.org/incrementals/, default, releases), central (https://repo.maven.apache.org/maven2, default, releases)]
[INFO] Artifact org.jenkins-ci.tools:maven-hpi-plugin:pom:3.1746.v2e9fe7dc4d95 is present in the local repository, but cached from a remote repository ID that is unavailable in current build context, verifying that is downloadable from [incrementals (https://repo.jenkins-ci.org/incrementals/, default, releases), central (https://repo.maven.apache.org/maven2, default, releases)]
[WARNING] The POM for org.jenkins-ci.tools:maven-hpi-plugin:jar:3.1746.v2e9fe7dc4d95 is missing, no dependency information available
[INFO] Artifact org.jenkins-ci.tools:maven-hpi-plugin:jar:3.1746.v2e9fe7dc4d95 is present in the local repository, but cached from a remote repository ID that is unavailable in current build context, verifying that is downloadable from [incrementals (https://repo.jenkins-ci.org/incrementals/, default, releases), central (https://repo.maven.apache.org/maven2, default, releases)]
[INFO] Artifact org.jenkins-ci.tools:maven-hpi-plugin:jar:3.1746.v2e9fe7dc4d95 is present in the local repository, but cached from a remote repository ID that is unavailable in current build context, verifying that is downloadable from [incrementals (https://repo.jenkins-ci.org/incrementals/, default, releases), central (https://repo.maven.apache.org/maven2, default, releases)]
[WARNING] Failed to build parent project for org.jenkins-ci.plugins:http_request:hpi:1.21-SNAPSHOT
[INFO] 
[INFO] ----------------< org.jenkins-ci.plugins:http_request >-----------------
[INFO] Building HTTP Request Plugin 1.21-SNAPSHOT
[INFO]   from pom.xml
[INFO] --------------------------------[ hpi ]---------------------------------
[INFO] 
[INFO] --- clean:3.5.0:clean (default-clean) @ http_request ---
[INFO] 
[INFO] --- hpi:3.1746.v2e9fe7dc4d95:validate (default-validate) @ http_request ---
[INFO] Created marker file /tmp/plugin-builds/http_request/target/java-level/17
[INFO] 
[INFO] --- hpi:3.1746.v2e9fe7dc4d95:validate-hpi (default-validate-hpi) @ http_request ---
[INFO] 
[INFO] --- enforcer:3.6.1:enforce (display-info) @ http_request ---
[INFO] Rule 0: io.jenkins.tools.incrementals.enforcer.RequireExtensionVersion passed
[INFO] Rule 1: org.apache.maven.enforcer.rules.version.RequireMavenVersion passed
[INFO] Rule 2: org.apache.maven.enforcer.rules.version.RequireJavaVersion passed
[INFO] Rule 3: org.codehaus.mojo.extraenforcer.dependencies.EnforceBytecodeVersion passed
[INFO] Rule 4: org.apache.maven.enforcer.rules.dependency.BannedDependencies passed
[INFO] Rule 5: org.apache.maven.enforcer.rules.dependency.BannedDependencies passed
[INFO] Ignoring requireUpperBoundDeps in org.ow2.asm:asm
[INFO] Rule 6: org.apache.maven.enforcer.rules.dependency.RequireUpperBoundDeps passed
[INFO] 
[INFO] --- enforcer:3.6.1:enforce (no-snapshots-in-release) @ http_request ---
[INFO] Rule 0: org.apache.maven.enforcer.rules.dependency.RequireReleaseDeps passed
[INFO] 
[INFO] --- localizer:1.31:generate (default) @ http_request ---
[INFO] 
[INFO] --- enforcer:3.6.1:enforce (check-junit-imports) @ http_request ---
[INFO] Rule 0: org.apache.maven.plugins.enforcer.RestrictImports passed
[INFO] 
[INFO] --- resources:3.3.1:resources (default-resources) @ http_request ---
[INFO] Copying 27 resources from src/main/resources to target/classes
[INFO] 
[INFO] --- flatten:1.7.2:flatten (flatten) @ http_request ---
[INFO] Generating flattened POM of project org.jenkins-ci.plugins:http_request:hpi:1.21-SNAPSHOT...
[INFO] 
[INFO] --- compiler:3.14.0:compile (default-compile) @ http_request ---
[INFO] Recompiling the module because of changed source code.
[INFO] Compiling 20 source files with javac [debug parameters release 17] to target/classes
[INFO] jenkins.plugins.http_request.HttpRequest.DescriptorImpl indexed under hudson.Extension
[INFO] jenkins.plugins.http_request.HttpRequestGlobalConfig indexed under hudson.Extension
[INFO] jenkins.plugins.http_request.HttpRequestStep.DescriptorImpl indexed under hudson.Extension
[INFO] jenkins.plugins.http_request.auth.BasicDigestAuthentication.BasicDigestAuthenticationDescriptor indexed under hudson.Extension
[INFO] jenkins.plugins.http_request.auth.FormAuthentication.FormAuthenticationDescriptor indexed under hudson.Extension
[INFO] jenkins.plugins.http_request.util.HttpRequestFormDataPart.FormDataDescriptor indexed under hudson.Extension
[INFO] jenkins.plugins.http_request.util.HttpRequestNameValuePair.NameValueParamDescriptor indexed under hudson.Extension
[INFO] jenkins.plugins.http_request.util.RequestAction.ActionFormAuthenticationDescriptor indexed under hudson.Extension
[INFO] /tmp/plugin-builds/http_request/src/main/java/jenkins/plugins/http_request/HttpRequest.java:[80,12] Generating jenkins/plugins/http_request/HttpRequest.stapler
[INFO] /tmp/plugin-builds/http_request/src/main/java/jenkins/plugins/http_request/HttpRequestStep.java:[68,12] Generating jenkins/plugins/http_request/HttpRequestStep.stapler
[INFO] /tmp/plugin-builds/http_request/src/main/java/jenkins/plugins/http_request/auth/BasicDigestAuthentication.java:[38,12] Generating jenkins/plugins/http_request/auth/BasicDigestAuthentication.stapler
[INFO] /tmp/plugin-builds/http_request/src/main/java/jenkins/plugins/http_request/auth/FormAuthentication.java:[40,12] Generating jenkins/plugins/http_request/auth/FormAuthentication.stapler
[INFO] /tmp/plugin-builds/http_request/src/main/java/jenkins/plugins/http_request/util/HttpRequestFormDataPart.java:[29,12] Generating jenkins/plugins/http_request/util/HttpRequestFormDataPart.stapler
[INFO] /tmp/plugin-builds/http_request/src/main/java/jenkins/plugins/http_request/util/HttpRequestNameValuePair.java:[29,12] Generating jenkins/plugins/http_request/util/HttpRequestNameValuePair.stapler
[INFO] /tmp/plugin-builds/http_request/src/main/java/jenkins/plugins/http_request/util/RequestAction.java:[36,12] Generating jenkins/plugins/http_request/util/RequestAction.stapler
[INFO] /tmp/plugin-builds/http_request/src/main/java/jenkins/plugins/http_request/auth/FormAuthentication.java:[73,31] Generating jenkins/plugins/http_request/auth/FormAuthentication/FormAuthenticationDescriptor/doCheckKeyName.stapler
[INFO] /tmp/plugin-builds/http_request/src/main/java/jenkins/plugins/http_request/auth/BasicDigestAuthentication.java:[75,31] Generating jenkins/plugins/http_request/auth/BasicDigestAuthentication/BasicDigestAuthenticationDescriptor/doCheckUserName.stapler
[INFO] /tmp/plugin-builds/http_request/src/main/java/jenkins/plugins/http_request/util/RequestAction.java:[81,31] Generating jenkins/plugins/http_request/util/RequestAction/ActionFormAuthenticationDescriptor/doCheckTimeout.stapler
[INFO] /tmp/plugin-builds/http_request/src/main/java/jenkins/plugins/http_request/util/HttpRequestFormDataPart.java:[78,31] Generating jenkins/plugins/http_request/util/HttpRequestFormDataPart/FormDataDescriptor/doCheckName.stapler
[INFO] /tmp/plugin-builds/http_request/src/main/java/jenkins/plugins/http_request/HttpRequest.java:[519,29] Generating jenkins/plugins/http_request/HttpRequest/DescriptorImpl/doFillProxyAuthenticationItems.stapler
[INFO] /tmp/plugin-builds/http_request/src/main/java/jenkins/plugins/http_request/util/RequestAction.java:[77,31] Generating jenkins/plugins/http_request/util/RequestAction/ActionFormAuthenticationDescriptor/doCheckUrl.stapler
[INFO] /tmp/plugin-builds/http_request/src/main/java/jenkins/plugins/http_request/HttpRequest.java:[514,29] Generating jenkins/plugins/http_request/HttpRequest/DescriptorImpl/doFillAuthenticationItems.stapler
[INFO] /tmp/plugin-builds/http_request/src/main/java/jenkins/plugins/http_request/HttpRequest.java:[591,31] Generating jenkins/plugins/http_request/HttpRequest/DescriptorImpl/doCheckValidResponseCodes.stapler
[INFO] /tmp/plugin-builds/http_request/src/main/java/jenkins/plugins/http_request/util/HttpRequestNameValuePair.java:[64,31] Generating jenkins/plugins/http_request/util/HttpRequestNameValuePair/NameValueParamDescriptor/doCheckValue.stapler
[INFO] /tmp/plugin-builds/http_request/src/main/java/jenkins/plugins/http_request/auth/BasicDigestAuthentication.java:[79,31] Generating jenkins/plugins/http_request/auth/BasicDigestAuthentication/BasicDigestAuthenticationDescriptor/doCheckPassword.stapler
[INFO] /tmp/plugin-builds/http_request/src/main/java/jenkins/plugins/http_request/HttpRequestExecution.java: Some input files use or override a deprecated API.
[INFO] /tmp/plugin-builds/http_request/src/main/java/jenkins/plugins/http_request/HttpRequestExecution.java: Recompile with -Xlint:deprecation for details.
[INFO] 
[INFO] --- access-modifier-checker:1.35:enforce (default-enforce) @ http_request ---
[INFO] 
[INFO] --- bridge-method-injector:1.32:process (default) @ http_request ---
[INFO] 
[INFO] --- hpi:3.1746.v2e9fe7dc4d95:insert-test (default-insert-test) @ http_request ---
[INFO] 
[INFO] --- antrun:3.1.0:run (createTempDir) @ http_request ---
[INFO] Executing tasks
[INFO]     [mkdir] Created dir: /tmp/plugin-builds/http_request/target/tmp
[INFO] Executed tasks
[INFO] 
[INFO] --- resources:3.3.1:testResources (default-testResources) @ http_request ---
[INFO] Not copying test resources
[INFO] 
[INFO] --- compiler:3.14.0:testCompile (default-testCompile) @ http_request ---
[INFO] Not compiling test sources
[INFO] 
[INFO] --- hpi:3.1746.v2e9fe7dc4d95:test-hpl (default-test-hpl) @ http_request ---
[INFO] Generating /tmp/plugin-builds/http_request/target/test-classes/the.hpl
[INFO] 
[INFO] --- hpi:3.1746.v2e9fe7dc4d95:resolve-test-dependencies (default-resolve-test-dependencies) @ http_request ---
[INFO] 
[INFO] --- hpi:3.1746.v2e9fe7dc4d95:test-runtime (default-test-runtime) @ http_request ---
[INFO] Tests are skipped.
[INFO] 
[INFO] --- surefire:3.5.2:test (default-test) @ http_request ---
[INFO] Tests are skipped.
[INFO] 
[INFO] --- license:184.v19c87b_6b_a_9a_c:process (default) @ http_request ---
[INFO] Generated /tmp/plugin-builds/http_request/target/http_request/WEB-INF/licenses.xml
[INFO] 
[INFO] --- hpi:3.1746.v2e9fe7dc4d95:hpi (default-hpi) @ http_request ---
[INFO] Generating /tmp/plugin-builds/http_request/target/http_request/META-INF/MANIFEST.MF
[INFO] Checking for attached .jar artifact ...
[INFO] Generating jar /tmp/plugin-builds/http_request/target/http_request.jar
[INFO] Building jar: /tmp/plugin-builds/http_request/target/http_request.jar
[INFO] Exploding webapp...
[INFO] Copy webapp webResources to /tmp/plugin-builds/http_request/target/http_request
[INFO] Assembling webapp http_request in /tmp/plugin-builds/http_request/target/http_request
[INFO] Generating hpi /tmp/plugin-builds/http_request/target/http_request.hpi
[INFO] Building jar: /tmp/plugin-builds/http_request/target/http_request.hpi
[INFO] 
[INFO] --- jar:3.4.2:test-jar (maybe-test-jar) @ http_request ---
[INFO] Skipping packaging of the test-jar
[INFO] 
[INFO] >>> spotbugs:4.9.4.0:check (spotbugs) > :spotbugs @ http_request >>>
[INFO] 
[INFO] --- spotbugs:4.9.4.0:spotbugs (spotbugs) @ http_request ---
[INFO] Fork Value is true
[INFO] Done SpotBugs Analysis....
[INFO] Rendering content with org.apache.maven.skins:maven-fluido-skin:jar:2.0.0-M9 skin
[INFO] 
[INFO] <<< spotbugs:4.9.4.0:check (spotbugs) < :spotbugs @ http_request <<<
[INFO] 
[INFO] 
[INFO] --- spotbugs:4.9.4.0:check (spotbugs) @ http_request ---
[INFO] BugInstance size is 0
[INFO] Error size is 0
[INFO] No errors/warnings found
[INFO] 
[INFO] --- spotless:2.46.1:check (default) @ http_request ---
[INFO] Spotless check skipped
[INFO] 
[INFO] --- install:3.1.4:install (default-install) @ http_request ---
[INFO] Installing /tmp/plugin-builds/http_request/target/http_request-1.21-SNAPSHOT.pom to /home/runner/.m2/repository/org/jenkins-ci/plugins/http_request/1.21-SNAPSHOT/http_request-1.21-SNAPSHOT.pom
[INFO] Installing /tmp/plugin-builds/http_request/target/http_request.hpi to /home/runner/.m2/repository/org/jenkins-ci/plugins/http_request/1.21-SNAPSHOT/http_request-1.21-SNAPSHOT.hpi
[INFO] Installing /tmp/plugin-builds/http_request/target/http_request.jar to /home/runner/.m2/repository/org/jenkins-ci/plugins/http_request/1.21-SNAPSHOT/http_request-1.21-SNAPSHOT.jar
[INFO] ------------------------------------------------------------------------
[INFO] BUILD SUCCESS
[INFO] ------------------------------------------------------------------------
[INFO] Total time:  01:02 min
[INFO] Finished at: 2025-09-16T02:25:35Z
[INFO] ------------------------------------------------------------------------
