WARNING: A restricted method in java.lang.System has been called
WARNING: java.lang.System::load has been called by org.fusesource.jansi.internal.JansiLoader in an unnamed module (file:/home/poddingue/.sdkman/candidates/maven/current/lib/jansi-2.4.1.jar)
WARNING: Use --enable-native-access=ALL-UNNAMED to avoid a warning for callers in this module
WARNING: Restricted methods will be blocked in a future release unless native access is enabled

WARNING: A terminally deprecated method in sun.misc.Unsafe has been called
WARNING: sun.misc.Unsafe::objectFieldOffset has been called by com.google.common.util.concurrent.AbstractFuture$UnsafeAtomicHelper (file:/home/poddingue/.sdkman/candidates/maven/current/lib/guava-33.2.1-jre.jar)
WARNING: Please consider reporting this to the maintainers of class com.google.common.util.concurrent.AbstractFuture$UnsafeAtomicHelper
WARNING: sun.misc.Unsafe::objectFieldOffset will be removed in a future release
[INFO] Scanning for projects...
[INFO] 
[INFO] -------------< org.jenkins-ci.plugins.icon-shim:icon-shim >-------------
[INFO] Building Icon Shim 3.0.1-SNAPSHOT
[INFO]   from pom.xml
[INFO] --------------------------------[ hpi ]---------------------------------
[WARNING] Parameter 'showDeprecation' is unknown for plugin 'maven-hpi-plugin:3.17:validate (default-validate)'
[WARNING] Parameter 'showDeprecation' is unknown for plugin 'maven-hpi-plugin:3.17:validate-hpi (default-validate-hpi)'
[WARNING] Parameter 'showDeprecation' is unknown for plugin 'maven-hpi-plugin:3.17:insert-test (default-insert-test)'
[WARNING] Parameter 'showDeprecation' is unknown for plugin 'maven-hpi-plugin:3.17:test-hpl (default-test-hpl)'
[WARNING] Parameter 'showDeprecation' is unknown for plugin 'maven-hpi-plugin:3.17:resolve-test-dependencies (default-resolve-test-dependencies)'
[WARNING] Parameter 'showDeprecation' is unknown for plugin 'maven-hpi-plugin:3.17:hpi (default-hpi)'
[INFO] 
[INFO] --- clean:3.1.0:clean (default-clean) @ icon-shim ---
[INFO] 
[INFO] --- hpi:3.17:validate (default-validate) @ icon-shim ---
[INFO] 
[INFO] --- hpi:3.17:validate-hpi (default-validate-hpi) @ icon-shim ---
[INFO] 
[INFO] --- enforcer:3.0.0-M3:display-info (display-info) @ icon-shim ---
[INFO] Maven Version: 3.9.9
[INFO] JDK Version: 25-beta normalized as: 25
[INFO] OS Info: Arch: amd64 Family: unix Name: linux Version: 5.15.153.1-microsoft-standard-wsl2
[INFO] 
[INFO] --- enforcer:3.0.0-M3:enforce (display-info) @ icon-shim ---
[INFO] Adding ignore: module-info
[INFO] 
[INFO] --- enforcer:3.0.0-M3:enforce (no-snapshots-in-release) @ icon-shim ---
[INFO] 
[INFO] --- gplus:1.12.0:addTestSources (test-in-groovy) @ icon-shim ---
[INFO] 
[INFO] --- localizer:1.31:generate (default) @ icon-shim ---
[INFO] 
[INFO] --- resources:3.2.0:resources (default-resources) @ icon-shim ---
[INFO] Using 'UTF-8' encoding to copy filtered resources.
[INFO] Using 'UTF-8' encoding to copy filtered properties files.
[INFO] Copying 3 resources
[INFO] 
[INFO] --- compiler:3.8.1:compile (default-compile) @ icon-shim ---
[INFO] Nothing to compile - all classes are up to date
[INFO] 
[INFO] --- access-modifier-checker:1.21:enforce (default-enforce) @ icon-shim ---
[INFO] 
[INFO] --- hpi:3.17:insert-test (default-insert-test) @ icon-shim ---
[INFO] 
[INFO] --- gplus:1.12.0:generateTestStubs (test-in-groovy) @ icon-shim ---
[INFO] No sources specified for stub generation. Skipping.
[INFO] Generated 0 stubs.
[INFO] 
[INFO] --- antrun:3.0.0:run (createTempDir) @ icon-shim ---
[INFO] Executing tasks
[INFO]     [mkdir] Created dir: /tmp/plugin-builds/icon-shim/target/tmp
[INFO] Executed tasks
[INFO] 
[INFO] --- resources:3.2.0:testResources (default-testResources) @ icon-shim ---
[INFO] Using 'UTF-8' encoding to copy filtered resources.
[INFO] Using 'UTF-8' encoding to copy filtered properties files.
[INFO] skip non existing resourceDirectory /tmp/plugin-builds/icon-shim/src/test/resources
[INFO] 
[INFO] --- compiler:3.8.1:testCompile (default-testCompile) @ icon-shim ---
[INFO] Changes detected - recompiling the module!
[INFO] Compiling 1 source file to /tmp/plugin-builds/icon-shim/target/test-classes
[INFO] 
[INFO] --- hpi:3.17:test-hpl (default-test-hpl) @ icon-shim ---
[INFO] Generating /tmp/plugin-builds/icon-shim/target/test-classes/the.hpl
[INFO] 
[INFO] --- hpi:3.17:resolve-test-dependencies (default-resolve-test-dependencies) @ icon-shim ---
[INFO] 
[INFO] --- gplus:1.12.0:compileTests (test-in-groovy) @ icon-shim ---
[INFO] No sources specified for compilation. Skipping.
[INFO] 
[INFO] --- surefire:3.0.0-M4:test (default-test) @ icon-shim ---
[WARNING]  Parameter 'systemProperties' is deprecated: Use systemPropertyVariables instead.
[INFO] Tests are skipped.
[INFO] 
[INFO] --- animal-sniffer:1.19:check (check) @ icon-shim ---
[INFO] Resolved signature org.codehaus.mojo.signature:java18 version as 1.0 from dependencyManagement
[INFO] Checking unresolved references to org.codehaus.mojo.signature:java18:1.0
[INFO] 
[INFO] --- maven-license-plugin:1.8:process (default) @ icon-shim ---
[INFO] ------------------------------------------------------------------------
[INFO] BUILD FAILURE
[INFO] ------------------------------------------------------------------------
[INFO] Total time:  9.311 s
[INFO] Finished at: 2025-05-21T10:53:01+02:00
[INFO] ------------------------------------------------------------------------
[ERROR] Failed to execute goal com.cloudbees:maven-license-plugin:1.8:process (default) on project icon-shim: Execution default of goal com.cloudbees:maven-license-plugin:1.8:process failed: An API incompatibility was encountered while executing com.cloudbees:maven-license-plugin:1.8:process: java.lang.ExceptionInInitializerError: null
[ERROR] -----------------------------------------------------
[ERROR] realm =    plugin>com.cloudbees:maven-license-plugin:1.8
[ERROR] strategy = org.codehaus.plexus.classworlds.strategy.SelfFirstStrategy
[ERROR] urls[0] = file:/home/poddingue/.m2/repository/com/cloudbees/maven-license-plugin/1.8/maven-license-plugin-1.8.jar
[ERROR] urls[1] = file:/home/poddingue/.m2/repository/org/apache/maven/reporting/maven-reporting-api/2.0/maven-reporting-api-2.0.jar
[ERROR] urls[2] = file:/home/poddingue/.m2/repository/doxia/doxia-sink-api/1.0-alpha-4/doxia-sink-api-1.0-alpha-4.jar
[ERROR] urls[3] = file:/home/poddingue/.m2/repository/commons-cli/commons-cli/1.0/commons-cli-1.0.jar
[ERROR] urls[4] = file:/home/poddingue/.m2/repository/org/codehaus/plexus/plexus-interactivity-api/1.0-alpha-4/plexus-interactivity-api-1.0-alpha-4.jar
[ERROR] urls[5] = file:/home/poddingue/.m2/repository/org/codehaus/plexus/plexus-utils/1.0.4/plexus-utils-1.0.4.jar
[ERROR] urls[6] = file:/home/poddingue/.m2/repository/org/codehaus/groovy/groovy/1.6.5/groovy-1.6.5.jar
[ERROR] urls[7] = file:/home/poddingue/.m2/repository/antlr/antlr/2.7.7/antlr-2.7.7.jar
[ERROR] urls[8] = file:/home/poddingue/.m2/repository/asm/asm/2.2.3/asm-2.2.3.jar
[ERROR] urls[9] = file:/home/poddingue/.m2/repository/junit/junit/3.8.2/junit-3.8.2.jar
[ERROR] urls[10] = file:/home/poddingue/.m2/repository/org/apache/ant/ant/1.7.1/ant-1.7.1.jar
[ERROR] urls[11] = file:/home/poddingue/.m2/repository/org/apache/ant/ant-launcher/1.7.1/ant-launcher-1.7.1.jar
[ERROR] urls[12] = file:/home/poddingue/.m2/repository/asm/asm-util/2.2.3/asm-util-2.2.3.jar
[ERROR] urls[13] = file:/home/poddingue/.m2/repository/asm/asm-analysis/2.2.3/asm-analysis-2.2.3.jar
[ERROR] urls[14] = file:/home/poddingue/.m2/repository/asm/asm-tree/2.2.3/asm-tree-2.2.3.jar
[ERROR] urls[15] = file:/home/poddingue/.m2/repository/jline/jline/0.9.94/jline-0.9.94.jar
[ERROR] Number of foreign imports: 1
[ERROR] import: Entry[import  from realm ClassRealm[project>org.jenkins-ci.plugins.icon-shim:icon-shim:3.0.1-SNAPSHOT, parent: ClassRealm[maven.api, parent: null]]]
[ERROR] 
[ERROR] -----------------------------------------------------
[ERROR] : Unable to make protected void java.lang.Object.finalize() throws java.lang.Throwable accessible: module java.base does not "opens java.lang" to unnamed module @28add270
[ERROR] -> [Help 1]
[ERROR] 
[ERROR] To see the full stack trace of the errors, re-run Maven with the -e switch.
[ERROR] Re-run Maven using the -X switch to enable full debug logging.
[ERROR] 
[ERROR] For more information about the errors and possible solutions, please read the following articles:
[ERROR] [Help 1] http://cwiki.apache.org/confluence/display/MAVEN/PluginContainerException
