WARNING: A restricted method in java.lang.System has been called
WARNING: java.lang.System::load has been called by org.fusesource.jansi.internal.JansiLoader in an unnamed module (file:/home/poddingue/.sdkman/candidates/maven/current/lib/jansi-2.4.1.jar)
WARNING: Use --enable-native-access=ALL-UNNAMED to avoid a warning for callers in this module
WARNING: Restricted methods will be blocked in a future release unless native access is enabled

WARNING: A terminally deprecated method in sun.misc.Unsafe has been called
WARNING: sun.misc.Unsafe::objectFieldOffset has been called by com.google.common.util.concurrent.AbstractFuture$UnsafeAtomicHelper (file:/home/poddingue/.sdkman/candidates/maven/current/lib/guava-33.2.1-jre.jar)
WARNING: Please consider reporting this to the maintainers of class com.google.common.util.concurrent.AbstractFuture$UnsafeAtomicHelper
WARNING: sun.misc.Unsafe::objectFieldOffset will be removed in a future release
[INFO] Scanning for projects...
[INFO] 
[INFO] --------------< org.jenkins-ci.modules:instance-identity >--------------
[INFO] Building Instance Identity 999999-SNAPSHOT
[INFO]   from pom.xml
[INFO] --------------------------------[ hpi ]---------------------------------
[INFO] 
[INFO] --- clean:3.4.1:clean (default-clean) @ instance-identity ---
[INFO] 
[INFO] --- hpi:3.65:validate (default-validate) @ instance-identity ---
[INFO] Created marker file /tmp/plugin-builds/instance-identity/target/java-level/17
[INFO] 
[INFO] --- hpi:3.65:validate-hpi (default-validate-hpi) @ instance-identity ---
[INFO] 
[INFO] --- enforcer:3.5.0:enforce (display-info) @ instance-identity ---
[INFO] Rule 0: io.jenkins.tools.incrementals.enforcer.RequireExtensionVersion passed
[INFO] Rule 1: org.apache.maven.enforcer.rules.version.RequireMavenVersion passed
[INFO] Rule 2: org.apache.maven.enforcer.rules.version.RequireJavaVersion passed
[INFO] Rule 3: org.codehaus.mojo.extraenforcer.dependencies.EnforceBytecodeVersion passed
[INFO] Rule 4: org.apache.maven.enforcer.rules.dependency.BannedDependencies passed
[INFO] Rule 5: org.apache.maven.enforcer.rules.dependency.BannedDependencies passed
[INFO] Rule 6: org.apache.maven.enforcer.rules.dependency.RequireUpperBoundDeps passed
[INFO] 
[INFO] --- enforcer:3.5.0:enforce (no-snapshots-in-release) @ instance-identity ---
[INFO] Rule 0: org.apache.maven.enforcer.rules.dependency.RequireReleaseDeps passed
[INFO] 
[INFO] --- localizer:1.31:generate (default) @ instance-identity ---
[INFO] 
[INFO] --- resources:3.3.1:resources (default-resources) @ instance-identity ---
[INFO] Copying 2 resources from src/main/resources to target/classes
[INFO] 
[INFO] --- flatten:1.7.0:flatten (flatten) @ instance-identity ---
[INFO] Generating flattened POM of project org.jenkins-ci.modules:instance-identity:hpi:999999-SNAPSHOT...
[INFO] 
[INFO] --- compiler:3.14.0:compile (default-compile) @ instance-identity ---
[INFO] Recompiling the module because of changed source code.
[INFO] Compiling 7 source files with javac [debug parameters release 17] to target/classes
[INFO] org.jenkinsci.main.modules.instance_identity.InstanceIdentityRSAProvider indexed under hudson.Extension
[INFO] org.jenkinsci.main.modules.instance_identity.PageDecoratorImpl indexed under hudson.Extension
[INFO] /tmp/plugin-builds/instance-identity/src/main/java/org/jenkinsci/main/modules/instance_identity/InstanceIdentity.java: /tmp/plugin-builds/instance-identity/src/main/java/org/jenkinsci/main/modules/instance_identity/InstanceIdentity.java uses or overrides a deprecated API.
[INFO] /tmp/plugin-builds/instance-identity/src/main/java/org/jenkinsci/main/modules/instance_identity/InstanceIdentity.java: Recompile with -Xlint:deprecation for details.
[INFO] 
[INFO] --- access-modifier-checker:1.35:enforce (default-enforce) @ instance-identity ---
[INFO] Skipping access modifier checks
[INFO] 
[INFO] --- bridge-method-injector:1.31:process (default) @ instance-identity ---
[INFO] 
[INFO] --- hpi:3.65:insert-test (default-insert-test) @ instance-identity ---
[INFO] 
[INFO] --- antrun:3.1.0:run (createTempDir) @ instance-identity ---
[INFO] Executing tasks
[INFO]     [mkdir] Created dir: /tmp/plugin-builds/instance-identity/target/tmp
[INFO] Executed tasks
[INFO] 
[INFO] --- resources:3.3.1:testResources (default-testResources) @ instance-identity ---
[INFO] Not copying test resources
[INFO] 
[INFO] --- compiler:3.14.0:testCompile (default-testCompile) @ instance-identity ---
[INFO] Not compiling test sources
[INFO] 
[INFO] --- hpi:3.65:test-hpl (default-test-hpl) @ instance-identity ---
[INFO] Generating /tmp/plugin-builds/instance-identity/target/test-classes/the.hpl
[INFO] 
[INFO] --- hpi:3.65:resolve-test-dependencies (default-resolve-test-dependencies) @ instance-identity ---
[INFO] 
[INFO] --- hpi:3.65:test-runtime (default-test-runtime) @ instance-identity ---
[INFO] Tests are skipped.
[INFO] 
[INFO] --- surefire:3.5.3:test (default-test) @ instance-identity ---
[INFO] Tests are skipped.
[INFO] 
[INFO] --- license:165.v7e11f4e4a_325:process (default) @ instance-identity ---
[INFO] 
[INFO] --- hpi:3.65:hpi (default-hpi) @ instance-identity ---
[INFO] Generating /tmp/plugin-builds/instance-identity/target/instance-identity/META-INF/MANIFEST.MF
[INFO] Checking for attached .jar artifact ...
[INFO] Generating jar /tmp/plugin-builds/instance-identity/target/instance-identity.jar
[INFO] Building jar: /tmp/plugin-builds/instance-identity/target/instance-identity.jar
[INFO] Exploding webapp...
[INFO] Copy webapp webResources to /tmp/plugin-builds/instance-identity/target/instance-identity
[INFO] Assembling webapp instance-identity in /tmp/plugin-builds/instance-identity/target/instance-identity
[INFO] Generating hpi /tmp/plugin-builds/instance-identity/target/instance-identity.hpi
[INFO] Building jar: /tmp/plugin-builds/instance-identity/target/instance-identity.hpi
[INFO] 
[INFO] --- jar:3.4.2:test-jar (maybe-test-jar) @ instance-identity ---
[INFO] Skipping packaging of the test-jar
[INFO] 
[INFO] >>> spotbugs:4.9.3.0:check (spotbugs) > :spotbugs @ instance-identity >>>
[INFO] 
[INFO] --- spotbugs:4.9.3.0:spotbugs (spotbugs) @ instance-identity ---
[INFO] Skipping com.github.spotbugs:spotbugs-maven-plugin:4.9.3.0:spotbugs report goal
[INFO] 
[INFO] <<< spotbugs:4.9.3.0:check (spotbugs) < :spotbugs @ instance-identity <<<
[INFO] 
[INFO] 
[INFO] --- spotbugs:4.9.3.0:check (spotbugs) @ instance-identity ---
[INFO] Spotbugs plugin skipped
[INFO] 
[INFO] --- spotless:2.44.4:check (default) @ instance-identity ---
[INFO] Spotless check skipped
[INFO] 
[INFO] --- install:3.1.4:install (default-install) @ instance-identity ---
[INFO] Installing /tmp/plugin-builds/instance-identity/target/instance-identity-999999-SNAPSHOT.pom to /home/poddingue/.m2/repository/org/jenkins-ci/modules/instance-identity/999999-SNAPSHOT/instance-identity-999999-SNAPSHOT.pom
[INFO] Installing /tmp/plugin-builds/instance-identity/target/instance-identity.hpi to /home/poddingue/.m2/repository/org/jenkins-ci/modules/instance-identity/999999-SNAPSHOT/instance-identity-999999-SNAPSHOT.hpi
[INFO] Installing /tmp/plugin-builds/instance-identity/target/instance-identity.jar to /home/poddingue/.m2/repository/org/jenkins-ci/modules/instance-identity/999999-SNAPSHOT/instance-identity-999999-SNAPSHOT.jar
[INFO] ------------------------------------------------------------------------
[INFO] BUILD SUCCESS
[INFO] ------------------------------------------------------------------------
[INFO] Total time:  6.469 s
[INFO] Finished at: 2025-06-22T20:46:35+02:00
[INFO] ------------------------------------------------------------------------
