WARNING: A restricted method in java.lang.System has been called
WARNING: java.lang.System::load has been called by org.fusesource.jansi.internal.JansiLoader in an unnamed module (file:/home/poddingue/.sdkman/candidates/maven/current/lib/jansi-2.4.1.jar)
WARNING: Use --enable-native-access=ALL-UNNAMED to avoid a warning for callers in this module
WARNING: Restricted methods will be blocked in a future release unless native access is enabled

WARNING: A terminally deprecated method in sun.misc.Unsafe has been called
WARNING: sun.misc.Unsafe::objectFieldOffset has been called by com.google.common.util.concurrent.AbstractFuture$UnsafeAtomicHelper (file:/home/poddingue/.sdkman/candidates/maven/current/lib/guava-33.2.1-jre.jar)
WARNING: Please consider reporting this to the maintainers of class com.google.common.util.concurrent.AbstractFuture$UnsafeAtomicHelper
WARNING: sun.misc.Unsafe::objectFieldOffset will be removed in a future release
[INFO] Scanning for projects...
[INFO] 
[INFO] ---------------------< org.jenkins-ci.plugins:ivy >---------------------
[INFO] Building Ivy Plugin 999999-SNAPSHOT
[INFO]   from pom.xml
[INFO] --------------------------------[ hpi ]---------------------------------
[INFO] 
[INFO] --- clean:3.4.1:clean (default-clean) @ ivy ---
[INFO] 
[INFO] --- hpi:3.65:validate (default-validate) @ ivy ---
[INFO] Created marker file /tmp/plugin-builds/ivy/target/java-level/17
[INFO] 
[INFO] --- hpi:3.65:validate-hpi (default-validate-hpi) @ ivy ---
[INFO] 
[INFO] --- enforcer:3.5.0:enforce (display-info) @ ivy ---
[INFO] Rule 0: io.jenkins.tools.incrementals.enforcer.RequireExtensionVersion passed
[INFO] Rule 1: org.apache.maven.enforcer.rules.version.RequireMavenVersion passed
[INFO] Rule 2: org.apache.maven.enforcer.rules.version.RequireJavaVersion passed
[INFO] Rule 3: org.codehaus.mojo.extraenforcer.dependencies.EnforceBytecodeVersion passed
[INFO] Rule 4: org.apache.maven.enforcer.rules.dependency.BannedDependencies passed
[INFO] Rule 5: org.apache.maven.enforcer.rules.dependency.BannedDependencies passed
[INFO] Ignoring requireUpperBoundDeps in com.google.code.findbugs:jsr305
[INFO] Ignoring requireUpperBoundDeps in org.ow2.asm:asm
[INFO] Rule 6: org.apache.maven.enforcer.rules.dependency.RequireUpperBoundDeps passed
[INFO] 
[INFO] --- enforcer:3.5.0:enforce (no-snapshots-in-release) @ ivy ---
[INFO] Rule 0: org.apache.maven.enforcer.rules.dependency.RequireReleaseDeps passed
[INFO] 
[INFO] --- localizer:1.31:generate (default) @ ivy ---
[INFO] 
[INFO] --- resources:3.3.1:resources (default-resources) @ ivy ---
[INFO] Copying 49 resources from src/main/resources to target/classes
[INFO] 
[INFO] --- flatten:1.7.0:flatten (flatten) @ ivy ---
[INFO] Generating flattened POM of project org.jenkins-ci.plugins:ivy:hpi:999999-SNAPSHOT...
[INFO] 
[INFO] --- compiler:3.14.0:compile (default-compile) @ ivy ---
[INFO] Recompiling the module because of changed source code.
[INFO] Compiling 31 source files with javac [debug parameters release 17] to target/classes
[INFO] hudson.ivy.IvyBuildTrigger.IvyConfiguration.DescriptorImpl indexed under hudson.Extension
[INFO] hudson.ivy.IvyBuildTrigger.DESCRIPTOR indexed under hudson.Extension
[INFO] hudson.ivy.IvyConfig.provider indexed under hudson.Extension
[INFO] hudson.ivy.IvyModuleSet.DESCRIPTOR indexed under hudson.Extension
[INFO] hudson.ivy.builder.AntIvyBuilderType.DescriptorImpl indexed under hudson.Extension
[INFO] hudson.ivy.builder.NAntIvyBuilderType.DescriptorImpl indexed under hudson.Extension
[INFO] /tmp/plugin-builds/ivy/src/main/java/hudson/ivy/IvyBuildTrigger.java:[645,16] Generating hudson/ivy/IvyBuildTrigger/IvyConfiguration.stapler
[INFO] /tmp/plugin-builds/ivy/src/main/java/hudson/ivy/IvyBuildTrigger.java:[156,12] Generating hudson/ivy/IvyBuildTrigger.stapler
[INFO] /tmp/plugin-builds/ivy/src/main/java/hudson/ivy/IvyConfig.java:[18,12] Generating hudson/ivy/IvyConfig.stapler
[INFO] /tmp/plugin-builds/ivy/src/main/java/hudson/ivy/builder/AntIvyBuilderType.java:[61,12] Generating hudson/ivy/builder/AntIvyBuilderType.stapler
[INFO] /tmp/plugin-builds/ivy/src/main/java/hudson/ivy/builder/NAntIvyBuilderType.java:[60,12] Generating hudson/ivy/builder/NAntIvyBuilderType.stapler
[INFO] /tmp/plugin-builds/ivy/src/main/java/hudson/ivy/IvyModule.java:[72,14] Generating hudson/ivy/IvyModule.javadoc
[INFO] /tmp/plugin-builds/ivy/src/main/java/hudson/ivy/IvyModuleSet.java:[97,14] Generating hudson/ivy/IvyModuleSet.javadoc
[INFO] /tmp/plugin-builds/ivy/src/main/java/hudson/ivy/IvyModuleSet.java:[775,27] Generating hudson/ivy/IvyModuleSet/doCheckIvySettingsFile.stapler
[INFO] /tmp/plugin-builds/ivy/src/main/java/hudson/ivy/IvyBuildTrigger.java:[954,31] Generating hudson/ivy/IvyBuildTrigger/DescriptorImpl/doCheckIvyFile.stapler
[INFO] /tmp/plugin-builds/ivy/src/main/java/hudson/ivy/IvyModuleSet.java:[761,27] Generating hudson/ivy/IvyModuleSet/doCheckFileInWorkspace.stapler
[INFO] /tmp/plugin-builds/ivy/src/main/java/hudson/ivy/IvyBuildTrigger.java:[929,31] Generating hudson/ivy/IvyBuildTrigger/DescriptorImpl/doCheckIvyConf.stapler
[INFO] /tmp/plugin-builds/ivy/src/main/java/hudson/ivy/IvyBuild.java: Some input files use or override a deprecated API.
[INFO] /tmp/plugin-builds/ivy/src/main/java/hudson/ivy/IvyBuild.java: Recompile with -Xlint:deprecation for details.
[INFO] /tmp/plugin-builds/ivy/src/main/java/hudson/ivy/AbstractIvyProject.java: Some input files use unchecked or unsafe operations.
[INFO] /tmp/plugin-builds/ivy/src/main/java/hudson/ivy/AbstractIvyProject.java: Recompile with -Xlint:unchecked for details.
[INFO] 
[INFO] --- access-modifier-checker:1.35:enforce (default-enforce) @ ivy ---
[INFO] Skipping access modifier checks
[INFO] 
[INFO] --- bridge-method-injector:1.31:process (default) @ ivy ---
[INFO] 
[INFO] --- hpi:3.65:insert-test (default-insert-test) @ ivy ---
[INFO] 
[INFO] --- antrun:3.1.0:run (createTempDir) @ ivy ---
[INFO] Executing tasks
[INFO]     [mkdir] Created dir: /tmp/plugin-builds/ivy/target/tmp
[INFO] Executed tasks
[INFO] 
[INFO] --- resources:3.3.1:testResources (default-testResources) @ ivy ---
[INFO] Not copying test resources
[INFO] 
[INFO] --- compiler:3.14.0:testCompile (default-testCompile) @ ivy ---
[INFO] Not compiling test sources
[INFO] 
[INFO] --- hpi:3.65:test-hpl (default-test-hpl) @ ivy ---
[INFO] Generating /tmp/plugin-builds/ivy/target/test-classes/the.hpl
[INFO] 
[INFO] --- hpi:3.65:resolve-test-dependencies (default-resolve-test-dependencies) @ ivy ---
[INFO] 
[INFO] --- hpi:3.65:test-runtime (default-test-runtime) @ ivy ---
[INFO] Tests are skipped.
[INFO] 
[INFO] --- surefire:3.5.3:test (default-test) @ ivy ---
[INFO] Tests are skipped.
[INFO] 
[INFO] --- license:165.v7e11f4e4a_325:process (default) @ ivy ---
[INFO] 
[INFO] --- hpi:3.65:hpi (default-hpi) @ ivy ---
[INFO] Generating /tmp/plugin-builds/ivy/target/ivy/META-INF/MANIFEST.MF
[INFO] Checking for attached .jar artifact ...
[INFO] Generating jar /tmp/plugin-builds/ivy/target/ivy.jar
[INFO] Building jar: /tmp/plugin-builds/ivy/target/ivy.jar
[INFO] Exploding webapp...
[INFO] Copy webapp webResources to /tmp/plugin-builds/ivy/target/ivy
[INFO] Assembling webapp ivy in /tmp/plugin-builds/ivy/target/ivy
[INFO] Bundling direct dependency cloning-1.12.1.jar
[INFO] Bundling direct dependency commons-vfs2-2.10.0.jar
[INFO] Bundling direct dependency ivy-2.5.3.jar
[WARNING] Bundling transitive dependency objenesis-3.4.jar (via cloning)
[INFO] Generating hpi /tmp/plugin-builds/ivy/target/ivy.hpi
[INFO] Building jar: /tmp/plugin-builds/ivy/target/ivy.hpi
[INFO] 
[INFO] --- jar:3.4.2:test-jar (maybe-test-jar) @ ivy ---
[INFO] Skipping packaging of the test-jar
[INFO] 
[INFO] >>> spotbugs:4.9.3.0:check (spotbugs) > :spotbugs @ ivy >>>
[INFO] 
[INFO] --- spotbugs:4.9.3.0:spotbugs (spotbugs) @ ivy ---
[INFO] Skipping com.github.spotbugs:spotbugs-maven-plugin:4.9.3.0:spotbugs report goal
[INFO] 
[INFO] <<< spotbugs:4.9.3.0:check (spotbugs) < :spotbugs @ ivy <<<
[INFO] 
[INFO] 
[INFO] --- spotbugs:4.9.3.0:check (spotbugs) @ ivy ---
[INFO] Spotbugs plugin skipped
[INFO] 
[INFO] --- spotless:2.44.4:check (default) @ ivy ---
[INFO] Spotless check skipped
[INFO] 
[INFO] --- install:3.1.4:install (default-install) @ ivy ---
[INFO] Installing /tmp/plugin-builds/ivy/target/ivy-999999-SNAPSHOT.pom to /home/poddingue/.m2/repository/org/jenkins-ci/plugins/ivy/999999-SNAPSHOT/ivy-999999-SNAPSHOT.pom
[INFO] Installing /tmp/plugin-builds/ivy/target/ivy.hpi to /home/poddingue/.m2/repository/org/jenkins-ci/plugins/ivy/999999-SNAPSHOT/ivy-999999-SNAPSHOT.hpi
[INFO] Installing /tmp/plugin-builds/ivy/target/ivy.jar to /home/poddingue/.m2/repository/org/jenkins-ci/plugins/ivy/999999-SNAPSHOT/ivy-999999-SNAPSHOT.jar
[INFO] ------------------------------------------------------------------------
[INFO] BUILD SUCCESS
[INFO] ------------------------------------------------------------------------
[INFO] Total time:  9.199 s
[INFO] Finished at: 2025-06-22T18:30:23+02:00
[INFO] ------------------------------------------------------------------------
