WARNING: A terminally deprecated method in sun.misc.Unsafe has been called
WARNING: sun.misc.Unsafe::staticFieldBase has been called by com.google.inject.internal.aop.HiddenClassDefiner (file:/home/poddingue/.sdkman/candidates/maven/current/lib/guice-5.1.0-classes.jar)
WARNING: Please consider reporting this to the maintainers of class com.google.inject.internal.aop.HiddenClassDefiner
WARNING: sun.misc.Unsafe::staticFieldBase will be removed in a future release
[INFO] Scanning for projects...
[INFO] 
[INFO] ----------------< org.jenkins-ci.plugins:jackson2-api >-----------------
[INFO] Building Jackson 2 API Plugin 2.19.2-999999-SNAPSHOT
[INFO]   from pom.xml
[INFO] --------------------------------[ hpi ]---------------------------------
[INFO] 
[INFO] --- clean:3.5.0:clean (default-clean) @ jackson2-api ---
[INFO] 
[INFO] --- hpi:3.66:validate (default-validate) @ jackson2-api ---
[INFO] Created marker file /tmp/plugin-builds/jackson2-api/target/java-level/17
[INFO] 
[INFO] --- hpi:3.66:validate-hpi (default-validate-hpi) @ jackson2-api ---
[INFO] 
[INFO] --- enforcer:3.6.1:enforce (display-info) @ jackson2-api ---
[INFO] Rule 0: io.jenkins.tools.incrementals.enforcer.RequireExtensionVersion passed
[INFO] Rule 1: org.apache.maven.enforcer.rules.version.RequireMavenVersion passed
[INFO] Rule 2: org.apache.maven.enforcer.rules.version.RequireJavaVersion passed
[INFO] Rule 3: org.codehaus.mojo.extraenforcer.dependencies.EnforceBytecodeVersion passed
[INFO] Rule 4: org.apache.maven.enforcer.rules.dependency.BannedDependencies passed
[INFO] Rule 5: org.apache.maven.enforcer.rules.dependency.BannedDependencies passed
[INFO] Rule 6: org.apache.maven.enforcer.rules.dependency.RequireUpperBoundDeps passed
[INFO] 
[INFO] --- enforcer:3.6.1:enforce (no-snapshots-in-release) @ jackson2-api ---
[INFO] Rule 0: org.apache.maven.enforcer.rules.dependency.RequireReleaseDeps passed
[INFO] 
[INFO] --- localizer:1.31:generate (default) @ jackson2-api ---
[INFO] 
[INFO] --- resources:3.3.1:resources (default-resources) @ jackson2-api ---
[INFO] Copying 1 resource from src/main/resources to target/classes
[INFO] 
[INFO] --- flatten:1.7.2:flatten (flatten) @ jackson2-api ---
[INFO] Generating flattened POM of project org.jenkins-ci.plugins:jackson2-api:hpi:2.19.2-999999-SNAPSHOT...
[INFO] 
[INFO] --- compiler:3.14.0:compile (default-compile) @ jackson2-api ---
[INFO] Nothing to compile - all classes are up to date.
[INFO] 
[INFO] --- access-modifier-checker:1.35:enforce (default-enforce) @ jackson2-api ---
[INFO] 
[INFO] --- bridge-method-injector:1.31:process (default) @ jackson2-api ---
[INFO] 
[INFO] --- hpi:3.66:insert-test (default-insert-test) @ jackson2-api ---
[INFO] 
[INFO] --- antrun:3.1.0:run (createTempDir) @ jackson2-api ---
[INFO] Executing tasks
[INFO]     [mkdir] Created dir: /tmp/plugin-builds/jackson2-api/target/tmp
[INFO] Executed tasks
[INFO] 
[INFO] --- resources:3.3.1:testResources (default-testResources) @ jackson2-api ---
[INFO] skip non existing resourceDirectory /tmp/plugin-builds/jackson2-api/src/test/resources
[INFO] 
[INFO] --- compiler:3.14.0:testCompile (default-testCompile) @ jackson2-api ---
[INFO] Recompiling the module because of changed source code.
[INFO] Compiling 3 source files with javac [debug parameters release 17] to target/test-classes
[INFO] 
[INFO] --- hpi:3.66:test-hpl (default-test-hpl) @ jackson2-api ---
[INFO] Generating /tmp/plugin-builds/jackson2-api/target/test-classes/the.hpl
[INFO] 
[INFO] --- hpi:3.66:resolve-test-dependencies (default-resolve-test-dependencies) @ jackson2-api ---
[INFO] 
[INFO] --- hpi:3.66:test-runtime (default-test-runtime) @ jackson2-api ---
[INFO] Tests are skipped.
[INFO] 
[INFO] --- surefire:3.5.3:test (default-test) @ jackson2-api ---
[INFO] Tests are skipped.
[INFO] 
[INFO] --- license:184.v19c87b_6b_a_9a_c:process (default) @ jackson2-api ---
[INFO] Generated /tmp/plugin-builds/jackson2-api/target/jackson2-api/WEB-INF/licenses.xml
[INFO] 
[INFO] --- hpi:3.66:hpi (default-hpi) @ jackson2-api ---
[INFO] Generating /tmp/plugin-builds/jackson2-api/target/jackson2-api/META-INF/MANIFEST.MF
[INFO] Checking for attached .jar artifact ...
[INFO] Generating jar /tmp/plugin-builds/jackson2-api/target/jackson2-api.jar
[INFO] Building jar: /tmp/plugin-builds/jackson2-api/target/jackson2-api.jar
[INFO] Exploding webapp...
[INFO] Copy webapp webResources to /tmp/plugin-builds/jackson2-api/target/jackson2-api
[INFO] Assembling webapp jackson2-api in /tmp/plugin-builds/jackson2-api/target/jackson2-api
[INFO] Bundling direct dependency jackson-annotations-2.19.2.jar
[INFO] Bundling direct dependency jackson-core-2.19.2.jar
[INFO] Bundling direct dependency jackson-databind-2.19.2.jar
[INFO] Bundling direct dependency jackson-dataformat-cbor-2.19.2.jar
[INFO] Bundling direct dependency jackson-dataformat-csv-2.19.2.jar
[INFO] Bundling direct dependency jackson-dataformat-toml-2.19.2.jar
[INFO] Bundling direct dependency jackson-dataformat-xml-2.19.2.jar
[INFO] Bundling direct dependency jackson-dataformat-yaml-2.19.2.jar
[INFO] Bundling direct dependency jackson-datatype-jdk8-2.19.2.jar
[INFO] Bundling direct dependency jackson-datatype-json-org-2.19.2.jar
[INFO] Bundling direct dependency jackson-datatype-jsr310-2.19.2.jar
[INFO] Bundling direct dependency jackson-module-jaxb-annotations-2.19.2.jar
[INFO] Bundling direct dependency jackson-module-parameter-names-2.19.2.jar
[WARNING] Bundling transitive dependency woodstox-core-7.1.1.jar (via jackson-dataformat-xml)
[WARNING] Bundling transitive dependency stax2-api-4.2.2.jar (via jackson-dataformat-xml)
[INFO] Generating hpi /tmp/plugin-builds/jackson2-api/target/jackson2-api.hpi
[INFO] Building jar: /tmp/plugin-builds/jackson2-api/target/jackson2-api.hpi
[INFO] 
[INFO] --- jar:3.4.2:test-jar (maybe-test-jar) @ jackson2-api ---
[INFO] Skipping packaging of the test-jar
[INFO] 
[INFO] >>> spotbugs:4.9.3.2:check (spotbugs) > :spotbugs @ jackson2-api >>>
[INFO] 
[INFO] --- spotbugs:4.9.3.2:spotbugs (spotbugs) @ jackson2-api ---
[INFO] Skipping com.github.spotbugs:spotbugs-maven-plugin:4.9.3.2:spotbugs report goal
[INFO] 
[INFO] <<< spotbugs:4.9.3.2:check (spotbugs) < :spotbugs @ jackson2-api <<<
[INFO] 
[INFO] 
[INFO] --- spotbugs:4.9.3.2:check (spotbugs) @ jackson2-api ---
[INFO] 
[INFO] --- spotless:2.46.1:check (default) @ jackson2-api ---
[INFO] Spotless check skipped
[INFO] 
[INFO] --- install:3.1.4:install (default-install) @ jackson2-api ---
[INFO] Installing /tmp/plugin-builds/jackson2-api/target/jackson2-api-2.19.2-999999-SNAPSHOT.pom to /home/poddingue/.m2/repository/org/jenkins-ci/plugins/jackson2-api/2.19.2-999999-SNAPSHOT/jackson2-api-2.19.2-999999-SNAPSHOT.pom
[INFO] Installing /tmp/plugin-builds/jackson2-api/target/jackson2-api.hpi to /home/poddingue/.m2/repository/org/jenkins-ci/plugins/jackson2-api/2.19.2-999999-SNAPSHOT/jackson2-api-2.19.2-999999-SNAPSHOT.hpi
[INFO] Installing /tmp/plugin-builds/jackson2-api/target/jackson2-api.jar to /home/poddingue/.m2/repository/org/jenkins-ci/plugins/jackson2-api/2.19.2-999999-SNAPSHOT/jackson2-api-2.19.2-999999-SNAPSHOT.jar
[INFO] ------------------------------------------------------------------------
[INFO] BUILD SUCCESS
[INFO] ------------------------------------------------------------------------
[INFO] Total time:  8.746 s
[INFO] Finished at: 2025-08-21T18:03:33+02:00
[INFO] ------------------------------------------------------------------------
