WARNING: A terminally deprecated method in sun.misc.Unsafe has been called
WARNING: sun.misc.Unsafe::staticFieldBase has been called by com.google.inject.internal.aop.HiddenClassDefiner (file:/home/poddingue/.sdkman/candidates/maven/current/lib/guice-5.1.0-classes.jar)
WARNING: Please consider reporting this to the maintainers of class com.google.inject.internal.aop.HiddenClassDefiner
WARNING: sun.misc.Unsafe::staticFieldBase will be removed in a future release
[INFO] Scanning for projects...
[INFO] 
[INFO] Using the MultiThreadedBuilder implementation with a thread count of 4
[INFO] 
[INFO] -------------------< org.jenkins-ci.plugins:jacoco >--------------------
[INFO] Building Jenkins JaCoCo plugin 3.3.8-SNAPSHOT
[INFO]   from pom.xml
[INFO] --------------------------------[ hpi ]---------------------------------
[INFO] 
[INFO] --- clean:3.4.0:clean (default-clean) @ jacoco ---
[INFO] 
[INFO] --- hpi:3.57:validate (default-validate) @ jacoco ---
[INFO] Created marker file /tmp/plugin-builds/jacoco/target/java-level/11
[INFO] 
[INFO] --- hpi:3.57:validate-hpi (default-validate-hpi) @ jacoco ---
[INFO] 
[INFO] --- enforcer:3.5.0:enforce (display-info) @ jacoco ---
[INFO] Rule 0: io.jenkins.tools.incrementals.enforcer.RequireExtensionVersion passed
[INFO] Rule 1: org.apache.maven.enforcer.rules.version.RequireMavenVersion passed
[INFO] Rule 2: org.apache.maven.enforcer.rules.version.RequireJavaVersion passed
[INFO] Rule 3: org.codehaus.mojo.extraenforcer.dependencies.EnforceBytecodeVersion passed
[INFO] Rule 4: org.apache.maven.enforcer.rules.dependency.BannedDependencies passed
[INFO] Rule 5: org.apache.maven.enforcer.rules.dependency.RequireUpperBoundDeps passed
[INFO] 
[INFO] --- enforcer:3.5.0:enforce (no-snapshots-in-release) @ jacoco ---
[INFO] Rule 0: org.apache.maven.enforcer.rules.dependency.RequireReleaseDeps passed
[INFO] 
[INFO] --- jacoco:0.8.11:prepare-agent (jacoco-initialize) @ jacoco ---
[INFO] argLine set to -javaagent:/home/poddingue/.m2/repository/org/jacoco/org.jacoco.agent/0.8.11/org.jacoco.agent-0.8.11-runtime.jar=destfile=/tmp/plugin-builds/jacoco/target/jacoco.exec,excludes=**/Messages.*
[INFO] 
[INFO] --- localizer:1.31:generate (default) @ jacoco ---
[INFO] 
[INFO] --- build-helper:3.6.0:add-source (add-source) @ jacoco ---
[INFO] Source directory: /tmp/plugin-builds/jacoco/target/generated-sources/localizer added.
[INFO] 
[INFO] --- build-helper:3.6.0:add-source (add-localizer-source-folder) @ jacoco ---
[INFO] Source directory: /tmp/plugin-builds/jacoco/target/generated-sources/localizer added.
[INFO] 
[INFO] --- resources:3.3.1:resources (default-resources) @ jacoco ---
[INFO] Copying 98 resources from src/main/resources to target/classes
[INFO] 
[INFO] --- flatten:1.6.0:flatten (flatten) @ jacoco ---
[INFO] Generating flattened POM of project org.jenkins-ci.plugins:jacoco:hpi:3.3.8-SNAPSHOT...
[INFO] 
[INFO] --- compiler:3.13.0:compile (default-compile) @ jacoco ---
[INFO] Recompiling the module because of changed source code.
[INFO] Compiling 35 source files with javac [debug parameters release 11] to target/classes
[INFO] hudson.plugins.jacoco.JacocoPublisher.DescriptorImpl indexed under hudson.Extension
[INFO] hudson.plugins.jacoco.portlet.chart.JacocoBuilderTrendChart.DescriptorImpl indexed under hudson.Extension
[INFO] hudson.plugins.jacoco.portlet.grid.JacocoBuilderGrid.JacocoGridDescriptor indexed under hudson.Extension
[INFO] hudson.plugins.jacococoveragecolumn.BranchCoverageColumn.DESCRIPTOR indexed under hudson.Extension
[INFO] hudson.plugins.jacococoveragecolumn.JaCoCoColumn.DESCRIPTOR indexed under hudson.Extension
[INFO] /tmp/plugin-builds/jacoco/src/main/java/hudson/plugins/jacoco/report/AbstractReport.java: Some input files use unchecked or unsafe operations.
[INFO] /tmp/plugin-builds/jacoco/src/main/java/hudson/plugins/jacoco/report/AbstractReport.java: Recompile with -Xlint:unchecked for details.
[INFO] 
[INFO] --- access-modifier-checker:1.33:enforce (default-enforce) @ jacoco ---
[INFO] 
[INFO] --- hpi:3.57:insert-test (default-insert-test) @ jacoco ---
[INFO] 
[INFO] --- antrun:3.1.0:run (createTempDir) @ jacoco ---
[INFO] Executing tasks
[INFO]     [mkdir] Created dir: /tmp/plugin-builds/jacoco/target/tmp
[INFO] Executed tasks
[INFO] 
[INFO] --- resources:3.3.1:testResources (default-testResources) @ jacoco ---
[INFO] Not copying test resources
[INFO] 
[INFO] --- compiler:3.13.0:testCompile (default-testCompile) @ jacoco ---
[INFO] Not compiling test sources
[INFO] 
[INFO] --- hpi:3.57:test-hpl (default-test-hpl) @ jacoco ---
[INFO] Generating /tmp/plugin-builds/jacoco/target/test-classes/the.hpl
[INFO] 
[INFO] --- hpi:3.57:resolve-test-dependencies (default-resolve-test-dependencies) @ jacoco ---
[INFO] 
[INFO] --- hpi:3.57:test-runtime (default-test-runtime) @ jacoco ---
[INFO] Tests are skipped.
[INFO] 
[INFO] --- surefire:3.5.0:test (default-test) @ jacoco ---
[INFO] Tests are skipped.
[INFO] 
[INFO] --- license:139.v9b_5625f30dcb_:process (default) @ jacoco ---
[INFO] ------------------------------------------------------------------------
[INFO] BUILD FAILURE
[INFO] ------------------------------------------------------------------------
[INFO] Total time:  20.253 s (Wall Clock)
[INFO] Finished at: 2025-08-22T18:36:59+02:00
[INFO] ------------------------------------------------------------------------
[ERROR] BUG! exception in phase 'semantic analysis' in source unit 'inlineScript' Unsupported class file major version 69 -> [Help 1]
[ERROR] BUG! exception in phase 'semantic analysis' in source unit 'inlineScript' Unsupported class file major version 69
[ERROR] 
[ERROR] To see the full stack trace of the errors, re-run Maven with the -e switch.
[ERROR] Re-run Maven using the -X switch to enable full debug logging.
[ERROR] 
[ERROR] For more information about the errors and possible solutions, please read the following articles:
[ERROR] [Help 1] http://cwiki.apache.org/confluence/display/MAVEN/GroovyBugError
