WARNING: A restricted method in java.lang.System has been called
WARNING: java.lang.System::load has been called by org.fusesource.jansi.internal.JansiLoader in an unnamed module (file:/usr/share/apache-maven-3.9.9/lib/jansi-2.4.1.jar)
WARNING: Use --enable-native-access=ALL-UNNAMED to avoid a warning for callers in this module
WARNING: Restricted methods will be blocked in a future release unless native access is enabled

WARNING: A terminally deprecated method in sun.misc.Unsafe has been called
WARNING: sun.misc.Unsafe::objectFieldOffset has been called by com.google.common.util.concurrent.AbstractFuture$UnsafeAtomicHelper (file:/usr/share/apache-maven-3.9.9/lib/guava-33.2.1-jre.jar)
WARNING: Please consider reporting this to the maintainers of class com.google.common.util.concurrent.AbstractFuture$UnsafeAtomicHelper
WARNING: sun.misc.Unsafe::objectFieldOffset will be removed in a future release
[INFO] Scanning for projects...
[INFO] Artifact org.jenkins-ci.tools:maven-hpi-plugin:pom:3.65 is present in the local repository, but cached from a remote repository ID that is unavailable in current build context, verifying that is downloadable from [incrementals (https://repo.jenkins-ci.org/incrementals/, default, releases), central (https://repo.maven.apache.org/maven2, default, releases)]
[INFO] Artifact org.jenkins-ci.tools:maven-hpi-plugin:pom:3.65 is present in the local repository, but cached from a remote repository ID that is unavailable in current build context, verifying that is downloadable from [incrementals (https://repo.jenkins-ci.org/incrementals/, default, releases), central (https://repo.maven.apache.org/maven2, default, releases)]
[WARNING] The POM for org.jenkins-ci.tools:maven-hpi-plugin:jar:3.65 is missing, no dependency information available
[INFO] Artifact org.jenkins-ci.tools:maven-hpi-plugin:jar:3.65 is present in the local repository, but cached from a remote repository ID that is unavailable in current build context, verifying that is downloadable from [incrementals (https://repo.jenkins-ci.org/incrementals/, default, releases), central (https://repo.maven.apache.org/maven2, default, releases)]
[INFO] Artifact org.jenkins-ci.tools:maven-hpi-plugin:jar:3.65 is present in the local repository, but cached from a remote repository ID that is unavailable in current build context, verifying that is downloadable from [incrementals (https://repo.jenkins-ci.org/incrementals/, default, releases), central (https://repo.maven.apache.org/maven2, default, releases)]
[WARNING] Failed to build parent project for io.jenkins.plugins:jakarta-activation-api:hpi:2.1.3-3-SNAPSHOT
[INFO] 
[INFO] -------------< io.jenkins.plugins:jakarta-activation-api >--------------
[INFO] Building Jakarta Activation API 2.1.3-3-SNAPSHOT
[INFO]   from pom.xml
[INFO] --------------------------------[ hpi ]---------------------------------
[INFO] 
[INFO] --- clean:3.4.1:clean (default-clean) @ jakarta-activation-api ---
[INFO] 
[INFO] --- hpi:3.65:validate (default-validate) @ jakarta-activation-api ---
[INFO] Created marker file /tmp/plugin-builds/jakarta-activation-api/target/java-level/17
[INFO] 
[INFO] --- hpi:3.65:validate-hpi (default-validate-hpi) @ jakarta-activation-api ---
[INFO] 
[INFO] --- enforcer:3.5.0:enforce (display-info) @ jakarta-activation-api ---
[INFO] Rule 0: io.jenkins.tools.incrementals.enforcer.RequireExtensionVersion passed
[INFO] Rule 1: org.apache.maven.enforcer.rules.version.RequireMavenVersion passed
[INFO] Rule 2: org.apache.maven.enforcer.rules.version.RequireJavaVersion passed
[INFO] Rule 3: org.codehaus.mojo.extraenforcer.dependencies.EnforceBytecodeVersion passed
[INFO] Rule 4: org.apache.maven.enforcer.rules.dependency.BannedDependencies passed
[INFO] Rule 5: org.apache.maven.enforcer.rules.dependency.BannedDependencies passed
[INFO] Rule 6: org.apache.maven.enforcer.rules.dependency.RequireUpperBoundDeps passed
[INFO] 
[INFO] --- enforcer:3.5.0:enforce (no-snapshots-in-release) @ jakarta-activation-api ---
[INFO] Rule 0: org.apache.maven.enforcer.rules.dependency.RequireReleaseDeps passed
[INFO] 
[INFO] --- localizer:1.31:generate (default) @ jakarta-activation-api ---
[INFO] 
[INFO] --- resources:3.3.1:resources (default-resources) @ jakarta-activation-api ---
[INFO] Copying 1 resource from src/main/resources to target/classes
[INFO] 
[INFO] --- flatten:1.7.0:flatten (flatten) @ jakarta-activation-api ---
[INFO] Generating flattened POM of project io.jenkins.plugins:jakarta-activation-api:hpi:2.1.3-3-SNAPSHOT...
[INFO] 
[INFO] --- compiler:3.14.0:compile (default-compile) @ jakarta-activation-api ---
[INFO] Nothing to compile - all classes are up to date.
[INFO] 
[INFO] --- access-modifier-checker:1.35:enforce (default-enforce) @ jakarta-activation-api ---
[INFO] Skipping access modifier checks
[INFO] 
[INFO] --- bridge-method-injector:1.31:process (default) @ jakarta-activation-api ---
[INFO] 
[INFO] --- hpi:3.65:insert-test (default-insert-test) @ jakarta-activation-api ---
[INFO] 
[INFO] --- antrun:3.1.0:run (createTempDir) @ jakarta-activation-api ---
[INFO] Executing tasks
[INFO]     [mkdir] Created dir: /tmp/plugin-builds/jakarta-activation-api/target/tmp
[INFO] Executed tasks
[INFO] 
[INFO] --- resources:3.3.1:testResources (default-testResources) @ jakarta-activation-api ---
[INFO] Not copying test resources
[INFO] 
[INFO] --- compiler:3.14.0:testCompile (default-testCompile) @ jakarta-activation-api ---
[INFO] Not compiling test sources
[INFO] 
[INFO] --- hpi:3.65:test-hpl (default-test-hpl) @ jakarta-activation-api ---
[INFO] Generating /tmp/plugin-builds/jakarta-activation-api/target/test-classes/the.hpl
[INFO] 
[INFO] --- hpi:3.65:resolve-test-dependencies (default-resolve-test-dependencies) @ jakarta-activation-api ---
[INFO] 
[INFO] --- hpi:3.65:test-runtime (default-test-runtime) @ jakarta-activation-api ---
[INFO] Tests are skipped.
[INFO] 
[INFO] --- surefire:3.5.3:test (default-test) @ jakarta-activation-api ---
[INFO] Tests are skipped.
[INFO] 
[INFO] --- license:165.v7e11f4e4a_325:process (default) @ jakarta-activation-api ---
[INFO] 
[INFO] --- hpi:3.65:hpi (default-hpi) @ jakarta-activation-api ---
[INFO] Generating /tmp/plugin-builds/jakarta-activation-api/target/jakarta-activation-api/META-INF/MANIFEST.MF
[INFO] Checking for attached .jar artifact ...
[INFO] Generating jar /tmp/plugin-builds/jakarta-activation-api/target/jakarta-activation-api.jar
[INFO] Building jar: /tmp/plugin-builds/jakarta-activation-api/target/jakarta-activation-api.jar
[INFO] Exploding webapp...
[INFO] Copy webapp webResources to /tmp/plugin-builds/jakarta-activation-api/target/jakarta-activation-api
[INFO] Assembling webapp jakarta-activation-api in /tmp/plugin-builds/jakarta-activation-api/target/jakarta-activation-api
[INFO] Bundling direct dependency jakarta.activation-api-2.1.3.jar
[INFO] Bundling direct dependency angus-activation-2.0.2.jar
[INFO] Generating hpi /tmp/plugin-builds/jakarta-activation-api/target/jakarta-activation-api.hpi
[INFO] Building jar: /tmp/plugin-builds/jakarta-activation-api/target/jakarta-activation-api.hpi
[INFO] 
[INFO] --- jar:3.4.2:test-jar (maybe-test-jar) @ jakarta-activation-api ---
[INFO] Skipping packaging of the test-jar
[INFO] 
[INFO] >>> spotbugs:4.9.3.0:check (spotbugs) > :spotbugs @ jakarta-activation-api >>>
[INFO] 
[INFO] --- spotbugs:4.9.3.0:spotbugs (spotbugs) @ jakarta-activation-api ---
[INFO] Skipping com.github.spotbugs:spotbugs-maven-plugin:4.9.3.0:spotbugs report goal
[INFO] 
[INFO] <<< spotbugs:4.9.3.0:check (spotbugs) < :spotbugs @ jakarta-activation-api <<<
[INFO] 
[INFO] 
[INFO] --- spotbugs:4.9.3.0:check (spotbugs) @ jakarta-activation-api ---
[INFO] Spotbugs plugin skipped
[INFO] 
[INFO] --- spotless:2.44.4:check (default) @ jakarta-activation-api ---
[INFO] Spotless check skipped
[INFO] 
[INFO] --- install:3.1.4:install (default-install) @ jakarta-activation-api ---
[INFO] Installing /tmp/plugin-builds/jakarta-activation-api/target/jakarta-activation-api-2.1.3-3-SNAPSHOT.pom to /home/runner/.m2/repository/io/jenkins/plugins/jakarta-activation-api/2.1.3-3-SNAPSHOT/jakarta-activation-api-2.1.3-3-SNAPSHOT.pom
[INFO] Installing /tmp/plugin-builds/jakarta-activation-api/target/jakarta-activation-api.hpi to /home/runner/.m2/repository/io/jenkins/plugins/jakarta-activation-api/2.1.3-3-SNAPSHOT/jakarta-activation-api-2.1.3-3-SNAPSHOT.hpi
[INFO] Installing /tmp/plugin-builds/jakarta-activation-api/target/jakarta-activation-api.jar to /home/runner/.m2/repository/io/jenkins/plugins/jakarta-activation-api/2.1.3-3-SNAPSHOT/jakarta-activation-api-2.1.3-3-SNAPSHOT.jar
[INFO] ------------------------------------------------------------------------
[INFO] BUILD SUCCESS
[INFO] ------------------------------------------------------------------------
[INFO] Total time:  4.974 s
[INFO] Finished at: 2025-06-23T08:41:02Z
[INFO] ------------------------------------------------------------------------
