[INFO] Scanning for projects...
[INFO] Artifact org.jenkins-ci.tools:maven-hpi-plugin:pom:3.1787.vd08d76c755ef is present in the local repository, but cached from a remote repository ID that is unavailable in current build context, verifying that is downloadable from [incrementals (https://repo.jenkins-ci.org/incrementals/, default, releases), central (https://repo.maven.apache.org/maven2, default, releases)]
[INFO] Artifact org.jenkins-ci.tools:maven-hpi-plugin:pom:3.1787.vd08d76c755ef is present in the local repository, but cached from a remote repository ID that is unavailable in current build context, verifying that is downloadable from [incrementals (https://repo.jenkins-ci.org/incrementals/, default, releases), central (https://repo.maven.apache.org/maven2, default, releases)]
[WARNING] The POM for org.jenkins-ci.tools:maven-hpi-plugin:jar:3.1787.vd08d76c755ef is missing, no dependency information available
[INFO] Artifact org.jenkins-ci.tools:maven-hpi-plugin:jar:3.1787.vd08d76c755ef is present in the local repository, but cached from a remote repository ID that is unavailable in current build context, verifying that is downloadable from [incrementals (https://repo.jenkins-ci.org/incrementals/, default, releases), central (https://repo.maven.apache.org/maven2, default, releases)]
[INFO] Artifact org.jenkins-ci.tools:maven-hpi-plugin:jar:3.1787.vd08d76c755ef is present in the local repository, but cached from a remote repository ID that is unavailable in current build context, verifying that is downloadable from [incrementals (https://repo.jenkins-ci.org/incrementals/, default, releases), central (https://repo.maven.apache.org/maven2, default, releases)]
[WARNING] Failed to build parent project for io.jenkins.plugins:javax-activation-api:hpi:1.2.0-9-SNAPSHOT
[INFO] 
[INFO] --------------< io.jenkins.plugins:javax-activation-api >---------------
[INFO] Building JavaBeans Activation Framework (JAF) API 1.2.0-9-SNAPSHOT
[INFO]   from pom.xml
[INFO] --------------------------------[ hpi ]---------------------------------
[INFO] 
[INFO] --- clean:3.5.0:clean (default-clean) @ javax-activation-api ---
[INFO] 
[INFO] --- hpi:3.1787.vd08d76c755ef:validate (default-validate) @ javax-activation-api ---
[INFO] Created marker file /tmp/plugin-builds/javax-activation-api/target/java-level/17
[INFO] 
[INFO] --- hpi:3.1787.vd08d76c755ef:validate-hpi (default-validate-hpi) @ javax-activation-api ---
[INFO] 
[INFO] --- enforcer:3.6.2:enforce (display-info) @ javax-activation-api ---
[INFO] Rule 0: io.jenkins.tools.incrementals.enforcer.RequireExtensionVersion passed
[INFO] Rule 1: org.apache.maven.enforcer.rules.version.RequireMavenVersion passed
[INFO] Rule 2: org.apache.maven.enforcer.rules.version.RequireJavaVersion passed
[INFO] Rule 3: org.apache.maven.enforcer.rules.RequirePluginVersions passed
[INFO] Rule 4: org.codehaus.mojo.extraenforcer.dependencies.EnforceBytecodeVersion passed
[INFO] Rule 5: org.apache.maven.enforcer.rules.dependency.BannedDependencies passed
[INFO] Rule 6: org.apache.maven.enforcer.rules.dependency.BannedDependencies passed
[INFO] Rule 7: org.apache.maven.enforcer.rules.dependency.RequireUpperBoundDeps passed
[INFO] 
[INFO] --- enforcer:3.6.2:enforce (no-snapshots-in-release) @ javax-activation-api ---
[INFO] Rule 0: org.apache.maven.enforcer.rules.dependency.RequireReleaseDeps passed
[INFO] 
[INFO] --- localizer:1.31:generate (default) @ javax-activation-api ---
[INFO] 
[INFO] --- enforcer:3.6.2:enforce (check-junit-imports) @ javax-activation-api ---
[INFO] Skipping Rule Enforcement.
[INFO] 
[INFO] --- resources:3.4.0:resources (default-resources) @ javax-activation-api ---
[INFO] Copying 1 resource from src/main/resources to target/classes
[INFO] 
[INFO] --- flatten:1.7.3:flatten (flatten) @ javax-activation-api ---
[INFO] Generating flattened POM of project io.jenkins.plugins:javax-activation-api:hpi:1.2.0-9-SNAPSHOT...
[INFO] 
[INFO] --- compiler:3.14.1:compile (default-compile) @ javax-activation-api ---
[INFO] Nothing to compile - all classes are up to date.
[INFO] 
[INFO] --- access-modifier-checker:1.35:enforce (default-enforce) @ javax-activation-api ---
[INFO] 
[INFO] --- bridge-method-injector:1.32:process (default) @ javax-activation-api ---
[INFO] 
[INFO] --- hpi:3.1787.vd08d76c755ef:insert-test (default-insert-test) @ javax-activation-api ---
[INFO] 
[INFO] --- antrun:3.2.0:run (createTempDir) @ javax-activation-api ---
[INFO] Executing tasks
[INFO]     [mkdir] Created dir: /tmp/plugin-builds/javax-activation-api/target/tmp
[INFO] Executed tasks
[INFO] 
[INFO] --- resources:3.4.0:testResources (default-testResources) @ javax-activation-api ---
[INFO] Not copying test resources
[INFO] 
[INFO] --- compiler:3.14.1:testCompile (default-testCompile) @ javax-activation-api ---
[INFO] Not compiling test sources
[INFO] 
[INFO] --- hpi:3.1787.vd08d76c755ef:test-hpl (default-test-hpl) @ javax-activation-api ---
[INFO] Generating /tmp/plugin-builds/javax-activation-api/target/test-classes/the.hpl
[INFO] 
[INFO] --- hpi:3.1787.vd08d76c755ef:resolve-test-dependencies (default-resolve-test-dependencies) @ javax-activation-api ---
[INFO] 
[INFO] --- hpi:3.1787.vd08d76c755ef:test-runtime (default-test-runtime) @ javax-activation-api ---
[INFO] Tests are skipped.
[INFO] 
[INFO] --- surefire:3.5.4:test (default-test) @ javax-activation-api ---
[INFO] Tests are skipped.
[INFO] 
[INFO] --- license:184.v19c87b_6b_a_9a_c:process (default) @ javax-activation-api ---
[INFO] Generated /tmp/plugin-builds/javax-activation-api/target/javax-activation-api/WEB-INF/licenses.xml
[INFO] 
[INFO] --- hpi:3.1787.vd08d76c755ef:hpi (default-hpi) @ javax-activation-api ---
[INFO] Generating /tmp/plugin-builds/javax-activation-api/target/javax-activation-api/META-INF/MANIFEST.MF
[INFO] Checking for attached .jar artifact ...
[INFO] Generating jar /tmp/plugin-builds/javax-activation-api/target/javax-activation-api.jar
[INFO] Building jar: /tmp/plugin-builds/javax-activation-api/target/javax-activation-api.jar
[INFO] Exploding webapp...
[INFO] Copy webapp webResources to /tmp/plugin-builds/javax-activation-api/target/javax-activation-api
[INFO] Assembling webapp javax-activation-api in /tmp/plugin-builds/javax-activation-api/target/javax-activation-api
[INFO] Bundling direct dependency javax.activation-1.2.0.jar
[INFO] Generating hpi /tmp/plugin-builds/javax-activation-api/target/javax-activation-api.hpi
[INFO] Building jar: /tmp/plugin-builds/javax-activation-api/target/javax-activation-api.hpi
[INFO] 
[INFO] --- jar:3.5.0:test-jar (maybe-test-jar) @ javax-activation-api ---
[INFO] Skipping packaging of the test-jar
[INFO] 
[INFO] >>> spotbugs:4.9.8.2:check (spotbugs) > :spotbugs @ javax-activation-api >>>
[INFO] 
[INFO] --- spotbugs:4.9.8.2:spotbugs (spotbugs) @ javax-activation-api ---
[INFO] No files found to run spotbugs; check compile phase has been run.
[INFO] Skipping com.github.spotbugs:spotbugs-maven-plugin:4.9.8.2:spotbugs report goal
[INFO] 
[INFO] <<< spotbugs:4.9.8.2:check (spotbugs) < :spotbugs @ javax-activation-api <<<
[INFO] 
[INFO] 
[INFO] --- spotbugs:4.9.8.2:check (spotbugs) @ javax-activation-api ---
[INFO] 
[INFO] --- spotless:3.1.0:check (default) @ javax-activation-api ---
[INFO] Index file does not exist. Fallback to an empty index
[INFO] Sorting file /tmp/pom16636165092983496840.xml
[INFO] Pom file is already sorted, exiting
[INFO] Spotless.Pom is keeping 1 files clean - 0 needs changes to be clean, 1 were already clean, 0 were skipped because caching determined they were already clean
[INFO] 
[INFO] --- install:3.1.4:install (default-install) @ javax-activation-api ---
[INFO] Installing /tmp/plugin-builds/javax-activation-api/target/javax-activation-api-1.2.0-9-SNAPSHOT.pom to /home/runner/.m2/repository/io/jenkins/plugins/javax-activation-api/1.2.0-9-SNAPSHOT/javax-activation-api-1.2.0-9-SNAPSHOT.pom
[INFO] Installing /tmp/plugin-builds/javax-activation-api/target/javax-activation-api.hpi to /home/runner/.m2/repository/io/jenkins/plugins/javax-activation-api/1.2.0-9-SNAPSHOT/javax-activation-api-1.2.0-9-SNAPSHOT.hpi
[INFO] Installing /tmp/plugin-builds/javax-activation-api/target/javax-activation-api.jar to /home/runner/.m2/repository/io/jenkins/plugins/javax-activation-api/1.2.0-9-SNAPSHOT/javax-activation-api-1.2.0-9-SNAPSHOT.jar
[INFO] ------------------------------------------------------------------------
[INFO] BUILD SUCCESS
[INFO] ------------------------------------------------------------------------
[INFO] Total time:  26.902 s
[INFO] Finished at: 2026-01-20T02:21:07Z
[INFO] ------------------------------------------------------------------------
