WARNING: A restricted method in java.lang.System has been called
WARNING: java.lang.System::load has been called by org.fusesource.jansi.internal.JansiLoader in an unnamed module (file:/home/poddingue/.sdkman/candidates/maven/current/lib/jansi-2.4.1.jar)
WARNING: Use --enable-native-access=ALL-UNNAMED to avoid a warning for callers in this module
WARNING: Restricted methods will be blocked in a future release unless native access is enabled

WARNING: A terminally deprecated method in sun.misc.Unsafe has been called
WARNING: sun.misc.Unsafe::objectFieldOffset has been called by com.google.common.util.concurrent.AbstractFuture$UnsafeAtomicHelper (file:/home/poddingue/.sdkman/candidates/maven/current/lib/guava-33.2.1-jre.jar)
WARNING: Please consider reporting this to the maintainers of class com.google.common.util.concurrent.AbstractFuture$UnsafeAtomicHelper
WARNING: sun.misc.Unsafe::objectFieldOffset will be removed in a future release
[INFO] Scanning for projects...
[INFO] 
[INFO] -------------------< org.jenkins-ci.plugins:javadoc >-------------------
[INFO] Building Javadoc Plugin 999999-SNAPSHOT
[INFO]   from pom.xml
[INFO] --------------------------------[ hpi ]---------------------------------
[INFO] 
[INFO] --- clean:3.4.1:clean (default-clean) @ javadoc ---
[INFO] 
[INFO] --- hpi:3.65:validate (default-validate) @ javadoc ---
[INFO] Created marker file /tmp/plugin-builds/javadoc/target/java-level/17
[INFO] 
[INFO] --- hpi:3.65:validate-hpi (default-validate-hpi) @ javadoc ---
[INFO] 
[INFO] --- enforcer:3.5.0:enforce (display-info) @ javadoc ---
[INFO] Rule 0: io.jenkins.tools.incrementals.enforcer.RequireExtensionVersion passed
[INFO] Rule 1: org.apache.maven.enforcer.rules.version.RequireMavenVersion passed
[INFO] Rule 2: org.apache.maven.enforcer.rules.version.RequireJavaVersion passed
[INFO] Rule 3: org.codehaus.mojo.extraenforcer.dependencies.EnforceBytecodeVersion passed
[INFO] Rule 4: org.apache.maven.enforcer.rules.dependency.BannedDependencies passed
[INFO] Rule 5: org.apache.maven.enforcer.rules.dependency.BannedDependencies passed
[INFO] Rule 6: org.apache.maven.enforcer.rules.dependency.RequireUpperBoundDeps passed
[INFO] 
[INFO] --- enforcer:3.5.0:enforce (no-snapshots-in-release) @ javadoc ---
[INFO] Rule 0: org.apache.maven.enforcer.rules.dependency.RequireReleaseDeps passed
[INFO] 
[INFO] --- localizer:1.31:generate (default) @ javadoc ---
[INFO] 
[INFO] --- resources:3.3.1:resources (default-resources) @ javadoc ---
[INFO] Copying 32 resources from src/main/resources to target/classes
[INFO] 
[INFO] --- flatten:1.7.0:flatten (flatten) @ javadoc ---
[INFO] Generating flattened POM of project org.jenkins-ci.plugins:javadoc:hpi:999999-SNAPSHOT...
[INFO] 
[INFO] --- compiler:3.14.0:compile (default-compile) @ javadoc ---
[INFO] Recompiling the module because of changed source code.
[INFO] Compiling 2 source files with javac [debug parameters release 17] to target/classes
[INFO] hudson.tasks.JavadocArchiver.DescriptorImpl indexed under hudson.Extension
[INFO] /tmp/plugin-builds/javadoc/src/main/java/hudson/tasks/JavadocArchiver.java:[70,12] Generating hudson/tasks/JavadocArchiver.stapler
[INFO] /tmp/plugin-builds/javadoc/src/main/java/hudson/tasks/JavadocArchiver.java:[267,31] Generating hudson/tasks/JavadocArchiver/DescriptorImpl/doCheckJavadocDir.stapler
[INFO] /tmp/plugin-builds/javadoc/src/main/java/hudson/tasks/JavadocArchiver.java: /tmp/plugin-builds/javadoc/src/main/java/hudson/tasks/JavadocArchiver.java uses or overrides a deprecated API.
[INFO] /tmp/plugin-builds/javadoc/src/main/java/hudson/tasks/JavadocArchiver.java: Recompile with -Xlint:deprecation for details.
[INFO] /tmp/plugin-builds/javadoc/src/main/java/hudson/tasks/JavadocArchiver.java: /tmp/plugin-builds/javadoc/src/main/java/hudson/tasks/JavadocArchiver.java uses unchecked or unsafe operations.
[INFO] /tmp/plugin-builds/javadoc/src/main/java/hudson/tasks/JavadocArchiver.java: Recompile with -Xlint:unchecked for details.
[INFO] 
[INFO] --- access-modifier-checker:1.35:enforce (default-enforce) @ javadoc ---
[INFO] Skipping access modifier checks
[INFO] 
[INFO] --- bridge-method-injector:1.31:process (default) @ javadoc ---
[INFO] 
[INFO] --- hpi:3.65:insert-test (default-insert-test) @ javadoc ---
[INFO] 
[INFO] --- antrun:3.1.0:run (createTempDir) @ javadoc ---
[INFO] Executing tasks
[INFO]     [mkdir] Created dir: /tmp/plugin-builds/javadoc/target/tmp
[INFO] Executed tasks
[INFO] 
[INFO] --- resources:3.3.1:testResources (default-testResources) @ javadoc ---
[INFO] Not copying test resources
[INFO] 
[INFO] --- compiler:3.14.0:testCompile (default-testCompile) @ javadoc ---
[INFO] Not compiling test sources
[INFO] 
[INFO] --- hpi:3.65:test-hpl (default-test-hpl) @ javadoc ---
[INFO] Generating /tmp/plugin-builds/javadoc/target/test-classes/the.hpl
[INFO] 
[INFO] --- hpi:3.65:resolve-test-dependencies (default-resolve-test-dependencies) @ javadoc ---
[INFO] 
[INFO] --- hpi:3.65:test-runtime (default-test-runtime) @ javadoc ---
[INFO] Tests are skipped.
[INFO] 
[INFO] --- surefire:3.5.3:test (default-test) @ javadoc ---
[INFO] Tests are skipped.
[INFO] 
[INFO] --- license:165.v7e11f4e4a_325:process (default) @ javadoc ---
[INFO] 
[INFO] --- hpi:3.65:hpi (default-hpi) @ javadoc ---
[INFO] Generating /tmp/plugin-builds/javadoc/target/javadoc/META-INF/MANIFEST.MF
[INFO] Checking for attached .jar artifact ...
[INFO] Generating jar /tmp/plugin-builds/javadoc/target/javadoc.jar
[INFO] Building jar: /tmp/plugin-builds/javadoc/target/javadoc.jar
[INFO] Exploding webapp...
[INFO] Copy webapp webResources to /tmp/plugin-builds/javadoc/target/javadoc
[INFO] Assembling webapp javadoc in /tmp/plugin-builds/javadoc/target/javadoc
[INFO] Generating hpi /tmp/plugin-builds/javadoc/target/javadoc.hpi
[INFO] Building jar: /tmp/plugin-builds/javadoc/target/javadoc.hpi
[INFO] 
[INFO] --- jar:3.4.2:test-jar (maybe-test-jar) @ javadoc ---
[INFO] Skipping packaging of the test-jar
[INFO] 
[INFO] >>> spotbugs:4.9.3.0:check (spotbugs) > :spotbugs @ javadoc >>>
[INFO] 
[INFO] --- spotbugs:4.9.3.0:spotbugs (spotbugs) @ javadoc ---
[INFO] Skipping com.github.spotbugs:spotbugs-maven-plugin:4.9.3.0:spotbugs report goal
[INFO] 
[INFO] <<< spotbugs:4.9.3.0:check (spotbugs) < :spotbugs @ javadoc <<<
[INFO] 
[INFO] 
[INFO] --- spotbugs:4.9.3.0:check (spotbugs) @ javadoc ---
[INFO] Spotbugs plugin skipped
[INFO] 
[INFO] --- spotless:2.44.4:check (default) @ javadoc ---
[INFO] Spotless check skipped
[INFO] 
[INFO] --- install:3.1.4:install (default-install) @ javadoc ---
[INFO] Installing /tmp/plugin-builds/javadoc/target/javadoc-999999-SNAPSHOT.pom to /home/poddingue/.m2/repository/org/jenkins-ci/plugins/javadoc/999999-SNAPSHOT/javadoc-999999-SNAPSHOT.pom
[INFO] Installing /tmp/plugin-builds/javadoc/target/javadoc.hpi to /home/poddingue/.m2/repository/org/jenkins-ci/plugins/javadoc/999999-SNAPSHOT/javadoc-999999-SNAPSHOT.hpi
[INFO] Installing /tmp/plugin-builds/javadoc/target/javadoc.jar to /home/poddingue/.m2/repository/org/jenkins-ci/plugins/javadoc/999999-SNAPSHOT/javadoc-999999-SNAPSHOT.jar
[INFO] ------------------------------------------------------------------------
[INFO] BUILD SUCCESS
[INFO] ------------------------------------------------------------------------
[INFO] Total time:  8.856 s
[INFO] Finished at: 2025-06-22T17:18:49+02:00
[INFO] ------------------------------------------------------------------------
