WARNING: A restricted method in java.lang.System has been called
WARNING: java.lang.System::load has been called by org.fusesource.jansi.internal.JansiLoader in an unnamed module (file:/home/poddingue/.sdkman/candidates/maven/current/lib/jansi-2.4.1.jar)
WARNING: Use --enable-native-access=ALL-UNNAMED to avoid a warning for callers in this module
WARNING: Restricted methods will be blocked in a future release unless native access is enabled

WARNING: A terminally deprecated method in sun.misc.Unsafe has been called
WARNING: sun.misc.Unsafe::objectFieldOffset has been called by com.google.common.util.concurrent.AbstractFuture$UnsafeAtomicHelper (file:/home/poddingue/.sdkman/candidates/maven/current/lib/guava-33.2.1-jre.jar)
WARNING: Please consider reporting this to the maintainers of class com.google.common.util.concurrent.AbstractFuture$UnsafeAtomicHelper
WARNING: sun.misc.Unsafe::objectFieldOffset will be removed in a future release
[INFO] Scanning for projects...
[INFO] 
[INFO] -----------------< io.jenkins.plugins:javax-mail-api >------------------
[INFO] Building JavaMail API 1.6.2-12-SNAPSHOT
[INFO]   from pom.xml
[INFO] --------------------------------[ hpi ]---------------------------------
[INFO] 
[INFO] --- clean:3.5.0:clean (default-clean) @ javax-mail-api ---
[INFO] 
[INFO] --- hpi:3.66:validate (default-validate) @ javax-mail-api ---
[INFO] Created marker file /tmp/plugin-builds/javax-mail-api/target/java-level/17
[INFO] 
[INFO] --- hpi:3.66:validate-hpi (default-validate-hpi) @ javax-mail-api ---
[INFO] 
[INFO] --- enforcer:3.5.0:enforce (display-info) @ javax-mail-api ---
[INFO] Rule 0: io.jenkins.tools.incrementals.enforcer.RequireExtensionVersion passed
[INFO] Rule 1: org.apache.maven.enforcer.rules.version.RequireMavenVersion passed
[INFO] Rule 2: org.apache.maven.enforcer.rules.version.RequireJavaVersion passed
[INFO] Rule 3: org.codehaus.mojo.extraenforcer.dependencies.EnforceBytecodeVersion passed
[INFO] Rule 4: org.apache.maven.enforcer.rules.dependency.BannedDependencies passed
[INFO] Rule 5: org.apache.maven.enforcer.rules.dependency.BannedDependencies passed
[INFO] Rule 6: org.apache.maven.enforcer.rules.dependency.RequireUpperBoundDeps passed
[INFO] 
[INFO] --- enforcer:3.5.0:enforce (no-snapshots-in-release) @ javax-mail-api ---
[INFO] Rule 0: org.apache.maven.enforcer.rules.dependency.RequireReleaseDeps passed
[INFO] 
[INFO] --- localizer:1.31:generate (default) @ javax-mail-api ---
[INFO] 
[INFO] --- resources:3.3.1:resources (default-resources) @ javax-mail-api ---
[INFO] Copying 1 resource from src/main/resources to target/classes
[INFO] 
[INFO] --- flatten:1.7.1:flatten (flatten) @ javax-mail-api ---
[INFO] Generating flattened POM of project io.jenkins.plugins:javax-mail-api:hpi:1.6.2-12-SNAPSHOT...
[INFO] 
[INFO] --- compiler:3.14.0:compile (default-compile) @ javax-mail-api ---
[INFO] Recompiling the module because of changed source code.
[INFO] Compiling 4 source files with javac [debug parameters release 17] to target/classes
[INFO] 
[INFO] --- access-modifier-checker:1.35:enforce (default-enforce) @ javax-mail-api ---
[INFO] Skipping access modifier checks
[INFO] 
[INFO] --- bridge-method-injector:1.31:process (default) @ javax-mail-api ---
[INFO] 
[INFO] --- hpi:3.66:insert-test (default-insert-test) @ javax-mail-api ---
[INFO] 
[INFO] --- antrun:3.1.0:run (createTempDir) @ javax-mail-api ---
[INFO] Executing tasks
[INFO]     [mkdir] Created dir: /tmp/plugin-builds/javax-mail-api/target/tmp
[INFO] Executed tasks
[INFO] 
[INFO] --- resources:3.3.1:testResources (default-testResources) @ javax-mail-api ---
[INFO] Not copying test resources
[INFO] 
[INFO] --- compiler:3.14.0:testCompile (default-testCompile) @ javax-mail-api ---
[INFO] Not compiling test sources
[INFO] 
[INFO] --- hpi:3.66:test-hpl (default-test-hpl) @ javax-mail-api ---
[INFO] Generating /tmp/plugin-builds/javax-mail-api/target/test-classes/the.hpl
[INFO] 
[INFO] --- hpi:3.66:resolve-test-dependencies (default-resolve-test-dependencies) @ javax-mail-api ---
[INFO] 
[INFO] --- hpi:3.66:test-runtime (default-test-runtime) @ javax-mail-api ---
[INFO] Tests are skipped.
[INFO] 
[INFO] --- surefire:3.5.3:test (default-test) @ javax-mail-api ---
[INFO] Tests are skipped.
[INFO] 
[INFO] --- license:165.v7e11f4e4a_325:process (default) @ javax-mail-api ---
[INFO] 
[INFO] --- hpi:3.66:hpi (default-hpi) @ javax-mail-api ---
[INFO] Generating /tmp/plugin-builds/javax-mail-api/target/javax-mail-api/META-INF/MANIFEST.MF
[INFO] Checking for attached .jar artifact ...
[INFO] Generating jar /tmp/plugin-builds/javax-mail-api/target/javax-mail-api.jar
[INFO] Building jar: /tmp/plugin-builds/javax-mail-api/target/javax-mail-api.jar
[INFO] Exploding webapp...
[INFO] Copy webapp webResources to /tmp/plugin-builds/javax-mail-api/target/javax-mail-api
[INFO] Assembling webapp javax-mail-api in /tmp/plugin-builds/javax-mail-api/target/javax-mail-api
[INFO] Bundling direct dependency javax.mail-1.6.2.jar
[INFO] Generating hpi /tmp/plugin-builds/javax-mail-api/target/javax-mail-api.hpi
[INFO] Building jar: /tmp/plugin-builds/javax-mail-api/target/javax-mail-api.hpi
[INFO] 
[INFO] --- jar:3.4.2:test-jar (maybe-test-jar) @ javax-mail-api ---
[INFO] Skipping packaging of the test-jar
[INFO] 
[INFO] >>> spotbugs:4.9.3.1:check (spotbugs) > :spotbugs @ javax-mail-api >>>
[INFO] 
[INFO] --- spotbugs:4.9.3.1:spotbugs (spotbugs) @ javax-mail-api ---
[INFO] Skipping com.github.spotbugs:spotbugs-maven-plugin:4.9.3.1:spotbugs report goal
[INFO] 
[INFO] <<< spotbugs:4.9.3.1:check (spotbugs) < :spotbugs @ javax-mail-api <<<
[INFO] 
[INFO] 
[INFO] --- spotbugs:4.9.3.1:check (spotbugs) @ javax-mail-api ---
[INFO] Spotbugs plugin skipped
[INFO] 
[INFO] --- spotless:2.44.5:check (default) @ javax-mail-api ---
[INFO] Spotless check skipped
[INFO] 
[INFO] --- install:3.1.4:install (default-install) @ javax-mail-api ---
[INFO] Installing /tmp/plugin-builds/javax-mail-api/target/javax-mail-api-1.6.2-12-SNAPSHOT.pom to /home/poddingue/.m2/repository/io/jenkins/plugins/javax-mail-api/1.6.2-12-SNAPSHOT/javax-mail-api-1.6.2-12-SNAPSHOT.pom
[INFO] Installing /tmp/plugin-builds/javax-mail-api/target/javax-mail-api.hpi to /home/poddingue/.m2/repository/io/jenkins/plugins/javax-mail-api/1.6.2-12-SNAPSHOT/javax-mail-api-1.6.2-12-SNAPSHOT.hpi
[INFO] Installing /tmp/plugin-builds/javax-mail-api/target/javax-mail-api.jar to /home/poddingue/.m2/repository/io/jenkins/plugins/javax-mail-api/1.6.2-12-SNAPSHOT/javax-mail-api-1.6.2-12-SNAPSHOT.jar
[INFO] ------------------------------------------------------------------------
[INFO] BUILD SUCCESS
[INFO] ------------------------------------------------------------------------
[INFO] Total time:  7.538 s
[INFO] Finished at: 2025-07-09T11:15:21+02:00
[INFO] ------------------------------------------------------------------------
