[INFO] Scanning for projects...
[INFO] Artifact org.jenkins-ci.tools:maven-hpi-plugin:pom:3.1787.vd08d76c755ef is present in the local repository, but cached from a remote repository ID that is unavailable in current build context, verifying that is downloadable from [incrementals (https://repo.jenkins-ci.org/incrementals/, default, releases), central (https://repo.maven.apache.org/maven2, default, releases)]
[INFO] Artifact org.jenkins-ci.tools:maven-hpi-plugin:pom:3.1787.vd08d76c755ef is present in the local repository, but cached from a remote repository ID that is unavailable in current build context, verifying that is downloadable from [incrementals (https://repo.jenkins-ci.org/incrementals/, default, releases), central (https://repo.maven.apache.org/maven2, default, releases)]
[WARNING] The POM for org.jenkins-ci.tools:maven-hpi-plugin:jar:3.1787.vd08d76c755ef is missing, no dependency information available
[INFO] Artifact org.jenkins-ci.tools:maven-hpi-plugin:jar:3.1787.vd08d76c755ef is present in the local repository, but cached from a remote repository ID that is unavailable in current build context, verifying that is downloadable from [incrementals (https://repo.jenkins-ci.org/incrementals/, default, releases), central (https://repo.maven.apache.org/maven2, default, releases)]
[INFO] Artifact org.jenkins-ci.tools:maven-hpi-plugin:jar:3.1787.vd08d76c755ef is present in the local repository, but cached from a remote repository ID that is unavailable in current build context, verifying that is downloadable from [incrementals (https://repo.jenkins-ci.org/incrementals/, default, releases), central (https://repo.maven.apache.org/maven2, default, releases)]
[WARNING] Failed to build parent project for io.jenkins.plugins:jersey2-api:hpi:2.47-999999-SNAPSHOT
[INFO] 
[INFO] -------------------< io.jenkins.plugins:jersey2-api >-------------------
[INFO] Building Jersey 2 API 2.47-999999-SNAPSHOT
[INFO]   from pom.xml
[INFO] --------------------------------[ hpi ]---------------------------------
[INFO] 
[INFO] --- clean:3.5.0:clean (default-clean) @ jersey2-api ---
[INFO] 
[INFO] --- hpi:3.1787.vd08d76c755ef:validate (default-validate) @ jersey2-api ---
[INFO] Created marker file /tmp/plugin-builds/jersey2-api/target/java-level/17
[INFO] 
[INFO] --- hpi:3.1787.vd08d76c755ef:validate-hpi (default-validate-hpi) @ jersey2-api ---
[INFO] 
[INFO] --- enforcer:3.6.2:enforce (display-info) @ jersey2-api ---
[INFO] Rule 0: io.jenkins.tools.incrementals.enforcer.RequireExtensionVersion passed
[INFO] Rule 1: org.apache.maven.enforcer.rules.version.RequireMavenVersion passed
[INFO] Rule 2: org.apache.maven.enforcer.rules.version.RequireJavaVersion passed
[INFO] Rule 3: org.apache.maven.enforcer.rules.RequirePluginVersions passed
[INFO] Rule 4: org.codehaus.mojo.extraenforcer.dependencies.EnforceBytecodeVersion passed
[INFO] Rule 5: org.apache.maven.enforcer.rules.dependency.BannedDependencies passed
[INFO] Rule 6: org.apache.maven.enforcer.rules.dependency.BannedDependencies passed
[INFO] Rule 7: org.apache.maven.enforcer.rules.dependency.RequireUpperBoundDeps passed
[INFO] 
[INFO] --- enforcer:3.6.2:enforce (no-snapshots-in-release) @ jersey2-api ---
[INFO] Rule 0: org.apache.maven.enforcer.rules.dependency.RequireReleaseDeps passed
[INFO] 
[INFO] --- localizer:1.31:generate (default) @ jersey2-api ---
[INFO] 
[INFO] --- enforcer:3.6.2:enforce (check-junit-imports) @ jersey2-api ---
[INFO] Rule 0: org.apache.maven.plugins.enforcer.RestrictImports passed
[INFO] 
[INFO] --- resources:3.4.0:resources (default-resources) @ jersey2-api ---
[INFO] Copying 1 resource from src/main/resources to target/classes
[INFO] 
[INFO] --- flatten:1.7.3:flatten (flatten) @ jersey2-api ---
[INFO] Generating flattened POM of project io.jenkins.plugins:jersey2-api:hpi:2.47-999999-SNAPSHOT...
[INFO] 
[INFO] --- compiler:3.14.1:compile (default-compile) @ jersey2-api ---
[INFO] Nothing to compile - all classes are up to date.
[INFO] 
[INFO] --- access-modifier-checker:1.35:enforce (default-enforce) @ jersey2-api ---
[INFO] 
[INFO] --- bridge-method-injector:1.32:process (default) @ jersey2-api ---
[INFO] 
[INFO] --- hpi:3.1787.vd08d76c755ef:insert-test (default-insert-test) @ jersey2-api ---
[INFO] 
[INFO] --- antrun:3.2.0:run (createTempDir) @ jersey2-api ---
[INFO] Executing tasks
[INFO]     [mkdir] Created dir: /tmp/plugin-builds/jersey2-api/target/tmp
[INFO] Executed tasks
[INFO] 
[INFO] --- resources:3.4.0:testResources (default-testResources) @ jersey2-api ---
[INFO] Not copying test resources
[INFO] 
[INFO] --- compiler:3.14.1:testCompile (default-testCompile) @ jersey2-api ---
[INFO] Not compiling test sources
[INFO] 
[INFO] --- hpi:3.1787.vd08d76c755ef:test-hpl (default-test-hpl) @ jersey2-api ---
[INFO] Generating /tmp/plugin-builds/jersey2-api/target/test-classes/the.hpl
[INFO] 
[INFO] --- hpi:3.1787.vd08d76c755ef:resolve-test-dependencies (default-resolve-test-dependencies) @ jersey2-api ---
[INFO] 
[INFO] --- hpi:3.1787.vd08d76c755ef:test-runtime (default-test-runtime) @ jersey2-api ---
[INFO] Tests are skipped.
[INFO] 
[INFO] --- surefire:3.5.4:test (default-test) @ jersey2-api ---
[INFO] Tests are skipped.
[INFO] 
[INFO] --- license:184.v19c87b_6b_a_9a_c:process (default) @ jersey2-api ---
[INFO] Generated /tmp/plugin-builds/jersey2-api/target/jersey2-api/WEB-INF/licenses.xml
[INFO] 
[INFO] --- hpi:3.1787.vd08d76c755ef:hpi (default-hpi) @ jersey2-api ---
[INFO] Generating /tmp/plugin-builds/jersey2-api/target/jersey2-api/META-INF/MANIFEST.MF
[INFO] Checking for attached .jar artifact ...
[INFO] Generating jar /tmp/plugin-builds/jersey2-api/target/jersey2-api.jar
[INFO] Building jar: /tmp/plugin-builds/jersey2-api/target/jersey2-api.jar
[INFO] Exploding webapp...
[INFO] Copy webapp webResources to /tmp/plugin-builds/jersey2-api/target/jersey2-api
[INFO] Assembling webapp jersey2-api in /tmp/plugin-builds/jersey2-api/target/jersey2-api
[INFO] Bundling transitive dependency jakarta.json.bind-api-1.0.2.jar (via jersey-media-json-binding)
[INFO] Bundling transitive dependency jakarta.json-api-1.1.6.jar (via jersey-media-json-binding)
[INFO] Bundling transitive dependency jakarta.validation-api-2.0.2.jar (via jersey-container-servlet)
[INFO] Bundling transitive dependency jakarta.ws.rs-api-2.1.6.jar (via jersey-apache-connector)
[INFO] Bundling transitive dependency jettison-1.5.4.jar (via jersey-media-json-jettison)
[INFO] Bundling transitive dependency yasson-1.0.11.jar (via jersey-media-json-binding)
[INFO] Bundling transitive dependency aopalliance-repackaged-2.6.1.jar (via jersey-hk2)
[INFO] Bundling transitive dependency jakarta.inject-2.6.1.jar (via jersey-media-jaxb)
[INFO] Bundling transitive dependency hk2-api-2.6.1.jar (via jersey-hk2)
[INFO] Bundling transitive dependency hk2-locator-2.6.1.jar (via jersey-hk2)
[INFO] Bundling transitive dependency hk2-utils-2.6.1.jar (via jersey-hk2)
[INFO] Bundling transitive dependency osgi-resource-locator-1.0.3.jar (via jersey-media-jaxb)
[INFO] Bundling direct dependency jersey-apache-connector-2.47.jar
[INFO] Bundling transitive dependency jersey-container-servlet-core-2.47.jar (via jersey-container-servlet)
[INFO] Bundling direct dependency jersey-container-servlet-2.47.jar
[INFO] Bundling transitive dependency jersey-client-2.47.jar (via jersey-apache-connector)
[INFO] Bundling transitive dependency jersey-common-2.47.jar (via jersey-apache-connector)
[INFO] Bundling transitive dependency jersey-server-2.47.jar (via jersey-container-servlet)
[INFO] Bundling transitive dependency jersey-entity-filtering-2.47.jar (via jersey-media-json-jackson)
[INFO] Bundling direct dependency jersey-hk2-2.47.jar
[INFO] Bundling direct dependency jersey-media-jaxb-2.47.jar
[INFO] Bundling direct dependency jersey-media-json-binding-2.47.jar
[INFO] Bundling direct dependency jersey-media-json-jackson-2.47.jar
[INFO] Bundling direct dependency jersey-media-json-jettison-2.47.jar
[INFO] Bundling direct dependency jersey-media-multipart-2.47.jar
[INFO] Bundling direct dependency jersey-media-sse-2.47.jar
[INFO] Bundling transitive dependency jakarta.json-1.1.6.jar (via jersey-media-json-binding)
[INFO] Bundling transitive dependency jakarta.json-1.1.6-module.jar (via jersey-media-json-binding)
[INFO] Bundling transitive dependency javassist-3.30.2-GA.jar (via jersey-hk2)
[INFO] Bundling transitive dependency mimepull-1.9.15.jar (via jersey-media-multipart)
[INFO] Generating hpi /tmp/plugin-builds/jersey2-api/target/jersey2-api.hpi
[INFO] Building jar: /tmp/plugin-builds/jersey2-api/target/jersey2-api.hpi
[INFO] 
[INFO] --- jar:3.5.0:test-jar (maybe-test-jar) @ jersey2-api ---
[INFO] Skipping packaging of the test-jar
[INFO] 
[INFO] >>> spotbugs:4.9.8.2:check (spotbugs) > :spotbugs @ jersey2-api >>>
[INFO] 
[INFO] --- spotbugs:4.9.8.2:spotbugs (spotbugs) @ jersey2-api ---
[INFO] No files found to run spotbugs; check compile phase has been run.
[INFO] Skipping com.github.spotbugs:spotbugs-maven-plugin:4.9.8.2:spotbugs report goal
[INFO] 
[INFO] <<< spotbugs:4.9.8.2:check (spotbugs) < :spotbugs @ jersey2-api <<<
[INFO] 
[INFO] 
[INFO] --- spotbugs:4.9.8.2:check (spotbugs) @ jersey2-api ---
[INFO] 
[INFO] --- spotless:3.1.0:check (default) @ jersey2-api ---
[INFO] Index file does not exist. Fallback to an empty index
WARNING: A terminally deprecated method in sun.misc.Unsafe has been called
WARNING: sun.misc.Unsafe::staticFieldBase has been called by com.diffplug.spotless.java.ModuleHelper (file:/home/runner/.m2/repository/com/diffplug/spotless/spotless-lib/4.1.0/spotless-lib-4.1.0.jar)
WARNING: Please consider reporting this to the maintainers of class com.diffplug.spotless.java.ModuleHelper
WARNING: sun.misc.Unsafe::staticFieldBase will be removed in a future release
[INFO] Spotless.Java is keeping 5 files clean - 0 needs changes to be clean, 5 were already clean, 0 were skipped because caching determined they were already clean
[INFO] Sorting file /tmp/pom14518824578702008575.xml
[INFO] Pom file is already sorted, exiting
[INFO] Spotless.Pom is keeping 1 files clean - 0 needs changes to be clean, 1 were already clean, 0 were skipped because caching determined they were already clean
[INFO] 
[INFO] --- install:3.1.4:install (default-install) @ jersey2-api ---
[INFO] Installing /tmp/plugin-builds/jersey2-api/target/jersey2-api-2.47-999999-SNAPSHOT.pom to /home/runner/.m2/repository/io/jenkins/plugins/jersey2-api/2.47-999999-SNAPSHOT/jersey2-api-2.47-999999-SNAPSHOT.pom
[INFO] Installing /tmp/plugin-builds/jersey2-api/target/jersey2-api.hpi to /home/runner/.m2/repository/io/jenkins/plugins/jersey2-api/2.47-999999-SNAPSHOT/jersey2-api-2.47-999999-SNAPSHOT.hpi
[INFO] Installing /tmp/plugin-builds/jersey2-api/target/jersey2-api.jar to /home/runner/.m2/repository/io/jenkins/plugins/jersey2-api/2.47-999999-SNAPSHOT/jersey2-api-2.47-999999-SNAPSHOT.jar
[INFO] ------------------------------------------------------------------------
[INFO] BUILD SUCCESS
[INFO] ------------------------------------------------------------------------
[INFO] Total time:  42.826 s
[INFO] Finished at: 2026-01-13T02:32:23Z
[INFO] ------------------------------------------------------------------------
