WARNING: A restricted method in java.lang.System has been called
WARNING: java.lang.System::load has been called by org.fusesource.jansi.internal.JansiLoader in an unnamed module (file:/home/poddingue/.sdkman/candidates/maven/current/lib/jansi-2.4.1.jar)
WARNING: Use --enable-native-access=ALL-UNNAMED to avoid a warning for callers in this module
WARNING: Restricted methods will be blocked in a future release unless native access is enabled

WARNING: A terminally deprecated method in sun.misc.Unsafe has been called
WARNING: sun.misc.Unsafe::objectFieldOffset has been called by com.google.common.util.concurrent.AbstractFuture$UnsafeAtomicHelper (file:/home/poddingue/.sdkman/candidates/maven/current/lib/guava-33.2.1-jre.jar)
WARNING: Please consider reporting this to the maintainers of class com.google.common.util.concurrent.AbstractFuture$UnsafeAtomicHelper
WARNING: sun.misc.Unsafe::objectFieldOffset will be removed in a future release
[INFO] Scanning for projects...
[INFO] 
[INFO] --------------------< org.jenkins-ci.plugins:jira >---------------------
[INFO] Building Jenkins Jira plugin 3.18-SNAPSHOT
[INFO]   from pom.xml
[INFO] --------------------------------[ hpi ]---------------------------------
[INFO] 
[INFO] --- clean:3.4.1:clean (default-clean) @ jira ---
[INFO] 
[INFO] --- hpi:3.65:validate (default-validate) @ jira ---
[INFO] Created marker file /tmp/plugin-builds/jira/target/java-level/17
[INFO] 
[INFO] --- hpi:3.65:validate-hpi (default-validate-hpi) @ jira ---
[INFO] 
[INFO] --- enforcer:3.5.0:enforce (display-info) @ jira ---
[INFO] Rule 0: io.jenkins.tools.incrementals.enforcer.RequireExtensionVersion passed
[INFO] Rule 1: org.apache.maven.enforcer.rules.version.RequireMavenVersion passed
[INFO] Rule 2: org.apache.maven.enforcer.rules.version.RequireJavaVersion passed
[INFO] Rule 3: org.codehaus.mojo.extraenforcer.dependencies.EnforceBytecodeVersion passed
[INFO] Rule 4: org.apache.maven.enforcer.rules.dependency.BannedDependencies passed
[INFO] Rule 5: org.apache.maven.enforcer.rules.dependency.BannedDependencies passed
[INFO] Ignoring requireUpperBoundDeps in org.ow2.asm:asm
[INFO] Rule 6: org.apache.maven.enforcer.rules.dependency.RequireUpperBoundDeps passed
[INFO] 
[INFO] --- enforcer:3.5.0:enforce (no-snapshots-in-release) @ jira ---
[INFO] Rule 0: org.apache.maven.enforcer.rules.dependency.RequireReleaseDeps passed
[INFO] 
[INFO] --- localizer:1.31:generate (default) @ jira ---
[INFO] 
[INFO] --- resources:3.3.1:resources (default-resources) @ jira ---
[INFO] Copying 115 resources from src/main/resources to target/classes
[INFO] 
[INFO] --- flatten:1.7.0:flatten (flatten) @ jira ---
[INFO] Generating flattened POM of project org.jenkins-ci.plugins:jira:hpi:3.18-SNAPSHOT...
[INFO] 
[INFO] --- compiler:3.14.0:compile (default-compile) @ jira ---
[INFO] Recompiling the module because of changed source code.
[INFO] Compiling 76 source files with javac [debug parameters release 17] to target/classes
[INFO] hudson.plugins.jira.JiraChangeLogAnnotator indexed under hudson.Extension
[INFO] hudson.plugins.jira.JiraCreateIssueNotifier.DESCRIPTOR indexed under hudson.Extension
[INFO] hudson.plugins.jira.JiraCreateReleaseNotes.Descriptor indexed under hudson.Extension
[INFO] hudson.plugins.jira.JiraEnvironmentVariableBuilder.DescriptorImpl indexed under hudson.Extension
[INFO] hudson.plugins.jira.JiraFolderProperty.DescriptorImpl indexed under hudson.Extension
[INFO] hudson.plugins.jira.JiraGlobalConfiguration indexed under hudson.Extension
[INFO] hudson.plugins.jira.JiraIssueMigrator.DESCRIPTOR indexed under hudson.Extension
[INFO] hudson.plugins.jira.JiraIssueUpdateBuilder.DescriptorImpl indexed under hudson.Extension
[INFO] hudson.plugins.jira.JiraIssueUpdater.DESCRIPTOR indexed under hudson.Extension
[INFO] hudson.plugins.jira.JiraJobAction.RunListenerImpl indexed under hudson.Extension
[INFO] hudson.plugins.jira.JiraMailAddressResolver indexed under hudson.Extension
[INFO] hudson.plugins.jira.JiraProjectProperty.DescriptorImpl indexed under hudson.Extension
[INFO] hudson.plugins.jira.JiraReleaseVersionUpdater.DESCRIPTOR indexed under hudson.Extension
[INFO] hudson.plugins.jira.JiraReleaseVersionUpdaterBuilder.DESCRIPTOR indexed under hudson.Extension
[INFO] hudson.plugins.jira.JiraSite.DescriptorImpl indexed under hudson.Extension
[INFO] hudson.plugins.jira.JiraVersionCreator.DESCRIPTOR indexed under hudson.Extension
[INFO] hudson.plugins.jira.JiraVersionCreatorBuilder.DESCRIPTOR indexed under hudson.Extension
[INFO] hudson.plugins.jira.listissuesparameter.JiraIssueParameterDefinition.DescriptorImpl indexed under hudson.Extension
[INFO] hudson.plugins.jira.pipeline.CommentStep.DescriptorImpl indexed under hudson.Extension
[INFO] hudson.plugins.jira.pipeline.IssueFieldUpdateStep.DescriptorImpl indexed under hudson.Extension
[INFO] hudson.plugins.jira.pipeline.IssueSelectorStep.DescriptorImpl indexed under hudson.Extension
[INFO] hudson.plugins.jira.pipeline.SearchIssuesStep.DescriptorImpl indexed under hudson.Extension
[INFO] hudson.plugins.jira.selector.DefaultIssueSelector.DescriptorImpl indexed under hudson.Extension
[INFO] hudson.plugins.jira.selector.ExplicitIssueSelector.DescriptorImpl indexed under hudson.Extension
[INFO] hudson.plugins.jira.selector.JqlIssueSelector.DescriptorImpl indexed under hudson.Extension
[INFO] hudson.plugins.jira.selector.perforce.P4JobIssueSelector.DescriptorImpl indexed under hudson.Extension
[INFO] hudson.plugins.jira.versionparameter.JiraVersionParameterDefinition.DescriptorImpl indexed under hudson.Extension
[INFO] /tmp/plugin-builds/jira/src/main/java/hudson/plugins/jira/JiraCreateIssueNotifier.java:[70,12] Generating hudson/plugins/jira/JiraCreateIssueNotifier.stapler
[INFO] /tmp/plugin-builds/jira/src/main/java/hudson/plugins/jira/JiraCreateReleaseNotes.java:[55,12] Generating hudson/plugins/jira/JiraCreateReleaseNotes.stapler
[INFO] /tmp/plugin-builds/jira/src/main/java/hudson/plugins/jira/JiraEnvironmentVariableBuilder.java:[26,12] Generating hudson/plugins/jira/JiraEnvironmentVariableBuilder.stapler
[INFO] /tmp/plugin-builds/jira/src/main/java/hudson/plugins/jira/JiraFolderProperty.java:[27,12] Generating hudson/plugins/jira/JiraFolderProperty.stapler
[INFO] /tmp/plugin-builds/jira/src/main/java/hudson/plugins/jira/JiraIssueMigrator.java:[28,12] Generating hudson/plugins/jira/JiraIssueMigrator.stapler
[INFO] /tmp/plugin-builds/jira/src/main/java/hudson/plugins/jira/JiraIssueUpdateBuilder.java:[48,12] Generating hudson/plugins/jira/JiraIssueUpdateBuilder.stapler
[INFO] /tmp/plugin-builds/jira/src/main/java/hudson/plugins/jira/JiraIssueUpdater.java:[43,12] Generating hudson/plugins/jira/JiraIssueUpdater.stapler
[INFO] /tmp/plugin-builds/jira/src/main/java/hudson/plugins/jira/JiraJobAction.java:[41,12] Generating hudson/plugins/jira/JiraJobAction.stapler
[INFO] /tmp/plugin-builds/jira/src/main/java/hudson/plugins/jira/JiraProjectProperty.java:[34,12] Generating hudson/plugins/jira/JiraProjectProperty.stapler
[INFO] /tmp/plugin-builds/jira/src/main/java/hudson/plugins/jira/JiraReleaseVersionUpdater.java:[38,12] Generating hudson/plugins/jira/JiraReleaseVersionUpdater.stapler
[INFO] /tmp/plugin-builds/jira/src/main/java/hudson/plugins/jira/JiraReleaseVersionUpdaterBuilder.java:[35,12] Generating hudson/plugins/jira/JiraReleaseVersionUpdaterBuilder.stapler
[INFO] /tmp/plugin-builds/jira/src/main/java/hudson/plugins/jira/JiraSite.java:[417,12] Generating hudson/plugins/jira/JiraSite.stapler
[INFO] /tmp/plugin-builds/jira/src/main/java/hudson/plugins/jira/JiraVersionCreator.java:[29,12] Generating hudson/plugins/jira/JiraVersionCreator.stapler
[INFO] /tmp/plugin-builds/jira/src/main/java/hudson/plugins/jira/JiraVersionCreatorBuilder.java:[29,12] Generating hudson/plugins/jira/JiraVersionCreatorBuilder.stapler
[INFO] /tmp/plugin-builds/jira/src/main/java/hudson/plugins/jira/listissuesparameter/JiraIssueParameterDefinition.java:[48,12] Generating hudson/plugins/jira/listissuesparameter/JiraIssueParameterDefinition.stapler
[INFO] /tmp/plugin-builds/jira/src/main/java/hudson/plugins/jira/listissuesparameter/JiraIssueParameterValue.java:[32,12] Generating hudson/plugins/jira/listissuesparameter/JiraIssueParameterValue.stapler
[INFO] /tmp/plugin-builds/jira/src/main/java/hudson/plugins/jira/pipeline/CommentStep.java:[32,12] Generating hudson/plugins/jira/pipeline/CommentStep.stapler
[INFO] /tmp/plugin-builds/jira/src/main/java/hudson/plugins/jira/pipeline/IssueFieldUpdateStep.java:[73,12] Generating hudson/plugins/jira/pipeline/IssueFieldUpdateStep.stapler
[INFO] /tmp/plugin-builds/jira/src/main/java/hudson/plugins/jira/pipeline/IssueSelectorStep.java:[36,12] Generating hudson/plugins/jira/pipeline/IssueSelectorStep.stapler
[INFO] /tmp/plugin-builds/jira/src/main/java/hudson/plugins/jira/pipeline/SearchIssuesStep.java:[34,12] Generating hudson/plugins/jira/pipeline/SearchIssuesStep.stapler
[INFO] /tmp/plugin-builds/jira/src/main/java/hudson/plugins/jira/selector/DefaultIssueSelector.java:[35,12] Generating hudson/plugins/jira/selector/DefaultIssueSelector.stapler
[INFO] /tmp/plugin-builds/jira/src/main/java/hudson/plugins/jira/selector/ExplicitIssueSelector.java:[29,12] Generating hudson/plugins/jira/selector/ExplicitIssueSelector.stapler
[INFO] /tmp/plugin-builds/jira/src/main/java/hudson/plugins/jira/selector/JqlIssueSelector.java:[26,12] Generating hudson/plugins/jira/selector/JqlIssueSelector.stapler
[INFO] /tmp/plugin-builds/jira/src/main/java/hudson/plugins/jira/selector/perforce/P4JobIssueSelector.java:[39,12] Generating hudson/plugins/jira/selector/perforce/P4JobIssueSelector.stapler
[INFO] /tmp/plugin-builds/jira/src/main/java/hudson/plugins/jira/versionparameter/JiraVersionParameterDefinition.java:[32,12] Generating hudson/plugins/jira/versionparameter/JiraVersionParameterDefinition.stapler
[INFO] /tmp/plugin-builds/jira/src/main/java/hudson/plugins/jira/versionparameter/JiraVersionParameterValue.java:[20,12] Generating hudson/plugins/jira/versionparameter/JiraVersionParameterValue.stapler
[INFO] /tmp/plugin-builds/jira/src/main/java/hudson/plugins/jira/listissuesparameter/JiraIssueParameterValue.java:[26,8] Generating hudson/plugins/jira/listissuesparameter/JiraIssueParameterValue.javadoc
[INFO] /tmp/plugin-builds/jira/src/main/java/hudson/plugins/jira/model/JiraIssue.java:[18,14] Generating hudson/plugins/jira/model/JiraIssue.javadoc
[INFO] /tmp/plugin-builds/jira/src/main/java/hudson/plugins/jira/JiraJobAction.java:[33,8] Generating hudson/plugins/jira/JiraJobAction.javadoc
[INFO] /tmp/plugin-builds/jira/src/main/java/hudson/plugins/jira/JiraCarryOverAction.java:[19,8] Generating hudson/plugins/jira/JiraCarryOverAction.javadoc
[INFO] /tmp/plugin-builds/jira/src/main/java/hudson/plugins/jira/JiraBuildAction.java:[19,8] Generating hudson/plugins/jira/JiraBuildAction.javadoc
[INFO] /tmp/plugin-builds/jira/src/main/java/hudson/plugins/jira/JiraSite.java:[1465,31] Generating hudson/plugins/jira/JiraSite/DescriptorImpl/doCheckCredentialsId.stapler
[INFO] /tmp/plugin-builds/jira/src/main/java/hudson/plugins/jira/JiraIssueUpdateBuilder.java:[135,31] Generating hudson/plugins/jira/JiraIssueUpdateBuilder/DescriptorImpl/doCheckJqlSearch.stapler
[INFO] /tmp/plugin-builds/jira/src/main/java/hudson/plugins/jira/JiraSite.java:[1354,31] Generating hudson/plugins/jira/JiraSite/DescriptorImpl/doCheckAlternativeUrl.stapler
[INFO] /tmp/plugin-builds/jira/src/main/java/hudson/plugins/jira/JiraSite.java:[1457,29] Generating hudson/plugins/jira/JiraSite/DescriptorImpl/doFillCredentialsIdItems.stapler
[INFO] /tmp/plugin-builds/jira/src/main/java/hudson/plugins/jira/JiraCreateIssueNotifier.java:[487,31] Generating hudson/plugins/jira/JiraCreateIssueNotifier/DescriptorImpl/doCheckProjectKey.stapler
[INFO] /tmp/plugin-builds/jira/src/main/java/hudson/plugins/jira/JiraIssueUpdateBuilder.java:[143,31] Generating hudson/plugins/jira/JiraIssueUpdateBuilder/DescriptorImpl/doCheckWorkflowActionName.stapler
[INFO] /tmp/plugin-builds/jira/src/main/java/hudson/plugins/jira/JiraSite.java:[1349,31] Generating hudson/plugins/jira/JiraSite/DescriptorImpl/doCheckUrl.stapler
[INFO] /tmp/plugin-builds/jira/src/main/java/hudson/plugins/jira/JiraSite.java:[1374,31] Generating hudson/plugins/jira/JiraSite/DescriptorImpl/doValidate.stapler
[INFO] /tmp/plugin-builds/jira/src/main/java/hudson/plugins/jira/pipeline/IssueFieldUpdateStep.java:[166,31] Generating hudson/plugins/jira/pipeline/IssueFieldUpdateStep/DescriptorImpl/doCheckField_id.stapler
[INFO] /tmp/plugin-builds/jira/src/main/java/com/atlassian/httpclient/apache/httpcomponents/ApacheAsyncHttpClient.java: Some input files use or override a deprecated API.
[INFO] /tmp/plugin-builds/jira/src/main/java/com/atlassian/httpclient/apache/httpcomponents/ApacheAsyncHttpClient.java: Recompile with -Xlint:deprecation for details.
[INFO] /tmp/plugin-builds/jira/src/main/java/com/atlassian/httpclient/apache/httpcomponents/DefaultHttpClientFactory.java: Some input files use unchecked or unsafe operations.
[INFO] /tmp/plugin-builds/jira/src/main/java/com/atlassian/httpclient/apache/httpcomponents/DefaultHttpClientFactory.java: Recompile with -Xlint:unchecked for details.
[INFO] 
[INFO] --- access-modifier-checker:1.35:enforce (default-enforce) @ jira ---
[INFO] Skipping access modifier checks
[INFO] 
[INFO] --- bridge-method-injector:1.31:process (default) @ jira ---
[INFO] 
[INFO] --- hpi:3.65:insert-test (default-insert-test) @ jira ---
[INFO] 
[INFO] --- antrun:3.1.0:run (createTempDir) @ jira ---
[INFO] Executing tasks
[INFO]     [mkdir] Created dir: /tmp/plugin-builds/jira/target/tmp
[INFO] Executed tasks
[INFO] 
[INFO] --- resources:3.3.1:testResources (default-testResources) @ jira ---
[INFO] Not copying test resources
[INFO] 
[INFO] --- compiler:3.14.0:testCompile (default-testCompile) @ jira ---
[INFO] Not compiling test sources
[INFO] 
[INFO] --- hpi:3.65:test-hpl (default-test-hpl) @ jira ---
[INFO] Generating /tmp/plugin-builds/jira/target/test-classes/the.hpl
[INFO] 
[INFO] --- hpi:3.65:resolve-test-dependencies (default-resolve-test-dependencies) @ jira ---
[INFO] 
[INFO] --- hpi:3.65:test-runtime (default-test-runtime) @ jira ---
[INFO] Tests are skipped.
[INFO] 
[INFO] --- surefire:3.5.3:test (default-test) @ jira ---
[INFO] Tests are skipped.
[INFO] 
[INFO] --- license:165.v7e11f4e4a_325:process (default) @ jira ---
[INFO] 
[INFO] --- hpi:3.65:hpi (default-hpi) @ jira ---
[INFO] Generating /tmp/plugin-builds/jira/target/jira/META-INF/MANIFEST.MF
[INFO] Checking for attached .jar artifact ...
[INFO] Generating jar /tmp/plugin-builds/jira/target/jira.jar
[INFO] Building jar: /tmp/plugin-builds/jira/target/jira.jar
[INFO] Exploding webapp...
[INFO] Copy webapp webResources to /tmp/plugin-builds/jira/target/jira
[INFO] Assembling webapp jira in /tmp/plugin-builds/jira/target/jira
[WARNING] Bundling transitive dependency atlassian-event-6.0.0.jar (via jira-rest-java-client-core)
[WARNING] Bundling transitive dependency atlassian-httpclient-api-4.0.1.jar (via jira-rest-java-client-api)
[INFO] Bundling direct dependency jira-rest-java-client-api-6.0.2.jar
[INFO] Bundling direct dependency jira-rest-java-client-core-6.0.2.jar
[WARNING] Bundling transitive dependency sal-api-6.0.1.jar (via jira-rest-java-client-core)
[INFO] Bundling direct dependency fugue-4.7.2.jar
[INFO] Bundling direct dependency atlassian-util-concurrent-4.1.0.jar
[INFO] Bundling direct dependency maven-artifact-3.9.9.jar
[WARNING] Bundling transitive dependency plexus-utils-3.5.1.jar (via maven-artifact)
[INFO] Generating hpi /tmp/plugin-builds/jira/target/jira.hpi
[INFO] Building jar: /tmp/plugin-builds/jira/target/jira.hpi
[INFO] 
[INFO] --- jar:3.4.2:test-jar (maybe-test-jar) @ jira ---
[INFO] Skipping packaging of the test-jar
[INFO] 
[INFO] >>> spotbugs:4.9.3.0:check (spotbugs) > :spotbugs @ jira >>>
[INFO] 
[INFO] --- spotbugs:4.9.3.0:spotbugs (spotbugs) @ jira ---
[INFO] Skipping com.github.spotbugs:spotbugs-maven-plugin:4.9.3.0:spotbugs report goal
[INFO] 
[INFO] <<< spotbugs:4.9.3.0:check (spotbugs) < :spotbugs @ jira <<<
[INFO] 
[INFO] 
[INFO] --- spotbugs:4.9.3.0:check (spotbugs) @ jira ---
[INFO] Spotbugs plugin skipped
[INFO] 
[INFO] --- spotless:2.44.4:check (default) @ jira ---
[INFO] Spotless check skipped
[INFO] 
[INFO] --- install:3.1.4:install (default-install) @ jira ---
[INFO] Installing /tmp/plugin-builds/jira/target/jira-3.18-SNAPSHOT.pom to /home/poddingue/.m2/repository/org/jenkins-ci/plugins/jira/3.18-SNAPSHOT/jira-3.18-SNAPSHOT.pom
[INFO] Installing /tmp/plugin-builds/jira/target/jira.hpi to /home/poddingue/.m2/repository/org/jenkins-ci/plugins/jira/3.18-SNAPSHOT/jira-3.18-SNAPSHOT.hpi
[INFO] Installing /tmp/plugin-builds/jira/target/jira.jar to /home/poddingue/.m2/repository/org/jenkins-ci/plugins/jira/3.18-SNAPSHOT/jira-3.18-SNAPSHOT.jar
[INFO] ------------------------------------------------------------------------
[INFO] BUILD SUCCESS
[INFO] ------------------------------------------------------------------------
[INFO] Total time:  12.028 s
[INFO] Finished at: 2025-06-22T21:17:34+02:00
[INFO] ------------------------------------------------------------------------
