WARNING: A restricted method in java.lang.System has been called
WARNING: java.lang.System::load has been called by org.fusesource.jansi.internal.JansiLoader in an unnamed module (file:/home/poddingue/.sdkman/candidates/maven/current/lib/jansi-2.4.1.jar)
WARNING: Use --enable-native-access=ALL-UNNAMED to avoid a warning for callers in this module
WARNING: Restricted methods will be blocked in a future release unless native access is enabled

WARNING: A terminally deprecated method in sun.misc.Unsafe has been called
WARNING: sun.misc.Unsafe::objectFieldOffset has been called by com.google.common.util.concurrent.AbstractFuture$UnsafeAtomicHelper (file:/home/poddingue/.sdkman/candidates/maven/current/lib/guava-33.2.1-jre.jar)
WARNING: Please consider reporting this to the maintainers of class com.google.common.util.concurrent.AbstractFuture$UnsafeAtomicHelper
WARNING: sun.misc.Unsafe::objectFieldOffset will be removed in a future release
[INFO] Scanning for projects...
[INFO] 
[INFO] --------------< org.jenkins-ci.plugins:job-import-plugin >--------------
[INFO] Building Job Import Plugin 999999-SNAPSHOT
[INFO]   from pom.xml
[INFO] --------------------------------[ hpi ]---------------------------------
[INFO] 
[INFO] --- clean:3.4.0:clean (default-clean) @ job-import-plugin ---
[INFO] 
[INFO] --- hpi:3.61:validate (default-validate) @ job-import-plugin ---
[INFO] Created marker file /tmp/plugin-builds/job-import-plugin/target/java-level/17
[INFO] 
[INFO] --- hpi:3.61:validate-hpi (default-validate-hpi) @ job-import-plugin ---
[INFO] 
[INFO] --- enforcer:3.5.0:enforce (display-info) @ job-import-plugin ---
[INFO] Rule 0: io.jenkins.tools.incrementals.enforcer.RequireExtensionVersion passed
[INFO] Rule 1: org.apache.maven.enforcer.rules.version.RequireMavenVersion passed
[INFO] Rule 2: org.apache.maven.enforcer.rules.version.RequireJavaVersion passed
[INFO] Rule 3: org.codehaus.mojo.extraenforcer.dependencies.EnforceBytecodeVersion passed
[INFO] Rule 4: org.apache.maven.enforcer.rules.dependency.BannedDependencies passed
[INFO] Rule 5: org.apache.maven.enforcer.rules.dependency.BannedDependencies passed
[INFO] Rule 6: org.apache.maven.enforcer.rules.dependency.RequireUpperBoundDeps passed
[INFO] 
[INFO] --- enforcer:3.5.0:enforce (no-snapshots-in-release) @ job-import-plugin ---
[INFO] Rule 0: org.apache.maven.enforcer.rules.dependency.RequireReleaseDeps passed
[INFO] 
[INFO] --- localizer:1.31:generate (default) @ job-import-plugin ---
[INFO] 
[INFO] --- resources:3.3.1:resources (default-resources) @ job-import-plugin ---
[INFO] Copying 6 resources from src/main/resources to target/classes
[INFO] 
[INFO] --- flatten:1.6.0:flatten (flatten) @ job-import-plugin ---
[INFO] Generating flattened POM of project org.jenkins-ci.plugins:job-import-plugin:hpi:999999-SNAPSHOT...
[INFO] 
[INFO] --- compiler:3.13.0:compile (default-compile) @ job-import-plugin ---
[INFO] Recompiling the module because of changed source code.
[INFO] Compiling 14 source files with javac [debug parameters release 17] to target/classes
[INFO] org.jenkins.ci.plugins.jobimport.JobImportAction indexed under hudson.Extension
[INFO] org.jenkins.ci.plugins.jobimport.JobImportAction.JobImportActionDescriptor indexed under hudson.Extension
[INFO] org.jenkins.ci.plugins.jobimport.JobImportGlobalConfig indexed under hudson.Extension
[INFO] org.jenkins.ci.plugins.jobimport.model.JenkinsSite.DescriptorImpl indexed under hudson.Extension
[INFO] /tmp/plugin-builds/job-import-plugin/src/main/java/org/jenkins/ci/plugins/jobimport/model/JenkinsSite.java:[25,12] Generating org/jenkins/ci/plugins/jobimport/model/JenkinsSite.stapler
[INFO] /tmp/plugin-builds/job-import-plugin/src/main/java/org/jenkins/ci/plugins/jobimport/JobImportAction.java: Some input files use or override a deprecated API.
[INFO] /tmp/plugin-builds/job-import-plugin/src/main/java/org/jenkins/ci/plugins/jobimport/JobImportAction.java: Recompile with -Xlint:deprecation for details.
[INFO] /tmp/plugin-builds/job-import-plugin/src/main/java/org/jenkins/ci/plugins/jobimport/JobImportAction.java: /tmp/plugin-builds/job-import-plugin/src/main/java/org/jenkins/ci/plugins/jobimport/JobImportAction.java uses unchecked or unsafe operations.
[INFO] /tmp/plugin-builds/job-import-plugin/src/main/java/org/jenkins/ci/plugins/jobimport/JobImportAction.java: Recompile with -Xlint:unchecked for details.
[INFO] 
[INFO] --- access-modifier-checker:1.34:enforce (default-enforce) @ job-import-plugin ---
[INFO] Skipping access modifier checks
[INFO] 
[INFO] --- hpi:3.61:insert-test (default-insert-test) @ job-import-plugin ---
[INFO] 
[INFO] --- antrun:3.1.0:run (createTempDir) @ job-import-plugin ---
[INFO] Executing tasks
[INFO]     [mkdir] Created dir: /tmp/plugin-builds/job-import-plugin/target/tmp
[INFO] Executed tasks
[INFO] 
[INFO] --- resources:3.3.1:testResources (default-testResources) @ job-import-plugin ---
[INFO] Copying 11 resources from src/test/resources to target/test-classes
[INFO] 
[INFO] --- compiler:3.13.0:testCompile (default-testCompile) @ job-import-plugin ---
[INFO] Recompiling the module because of changed dependency.
[INFO] Compiling 4 source files with javac [debug parameters release 17] to target/test-classes
[INFO] /tmp/plugin-builds/job-import-plugin/src/test/java/org/jenkins/ci/plugins/jobimport/RemoteJenkins.java: /tmp/plugin-builds/job-import-plugin/src/test/java/org/jenkins/ci/plugins/jobimport/RemoteJenkins.java uses or overrides a deprecated API.
[INFO] /tmp/plugin-builds/job-import-plugin/src/test/java/org/jenkins/ci/plugins/jobimport/RemoteJenkins.java: Recompile with -Xlint:deprecation for details.
[INFO] 
[INFO] --- hpi:3.61:test-hpl (default-test-hpl) @ job-import-plugin ---
[INFO] Generating /tmp/plugin-builds/job-import-plugin/target/test-classes/the.hpl
[INFO] 
[INFO] --- hpi:3.61:resolve-test-dependencies (default-resolve-test-dependencies) @ job-import-plugin ---
[INFO] 
[INFO] --- hpi:3.61:test-runtime (default-test-runtime) @ job-import-plugin ---
[INFO] Tests are skipped.
[INFO] 
[INFO] --- surefire:3.5.2:test (default-test) @ job-import-plugin ---
[INFO] Tests are skipped.
[INFO] 
[INFO] --- license:165.v7e11f4e4a_325:process (default) @ job-import-plugin ---
[INFO] 
[INFO] --- hpi:3.61:hpi (default-hpi) @ job-import-plugin ---
[INFO] Generating /tmp/plugin-builds/job-import-plugin/target/job-import-plugin/META-INF/MANIFEST.MF
[INFO] Checking for attached .jar artifact ...
[INFO] Generating jar /tmp/plugin-builds/job-import-plugin/target/job-import-plugin.jar
[INFO] Building jar: /tmp/plugin-builds/job-import-plugin/target/job-import-plugin.jar
[INFO] Exploding webapp...
[INFO] Copy webapp webResources to /tmp/plugin-builds/job-import-plugin/target/job-import-plugin
[INFO] Assembling webapp job-import-plugin in /tmp/plugin-builds/job-import-plugin/target/job-import-plugin
[INFO] Generating hpi /tmp/plugin-builds/job-import-plugin/target/job-import-plugin.hpi
[INFO] Building jar: /tmp/plugin-builds/job-import-plugin/target/job-import-plugin.hpi
[INFO] 
[INFO] --- jar:3.4.2:test-jar (maybe-test-jar) @ job-import-plugin ---
[INFO] Skipping packaging of the test-jar
[INFO] 
[INFO] >>> spotbugs:4.8.3.1:check (spotbugs) > :spotbugs @ job-import-plugin >>>
[INFO] 
[INFO] --- spotbugs:4.8.3.1:spotbugs (spotbugs) @ job-import-plugin ---
[INFO] 
[INFO] <<< spotbugs:4.8.3.1:check (spotbugs) < :spotbugs @ job-import-plugin <<<
[INFO] 
[INFO] 
[INFO] --- spotbugs:4.8.3.1:check (spotbugs) @ job-import-plugin ---
[INFO] Spotbugs plugin skipped
[INFO] 
[INFO] --- spotless:2.44.2:check (default) @ job-import-plugin ---
[INFO] Spotless check skipped
[INFO] 
[INFO] --- install:3.1.3:install (default-install) @ job-import-plugin ---
[INFO] Installing /tmp/plugin-builds/job-import-plugin/target/job-import-plugin-999999-SNAPSHOT.pom to /home/poddingue/.m2/repository/org/jenkins-ci/plugins/job-import-plugin/999999-SNAPSHOT/job-import-plugin-999999-SNAPSHOT.pom
[INFO] Installing /tmp/plugin-builds/job-import-plugin/target/job-import-plugin.hpi to /home/poddingue/.m2/repository/org/jenkins-ci/plugins/job-import-plugin/999999-SNAPSHOT/job-import-plugin-999999-SNAPSHOT.hpi
[INFO] Installing /tmp/plugin-builds/job-import-plugin/target/job-import-plugin.jar to /home/poddingue/.m2/repository/org/jenkins-ci/plugins/job-import-plugin/999999-SNAPSHOT/job-import-plugin-999999-SNAPSHOT.jar
[INFO] ------------------------------------------------------------------------
[INFO] BUILD SUCCESS
[INFO] ------------------------------------------------------------------------
[INFO] Total time:  6.894 s
[INFO] Finished at: 2025-06-22T16:53:48+02:00
[INFO] ------------------------------------------------------------------------
