[INFO] Scanning for projects...
[INFO] Artifact org.jenkins-ci.tools:maven-hpi-plugin:pom:3.1801.v26037216c7d3 is present in the local repository, but cached from a remote repository ID that is unavailable in current build context, verifying that is downloadable from [incrementals (https://repo.jenkins-ci.org/incrementals/, default, releases), central (https://repo.maven.apache.org/maven2, default, releases)]
[INFO] Artifact org.jenkins-ci.tools:maven-hpi-plugin:pom:3.1801.v26037216c7d3 is present in the local repository, but cached from a remote repository ID that is unavailable in current build context, verifying that is downloadable from [incrementals (https://repo.jenkins-ci.org/incrementals/, default, releases), central (https://repo.maven.apache.org/maven2, default, releases)]
[WARNING] The POM for org.jenkins-ci.tools:maven-hpi-plugin:jar:3.1801.v26037216c7d3 is missing, no dependency information available
[INFO] Artifact org.jenkins-ci.tools:maven-hpi-plugin:jar:3.1801.v26037216c7d3 is present in the local repository, but cached from a remote repository ID that is unavailable in current build context, verifying that is downloadable from [incrementals (https://repo.jenkins-ci.org/incrementals/, default, releases), central (https://repo.maven.apache.org/maven2, default, releases)]
[INFO] Artifact org.jenkins-ci.tools:maven-hpi-plugin:jar:3.1801.v26037216c7d3 is present in the local repository, but cached from a remote repository ID that is unavailable in current build context, verifying that is downloadable from [incrementals (https://repo.jenkins-ci.org/incrementals/, default, releases), central (https://repo.maven.apache.org/maven2, default, releases)]
[WARNING] Failed to build parent project for org.jenkins-ci.plugins:job-dsl-parent:pom:999999-SNAPSHOT
[INFO] ------------------------------------------------------------------------
[INFO] Reactor Build Order:
[INFO] 
[INFO] Job DSL Parent                                                     [pom]
[INFO] Job DSL Abstract Syntax Tree (AST)                                 [jar]
[INFO] Job DSL Core                                                       [jar]
[INFO] Job DSL                                                            [hpi]
[INFO] 
[INFO] ---------------< org.jenkins-ci.plugins:job-dsl-parent >----------------
[INFO] Building Job DSL Parent 999999-SNAPSHOT                            [1/4]
[INFO]   from pom.xml
[INFO] --------------------------------[ pom ]---------------------------------
[INFO] 
[INFO] --- clean:3.5.0:clean (default-clean) @ job-dsl-parent ---
[INFO] 
[INFO] --- enforcer:3.6.2:enforce (display-info) @ job-dsl-parent ---
[INFO] Rule 0: io.jenkins.tools.incrementals.enforcer.RequireExtensionVersion passed
[INFO] Rule 1: org.apache.maven.enforcer.rules.version.RequireMavenVersion passed
[INFO] Rule 2: org.apache.maven.enforcer.rules.version.RequireJavaVersion passed
[INFO] Rule 3: org.apache.maven.enforcer.rules.RequirePluginVersions passed
[INFO] Rule 4: org.codehaus.mojo.extraenforcer.dependencies.EnforceBytecodeVersion passed
[INFO] Rule 5: org.apache.maven.enforcer.rules.dependency.BannedDependencies passed
[INFO] Rule 6: org.apache.maven.enforcer.rules.dependency.BannedDependencies passed
[INFO] Rule 7: org.apache.maven.enforcer.rules.dependency.RequireUpperBoundDeps passed
[INFO] 
[INFO] --- enforcer:3.6.2:enforce (no-snapshots-in-release) @ job-dsl-parent ---
[INFO] Rule 0: org.apache.maven.enforcer.rules.dependency.RequireReleaseDeps passed
[INFO] 
[INFO] --- localizer:1.31:generate (default) @ job-dsl-parent ---
[INFO] 
[INFO] --- enforcer:3.6.2:enforce (check-junit-imports) @ job-dsl-parent ---
[INFO] Skipping Rule Enforcement.
[INFO] 
[INFO] --- enforcer:3.6.2:enforce (check-commons-lang-imports) @ job-dsl-parent ---
[INFO] Rule 0: org.apache.maven.plugins.enforcer.RestrictImports passed
[INFO] 
[INFO] --- flatten:1.7.3:flatten (flatten) @ job-dsl-parent ---
[INFO] Generating flattened POM of project org.jenkins-ci.plugins:job-dsl-parent:pom:999999-SNAPSHOT...
[INFO] 
[INFO] --- bridge-method-injector:1.32:process (default) @ job-dsl-parent ---
[INFO] 
[INFO] --- antrun:3.2.0:run (createTempDir) @ job-dsl-parent ---
[INFO] Executing tasks
[INFO]     [mkdir] Created dir: /tmp/plugin-builds/job-dsl/target/tmp
[INFO] Executed tasks
[INFO] 
[INFO] --- license:203.vffb_768f15d51:process (default) @ job-dsl-parent ---
[INFO] Generated /tmp/plugin-builds/job-dsl/target/job-dsl-parent/WEB-INF/licenses.xml
[INFO] 
[INFO] --- jar:3.5.0:test-jar (maybe-test-jar) @ job-dsl-parent ---
[INFO] Skipping packaging of the test-jar
[INFO] 
[INFO] >>> spotbugs:4.9.8.2:check (spotbugs) > :spotbugs @ job-dsl-parent >>>
[INFO] 
[INFO] --- spotbugs:4.9.8.2:spotbugs (spotbugs) @ job-dsl-parent ---
[INFO] No files found to run spotbugs; check compile phase has been run.
[INFO] Skipping com.github.spotbugs:spotbugs-maven-plugin:4.9.8.2:spotbugs report goal
[INFO] 
[INFO] <<< spotbugs:4.9.8.2:check (spotbugs) < :spotbugs @ job-dsl-parent <<<
[INFO] 
[INFO] 
[INFO] --- spotbugs:4.9.8.2:check (spotbugs) @ job-dsl-parent ---
[INFO] 
[INFO] --- spotless:3.2.0:check (default) @ job-dsl-parent ---
[INFO] Index file does not exist. Fallback to an empty index
[INFO] Sorting file /tmp/pom9810136507405421153.xml
[INFO] Pom file is already sorted, exiting
[INFO] Spotless.Pom is keeping 1 files clean - 0 needs changes to be clean, 1 were already clean, 0 were skipped because caching determined they were already clean
[INFO] 
[INFO] --- install:3.1.4:install (default-install) @ job-dsl-parent ---
[INFO] Installing /tmp/plugin-builds/job-dsl/target/job-dsl-parent-999999-SNAPSHOT.pom to /home/runner/.m2/repository/org/jenkins-ci/plugins/job-dsl-parent/999999-SNAPSHOT/job-dsl-parent-999999-SNAPSHOT.pom
[INFO] 
[INFO] -----------------< org.jenkins-ci.plugins:job-dsl-ast >-----------------
[INFO] Building Job DSL Abstract Syntax Tree (AST) 999999-SNAPSHOT        [2/4]
[INFO]   from job-dsl-ast/pom.xml
[INFO] --------------------------------[ jar ]---------------------------------
[INFO] 
[INFO] --- clean:3.5.0:clean (default-clean) @ job-dsl-ast ---
[INFO] 
[INFO] --- enforcer:3.6.2:enforce (display-info) @ job-dsl-ast ---
[INFO] Rule 3: org.apache.maven.enforcer.rules.RequirePluginVersions passed
[INFO] Rule 4: org.codehaus.mojo.extraenforcer.dependencies.EnforceBytecodeVersion passed
[INFO] Rule 5: org.apache.maven.enforcer.rules.dependency.BannedDependencies passed
[INFO] Rule 6: org.apache.maven.enforcer.rules.dependency.BannedDependencies passed
[INFO] Rule 7: org.apache.maven.enforcer.rules.dependency.RequireUpperBoundDeps passed
[INFO] 
[INFO] --- enforcer:3.6.2:enforce (no-snapshots-in-release) @ job-dsl-ast ---
[INFO] Rule 0: org.apache.maven.enforcer.rules.dependency.RequireReleaseDeps passed
[INFO] 
[INFO] --- gplus:4.3.0:addSources (default) @ job-dsl-ast ---
[INFO] 
[INFO] --- localizer:1.31:generate (default) @ job-dsl-ast ---
[INFO] 
[INFO] --- gplus:4.3.0:generateStubs (default) @ job-dsl-ast ---
[INFO] Using isolated classloader, without GMavenPlus classpath.
[INFO] Using Groovy 2.4.21 to perform generateStubs.
[INFO] Generated 5 stubs.
[INFO] 
[INFO] --- enforcer:3.6.2:enforce (check-junit-imports) @ job-dsl-ast ---
[INFO] Skipping Rule Enforcement.
[INFO] 
[INFO] --- enforcer:3.6.2:enforce (check-commons-lang-imports) @ job-dsl-ast ---
[INFO] Rule 0: org.apache.maven.plugins.enforcer.RestrictImports passed
[INFO] 
[INFO] --- resources:3.4.0:resources (default-resources) @ job-dsl-ast ---
[INFO] Copying 1 resource from src/main/resources to target/classes
[INFO] 
[INFO] --- flatten:1.7.3:flatten (flatten) @ job-dsl-ast ---
[INFO] Generating flattened POM of project org.jenkins-ci.plugins:job-dsl-ast:jar:999999-SNAPSHOT...
[INFO] 
[INFO] --- compiler:3.14.1:compile (default-compile) @ job-dsl-ast ---
[INFO] Recompiling the module because of changed source code.
[INFO] Compiling 5 source files with javac [debug parameters release 17] to target/classes
[INFO] 
[INFO] --- gplus:4.3.0:compile (default) @ job-dsl-ast ---
[INFO] Using isolated classloader, without GMavenPlus classpath.
[INFO] Using Groovy 2.4.21 to perform compile.
[INFO] Compiled 16 files.
[INFO] 
[INFO] --- gplus:4.3.0:removeStubs (default) @ job-dsl-ast ---
[WARNING] Plugin is modifying compileSourceRoots through iterator.remove(), which will not work in Maven 4.0.0. Use MavenProject.addCompileSourceRoot()/removeCompileSourceRoot() methods instead. If using a plugin, please upgrade to the latest version or report the issue to the plugin maintainer. To disable these warnings, set -Dmaven.project.sourceRoots.warningsDisabled=true on the command line, in the .mvn/maven.config file, or in project POM properties.
[INFO] 
[INFO] --- bridge-method-injector:1.32:process (default) @ job-dsl-ast ---
[INFO] 
[INFO] --- antrun:3.2.0:run (createTempDir) @ job-dsl-ast ---
[INFO] Executing tasks
[INFO]     [mkdir] Created dir: /tmp/plugin-builds/job-dsl/job-dsl-ast/target/tmp
[INFO] Executed tasks
[INFO] 
[INFO] --- resources:3.4.0:testResources (default-testResources) @ job-dsl-ast ---
[INFO] Not copying test resources
[INFO] 
[INFO] --- compiler:3.14.1:testCompile (default-testCompile) @ job-dsl-ast ---
[INFO] Not compiling test sources
[INFO] 
[INFO] --- surefire:3.5.4:test (default-test) @ job-dsl-ast ---
[INFO] Tests are skipped.
[INFO] 
[INFO] --- license:203.vffb_768f15d51:process (default) @ job-dsl-ast ---
[INFO] Generated /tmp/plugin-builds/job-dsl/job-dsl-ast/target/job-dsl-ast/WEB-INF/licenses.xml
[INFO] 
[INFO] --- jar:3.5.0:jar (default-jar) @ job-dsl-ast ---
[INFO] Building jar: /tmp/plugin-builds/job-dsl/job-dsl-ast/target/job-dsl-ast.jar
[INFO] 
[INFO] --- jar:3.5.0:test-jar (maybe-test-jar) @ job-dsl-ast ---
[INFO] Skipping packaging of the test-jar
[INFO] 
[INFO] >>> spotbugs:4.9.8.2:check (spotbugs) > :spotbugs @ job-dsl-ast >>>
[INFO] 
[INFO] --- spotbugs:4.9.8.2:spotbugs (spotbugs) @ job-dsl-ast ---
[INFO] Fork Value is true
[INFO] Done SpotBugs Analysis....
[INFO] Skipping com.github.spotbugs:spotbugs-maven-plugin:4.9.8.2:spotbugs report goal
[INFO] 
[INFO] <<< spotbugs:4.9.8.2:check (spotbugs) < :spotbugs @ job-dsl-ast <<<
[INFO] 
[INFO] 
[INFO] --- spotbugs:4.9.8.2:check (spotbugs) @ job-dsl-ast ---
[INFO] BugInstance size is 0
[INFO] Error size is 0
[INFO] No errors/warnings found
[INFO] 
[INFO] --- spotless:3.2.0:check (default) @ job-dsl-ast ---
[INFO] Index file does not exist. Fallback to an empty index
[INFO] Sorting file /tmp/pom12924455035760037804.xml
[INFO] Pom file is already sorted, exiting
[INFO] Spotless.Pom is keeping 1 files clean - 0 needs changes to be clean, 1 were already clean, 0 were skipped because caching determined they were already clean
[INFO] 
[INFO] --- antrun:3.2.0:run (default) @ job-dsl-ast ---
[INFO] Executing tasks
[INFO]      [echo] Checking src/main/groovy code with CodeNarc
[INFO] Loaded properties file in 59ms; 385 rules
[INFO] Loading ruleset from [file:/tmp/plugin-builds/job-dsl/config/codenarc/rules.groovy]
[INFO] Loading ruleset from [rulesets/basic.xml]
[INFO] Loading ruleset from [rulesets/braces.xml]
[INFO] Loading ruleset from [rulesets/concurrency.xml]
[INFO] Loading ruleset from [rulesets/convention.xml]
[INFO] Loading ruleset from [rulesets/design.xml]
[INFO] Loading ruleset from [rulesets/exceptions.xml]
[INFO] Loading ruleset from [rulesets/formatting.xml]
[INFO] Loading ruleset from [rulesets/generic.xml]
[INFO] Loading ruleset from [rulesets/groovyism.xml]
[INFO] Loading ruleset from [rulesets/imports.xml]
[INFO] Loading ruleset from [rulesets/logging.xml]
[INFO] Loading ruleset from [rulesets/naming.xml]
[INFO] Loading ruleset from [rulesets/security.xml]
[INFO] Loading ruleset from [rulesets/serialization.xml]
[INFO] Loading ruleset from [rulesets/unnecessary.xml]
[INFO] Loading ruleset from [rulesets/unused.xml]
[INFO] RuleSet configuration properties file [codenarc.properties] not found.
[INFO] Analysis time=1934ms; Files with analysis errors: 0
CodeNarc Report - Mar 10, 2026, 3:07:24 AM

Summary: TotalFiles=5 FilesWithViolations=0 P1=0 P2=0 P3=0

[CodeNarc (https://www.codenarc.org) v1.6.1]
CodeNarc completed: (p1=0; p2=0; p3=0) 5766ms
[INFO] Executed tasks
[INFO] 
[INFO] --- install:3.1.4:install (default-install) @ job-dsl-ast ---
[INFO] Installing /tmp/plugin-builds/job-dsl/job-dsl-ast/target/job-dsl-ast-999999-SNAPSHOT.pom to /home/runner/.m2/repository/org/jenkins-ci/plugins/job-dsl-ast/999999-SNAPSHOT/job-dsl-ast-999999-SNAPSHOT.pom
[INFO] Installing /tmp/plugin-builds/job-dsl/job-dsl-ast/target/job-dsl-ast.jar to /home/runner/.m2/repository/org/jenkins-ci/plugins/job-dsl-ast/999999-SNAPSHOT/job-dsl-ast-999999-SNAPSHOT.jar
[INFO] 
[INFO] ----------------< org.jenkins-ci.plugins:job-dsl-core >-----------------
[INFO] Building Job DSL Core 999999-SNAPSHOT                              [3/4]
[INFO]   from job-dsl-core/pom.xml
[INFO] --------------------------------[ jar ]---------------------------------
[INFO] 
[INFO] --- clean:3.5.0:clean (default-clean) @ job-dsl-core ---
[INFO] 
[INFO] --- enforcer:3.6.2:enforce (display-info) @ job-dsl-core ---
[INFO] Rule 3: org.apache.maven.enforcer.rules.RequirePluginVersions passed
[INFO] Rule 4: org.codehaus.mojo.extraenforcer.dependencies.EnforceBytecodeVersion passed
[INFO] Rule 5: org.apache.maven.enforcer.rules.dependency.BannedDependencies passed
[INFO] Rule 6: org.apache.maven.enforcer.rules.dependency.BannedDependencies passed
[INFO] Rule 7: org.apache.maven.enforcer.rules.dependency.RequireUpperBoundDeps passed
[INFO] 
[INFO] --- enforcer:3.6.2:enforce (no-snapshots-in-release) @ job-dsl-core ---
[INFO] Rule 0: org.apache.maven.enforcer.rules.dependency.RequireReleaseDeps passed
[INFO] 
[INFO] --- gplus:4.3.0:addSources (default) @ job-dsl-core ---
[INFO] 
[INFO] --- gplus:4.3.0:addTestSources (default) @ job-dsl-core ---
[INFO] 
[INFO] --- localizer:1.31:generate (default) @ job-dsl-core ---
[INFO] 
[INFO] --- gplus:4.3.0:generateStubs (default) @ job-dsl-core ---
[INFO] Using isolated classloader, without GMavenPlus classpath.
[INFO] Using Groovy 2.4.21 to perform generateStubs.
[INFO] Generated 327 stubs.
[INFO] 
[INFO] --- enforcer:3.6.2:enforce (check-junit-imports) @ job-dsl-core ---
[INFO] Skipping Rule Enforcement.
[INFO] 
[INFO] --- enforcer:3.6.2:enforce (check-commons-lang-imports) @ job-dsl-core ---
[INFO] Rule 0: org.apache.maven.plugins.enforcer.RestrictImports passed
[INFO] 
[INFO] --- resources:3.4.0:resources (default-resources) @ job-dsl-core ---
[INFO] Copying 19 resources from src/main/resources to target/classes
[INFO] 
[INFO] --- flatten:1.7.3:flatten (flatten) @ job-dsl-core ---
[INFO] Generating flattened POM of project org.jenkins-ci.plugins:job-dsl-core:jar:999999-SNAPSHOT...
[INFO] 
[INFO] --- compiler:3.14.1:compile (default-compile) @ job-dsl-core ---
[INFO] Recompiling the module because of changed dependency.
[INFO] Compiling 332 source files with javac [debug parameters release 17] to target/classes
[INFO] /tmp/plugin-builds/job-dsl/job-dsl-core/target/generated-sources/groovy-stubs/main/javaposse/jobdsl/dsl/DslScriptLoader.java: /tmp/plugin-builds/job-dsl/job-dsl-core/target/generated-sources/groovy-stubs/main/javaposse/jobdsl/dsl/DslScriptLoader.java uses unchecked or unsafe operations.
[INFO] /tmp/plugin-builds/job-dsl/job-dsl-core/target/generated-sources/groovy-stubs/main/javaposse/jobdsl/dsl/DslScriptLoader.java: Recompile with -Xlint:unchecked for details.
[INFO] 
[INFO] --- gplus:4.3.0:compile (default) @ job-dsl-core ---
[INFO] Using isolated classloader, without GMavenPlus classpath.
[INFO] Using Groovy 2.4.21 to perform compile.
[INFO] Compiled 1146 files.
[INFO] 
[INFO] --- gplus:4.3.0:removeStubs (default) @ job-dsl-core ---
[WARNING] Plugin is modifying compileSourceRoots through iterator.remove(), which will not work in Maven 4.0.0. Use MavenProject.addCompileSourceRoot()/removeCompileSourceRoot() methods instead. If using a plugin, please upgrade to the latest version or report the issue to the plugin maintainer. To disable these warnings, set -Dmaven.project.sourceRoots.warningsDisabled=true on the command line, in the .mvn/maven.config file, or in project POM properties.
[INFO] 
[INFO] --- bridge-method-injector:1.32:process (default) @ job-dsl-core ---
[INFO] 
[INFO] --- gplus:4.3.0:generateTestStubs (default) @ job-dsl-core ---
[INFO] Generation of test stubs is skipped.
[INFO] 
[INFO] --- antrun:3.2.0:run (createTempDir) @ job-dsl-core ---
[INFO] Executing tasks
[INFO]     [mkdir] Created dir: /tmp/plugin-builds/job-dsl/job-dsl-core/target/tmp
[INFO] Executed tasks
[INFO] 
[INFO] --- resources:3.4.0:testResources (default-testResources) @ job-dsl-core ---
[INFO] Not copying test resources
[INFO] 
[INFO] --- compiler:3.14.1:testCompile (default-testCompile) @ job-dsl-core ---
[INFO] Not compiling test sources
[INFO] 
[INFO] --- gplus:4.3.0:compileTests (default) @ job-dsl-core ---
[INFO] Compilation of tests is skipped.
[INFO] 
[INFO] --- gplus:4.3.0:removeTestStubs (default) @ job-dsl-core ---
[INFO] 
[INFO] --- surefire:3.5.4:test (default-test) @ job-dsl-core ---
[INFO] Tests are skipped.
[INFO] 
[INFO] --- exec:3.6.3:java (generate-api-doc) @ job-dsl-core ---
WARNING: A terminally deprecated method in sun.misc.Unsafe has been called
WARNING: sun.misc.Unsafe::objectFieldOffset has been called by groovy.json.internal.FastStringUtils (file:/home/runner/.m2/repository/org/codehaus/groovy/groovy-all/2.4.21/groovy-all-2.4.21.jar)
WARNING: Please consider reporting this to the maintainers of class groovy.json.internal.FastStringUtils
WARNING: sun.misc.Unsafe::objectFieldOffset will be removed in a future release
[INFO] 
[INFO] --- license:203.vffb_768f15d51:process (default) @ job-dsl-core ---
[INFO] Generated /tmp/plugin-builds/job-dsl/job-dsl-core/target/job-dsl-core/WEB-INF/licenses.xml
[INFO] 
[INFO] --- jar:3.5.0:jar (default-jar) @ job-dsl-core ---
[INFO] Building jar: /tmp/plugin-builds/job-dsl/job-dsl-core/target/job-dsl-core.jar
[INFO] 
[INFO] --- jar:3.5.0:test-jar (maybe-test-jar) @ job-dsl-core ---
[INFO] Skipping packaging of the test-jar
[INFO] 
[INFO] --- assembly:3.8.0:single (default) @ job-dsl-core ---
[INFO] Building jar: /tmp/plugin-builds/job-dsl/job-dsl-core/target/job-dsl-core-jar-with-dependencies.jar
[INFO] 
[INFO] >>> spotbugs:4.9.8.2:check (spotbugs) > :spotbugs @ job-dsl-core >>>
[INFO] 
[INFO] --- spotbugs:4.9.8.2:spotbugs (spotbugs) @ job-dsl-core ---
[INFO] Fork Value is true
[INFO] Done SpotBugs Analysis....
[INFO] Skipping com.github.spotbugs:spotbugs-maven-plugin:4.9.8.2:spotbugs report goal
[INFO] 
[INFO] <<< spotbugs:4.9.8.2:check (spotbugs) < :spotbugs @ job-dsl-core <<<
[INFO] 
[INFO] 
[INFO] --- spotbugs:4.9.8.2:check (spotbugs) @ job-dsl-core ---
[INFO] BugInstance size is 0
[INFO] Error size is 0
[INFO] No errors/warnings found
[INFO] 
[INFO] --- spotless:3.2.0:check (default) @ job-dsl-core ---
[INFO] Index file does not exist. Fallback to an empty index
[INFO] Spotless.Java is keeping 4 files clean - 0 needs changes to be clean, 4 were already clean, 0 were skipped because caching determined they were already clean
[INFO] Sorting file /tmp/pom12724992110374538064.xml
[INFO] Pom file is already sorted, exiting
[INFO] Spotless.Pom is keeping 1 files clean - 0 needs changes to be clean, 1 were already clean, 0 were skipped because caching determined they were already clean
[INFO] 
[INFO] --- antrun:3.2.0:run (default) @ job-dsl-core ---
[INFO] Executing tasks
[INFO]      [echo] Checking src/main/groovy code with CodeNarc
[INFO] Loaded properties file in 0ms; 385 rules
[INFO] Loading ruleset from [file:/tmp/plugin-builds/job-dsl/config/codenarc/rules.groovy]
[INFO] Loading ruleset from [rulesets/basic.xml]
[INFO] Loading ruleset from [rulesets/braces.xml]
[INFO] Loading ruleset from [rulesets/concurrency.xml]
[INFO] Loading ruleset from [rulesets/convention.xml]
[INFO] Loading ruleset from [rulesets/design.xml]
[INFO] Loading ruleset from [rulesets/exceptions.xml]
[INFO] Loading ruleset from [rulesets/formatting.xml]
[INFO] Loading ruleset from [rulesets/generic.xml]
[INFO] Loading ruleset from [rulesets/groovyism.xml]
[INFO] Loading ruleset from [rulesets/imports.xml]
[INFO] Loading ruleset from [rulesets/logging.xml]
[INFO] Loading ruleset from [rulesets/naming.xml]
[INFO] Loading ruleset from [rulesets/security.xml]
[INFO] Loading ruleset from [rulesets/serialization.xml]
[INFO] Loading ruleset from [rulesets/unnecessary.xml]
[INFO] Loading ruleset from [rulesets/unused.xml]
[INFO] RuleSet configuration properties file [codenarc.properties] not found.
[INFO] Analysis time=7674ms; Files with analysis errors: 0
CodeNarc Report - Mar 10, 2026, 3:09:22 AM

Summary: TotalFiles=327 FilesWithViolations=0 P1=0 P2=0 P3=0

[CodeNarc (https://www.codenarc.org) v1.6.1]
CodeNarc completed: (p1=0; p2=0; p3=0) 8016ms
[INFO]      [echo] Checking src/test/groovy code with CodeNarc
[INFO] Loaded properties file in 0ms; 385 rules
[INFO] Loading ruleset from [file:/tmp/plugin-builds/job-dsl/config/codenarc/rules-test.groovy]
[INFO] Loading ruleset from [rulesets/junit.xml]
[INFO] Loading ruleset from [file:config/codenarc/rules.groovy]
[INFO] Loading ruleset from [rulesets/basic.xml]
[INFO] Loading ruleset from [rulesets/braces.xml]
[INFO] Loading ruleset from [rulesets/concurrency.xml]
[INFO] Loading ruleset from [rulesets/convention.xml]
[INFO] Loading ruleset from [rulesets/design.xml]
[INFO] Loading ruleset from [rulesets/exceptions.xml]
[INFO] Loading ruleset from [rulesets/formatting.xml]
[INFO] Loading ruleset from [rulesets/generic.xml]
[INFO] Loading ruleset from [rulesets/groovyism.xml]
[INFO] Loading ruleset from [rulesets/imports.xml]
[INFO] Loading ruleset from [rulesets/logging.xml]
[INFO] Loading ruleset from [rulesets/naming.xml]
[INFO] Loading ruleset from [rulesets/security.xml]
[INFO] Loading ruleset from [rulesets/serialization.xml]
[INFO] Loading ruleset from [rulesets/unnecessary.xml]
[INFO] Loading ruleset from [rulesets/unused.xml]
[INFO] RuleSet configuration properties file [codenarc.properties] not found.
[INFO] Analysis time=5311ms; Files with analysis errors: 0
CodeNarc Report - Mar 10, 2026, 3:09:28 AM

Summary: TotalFiles=79 FilesWithViolations=0 P1=0 P2=0 P3=0

[CodeNarc (https://www.codenarc.org) v1.6.1]
CodeNarc completed: (p1=0; p2=0; p3=0) 5688ms
[INFO]      [echo] Checking src/main/docs/examples code with CodeNarc
[INFO] Loaded properties file in 1ms; 385 rules
[INFO] Loading ruleset from [file:/tmp/plugin-builds/job-dsl/config/codenarc/rules-examples.groovy]
[INFO] Loading ruleset from [file:config/codenarc/rules.groovy]
[INFO] Loading ruleset from [rulesets/basic.xml]
[INFO] Loading ruleset from [rulesets/braces.xml]
[INFO] Loading ruleset from [rulesets/concurrency.xml]
[INFO] Loading ruleset from [rulesets/convention.xml]
[INFO] Loading ruleset from [rulesets/design.xml]
[INFO] Loading ruleset from [rulesets/exceptions.xml]
[INFO] Loading ruleset from [rulesets/formatting.xml]
[INFO] Loading ruleset from [rulesets/generic.xml]
[INFO] Loading ruleset from [rulesets/groovyism.xml]
[INFO] Loading ruleset from [rulesets/imports.xml]
[INFO] Loading ruleset from [rulesets/logging.xml]
[INFO] Loading ruleset from [rulesets/naming.xml]
[INFO] Loading ruleset from [rulesets/security.xml]
[INFO] Loading ruleset from [rulesets/serialization.xml]
[INFO] Loading ruleset from [rulesets/unnecessary.xml]
[INFO] Loading ruleset from [rulesets/unused.xml]
[INFO] RuleSet configuration properties file [codenarc.properties] not found.
[INFO] Analysis time=2455ms; Files with analysis errors: 0
CodeNarc Report - Mar 10, 2026, 3:09:31 AM

Summary: TotalFiles=417 FilesWithViolations=0 P1=0 P2=0 P3=0

[CodeNarc (https://www.codenarc.org) v1.6.1]
CodeNarc completed: (p1=0; p2=0; p3=0) 2815ms
[INFO] Executed tasks
[INFO] 
[INFO] --- install:3.1.4:install (default-install) @ job-dsl-core ---
[INFO] Installing /tmp/plugin-builds/job-dsl/job-dsl-core/target/job-dsl-core-999999-SNAPSHOT.pom to /home/runner/.m2/repository/org/jenkins-ci/plugins/job-dsl-core/999999-SNAPSHOT/job-dsl-core-999999-SNAPSHOT.pom
[INFO] Installing /tmp/plugin-builds/job-dsl/job-dsl-core/target/job-dsl-core.jar to /home/runner/.m2/repository/org/jenkins-ci/plugins/job-dsl-core/999999-SNAPSHOT/job-dsl-core-999999-SNAPSHOT.jar
[INFO] Installing /tmp/plugin-builds/job-dsl/job-dsl-core/target/job-dsl-core-jar-with-dependencies.jar to /home/runner/.m2/repository/org/jenkins-ci/plugins/job-dsl-core/999999-SNAPSHOT/job-dsl-core-999999-SNAPSHOT-jar-with-dependencies.jar
[INFO] 
[INFO] -------------------< org.jenkins-ci.plugins:job-dsl >-------------------
[INFO] Building Job DSL 999999-SNAPSHOT                                   [4/4]
[INFO]   from job-dsl-plugin/pom.xml
[INFO] --------------------------------[ hpi ]---------------------------------
[INFO] 
[INFO] --- clean:3.5.0:clean (default-clean) @ job-dsl ---
[INFO] 
[INFO] --- hpi:3.1801.v26037216c7d3:validate (default-validate) @ job-dsl ---
[INFO] Created marker file /tmp/plugin-builds/job-dsl/job-dsl-plugin/target/java-level/17
[INFO] 
[INFO] --- hpi:3.1801.v26037216c7d3:validate-hpi (default-validate-hpi) @ job-dsl ---
[INFO] 
[INFO] --- enforcer:3.6.2:enforce (display-info) @ job-dsl ---
[INFO] Rule 3: org.apache.maven.enforcer.rules.RequirePluginVersions passed
[INFO] Rule 4: org.codehaus.mojo.extraenforcer.dependencies.EnforceBytecodeVersion passed
[INFO] Rule 5: org.apache.maven.enforcer.rules.dependency.BannedDependencies passed
[INFO] Rule 6: org.apache.maven.enforcer.rules.dependency.BannedDependencies passed
[INFO] Ignoring requireUpperBoundDeps in org.ow2.asm:asm
[INFO] Rule 7: org.apache.maven.enforcer.rules.dependency.RequireUpperBoundDeps passed
[INFO] 
[INFO] --- enforcer:3.6.2:enforce (no-snapshots-in-release) @ job-dsl ---
[INFO] Rule 0: org.apache.maven.enforcer.rules.dependency.RequireReleaseDeps passed
[INFO] 
[INFO] --- gplus:4.3.0:addSources (default) @ job-dsl ---
[INFO] 
[INFO] --- gplus:4.3.0:addTestSources (default) @ job-dsl ---
[INFO] 
[INFO] --- frontend:2.0.0:install-node-and-npm (install node and npm) @ job-dsl ---
[INFO] Installing node version v24.13.0
[INFO] Downloading https://repo.jenkins-ci.org/nodejs-dist/v24.13.0/node-v24.13.0-linux-x64.tar.gz to /home/runner/.m2/repository/com/github/eirslett/node/24.13.0/node-24.13.0-linux-x64.tar.gz
[INFO] No proxies configured
[INFO] No proxy was configured, downloading directly
[INFO] Unpacking /home/runner/.m2/repository/com/github/eirslett/node/24.13.0/node-24.13.0-linux-x64.tar.gz into /tmp/plugin-builds/job-dsl/job-dsl-plugin/node/tmp
[INFO] Copying node binary from /tmp/plugin-builds/job-dsl/job-dsl-plugin/node/tmp/node-v24.13.0-linux-x64/bin/node to /tmp/plugin-builds/job-dsl/job-dsl-plugin/node/node
[INFO] Installed node locally.
[INFO] Installing npm version 11.6.2
[INFO] Downloading https://repo.jenkins-ci.org/npm-dist/npm-11.6.2.tgz to /home/runner/.m2/repository/com/github/eirslett/npm/11.6.2/npm-11.6.2.tar.gz
[INFO] No proxies configured
[INFO] No proxy was configured, downloading directly
[INFO] Unpacking /home/runner/.m2/repository/com/github/eirslett/npm/11.6.2/npm-11.6.2.tar.gz into /tmp/plugin-builds/job-dsl/job-dsl-plugin/node/node_modules
[INFO] Installed npm locally.
[INFO] 
[INFO] --- frontend:2.0.0:npm (npm install) @ job-dsl ---
[INFO] Running 'npm ci' in /tmp/plugin-builds/job-dsl/job-dsl-plugin
[INFO] 
[INFO] added 537 packages, and audited 538 packages in 17s
[INFO] 
[INFO] 109 packages are looking for funding
[INFO]   run `npm fund` for details
[INFO] 
[INFO] 10 vulnerabilities (1 low, 4 moderate, 5 high)
[INFO] 
[INFO] To address issues that do not require attention, run:
[INFO]   npm audit fix
[INFO] 
[INFO] To address all issues (including breaking changes), run:
[INFO]   npm audit fix --force
[INFO] 
[INFO] Run `npm audit` for details.
[INFO] 
[INFO] --- localizer:1.31:generate (default) @ job-dsl ---
[INFO] 
[INFO] --- antrun:3.2.0:run (download-update-center) @ job-dsl ---
[INFO] Executing tasks
[INFO]       [get] Getting: https://updates.jenkins.io/update-center.json
[INFO]       [get] To: /tmp/plugin-builds/job-dsl/job-dsl-plugin/target/update-center.jsonp
[INFO]       [get] Error opening connection java.io.IOException: Server returned HTTP response code: 403 for URL: https://updates.jenkins.io/update-center.json
[INFO]       [get] Error opening connection java.io.IOException: Server returned HTTP response code: 403 for URL: https://updates.jenkins.io/update-center.json
[INFO]       [get] Error opening connection java.io.IOException: Server returned HTTP response code: 403 for URL: https://updates.jenkins.io/update-center.json
[INFO]       [get] Can't get https://updates.jenkins.io/update-center.json to /tmp/plugin-builds/job-dsl/job-dsl-plugin/target/update-center.jsonp
[INFO] ------------------------------------------------------------------------
[INFO] Reactor Summary for Job DSL Parent 999999-SNAPSHOT:
[INFO] 
[INFO] Job DSL Parent ..................................... SUCCESS [ 17.074 s]
[INFO] Job DSL Abstract Syntax Tree (AST) ................. SUCCESS [ 25.507 s]
[INFO] Job DSL Core ....................................... SUCCESS [02:07 min]
[INFO] Job DSL ............................................ FAILURE [ 33.999 s]
[INFO] ------------------------------------------------------------------------
[INFO] BUILD FAILURE
[INFO] ------------------------------------------------------------------------
[INFO] Total time:  03:25 min
[INFO] Finished at: 2026-03-10T03:10:05Z
[INFO] ------------------------------------------------------------------------
[ERROR] Failed to execute goal org.apache.maven.plugins:maven-antrun-plugin:3.2.0:run (download-update-center) on project job-dsl: An Ant BuildException has occurred: Can't get https://updates.jenkins.io/update-center.json to /tmp/plugin-builds/job-dsl/job-dsl-plugin/target/update-center.jsonp
[ERROR] around Ant part ...<get src="https://updates.jenkins.io/update-center.json" dest="/tmp/plugin-builds/job-dsl/job-dsl-plugin/target/update-center.jsonp" />... @ 4:140 in /tmp/plugin-builds/job-dsl/job-dsl-plugin/target/antrun/build-main.xml
[ERROR] -> [Help 1]
[ERROR] 
[ERROR] To see the full stack trace of the errors, re-run Maven with the -e switch.
[ERROR] Re-run Maven using the -X switch to enable full debug logging.
[ERROR] 
[ERROR] For more information about the errors and possible solutions, please read the following articles:
[ERROR] [Help 1] http://cwiki.apache.org/confluence/display/MAVEN/MojoExecutionException
[ERROR] 
[ERROR] After correcting the problems, you can resume the build with the command
[ERROR]   mvn <args> -rf :job-dsl
