WARNING: A terminally deprecated method in sun.misc.Unsafe has been called
WARNING: sun.misc.Unsafe::staticFieldBase has been called by com.google.inject.internal.aop.HiddenClassDefiner (file:/home/poddingue/.sdkman/candidates/maven/current/lib/guice-5.1.0-classes.jar)
WARNING: Please consider reporting this to the maintainers of class com.google.inject.internal.aop.HiddenClassDefiner
WARNING: sun.misc.Unsafe::staticFieldBase will be removed in a future release
[INFO] Scanning for projects...
[INFO] 
[INFO] Using the MultiThreadedBuilder implementation with a thread count of 4
[INFO] 
[INFO] --------------< org.jenkins-ci.plugins:jobConfigHistory >---------------
[INFO] Building Jenkins Job Configuration History Plugin 999999-SNAPSHOT
[INFO]   from pom.xml
[INFO] --------------------------------[ hpi ]---------------------------------
[INFO] 
[INFO] --- clean:3.5.0:clean (default-clean) @ jobConfigHistory ---
[INFO] 
[INFO] --- hpi:3.66:validate (default-validate) @ jobConfigHistory ---
[INFO] Created marker file /tmp/plugin-builds/jobConfigHistory/target/java-level/17
[INFO] 
[INFO] --- hpi:3.66:validate-hpi (default-validate-hpi) @ jobConfigHistory ---
[INFO] 
[INFO] --- enforcer:3.6.1:enforce (display-info) @ jobConfigHistory ---
[INFO] Rule 0: io.jenkins.tools.incrementals.enforcer.RequireExtensionVersion passed
[INFO] Rule 1: org.apache.maven.enforcer.rules.version.RequireMavenVersion passed
[INFO] Rule 2: org.apache.maven.enforcer.rules.version.RequireJavaVersion passed
[INFO] Rule 3: org.codehaus.mojo.extraenforcer.dependencies.EnforceBytecodeVersion passed
[INFO] Rule 4: org.apache.maven.enforcer.rules.dependency.BannedDependencies passed
[INFO] Rule 5: org.apache.maven.enforcer.rules.dependency.BannedDependencies passed
[INFO] Rule 6: org.apache.maven.enforcer.rules.dependency.RequireUpperBoundDeps passed
[INFO] 
[INFO] --- enforcer:3.6.1:enforce (no-snapshots-in-release) @ jobConfigHistory ---
[INFO] Rule 0: org.apache.maven.enforcer.rules.dependency.RequireReleaseDeps passed
[INFO] 
[INFO] --- localizer:1.31:generate (default) @ jobConfigHistory ---
[INFO] 
[INFO] --- enforcer:3.6.1:enforce (check-junit-imports) @ jobConfigHistory ---
[INFO] Rule 0: org.apache.maven.plugins.enforcer.RestrictImports passed
[INFO] 
[INFO] --- resources:3.3.1:resources (default-resources) @ jobConfigHistory ---
[INFO] Copying 95 resources from src/main/resources to target/classes
[INFO] 
[INFO] --- flatten:1.7.2:flatten (flatten) @ jobConfigHistory ---
[INFO] Generating flattened POM of project org.jenkins-ci.plugins:jobConfigHistory:hpi:999999-SNAPSHOT...
[INFO] 
[INFO] --- compiler:3.14.0:compile (default-compile) @ jobConfigHistory ---
[INFO] Recompiling the module because of changed source code.
[INFO] Compiling 42 source files with javac [debug parameters release 17] to target/classes
[INFO] hudson.plugins.jobConfigHistory.ComputerConfigHistoryActionFactory indexed under hudson.Extension
[INFO] hudson.plugins.jobConfigHistory.ComputerHistoryListener indexed under hudson.Extension
[INFO] hudson.plugins.jobConfigHistory.FileHistoryDao indexed under hudson.Extension
[INFO] hudson.plugins.jobConfigHistory.JobConfigBadgeAction.Listener indexed under hudson.Extension
[INFO] hudson.plugins.jobConfigHistory.JobConfigHistory indexed under hudson.Extension
[INFO] hudson.plugins.jobConfigHistory.JobConfigHistoryActionFactory indexed under hudson.Extension
[INFO] hudson.plugins.jobConfigHistory.JobConfigHistoryJobListener indexed under hudson.Extension
[INFO] hudson.plugins.jobConfigHistory.JobConfigHistoryPurger indexed under hudson.Extension
[INFO] hudson.plugins.jobConfigHistory.JobConfigHistoryRootAction indexed under hudson.Extension
[INFO] hudson.plugins.jobConfigHistory.JobConfigHistorySaveableListener indexed under hudson.Extension
[INFO] hudson.plugins.jobConfigHistory.JobLocalConfiguration.DescriptorImpl indexed under hudson.Extension
[INFO] hudson.plugins.jobConfigHistory.NodeLocalConfiguration.DescriptorImpl indexed under hudson.Extension
[INFO] /tmp/plugin-builds/jobConfigHistory/src/main/java/hudson/plugins/jobConfigHistory/JobConfigHistory.java:[135,12] Generating hudson/plugins/jobConfigHistory/JobConfigHistory.stapler
[INFO] /tmp/plugin-builds/jobConfigHistory/src/main/java/hudson/plugins/jobConfigHistory/JobLocalConfiguration.java:[38,12] Generating hudson/plugins/jobConfigHistory/JobLocalConfiguration.stapler
[INFO] /tmp/plugin-builds/jobConfigHistory/src/main/java/hudson/plugins/jobConfigHistory/NodeLocalConfiguration.java:[43,12] Generating hudson/plugins/jobConfigHistory/NodeLocalConfiguration.stapler
[INFO] /tmp/plugin-builds/jobConfigHistory/src/main/java/hudson/plugins/jobConfigHistory/ConfigInfo.java:[37,8] Generating hudson/plugins/jobConfigHistory/ConfigInfo.javadoc
[INFO] /tmp/plugin-builds/jobConfigHistory/src/main/java/hudson/plugins/jobConfigHistory/JobConfigHistoryRootAction.java:[73,8] Generating hudson/plugins/jobConfigHistory/JobConfigHistoryRootAction.javadoc
[INFO] /tmp/plugin-builds/jobConfigHistory/src/main/java/hudson/plugins/jobConfigHistory/JobConfigHistoryProjectAction.java:[63,8] Generating hudson/plugins/jobConfigHistory/JobConfigHistoryProjectAction.javadoc
[INFO] /tmp/plugin-builds/jobConfigHistory/src/main/java/hudson/plugins/jobConfigHistory/ComputerConfigHistoryAction.java:[59,8] Generating hudson/plugins/jobConfigHistory/ComputerConfigHistoryAction.javadoc
[INFO] /tmp/plugin-builds/jobConfigHistory/src/main/java/hudson/plugins/jobConfigHistory/JobConfigHistory.java:[581,27] Generating hudson/plugins/jobConfigHistory/JobConfigHistory/doCheckMaxHistoryEntries.stapler
[INFO] /tmp/plugin-builds/jobConfigHistory/src/main/java/hudson/plugins/jobConfigHistory/JobConfigHistory.java:[629,27] Generating hudson/plugins/jobConfigHistory/JobConfigHistory/doCheckExcludePattern.stapler
[INFO] /tmp/plugin-builds/jobConfigHistory/src/main/java/hudson/plugins/jobConfigHistory/JobConfigHistory.java:[597,27] Generating hudson/plugins/jobConfigHistory/JobConfigHistory/doCheckMaxEntriesPerPage.stapler
[INFO] /tmp/plugin-builds/jobConfigHistory/src/main/java/hudson/plugins/jobConfigHistory/JobConfigHistory.java:[613,27] Generating hudson/plugins/jobConfigHistory/JobConfigHistory/doCheckMaxDaysToKeepEntries.stapler
[INFO] /tmp/plugin-builds/jobConfigHistory/src/main/java/hudson/plugins/jobConfigHistory/JobConfigHistoryRootAction.java: Some input files use or override a deprecated API.
[INFO] /tmp/plugin-builds/jobConfigHistory/src/main/java/hudson/plugins/jobConfigHistory/JobConfigHistoryRootAction.java: Recompile with -Xlint:deprecation for details.
[INFO] /tmp/plugin-builds/jobConfigHistory/src/main/java/hudson/plugins/jobConfigHistory/JobConfigHistoryRootAction.java: /tmp/plugin-builds/jobConfigHistory/src/main/java/hudson/plugins/jobConfigHistory/JobConfigHistoryRootAction.java uses unchecked or unsafe operations.
[INFO] /tmp/plugin-builds/jobConfigHistory/src/main/java/hudson/plugins/jobConfigHistory/JobConfigHistoryRootAction.java: Recompile with -Xlint:unchecked for details.
[INFO] 
[INFO] --- access-modifier-checker:1.35:enforce (default-enforce) @ jobConfigHistory ---
[INFO] 
[INFO] --- bridge-method-injector:1.32:process (default) @ jobConfigHistory ---
[INFO] 
[INFO] --- hpi:3.66:insert-test (default-insert-test) @ jobConfigHistory ---
[INFO] 
[INFO] --- antrun:3.1.0:run (createTempDir) @ jobConfigHistory ---
[INFO] Executing tasks
[INFO]     [mkdir] Created dir: /tmp/plugin-builds/jobConfigHistory/target/tmp
[INFO] Executed tasks
[INFO] 
[INFO] --- resources:3.3.1:testResources (default-testResources) @ jobConfigHistory ---
[INFO] Not copying test resources
[INFO] 
[INFO] --- compiler:3.14.0:testCompile (default-testCompile) @ jobConfigHistory ---
[INFO] Not compiling test sources
[INFO] 
[INFO] --- hpi:3.66:test-hpl (default-test-hpl) @ jobConfigHistory ---
[INFO] Generating /tmp/plugin-builds/jobConfigHistory/target/test-classes/the.hpl
[INFO] 
[INFO] --- hpi:3.66:resolve-test-dependencies (default-resolve-test-dependencies) @ jobConfigHistory ---
[INFO] 
[INFO] --- hpi:3.66:test-runtime (default-test-runtime) @ jobConfigHistory ---
[INFO] Tests are skipped.
[INFO] 
[INFO] --- surefire:3.5.3:test (default-test) @ jobConfigHistory ---
[INFO] Tests are skipped.
[INFO] 
[INFO] --- license:184.v19c87b_6b_a_9a_c:process (default) @ jobConfigHistory ---
[INFO] Generated /tmp/plugin-builds/jobConfigHistory/target/jobConfigHistory/WEB-INF/licenses.xml
[INFO] 
[INFO] --- hpi:3.66:hpi (default-hpi) @ jobConfigHistory ---
[INFO] Generating /tmp/plugin-builds/jobConfigHistory/target/jobConfigHistory/META-INF/MANIFEST.MF
[INFO] Checking for attached .jar artifact ...
[INFO] Generating jar /tmp/plugin-builds/jobConfigHistory/target/jobConfigHistory.jar
[INFO] Building jar: /tmp/plugin-builds/jobConfigHistory/target/jobConfigHistory.jar
[INFO] Exploding webapp...
[INFO] Copy webapp webResources to /tmp/plugin-builds/jobConfigHistory/target/jobConfigHistory
[INFO] Assembling webapp jobConfigHistory in /tmp/plugin-builds/jobConfigHistory/target/jobConfigHistory
[INFO] Bundling direct dependency java-diff-utils-4.12.jar
[WARNING] Bundling transitive dependency jakarta.xml.bind-api-2.3.3.jar (via xmlunit-core)
[INFO] Bundling direct dependency xmlunit-core-2.10.0.jar
[INFO] Generating hpi /tmp/plugin-builds/jobConfigHistory/target/jobConfigHistory.hpi
[INFO] Building jar: /tmp/plugin-builds/jobConfigHistory/target/jobConfigHistory.hpi
[INFO] 
[INFO] --- jar:3.4.2:test-jar (maybe-test-jar) @ jobConfigHistory ---
[INFO] Skipping packaging of the test-jar
[INFO] 
[INFO] --- failsafe:3.5.3:integration-test (default) @ jobConfigHistory ---
[INFO] Tests are skipped.
[INFO] 
[INFO] >>> spotbugs:4.9.3.2:check (spotbugs) > :spotbugs @ jobConfigHistory >>>
[INFO] 
[INFO] --- spotbugs:4.9.3.2:spotbugs (spotbugs) @ jobConfigHistory ---
[INFO] Fork Value is true
[INFO] Done SpotBugs Analysis....
[WARNING] Unable to find a URL to the parent project. The parent menu will NOT be added.
[INFO] Rendering content with org.apache.maven.skins:maven-fluido-skin:jar:2.0.0-M9 skin
[INFO] 
[INFO] <<< spotbugs:4.9.3.2:check (spotbugs) < :spotbugs @ jobConfigHistory <<<
[INFO] 
[INFO] 
[INFO] --- spotbugs:4.9.3.2:check (spotbugs) @ jobConfigHistory ---
[INFO] BugInstance size is 0
[INFO] Error size is 0
[INFO] No errors/warnings found
[INFO] 
[INFO] --- spotless:2.46.1:check (default) @ jobConfigHistory ---
[INFO] Spotless check skipped
[INFO] 
[INFO] --- failsafe:3.5.3:verify (default) @ jobConfigHistory ---
[INFO] Tests are skipped.
[INFO] 
[INFO] --- install:3.1.4:install (default-install) @ jobConfigHistory ---
[INFO] Installing /tmp/plugin-builds/jobConfigHistory/target/jobConfigHistory-999999-SNAPSHOT.pom to /home/poddingue/.m2/repository/org/jenkins-ci/plugins/jobConfigHistory/999999-SNAPSHOT/jobConfigHistory-999999-SNAPSHOT.pom
[INFO] Installing /tmp/plugin-builds/jobConfigHistory/target/jobConfigHistory.hpi to /home/poddingue/.m2/repository/org/jenkins-ci/plugins/jobConfigHistory/999999-SNAPSHOT/jobConfigHistory-999999-SNAPSHOT.hpi
[INFO] Installing /tmp/plugin-builds/jobConfigHistory/target/jobConfigHistory.jar to /home/poddingue/.m2/repository/org/jenkins-ci/plugins/jobConfigHistory/999999-SNAPSHOT/jobConfigHistory-999999-SNAPSHOT.jar
[INFO] ------------------------------------------------------------------------
[INFO] BUILD SUCCESS
[INFO] ------------------------------------------------------------------------
[INFO] Total time:  01:01 min (Wall Clock)
[INFO] Finished at: 2025-08-22T18:28:08+02:00
[INFO] ------------------------------------------------------------------------
