[INFO] Scanning for projects...
[INFO] Artifact org.jenkins-ci.tools:maven-hpi-plugin:pom:3.1795.v6fb_496fc129b_ is present in the local repository, but cached from a remote repository ID that is unavailable in current build context, verifying that is downloadable from [incrementals (https://repo.jenkins-ci.org/incrementals/, default, releases), central (https://repo.maven.apache.org/maven2, default, releases)]
[INFO] Artifact org.jenkins-ci.tools:maven-hpi-plugin:pom:3.1795.v6fb_496fc129b_ is present in the local repository, but cached from a remote repository ID that is unavailable in current build context, verifying that is downloadable from [incrementals (https://repo.jenkins-ci.org/incrementals/, default, releases), central (https://repo.maven.apache.org/maven2, default, releases)]
[WARNING] The POM for org.jenkins-ci.tools:maven-hpi-plugin:jar:3.1795.v6fb_496fc129b_ is missing, no dependency information available
[INFO] Artifact org.jenkins-ci.tools:maven-hpi-plugin:jar:3.1795.v6fb_496fc129b_ is present in the local repository, but cached from a remote repository ID that is unavailable in current build context, verifying that is downloadable from [incrementals (https://repo.jenkins-ci.org/incrementals/, default, releases), central (https://repo.maven.apache.org/maven2, default, releases)]
[INFO] Artifact org.jenkins-ci.tools:maven-hpi-plugin:jar:3.1795.v6fb_496fc129b_ is present in the local repository, but cached from a remote repository ID that is unavailable in current build context, verifying that is downloadable from [incrementals (https://repo.jenkins-ci.org/incrementals/, default, releases), central (https://repo.maven.apache.org/maven2, default, releases)]
[WARNING] Failed to build parent project for io.jenkins.plugins:joda-time-api:hpi:2.14.0-999999-SNAPSHOT
[INFO] 
[INFO] ------------------< io.jenkins.plugins:joda-time-api >------------------
[INFO] Building Joda Time API Plugin 2.14.0-999999-SNAPSHOT
[INFO]   from pom.xml
[INFO] --------------------------------[ hpi ]---------------------------------
[INFO] 
[INFO] --- clean:3.5.0:clean (default-clean) @ joda-time-api ---
[INFO] 
[INFO] --- hpi:3.1795.v6fb_496fc129b_:validate (default-validate) @ joda-time-api ---
[INFO] Created marker file /tmp/plugin-builds/joda-time-api/target/java-level/17
[INFO] 
[INFO] --- hpi:3.1795.v6fb_496fc129b_:validate-hpi (default-validate-hpi) @ joda-time-api ---
[INFO] 
[INFO] --- enforcer:3.6.2:enforce (display-info) @ joda-time-api ---
[INFO] Rule 0: io.jenkins.tools.incrementals.enforcer.RequireExtensionVersion passed
[INFO] Rule 1: org.apache.maven.enforcer.rules.version.RequireMavenVersion passed
[INFO] Rule 2: org.apache.maven.enforcer.rules.version.RequireJavaVersion passed
[INFO] Rule 3: org.apache.maven.enforcer.rules.RequirePluginVersions passed
[INFO] Rule 4: org.codehaus.mojo.extraenforcer.dependencies.EnforceBytecodeVersion passed
[INFO] Rule 5: org.apache.maven.enforcer.rules.dependency.BannedDependencies passed
[INFO] Rule 6: org.apache.maven.enforcer.rules.dependency.BannedDependencies passed
[INFO] Rule 7: org.apache.maven.enforcer.rules.dependency.RequireUpperBoundDeps passed
[INFO] 
[INFO] --- enforcer:3.6.2:enforce (no-snapshots-in-release) @ joda-time-api ---
[INFO] Rule 0: org.apache.maven.enforcer.rules.dependency.RequireReleaseDeps passed
[INFO] 
[INFO] --- localizer:1.31:generate (default) @ joda-time-api ---
[INFO] 
[INFO] --- enforcer:3.6.2:enforce (check-junit-imports) @ joda-time-api ---
[INFO] Rule 0: org.apache.maven.plugins.enforcer.RestrictImports passed
[INFO] 
[INFO] --- enforcer:3.6.2:enforce (check-commons-lang-imports) @ joda-time-api ---
[INFO] Rule 0: org.apache.maven.plugins.enforcer.RestrictImports passed
[INFO] 
[INFO] --- resources:3.4.0:resources (default-resources) @ joda-time-api ---
[INFO] Copying 1 resource from src/main/resources to target/classes
[INFO] 
[INFO] --- flatten:1.7.3:flatten (flatten) @ joda-time-api ---
[INFO] Generating flattened POM of project io.jenkins.plugins:joda-time-api:hpi:2.14.0-999999-SNAPSHOT...
[INFO] 
[INFO] --- compiler:3.14.1:compile (default-compile) @ joda-time-api ---
[INFO] Nothing to compile - all classes are up to date.
[INFO] 
[INFO] --- access-modifier-checker:1.35:enforce (default-enforce) @ joda-time-api ---
[INFO] 
[INFO] --- bridge-method-injector:1.32:process (default) @ joda-time-api ---
[INFO] 
[INFO] --- hpi:3.1795.v6fb_496fc129b_:insert-test (default-insert-test) @ joda-time-api ---
[INFO] 
[INFO] --- antrun:3.2.0:run (createTempDir) @ joda-time-api ---
[INFO] Executing tasks
[INFO]     [mkdir] Created dir: /tmp/plugin-builds/joda-time-api/target/tmp
[INFO] Executed tasks
[INFO] 
[INFO] --- resources:3.4.0:testResources (default-testResources) @ joda-time-api ---
[INFO] Not copying test resources
[INFO] 
[INFO] --- compiler:3.14.1:testCompile (default-testCompile) @ joda-time-api ---
[INFO] Not compiling test sources
[INFO] 
[INFO] --- hpi:3.1795.v6fb_496fc129b_:test-hpl (default-test-hpl) @ joda-time-api ---
[INFO] Generating /tmp/plugin-builds/joda-time-api/target/test-classes/the.hpl
[INFO] 
[INFO] --- hpi:3.1795.v6fb_496fc129b_:resolve-test-dependencies (default-resolve-test-dependencies) @ joda-time-api ---
[INFO] 
[INFO] --- hpi:3.1795.v6fb_496fc129b_:test-runtime (default-test-runtime) @ joda-time-api ---
[INFO] Tests are skipped.
[INFO] 
[INFO] --- surefire:3.5.4:test (default-test) @ joda-time-api ---
[INFO] Tests are skipped.
[INFO] 
[INFO] --- license:203.vffb_768f15d51:process (default) @ joda-time-api ---
[INFO] Generated /tmp/plugin-builds/joda-time-api/target/joda-time-api/WEB-INF/licenses.xml
[INFO] 
[INFO] --- hpi:3.1795.v6fb_496fc129b_:hpi (default-hpi) @ joda-time-api ---
[INFO] Generating /tmp/plugin-builds/joda-time-api/target/joda-time-api/META-INF/MANIFEST.MF
[INFO] Checking for attached .jar artifact ...
[INFO] Generating jar /tmp/plugin-builds/joda-time-api/target/joda-time-api.jar
[INFO] Building jar: /tmp/plugin-builds/joda-time-api/target/joda-time-api.jar
[INFO] Exploding webapp...
[INFO] Copy webapp webResources to /tmp/plugin-builds/joda-time-api/target/joda-time-api
[INFO] Assembling webapp joda-time-api in /tmp/plugin-builds/joda-time-api/target/joda-time-api
[INFO] Bundling direct dependency joda-time-2.14.0.jar
[INFO] Generating hpi /tmp/plugin-builds/joda-time-api/target/joda-time-api.hpi
[INFO] Building jar: /tmp/plugin-builds/joda-time-api/target/joda-time-api.hpi
[INFO] 
[INFO] --- jar:3.5.0:test-jar (maybe-test-jar) @ joda-time-api ---
[INFO] Skipping packaging of the test-jar
[INFO] 
[INFO] >>> spotbugs:4.9.8.2:check (spotbugs) > :spotbugs @ joda-time-api >>>
[INFO] 
[INFO] --- spotbugs:4.9.8.2:spotbugs (spotbugs) @ joda-time-api ---
[INFO] No files found to run spotbugs; check compile phase has been run.
[INFO] Skipping com.github.spotbugs:spotbugs-maven-plugin:4.9.8.2:spotbugs report goal
[INFO] 
[INFO] <<< spotbugs:4.9.8.2:check (spotbugs) < :spotbugs @ joda-time-api <<<
[INFO] 
[INFO] 
[INFO] --- spotbugs:4.9.8.2:check (spotbugs) @ joda-time-api ---
[INFO] 
[INFO] --- spotless:3.1.0:check (default) @ joda-time-api ---
[INFO] Index file does not exist. Fallback to an empty index
WARNING: A terminally deprecated method in sun.misc.Unsafe has been called
WARNING: sun.misc.Unsafe::staticFieldBase has been called by com.diffplug.spotless.java.ModuleHelper (file:/home/runner/.m2/repository/com/diffplug/spotless/spotless-lib/4.1.0/spotless-lib-4.1.0.jar)
WARNING: Please consider reporting this to the maintainers of class com.diffplug.spotless.java.ModuleHelper
WARNING: sun.misc.Unsafe::staticFieldBase will be removed in a future release
[INFO] Spotless.Java is keeping 1 files clean - 0 needs changes to be clean, 1 were already clean, 0 were skipped because caching determined they were already clean
[INFO] Sorting file /tmp/pom2786290096789958373.xml
[INFO] Pom file is already sorted, exiting
[INFO] Spotless.Pom is keeping 1 files clean - 0 needs changes to be clean, 1 were already clean, 0 were skipped because caching determined they were already clean
[INFO] 
[INFO] --- install:3.1.4:install (default-install) @ joda-time-api ---
[INFO] Installing /tmp/plugin-builds/joda-time-api/target/joda-time-api-2.14.0-999999-SNAPSHOT.pom to /home/runner/.m2/repository/io/jenkins/plugins/joda-time-api/2.14.0-999999-SNAPSHOT/joda-time-api-2.14.0-999999-SNAPSHOT.pom
[INFO] Installing /tmp/plugin-builds/joda-time-api/target/joda-time-api.hpi to /home/runner/.m2/repository/io/jenkins/plugins/joda-time-api/2.14.0-999999-SNAPSHOT/joda-time-api-2.14.0-999999-SNAPSHOT.hpi
[INFO] Installing /tmp/plugin-builds/joda-time-api/target/joda-time-api.jar to /home/runner/.m2/repository/io/jenkins/plugins/joda-time-api/2.14.0-999999-SNAPSHOT/joda-time-api-2.14.0-999999-SNAPSHOT.jar
[INFO] ------------------------------------------------------------------------
[INFO] BUILD SUCCESS
[INFO] ------------------------------------------------------------------------
[INFO] Total time:  17.651 s
[INFO] Finished at: 2026-01-27T02:36:29Z
[INFO] ------------------------------------------------------------------------
