WARNING: A restricted method in java.lang.System has been called
WARNING: java.lang.System::load has been called by org.fusesource.jansi.internal.JansiLoader in an unnamed module (file:/home/poddingue/.sdkman/candidates/maven/current/lib/jansi-2.4.1.jar)
WARNING: Use --enable-native-access=ALL-UNNAMED to avoid a warning for callers in this module
WARNING: Restricted methods will be blocked in a future release unless native access is enabled

WARNING: A terminally deprecated method in sun.misc.Unsafe has been called
WARNING: sun.misc.Unsafe::objectFieldOffset has been called by com.google.common.util.concurrent.AbstractFuture$UnsafeAtomicHelper (file:/home/poddingue/.sdkman/candidates/maven/current/lib/guava-33.2.1-jre.jar)
WARNING: Please consider reporting this to the maintainers of class com.google.common.util.concurrent.AbstractFuture$UnsafeAtomicHelper
WARNING: sun.misc.Unsafe::objectFieldOffset will be removed in a future release
[INFO] Scanning for projects...
[INFO] 
[INFO] -------------------< org.jenkins-ci.plugins:jquery >--------------------
[INFO] Building jQuery plugin 1.12.4-4-SNAPSHOT
[INFO]   from pom.xml
[INFO] --------------------------------[ hpi ]---------------------------------
[INFO] 
[INFO] --- clean:3.4.0:clean (default-clean) @ jquery ---
[INFO] 
[INFO] --- hpi:3.57:validate (default-validate) @ jquery ---
[INFO] Created marker file /tmp/plugin-builds/jquery/target/java-level/11
[INFO] 
[INFO] --- hpi:3.57:validate-hpi (default-validate-hpi) @ jquery ---
[INFO] 
[INFO] --- enforcer:3.5.0:enforce (display-info) @ jquery ---
[INFO] Rule 0: io.jenkins.tools.incrementals.enforcer.RequireExtensionVersion passed
[INFO] Rule 1: org.apache.maven.enforcer.rules.version.RequireMavenVersion passed
[INFO] Rule 2: org.apache.maven.enforcer.rules.version.RequireJavaVersion passed
[INFO] Rule 3: org.codehaus.mojo.extraenforcer.dependencies.EnforceBytecodeVersion passed
[INFO] Rule 4: org.apache.maven.enforcer.rules.dependency.BannedDependencies passed
[INFO] Rule 5: org.apache.maven.enforcer.rules.dependency.RequireUpperBoundDeps passed
[INFO] 
[INFO] --- enforcer:3.5.0:enforce (no-snapshots-in-release) @ jquery ---
[INFO] Rule 0: org.apache.maven.enforcer.rules.dependency.RequireReleaseDeps passed
[INFO] 
[INFO] --- localizer:1.31:generate (default) @ jquery ---
[INFO] 
[INFO] --- resources:3.3.1:resources (default-resources) @ jquery ---
[INFO] Copying 19 resources from src/main/resources to target/classes
[INFO] 
[INFO] --- flatten:1.6.0:flatten (flatten) @ jquery ---
[INFO] Generating flattened POM of project org.jenkins-ci.plugins:jquery:hpi:1.12.4-4-SNAPSHOT...
[INFO] 
[INFO] --- compiler:3.13.0:compile (default-compile) @ jquery ---
[INFO] Recompiling the module because of changed source code.
[INFO] Compiling 1 source file with javac [debug parameters release 17] to target/classes
[INFO] hudson.plugins.jquery.JQuery indexed under hudson.Extension
[INFO] /tmp/plugin-builds/jquery/src/main/java/hudson/plugins/jquery/JQuery.java: /tmp/plugin-builds/jquery/src/main/java/hudson/plugins/jquery/JQuery.java uses or overrides a deprecated API.
[INFO] /tmp/plugin-builds/jquery/src/main/java/hudson/plugins/jquery/JQuery.java: Recompile with -Xlint:deprecation for details.
[INFO] 
[INFO] --- access-modifier-checker:1.33:enforce (default-enforce) @ jquery ---
[INFO] Skipping access modifier checks
[INFO] 
[INFO] --- hpi:3.57:insert-test (default-insert-test) @ jquery ---
[INFO] 
[INFO] --- antrun:3.1.0:run (createTempDir) @ jquery ---
[INFO] Executing tasks
[INFO]     [mkdir] Created dir: /tmp/plugin-builds/jquery/target/tmp
[INFO] Executed tasks
[INFO] 
[INFO] --- resources:3.3.1:testResources (default-testResources) @ jquery ---
[INFO] Not copying test resources
[INFO] 
[INFO] --- compiler:3.13.0:testCompile (default-testCompile) @ jquery ---
[INFO] Not compiling test sources
[INFO] 
[INFO] --- hpi:3.57:test-hpl (default-test-hpl) @ jquery ---
[INFO] Generating /tmp/plugin-builds/jquery/target/test-classes/the.hpl
[INFO] 
[INFO] --- hpi:3.57:resolve-test-dependencies (default-resolve-test-dependencies) @ jquery ---
[INFO] 
[INFO] --- hpi:3.57:test-runtime (default-test-runtime) @ jquery ---
[INFO] Tests are skipped.
[INFO] 
[INFO] --- surefire:3.5.0:test (default-test) @ jquery ---
[INFO] Tests are skipped.
[INFO] 
[INFO] --- license:139.v9b_5625f30dcb_:process (default) @ jquery ---
[INFO] 
[INFO] --- hpi:3.57:hpi (default-hpi) @ jquery ---
[INFO] Generating /tmp/plugin-builds/jquery/target/jquery/META-INF/MANIFEST.MF
[INFO] Checking for attached .jar artifact ...
[INFO] Generating jar /tmp/plugin-builds/jquery/target/jquery.jar
[INFO] Building jar: /tmp/plugin-builds/jquery/target/jquery.jar
[INFO] Exploding webapp...
[INFO] Copy webapp webResources to /tmp/plugin-builds/jquery/target/jquery
[INFO] Assembling webapp jquery in /tmp/plugin-builds/jquery/target/jquery
[INFO] Bundling direct dependency stapler-adjunct-jquery-1.12.4-0.jar
[INFO] Generating hpi /tmp/plugin-builds/jquery/target/jquery.hpi
[INFO] Building jar: /tmp/plugin-builds/jquery/target/jquery.hpi
[INFO] 
[INFO] --- jar:3.4.2:test-jar (maybe-test-jar) @ jquery ---
[INFO] Skipping packaging of the test-jar
[INFO] 
[INFO] >>> spotbugs:4.8.3.1:check (spotbugs) > :spotbugs @ jquery >>>
[INFO] 
[INFO] --- spotbugs:4.8.3.1:spotbugs (spotbugs) @ jquery ---
[INFO] 
[INFO] <<< spotbugs:4.8.3.1:check (spotbugs) < :spotbugs @ jquery <<<
[INFO] 
[INFO] 
[INFO] --- spotbugs:4.8.3.1:check (spotbugs) @ jquery ---
[INFO] Spotbugs plugin skipped
[INFO] 
[INFO] --- spotless:2.43.0:check (default) @ jquery ---
[INFO] Spotless check skipped
[INFO] 
[INFO] --- install:3.1.3:install (default-install) @ jquery ---
[INFO] Installing /tmp/plugin-builds/jquery/target/jquery-1.12.4-4-SNAPSHOT.pom to /home/poddingue/.m2/repository/org/jenkins-ci/plugins/jquery/1.12.4-4-SNAPSHOT/jquery-1.12.4-4-SNAPSHOT.pom
[INFO] Installing /tmp/plugin-builds/jquery/target/jquery.hpi to /home/poddingue/.m2/repository/org/jenkins-ci/plugins/jquery/1.12.4-4-SNAPSHOT/jquery-1.12.4-4-SNAPSHOT.hpi
[INFO] Installing /tmp/plugin-builds/jquery/target/jquery.jar to /home/poddingue/.m2/repository/org/jenkins-ci/plugins/jquery/1.12.4-4-SNAPSHOT/jquery-1.12.4-4-SNAPSHOT.jar
[INFO] ------------------------------------------------------------------------
[INFO] BUILD SUCCESS
[INFO] ------------------------------------------------------------------------
[INFO] Total time:  6.719 s
[INFO] Finished at: 2025-06-23T08:25:36+02:00
[INFO] ------------------------------------------------------------------------
