WARNING: A restricted method in java.lang.System has been called
WARNING: java.lang.System::load has been called by org.fusesource.jansi.internal.JansiLoader in an unnamed module (file:/home/poddingue/.sdkman/candidates/maven/current/lib/jansi-2.4.1.jar)
WARNING: Use --enable-native-access=ALL-UNNAMED to avoid a warning for callers in this module
WARNING: Restricted methods will be blocked in a future release unless native access is enabled

WARNING: A terminally deprecated method in sun.misc.Unsafe has been called
WARNING: sun.misc.Unsafe::objectFieldOffset has been called by com.google.common.util.concurrent.AbstractFuture$UnsafeAtomicHelper (file:/home/poddingue/.sdkman/candidates/maven/current/lib/guava-33.2.1-jre.jar)
WARNING: Please consider reporting this to the maintainers of class com.google.common.util.concurrent.AbstractFuture$UnsafeAtomicHelper
WARNING: sun.misc.Unsafe::objectFieldOffset will be removed in a future release
[INFO] Scanning for projects...
[INFO] 
[INFO] --------------------< org.jenkins-ci.plugins:junit >--------------------
[INFO] Building JUnit Plugin 999999-SNAPSHOT
[INFO]   from pom.xml
[INFO] --------------------------------[ hpi ]---------------------------------
[INFO] 
[INFO] --- clean:3.4.1:clean (default-clean) @ junit ---
[INFO] 
[INFO] --- hpi:3.65:validate (default-validate) @ junit ---
[INFO] Created marker file /tmp/plugin-builds/junit/target/java-level/17
[INFO] 
[INFO] --- hpi:3.65:validate-hpi (default-validate-hpi) @ junit ---
[INFO] 
[INFO] --- enforcer:3.5.0:enforce (display-info) @ junit ---
[INFO] Rule 0: io.jenkins.tools.incrementals.enforcer.RequireExtensionVersion passed
[INFO] Rule 1: org.apache.maven.enforcer.rules.version.RequireMavenVersion passed
[INFO] Rule 2: org.apache.maven.enforcer.rules.version.RequireJavaVersion passed
[INFO] Rule 3: org.codehaus.mojo.extraenforcer.dependencies.EnforceBytecodeVersion passed
[INFO] Rule 4: org.apache.maven.enforcer.rules.dependency.BannedDependencies passed
[INFO] Rule 5: org.apache.maven.enforcer.rules.dependency.BannedDependencies passed
[INFO] Ignoring requireUpperBoundDeps in org.ow2.asm:asm
[INFO] Rule 6: org.apache.maven.enforcer.rules.dependency.RequireUpperBoundDeps passed
[INFO] 
[INFO] --- enforcer:3.5.0:enforce (no-snapshots-in-release) @ junit ---
[INFO] Rule 0: org.apache.maven.enforcer.rules.dependency.RequireReleaseDeps passed
[INFO] 
[INFO] --- localizer:1.31:generate (default) @ junit ---
[INFO] 
[INFO] --- resources:3.3.1:resources (default-resources) @ junit ---
[INFO] Copying 420 resources from src/main/resources to target/classes
[INFO] 
[INFO] --- flatten:1.7.0:flatten (flatten) @ junit ---
[INFO] Generating flattened POM of project org.jenkins-ci.plugins:junit:hpi:999999-SNAPSHOT...
[INFO] 
[INFO] --- compiler:3.14.0:compile (default-compile) @ junit ---
[INFO] Recompiling the module because of changed source code.
[INFO] Compiling 52 source files with javac [debug parameters release 17] to target/classes
[INFO] hudson.tasks.junit.JUnitParser indexed under hudson.Extension
[INFO] hudson.tasks.junit.JUnitResultArchiver.DescriptorImpl indexed under hudson.Extension
[INFO] hudson.tasks.junit.pipeline.JUnitResultsStep.DescriptorImpl indexed under hudson.Extension
[INFO] hudson.tasks.test.AbstractTestResultAction.Summarizer indexed under hudson.Extension
[INFO] hudson.tasks.test.AggregatedTestResultPublisher.TestResultAction.RunListenerImpl indexed under hudson.Extension
[INFO] hudson.tasks.test.AggregatedTestResultPublisher.DescriptorImpl indexed under hudson.Extension
[INFO] io.jenkins.plugins.junit.storage.FileJunitTestResultStorage indexed under hudson.Extension
[INFO] io.jenkins.plugins.junit.storage.FileJunitTestResultStorage.DescriptorImpl indexed under hudson.Extension
[INFO] io.jenkins.plugins.junit.storage.JunitTestResultStorageConfiguration indexed under hudson.Extension
[INFO] /tmp/plugin-builds/junit/src/main/java/hudson/tasks/junit/JUnitResultArchiver.java:[118,12] Generating hudson/tasks/junit/JUnitResultArchiver.stapler
[INFO] /tmp/plugin-builds/junit/src/main/java/hudson/tasks/junit/pipeline/JUnitResultsStep.java:[76,12] Generating hudson/tasks/junit/pipeline/JUnitResultsStep.stapler
[INFO] /tmp/plugin-builds/junit/src/main/java/io/jenkins/plugins/junit/storage/FileJunitTestResultStorage.java:[16,12] Generating io/jenkins/plugins/junit/storage/FileJunitTestResultStorage.stapler
[INFO] /tmp/plugin-builds/junit/src/main/java/io/jenkins/plugins/junit/storage/JunitTestResultStorageConfiguration.java:[23,12] Generating io/jenkins/plugins/junit/storage/JunitTestResultStorageConfiguration.stapler
[INFO] /tmp/plugin-builds/junit/src/main/java/hudson/tasks/test/TestObject.java:[70,17] Generating hudson/tasks/test/TestObject.javadoc
[INFO] /tmp/plugin-builds/junit/src/main/java/hudson/tasks/junit/PackageResult.java:[45,14] Generating hudson/tasks/junit/PackageResult.javadoc
[INFO] /tmp/plugin-builds/junit/src/main/java/hudson/tasks/junit/CaseResult.java:[62,8] Generating hudson/tasks/junit/CaseResult.javadoc
[INFO] /tmp/plugin-builds/junit/src/main/java/hudson/tasks/junit/ClassResult.java:[42,14] Generating hudson/tasks/junit/ClassResult.javadoc
[INFO] /tmp/plugin-builds/junit/src/main/java/hudson/tasks/test/AggregatedTestResultAction.java:[45,17] Generating hudson/tasks/test/AggregatedTestResultAction.javadoc
[INFO] /tmp/plugin-builds/junit/src/main/java/hudson/tasks/test/AggregatedTestResultAction.java:[129,25] Generating hudson/tasks/test/AggregatedTestResultAction/ChildReport.javadoc
[INFO] /tmp/plugin-builds/junit/src/main/java/hudson/tasks/test/AbstractTestResultAction.java:[84,17] Generating hudson/tasks/test/AbstractTestResultAction.javadoc
[INFO] /tmp/plugin-builds/junit/src/main/java/hudson/tasks/junit/TestResult.java:[72,14] Generating hudson/tasks/junit/TestResult.javadoc
[INFO] /tmp/plugin-builds/junit/src/main/java/hudson/tasks/junit/SuiteResult.java:[71,14] Generating hudson/tasks/junit/SuiteResult.javadoc
[INFO] /tmp/plugin-builds/junit/src/main/java/hudson/tasks/junit/pipeline/JUnitResultsStep.java:[280,31] Generating hudson/tasks/junit/pipeline/JUnitResultsStep/DescriptorImpl/doCheckHealthScaleFactor.stapler
[INFO] /tmp/plugin-builds/junit/src/main/java/hudson/tasks/junit/JUnitResultArchiver.java:[579,29] Generating hudson/tasks/junit/JUnitResultArchiver/DescriptorImpl/doFillStdioRetentionItems.stapler
[INFO] /tmp/plugin-builds/junit/src/main/java/hudson/tasks/junit/JUnitResultArchiver.java:[557,31] Generating hudson/tasks/junit/JUnitResultArchiver/DescriptorImpl/doCheckTestResults.stapler
[INFO] /tmp/plugin-builds/junit/src/main/java/hudson/tasks/test/TestObject.java:[482,38] Generating hudson/tasks/test/TestObject/doSubmitDescription.stapler
[INFO] /tmp/plugin-builds/junit/src/main/java/hudson/tasks/test/AggregatedTestResultPublisher.java:[410,41] Generating hudson/tasks/test/AggregatedTestResultPublisher/DescriptorImpl/doAutoCompleteJobs.stapler
[INFO] /tmp/plugin-builds/junit/src/main/java/hudson/tasks/test/AggregatedTestResultPublisher.java:[373,31] Generating hudson/tasks/test/AggregatedTestResultPublisher/DescriptorImpl/doCheckJobs.stapler
[INFO] /tmp/plugin-builds/junit/src/main/java/hudson/tasks/test/TestObject.java: Some input files use or override a deprecated API.
[INFO] /tmp/plugin-builds/junit/src/main/java/hudson/tasks/test/TestObject.java: Recompile with -Xlint:deprecation for details.
[INFO] /tmp/plugin-builds/junit/src/main/java/hudson/tasks/test/AbstractTestResultAction.java: Some input files use unchecked or unsafe operations.
[INFO] /tmp/plugin-builds/junit/src/main/java/hudson/tasks/test/AbstractTestResultAction.java: Recompile with -Xlint:unchecked for details.
[INFO] 
[INFO] --- access-modifier-checker:1.35:enforce (default-enforce) @ junit ---
[INFO] Skipping access modifier checks
[INFO] 
[INFO] --- bridge-method-injector:1.31:process (default) @ junit ---
[INFO] 
[INFO] --- hpi:3.65:insert-test (default-insert-test) @ junit ---
[INFO] 
[INFO] --- antrun:3.1.0:run (createTempDir) @ junit ---
[INFO] Executing tasks
[INFO]     [mkdir] Created dir: /tmp/plugin-builds/junit/target/tmp
[INFO] Executed tasks
[INFO] 
[INFO] --- resources:3.3.1:testResources (default-testResources) @ junit ---
[INFO] Not copying test resources
[INFO] 
[INFO] --- compiler:3.14.0:testCompile (default-testCompile) @ junit ---
[INFO] Not compiling test sources
[INFO] 
[INFO] --- hpi:3.65:test-hpl (default-test-hpl) @ junit ---
[INFO] Generating /tmp/plugin-builds/junit/target/test-classes/the.hpl
[INFO] 
[INFO] --- hpi:3.65:resolve-test-dependencies (default-resolve-test-dependencies) @ junit ---
[INFO] 
[INFO] --- hpi:3.65:test-runtime (default-test-runtime) @ junit ---
[INFO] Tests are skipped.
[INFO] 
[INFO] --- surefire:3.5.3:test (default-test) @ junit ---
[INFO] Tests are skipped.
[INFO] 
[INFO] --- license:165.v7e11f4e4a_325:process (default) @ junit ---
[INFO] 
[INFO] --- hpi:3.65:hpi (default-hpi) @ junit ---
[INFO] Generating /tmp/plugin-builds/junit/target/junit/META-INF/MANIFEST.MF
[INFO] Checking for attached .jar artifact ...
[INFO] Generating jar /tmp/plugin-builds/junit/target/junit.jar
[INFO] Building jar: /tmp/plugin-builds/junit/target/junit.jar
[INFO] Exploding webapp...
[INFO] Copy webapp webResources to /tmp/plugin-builds/junit/target/junit
[INFO] Assembling webapp junit in /tmp/plugin-builds/junit/target/junit
[INFO] Bundling direct dependency parallel-collectors-2.6.1.jar
[INFO] Generating hpi /tmp/plugin-builds/junit/target/junit.hpi
[INFO] Building jar: /tmp/plugin-builds/junit/target/junit.hpi
[INFO] 
[INFO] --- jar:3.4.2:test-jar (maybe-test-jar) @ junit ---
[INFO] Building jar: /tmp/plugin-builds/junit/target/junit-tests.jar
[INFO] 
[INFO] >>> spotbugs:4.9.3.0:check (spotbugs) > :spotbugs @ junit >>>
[INFO] 
[INFO] --- spotbugs:4.9.3.0:spotbugs (spotbugs) @ junit ---
[INFO] Skipping com.github.spotbugs:spotbugs-maven-plugin:4.9.3.0:spotbugs report goal
[INFO] 
[INFO] <<< spotbugs:4.9.3.0:check (spotbugs) < :spotbugs @ junit <<<
[INFO] 
[INFO] 
[INFO] --- spotbugs:4.9.3.0:check (spotbugs) @ junit ---
[INFO] Spotbugs plugin skipped
[INFO] 
[INFO] --- spotless:2.44.4:check (default) @ junit ---
[INFO] Spotless check skipped
[INFO] 
[INFO] --- install:3.1.4:install (default-install) @ junit ---
[INFO] Installing /tmp/plugin-builds/junit/target/junit-999999-SNAPSHOT.pom to /home/poddingue/.m2/repository/org/jenkins-ci/plugins/junit/999999-SNAPSHOT/junit-999999-SNAPSHOT.pom
[INFO] Installing /tmp/plugin-builds/junit/target/junit.hpi to /home/poddingue/.m2/repository/org/jenkins-ci/plugins/junit/999999-SNAPSHOT/junit-999999-SNAPSHOT.hpi
[INFO] Installing /tmp/plugin-builds/junit/target/junit.jar to /home/poddingue/.m2/repository/org/jenkins-ci/plugins/junit/999999-SNAPSHOT/junit-999999-SNAPSHOT.jar
[INFO] Installing /tmp/plugin-builds/junit/target/junit-tests.jar to /home/poddingue/.m2/repository/org/jenkins-ci/plugins/junit/999999-SNAPSHOT/junit-999999-SNAPSHOT-tests.jar
[INFO] ------------------------------------------------------------------------
[INFO] BUILD SUCCESS
[INFO] ------------------------------------------------------------------------
[INFO] Total time:  23.564 s
[INFO] Finished at: 2025-07-02T10:29:30+02:00
[INFO] ------------------------------------------------------------------------
