WARNING: A restricted method in java.lang.System has been called
WARNING: java.lang.System::load has been called by org.fusesource.jansi.internal.JansiLoader in an unnamed module (file:/home/poddingue/.sdkman/candidates/maven/current/lib/jansi-2.4.1.jar)
WARNING: Use --enable-native-access=ALL-UNNAMED to avoid a warning for callers in this module
WARNING: Restricted methods will be blocked in a future release unless native access is enabled

WARNING: A terminally deprecated method in sun.misc.Unsafe has been called
WARNING: sun.misc.Unsafe::objectFieldOffset has been called by com.google.common.util.concurrent.AbstractFuture$UnsafeAtomicHelper (file:/home/poddingue/.sdkman/candidates/maven/current/lib/guava-33.2.1-jre.jar)
WARNING: Please consider reporting this to the maintainers of class com.google.common.util.concurrent.AbstractFuture$UnsafeAtomicHelper
WARNING: sun.misc.Unsafe::objectFieldOffset will be removed in a future release
[INFO] Scanning for projects...
[INFO] 
[INFO] --------------< org.csanchez.jenkins.plugins:kubernetes >---------------
[INFO] Building Kubernetes plugin 999999-SNAPSHOT
[INFO]   from pom.xml
[INFO] --------------------------------[ hpi ]---------------------------------
[INFO] 
[INFO] --- clean:3.4.1:clean (default-clean) @ kubernetes ---
[INFO] 
[INFO] --- hpi:3.65:validate (default-validate) @ kubernetes ---
[INFO] Created marker file /tmp/plugin-builds/kubernetes/target/java-level/17
[INFO] 
[INFO] --- hpi:3.65:validate-hpi (default-validate-hpi) @ kubernetes ---
[INFO] 
[INFO] --- enforcer:3.5.0:enforce (display-info) @ kubernetes ---
[INFO] Rule 0: io.jenkins.tools.incrementals.enforcer.RequireExtensionVersion passed
[INFO] Rule 1: org.apache.maven.enforcer.rules.version.RequireMavenVersion passed
[INFO] Rule 2: org.apache.maven.enforcer.rules.version.RequireJavaVersion passed
[INFO] Rule 3: org.codehaus.mojo.extraenforcer.dependencies.EnforceBytecodeVersion passed
[INFO] Rule 4: org.apache.maven.enforcer.rules.dependency.BannedDependencies passed
[INFO] Rule 5: org.apache.maven.enforcer.rules.dependency.BannedDependencies passed
[INFO] Rule 6: org.apache.maven.enforcer.rules.dependency.RequireUpperBoundDeps passed
[INFO] 
[INFO] --- enforcer:3.5.0:enforce (no-snapshots-in-release) @ kubernetes ---
[INFO] Rule 0: org.apache.maven.enforcer.rules.dependency.RequireReleaseDeps passed
[INFO] 
[INFO] --- enforcer:3.5.0:enforce (enforce-okhttp-consistency) @ kubernetes ---
[INFO] Rule 0: org.apache.maven.enforcer.rules.RequireSameVersions passed
[INFO] Rule 1: org.apache.maven.enforcer.rules.RequireSameVersions passed
[INFO] 
[INFO] --- localizer:1.31:generate (default) @ kubernetes ---
[INFO] 
[INFO] --- resources:3.3.1:resources (default-resources) @ kubernetes ---
[INFO] Copying 216 resources from src/main/resources to target/classes
[INFO] 
[INFO] --- flatten:1.7.0:flatten (flatten) @ kubernetes ---
[INFO] Generating flattened POM of project org.csanchez.jenkins.plugins:kubernetes:hpi:999999-SNAPSHOT...
[INFO] 
[INFO] --- compiler:3.14.0:compile (default-compile) @ kubernetes ---
[INFO] Recompiling the module because of changed source code.
[INFO] Compiling 109 source files with javac [debug parameters release 17] to target/classes
[INFO] org.csanchez.jenkins.plugins.kubernetes.pipeline.KubernetesDeclarativeAgent.DescriptorImpl indexed under org.jenkinsci.plugins.variant.OptionalExtension
[INFO] org.csanchez.jenkins.plugins.kubernetes.pipeline.KubernetesDeclarativeAgent.Compat indexed under org.jenkinsci.plugins.variant.OptionalExtension
[INFO] org.csanchez.jenkins.plugins.kubernetes.pipeline.KubernetesSamples.SuppressToolBasedSamples indexed under org.jenkinsci.plugins.variant.OptionalExtension
[INFO] org.csanchez.jenkins.plugins.kubernetes.pipeline.KubernetesSamples.Declarative indexed under org.jenkinsci.plugins.variant.OptionalExtension
[INFO] org.csanchez.jenkins.plugins.kubernetes.pipeline.KubernetesSamples.Maven indexed under org.jenkinsci.plugins.variant.OptionalExtension
[INFO] org.csanchez.jenkins.plugins.kubernetes.pipeline.KubernetesSamples.Windows indexed under org.jenkinsci.plugins.variant.OptionalExtension
[INFO] io.jenkins.plugins.kubernetes.NoDelayProvisionerStrategy indexed under hudson.Extension
[INFO] io.jenkins.plugins.kubernetes.NoDelayProvisionerStrategy.FastProvisioning indexed under hudson.Extension
[INFO] org.csanchez.jenkins.plugins.kubernetes.ContainerEnvVar.DescriptorImpl indexed under hudson.Extension
[INFO] org.csanchez.jenkins.plugins.kubernetes.ContainerEnvVar.DescriptorVisibilityFilterImpl indexed under hudson.Extension
[INFO] org.csanchez.jenkins.plugins.kubernetes.ContainerLivenessProbe.DescriptorImpl indexed under hudson.Extension
[INFO] org.csanchez.jenkins.plugins.kubernetes.ContainerTemplate.DescriptorImpl indexed under hudson.Extension
[INFO] org.csanchez.jenkins.plugins.kubernetes.DefaultInProvisioning indexed under hudson.Extension
[INFO] org.csanchez.jenkins.plugins.kubernetes.GarbageCollection.DescriptorImpl indexed under hudson.Extension
[INFO] org.csanchez.jenkins.plugins.kubernetes.GarbageCollection.PeriodicGarbageCollection indexed under hudson.Extension
[INFO] org.csanchez.jenkins.plugins.kubernetes.KubectlBuildWrapper.DescriptorImpl indexed under hudson.Extension
[INFO] org.csanchez.jenkins.plugins.kubernetes.KubernetesClientProvider.SaveableListenerImpl indexed under hudson.Extension
[INFO] org.csanchez.jenkins.plugins.kubernetes.KubernetesCloud.DescriptorImpl indexed under hudson.Extension
[INFO] org.csanchez.jenkins.plugins.kubernetes.KubernetesCloud.PodTemplateSourceImpl indexed under hudson.Extension
[INFO] org.csanchez.jenkins.plugins.kubernetes.KubernetesFolderProperty.DescriptorImpl indexed under hudson.Extension
[INFO] org.csanchez.jenkins.plugins.kubernetes.KubernetesProvisioningLimits indexed under hudson.Extension
[INFO] org.csanchez.jenkins.plugins.kubernetes.KubernetesProvisioningLimits.NodeListenerImpl indexed under hudson.Extension
[INFO] org.csanchez.jenkins.plugins.kubernetes.KubernetesQueueTaskDispatcher indexed under hudson.Extension
[INFO] org.csanchez.jenkins.plugins.kubernetes.KubernetesSlave.DescriptorImpl indexed under hudson.Extension
[INFO] org.csanchez.jenkins.plugins.kubernetes.NonConfigurableKubernetesCloud.FilterImpl indexed under hudson.Extension
[INFO] org.csanchez.jenkins.plugins.kubernetes.NonConfigurableKubernetesCloud.DescriptorImpl indexed under hudson.Extension
[INFO] org.csanchez.jenkins.plugins.kubernetes.OpenShiftTokenCredentialImpl.DescriptorImpl indexed under hudson.Extension
[INFO] org.csanchez.jenkins.plugins.kubernetes.PodAnnotation.DescriptorImpl indexed under hudson.Extension
[INFO] org.csanchez.jenkins.plugins.kubernetes.PodEnvVar.DescriptorImpl indexed under hudson.Extension
[INFO] org.csanchez.jenkins.plugins.kubernetes.PodEnvVar.DescriptorVisibilityFilterImpl indexed under hudson.Extension
[INFO] org.csanchez.jenkins.plugins.kubernetes.PodImagePullSecret.DescriptorImpl indexed under hudson.Extension
[INFO] org.csanchez.jenkins.plugins.kubernetes.PodLabel.DescriptorImpl indexed under hudson.Extension
[INFO] org.csanchez.jenkins.plugins.kubernetes.PodTemplate.DescriptorImpl indexed under hudson.Extension
[INFO] org.csanchez.jenkins.plugins.kubernetes.PodTemplateLabelFilter indexed under hudson.Extension
[INFO] org.csanchez.jenkins.plugins.kubernetes.PortMapping.DescriptorImpl indexed under hudson.Extension
[INFO] org.csanchez.jenkins.plugins.kubernetes.RestrictedPssSecurityContextInjector indexed under hudson.Extension
[INFO] org.csanchez.jenkins.plugins.kubernetes.model.KeyValueEnvVar.DescriptorImpl indexed under hudson.Extension
[INFO] org.csanchez.jenkins.plugins.kubernetes.model.SecretEnvVar.DescriptorImpl indexed under hudson.Extension
[INFO] org.csanchez.jenkins.plugins.kubernetes.pipeline.ContainerLogStep.DescriptorImpl indexed under hudson.Extension
[INFO] org.csanchez.jenkins.plugins.kubernetes.pipeline.ContainerStep.DescriptorImpl indexed under hudson.Extension
[INFO] org.csanchez.jenkins.plugins.kubernetes.pipeline.KubernetesAgentErrorCondition.DescriptorImpl indexed under hudson.Extension
[INFO] org.csanchez.jenkins.plugins.kubernetes.pipeline.PodTemplateMap indexed under hudson.Extension
[INFO] org.csanchez.jenkins.plugins.kubernetes.pipeline.PodTemplateMap.PodTemplateSourceImpl indexed under hudson.Extension
[INFO] org.csanchez.jenkins.plugins.kubernetes.pipeline.PodTemplateStep.DescriptorImpl indexed under hudson.Extension
[INFO] org.csanchez.jenkins.plugins.kubernetes.pipeline.SecretsMasker.Factory indexed under hudson.Extension
[INFO] org.csanchez.jenkins.plugins.kubernetes.pod.decorator.DefaultNodeSelector indexed under hudson.Extension
[INFO] org.csanchez.jenkins.plugins.kubernetes.pod.decorator.DefaultRestartPolicy indexed under hudson.Extension
[INFO] org.csanchez.jenkins.plugins.kubernetes.pod.decorator.DefaultWorkspaceVolume indexed under hudson.Extension
[INFO] org.csanchez.jenkins.plugins.kubernetes.pod.retention.Always.DescriptorImpl indexed under hudson.Extension
[INFO] org.csanchez.jenkins.plugins.kubernetes.pod.retention.Default.FilterImpl indexed under hudson.Extension
[INFO] org.csanchez.jenkins.plugins.kubernetes.pod.retention.Default.DescriptorImpl indexed under hudson.Extension
[INFO] org.csanchez.jenkins.plugins.kubernetes.pod.retention.Never.DescriptorImpl indexed under hudson.Extension
[INFO] org.csanchez.jenkins.plugins.kubernetes.pod.retention.OnFailure.DescriptorImpl indexed under hudson.Extension
[INFO] org.csanchez.jenkins.plugins.kubernetes.pod.retention.Reaper indexed under hudson.Extension
[INFO] org.csanchez.jenkins.plugins.kubernetes.pod.retention.Reaper.ReaperShutdownListener indexed under hudson.Extension
[INFO] org.csanchez.jenkins.plugins.kubernetes.pod.retention.Reaper.RemoveAgentOnPodDeleted indexed under hudson.Extension
[INFO] org.csanchez.jenkins.plugins.kubernetes.pod.retention.Reaper.TerminateAgentOnContainerTerminated indexed under hudson.Extension
[INFO] org.csanchez.jenkins.plugins.kubernetes.pod.retention.Reaper.TerminateAgentOnPodFailed indexed under hudson.Extension
[INFO] org.csanchez.jenkins.plugins.kubernetes.pod.retention.Reaper.TerminateAgentOnImagePullBackOff indexed under hudson.Extension
[INFO] org.csanchez.jenkins.plugins.kubernetes.pod.retention.Reaper.ReaperSaveableListener indexed under hudson.Extension
[INFO] org.csanchez.jenkins.plugins.kubernetes.pod.yaml.Merge.DescriptorImpl indexed under hudson.Extension
[INFO] org.csanchez.jenkins.plugins.kubernetes.pod.yaml.Overrides.DescriptorImpl indexed under hudson.Extension
[INFO] org.csanchez.jenkins.plugins.kubernetes.volumes.ConfigMapVolume.DescriptorImpl indexed under hudson.Extension
[INFO] org.csanchez.jenkins.plugins.kubernetes.volumes.DynamicPVCVolume.DescriptorImpl indexed under hudson.Extension
[INFO] org.csanchez.jenkins.plugins.kubernetes.volumes.EmptyDirVolume.DescriptorImpl indexed under hudson.Extension
[INFO] org.csanchez.jenkins.plugins.kubernetes.volumes.GenericEphemeralVolume.DescriptorImpl indexed under hudson.Extension
[INFO] org.csanchez.jenkins.plugins.kubernetes.volumes.HostPathVolume.DescriptorImpl indexed under hudson.Extension
[INFO] org.csanchez.jenkins.plugins.kubernetes.volumes.NfsVolume.DescriptorImpl indexed under hudson.Extension
[INFO] org.csanchez.jenkins.plugins.kubernetes.volumes.PersistentVolumeClaim.DescriptorImpl indexed under hudson.Extension
[INFO] org.csanchez.jenkins.plugins.kubernetes.volumes.SecretVolume.DescriptorImpl indexed under hudson.Extension
[INFO] org.csanchez.jenkins.plugins.kubernetes.volumes.workspace.DynamicPVCWorkspaceVolume.DescriptorImpl indexed under hudson.Extension
[INFO] org.csanchez.jenkins.plugins.kubernetes.volumes.workspace.EmptyDirWorkspaceVolume.DescriptorImpl indexed under hudson.Extension
[INFO] org.csanchez.jenkins.plugins.kubernetes.volumes.workspace.GenericEphemeralWorkspaceVolume.DescriptorImpl indexed under hudson.Extension
[INFO] org.csanchez.jenkins.plugins.kubernetes.volumes.workspace.HostPathWorkspaceVolume.DescriptorImpl indexed under hudson.Extension
[INFO] org.csanchez.jenkins.plugins.kubernetes.volumes.workspace.NfsWorkspaceVolume.DescriptorImpl indexed under hudson.Extension
[INFO] org.csanchez.jenkins.plugins.kubernetes.volumes.workspace.PersistentVolumeClaimWorkspaceVolume.DescriptorImpl indexed under hudson.Extension
[INFO] /tmp/plugin-builds/kubernetes/src/main/java/org/csanchez/jenkins/plugins/kubernetes/ContainerEnvVar.java:[23,12] Generating org/csanchez/jenkins/plugins/kubernetes/ContainerEnvVar.stapler
[INFO] /tmp/plugin-builds/kubernetes/src/main/java/org/csanchez/jenkins/plugins/kubernetes/ContainerLivenessProbe.java:[27,12] Generating org/csanchez/jenkins/plugins/kubernetes/ContainerLivenessProbe.stapler
[INFO] /tmp/plugin-builds/kubernetes/src/main/java/org/csanchez/jenkins/plugins/kubernetes/ContainerTemplate.java:[78,12] Generating org/csanchez/jenkins/plugins/kubernetes/ContainerTemplate.stapler
[INFO] /tmp/plugin-builds/kubernetes/src/main/java/org/csanchez/jenkins/plugins/kubernetes/GarbageCollection.java:[53,12] Generating org/csanchez/jenkins/plugins/kubernetes/GarbageCollection.stapler
[INFO] /tmp/plugin-builds/kubernetes/src/main/java/org/csanchez/jenkins/plugins/kubernetes/KubectlBuildWrapper.java:[53,12] Generating org/csanchez/jenkins/plugins/kubernetes/KubectlBuildWrapper.stapler
[INFO] /tmp/plugin-builds/kubernetes/src/main/java/org/csanchez/jenkins/plugins/kubernetes/KubernetesCloud.java:[178,12] Generating org/csanchez/jenkins/plugins/kubernetes/KubernetesCloud.stapler
[INFO] /tmp/plugin-builds/kubernetes/src/main/java/org/csanchez/jenkins/plugins/kubernetes/KubernetesFolderProperty.java:[45,12] Generating org/csanchez/jenkins/plugins/kubernetes/KubernetesFolderProperty.stapler
[INFO] /tmp/plugin-builds/kubernetes/src/main/java/org/csanchez/jenkins/plugins/kubernetes/KubernetesLauncher.java:[87,12] Generating org/csanchez/jenkins/plugins/kubernetes/KubernetesLauncher.stapler
[INFO] /tmp/plugin-builds/kubernetes/src/main/java/org/csanchez/jenkins/plugins/kubernetes/KubernetesSlave.java:[188,12] Generating org/csanchez/jenkins/plugins/kubernetes/KubernetesSlave.stapler
[INFO] /tmp/plugin-builds/kubernetes/src/main/java/org/csanchez/jenkins/plugins/kubernetes/OpenShiftBearerTokenCredentialImpl.java:[19,12] Generating org/csanchez/jenkins/plugins/kubernetes/OpenShiftBearerTokenCredentialImpl.stapler
[INFO] /tmp/plugin-builds/kubernetes/src/main/java/org/csanchez/jenkins/plugins/kubernetes/OpenShiftTokenCredentialImpl.java:[25,12] Generating org/csanchez/jenkins/plugins/kubernetes/OpenShiftTokenCredentialImpl.stapler
[INFO] /tmp/plugin-builds/kubernetes/src/main/java/org/csanchez/jenkins/plugins/kubernetes/PodAnnotation.java:[19,12] Generating org/csanchez/jenkins/plugins/kubernetes/PodAnnotation.stapler
[INFO] /tmp/plugin-builds/kubernetes/src/main/java/org/csanchez/jenkins/plugins/kubernetes/PodEnvVar.java:[21,12] Generating org/csanchez/jenkins/plugins/kubernetes/PodEnvVar.stapler
[INFO] /tmp/plugin-builds/kubernetes/src/main/java/org/csanchez/jenkins/plugins/kubernetes/PodImagePullSecret.java:[18,12] Generating org/csanchez/jenkins/plugins/kubernetes/PodImagePullSecret.stapler
[INFO] /tmp/plugin-builds/kubernetes/src/main/java/org/csanchez/jenkins/plugins/kubernetes/PodLabel.java:[28,12] Generating org/csanchez/jenkins/plugins/kubernetes/PodLabel.stapler
[INFO] /tmp/plugin-builds/kubernetes/src/main/java/org/csanchez/jenkins/plugins/kubernetes/PodTemplate.java:[252,12] Generating org/csanchez/jenkins/plugins/kubernetes/PodTemplate.stapler
[INFO] /tmp/plugin-builds/kubernetes/src/main/java/org/csanchez/jenkins/plugins/kubernetes/PortMapping.java:[23,12] Generating org/csanchez/jenkins/plugins/kubernetes/PortMapping.stapler
[INFO] /tmp/plugin-builds/kubernetes/src/main/java/org/csanchez/jenkins/plugins/kubernetes/ServiceAccountCredential.java:[20,12] Generating org/csanchez/jenkins/plugins/kubernetes/ServiceAccountCredential.stapler
[INFO] /tmp/plugin-builds/kubernetes/src/main/java/org/csanchez/jenkins/plugins/kubernetes/model/KeyValueEnvVar.java:[44,12] Generating org/csanchez/jenkins/plugins/kubernetes/model/KeyValueEnvVar.stapler
[INFO] /tmp/plugin-builds/kubernetes/src/main/java/org/csanchez/jenkins/plugins/kubernetes/model/SecretEnvVar.java:[50,12] Generating org/csanchez/jenkins/plugins/kubernetes/model/SecretEnvVar.stapler
[INFO] /tmp/plugin-builds/kubernetes/src/main/java/org/csanchez/jenkins/plugins/kubernetes/pipeline/ContainerLogStep.java:[45,12] Generating org/csanchez/jenkins/plugins/kubernetes/pipeline/ContainerLogStep.stapler
[INFO] /tmp/plugin-builds/kubernetes/src/main/java/org/csanchez/jenkins/plugins/kubernetes/pipeline/ContainerStep.java:[28,12] Generating org/csanchez/jenkins/plugins/kubernetes/pipeline/ContainerStep.stapler
[INFO] /tmp/plugin-builds/kubernetes/src/main/java/org/csanchez/jenkins/plugins/kubernetes/pipeline/KubernetesAgentErrorCondition.java:[65,12] Generating org/csanchez/jenkins/plugins/kubernetes/pipeline/KubernetesAgentErrorCondition.stapler
[INFO] /tmp/plugin-builds/kubernetes/src/main/java/org/csanchez/jenkins/plugins/kubernetes/pipeline/KubernetesDeclarativeAgent.java:[113,12] Generating org/csanchez/jenkins/plugins/kubernetes/pipeline/KubernetesDeclarativeAgent.stapler
[INFO] /tmp/plugin-builds/kubernetes/src/main/java/org/csanchez/jenkins/plugins/kubernetes/pipeline/PodTemplateStep.java:[115,12] Generating org/csanchez/jenkins/plugins/kubernetes/pipeline/PodTemplateStep.stapler
[INFO] /tmp/plugin-builds/kubernetes/src/main/java/org/csanchez/jenkins/plugins/kubernetes/pod/retention/Always.java:[16,12] Generating org/csanchez/jenkins/plugins/kubernetes/pod/retention/Always.stapler
[INFO] /tmp/plugin-builds/kubernetes/src/main/java/org/csanchez/jenkins/plugins/kubernetes/pod/retention/Default.java:[18,12] Generating org/csanchez/jenkins/plugins/kubernetes/pod/retention/Default.stapler
[INFO] /tmp/plugin-builds/kubernetes/src/main/java/org/csanchez/jenkins/plugins/kubernetes/pod/retention/Never.java:[16,12] Generating org/csanchez/jenkins/plugins/kubernetes/pod/retention/Never.stapler
[INFO] /tmp/plugin-builds/kubernetes/src/main/java/org/csanchez/jenkins/plugins/kubernetes/pod/retention/OnFailure.java:[21,12] Generating org/csanchez/jenkins/plugins/kubernetes/pod/retention/OnFailure.stapler
[INFO] /tmp/plugin-builds/kubernetes/src/main/java/org/csanchez/jenkins/plugins/kubernetes/pod/yaml/Merge.java:[19,12] Generating org/csanchez/jenkins/plugins/kubernetes/pod/yaml/Merge.stapler
[INFO] /tmp/plugin-builds/kubernetes/src/main/java/org/csanchez/jenkins/plugins/kubernetes/pod/yaml/Overrides.java:[17,12] Generating org/csanchez/jenkins/plugins/kubernetes/pod/yaml/Overrides.stapler
[INFO] /tmp/plugin-builds/kubernetes/src/main/java/org/csanchez/jenkins/plugins/kubernetes/volumes/ConfigMapVolume.java:[47,12] Generating org/csanchez/jenkins/plugins/kubernetes/volumes/ConfigMapVolume.stapler
[INFO] /tmp/plugin-builds/kubernetes/src/main/java/org/csanchez/jenkins/plugins/kubernetes/volumes/DynamicPVCVolume.java:[40,12] Generating org/csanchez/jenkins/plugins/kubernetes/volumes/DynamicPVCVolume.stapler
[INFO] /tmp/plugin-builds/kubernetes/src/main/java/org/csanchez/jenkins/plugins/kubernetes/volumes/EmptyDirVolume.java:[51,12] Generating org/csanchez/jenkins/plugins/kubernetes/volumes/EmptyDirVolume.stapler
[INFO] /tmp/plugin-builds/kubernetes/src/main/java/org/csanchez/jenkins/plugins/kubernetes/volumes/GenericEphemeralVolume.java:[33,12] Generating org/csanchez/jenkins/plugins/kubernetes/volumes/GenericEphemeralVolume.stapler
[INFO] /tmp/plugin-builds/kubernetes/src/main/java/org/csanchez/jenkins/plugins/kubernetes/volumes/HostPathVolume.java:[48,12] Generating org/csanchez/jenkins/plugins/kubernetes/volumes/HostPathVolume.stapler
[INFO] /tmp/plugin-builds/kubernetes/src/main/java/org/csanchez/jenkins/plugins/kubernetes/volumes/NfsVolume.java:[49,12] Generating org/csanchez/jenkins/plugins/kubernetes/volumes/NfsVolume.stapler
[INFO] /tmp/plugin-builds/kubernetes/src/main/java/org/csanchez/jenkins/plugins/kubernetes/volumes/PersistentVolumeClaim.java:[48,12] Generating org/csanchez/jenkins/plugins/kubernetes/volumes/PersistentVolumeClaim.stapler
[INFO] /tmp/plugin-builds/kubernetes/src/main/java/org/csanchez/jenkins/plugins/kubernetes/volumes/SecretVolume.java:[47,12] Generating org/csanchez/jenkins/plugins/kubernetes/volumes/SecretVolume.stapler
[INFO] /tmp/plugin-builds/kubernetes/src/main/java/org/csanchez/jenkins/plugins/kubernetes/volumes/workspace/DynamicPVCWorkspaceVolume.java:[39,12] Generating org/csanchez/jenkins/plugins/kubernetes/volumes/workspace/DynamicPVCWorkspaceVolume.stapler
[INFO] /tmp/plugin-builds/kubernetes/src/main/java/org/csanchez/jenkins/plugins/kubernetes/volumes/workspace/EmptyDirWorkspaceVolume.java:[56,12] Generating org/csanchez/jenkins/plugins/kubernetes/volumes/workspace/EmptyDirWorkspaceVolume.stapler
[INFO] /tmp/plugin-builds/kubernetes/src/main/java/org/csanchez/jenkins/plugins/kubernetes/volumes/workspace/GenericEphemeralWorkspaceVolume.java:[33,12] Generating org/csanchez/jenkins/plugins/kubernetes/volumes/workspace/GenericEphemeralWorkspaceVolume.stapler
[INFO] /tmp/plugin-builds/kubernetes/src/main/java/org/csanchez/jenkins/plugins/kubernetes/volumes/workspace/HostPathWorkspaceVolume.java:[43,12] Generating org/csanchez/jenkins/plugins/kubernetes/volumes/workspace/HostPathWorkspaceVolume.stapler
[INFO] /tmp/plugin-builds/kubernetes/src/main/java/org/csanchez/jenkins/plugins/kubernetes/volumes/workspace/NfsWorkspaceVolume.java:[49,12] Generating org/csanchez/jenkins/plugins/kubernetes/volumes/workspace/NfsWorkspaceVolume.stapler
[INFO] /tmp/plugin-builds/kubernetes/src/main/java/org/csanchez/jenkins/plugins/kubernetes/volumes/workspace/PersistentVolumeClaimWorkspaceVolume.java:[48,12] Generating org/csanchez/jenkins/plugins/kubernetes/volumes/workspace/PersistentVolumeClaimWorkspaceVolume.stapler
[INFO] /tmp/plugin-builds/kubernetes/src/main/java/org/csanchez/jenkins/plugins/kubernetes/KubernetesComputer.java:[39,8] Generating org/csanchez/jenkins/plugins/kubernetes/KubernetesComputer.javadoc
[INFO] /tmp/plugin-builds/kubernetes/src/main/java/org/csanchez/jenkins/plugins/kubernetes/ContainerTemplate.java:[344,31] Generating org/csanchez/jenkins/plugins/kubernetes/ContainerTemplate/DescriptorImpl/doCheckImage.stapler
[INFO] /tmp/plugin-builds/kubernetes/src/main/java/org/csanchez/jenkins/plugins/kubernetes/KubernetesComputer.java:[135,17] Generating org/csanchez/jenkins/plugins/kubernetes/KubernetesComputer/doContainerLog.stapler
[INFO] /tmp/plugin-builds/kubernetes/src/main/java/org/csanchez/jenkins/plugins/kubernetes/KubernetesCloud.java:[1062,29] Generating org/csanchez/jenkins/plugins/kubernetes/KubernetesCloud/DescriptorImpl/doFillCredentialsIdItems.stapler
[INFO] /tmp/plugin-builds/kubernetes/src/main/java/org/csanchez/jenkins/plugins/kubernetes/KubernetesCloud.java:[1032,31] Generating org/csanchez/jenkins/plugins/kubernetes/KubernetesCloud/DescriptorImpl/doCheckServerCertificate.stapler
[INFO] /tmp/plugin-builds/kubernetes/src/main/java/org/csanchez/jenkins/plugins/kubernetes/KubernetesCloud.java:[1085,31] Generating org/csanchez/jenkins/plugins/kubernetes/KubernetesCloud/DescriptorImpl/doCheckConnectTimeout.stapler
[INFO] /tmp/plugin-builds/kubernetes/src/main/java/org/csanchez/jenkins/plugins/kubernetes/KubernetesCloud.java:[1193,31] Generating org/csanchez/jenkins/plugins/kubernetes/KubernetesCloud/DescriptorImpl/doCheckWebSocket.stapler
[INFO] /tmp/plugin-builds/kubernetes/src/main/java/org/csanchez/jenkins/plugins/kubernetes/KubernetesCloud.java:[1103,31] Generating org/csanchez/jenkins/plugins/kubernetes/KubernetesCloud/DescriptorImpl/doCheckDirectConnection.stapler
[INFO] /tmp/plugin-builds/kubernetes/src/main/java/org/csanchez/jenkins/plugins/kubernetes/GarbageCollection.java:[119,31] Generating org/csanchez/jenkins/plugins/kubernetes/GarbageCollection/DescriptorImpl/doCheckTimeout.stapler
[INFO] /tmp/plugin-builds/kubernetes/src/main/java/org/csanchez/jenkins/plugins/kubernetes/pipeline/KubernetesDeclarativeAgent.java:[507,29] Generating org/csanchez/jenkins/plugins/kubernetes/pipeline/KubernetesDeclarativeAgent/DescriptorImpl/doFillInheritFromItems.stapler
[INFO] /tmp/plugin-builds/kubernetes/src/main/java/org/csanchez/jenkins/plugins/kubernetes/KubernetesCloud.java:[1016,31] Generating org/csanchez/jenkins/plugins/kubernetes/KubernetesCloud/DescriptorImpl/doCheckSkipTlsVerify.stapler
[INFO] /tmp/plugin-builds/kubernetes/src/main/java/org/csanchez/jenkins/plugins/kubernetes/KubernetesCloud.java:[1091,31] Generating org/csanchez/jenkins/plugins/kubernetes/KubernetesCloud/DescriptorImpl/doCheckReadTimeout.stapler
[INFO] /tmp/plugin-builds/kubernetes/src/main/java/org/csanchez/jenkins/plugins/kubernetes/KubernetesCloud.java:[1078,31] Generating org/csanchez/jenkins/plugins/kubernetes/KubernetesCloud/DescriptorImpl/doCheckMaxRequestsPerHostStr.stapler
[INFO] /tmp/plugin-builds/kubernetes/src/main/java/org/csanchez/jenkins/plugins/kubernetes/ContainerTemplate.java:[337,31] Generating org/csanchez/jenkins/plugins/kubernetes/ContainerTemplate/DescriptorImpl/doCheckName.stapler
[INFO] /tmp/plugin-builds/kubernetes/src/main/java/org/csanchez/jenkins/plugins/kubernetes/KubernetesCloud.java:[1097,31] Generating org/csanchez/jenkins/plugins/kubernetes/KubernetesCloud/DescriptorImpl/doCheckRetentionTimeout.stapler
[INFO] /tmp/plugin-builds/kubernetes/src/main/java/org/csanchez/jenkins/plugins/kubernetes/KubernetesCloud.java:[962,31] Generating org/csanchez/jenkins/plugins/kubernetes/KubernetesCloud/DescriptorImpl/doTestConnection.stapler
[INFO] /tmp/plugin-builds/kubernetes/src/main/java/org/csanchez/jenkins/plugins/kubernetes/KubernetesCloud.java:[1047,31] Generating org/csanchez/jenkins/plugins/kubernetes/KubernetesCloud/DescriptorImpl/doCheckServerUrl.stapler
[INFO] /tmp/plugin-builds/kubernetes/src/main/java/org/csanchez/jenkins/plugins/kubernetes/KubernetesCloud.java:[1181,31] Generating org/csanchez/jenkins/plugins/kubernetes/KubernetesCloud/DescriptorImpl/doCheckJenkinsUrl.stapler
[INFO] /tmp/plugin-builds/kubernetes/src/main/java/org/csanchez/jenkins/plugins/kubernetes/KubectlBuildWrapper.java:[151,29] Generating org/csanchez/jenkins/plugins/kubernetes/KubectlBuildWrapper/DescriptorImpl/doFillCredentialsIdItems.stapler
[INFO] /tmp/plugin-builds/kubernetes/src/main/java/org/csanchez/jenkins/plugins/kubernetes/KubernetesCloud.java: Some input files use or override a deprecated API.
[INFO] /tmp/plugin-builds/kubernetes/src/main/java/org/csanchez/jenkins/plugins/kubernetes/KubernetesCloud.java: Recompile with -Xlint:deprecation for details.
[INFO] /tmp/plugin-builds/kubernetes/src/main/java/org/csanchez/jenkins/plugins/kubernetes/KubernetesCloud.java: Some input files use unchecked or unsafe operations.
[INFO] /tmp/plugin-builds/kubernetes/src/main/java/org/csanchez/jenkins/plugins/kubernetes/KubernetesCloud.java: Recompile with -Xlint:unchecked for details.
[INFO] 
[INFO] --- access-modifier-checker:1.35:enforce (default-enforce) @ kubernetes ---
[INFO] 
[INFO] --- bridge-method-injector:1.31:process (default) @ kubernetes ---
[INFO] 
[INFO] --- hpi:3.65:insert-test (default-insert-test) @ kubernetes ---
[INFO] 
[INFO] --- antrun:3.1.0:run (createTempDir) @ kubernetes ---
[INFO] Executing tasks
[INFO]     [mkdir] Created dir: /tmp/plugin-builds/kubernetes/target/tmp
[INFO] Executed tasks
[INFO] 
[INFO] --- resources:3.3.1:testResources (default-testResources) @ kubernetes ---
[INFO] Copying 150 resources from src/test/resources to target/test-classes
[INFO] 
[INFO] --- compiler:3.14.0:testCompile (default-testCompile) @ kubernetes ---
[INFO] Recompiling the module because of changed dependency.
[INFO] Compiling 67 source files with javac [debug parameters release 17] to target/test-classes
[INFO] org.csanchez.jenkins.plugins.kubernetes.PodTemplateFilterTest.PodTemplateFilter1 indexed under org.jvnet.hudson.test.TestExtension
[INFO] org.csanchez.jenkins.plugins.kubernetes.PodTemplateFilterTest.PodTemplateFilter2 indexed under org.jvnet.hudson.test.TestExtension
[INFO] org.csanchez.jenkins.plugins.kubernetes.pipeline.KubernetesPipelineTest.DecoratorImpl indexed under org.jvnet.hudson.test.TestExtension
[INFO] org.csanchez.jenkins.plugins.kubernetes.pipeline.NoDelayProvisionerStrategyTest.CloudProvisionerListenerImpl indexed under org.jvnet.hudson.test.TestExtension
[INFO] org.csanchez.jenkins.plugins.kubernetes.pod.decorator.PodDecoratorTest.PodDecoratorImpl indexed under org.jvnet.hudson.test.TestExtension
[INFO] org.csanchez.jenkins.plugins.kubernetes.pod.retention.ReaperTest.CapturingReaperListener indexed under hudson.Extension
[INFO] /tmp/plugin-builds/kubernetes/src/test/java/org/csanchez/jenkins/plugins/kubernetes/KubernetesTestUtil.java: Some input files use or override a deprecated API.
[INFO] /tmp/plugin-builds/kubernetes/src/test/java/org/csanchez/jenkins/plugins/kubernetes/KubernetesTestUtil.java: Recompile with -Xlint:deprecation for details.
[INFO] /tmp/plugin-builds/kubernetes/src/test/java/org/csanchez/jenkins/plugins/kubernetes/KubernetesClientProviderTest.java: /tmp/plugin-builds/kubernetes/src/test/java/org/csanchez/jenkins/plugins/kubernetes/KubernetesClientProviderTest.java uses unchecked or unsafe operations.
[INFO] /tmp/plugin-builds/kubernetes/src/test/java/org/csanchez/jenkins/plugins/kubernetes/KubernetesClientProviderTest.java: Recompile with -Xlint:unchecked for details.
[INFO] 
[INFO] --- hpi:3.65:test-hpl (default-test-hpl) @ kubernetes ---
[INFO] Generating /tmp/plugin-builds/kubernetes/target/test-classes/the.hpl
[INFO] 
[INFO] --- hpi:3.65:resolve-test-dependencies (default-resolve-test-dependencies) @ kubernetes ---
[INFO] 
[INFO] --- hpi:3.65:test-runtime (default-test-runtime) @ kubernetes ---
[INFO] Tests are skipped.
[INFO] 
[INFO] --- surefire:3.5.3:test (default-test) @ kubernetes ---
[INFO] Tests are skipped.
[INFO] 
[INFO] --- license:165.v7e11f4e4a_325:process (default) @ kubernetes ---
[INFO] ------------------------------------------------------------------------
[INFO] BUILD FAILURE
[INFO] ------------------------------------------------------------------------
[INFO] Total time:  15.922 s
[INFO] Finished at: 2025-05-21T10:26:38+02:00
[INFO] ------------------------------------------------------------------------
---------------------------------------------------
constituent[0]: file:/home/poddingue/.sdkman/candidates/maven/current/conf/logging/
constituent[1]: file:/home/poddingue/.sdkman/candidates/maven/current/lib/plexus-cipher-2.0.jar
constituent[2]: file:/home/poddingue/.sdkman/candidates/maven/current/lib/maven-shared-utils-3.4.2.jar
constituent[3]: file:/home/poddingue/.sdkman/candidates/maven/current/lib/wagon-provider-api-3.5.3.jar
constituent[4]: file:/home/poddingue/.sdkman/candidates/maven/current/lib/guice-5.1.0.jar
constituent[5]: file:/home/poddingue/.sdkman/candidates/maven/current/lib/httpclient-4.5.14.jar
constituent[6]: file:/home/poddingue/.sdkman/candidates/maven/current/lib/slf4j-api-1.7.36.jar
constituent[7]: file:/home/poddingue/.sdkman/candidates/maven/current/lib/commons-codec-1.17.1.jar
constituent[8]: file:/home/poddingue/.sdkman/candidates/maven/current/lib/maven-resolver-impl-1.9.22.jar
constituent[9]: file:/home/poddingue/.sdkman/candidates/maven/current/lib/maven-resolver-named-locks-1.9.22.jar
constituent[10]: file:/home/poddingue/.sdkman/candidates/maven/current/lib/maven-resolver-util-1.9.22.jar
constituent[11]: file:/home/poddingue/.sdkman/candidates/maven/current/lib/maven-resolver-transport-http-1.9.22.jar
constituent[12]: file:/home/poddingue/.sdkman/candidates/maven/current/lib/plexus-sec-dispatcher-2.0.jar
constituent[13]: file:/home/poddingue/.sdkman/candidates/maven/current/lib/maven-resolver-api-1.9.22.jar
constituent[14]: file:/home/poddingue/.sdkman/candidates/maven/current/lib/guava-33.2.1-jre.jar
constituent[15]: file:/home/poddingue/.sdkman/candidates/maven/current/lib/maven-settings-3.9.9.jar
constituent[16]: file:/home/poddingue/.sdkman/candidates/maven/current/lib/maven-resolver-transport-file-1.9.22.jar
constituent[17]: file:/home/poddingue/.sdkman/candidates/maven/current/lib/wagon-http-shared-3.5.3.jar
constituent[18]: file:/home/poddingue/.sdkman/candidates/maven/current/lib/maven-resolver-transport-wagon-1.9.22.jar
constituent[19]: file:/home/poddingue/.sdkman/candidates/maven/current/lib/plexus-interpolation-1.27.jar
constituent[20]: file:/home/poddingue/.sdkman/candidates/maven/current/lib/maven-model-3.9.9.jar
constituent[21]: file:/home/poddingue/.sdkman/candidates/maven/current/lib/maven-settings-builder-3.9.9.jar
constituent[22]: file:/home/poddingue/.sdkman/candidates/maven/current/lib/jansi-2.4.1.jar
constituent[23]: file:/home/poddingue/.sdkman/candidates/maven/current/lib/commons-cli-1.8.0.jar
constituent[24]: file:/home/poddingue/.sdkman/candidates/maven/current/lib/httpcore-4.4.16.jar
constituent[25]: file:/home/poddingue/.sdkman/candidates/maven/current/lib/maven-builder-support-3.9.9.jar
constituent[26]: file:/home/poddingue/.sdkman/candidates/maven/current/lib/maven-embedder-3.9.9.jar
constituent[27]: file:/home/poddingue/.sdkman/candidates/maven/current/lib/maven-artifact-3.9.9.jar
constituent[28]: file:/home/poddingue/.sdkman/candidates/maven/current/lib/maven-compat-3.9.9.jar
constituent[29]: file:/home/poddingue/.sdkman/candidates/maven/current/lib/wagon-http-3.5.3.jar
constituent[30]: file:/home/poddingue/.sdkman/candidates/maven/current/lib/maven-model-builder-3.9.9.jar
constituent[31]: file:/home/poddingue/.sdkman/candidates/maven/current/lib/aopalliance-1.0.jar
constituent[32]: file:/home/poddingue/.sdkman/candidates/maven/current/lib/maven-slf4j-provider-3.9.9.jar
constituent[33]: file:/home/poddingue/.sdkman/candidates/maven/current/lib/maven-resolver-connector-basic-1.9.22.jar
constituent[34]: file:/home/poddingue/.sdkman/candidates/maven/current/lib/maven-plugin-api-3.9.9.jar
constituent[35]: file:/home/poddingue/.sdkman/candidates/maven/current/lib/javax.annotation-api-1.3.2.jar
constituent[36]: file:/home/poddingue/.sdkman/candidates/maven/current/lib/org.eclipse.sisu.inject-0.9.0.M3.jar
constituent[37]: file:/home/poddingue/.sdkman/candidates/maven/current/lib/jcl-over-slf4j-1.7.36.jar
constituent[38]: file:/home/poddingue/.sdkman/candidates/maven/current/lib/plexus-xml-3.0.1.jar
constituent[39]: file:/home/poddingue/.sdkman/candidates/maven/current/lib/plexus-utils-3.5.1.jar
constituent[40]: file:/home/poddingue/.sdkman/candidates/maven/current/lib/maven-resolver-provider-3.9.9.jar
constituent[41]: file:/home/poddingue/.sdkman/candidates/maven/current/lib/org.eclipse.sisu.plexus-0.9.0.M3.jar
constituent[42]: file:/home/poddingue/.sdkman/candidates/maven/current/lib/maven-resolver-spi-1.9.22.jar
constituent[43]: file:/home/poddingue/.sdkman/candidates/maven/current/lib/javax.inject-1.jar
constituent[44]: file:/home/poddingue/.sdkman/candidates/maven/current/lib/maven-core-3.9.9.jar
constituent[45]: file:/home/poddingue/.sdkman/candidates/maven/current/lib/wagon-file-3.5.3.jar
constituent[46]: file:/home/poddingue/.sdkman/candidates/maven/current/lib/plexus-component-annotations-2.1.0.jar
constituent[47]: file:/home/poddingue/.sdkman/candidates/maven/current/lib/failureaccess-1.0.2.jar
constituent[48]: file:/home/poddingue/.sdkman/candidates/maven/current/lib/maven-repository-metadata-3.9.9.jar
---------------------------------------------------
Exception in thread "main" BUG! exception in phase 'semantic analysis' in source unit 'inlineScript' Unsupported class file major version 69
	at org.codehaus.groovy.control.CompilationUnit$ISourceUnitOperation.doPhaseOperation(CompilationUnit.java:901)
	at org.codehaus.groovy.control.CompilationUnit.processPhaseOperations(CompilationUnit.java:692)
	at org.codehaus.groovy.control.CompilationUnit.compile(CompilationUnit.java:666)
	at groovy.lang.GroovyClassLoader.doParseClass(GroovyClassLoader.java:365)
	at groovy.lang.GroovyClassLoader.lambda$parseClass$2(GroovyClassLoader.java:314)
	at org.codehaus.groovy.runtime.memoize.StampedCommonCache.compute(StampedCommonCache.java:163)
	at org.codehaus.groovy.runtime.memoize.StampedCommonCache.getAndPut(StampedCommonCache.java:154)
	at groovy.lang.GroovyClassLoader.parseClass(GroovyClassLoader.java:314)
	at groovy.lang.GroovyShell.parseClass(GroovyShell.java:572)
	at groovy.lang.GroovyShell.parse(GroovyShell.java:585)
	at groovy.lang.GroovyShell.parse(GroovyShell.java:639)
	at groovy.lang.GroovyShell.parse(GroovyShell.java:643)
	at com.cloudbees.maven.license.ProcessMojo.execute(ProcessMojo.java:154)
	at org.apache.maven.plugin.DefaultBuildPluginManager.executeMojo(DefaultBuildPluginManager.java:126)
	at org.apache.maven.lifecycle.internal.MojoExecutor.doExecute2(MojoExecutor.java:328)
	at org.apache.maven.lifecycle.internal.MojoExecutor.doExecute(MojoExecutor.java:316)
	at org.apache.maven.lifecycle.internal.MojoExecutor.execute(MojoExecutor.java:212)
	at org.apache.maven.lifecycle.internal.MojoExecutor.execute(MojoExecutor.java:174)
	at org.apache.maven.lifecycle.internal.MojoExecutor.access$000(MojoExecutor.java:75)
	at org.apache.maven.lifecycle.internal.MojoExecutor$1.run(MojoExecutor.java:162)
	at org.apache.maven.plugin.DefaultMojosExecutionStrategy.execute(DefaultMojosExecutionStrategy.java:39)
	at org.apache.maven.lifecycle.internal.MojoExecutor.execute(MojoExecutor.java:159)
	at org.apache.maven.lifecycle.internal.LifecycleModuleBuilder.buildProject(LifecycleModuleBuilder.java:105)
	at org.apache.maven.lifecycle.internal.LifecycleModuleBuilder.buildProject(LifecycleModuleBuilder.java:73)
	at org.apache.maven.lifecycle.internal.builder.singlethreaded.SingleThreadedBuilder.build(SingleThreadedBuilder.java:53)
	at org.apache.maven.lifecycle.internal.LifecycleStarter.execute(LifecycleStarter.java:118)
	at org.apache.maven.DefaultMaven.doExecute(DefaultMaven.java:261)
	at org.apache.maven.DefaultMaven.doExecute(DefaultMaven.java:173)
	at org.apache.maven.DefaultMaven.execute(DefaultMaven.java:101)
	at org.apache.maven.cli.MavenCli.execute(MavenCli.java:906)
	at org.apache.maven.cli.MavenCli.doMain(MavenCli.java:283)
	at org.apache.maven.cli.MavenCli.main(MavenCli.java:206)
	at java.base/jdk.internal.reflect.DirectMethodHandleAccessor.invoke(DirectMethodHandleAccessor.java:104)
	at java.base/java.lang.reflect.Method.invoke(Method.java:565)
	at org.codehaus.plexus.classworlds.launcher.Launcher.launchEnhanced(Launcher.java:255)
	at org.codehaus.plexus.classworlds.launcher.Launcher.launch(Launcher.java:201)
	at org.codehaus.plexus.classworlds.launcher.Launcher.mainWithExitCode(Launcher.java:361)
	at org.codehaus.plexus.classworlds.launcher.Launcher.main(Launcher.java:314)
Caused by: java.lang.IllegalArgumentException: Unsupported class file major version 69
	at groovyjarjarasm.asm.ClassReader.<init>(ClassReader.java:200)
	at groovyjarjarasm.asm.ClassReader.<init>(ClassReader.java:180)
	at groovyjarjarasm.asm.ClassReader.<init>(ClassReader.java:166)
	at groovyjarjarasm.asm.ClassReader.<init>(ClassReader.java:288)
	at org.codehaus.groovy.ast.decompiled.AsmDecompiler.parseClass(AsmDecompiler.java:83)
	at org.codehaus.groovy.control.ClassNodeResolver.findDecompiled(ClassNodeResolver.java:255)
	at org.codehaus.groovy.control.ClassNodeResolver.tryAsLoaderClassOrScript(ClassNodeResolver.java:193)
	at org.codehaus.groovy.control.ClassNodeResolver.findClassNode(ClassNodeResolver.java:175)
	at org.codehaus.groovy.control.ClassNodeResolver.resolveName(ClassNodeResolver.java:129)
	at org.codehaus.groovy.control.ResolveVisitor.resolveToOuter(ResolveVisitor.java:782)
	at org.codehaus.groovy.control.ResolveVisitor.resolve(ResolveVisitor.java:423)
	at org.codehaus.groovy.control.ResolveVisitor.resolveFromDefaultImports(ResolveVisitor.java:577)
	at org.codehaus.groovy.control.ResolveVisitor.resolveFromDefaultImports(ResolveVisitor.java:541)
	at org.codehaus.groovy.control.ResolveVisitor.resolve(ResolveVisitor.java:422)
	at org.codehaus.groovy.control.ResolveVisitor.resolve(ResolveVisitor.java:384)
	at org.codehaus.groovy.control.ResolveVisitor.resolveOrFail(ResolveVisitor.java:352)
	at org.codehaus.groovy.control.ResolveVisitor.resolveOrFail(ResolveVisitor.java:341)
	at org.codehaus.groovy.control.ResolveVisitor.resolveOrFail(ResolveVisitor.java:337)
	at org.codehaus.groovy.control.ResolveVisitor.transform(ResolveVisitor.java:817)
	at org.codehaus.groovy.control.ResolveVisitor.transformDeclarationExpression(ResolveVisitor.java:1173)
	at org.codehaus.groovy.control.ResolveVisitor.transform(ResolveVisitor.java:805)
	at org.codehaus.groovy.ast.ClassCodeExpressionTransformer.visitExpressionStatement(ClassCodeExpressionTransformer.java:129)
	at org.codehaus.groovy.ast.stmt.ExpressionStatement.visit(ExpressionStatement.java:41)
	at org.codehaus.groovy.ast.CodeVisitorSupport.visitBlockStatement(CodeVisitorSupport.java:86)
	at org.codehaus.groovy.ast.ClassCodeVisitorSupport.visitBlockStatement(ClassCodeVisitorSupport.java:168)
	at org.codehaus.groovy.control.ResolveVisitor.visitBlockStatement(ResolveVisitor.java:1386)
	at org.codehaus.groovy.ast.stmt.BlockStatement.visit(BlockStatement.java:72)
	at org.codehaus.groovy.control.ResolveVisitor.transformClosureExpression(ResolveVisitor.java:1125)
	at org.codehaus.groovy.control.ResolveVisitor.transform(ResolveVisitor.java:811)
	at org.codehaus.groovy.ast.expr.Expression.transformExpressions(Expression.java:49)
	at org.codehaus.groovy.ast.expr.ArgumentListExpression.transformExpression(ArgumentListExpression.java:67)
	at org.codehaus.groovy.control.ResolveVisitor.transform(ResolveVisitor.java:818)
	at org.codehaus.groovy.control.ResolveVisitor.transformMethodCallExpression(ResolveVisitor.java:1147)
	at org.codehaus.groovy.control.ResolveVisitor.transform(ResolveVisitor.java:809)
	at org.codehaus.groovy.ast.ClassCodeExpressionTransformer.visitExpressionStatement(ClassCodeExpressionTransformer.java:129)
	at org.codehaus.groovy.ast.stmt.ExpressionStatement.visit(ExpressionStatement.java:41)
	at org.codehaus.groovy.ast.CodeVisitorSupport.visitBlockStatement(CodeVisitorSupport.java:86)
	at org.codehaus.groovy.ast.ClassCodeVisitorSupport.visitBlockStatement(ClassCodeVisitorSupport.java:168)
	at org.codehaus.groovy.control.ResolveVisitor.visitBlockStatement(ResolveVisitor.java:1386)
	at org.codehaus.groovy.ast.stmt.BlockStatement.visit(BlockStatement.java:72)
	at org.codehaus.groovy.ast.ClassCodeVisitorSupport.visitClassCodeContainer(ClassCodeVisitorSupport.java:142)
	at org.codehaus.groovy.ast.ClassCodeVisitorSupport.visitConstructorOrMethod(ClassCodeVisitorSupport.java:115)
	at org.codehaus.groovy.ast.ClassCodeExpressionTransformer.visitConstructorOrMethod(ClassCodeExpressionTransformer.java:87)
	at org.codehaus.groovy.control.ResolveVisitor.visitConstructorOrMethod(ResolveVisitor.java:329)
	at org.codehaus.groovy.ast.ClassCodeVisitorSupport.visitMethod(ClassCodeVisitorSupport.java:110)
	at org.codehaus.groovy.ast.ClassNode.visitMethods(ClassNode.java:1132)
	at org.codehaus.groovy.ast.ClassNode.visitContents(ClassNode.java:1125)
	at org.codehaus.groovy.control.ResolveVisitor.visitClass(ResolveVisitor.java:1315)
	at org.codehaus.groovy.control.ResolveVisitor.startResolving(ResolveVisitor.java:258)
	at org.codehaus.groovy.control.CompilationUnit.lambda$addPhaseOperations$4(CompilationUnit.java:218)
	at org.codehaus.groovy.control.CompilationUnit$ISourceUnitOperation.doPhaseOperation(CompilationUnit.java:897)
	... 37 more
