WARNING: A terminally deprecated method in sun.misc.Unsafe has been called
WARNING: sun.misc.Unsafe::staticFieldBase has been called by com.google.inject.internal.aop.HiddenClassDefiner (file:/home/poddingue/.sdkman/candidates/maven/current/lib/guice-5.1.0-classes.jar)
WARNING: Please consider reporting this to the maintainers of class com.google.inject.internal.aop.HiddenClassDefiner
WARNING: sun.misc.Unsafe::staticFieldBase will be removed in a future release
[INFO] Scanning for projects...
[INFO] 
[INFO] Using the MultiThreadedBuilder implementation with a thread count of 4
[INFO] 
[INFO] --------------------< org.jenkins-ci.plugins:ldap >---------------------
[INFO] Building LDAP Plugin 999999-SNAPSHOT
[INFO]   from pom.xml
[INFO] --------------------------------[ hpi ]---------------------------------
[INFO] 
[INFO] --- clean:3.4.1:clean (default-clean) @ ldap ---
[INFO] 
[INFO] --- hpi:3.61:validate (default-validate) @ ldap ---
[INFO] Created marker file /tmp/plugin-builds/ldap/target/java-level/17
[INFO] 
[INFO] --- hpi:3.61:validate-hpi (default-validate-hpi) @ ldap ---
[INFO] 
[INFO] --- enforcer:3.5.0:enforce (display-info) @ ldap ---
[INFO] Rule 0: io.jenkins.tools.incrementals.enforcer.RequireExtensionVersion passed
[INFO] Rule 1: org.apache.maven.enforcer.rules.version.RequireMavenVersion passed
[INFO] Rule 2: org.apache.maven.enforcer.rules.version.RequireJavaVersion passed
[INFO] Rule 3: org.codehaus.mojo.extraenforcer.dependencies.EnforceBytecodeVersion passed
[INFO] Rule 4: org.apache.maven.enforcer.rules.dependency.BannedDependencies passed
[INFO] Rule 5: org.apache.maven.enforcer.rules.dependency.BannedDependencies passed
[INFO] Rule 6: org.apache.maven.enforcer.rules.dependency.RequireUpperBoundDeps passed
[INFO] 
[INFO] --- enforcer:3.5.0:enforce (no-snapshots-in-release) @ ldap ---
[INFO] Rule 0: org.apache.maven.enforcer.rules.dependency.RequireReleaseDeps passed
[INFO] 
[INFO] --- localizer:1.31:generate (default) @ ldap ---
[INFO] 
[INFO] --- hpi:3.61:generate-taglib-interface (default) @ ldap ---
[INFO] jenkins/security/plugins/ldap/ValidationTagLib.java
[INFO] jenkins/security/plugins/ldap/ValidationTagLib.gdsl
[WARNING] Direct modification of compileSourceRoots through add() is deprecated and will not work in Maven 4.0.0. Please use the add/remove methods instead. If you're using a plugin that causes this warning, please upgrade to the latest version and report an issue if the warning persists. To disable these warnings, set -Dmaven.project.sourceRoots.warningsDisabled=true on the command line, in the .mvn/maven.config file, or in project POM properties.
[INFO] 
[INFO] --- resources:3.3.1:resources (default-resources) @ ldap ---
[INFO] Copying 92 resources from src/main/resources to target/classes
[INFO] 
[INFO] --- flatten:1.7.0:flatten (flatten) @ ldap ---
[INFO] Generating flattened POM of project org.jenkins-ci.plugins:ldap:hpi:999999-SNAPSHOT...
[INFO] 
[INFO] --- compiler:3.14.0:compile (default-compile) @ ldap ---
[INFO] Recompiling the module because of changed source code.
[INFO] Compiling 14 source files with javac [debug parameters release 17] to target/classes
[INFO] hudson.security.LDAPSecurityRealm.DescriptorImpl indexed under hudson.Extension
[INFO] hudson.security.LDAPSecurityRealm.CacheConfiguration.DescriptorImpl indexed under hudson.Extension
[INFO] hudson.security.LDAPSecurityRealm.EnvironmentProperty.DescriptorImpl indexed under hudson.Extension
[INFO] jenkins.security.plugins.ldap.FromGroupSearchLDAPGroupMembershipStrategy.DescriptorImpl indexed under hudson.Extension
[INFO] jenkins.security.plugins.ldap.FromUserRecordLDAPGroupMembershipStrategy.DescriptorImpl indexed under hudson.Extension
[INFO] jenkins.security.plugins.ldap.LDAPConfiguration.LDAPConfigurationDescriptor indexed under hudson.Extension
[INFO] /tmp/plugin-builds/ldap/src/main/java/hudson/security/LDAPSecurityRealm.java:[2038,16] Generating hudson/security/LDAPSecurityRealm/CacheConfiguration.stapler
[INFO] /tmp/plugin-builds/ldap/src/main/java/hudson/security/LDAPSecurityRealm.java:[2126,16] Generating hudson/security/LDAPSecurityRealm/EnvironmentProperty.stapler
[INFO] /tmp/plugin-builds/ldap/src/main/java/hudson/security/LDAPSecurityRealm.java:[488,12] Generating hudson/security/LDAPSecurityRealm.stapler
[INFO] /tmp/plugin-builds/ldap/src/main/java/jenkins/security/plugins/ldap/FromGroupSearchLDAPGroupMembershipStrategy.java:[63,12] Generating jenkins/security/plugins/ldap/FromGroupSearchLDAPGroupMembershipStrategy.stapler
[INFO] /tmp/plugin-builds/ldap/src/main/java/jenkins/security/plugins/ldap/FromUserRecordLDAPGroupMembershipStrategy.java:[61,12] Generating jenkins/security/plugins/ldap/FromUserRecordLDAPGroupMembershipStrategy.stapler
[INFO] /tmp/plugin-builds/ldap/src/main/java/jenkins/security/plugins/ldap/LDAPConfiguration.java:[151,12] Generating jenkins/security/plugins/ldap/LDAPConfiguration.stapler
[INFO] /tmp/plugin-builds/ldap/src/main/java/jenkins/security/plugins/ldap/LDAPConfiguration.java:[500,31] Generating jenkins/security/plugins/ldap/LDAPConfiguration/LDAPConfigurationDescriptor/doCheckManagerPasswordSecret.stapler
[INFO] /tmp/plugin-builds/ldap/src/main/java/jenkins/security/plugins/ldap/LDAPConfiguration.java:[440,31] Generating jenkins/security/plugins/ldap/LDAPConfiguration/LDAPConfigurationDescriptor/doCheckServer.stapler
[INFO] /tmp/plugin-builds/ldap/src/main/java/jenkins/security/plugins/ldap/LDAPConfiguration.java: /tmp/plugin-builds/ldap/src/main/java/jenkins/security/plugins/ldap/LDAPConfiguration.java uses or overrides a deprecated API.
[INFO] /tmp/plugin-builds/ldap/src/main/java/jenkins/security/plugins/ldap/LDAPConfiguration.java: Recompile with -Xlint:deprecation for details.
[INFO] /tmp/plugin-builds/ldap/src/main/java/hudson/security/LDAPSecurityRealm.java: /tmp/plugin-builds/ldap/src/main/java/hudson/security/LDAPSecurityRealm.java uses unchecked or unsafe operations.
[INFO] /tmp/plugin-builds/ldap/src/main/java/hudson/security/LDAPSecurityRealm.java: Recompile with -Xlint:unchecked for details.
[INFO] 
[INFO] --- access-modifier-checker:1.34:enforce (default-enforce) @ ldap ---
[INFO] 
[INFO] --- hpi:3.61:insert-test (default-insert-test) @ ldap ---
[INFO] 
[INFO] --- antrun:3.1.0:run (createTempDir) @ ldap ---
[INFO] Executing tasks
[INFO]     [mkdir] Created dir: /tmp/plugin-builds/ldap/target/tmp
[INFO] Executed tasks
[INFO] 
[INFO] --- resources:3.3.1:testResources (default-testResources) @ ldap ---
[INFO] Not copying test resources
[INFO] 
[INFO] --- compiler:3.14.0:testCompile (default-testCompile) @ ldap ---
[INFO] Not compiling test sources
[INFO] 
[INFO] --- hpi:3.61:test-hpl (default-test-hpl) @ ldap ---
[INFO] Generating /tmp/plugin-builds/ldap/target/test-classes/the.hpl
[INFO] 
[INFO] --- hpi:3.61:resolve-test-dependencies (default-resolve-test-dependencies) @ ldap ---
[INFO] 
[INFO] --- hpi:3.61:test-runtime (default-test-runtime) @ ldap ---
[INFO] Tests are skipped.
[INFO] 
[INFO] --- surefire:3.5.2:test (default-test) @ ldap ---
[INFO] Tests are skipped.
[INFO] 
[INFO] --- license:165.v7e11f4e4a_325:process (default) @ ldap ---
[INFO] ------------------------------------------------------------------------
[INFO] BUILD FAILURE
[INFO] ------------------------------------------------------------------------
[INFO] Total time:  39.251 s (Wall Clock)
[INFO] Finished at: 2025-09-01T09:15:57+02:00
[INFO] ------------------------------------------------------------------------
[ERROR] BUG! exception in phase 'semantic analysis' in source unit 'inlineScript' Unsupported class file major version 69 -> [Help 1]
[ERROR] BUG! exception in phase 'semantic analysis' in source unit 'inlineScript' Unsupported class file major version 69
[ERROR] 
[ERROR] To see the full stack trace of the errors, re-run Maven with the -e switch.
[ERROR] Re-run Maven using the -X switch to enable full debug logging.
[ERROR] 
[ERROR] For more information about the errors and possible solutions, please read the following articles:
[ERROR] [Help 1] http://cwiki.apache.org/confluence/display/MAVEN/GroovyBugError
