WARNING: A terminally deprecated method in sun.misc.Unsafe has been called
WARNING: sun.misc.Unsafe::staticFieldBase has been called by com.google.inject.internal.aop.HiddenClassDefiner (file:/home/poddingue/.sdkman/candidates/maven/current/lib/guice-5.1.0-classes.jar)
WARNING: Please consider reporting this to the maintainers of class com.google.inject.internal.aop.HiddenClassDefiner
WARNING: sun.misc.Unsafe::staticFieldBase will be removed in a future release
[INFO] Scanning for projects...
[INFO] 
[INFO] Using the MultiThreadedBuilder implementation with a thread count of 4
[INFO] 
[INFO] ---------------------< io.jenkins.plugins:locale >----------------------
[INFO] Building Locale plugin 999999-SNAPSHOT
[INFO]   from pom.xml
[INFO] --------------------------------[ hpi ]---------------------------------
[INFO] 
[INFO] --- clean:3.5.0:clean (default-clean) @ locale ---
[INFO] 
[INFO] --- hpi:3.1746.v2e9fe7dc4d95:validate (default-validate) @ locale ---
[INFO] Created marker file /tmp/plugin-builds/locale/target/java-level/17
[INFO] 
[INFO] --- hpi:3.1746.v2e9fe7dc4d95:validate-hpi (default-validate-hpi) @ locale ---
[INFO] 
[INFO] --- enforcer:3.6.1:enforce (display-info) @ locale ---
[INFO] Rule 0: io.jenkins.tools.incrementals.enforcer.RequireExtensionVersion passed
[INFO] Rule 1: org.apache.maven.enforcer.rules.version.RequireMavenVersion passed
[INFO] Rule 2: org.apache.maven.enforcer.rules.version.RequireJavaVersion passed
[INFO] Rule 3: org.codehaus.mojo.extraenforcer.dependencies.EnforceBytecodeVersion passed
[INFO] Rule 4: org.apache.maven.enforcer.rules.dependency.BannedDependencies passed
[INFO] Rule 5: org.apache.maven.enforcer.rules.dependency.BannedDependencies passed
[INFO] Rule 6: org.apache.maven.enforcer.rules.dependency.RequireUpperBoundDeps passed
[INFO] 
[INFO] --- enforcer:3.6.1:enforce (no-snapshots-in-release) @ locale ---
[INFO] Rule 0: org.apache.maven.enforcer.rules.dependency.RequireReleaseDeps passed
[INFO] 
[INFO] --- localizer:1.31:generate (default) @ locale ---
[INFO] 
[INFO] --- enforcer:3.6.1:enforce (check-junit-imports) @ locale ---
[INFO] Rule 0: org.apache.maven.plugins.enforcer.RestrictImports passed
[INFO] 
[INFO] --- resources:3.3.1:resources (default-resources) @ locale ---
[INFO] Copying 6 resources from src/main/resources to target/classes
[INFO] 
[INFO] --- flatten:1.7.2:flatten (flatten) @ locale ---
[INFO] Generating flattened POM of project io.jenkins.plugins:locale:hpi:999999-SNAPSHOT...
[INFO] 
[INFO] --- compiler:3.14.0:compile (default-compile) @ locale ---
[INFO] Recompiling the module because of changed source code.
[INFO] Compiling 4 source files with javac [debug parameters release 17] to target/classes
[INFO] hudson.plugins.locale.PluginImpl indexed under hudson.Extension
[INFO] hudson.plugins.locale.user.UserLocaleProperty.DescriptorImpl indexed under hudson.Extension
[INFO] /tmp/plugin-builds/locale/src/main/java/hudson/plugins/locale/user/UserLocaleProperty.java:[36,12] Generating hudson/plugins/locale/user/UserLocaleProperty.stapler
[INFO] 
[INFO] --- access-modifier-checker:1.35:enforce (default-enforce) @ locale ---
[INFO] 
[INFO] --- bridge-method-injector:1.32:process (default) @ locale ---
[INFO] 
[INFO] --- hpi:3.1746.v2e9fe7dc4d95:insert-test (default-insert-test) @ locale ---
[INFO] 
[INFO] --- antrun:3.1.0:run (createTempDir) @ locale ---
[INFO] Executing tasks
[INFO]     [mkdir] Created dir: /tmp/plugin-builds/locale/target/tmp
[INFO] Executed tasks
[INFO] 
[INFO] --- resources:3.3.1:testResources (default-testResources) @ locale ---
[INFO] Not copying test resources
[INFO] 
[INFO] --- compiler:3.14.0:testCompile (default-testCompile) @ locale ---
[INFO] Not compiling test sources
[INFO] 
[INFO] --- hpi:3.1746.v2e9fe7dc4d95:test-hpl (default-test-hpl) @ locale ---
[INFO] Generating /tmp/plugin-builds/locale/target/test-classes/the.hpl
[INFO] 
[INFO] --- hpi:3.1746.v2e9fe7dc4d95:resolve-test-dependencies (default-resolve-test-dependencies) @ locale ---
[INFO] 
[INFO] --- hpi:3.1746.v2e9fe7dc4d95:test-runtime (default-test-runtime) @ locale ---
[INFO] Tests are skipped.
[INFO] 
[INFO] --- surefire:3.5.2:test (default-test) @ locale ---
[INFO] Tests are skipped.
[INFO] 
[INFO] --- license:184.v19c87b_6b_a_9a_c:process (default) @ locale ---
[INFO] Generated /tmp/plugin-builds/locale/target/locale/WEB-INF/licenses.xml
[INFO] 
[INFO] --- hpi:3.1746.v2e9fe7dc4d95:hpi (default-hpi) @ locale ---
[INFO] Generating /tmp/plugin-builds/locale/target/locale/META-INF/MANIFEST.MF
[INFO] Checking for attached .jar artifact ...
[INFO] Generating jar /tmp/plugin-builds/locale/target/locale.jar
[INFO] Building jar: /tmp/plugin-builds/locale/target/locale.jar
[INFO] Exploding webapp...
[INFO] Copy webapp webResources to /tmp/plugin-builds/locale/target/locale
[INFO] Assembling webapp locale in /tmp/plugin-builds/locale/target/locale
[INFO] Generating hpi /tmp/plugin-builds/locale/target/locale.hpi
[INFO] Building jar: /tmp/plugin-builds/locale/target/locale.hpi
[INFO] 
[INFO] --- jar:3.4.2:test-jar (maybe-test-jar) @ locale ---
[INFO] Skipping packaging of the test-jar
[INFO] 
[INFO] >>> spotbugs:4.9.4.0:check (spotbugs) > :spotbugs @ locale >>>
[INFO] 
[INFO] --- spotbugs:4.9.4.0:spotbugs (spotbugs) @ locale ---
[INFO] Fork Value is true
[INFO] Done SpotBugs Analysis....
[WARNING] Unable to find a URL to the parent project. The parent menu will NOT be added.
[INFO] Rendering content with org.apache.maven.skins:maven-fluido-skin:jar:2.0.0-M9 skin
[INFO] 
[INFO] <<< spotbugs:4.9.4.0:check (spotbugs) < :spotbugs @ locale <<<
[INFO] 
[INFO] 
[INFO] --- spotbugs:4.9.4.0:check (spotbugs) @ locale ---
[INFO] BugInstance size is 0
[INFO] Error size is 0
[INFO] No errors/warnings found
[INFO] 
[INFO] --- spotless:2.46.1:check (default) @ locale ---
[INFO] Index file does not exist. Fallback to an empty index
[INFO] Spotless.Java is keeping 7 files clean - 0 needs changes to be clean, 7 were already clean, 0 were skipped because caching determined they were already clean
[INFO] Sorting file /tmp/pom10920026884756009582.xml
[INFO] Pom file is already sorted, exiting
[INFO] Spotless.Pom is keeping 1 files clean - 0 needs changes to be clean, 1 were already clean, 0 were skipped because caching determined they were already clean
[INFO] 
[INFO] --- install:3.1.4:install (default-install) @ locale ---
[INFO] Installing /tmp/plugin-builds/locale/target/locale-999999-SNAPSHOT.pom to /home/poddingue/.m2/repository/io/jenkins/plugins/locale/999999-SNAPSHOT/locale-999999-SNAPSHOT.pom
[INFO] Installing /tmp/plugin-builds/locale/target/locale.hpi to /home/poddingue/.m2/repository/io/jenkins/plugins/locale/999999-SNAPSHOT/locale-999999-SNAPSHOT.hpi
[INFO] Installing /tmp/plugin-builds/locale/target/locale.jar to /home/poddingue/.m2/repository/io/jenkins/plugins/locale/999999-SNAPSHOT/locale-999999-SNAPSHOT.jar
[INFO] ------------------------------------------------------------------------
[INFO] BUILD SUCCESS
[INFO] ------------------------------------------------------------------------
[INFO] Total time:  01:06 min (Wall Clock)
[INFO] Finished at: 2025-09-01T09:49:18+02:00
[INFO] ------------------------------------------------------------------------
