WARNING: A terminally deprecated method in sun.misc.Unsafe has been called
WARNING: sun.misc.Unsafe::staticFieldBase has been called by com.google.inject.internal.aop.HiddenClassDefiner (file:/usr/share/apache-maven-3.9.10/lib/guice-5.1.0-classes.jar)
WARNING: Please consider reporting this to the maintainers of class com.google.inject.internal.aop.HiddenClassDefiner
WARNING: sun.misc.Unsafe::staticFieldBase will be removed in a future release
[INFO] Scanning for projects...
[INFO] Artifact org.jenkins-ci.tools:maven-hpi-plugin:pom:3.65 is present in the local repository, but cached from a remote repository ID that is unavailable in current build context, verifying that is downloadable from [incrementals (https://repo.jenkins-ci.org/incrementals/, default, releases), central (https://repo.maven.apache.org/maven2, default, releases)]
[INFO] Artifact org.jenkins-ci.tools:maven-hpi-plugin:pom:3.65 is present in the local repository, but cached from a remote repository ID that is unavailable in current build context, verifying that is downloadable from [incrementals (https://repo.jenkins-ci.org/incrementals/, default, releases), central (https://repo.maven.apache.org/maven2, default, releases)]
[WARNING] The POM for org.jenkins-ci.tools:maven-hpi-plugin:jar:3.65 is missing, no dependency information available
[INFO] Artifact org.jenkins-ci.tools:maven-hpi-plugin:jar:3.65 is present in the local repository, but cached from a remote repository ID that is unavailable in current build context, verifying that is downloadable from [incrementals (https://repo.jenkins-ci.org/incrementals/, default, releases), central (https://repo.maven.apache.org/maven2, default, releases)]
[INFO] Artifact org.jenkins-ci.tools:maven-hpi-plugin:jar:3.65 is present in the local repository, but cached from a remote repository ID that is unavailable in current build context, verifying that is downloadable from [incrementals (https://repo.jenkins-ci.org/incrementals/, default, releases), central (https://repo.maven.apache.org/maven2, default, releases)]
[WARNING] Failed to build parent project for io.jenkins.plugins:localization-support:hpi:1.4-SNAPSHOT
[INFO] 
[INFO] --------------< io.jenkins.plugins:localization-support >---------------
[INFO] Building Localization Support Plugin 1.4-SNAPSHOT
[INFO]   from pom.xml
[INFO] --------------------------------[ hpi ]---------------------------------
Downloading from repo.jenkins-ci.org: https://repo.jenkins-ci.org/public/org/kohsuke/metainf-services/metainf-services/1.7/metainf-services-1.7.pom
Downloading from incrementals: https://repo.jenkins-ci.org/incrementals/org/kohsuke/metainf-services/metainf-services/1.7/metainf-services-1.7.pom
Downloading from central: https://repo.maven.apache.org/maven2/org/kohsuke/metainf-services/metainf-services/1.7/metainf-services-1.7.pom
Progress (1): 1.4/2.6 kBProgress (1): 2.6 kB                        Downloaded from central: https://repo.maven.apache.org/maven2/org/kohsuke/metainf-services/metainf-services/1.7/metainf-services-1.7.pom (2.6 kB at 70 kB/s)
Downloading from repo.jenkins-ci.org: https://repo.jenkins-ci.org/public/org/kohsuke/metainf-services/metainf-services/1.7/metainf-services-1.7.jar
Downloading from incrementals: https://repo.jenkins-ci.org/incrementals/org/kohsuke/metainf-services/metainf-services/1.7/metainf-services-1.7.jar
Downloading from central: https://repo.maven.apache.org/maven2/org/kohsuke/metainf-services/metainf-services/1.7/metainf-services-1.7.jar
Progress (1): 1.4/7.7 kBProgress (1): 2.8/7.7 kBProgress (1): 4.1/7.7 kBProgress (1): 5.5/7.7 kBProgress (1): 6.9/7.7 kBProgress (1): 7.7 kB                        Downloaded from central: https://repo.maven.apache.org/maven2/org/kohsuke/metainf-services/metainf-services/1.7/metainf-services-1.7.jar (7.7 kB at 770 kB/s)
[INFO] 
[INFO] --- clean:3.4.1:clean (default-clean) @ localization-support ---
[INFO] 
[INFO] --- hpi:3.65:validate (default-validate) @ localization-support ---
[INFO] Created marker file /tmp/plugin-builds/localization-support/target/java-level/17
[INFO] 
[INFO] --- hpi:3.65:validate-hpi (default-validate-hpi) @ localization-support ---
[INFO] 
[INFO] --- enforcer:3.5.0:enforce (display-info) @ localization-support ---
[INFO] Rule 0: io.jenkins.tools.incrementals.enforcer.RequireExtensionVersion passed
[INFO] Rule 1: org.apache.maven.enforcer.rules.version.RequireMavenVersion passed
[INFO] Rule 2: org.apache.maven.enforcer.rules.version.RequireJavaVersion passed
[INFO] Rule 3: org.codehaus.mojo.extraenforcer.dependencies.EnforceBytecodeVersion passed
[INFO] Rule 4: org.apache.maven.enforcer.rules.dependency.BannedDependencies passed
[INFO] Rule 5: org.apache.maven.enforcer.rules.dependency.BannedDependencies passed
[INFO] Rule 6: org.apache.maven.enforcer.rules.dependency.RequireUpperBoundDeps passed
[INFO] 
[INFO] --- enforcer:3.5.0:enforce (no-snapshots-in-release) @ localization-support ---
[INFO] Rule 0: org.apache.maven.enforcer.rules.dependency.RequireReleaseDeps passed
[INFO] 
[INFO] --- localizer:1.31:generate (default) @ localization-support ---
[INFO] 
[INFO] --- resources:3.3.1:resources (default-resources) @ localization-support ---
[INFO] Copying 4 resources from src/main/resources to target/classes
[INFO] 
[INFO] --- flatten:1.7.0:flatten (flatten) @ localization-support ---
[INFO] Generating flattened POM of project io.jenkins.plugins:localization-support:hpi:1.4-SNAPSHOT...
[INFO] 
[INFO] --- compiler:3.14.0:compile (default-compile) @ localization-support ---
[INFO] Recompiling the module because of changed source code.
[INFO] Compiling 8 source files with javac [debug parameters release 17] to target/classes
[WARNING] Supported source version 'RELEASE_8' from annotation processor 'org.kohsuke.metainf_services.AnnotationProcessorImpl' less than -source '17'
[INFO] io.jenkins.plugins.localization.support.LocalizationMonitor indexed under hudson.Extension
[INFO] io.jenkins.plugins.localization.support.stapler.PluginLocaleDrivenResourceProviderImpl indexed under hudson.Extension
[INFO] 
[INFO] --- access-modifier-checker:1.35:enforce (default-enforce) @ localization-support ---
[INFO] Skipping access modifier checks
[INFO] 
[INFO] --- bridge-method-injector:1.31:process (default) @ localization-support ---
[INFO] 
[INFO] --- hpi:3.65:insert-test (default-insert-test) @ localization-support ---
[INFO] 
[INFO] --- antrun:3.1.0:run (createTempDir) @ localization-support ---
[INFO] Executing tasks
[INFO]     [mkdir] Created dir: /tmp/plugin-builds/localization-support/target/tmp
[INFO] Executed tasks
[INFO] 
[INFO] --- resources:3.3.1:testResources (default-testResources) @ localization-support ---
[INFO] Not copying test resources
[INFO] 
[INFO] --- compiler:3.14.0:testCompile (default-testCompile) @ localization-support ---
[INFO] Not compiling test sources
[INFO] 
[INFO] --- hpi:3.65:test-hpl (default-test-hpl) @ localization-support ---
[INFO] Generating /tmp/plugin-builds/localization-support/target/test-classes/the.hpl
[INFO] 
[INFO] --- hpi:3.65:resolve-test-dependencies (default-resolve-test-dependencies) @ localization-support ---
[INFO] 
[INFO] --- hpi:3.65:test-runtime (default-test-runtime) @ localization-support ---
[INFO] Tests are skipped.
[INFO] 
[INFO] --- surefire:3.5.3:test (default-test) @ localization-support ---
[INFO] Tests are skipped.
[INFO] 
[INFO] --- license:165.v7e11f4e4a_325:process (default) @ localization-support ---
[INFO] 
[INFO] --- hpi:3.65:hpi (default-hpi) @ localization-support ---
[INFO] Generating /tmp/plugin-builds/localization-support/target/localization-support/META-INF/MANIFEST.MF
[INFO] Checking for attached .jar artifact ...
[INFO] Generating jar /tmp/plugin-builds/localization-support/target/localization-support.jar
[INFO] Building jar: /tmp/plugin-builds/localization-support/target/localization-support.jar
[INFO] Exploding webapp...
[INFO] Copy webapp webResources to /tmp/plugin-builds/localization-support/target/localization-support
[INFO] Assembling webapp localization-support in /tmp/plugin-builds/localization-support/target/localization-support
[INFO] Bundling direct dependency metainf-services-1.7.jar
[INFO] Generating hpi /tmp/plugin-builds/localization-support/target/localization-support.hpi
[INFO] Building jar: /tmp/plugin-builds/localization-support/target/localization-support.hpi
[INFO] 
[INFO] --- jar:3.4.2:test-jar (maybe-test-jar) @ localization-support ---
[INFO] Skipping packaging of the test-jar
[INFO] 
[INFO] >>> spotbugs:4.9.3.0:check (spotbugs) > :spotbugs @ localization-support >>>
[INFO] 
[INFO] --- spotbugs:4.9.3.0:spotbugs (spotbugs) @ localization-support ---
[INFO] Skipping com.github.spotbugs:spotbugs-maven-plugin:4.9.3.0:spotbugs report goal
[INFO] 
[INFO] <<< spotbugs:4.9.3.0:check (spotbugs) < :spotbugs @ localization-support <<<
[INFO] 
[INFO] 
[INFO] --- spotbugs:4.9.3.0:check (spotbugs) @ localization-support ---
[INFO] Spotbugs plugin skipped
[INFO] 
[INFO] --- spotless:2.44.4:check (default) @ localization-support ---
[INFO] Spotless check skipped
[INFO] 
[INFO] --- install:3.1.4:install (default-install) @ localization-support ---
[INFO] Installing /tmp/plugin-builds/localization-support/target/localization-support-1.4-SNAPSHOT.pom to /home/runner/.m2/repository/io/jenkins/plugins/localization-support/1.4-SNAPSHOT/localization-support-1.4-SNAPSHOT.pom
[INFO] Installing /tmp/plugin-builds/localization-support/target/localization-support.hpi to /home/runner/.m2/repository/io/jenkins/plugins/localization-support/1.4-SNAPSHOT/localization-support-1.4-SNAPSHOT.hpi
[INFO] Installing /tmp/plugin-builds/localization-support/target/localization-support.jar to /home/runner/.m2/repository/io/jenkins/plugins/localization-support/1.4-SNAPSHOT/localization-support-1.4-SNAPSHOT.jar
[INFO] ------------------------------------------------------------------------
[INFO] BUILD SUCCESS
[INFO] ------------------------------------------------------------------------
[INFO] Total time:  6.367 s
[INFO] Finished at: 2025-07-07T14:29:58Z
[INFO] ------------------------------------------------------------------------
