WARNING: A restricted method in java.lang.System has been called
WARNING: java.lang.System::load has been called by org.fusesource.jansi.internal.JansiLoader in an unnamed module (file:/home/poddingue/.sdkman/candidates/maven/current/lib/jansi-2.4.1.jar)
WARNING: Use --enable-native-access=ALL-UNNAMED to avoid a warning for callers in this module
WARNING: Restricted methods will be blocked in a future release unless native access is enabled

WARNING: A terminally deprecated method in sun.misc.Unsafe has been called
WARNING: sun.misc.Unsafe::objectFieldOffset has been called by com.google.common.util.concurrent.AbstractFuture$UnsafeAtomicHelper (file:/home/poddingue/.sdkman/candidates/maven/current/lib/guava-33.2.1-jre.jar)
WARNING: Please consider reporting this to the maintainers of class com.google.common.util.concurrent.AbstractFuture$UnsafeAtomicHelper
WARNING: sun.misc.Unsafe::objectFieldOffset will be removed in a future release
[INFO] Scanning for projects...
[INFO] 
[INFO] ----------------< org.6wind.jenkins:lockable-resources >----------------
[INFO] Building Lockable Resources plugin 999999-SNAPSHOT
[INFO]   from pom.xml
[INFO] --------------------------------[ hpi ]---------------------------------
[INFO] 
[INFO] --- clean:3.4.1:clean (default-clean) @ lockable-resources ---
[INFO] 
[INFO] --- hpi:3.65:validate (default-validate) @ lockable-resources ---
[INFO] Created marker file /tmp/plugin-builds/lockable-resources/target/java-level/17
[INFO] 
[INFO] --- hpi:3.65:validate-hpi (default-validate-hpi) @ lockable-resources ---
[INFO] 
[INFO] --- enforcer:3.5.0:enforce (display-info) @ lockable-resources ---
[INFO] Rule 0: io.jenkins.tools.incrementals.enforcer.RequireExtensionVersion passed
[INFO] Rule 1: org.apache.maven.enforcer.rules.version.RequireMavenVersion passed
[INFO] Rule 2: org.apache.maven.enforcer.rules.version.RequireJavaVersion passed
[INFO] Rule 3: org.codehaus.mojo.extraenforcer.dependencies.EnforceBytecodeVersion passed
[INFO] Rule 4: org.apache.maven.enforcer.rules.dependency.BannedDependencies passed
[INFO] Rule 5: org.apache.maven.enforcer.rules.dependency.BannedDependencies passed
[INFO] Ignoring requireUpperBoundDeps in org.ow2.asm:asm
[INFO] Rule 6: org.apache.maven.enforcer.rules.dependency.RequireUpperBoundDeps passed
[INFO] 
[INFO] --- enforcer:3.5.0:enforce (no-snapshots-in-release) @ lockable-resources ---
[INFO] Rule 0: org.apache.maven.enforcer.rules.dependency.RequireReleaseDeps passed
[INFO] 
[INFO] --- localizer:1.31:generate (default) @ lockable-resources ---
[INFO] 
[INFO] --- resources:3.3.1:resources (default-resources) @ lockable-resources ---
[INFO] Copying 84 resources from src/main/resources to target/classes
[INFO] 
[INFO] --- flatten:1.7.0:flatten (flatten) @ lockable-resources ---
[INFO] Generating flattened POM of project org.6wind.jenkins:lockable-resources:hpi:999999-SNAPSHOT...
[INFO] 
[INFO] --- compiler:3.14.0:compile (default-compile) @ lockable-resources ---
[INFO] Recompiling the module because of changed source code.
[INFO] Compiling 24 source files with javac [debug parameters release 17] to target/classes
[INFO] org.jenkins.plugins.lockableresources.LockStep.DescriptorImpl indexed under hudson.Extension
[INFO] org.jenkins.plugins.lockableresources.LockStepResource.DescriptorImpl indexed under hudson.Extension
[INFO] org.jenkins.plugins.lockableresources.LockableResource.DescriptorImpl indexed under hudson.Extension
[INFO] org.jenkins.plugins.lockableresources.LockableResourceProperty.DescriptorImpl indexed under hudson.Extension
[INFO] org.jenkins.plugins.lockableresources.LockableResourcesManager indexed under hudson.Extension
[INFO] org.jenkins.plugins.lockableresources.RequiredResourcesProperty.DescriptorImpl indexed under hudson.Extension
[INFO] org.jenkins.plugins.lockableresources.actions.LockableResourcesRootAction indexed under hudson.Extension
[INFO] org.jenkins.plugins.lockableresources.actions.ResourceVariableNameAction.ResourceVariableNameActionEnvironmentContributor indexed under hudson.Extension
[INFO] org.jenkins.plugins.lockableresources.NodesMirror indexed under hudson.Extension
[INFO] org.jenkins.plugins.lockableresources.queue.LockRunListener indexed under hudson.Extension
[INFO] org.jenkins.plugins.lockableresources.queue.LockableResourcesQueueTaskDispatcher indexed under hudson.Extension
[INFO] /tmp/plugin-builds/lockable-resources/src/main/java/org/jenkins/plugins/lockableresources/LockStep.java:[70,12] Generating org/jenkins/plugins/lockableresources/LockStep.stapler
[INFO] /tmp/plugin-builds/lockable-resources/src/main/java/org/jenkins/plugins/lockableresources/LockStepResource.java:[45,12] Generating org/jenkins/plugins/lockableresources/LockStepResource.stapler
[INFO] /tmp/plugin-builds/lockable-resources/src/main/java/org/jenkins/plugins/lockableresources/LockableResource.java:[132,12] Generating org/jenkins/plugins/lockableresources/LockableResource.stapler
[INFO] /tmp/plugin-builds/lockable-resources/src/main/java/org/jenkins/plugins/lockableresources/LockableResourceProperty.java:[21,12] Generating org/jenkins/plugins/lockableresources/LockableResourceProperty.stapler
[INFO] /tmp/plugin-builds/lockable-resources/src/main/java/org/jenkins/plugins/lockableresources/RequiredResourcesProperty.java:[44,12] Generating org/jenkins/plugins/lockableresources/RequiredResourcesProperty.stapler
[INFO] /tmp/plugin-builds/lockable-resources/src/main/java/org/jenkins/plugins/lockableresources/LockableResource.java:[55,8] Generating org/jenkins/plugins/lockableresources/LockableResource.javadoc
[INFO] /tmp/plugin-builds/lockable-resources/src/main/java/org/jenkins/plugins/lockableresources/actions/LockableResourcesRootAction.java:[48,8] Generating org/jenkins/plugins/lockableresources/actions/LockableResourcesRootAction.javadoc
[INFO] /tmp/plugin-builds/lockable-resources/src/main/java/org/jenkins/plugins/lockableresources/LockableResources.java:[18,8] Generating org/jenkins/plugins/lockableresources/LockableResources.javadoc
[INFO] /tmp/plugin-builds/lockable-resources/src/main/java/org/jenkins/plugins/lockableresources/LockableResourceProperty.java:[14,8] Generating org/jenkins/plugins/lockableresources/LockableResourceProperty.javadoc
[INFO] /tmp/plugin-builds/lockable-resources/src/main/java/org/jenkins/plugins/lockableresources/LockStepResource.java:[164,38] Generating org/jenkins/plugins/lockableresources/LockStepResource/DescriptorImpl/doCheckLabel.stapler
[INFO] /tmp/plugin-builds/lockable-resources/src/main/java/org/jenkins/plugins/lockableresources/RequiredResourcesProperty.java:[289,48] Generating org/jenkins/plugins/lockableresources/RequiredResourcesProperty/DescriptorImpl/doAutoCompleteResourceNames.stapler
[INFO] /tmp/plugin-builds/lockable-resources/src/main/java/org/jenkins/plugins/lockableresources/LockStep.java:[152,38] Generating org/jenkins/plugins/lockableresources/LockStep/DescriptorImpl/doCheckResource.stapler
[INFO] /tmp/plugin-builds/lockable-resources/src/main/java/org/jenkins/plugins/lockableresources/LockStepResource.java:[158,41] Generating org/jenkins/plugins/lockableresources/LockStepResource/DescriptorImpl/doAutoCompleteResource.stapler
[INFO] /tmp/plugin-builds/lockable-resources/src/main/java/org/jenkins/plugins/lockableresources/RequiredResourcesProperty.java:[267,41] Generating org/jenkins/plugins/lockableresources/RequiredResourcesProperty/DescriptorImpl/doAutoCompleteLabelName.stapler
[INFO] /tmp/plugin-builds/lockable-resources/src/main/java/org/jenkins/plugins/lockableresources/LockStep.java:[158,38] Generating org/jenkins/plugins/lockableresources/LockStep/DescriptorImpl/doCheckResourceSelectStrategy.stapler
[INFO] /tmp/plugin-builds/lockable-resources/src/main/java/org/jenkins/plugins/lockableresources/RequiredResourcesProperty.java:[228,31] Generating org/jenkins/plugins/lockableresources/RequiredResourcesProperty/DescriptorImpl/doCheckResourceNumber.stapler
[INFO] /tmp/plugin-builds/lockable-resources/src/main/java/org/jenkins/plugins/lockableresources/RequiredResourcesProperty.java:[173,31] Generating org/jenkins/plugins/lockableresources/RequiredResourcesProperty/DescriptorImpl/doCheckResourceNames.stapler
[INFO] /tmp/plugin-builds/lockable-resources/src/main/java/org/jenkins/plugins/lockableresources/RequiredResourcesProperty.java:[203,31] Generating org/jenkins/plugins/lockableresources/RequiredResourcesProperty/DescriptorImpl/doCheckLabelName.stapler
[WARNING] /tmp/plugin-builds/lockable-resources/src/main/java/org/jenkins/plugins/lockableresources/LockableResource.java:[232,17] deprecated item is not annotated with @Deprecated
[INFO] /tmp/plugin-builds/lockable-resources/src/main/java/org/jenkins/plugins/lockableresources/LockableResources.java: Some input files use or override a deprecated API.
[INFO] /tmp/plugin-builds/lockable-resources/src/main/java/org/jenkins/plugins/lockableresources/LockableResources.java: Recompile with -Xlint:deprecation for details.
[INFO] 
[INFO] --- access-modifier-checker:1.35:enforce (default-enforce) @ lockable-resources ---
[INFO] Skipping access modifier checks
[INFO] 
[INFO] --- bridge-method-injector:1.31:process (default) @ lockable-resources ---
[INFO] 
[INFO] --- hpi:3.65:insert-test (default-insert-test) @ lockable-resources ---
[INFO] 
[INFO] --- antrun:3.1.0:run (createTempDir) @ lockable-resources ---
[INFO] Executing tasks
[INFO]     [mkdir] Created dir: /tmp/plugin-builds/lockable-resources/target/tmp
[INFO] Executed tasks
[INFO] 
[INFO] --- resources:3.3.1:testResources (default-testResources) @ lockable-resources ---
[INFO] Not copying test resources
[INFO] 
[INFO] --- compiler:3.14.0:testCompile (default-testCompile) @ lockable-resources ---
[INFO] Not compiling test sources
[INFO] 
[INFO] --- hpi:3.65:test-hpl (default-test-hpl) @ lockable-resources ---
[INFO] Generating /tmp/plugin-builds/lockable-resources/target/test-classes/the.hpl
[INFO] 
[INFO] --- hpi:3.65:resolve-test-dependencies (default-resolve-test-dependencies) @ lockable-resources ---
[INFO] 
[INFO] --- hpi:3.65:test-runtime (default-test-runtime) @ lockable-resources ---
[INFO] Tests are skipped.
[INFO] 
[INFO] --- surefire:3.5.3:test (default-test) @ lockable-resources ---
[INFO] Tests are skipped.
[INFO] 
[INFO] --- license:165.v7e11f4e4a_325:process (default) @ lockable-resources ---
[INFO] 
[INFO] --- hpi:3.65:hpi (default-hpi) @ lockable-resources ---
[INFO] Generating /tmp/plugin-builds/lockable-resources/target/lockable-resources/META-INF/MANIFEST.MF
[INFO] Checking for attached .jar artifact ...
[INFO] Generating jar /tmp/plugin-builds/lockable-resources/target/lockable-resources.jar
[INFO] Building jar: /tmp/plugin-builds/lockable-resources/target/lockable-resources.jar
[INFO] Exploding webapp...
[INFO] Copy webapp webResources to /tmp/plugin-builds/lockable-resources/target/lockable-resources
[INFO] Assembling webapp lockable-resources in /tmp/plugin-builds/lockable-resources/target/lockable-resources
[INFO] Generating hpi /tmp/plugin-builds/lockable-resources/target/lockable-resources.hpi
[INFO] Building jar: /tmp/plugin-builds/lockable-resources/target/lockable-resources.hpi
[INFO] 
[INFO] --- jar:3.4.2:test-jar (maybe-test-jar) @ lockable-resources ---
[INFO] Skipping packaging of the test-jar
[INFO] 
[INFO] >>> spotbugs:4.9.3.0:check (spotbugs) > :spotbugs @ lockable-resources >>>
[INFO] 
[INFO] --- spotbugs:4.9.3.0:spotbugs (spotbugs) @ lockable-resources ---
[INFO] Skipping com.github.spotbugs:spotbugs-maven-plugin:4.9.3.0:spotbugs report goal
[INFO] 
[INFO] <<< spotbugs:4.9.3.0:check (spotbugs) < :spotbugs @ lockable-resources <<<
[INFO] 
[INFO] 
[INFO] --- spotbugs:4.9.3.0:check (spotbugs) @ lockable-resources ---
[INFO] Spotbugs plugin skipped
[INFO] 
[INFO] --- spotless:2.44.4:check (default) @ lockable-resources ---
[INFO] Spotless check skipped
[INFO] 
[INFO] --- install:3.1.4:install (default-install) @ lockable-resources ---
[INFO] Installing /tmp/plugin-builds/lockable-resources/target/lockable-resources-999999-SNAPSHOT.pom to /home/poddingue/.m2/repository/org/6wind/jenkins/lockable-resources/999999-SNAPSHOT/lockable-resources-999999-SNAPSHOT.pom
[INFO] Installing /tmp/plugin-builds/lockable-resources/target/lockable-resources.hpi to /home/poddingue/.m2/repository/org/6wind/jenkins/lockable-resources/999999-SNAPSHOT/lockable-resources-999999-SNAPSHOT.hpi
[INFO] Installing /tmp/plugin-builds/lockable-resources/target/lockable-resources.jar to /home/poddingue/.m2/repository/org/6wind/jenkins/lockable-resources/999999-SNAPSHOT/lockable-resources-999999-SNAPSHOT.jar
[INFO] ------------------------------------------------------------------------
[INFO] BUILD SUCCESS
[INFO] ------------------------------------------------------------------------
[INFO] Total time:  11.632 s
[INFO] Finished at: 2025-06-22T17:21:01+02:00
[INFO] ------------------------------------------------------------------------
