WARNING: A restricted method in java.lang.System has been called
WARNING: java.lang.System::load has been called by org.fusesource.jansi.internal.JansiLoader in an unnamed module (file:/home/poddingue/.sdkman/candidates/maven/current/lib/jansi-2.4.1.jar)
WARNING: Use --enable-native-access=ALL-UNNAMED to avoid a warning for callers in this module
WARNING: Restricted methods will be blocked in a future release unless native access is enabled

WARNING: A terminally deprecated method in sun.misc.Unsafe has been called
WARNING: sun.misc.Unsafe::objectFieldOffset has been called by com.google.common.util.concurrent.AbstractFuture$UnsafeAtomicHelper (file:/home/poddingue/.sdkman/candidates/maven/current/lib/guava-33.2.1-jre.jar)
WARNING: Please consider reporting this to the maintainers of class com.google.common.util.concurrent.AbstractFuture$UnsafeAtomicHelper
WARNING: sun.misc.Unsafe::objectFieldOffset will be removed in a future release
[INFO] Scanning for projects...
[INFO] 
[INFO] -------------------< org.jenkins-ci.plugins:mailer >--------------------
[INFO] Building Jenkins Mailer Plugin 999999-SNAPSHOT
[INFO]   from pom.xml
[INFO] --------------------------------[ hpi ]---------------------------------
[INFO] 
[INFO] --- clean:3.4.1:clean (default-clean) @ mailer ---
[INFO] 
[INFO] --- hpi:3.64:validate (default-validate) @ mailer ---
[INFO] Created marker file /tmp/plugin-builds/mailer/target/java-level/17
[INFO] 
[INFO] --- hpi:3.64:validate-hpi (default-validate-hpi) @ mailer ---
[INFO] 
[INFO] --- enforcer:3.5.0:enforce (display-info) @ mailer ---
[INFO] Rule 0: io.jenkins.tools.incrementals.enforcer.RequireExtensionVersion passed
[INFO] Rule 1: org.apache.maven.enforcer.rules.version.RequireMavenVersion passed
[INFO] Rule 2: org.apache.maven.enforcer.rules.version.RequireJavaVersion passed
[INFO] Rule 3: org.codehaus.mojo.extraenforcer.dependencies.EnforceBytecodeVersion passed
[INFO] Rule 4: org.apache.maven.enforcer.rules.dependency.BannedDependencies passed
[INFO] Rule 5: org.apache.maven.enforcer.rules.dependency.BannedDependencies passed
[INFO] Rule 6: org.apache.maven.enforcer.rules.dependency.RequireUpperBoundDeps passed
[INFO] 
[INFO] --- enforcer:3.5.0:enforce (no-snapshots-in-release) @ mailer ---
[INFO] Rule 0: org.apache.maven.enforcer.rules.dependency.RequireReleaseDeps passed
[INFO] 
[INFO] --- localizer:1.31:generate (default) @ mailer ---
[INFO] 
[INFO] --- resources:3.3.1:resources (default-resources) @ mailer ---
[INFO] skip non existing resourceDirectory /tmp/plugin-builds/mailer/src/main/resources
[INFO] 
[INFO] --- flatten:1.7.0:flatten (flatten) @ mailer ---
[INFO] Generating flattened POM of project org.jenkins-ci.plugins:mailer:hpi:999999-SNAPSHOT...
[INFO] ------------------------------------------------------------------------
[INFO] BUILD FAILURE
[INFO] ------------------------------------------------------------------------
[INFO] Total time:  7.071 s
[INFO] Finished at: 2025-06-21T19:04:37+02:00
[INFO] ------------------------------------------------------------------------
[ERROR] Failed to execute goal org.codehaus.mojo:flatten-maven-plugin:1.7.0:flatten (flatten) on project mailer: failed to create the effective pom: 1 problem was encountered while building the effective model
[ERROR] [FATAL] Non-readable POM /tmp/plugin-builds/mailer/pom.xml: /tmp/plugin-builds/mailer/pom.xml (No such file or directory) @
[ERROR] -> [Help 1]
[ERROR] 
[ERROR] To see the full stack trace of the errors, re-run Maven with the -e switch.
[ERROR] Re-run Maven using the -X switch to enable full debug logging.
[ERROR] 
[ERROR] For more information about the errors and possible solutions, please read the following articles:
[ERROR] [Help 1] http://cwiki.apache.org/confluence/display/MAVEN/MojoExecutionException
