WARNING: A terminally deprecated method in sun.misc.Unsafe has been called
WARNING: sun.misc.Unsafe::staticFieldBase has been called by com.google.inject.internal.aop.HiddenClassDefiner (file:/usr/share/apache-maven-3.9.11/lib/guice-5.1.0-classes.jar)
WARNING: Please consider reporting this to the maintainers of class com.google.inject.internal.aop.HiddenClassDefiner
WARNING: sun.misc.Unsafe::staticFieldBase will be removed in a future release
[INFO] Scanning for projects...
[INFO] Artifact org.jenkins-ci.tools:maven-hpi-plugin:pom:3.61 is present in the local repository, but cached from a remote repository ID that is unavailable in current build context, verifying that is downloadable from [incrementals (https://repo.jenkins-ci.org/incrementals/, default, releases), central (https://repo.maven.apache.org/maven2, default, releases)]
[INFO] Artifact org.jenkins-ci.tools:maven-hpi-plugin:pom:3.61 is present in the local repository, but cached from a remote repository ID that is unavailable in current build context, verifying that is downloadable from [incrementals (https://repo.jenkins-ci.org/incrementals/, default, releases), central (https://repo.maven.apache.org/maven2, default, releases)]
[WARNING] The POM for org.jenkins-ci.tools:maven-hpi-plugin:jar:3.61 is missing, no dependency information available
[INFO] Artifact org.jenkins-ci.tools:maven-hpi-plugin:jar:3.61 is present in the local repository, but cached from a remote repository ID that is unavailable in current build context, verifying that is downloadable from [incrementals (https://repo.jenkins-ci.org/incrementals/, default, releases), central (https://repo.maven.apache.org/maven2, default, releases)]
[INFO] Artifact org.jenkins-ci.tools:maven-hpi-plugin:jar:3.61 is present in the local repository, but cached from a remote repository ID that is unavailable in current build context, verifying that is downloadable from [incrementals (https://repo.jenkins-ci.org/incrementals/, default, releases), central (https://repo.maven.apache.org/maven2, default, releases)]
[WARNING] Failed to build parent project for org.jenkins-ci.plugins:mapdb-api:hpi:1.0.9-99999-SNAPSHOT
[INFO] 
[INFO] ------------------< org.jenkins-ci.plugins:mapdb-api >------------------
[INFO] Building MapDB API Plugin 1.0.9-99999-SNAPSHOT
[INFO]   from pom.xml
[INFO] --------------------------------[ hpi ]---------------------------------
[INFO] 
[INFO] --- clean:3.4.1:clean (default-clean) @ mapdb-api ---
[INFO] 
[INFO] --- hpi:3.61:validate (default-validate) @ mapdb-api ---
[INFO] Created marker file /tmp/plugin-builds/mapdb-api/target/java-level/17
[INFO] 
[INFO] --- hpi:3.61:validate-hpi (default-validate-hpi) @ mapdb-api ---
[INFO] 
[INFO] --- enforcer:3.5.0:enforce (display-info) @ mapdb-api ---
[INFO] Rule 0: io.jenkins.tools.incrementals.enforcer.RequireExtensionVersion passed
[INFO] Rule 1: org.apache.maven.enforcer.rules.version.RequireMavenVersion passed
[INFO] Rule 2: org.apache.maven.enforcer.rules.version.RequireJavaVersion passed
[INFO] Rule 3: org.codehaus.mojo.extraenforcer.dependencies.EnforceBytecodeVersion passed
[INFO] Rule 4: org.apache.maven.enforcer.rules.dependency.BannedDependencies passed
[INFO] Rule 5: org.apache.maven.enforcer.rules.dependency.BannedDependencies passed
[INFO] Rule 6: org.apache.maven.enforcer.rules.dependency.RequireUpperBoundDeps passed
[INFO] 
[INFO] --- enforcer:3.5.0:enforce (no-snapshots-in-release) @ mapdb-api ---
[INFO] Rule 0: org.apache.maven.enforcer.rules.dependency.RequireReleaseDeps passed
[INFO] 
[INFO] --- localizer:1.31:generate (default) @ mapdb-api ---
[INFO] 
[INFO] --- resources:3.3.1:resources (default-resources) @ mapdb-api ---
[INFO] Copying 1 resource from src/main/resources to target/classes
[INFO] 
[INFO] --- flatten:1.7.0:flatten (flatten) @ mapdb-api ---
[INFO] Generating flattened POM of project org.jenkins-ci.plugins:mapdb-api:hpi:1.0.9-99999-SNAPSHOT...
[INFO] 
[INFO] --- compiler:3.14.0:compile (default-compile) @ mapdb-api ---
[INFO] Nothing to compile - all classes are up to date.
[INFO] 
[INFO] --- access-modifier-checker:1.34:enforce (default-enforce) @ mapdb-api ---
[INFO] Skipping access modifier checks
[INFO] 
[INFO] --- hpi:3.61:insert-test (default-insert-test) @ mapdb-api ---
[INFO] 
[INFO] --- antrun:3.1.0:run (createTempDir) @ mapdb-api ---
[INFO] Executing tasks
[INFO]     [mkdir] Created dir: /tmp/plugin-builds/mapdb-api/target/tmp
[INFO] Executed tasks
[INFO] 
[INFO] --- resources:3.3.1:testResources (default-testResources) @ mapdb-api ---
[INFO] Not copying test resources
[INFO] 
[INFO] --- compiler:3.14.0:testCompile (default-testCompile) @ mapdb-api ---
[INFO] Not compiling test sources
[INFO] 
[INFO] --- hpi:3.61:test-hpl (default-test-hpl) @ mapdb-api ---
[INFO] Generating /tmp/plugin-builds/mapdb-api/target/test-classes/the.hpl
[INFO] 
[INFO] --- hpi:3.61:resolve-test-dependencies (default-resolve-test-dependencies) @ mapdb-api ---
[INFO] 
[INFO] --- hpi:3.61:test-runtime (default-test-runtime) @ mapdb-api ---
[INFO] Tests are skipped.
[INFO] 
[INFO] --- surefire:3.5.2:test (default-test) @ mapdb-api ---
[INFO] Tests are skipped.
[INFO] 
[INFO] --- license:165.v7e11f4e4a_325:process (default) @ mapdb-api ---
[INFO] 
[INFO] --- hpi:3.61:hpi (default-hpi) @ mapdb-api ---
[INFO] Generating /tmp/plugin-builds/mapdb-api/target/mapdb-api/META-INF/MANIFEST.MF
[INFO] Checking for attached .jar artifact ...
[INFO] Generating jar /tmp/plugin-builds/mapdb-api/target/mapdb-api.jar
[INFO] Building jar: /tmp/plugin-builds/mapdb-api/target/mapdb-api.jar
[INFO] Exploding webapp...
[INFO] Copy webapp webResources to /tmp/plugin-builds/mapdb-api/target/mapdb-api
[INFO] Assembling webapp mapdb-api in /tmp/plugin-builds/mapdb-api/target/mapdb-api
[INFO] Bundling direct dependency mapdb-1.0.9.jar
[INFO] Generating hpi /tmp/plugin-builds/mapdb-api/target/mapdb-api.hpi
[INFO] Building jar: /tmp/plugin-builds/mapdb-api/target/mapdb-api.hpi
[INFO] 
[INFO] --- jar:3.4.2:test-jar (maybe-test-jar) @ mapdb-api ---
[INFO] Skipping packaging of the test-jar
[INFO] 
[INFO] >>> spotbugs:4.9.2.0:check (spotbugs) > :spotbugs @ mapdb-api >>>
[INFO] 
[INFO] --- spotbugs:4.9.2.0:spotbugs (spotbugs) @ mapdb-api ---
[INFO] Skipping com.github.spotbugs:spotbugs-maven-plugin:4.9.2.0:spotbugs report goal
[INFO] 
[INFO] <<< spotbugs:4.9.2.0:check (spotbugs) < :spotbugs @ mapdb-api <<<
[INFO] 
[INFO] 
[INFO] --- spotbugs:4.9.2.0:check (spotbugs) @ mapdb-api ---
[INFO] Spotbugs plugin skipped
[INFO] 
[INFO] --- spotless:2.44.3:check (default) @ mapdb-api ---
[INFO] Spotless check skipped
[INFO] 
[INFO] --- install:3.1.4:install (default-install) @ mapdb-api ---
[INFO] Installing /tmp/plugin-builds/mapdb-api/target/mapdb-api-1.0.9-99999-SNAPSHOT.pom to /home/runner/.m2/repository/org/jenkins-ci/plugins/mapdb-api/1.0.9-99999-SNAPSHOT/mapdb-api-1.0.9-99999-SNAPSHOT.pom
[INFO] Installing /tmp/plugin-builds/mapdb-api/target/mapdb-api.hpi to /home/runner/.m2/repository/org/jenkins-ci/plugins/mapdb-api/1.0.9-99999-SNAPSHOT/mapdb-api-1.0.9-99999-SNAPSHOT.hpi
[INFO] Installing /tmp/plugin-builds/mapdb-api/target/mapdb-api.jar to /home/runner/.m2/repository/org/jenkins-ci/plugins/mapdb-api/1.0.9-99999-SNAPSHOT/mapdb-api-1.0.9-99999-SNAPSHOT.jar
[INFO] ------------------------------------------------------------------------
[INFO] BUILD SUCCESS
[INFO] ------------------------------------------------------------------------
[INFO] Total time:  4.439 s
[INFO] Finished at: 2025-08-12T02:20:04Z
[INFO] ------------------------------------------------------------------------
