WARNING: A terminally deprecated method in sun.misc.Unsafe has been called
WARNING: sun.misc.Unsafe::staticFieldBase has been called by com.google.inject.internal.aop.HiddenClassDefiner (file:/home/poddingue/.sdkman/candidates/maven/current/lib/guice-5.1.0-classes.jar)
WARNING: Please consider reporting this to the maintainers of class com.google.inject.internal.aop.HiddenClassDefiner
WARNING: sun.misc.Unsafe::staticFieldBase will be removed in a future release
[INFO] Scanning for projects...
[INFO] 
[INFO] Using the MultiThreadedBuilder implementation with a thread count of 4
[INFO] 
[INFO] ---------------< org.jenkins-ci.plugins:mask-passwords >----------------
[INFO] Building Mask Passwords Plugin 999999-SNAPSHOT
[INFO]   from pom.xml
[INFO] --------------------------------[ hpi ]---------------------------------
[INFO] 
[INFO] --- clean:3.5.0:clean (default-clean) @ mask-passwords ---
[INFO] 
[INFO] --- hpi:3.1746.v2e9fe7dc4d95:validate (default-validate) @ mask-passwords ---
[INFO] Created marker file /tmp/plugin-builds/mask-passwords/target/java-level/17
[INFO] 
[INFO] --- hpi:3.1746.v2e9fe7dc4d95:validate-hpi (default-validate-hpi) @ mask-passwords ---
[INFO] 
[INFO] --- enforcer:3.6.1:enforce (display-info) @ mask-passwords ---
[INFO] Rule 0: io.jenkins.tools.incrementals.enforcer.RequireExtensionVersion passed
[INFO] Rule 1: org.apache.maven.enforcer.rules.version.RequireMavenVersion passed
[INFO] Rule 2: org.apache.maven.enforcer.rules.version.RequireJavaVersion passed
[INFO] Rule 3: org.codehaus.mojo.extraenforcer.dependencies.EnforceBytecodeVersion passed
[INFO] Rule 4: org.apache.maven.enforcer.rules.dependency.BannedDependencies passed
[INFO] Rule 5: org.apache.maven.enforcer.rules.dependency.BannedDependencies passed
[INFO] Rule 6: org.apache.maven.enforcer.rules.dependency.RequireUpperBoundDeps passed
[INFO] 
[INFO] --- enforcer:3.6.1:enforce (no-snapshots-in-release) @ mask-passwords ---
[INFO] Rule 0: org.apache.maven.enforcer.rules.dependency.RequireReleaseDeps passed
[INFO] 
[INFO] --- localizer:1.31:generate (default) @ mask-passwords ---
[INFO] 
[INFO] --- enforcer:3.6.1:enforce (check-junit-imports) @ mask-passwords ---
[INFO] Rule 0: org.apache.maven.plugins.enforcer.RestrictImports passed
[INFO] 
[INFO] --- resources:3.3.1:resources (default-resources) @ mask-passwords ---
[INFO] Copying 14 resources from src/main/resources to target/classes
[INFO] 
[INFO] --- flatten:1.7.2:flatten (flatten) @ mask-passwords ---
[INFO] Generating flattened POM of project org.jenkins-ci.plugins:mask-passwords:hpi:999999-SNAPSHOT...
[INFO] 
[INFO] --- compiler:3.14.0:compile (default-compile) @ mask-passwords ---
[INFO] Recompiling the module because of changed source code.
[INFO] Compiling 7 source files with javac [debug parameters release 17] to target/classes
[INFO] com.michelin.cio.hudson.plugins.maskpasswords.MaskPasswordsBuildWrapper.VarPasswordPair.DescriptorImpl indexed under hudson.Extension
[INFO] com.michelin.cio.hudson.plugins.maskpasswords.MaskPasswordsBuildWrapper.VarMaskRegex.DescriptorImpl indexed under hudson.Extension
[INFO] com.michelin.cio.hudson.plugins.maskpasswords.MaskPasswordsBuildWrapper.DescriptorImpl indexed under hudson.Extension
[INFO] com.michelin.cio.hudson.plugins.maskpasswords.MaskPasswordsConfig.VarMaskRegexEntry.DescriptorImpl indexed under hudson.Extension
[INFO] com.michelin.cio.hudson.plugins.maskpasswords.MaskPasswordsConsoleLogFilter indexed under hudson.Extension
[INFO] com.michelin.cio.hudson.plugins.passwordparam.PasswordParameterDefinition.ParameterDescriptorImpl indexed under hudson.Extension
[INFO] /tmp/plugin-builds/mask-passwords/src/main/java/com/michelin/cio/hudson/plugins/maskpasswords/MaskPasswordsBuildWrapper.java:[242,16] Generating com/michelin/cio/hudson/plugins/maskpasswords/MaskPasswordsBuildWrapper/VarPasswordPair.stapler
[INFO] /tmp/plugin-builds/mask-passwords/src/main/java/com/michelin/cio/hudson/plugins/maskpasswords/MaskPasswordsBuildWrapper.java:[330,16] Generating com/michelin/cio/hudson/plugins/maskpasswords/MaskPasswordsBuildWrapper/VarMaskRegex.stapler
[INFO] /tmp/plugin-builds/mask-passwords/src/main/java/com/michelin/cio/hudson/plugins/maskpasswords/MaskPasswordsBuildWrapper.java:[86,12] Generating com/michelin/cio/hudson/plugins/maskpasswords/MaskPasswordsBuildWrapper.stapler
[INFO] /tmp/plugin-builds/mask-passwords/src/main/java/com/michelin/cio/hudson/plugins/maskpasswords/MaskPasswordsConfig.java:[629,16] Generating com/michelin/cio/hudson/plugins/maskpasswords/MaskPasswordsConfig/VarMaskRegexEntry.stapler
[INFO] /tmp/plugin-builds/mask-passwords/src/main/java/com/michelin/cio/hudson/plugins/passwordparam/PasswordParameterDefinition.java:[39,12] Generating com/michelin/cio/hudson/plugins/passwordparam/PasswordParameterDefinition.stapler
[INFO] /tmp/plugin-builds/mask-passwords/src/main/java/com/michelin/cio/hudson/plugins/passwordparam/PasswordParameterValue.java:[52,12] Generating com/michelin/cio/hudson/plugins/passwordparam/PasswordParameterValue.stapler
[INFO] /tmp/plugin-builds/mask-passwords/src/main/java/com/michelin/cio/hudson/plugins/passwordparam/PasswordParameterDefinition.java: /tmp/plugin-builds/mask-passwords/src/main/java/com/michelin/cio/hudson/plugins/passwordparam/PasswordParameterDefinition.java uses or overrides a deprecated API.
[INFO] /tmp/plugin-builds/mask-passwords/src/main/java/com/michelin/cio/hudson/plugins/passwordparam/PasswordParameterDefinition.java: Recompile with -Xlint:deprecation for details.
[INFO] 
[INFO] --- access-modifier-checker:1.35:enforce (default-enforce) @ mask-passwords ---
[INFO] 
[INFO] --- bridge-method-injector:1.32:process (default) @ mask-passwords ---
[INFO] 
[INFO] --- hpi:3.1746.v2e9fe7dc4d95:insert-test (default-insert-test) @ mask-passwords ---
[INFO] 
[INFO] --- antrun:3.1.0:run (createTempDir) @ mask-passwords ---
[INFO] Executing tasks
[INFO]     [mkdir] Created dir: /tmp/plugin-builds/mask-passwords/target/tmp
[INFO] Executed tasks
[INFO] 
[INFO] --- resources:3.3.1:testResources (default-testResources) @ mask-passwords ---
[INFO] Not copying test resources
[INFO] 
[INFO] --- compiler:3.14.0:testCompile (default-testCompile) @ mask-passwords ---
[INFO] Not compiling test sources
[INFO] 
[INFO] --- hpi:3.1746.v2e9fe7dc4d95:test-hpl (default-test-hpl) @ mask-passwords ---
[INFO] Generating /tmp/plugin-builds/mask-passwords/target/test-classes/the.hpl
[INFO] 
[INFO] --- hpi:3.1746.v2e9fe7dc4d95:resolve-test-dependencies (default-resolve-test-dependencies) @ mask-passwords ---
[INFO] 
[INFO] --- hpi:3.1746.v2e9fe7dc4d95:test-runtime (default-test-runtime) @ mask-passwords ---
[INFO] Tests are skipped.
[INFO] 
[INFO] --- surefire:3.5.2:test (default-test) @ mask-passwords ---
[INFO] Tests are skipped.
[INFO] 
[INFO] --- license:184.v19c87b_6b_a_9a_c:process (default) @ mask-passwords ---
[INFO] Generated /tmp/plugin-builds/mask-passwords/target/mask-passwords/WEB-INF/licenses.xml
[INFO] 
[INFO] --- hpi:3.1746.v2e9fe7dc4d95:hpi (default-hpi) @ mask-passwords ---
[INFO] Generating /tmp/plugin-builds/mask-passwords/target/mask-passwords/META-INF/MANIFEST.MF
[INFO] Checking for attached .jar artifact ...
[INFO] Generating jar /tmp/plugin-builds/mask-passwords/target/mask-passwords.jar
[INFO] Building jar: /tmp/plugin-builds/mask-passwords/target/mask-passwords.jar
[INFO] Exploding webapp...
[INFO] Copy webapp webResources to /tmp/plugin-builds/mask-passwords/target/mask-passwords
[INFO] Assembling webapp mask-passwords in /tmp/plugin-builds/mask-passwords/target/mask-passwords
[INFO] Generating hpi /tmp/plugin-builds/mask-passwords/target/mask-passwords.hpi
[INFO] Building jar: /tmp/plugin-builds/mask-passwords/target/mask-passwords.hpi
[INFO] 
[INFO] --- jar:3.4.2:test-jar (maybe-test-jar) @ mask-passwords ---
[INFO] Skipping packaging of the test-jar
[INFO] 
[INFO] >>> spotbugs:4.9.3.2:check (spotbugs) > :spotbugs @ mask-passwords >>>
[INFO] 
[INFO] --- spotbugs:4.9.3.2:spotbugs (spotbugs) @ mask-passwords ---
[INFO] Fork Value is true
[INFO] Done SpotBugs Analysis....
[WARNING] Unable to find a URL to the parent project. The parent menu will NOT be added.
[INFO] Rendering content with org.apache.maven.skins:maven-fluido-skin:jar:2.0.0-M9 skin
[INFO] 
[INFO] <<< spotbugs:4.9.3.2:check (spotbugs) < :spotbugs @ mask-passwords <<<
[INFO] 
[INFO] 
[INFO] --- spotbugs:4.9.3.2:check (spotbugs) @ mask-passwords ---
[INFO] BugInstance size is 0
[INFO] Error size is 0
[INFO] No errors/warnings found
[INFO] 
[INFO] --- spotless:2.46.1:check (default) @ mask-passwords ---
[INFO] Spotless check skipped
[INFO] 
[INFO] --- install:3.1.4:install (default-install) @ mask-passwords ---
[INFO] Installing /tmp/plugin-builds/mask-passwords/target/mask-passwords-999999-SNAPSHOT.pom to /home/poddingue/.m2/repository/org/jenkins-ci/plugins/mask-passwords/999999-SNAPSHOT/mask-passwords-999999-SNAPSHOT.pom
[INFO] Installing /tmp/plugin-builds/mask-passwords/target/mask-passwords.hpi to /home/poddingue/.m2/repository/org/jenkins-ci/plugins/mask-passwords/999999-SNAPSHOT/mask-passwords-999999-SNAPSHOT.hpi
[INFO] Installing /tmp/plugin-builds/mask-passwords/target/mask-passwords.jar to /home/poddingue/.m2/repository/org/jenkins-ci/plugins/mask-passwords/999999-SNAPSHOT/mask-passwords-999999-SNAPSHOT.jar
[INFO] ------------------------------------------------------------------------
[INFO] BUILD SUCCESS
[INFO] ------------------------------------------------------------------------
[INFO] Total time:  41.803 s (Wall Clock)
[INFO] Finished at: 2025-08-22T18:33:41+02:00
[INFO] ------------------------------------------------------------------------
