WARNING: A restricted method in java.lang.System has been called
WARNING: java.lang.System::load has been called by org.fusesource.jansi.internal.JansiLoader in an unnamed module (file:/home/poddingue/.sdkman/candidates/maven/current/lib/jansi-2.4.1.jar)
WARNING: Use --enable-native-access=ALL-UNNAMED to avoid a warning for callers in this module
WARNING: Restricted methods will be blocked in a future release unless native access is enabled

WARNING: A terminally deprecated method in sun.misc.Unsafe has been called
WARNING: sun.misc.Unsafe::objectFieldOffset has been called by com.google.common.util.concurrent.AbstractFuture$UnsafeAtomicHelper (file:/home/poddingue/.sdkman/candidates/maven/current/lib/guava-33.2.1-jre.jar)
WARNING: Please consider reporting this to the maintainers of class com.google.common.util.concurrent.AbstractFuture$UnsafeAtomicHelper
WARNING: sun.misc.Unsafe::objectFieldOffset will be removed in a future release
[INFO] Scanning for projects...
[INFO] 
[INFO] ---------------< org.jenkins-ci.plugins:matrix-project >----------------
[INFO] Building Matrix Project Plugin 999999-SNAPSHOT
[INFO]   from pom.xml
[INFO] --------------------------------[ hpi ]---------------------------------
[INFO] 
[INFO] --- clean:3.4.1:clean (default-clean) @ matrix-project ---
[INFO] 
[INFO] --- hpi:3.61:validate (default-validate) @ matrix-project ---
[INFO] Created marker file /tmp/plugin-builds/matrix-project/target/java-level/17
[INFO] 
[INFO] --- hpi:3.61:validate-hpi (default-validate-hpi) @ matrix-project ---
[INFO] 
[INFO] --- enforcer:3.5.0:enforce (display-info) @ matrix-project ---
[INFO] Rule 0: io.jenkins.tools.incrementals.enforcer.RequireExtensionVersion passed
[INFO] Rule 1: org.apache.maven.enforcer.rules.version.RequireMavenVersion passed
[INFO] Rule 2: org.apache.maven.enforcer.rules.version.RequireJavaVersion passed
[INFO] Rule 3: org.codehaus.mojo.extraenforcer.dependencies.EnforceBytecodeVersion passed
[INFO] Rule 4: org.apache.maven.enforcer.rules.dependency.BannedDependencies passed
[INFO] Rule 5: org.apache.maven.enforcer.rules.dependency.BannedDependencies passed
[INFO] Rule 6: org.apache.maven.enforcer.rules.dependency.RequireUpperBoundDeps passed
[INFO] 
[INFO] --- enforcer:3.5.0:enforce (no-snapshots-in-release) @ matrix-project ---
[INFO] Rule 0: org.apache.maven.enforcer.rules.dependency.RequireReleaseDeps passed
[INFO] 
[INFO] --- localizer:1.31:generate (default) @ matrix-project ---
[INFO] 
[INFO] --- resources:3.3.1:resources (default-resources) @ matrix-project ---
[INFO] Copying 189 resources from src/main/resources to target/classes
[INFO] 
[INFO] --- flatten:1.7.0:flatten (flatten) @ matrix-project ---
[INFO] Generating flattened POM of project org.jenkins-ci.plugins:matrix-project:hpi:999999-SNAPSHOT...
[INFO] 
[INFO] --- compiler:3.14.0:compile (default-compile) @ matrix-project ---
[INFO] Recompiling the module because of changed source code.
[INFO] Compiling 30 source files with javac [debug parameters release 17] to target/classes
[INFO] hudson.matrix.DefaultAxisDescriptor indexed under hudson.Extension
[INFO] hudson.matrix.DefaultMatrixExecutionStrategyImpl.DescriptorImpl indexed under hudson.Extension
[INFO] hudson.matrix.FilterScript.ImpliesWhitelist indexed under hudson.Extension
[INFO] hudson.matrix.JDKAxis.DescriptorImpl indexed under hudson.Extension
[INFO] hudson.matrix.LabelAxis.DescriptorImpl indexed under hudson.Extension
[INFO] hudson.matrix.LabelExpAxis.DescriptorImpl indexed under hudson.Extension
[INFO] hudson.matrix.MatrixChildParametersAction.MatrixChildParametersActionEnvironmentContributor indexed under hudson.Extension
[INFO] hudson.matrix.MatrixProject.DESCRIPTOR indexed under hudson.Extension
[INFO] hudson.matrix.NoopMatrixConfigurationSorter.DescriptorImpl indexed under hudson.Extension
[INFO] hudson.matrix.TextAxis.DescriptorImpl indexed under hudson.Extension
[INFO] /tmp/plugin-builds/matrix-project/src/main/java/hudson/matrix/Axis.java:[99,12] Generating hudson/matrix/Axis.stapler
[INFO] /tmp/plugin-builds/matrix-project/src/main/java/hudson/matrix/DefaultMatrixExecutionStrategyImpl.java:[58,12] Generating hudson/matrix/DefaultMatrixExecutionStrategyImpl.stapler
[INFO] /tmp/plugin-builds/matrix-project/src/main/java/hudson/matrix/JDKAxis.java:[50,12] Generating hudson/matrix/JDKAxis.stapler
[INFO] /tmp/plugin-builds/matrix-project/src/main/java/hudson/matrix/LabelAxis.java:[45,12] Generating hudson/matrix/LabelAxis.stapler
[INFO] /tmp/plugin-builds/matrix-project/src/main/java/hudson/matrix/LabelExpAxis.java:[51,12] Generating hudson/matrix/LabelExpAxis.stapler
[INFO] /tmp/plugin-builds/matrix-project/src/main/java/hudson/matrix/NoopMatrixConfigurationSorter.java:[18,12] Generating hudson/matrix/NoopMatrixConfigurationSorter.stapler
[INFO] /tmp/plugin-builds/matrix-project/src/main/java/hudson/matrix/TextAxis.java:[29,12] Generating hudson/matrix/TextAxis.stapler
[INFO] /tmp/plugin-builds/matrix-project/src/main/java/hudson/matrix/MatrixProject.java:[124,8] Generating hudson/matrix/MatrixProject.javadoc
[INFO] /tmp/plugin-builds/matrix-project/src/main/java/hudson/matrix/MatrixBuild.java:[70,8] Generating hudson/matrix/MatrixBuild.javadoc
[INFO] /tmp/plugin-builds/matrix-project/src/main/java/hudson/matrix/LabelExpAxis.java:[98,31] Generating hudson/matrix/LabelExpAxis/DescriptorImpl/doCheckLabelExpr.stapler
[INFO] /tmp/plugin-builds/matrix-project/src/main/java/hudson/matrix/AxisDescriptor.java:[60,27] Generating hudson/matrix/AxisDescriptor/doCheckName.stapler
[INFO] /tmp/plugin-builds/matrix-project/src/main/java/hudson/matrix/AxisDescriptor.java:[85,27] Generating hudson/matrix/AxisDescriptor/checkValue.stapler
[INFO] /tmp/plugin-builds/matrix-project/src/main/java/hudson/matrix/TextAxis.java:[51,31] Generating hudson/matrix/TextAxis/DescriptorImpl/doCheckValueString.stapler
[INFO] /tmp/plugin-builds/matrix-project/src/main/java/hudson/matrix/MatrixConfiguration.java: Some input files use or override a deprecated API.
[INFO] /tmp/plugin-builds/matrix-project/src/main/java/hudson/matrix/MatrixConfiguration.java: Recompile with -Xlint:deprecation for details.
[INFO] /tmp/plugin-builds/matrix-project/src/main/java/hudson/matrix/MatrixProject.java: /tmp/plugin-builds/matrix-project/src/main/java/hudson/matrix/MatrixProject.java uses unchecked or unsafe operations.
[INFO] /tmp/plugin-builds/matrix-project/src/main/java/hudson/matrix/MatrixProject.java: Recompile with -Xlint:unchecked for details.
[INFO] 
[INFO] --- access-modifier-checker:1.34:enforce (default-enforce) @ matrix-project ---
[INFO] Skipping access modifier checks
[INFO] 
[INFO] --- hpi:3.61:insert-test (default-insert-test) @ matrix-project ---
[INFO] 
[INFO] --- antrun:3.1.0:run (createTempDir) @ matrix-project ---
[INFO] Executing tasks
[INFO]     [mkdir] Created dir: /tmp/plugin-builds/matrix-project/target/tmp
[INFO] Executed tasks
[INFO] 
[INFO] --- resources:3.3.1:testResources (default-testResources) @ matrix-project ---
[INFO] Not copying test resources
[INFO] 
[INFO] --- compiler:3.14.0:testCompile (default-testCompile) @ matrix-project ---
[INFO] Not compiling test sources
[INFO] 
[INFO] --- hpi:3.61:test-hpl (default-test-hpl) @ matrix-project ---
[INFO] Generating /tmp/plugin-builds/matrix-project/target/test-classes/the.hpl
[INFO] 
[INFO] --- hpi:3.61:resolve-test-dependencies (default-resolve-test-dependencies) @ matrix-project ---
[INFO] 
[INFO] --- hpi:3.61:test-runtime (default-test-runtime) @ matrix-project ---
[INFO] Tests are skipped.
[INFO] 
[INFO] --- surefire:3.5.2:test (default-test) @ matrix-project ---
[INFO] Tests are skipped.
[INFO] 
[INFO] --- license:165.v7e11f4e4a_325:process (default) @ matrix-project ---
[INFO] 
[INFO] --- hpi:3.61:hpi (default-hpi) @ matrix-project ---
[INFO] Generating /tmp/plugin-builds/matrix-project/target/matrix-project/META-INF/MANIFEST.MF
[INFO] Checking for attached .jar artifact ...
[INFO] Generating jar /tmp/plugin-builds/matrix-project/target/matrix-project.jar
[INFO] Building jar: /tmp/plugin-builds/matrix-project/target/matrix-project.jar
[INFO] Exploding webapp...
[INFO] Copy webapp webResources to /tmp/plugin-builds/matrix-project/target/matrix-project
[INFO] Assembling webapp matrix-project in /tmp/plugin-builds/matrix-project/target/matrix-project
[INFO] Generating hpi /tmp/plugin-builds/matrix-project/target/matrix-project.hpi
[INFO] Building jar: /tmp/plugin-builds/matrix-project/target/matrix-project.hpi
[INFO] 
[INFO] --- jar:3.4.2:test-jar (maybe-test-jar) @ matrix-project ---
[INFO] Skipping packaging of the test-jar
[INFO] 
[INFO] >>> spotbugs:4.9.2.0:check (spotbugs) > :spotbugs @ matrix-project >>>
[INFO] 
[INFO] --- spotbugs:4.9.2.0:spotbugs (spotbugs) @ matrix-project ---
[INFO] Skipping com.github.spotbugs:spotbugs-maven-plugin:4.9.2.0:spotbugs report goal
[INFO] 
[INFO] <<< spotbugs:4.9.2.0:check (spotbugs) < :spotbugs @ matrix-project <<<
[INFO] 
[INFO] 
[INFO] --- spotbugs:4.9.2.0:check (spotbugs) @ matrix-project ---
[INFO] Spotbugs plugin skipped
[INFO] 
[INFO] --- spotless:2.44.3:check (default) @ matrix-project ---
[INFO] Spotless check skipped
[INFO] 
[INFO] --- install:3.1.4:install (default-install) @ matrix-project ---
[INFO] Installing /tmp/plugin-builds/matrix-project/target/matrix-project-999999-SNAPSHOT.pom to /home/poddingue/.m2/repository/org/jenkins-ci/plugins/matrix-project/999999-SNAPSHOT/matrix-project-999999-SNAPSHOT.pom
[INFO] Installing /tmp/plugin-builds/matrix-project/target/matrix-project.hpi to /home/poddingue/.m2/repository/org/jenkins-ci/plugins/matrix-project/999999-SNAPSHOT/matrix-project-999999-SNAPSHOT.hpi
[INFO] Installing /tmp/plugin-builds/matrix-project/target/matrix-project.jar to /home/poddingue/.m2/repository/org/jenkins-ci/plugins/matrix-project/999999-SNAPSHOT/matrix-project-999999-SNAPSHOT.jar
[INFO] ------------------------------------------------------------------------
[INFO] BUILD SUCCESS
[INFO] ------------------------------------------------------------------------
[INFO] Total time:  8.544 s
[INFO] Finished at: 2025-07-09T10:58:06+02:00
[INFO] ------------------------------------------------------------------------
