WARNING: A restricted method in java.lang.System has been called
WARNING: java.lang.System::load has been called by org.fusesource.jansi.internal.JansiLoader in an unnamed module (file:/home/poddingue/.sdkman/candidates/maven/current/lib/jansi-2.4.1.jar)
WARNING: Use --enable-native-access=ALL-UNNAMED to avoid a warning for callers in this module
WARNING: Restricted methods will be blocked in a future release unless native access is enabled

WARNING: A terminally deprecated method in sun.misc.Unsafe has been called
WARNING: sun.misc.Unsafe::objectFieldOffset has been called by com.google.common.util.concurrent.AbstractFuture$UnsafeAtomicHelper (file:/home/poddingue/.sdkman/candidates/maven/current/lib/guava-33.2.1-jre.jar)
WARNING: Please consider reporting this to the maintainers of class com.google.common.util.concurrent.AbstractFuture$UnsafeAtomicHelper
WARNING: sun.misc.Unsafe::objectFieldOffset will be removed in a future release
[INFO] Scanning for projects...
[INFO] 
[INFO] -----------------< org.jenkins-ci.plugins:matrix-auth >-----------------
[INFO] Building Matrix Authorization Strategy Plugin 3.2.7-SNAPSHOT
[INFO]   from pom.xml
[INFO] --------------------------------[ hpi ]---------------------------------
[INFO] 
[INFO] --- clean:3.4.0:clean (default-clean) @ matrix-auth ---
[INFO] 
[INFO] --- hpi:3.60:validate (default-validate) @ matrix-auth ---
[INFO] Created marker file /tmp/plugin-builds/matrix-auth/target/java-level/17
[INFO] 
[INFO] --- hpi:3.60:validate-hpi (default-validate-hpi) @ matrix-auth ---
[INFO] 
[INFO] --- enforcer:3.5.0:enforce (display-info) @ matrix-auth ---
[INFO] Rule 0: io.jenkins.tools.incrementals.enforcer.RequireExtensionVersion passed
[INFO] Rule 1: org.apache.maven.enforcer.rules.version.RequireMavenVersion passed
[INFO] Rule 2: org.apache.maven.enforcer.rules.version.RequireJavaVersion passed
[INFO] Rule 3: org.codehaus.mojo.extraenforcer.dependencies.EnforceBytecodeVersion passed
[INFO] Rule 4: org.apache.maven.enforcer.rules.dependency.BannedDependencies passed
[INFO] Rule 5: org.apache.maven.enforcer.rules.dependency.RequireUpperBoundDeps passed
[INFO] 
[INFO] --- enforcer:3.5.0:enforce (no-snapshots-in-release) @ matrix-auth ---
[INFO] Rule 0: org.apache.maven.enforcer.rules.dependency.RequireReleaseDeps passed
[INFO] 
[INFO] --- localizer:1.31:generate (default) @ matrix-auth ---
[INFO] 
[INFO] --- resources:3.3.1:resources (default-resources) @ matrix-auth ---
[INFO] Copying 82 resources from src/main/resources to target/classes
[INFO] 
[INFO] --- flatten:1.6.0:flatten (flatten) @ matrix-auth ---
[INFO] Generating flattened POM of project org.jenkins-ci.plugins:matrix-auth:hpi:3.2.7-SNAPSHOT...
[INFO] 
[INFO] --- compiler:3.13.0:compile (default-compile) @ matrix-auth ---
[INFO] Recompiling the module because of changed source code.
[INFO] Compiling 32 source files with javac [debug parameters release 17] to target/classes
[INFO] com.cloudbees.hudson.plugins.folder.properties.AuthorizationMatrixProperty.DescriptorImpl indexed under hudson.Extension
[INFO] com.cloudbees.hudson.plugins.folder.properties.AuthorizationMatrixProperty.ItemListenerImpl indexed under hudson.Extension
[INFO] com.cloudbees.hudson.plugins.folder.properties.FolderContributor indexed under hudson.Extension
[INFO] com.cloudbees.hudson.plugins.folder.properties.FolderContributor.FolderListenerImpl indexed under hudson.Extension
[INFO] com.cloudbees.hudson.plugins.folder.properties.FolderContributor.FolderSaveableListenerImpl indexed under hudson.Extension
[INFO] hudson.security.AuthorizationMatrixProperty.DescriptorImpl indexed under hudson.Extension
[INFO] hudson.security.AuthorizationMatrixProperty.ItemListenerImpl indexed under hudson.Extension
[INFO] hudson.security.GlobalMatrixAuthorizationStrategy.PermissionAdderImpl indexed under hudson.Extension
[INFO] hudson.security.GlobalMatrixAuthorizationStrategy.DESCRIPTOR indexed under hudson.Extension
[INFO] hudson.security.ProjectMatrixAuthorizationStrategy.DESCRIPTOR indexed under hudson.Extension
[INFO] org.jenkinsci.plugins.matrixauth.AmbiguityMonitor indexed under hudson.Extension
[INFO] org.jenkinsci.plugins.matrixauth.AmbiguityMonitor.GlobalConfigurationContributor indexed under hudson.Extension
[INFO] org.jenkinsci.plugins.matrixauth.AmbiguityMonitor.NodeContributor indexed under hudson.Extension
[INFO] org.jenkinsci.plugins.matrixauth.AmbiguityMonitor.NodeContributor.NodeListenerImpl indexed under hudson.Extension
[INFO] org.jenkinsci.plugins.matrixauth.AmbiguityMonitor.JobContributor indexed under hudson.Extension
[INFO] org.jenkinsci.plugins.matrixauth.AmbiguityMonitor.JobContributor.JobListenerImpl indexed under hudson.Extension
[INFO] org.jenkinsci.plugins.matrixauth.AmbiguityMonitor.JobSaveableListenerImpl indexed under hudson.Extension
[INFO] org.jenkinsci.plugins.matrixauth.AuthorizationMatrixNodeProperty.DescriptorImpl indexed under hudson.Extension
[INFO] org.jenkinsci.plugins.matrixauth.AuthorizationMatrixNodeProperty.NodeListenerImpl indexed under hudson.Extension
[INFO] org.jenkinsci.plugins.matrixauth.AuthorizationProperty.DslUser.DescriptorImpl indexed under hudson.Extension
[INFO] org.jenkinsci.plugins.matrixauth.AuthorizationProperty.DslGroup.DescriptorImpl indexed under hudson.Extension
[INFO] org.jenkinsci.plugins.matrixauth.AuthorizationProperty.DslUserOrGroup.DescriptorImpl indexed under hudson.Extension
[INFO] org.jenkinsci.plugins.matrixauth.inheritance.InheritGlobalStrategy.DescriptorImpl indexed under hudson.Extension
[INFO] org.jenkinsci.plugins.matrixauth.inheritance.InheritParentStrategy.DescriptorImpl indexed under hudson.Extension
[INFO] org.jenkinsci.plugins.matrixauth.inheritance.NonInheritingStrategy.DescriptorImpl indexed under hudson.Extension
[INFO] org.jenkinsci.plugins.matrixauth.integrations.casc.AuthorizationMatrixNodePropertyConfigurator indexed under hudson.Extension
[INFO] org.jenkinsci.plugins.matrixauth.integrations.casc.GlobalMatrixAuthorizationStrategyConfigurator indexed under hudson.Extension
[INFO] org.jenkinsci.plugins.matrixauth.integrations.casc.ProjectMatrixAuthorizationStrategyConfigurator indexed under hudson.Extension
[INFO] /tmp/plugin-builds/matrix-auth/src/main/java/com/cloudbees/hudson/plugins/folder/properties/AuthorizationMatrixProperty.java:[117,12] Generating com/cloudbees/hudson/plugins/folder/properties/AuthorizationMatrixProperty.stapler
[INFO] /tmp/plugin-builds/matrix-auth/src/main/java/hudson/security/AuthorizationMatrixProperty.java:[143,12] Generating hudson/security/AuthorizationMatrixProperty.stapler
[INFO] /tmp/plugin-builds/matrix-auth/src/main/java/org/jenkinsci/plugins/matrixauth/AuthorizationProperty.java:[210,16] Generating org/jenkinsci/plugins/matrixauth/AuthorizationProperty/DslUser.stapler
[INFO] /tmp/plugin-builds/matrix-auth/src/main/java/org/jenkinsci/plugins/matrixauth/AuthorizationProperty.java:[232,16] Generating org/jenkinsci/plugins/matrixauth/AuthorizationProperty/DslGroup.stapler
[INFO] /tmp/plugin-builds/matrix-auth/src/main/java/org/jenkinsci/plugins/matrixauth/AuthorizationProperty.java:[255,16] Generating org/jenkinsci/plugins/matrixauth/AuthorizationProperty/DslUserOrGroup.stapler
[INFO] /tmp/plugin-builds/matrix-auth/src/main/java/org/jenkinsci/plugins/matrixauth/inheritance/InheritGlobalStrategy.java:[42,12] Generating org/jenkinsci/plugins/matrixauth/inheritance/InheritGlobalStrategy.stapler
[INFO] /tmp/plugin-builds/matrix-auth/src/main/java/org/jenkinsci/plugins/matrixauth/inheritance/InheritParentStrategy.java:[45,12] Generating org/jenkinsci/plugins/matrixauth/inheritance/InheritParentStrategy.stapler
[INFO] /tmp/plugin-builds/matrix-auth/src/main/java/org/jenkinsci/plugins/matrixauth/inheritance/NonInheritingStrategy.java:[43,12] Generating org/jenkinsci/plugins/matrixauth/inheritance/NonInheritingStrategy.stapler
[INFO] /tmp/plugin-builds/matrix-auth/src/main/java/org/jenkinsci/plugins/matrixauth/integrations/casc/DefinitionEntry.java:[120,16] Generating org/jenkinsci/plugins/matrixauth/integrations/casc/DefinitionEntry/Child.stapler
[INFO] /tmp/plugin-builds/matrix-auth/src/main/java/org/jenkinsci/plugins/matrixauth/integrations/casc/DefinitionEntry.java:[44,12] Generating org/jenkinsci/plugins/matrixauth/integrations/casc/DefinitionEntry.stapler
[INFO] /tmp/plugin-builds/matrix-auth/src/main/java/hudson/security/AuthorizationMatrixProperty.java:[219,31] Generating hudson/security/AuthorizationMatrixProperty/DescriptorImpl/doCheckName.stapler
[INFO] /tmp/plugin-builds/matrix-auth/src/main/java/hudson/security/GlobalMatrixAuthorizationStrategy.java:[229,31] Generating hudson/security/GlobalMatrixAuthorizationStrategy/DescriptorImpl/doCheckName.stapler
[INFO] /tmp/plugin-builds/matrix-auth/src/main/java/org/jenkinsci/plugins/matrixauth/AuthorizationMatrixNodeProperty.java:[186,31] Generating org/jenkinsci/plugins/matrixauth/AuthorizationMatrixNodeProperty/DescriptorImpl/doCheckName.stapler
[INFO] /tmp/plugin-builds/matrix-auth/src/main/java/com/cloudbees/hudson/plugins/folder/properties/AuthorizationMatrixProperty.java:[180,31] Generating com/cloudbees/hudson/plugins/folder/properties/AuthorizationMatrixProperty/DescriptorImpl/doCheckName.stapler
[INFO] /tmp/plugin-builds/matrix-auth/src/main/java/org/jenkinsci/plugins/matrixauth/AbstractAuthorizationPropertyConverter.java: /tmp/plugin-builds/matrix-auth/src/main/java/org/jenkinsci/plugins/matrixauth/AbstractAuthorizationPropertyConverter.java uses or overrides a deprecated API.
[INFO] /tmp/plugin-builds/matrix-auth/src/main/java/org/jenkinsci/plugins/matrixauth/AbstractAuthorizationPropertyConverter.java: Recompile with -Xlint:deprecation for details.
[INFO] /tmp/plugin-builds/matrix-auth/src/main/java/org/jenkinsci/plugins/matrixauth/AuthorizationProperty.java: Some input files use unchecked or unsafe operations.
[INFO] /tmp/plugin-builds/matrix-auth/src/main/java/org/jenkinsci/plugins/matrixauth/AuthorizationProperty.java: Recompile with -Xlint:unchecked for details.
[INFO] 
[INFO] --- access-modifier-checker:1.34:enforce (default-enforce) @ matrix-auth ---
[INFO] Skipping access modifier checks
[INFO] 
[INFO] --- hpi:3.60:insert-test (default-insert-test) @ matrix-auth ---
[INFO] 
[INFO] --- antrun:3.1.0:run (createTempDir) @ matrix-auth ---
[INFO] Executing tasks
[INFO]     [mkdir] Created dir: /tmp/plugin-builds/matrix-auth/target/tmp
[INFO] Executed tasks
[INFO] 
[INFO] --- resources:3.3.1:testResources (default-testResources) @ matrix-auth ---
[INFO] Not copying test resources
[INFO] 
[INFO] --- compiler:3.13.0:testCompile (default-testCompile) @ matrix-auth ---
[INFO] Not compiling test sources
[INFO] 
[INFO] --- hpi:3.60:test-hpl (default-test-hpl) @ matrix-auth ---
[INFO] Generating /tmp/plugin-builds/matrix-auth/target/test-classes/the.hpl
[INFO] 
[INFO] --- hpi:3.60:resolve-test-dependencies (default-resolve-test-dependencies) @ matrix-auth ---
[INFO] 
[INFO] --- hpi:3.60:test-runtime (default-test-runtime) @ matrix-auth ---
[INFO] Tests are skipped.
[INFO] 
[INFO] --- surefire:3.5.2:test (default-test) @ matrix-auth ---
[INFO] Tests are skipped.
[INFO] 
[INFO] --- license:165.v7e11f4e4a_325:process (default) @ matrix-auth ---
[INFO] 
[INFO] --- hpi:3.60:hpi (default-hpi) @ matrix-auth ---
[INFO] Generating /tmp/plugin-builds/matrix-auth/target/matrix-auth/META-INF/MANIFEST.MF
[INFO] Checking for attached .jar artifact ...
[INFO] Generating jar /tmp/plugin-builds/matrix-auth/target/matrix-auth.jar
[INFO] Building jar: /tmp/plugin-builds/matrix-auth/target/matrix-auth.jar
[INFO] Exploding webapp...
[INFO] Copy webapp webResources to /tmp/plugin-builds/matrix-auth/target/matrix-auth
[INFO] Assembling webapp matrix-auth in /tmp/plugin-builds/matrix-auth/target/matrix-auth
[INFO] Generating hpi /tmp/plugin-builds/matrix-auth/target/matrix-auth.hpi
[INFO] Building jar: /tmp/plugin-builds/matrix-auth/target/matrix-auth.hpi
[INFO] 
[INFO] --- jar:3.4.2:test-jar (maybe-test-jar) @ matrix-auth ---
[INFO] Skipping packaging of the test-jar
[INFO] 
[INFO] >>> spotbugs:4.8.3.1:check (spotbugs) > :spotbugs @ matrix-auth >>>
[INFO] 
[INFO] --- spotbugs:4.8.3.1:spotbugs (spotbugs) @ matrix-auth ---
[INFO] 
[INFO] <<< spotbugs:4.8.3.1:check (spotbugs) < :spotbugs @ matrix-auth <<<
[INFO] 
[INFO] 
[INFO] --- spotbugs:4.8.3.1:check (spotbugs) @ matrix-auth ---
[INFO] Spotbugs plugin skipped
[INFO] 
[INFO] --- spotless:2.44.1:check (default) @ matrix-auth ---
[INFO] Spotless check skipped
[INFO] 
[INFO] --- install:3.1.3:install (default-install) @ matrix-auth ---
[INFO] Installing /tmp/plugin-builds/matrix-auth/target/matrix-auth-3.2.7-SNAPSHOT.pom to /home/poddingue/.m2/repository/org/jenkins-ci/plugins/matrix-auth/3.2.7-SNAPSHOT/matrix-auth-3.2.7-SNAPSHOT.pom
[INFO] Installing /tmp/plugin-builds/matrix-auth/target/matrix-auth.hpi to /home/poddingue/.m2/repository/org/jenkins-ci/plugins/matrix-auth/3.2.7-SNAPSHOT/matrix-auth-3.2.7-SNAPSHOT.hpi
[INFO] Installing /tmp/plugin-builds/matrix-auth/target/matrix-auth.jar to /home/poddingue/.m2/repository/org/jenkins-ci/plugins/matrix-auth/3.2.7-SNAPSHOT/matrix-auth-3.2.7-SNAPSHOT.jar
[INFO] ------------------------------------------------------------------------
[INFO] BUILD SUCCESS
[INFO] ------------------------------------------------------------------------
[INFO] Total time:  12.304 s
[INFO] Finished at: 2025-07-02T10:39:36+02:00
[INFO] ------------------------------------------------------------------------
