WARNING: A restricted method in java.lang.System has been called
WARNING: java.lang.System::load has been called by org.fusesource.jansi.internal.JansiLoader in an unnamed module (file:/home/poddingue/.sdkman/candidates/maven/current/lib/jansi-2.4.1.jar)
WARNING: Use --enable-native-access=ALL-UNNAMED to avoid a warning for callers in this module
WARNING: Restricted methods will be blocked in a future release unless native access is enabled

WARNING: A terminally deprecated method in sun.misc.Unsafe has been called
WARNING: sun.misc.Unsafe::objectFieldOffset has been called by com.google.common.util.concurrent.AbstractFuture$UnsafeAtomicHelper (file:/home/poddingue/.sdkman/candidates/maven/current/lib/guava-33.2.1-jre.jar)
WARNING: Please consider reporting this to the maintainers of class com.google.common.util.concurrent.AbstractFuture$UnsafeAtomicHelper
WARNING: sun.misc.Unsafe::objectFieldOffset will be removed in a future release
[INFO] Scanning for projects...
[INFO] 
[INFO] ------------------< org.jenkins-ci.plugins:mercurial >------------------
[INFO] Building Jenkins Mercurial plugin 999999-SNAPSHOT
[INFO]   from pom.xml
[INFO] --------------------------------[ hpi ]---------------------------------
[INFO] 
[INFO] --- clean:3.4.1:clean (default-clean) @ mercurial ---
[INFO] 
[INFO] --- hpi:3.65:validate (default-validate) @ mercurial ---
[INFO] Created marker file /tmp/plugin-builds/mercurial/target/java-level/17
[INFO] 
[INFO] --- hpi:3.65:validate-hpi (default-validate-hpi) @ mercurial ---
[INFO] 
[INFO] --- enforcer:3.5.0:enforce (display-info) @ mercurial ---
[INFO] Rule 0: io.jenkins.tools.incrementals.enforcer.RequireExtensionVersion passed
[INFO] Rule 1: org.apache.maven.enforcer.rules.version.RequireMavenVersion passed
[INFO] Rule 2: org.apache.maven.enforcer.rules.version.RequireJavaVersion passed
[INFO] Rule 3: org.codehaus.mojo.extraenforcer.dependencies.EnforceBytecodeVersion passed
[INFO] Rule 4: org.apache.maven.enforcer.rules.dependency.BannedDependencies passed
[INFO] Rule 5: org.apache.maven.enforcer.rules.dependency.BannedDependencies passed
[INFO] Ignoring requireUpperBoundDeps in com.google.code.findbugs:jsr305
[INFO] Ignoring requireUpperBoundDeps in org.ow2.asm:asm
[INFO] Rule 6: org.apache.maven.enforcer.rules.dependency.RequireUpperBoundDeps passed
[INFO] 
[INFO] --- enforcer:3.5.0:enforce (no-snapshots-in-release) @ mercurial ---
[INFO] Rule 0: org.apache.maven.enforcer.rules.dependency.RequireReleaseDeps passed
[INFO] 
[INFO] --- localizer:1.31:generate (default) @ mercurial ---
[INFO] 
[INFO] --- resources:3.3.1:resources (default-resources) @ mercurial ---
[INFO] Copying 48 resources from src/main/resources to target/classes
[INFO] 
[INFO] --- flatten:1.7.0:flatten (flatten) @ mercurial ---
[INFO] Generating flattened POM of project org.jenkins-ci.plugins:mercurial:hpi:999999-SNAPSHOT...
[INFO] 
[INFO] --- compiler:3.14.0:compile (default-compile) @ mercurial ---
[INFO] Recompiling the module because of changed source code.
[INFO] Compiling 33 source files with javac [debug parameters release 17] to target/classes
[INFO] hudson.plugins.mercurial.MercurialInstallation.DescriptorImpl indexed under hudson.Extension
[INFO] hudson.plugins.mercurial.MercurialRevisionColumn.DescriptorImpl indexed under hudson.Extension
[INFO] hudson.plugins.mercurial.MercurialSCM.DescriptorImpl indexed under hudson.Extension
[INFO] hudson.plugins.mercurial.MercurialSCMSource.DescriptorImpl indexed under hudson.Extension
[INFO] hudson.plugins.mercurial.MercurialStatus indexed under hudson.Extension
[INFO] hudson.plugins.mercurial.MercurialStatusCrumbExclusion indexed under hudson.Extension
[INFO] hudson.plugins.mercurial.browser.FishEye.DescriptorImpl indexed under hudson.Extension
[INFO] hudson.plugins.mercurial.browser.GoogleCode.DescriptorImpl indexed under hudson.Extension
[INFO] hudson.plugins.mercurial.browser.HgWeb.DescriptorImpl indexed under hudson.Extension
[INFO] hudson.plugins.mercurial.browser.Kallithea.DescriptorImpl indexed under hudson.Extension
[INFO] hudson.plugins.mercurial.browser.KilnHG.DescriptorImpl indexed under hudson.Extension
[INFO] hudson.plugins.mercurial.browser.RhodeCode.DescriptorImpl indexed under hudson.Extension
[INFO] hudson.plugins.mercurial.browser.RhodeCodeLegacy.DescriptorImpl indexed under hudson.Extension
[INFO] hudson.plugins.mercurial.browser.ScmManager.DescriptorImpl indexed under hudson.Extension
[INFO] hudson.plugins.mercurial.traits.CleanMercurialSCMSourceTrait.DescriptorImpl indexed under hudson.Extension
[INFO] hudson.plugins.mercurial.traits.MercurialBrowserSCMSourceTrait.DescriptorImpl indexed under hudson.Extension
[INFO] hudson.plugins.mercurial.traits.MercurialInstallationSCMSourceTrait.DescriptorImpl indexed under hudson.Extension
[INFO] /tmp/plugin-builds/mercurial/src/main/java/hudson/plugins/mercurial/MercurialInstallation.java:[87,34] Generating hudson/plugins/mercurial/MercurialInstallation.stapler
[INFO] /tmp/plugin-builds/mercurial/src/main/java/hudson/plugins/mercurial/MercurialRevisionColumn.java:[21,12] Generating hudson/plugins/mercurial/MercurialRevisionColumn.stapler
[INFO] /tmp/plugin-builds/mercurial/src/main/java/hudson/plugins/mercurial/MercurialSCM.java:[165,34] Generating hudson/plugins/mercurial/MercurialSCM.stapler
[INFO] /tmp/plugin-builds/mercurial/src/main/java/hudson/plugins/mercurial/MercurialSCMSource.java:[85,12] Generating hudson/plugins/mercurial/MercurialSCMSource.stapler
[INFO] /tmp/plugin-builds/mercurial/src/main/java/hudson/plugins/mercurial/browser/FishEye.java:[21,12] Generating hudson/plugins/mercurial/browser/FishEye.stapler
[INFO] /tmp/plugin-builds/mercurial/src/main/java/hudson/plugins/mercurial/browser/GoogleCode.java:[23,12] Generating hudson/plugins/mercurial/browser/GoogleCode.stapler
[INFO] /tmp/plugin-builds/mercurial/src/main/java/hudson/plugins/mercurial/browser/HgWeb.java:[22,12] Generating hudson/plugins/mercurial/browser/HgWeb.stapler
[INFO] /tmp/plugin-builds/mercurial/src/main/java/hudson/plugins/mercurial/browser/Kallithea.java:[19,12] Generating hudson/plugins/mercurial/browser/Kallithea.stapler
[INFO] /tmp/plugin-builds/mercurial/src/main/java/hudson/plugins/mercurial/browser/KilnHG.java:[21,12] Generating hudson/plugins/mercurial/browser/KilnHG.stapler
[INFO] /tmp/plugin-builds/mercurial/src/main/java/hudson/plugins/mercurial/browser/RhodeCode.java:[22,12] Generating hudson/plugins/mercurial/browser/RhodeCode.stapler
[INFO] /tmp/plugin-builds/mercurial/src/main/java/hudson/plugins/mercurial/browser/RhodeCodeLegacy.java:[22,12] Generating hudson/plugins/mercurial/browser/RhodeCodeLegacy.stapler
[INFO] /tmp/plugin-builds/mercurial/src/main/java/hudson/plugins/mercurial/browser/ScmManager.java:[19,10] Generating hudson/plugins/mercurial/browser/ScmManager.stapler
[INFO] /tmp/plugin-builds/mercurial/src/main/java/hudson/plugins/mercurial/traits/CleanMercurialSCMSourceTrait.java:[51,34] Generating hudson/plugins/mercurial/traits/CleanMercurialSCMSourceTrait.stapler
[INFO] /tmp/plugin-builds/mercurial/src/main/java/hudson/plugins/mercurial/traits/MercurialBrowserSCMSourceTrait.java:[69,12] Generating hudson/plugins/mercurial/traits/MercurialBrowserSCMSourceTrait.stapler
[INFO] /tmp/plugin-builds/mercurial/src/main/java/hudson/plugins/mercurial/traits/MercurialInstallationSCMSourceTrait.java:[67,34] Generating hudson/plugins/mercurial/traits/MercurialInstallationSCMSourceTrait.stapler
[INFO] /tmp/plugin-builds/mercurial/src/main/java/hudson/plugins/mercurial/MercurialTagAction.java:[17,8] Generating hudson/plugins/mercurial/MercurialTagAction.javadoc
[INFO] /tmp/plugin-builds/mercurial/src/main/java/hudson/plugins/mercurial/MercurialChangeSet.java:[25,8] Generating hudson/plugins/mercurial/MercurialChangeSet.javadoc
[INFO] /tmp/plugin-builds/mercurial/src/main/java/hudson/plugins/mercurial/browser/HgWeb.java:[69,41] Generating hudson/plugins/mercurial/browser/HgWeb/DescriptorImpl/doCheckUrl.stapler
[INFO] /tmp/plugin-builds/mercurial/src/main/java/hudson/plugins/mercurial/MercurialInstallation.java:[178,31] Generating hudson/plugins/mercurial/MercurialInstallation/DescriptorImpl/doCheckConfig.stapler
[INFO] /tmp/plugin-builds/mercurial/src/main/java/hudson/plugins/mercurial/MercurialSCMSource.java:[339,29] Generating hudson/plugins/mercurial/MercurialSCMSource/DescriptorImpl/doFillCredentialsIdItems.stapler
[INFO] /tmp/plugin-builds/mercurial/src/main/java/hudson/plugins/mercurial/MercurialStatus.java:[106,25] Generating hudson/plugins/mercurial/MercurialStatus/doNotifyCommit.stapler
[INFO] /tmp/plugin-builds/mercurial/src/main/java/hudson/plugins/mercurial/browser/HgBrowser.java:[96,40] Generating hudson/plugins/mercurial/browser/HgBrowser/HgBrowserDescriptor/_doCheckUrl.stapler
[INFO] /tmp/plugin-builds/mercurial/src/main/java/hudson/plugins/mercurial/MercurialSCMSource.java:[355,95] Generating hudson/plugins/mercurial/MercurialSCMSource/DescriptorImpl/doCheckBranchPattern.stapler
[INFO] /tmp/plugin-builds/mercurial/src/main/java/hudson/plugins/mercurial/Cache.java: Some input files use or override a deprecated API.
[INFO] /tmp/plugin-builds/mercurial/src/main/java/hudson/plugins/mercurial/Cache.java: Recompile with -Xlint:deprecation for details.
[INFO] /tmp/plugin-builds/mercurial/src/main/java/hudson/plugins/mercurial/MercurialSCMSource.java: /tmp/plugin-builds/mercurial/src/main/java/hudson/plugins/mercurial/MercurialSCMSource.java uses unchecked or unsafe operations.
[INFO] /tmp/plugin-builds/mercurial/src/main/java/hudson/plugins/mercurial/MercurialSCMSource.java: Recompile with -Xlint:unchecked for details.
[INFO] 
[INFO] --- access-modifier-checker:1.35:enforce (default-enforce) @ mercurial ---
[INFO] Skipping access modifier checks
[INFO] 
[INFO] --- bridge-method-injector:1.31:process (default) @ mercurial ---
[INFO] 
[INFO] --- hpi:3.65:insert-test (default-insert-test) @ mercurial ---
[INFO] 
[INFO] --- antrun:3.1.0:run (createTempDir) @ mercurial ---
[INFO] Executing tasks
[INFO]     [mkdir] Created dir: /tmp/plugin-builds/mercurial/target/tmp
[INFO] Executed tasks
[INFO] 
[INFO] --- resources:3.3.1:testResources (default-testResources) @ mercurial ---
[INFO] Copying 5 resources from src/test/resources to target/test-classes
[INFO] 
[INFO] --- compiler:3.14.0:testCompile (default-testCompile) @ mercurial ---
[INFO] Recompiling the module because of changed dependency.
[INFO] Compiling 41 source files with javac [debug parameters release 17] to target/test-classes
[INFO] hudson.plugins.mercurial.ChangeComparatorTest.DummyComparator indexed under org.jvnet.hudson.test.TestExtension
[INFO] hudson.plugins.mercurial.SCMTestBase.ShowChangelogs indexed under hudson.Extension
[INFO] /tmp/plugin-builds/mercurial/src/test/java/hudson/plugins/mercurial/CachingCustomDirSCMTest.java: Some input files use or override a deprecated API.
[INFO] /tmp/plugin-builds/mercurial/src/test/java/hudson/plugins/mercurial/CachingCustomDirSCMTest.java: Recompile with -Xlint:deprecation for details.
[INFO] 
[INFO] --- hpi:3.65:test-hpl (default-test-hpl) @ mercurial ---
[INFO] Generating /tmp/plugin-builds/mercurial/target/test-classes/the.hpl
[INFO] 
[INFO] --- hpi:3.65:resolve-test-dependencies (default-resolve-test-dependencies) @ mercurial ---
[INFO] 
[INFO] --- hpi:3.65:test-runtime (default-test-runtime) @ mercurial ---
[INFO] Tests are skipped.
[INFO] 
[INFO] --- surefire:3.5.3:test (default-test) @ mercurial ---
[INFO] Tests are skipped.
[INFO] 
[INFO] --- license:165.v7e11f4e4a_325:process (default) @ mercurial ---
[INFO] 
[INFO] --- hpi:3.65:hpi (default-hpi) @ mercurial ---
[INFO] Generating /tmp/plugin-builds/mercurial/target/mercurial/META-INF/MANIFEST.MF
[INFO] Checking for attached .jar artifact ...
[INFO] Generating jar /tmp/plugin-builds/mercurial/target/mercurial.jar
[INFO] Building jar: /tmp/plugin-builds/mercurial/target/mercurial.jar
[INFO] Exploding webapp...
[INFO] Copy webapp webResources to /tmp/plugin-builds/mercurial/target/mercurial
[INFO] Assembling webapp mercurial in /tmp/plugin-builds/mercurial/target/mercurial
[INFO] Bundling direct dependency ini4j-0.5.2.jar
[INFO] Generating hpi /tmp/plugin-builds/mercurial/target/mercurial.hpi
[INFO] Building jar: /tmp/plugin-builds/mercurial/target/mercurial.hpi
[INFO] 
[INFO] --- jar:3.4.2:test-jar (maybe-test-jar) @ mercurial ---
[INFO] Building jar: /tmp/plugin-builds/mercurial/target/mercurial-tests.jar
[INFO] 
[INFO] >>> spotbugs:4.9.3.0:check (spotbugs) > :spotbugs @ mercurial >>>
[INFO] 
[INFO] --- spotbugs:4.9.3.0:spotbugs (spotbugs) @ mercurial ---
[INFO] Skipping com.github.spotbugs:spotbugs-maven-plugin:4.9.3.0:spotbugs report goal
[INFO] 
[INFO] <<< spotbugs:4.9.3.0:check (spotbugs) < :spotbugs @ mercurial <<<
[INFO] 
[INFO] 
[INFO] --- spotbugs:4.9.3.0:check (spotbugs) @ mercurial ---
[INFO] Spotbugs plugin skipped
[INFO] 
[INFO] --- spotless:2.44.4:check (default) @ mercurial ---
[INFO] Spotless check skipped
[INFO] 
[INFO] --- install:3.1.4:install (default-install) @ mercurial ---
[INFO] Installing /tmp/plugin-builds/mercurial/target/mercurial-999999-SNAPSHOT.pom to /home/poddingue/.m2/repository/org/jenkins-ci/plugins/mercurial/999999-SNAPSHOT/mercurial-999999-SNAPSHOT.pom
[INFO] Installing /tmp/plugin-builds/mercurial/target/mercurial.hpi to /home/poddingue/.m2/repository/org/jenkins-ci/plugins/mercurial/999999-SNAPSHOT/mercurial-999999-SNAPSHOT.hpi
[INFO] Installing /tmp/plugin-builds/mercurial/target/mercurial.jar to /home/poddingue/.m2/repository/org/jenkins-ci/plugins/mercurial/999999-SNAPSHOT/mercurial-999999-SNAPSHOT.jar
[INFO] Installing /tmp/plugin-builds/mercurial/target/mercurial-tests.jar to /home/poddingue/.m2/repository/org/jenkins-ci/plugins/mercurial/999999-SNAPSHOT/mercurial-999999-SNAPSHOT-tests.jar
[INFO] ------------------------------------------------------------------------
[INFO] BUILD SUCCESS
[INFO] ------------------------------------------------------------------------
[INFO] Total time:  12.745 s
[INFO] Finished at: 2025-06-22T15:53:18+02:00
[INFO] ------------------------------------------------------------------------
