WARNING: A terminally deprecated method in sun.misc.Unsafe has been called
WARNING: sun.misc.Unsafe::staticFieldBase has been called by com.google.inject.internal.aop.HiddenClassDefiner (file:/usr/share/apache-maven-3.9.11/lib/guice-5.1.0-classes.jar)
WARNING: Please consider reporting this to the maintainers of class com.google.inject.internal.aop.HiddenClassDefiner
WARNING: sun.misc.Unsafe::staticFieldBase will be removed in a future release
[INFO] Scanning for projects...
[INFO] Artifact org.jenkins-ci.tools:maven-hpi-plugin:pom:3.65 is present in the local repository, but cached from a remote repository ID that is unavailable in current build context, verifying that is downloadable from [incrementals (https://repo.jenkins-ci.org/incrementals/, default, releases), central (https://repo.maven.apache.org/maven2, default, releases)]
[INFO] Artifact org.jenkins-ci.tools:maven-hpi-plugin:pom:3.65 is present in the local repository, but cached from a remote repository ID that is unavailable in current build context, verifying that is downloadable from [incrementals (https://repo.jenkins-ci.org/incrementals/, default, releases), central (https://repo.maven.apache.org/maven2, default, releases)]
[WARNING] The POM for org.jenkins-ci.tools:maven-hpi-plugin:jar:3.65 is missing, no dependency information available
[INFO] Artifact org.jenkins-ci.tools:maven-hpi-plugin:jar:3.65 is present in the local repository, but cached from a remote repository ID that is unavailable in current build context, verifying that is downloadable from [incrementals (https://repo.jenkins-ci.org/incrementals/, default, releases), central (https://repo.maven.apache.org/maven2, default, releases)]
[INFO] Artifact org.jenkins-ci.tools:maven-hpi-plugin:jar:3.65 is present in the local repository, but cached from a remote repository ID that is unavailable in current build context, verifying that is downloadable from [incrementals (https://repo.jenkins-ci.org/incrementals/, default, releases), central (https://repo.maven.apache.org/maven2, default, releases)]
[WARNING] Failed to build parent project for org.jenkins-ci.plugins:metrics:hpi:4.2.32-999999-SNAPSHOT
[INFO] 
[INFO] -------------------< org.jenkins-ci.plugins:metrics >-------------------
[INFO] Building Metrics Plugin 4.2.32-999999-SNAPSHOT
[INFO]   from pom.xml
[INFO] --------------------------------[ hpi ]---------------------------------
[INFO] 
[INFO] --- clean:3.4.1:clean (default-clean) @ metrics ---
[INFO] 
[INFO] --- hpi:3.65:validate (default-validate) @ metrics ---
[INFO] Created marker file /tmp/plugin-builds/metrics/target/java-level/17
[INFO] 
[INFO] --- hpi:3.65:validate-hpi (default-validate-hpi) @ metrics ---
[INFO] 
[INFO] --- enforcer:3.5.0:enforce (display-info) @ metrics ---
[INFO] Rule 0: io.jenkins.tools.incrementals.enforcer.RequireExtensionVersion passed
[INFO] Rule 1: org.apache.maven.enforcer.rules.version.RequireMavenVersion passed
[INFO] Rule 2: org.apache.maven.enforcer.rules.version.RequireJavaVersion passed
[INFO] Rule 3: org.codehaus.mojo.extraenforcer.dependencies.EnforceBytecodeVersion passed
[INFO] Rule 4: org.apache.maven.enforcer.rules.dependency.BannedDependencies passed
[INFO] Rule 5: org.apache.maven.enforcer.rules.dependency.BannedDependencies passed
[INFO] Rule 6: org.apache.maven.enforcer.rules.dependency.RequireUpperBoundDeps passed
[INFO] 
[INFO] --- enforcer:3.5.0:enforce (no-snapshots-in-release) @ metrics ---
[INFO] Rule 0: org.apache.maven.enforcer.rules.dependency.RequireReleaseDeps passed
[INFO] 
[INFO] --- localizer:1.31:generate (default) @ metrics ---
[INFO] 
[INFO] --- resources:3.3.1:resources (default-resources) @ metrics ---
[INFO] Copying 14 resources from src/main/resources to target/classes
[INFO] 
[INFO] --- flatten:1.7.0:flatten (flatten) @ metrics ---
[INFO] Generating flattened POM of project org.jenkins-ci.plugins:metrics:hpi:4.2.32-999999-SNAPSHOT...
[INFO] 
[INFO] --- compiler:3.14.0:compile (default-compile) @ metrics ---
[INFO] Recompiling the module because of changed source code.
[INFO] Compiling 24 source files with javac [debug parameters release 17] to target/classes
[INFO] jenkins.metrics.api.Metrics.HealthCheckMetricsProvider indexed under hudson.Extension
[INFO] jenkins.metrics.api.Metrics.HealthChecker indexed under hudson.Extension
[INFO] jenkins.metrics.api.MetricsAccessKey.DescriptorImpl indexed under hudson.Extension
[INFO] jenkins.metrics.api.MetricsRootAction indexed under hudson.Extension
[INFO] jenkins.metrics.api.MetricsRootAction.Sampler indexed under hudson.Extension
[INFO] jenkins.metrics.impl.JenkinsHealthCheckProviderImpl indexed under hudson.Extension
[INFO] jenkins.metrics.impl.JenkinsMetricProviderImpl indexed under hudson.Extension
[INFO] jenkins.metrics.impl.JenkinsMetricProviderImpl.PeriodicWorkImpl indexed under hudson.Extension
[INFO] jenkins.metrics.impl.JenkinsMetricProviderImpl.ResultRunListener indexed under hudson.Extension
[INFO] jenkins.metrics.impl.JenkinsMetricProviderImpl.RunListenerImpl indexed under hudson.Extension
[INFO] jenkins.metrics.impl.JenkinsMetricProviderImpl.SchedulingRate indexed under hudson.Extension
[INFO] jenkins.metrics.impl.JenkinsMetricProviderImpl.ScheduledRate indexed under hudson.Extension
[INFO] jenkins.metrics.impl.JenkinsVersionsProviderImpl indexed under hudson.Extension
[INFO] jenkins.metrics.impl.VMMetricProviderImpl indexed under hudson.Extension
[INFO] jenkins.metrics.util.AutoSamplingHistogram.PeriodicWorkImpl indexed under hudson.Extension
[INFO] /tmp/plugin-builds/metrics/src/main/java/jenkins/metrics/api/MetricsAccessKey.java:[113,12] Generating jenkins/metrics/api/MetricsAccessKey.stapler
[INFO] /tmp/plugin-builds/metrics/src/main/java/jenkins/metrics/impl/TimeInQueueAction.java:[43,8] Generating jenkins/metrics/impl/TimeInQueueAction.javadoc
[INFO] /tmp/plugin-builds/metrics/src/main/java/jenkins/metrics/api/MetricsRootAction.java:[369,25] Generating jenkins/metrics/api/MetricsRootAction/doMetricsHistory.stapler
[INFO] /tmp/plugin-builds/metrics/src/main/java/jenkins/metrics/api/MetricsRootAction.java:[349,25] Generating jenkins/metrics/api/MetricsRootAction/doMetrics.stapler
[INFO] /tmp/plugin-builds/metrics/src/main/java/jenkins/metrics/api/MetricsRootAction.java:[393,25] Generating jenkins/metrics/api/MetricsRootAction/doPing.stapler
[INFO] /tmp/plugin-builds/metrics/src/main/java/jenkins/metrics/api/MetricsRootAction.java:[286,25] Generating jenkins/metrics/api/MetricsRootAction/doHealthcheck.stapler
[INFO] /tmp/plugin-builds/metrics/src/main/java/jenkins/metrics/api/MetricsRootAction.java:[414,25] Generating jenkins/metrics/api/MetricsRootAction/doThreads.stapler
[INFO] /tmp/plugin-builds/metrics/src/main/java/jenkins/metrics/api/Metrics.java: Some input files use or override a deprecated API.
[INFO] /tmp/plugin-builds/metrics/src/main/java/jenkins/metrics/api/Metrics.java: Recompile with -Xlint:deprecation for details.
[INFO] /tmp/plugin-builds/metrics/src/main/java/jenkins/metrics/api/HealthCheckProvider.java: Some input files use unchecked or unsafe operations.
[INFO] /tmp/plugin-builds/metrics/src/main/java/jenkins/metrics/api/HealthCheckProvider.java: Recompile with -Xlint:unchecked for details.
[INFO] 
[INFO] --- access-modifier-checker:1.35:enforce (default-enforce) @ metrics ---
[INFO] Skipping access modifier checks
[INFO] 
[INFO] --- bridge-method-injector:1.31:process (default) @ metrics ---
[INFO] 
[INFO] --- hpi:3.65:insert-test (default-insert-test) @ metrics ---
[INFO] 
[INFO] --- antrun:3.1.0:run (createTempDir) @ metrics ---
[INFO] Executing tasks
[INFO]     [mkdir] Created dir: /tmp/plugin-builds/metrics/target/tmp
[INFO] Executed tasks
[INFO] 
[INFO] --- resources:3.3.1:testResources (default-testResources) @ metrics ---
[INFO] Not copying test resources
[INFO] 
[INFO] --- compiler:3.14.0:testCompile (default-testCompile) @ metrics ---
[INFO] Not compiling test sources
[INFO] 
[INFO] --- hpi:3.65:test-hpl (default-test-hpl) @ metrics ---
[INFO] Generating /tmp/plugin-builds/metrics/target/test-classes/the.hpl
[INFO] 
[INFO] --- hpi:3.65:resolve-test-dependencies (default-resolve-test-dependencies) @ metrics ---
[INFO] 
[INFO] --- hpi:3.65:test-runtime (default-test-runtime) @ metrics ---
[INFO] Tests are skipped.
[INFO] 
[INFO] --- surefire:3.5.3:test (default-test) @ metrics ---
[INFO] Tests are skipped.
[INFO] 
[INFO] --- license:165.v7e11f4e4a_325:process (default) @ metrics ---
[INFO] 
[INFO] --- hpi:3.65:hpi (default-hpi) @ metrics ---
[INFO] Generating /tmp/plugin-builds/metrics/target/metrics/META-INF/MANIFEST.MF
[INFO] Checking for attached .jar artifact ...
[INFO] Generating jar /tmp/plugin-builds/metrics/target/metrics.jar
[INFO] Building jar: /tmp/plugin-builds/metrics/target/metrics.jar
[INFO] Exploding webapp...
[INFO] Copy webapp webResources to /tmp/plugin-builds/metrics/target/metrics
[INFO] Assembling webapp metrics in /tmp/plugin-builds/metrics/target/metrics
[INFO] Bundling direct dependency metrics-core-4.2.32.jar
[INFO] Bundling direct dependency metrics-healthchecks-4.2.32.jar
[INFO] Bundling direct dependency metrics-jmx-4.2.32.jar
[INFO] Bundling direct dependency metrics-json-4.2.32.jar
[INFO] Bundling direct dependency metrics-jvm-4.2.32.jar
[INFO] Bundling direct dependency metrics-servlet-4.2.32.jar
[INFO] Generating hpi /tmp/plugin-builds/metrics/target/metrics.hpi
[INFO] Building jar: /tmp/plugin-builds/metrics/target/metrics.hpi
[INFO] 
[INFO] --- jar:3.4.2:test-jar (maybe-test-jar) @ metrics ---
[INFO] Skipping packaging of the test-jar
[INFO] 
[INFO] >>> spotbugs:4.9.3.0:check (spotbugs) > :spotbugs @ metrics >>>
[INFO] 
[INFO] --- spotbugs:4.9.3.0:spotbugs (spotbugs) @ metrics ---
[INFO] Skipping com.github.spotbugs:spotbugs-maven-plugin:4.9.3.0:spotbugs report goal
[INFO] 
[INFO] <<< spotbugs:4.9.3.0:check (spotbugs) < :spotbugs @ metrics <<<
[INFO] 
[INFO] 
[INFO] --- spotbugs:4.9.3.0:check (spotbugs) @ metrics ---
[INFO] Spotbugs plugin skipped
[INFO] 
[INFO] --- spotless:2.44.4:check (default) @ metrics ---
[INFO] Spotless check skipped
[INFO] 
[INFO] --- install:3.1.4:install (default-install) @ metrics ---
[INFO] Installing /tmp/plugin-builds/metrics/target/metrics-4.2.32-999999-SNAPSHOT.pom to /home/runner/.m2/repository/org/jenkins-ci/plugins/metrics/4.2.32-999999-SNAPSHOT/metrics-4.2.32-999999-SNAPSHOT.pom
[INFO] Installing /tmp/plugin-builds/metrics/target/metrics.hpi to /home/runner/.m2/repository/org/jenkins-ci/plugins/metrics/4.2.32-999999-SNAPSHOT/metrics-4.2.32-999999-SNAPSHOT.hpi
[INFO] Installing /tmp/plugin-builds/metrics/target/metrics.jar to /home/runner/.m2/repository/org/jenkins-ci/plugins/metrics/4.2.32-999999-SNAPSHOT/metrics-4.2.32-999999-SNAPSHOT.jar
[INFO] ------------------------------------------------------------------------
[INFO] BUILD SUCCESS
[INFO] ------------------------------------------------------------------------
[INFO] Total time:  8.254 s
[INFO] Finished at: 2025-07-29T02:36:32Z
[INFO] ------------------------------------------------------------------------
