[INFO] Scanning for projects...
[INFO] Artifact org.jenkins-ci.tools:maven-hpi-plugin:pom:3.1795.v6fb_496fc129b_ is present in the local repository, but cached from a remote repository ID that is unavailable in current build context, verifying that is downloadable from [incrementals (https://repo.jenkins-ci.org/incrementals/, default, releases), central (https://repo.maven.apache.org/maven2, default, releases)]
[INFO] Artifact org.jenkins-ci.tools:maven-hpi-plugin:pom:3.1795.v6fb_496fc129b_ is present in the local repository, but cached from a remote repository ID that is unavailable in current build context, verifying that is downloadable from [incrementals (https://repo.jenkins-ci.org/incrementals/, default, releases), central (https://repo.maven.apache.org/maven2, default, releases)]
[WARNING] The POM for org.jenkins-ci.tools:maven-hpi-plugin:jar:3.1795.v6fb_496fc129b_ is missing, no dependency information available
[INFO] Artifact org.jenkins-ci.tools:maven-hpi-plugin:jar:3.1795.v6fb_496fc129b_ is present in the local repository, but cached from a remote repository ID that is unavailable in current build context, verifying that is downloadable from [incrementals (https://repo.jenkins-ci.org/incrementals/, default, releases), central (https://repo.maven.apache.org/maven2, default, releases)]
[INFO] Artifact org.jenkins-ci.tools:maven-hpi-plugin:jar:3.1795.v6fb_496fc129b_ is present in the local repository, but cached from a remote repository ID that is unavailable in current build context, verifying that is downloadable from [incrementals (https://repo.jenkins-ci.org/incrementals/, default, releases), central (https://repo.maven.apache.org/maven2, default, releases)]
[WARNING] Failed to build parent project for io.jenkins.plugins.mina-sshd-api:mina-sshd-api-parent:pom:2.16.0-999999-SNAPSHOT
[INFO] ------------------------------------------------------------------------
[INFO] Reactor Build Order:
[INFO] 
[INFO] Mina SSHD API :: Parent                                            [pom]
[INFO] Mina SSHD API :: Common                                            [hpi]
[INFO] Mina SSHD API :: Core                                              [hpi]
[INFO] Mina SSHD API :: SCP                                               [hpi]
[INFO] Mina SSHD API :: SFTP                                              [hpi]
[INFO] 
[INFO] -------< io.jenkins.plugins.mina-sshd-api:mina-sshd-api-parent >--------
[INFO] Building Mina SSHD API :: Parent 2.16.0-999999-SNAPSHOT            [1/5]
[INFO]   from pom.xml
[INFO] --------------------------------[ pom ]---------------------------------
[INFO] 
[INFO] --- clean:3.5.0:clean (default-clean) @ mina-sshd-api-parent ---
[INFO] 
[INFO] --- enforcer:3.6.2:enforce (display-info) @ mina-sshd-api-parent ---
[INFO] Rule 0: io.jenkins.tools.incrementals.enforcer.RequireExtensionVersion passed
[INFO] Rule 1: org.apache.maven.enforcer.rules.version.RequireMavenVersion passed
[INFO] Rule 2: org.apache.maven.enforcer.rules.version.RequireJavaVersion passed
[INFO] Rule 3: org.apache.maven.enforcer.rules.RequirePluginVersions passed
[INFO] Rule 4: org.codehaus.mojo.extraenforcer.dependencies.EnforceBytecodeVersion passed
[INFO] Rule 5: org.apache.maven.enforcer.rules.dependency.BannedDependencies passed
[INFO] Rule 6: org.apache.maven.enforcer.rules.dependency.BannedDependencies passed
[INFO] Rule 7: org.apache.maven.enforcer.rules.dependency.RequireUpperBoundDeps passed
[INFO] 
[INFO] --- enforcer:3.6.2:enforce (no-snapshots-in-release) @ mina-sshd-api-parent ---
[INFO] Rule 0: org.apache.maven.enforcer.rules.dependency.RequireReleaseDeps passed
[INFO] 
[INFO] --- localizer:1.31:generate (default) @ mina-sshd-api-parent ---
[INFO] 
[INFO] --- enforcer:3.6.2:enforce (check-junit-imports) @ mina-sshd-api-parent ---
[INFO] Skipping Rule Enforcement.
[INFO] 
[INFO] --- flatten:1.7.3:flatten (flatten) @ mina-sshd-api-parent ---
[INFO] Generating flattened POM of project io.jenkins.plugins.mina-sshd-api:mina-sshd-api-parent:pom:2.16.0-999999-SNAPSHOT...
[INFO] 
[INFO] --- bridge-method-injector:1.32:process (default) @ mina-sshd-api-parent ---
[INFO] 
[INFO] --- antrun:3.2.0:run (createTempDir) @ mina-sshd-api-parent ---
[INFO] Executing tasks
[INFO]     [mkdir] Created dir: /tmp/plugin-builds/mina-sshd-api-common/target/tmp
[INFO] Executed tasks
[INFO] 
[INFO] --- license:184.v19c87b_6b_a_9a_c:process (default) @ mina-sshd-api-parent ---
[INFO] Generated /tmp/plugin-builds/mina-sshd-api-common/target/mina-sshd-api-parent/WEB-INF/licenses.xml
[INFO] 
[INFO] --- jar:3.5.0:test-jar (maybe-test-jar) @ mina-sshd-api-parent ---
[INFO] Skipping packaging of the test-jar
[INFO] 
[INFO] >>> spotbugs:4.9.8.2:check (spotbugs) > :spotbugs @ mina-sshd-api-parent >>>
[INFO] 
[INFO] --- spotbugs:4.9.8.2:spotbugs (spotbugs) @ mina-sshd-api-parent ---
[INFO] No files found to run spotbugs; check compile phase has been run.
[INFO] Skipping com.github.spotbugs:spotbugs-maven-plugin:4.9.8.2:spotbugs report goal
[INFO] 
[INFO] <<< spotbugs:4.9.8.2:check (spotbugs) < :spotbugs @ mina-sshd-api-parent <<<
[INFO] 
[INFO] 
[INFO] --- spotbugs:4.9.8.2:check (spotbugs) @ mina-sshd-api-parent ---
[INFO] 
[INFO] --- spotless:3.1.0:check (default) @ mina-sshd-api-parent ---
[INFO] Spotless check skipped
[INFO] 
[INFO] --- install:3.1.4:install (default-install) @ mina-sshd-api-parent ---
[INFO] Installing /tmp/plugin-builds/mina-sshd-api-common/target/mina-sshd-api-parent-2.16.0-999999-SNAPSHOT.pom to /home/runner/.m2/repository/io/jenkins/plugins/mina-sshd-api/mina-sshd-api-parent/2.16.0-999999-SNAPSHOT/mina-sshd-api-parent-2.16.0-999999-SNAPSHOT.pom
[INFO] 
[INFO] -------< io.jenkins.plugins.mina-sshd-api:mina-sshd-api-common >--------
[INFO] Building Mina SSHD API :: Common 2.16.0-999999-SNAPSHOT            [2/5]
[INFO]   from mina-sshd-api-common/pom.xml
[INFO] --------------------------------[ hpi ]---------------------------------
[INFO] 
[INFO] --- clean:3.5.0:clean (default-clean) @ mina-sshd-api-common ---
[INFO] 
[INFO] --- hpi:3.1795.v6fb_496fc129b_:validate (default-validate) @ mina-sshd-api-common ---
[INFO] Created marker file /tmp/plugin-builds/mina-sshd-api-common/mina-sshd-api-common/target/java-level/17
[INFO] 
[INFO] --- hpi:3.1795.v6fb_496fc129b_:validate-hpi (default-validate-hpi) @ mina-sshd-api-common ---
[INFO] 
[INFO] --- enforcer:3.6.2:enforce (display-info) @ mina-sshd-api-common ---
[INFO] Rule 3: org.apache.maven.enforcer.rules.RequirePluginVersions passed
[INFO] Rule 4: org.codehaus.mojo.extraenforcer.dependencies.EnforceBytecodeVersion passed
[INFO] Rule 5: org.apache.maven.enforcer.rules.dependency.BannedDependencies passed
[INFO] Rule 6: org.apache.maven.enforcer.rules.dependency.BannedDependencies passed
[INFO] Rule 7: org.apache.maven.enforcer.rules.dependency.RequireUpperBoundDeps passed
[INFO] 
[INFO] --- enforcer:3.6.2:enforce (no-snapshots-in-release) @ mina-sshd-api-common ---
[INFO] Rule 0: org.apache.maven.enforcer.rules.dependency.RequireReleaseDeps passed
[INFO] 
[INFO] --- localizer:1.31:generate (default) @ mina-sshd-api-common ---
[INFO] 
[INFO] --- enforcer:3.6.2:enforce (check-junit-imports) @ mina-sshd-api-common ---
[INFO] Skipping Rule Enforcement.
[INFO] 
[INFO] --- resources:3.4.0:resources (default-resources) @ mina-sshd-api-common ---
[INFO] Copying 1 resource from src/main/resources to target/classes
[INFO] 
[INFO] --- flatten:1.7.3:flatten (flatten) @ mina-sshd-api-common ---
[INFO] Generating flattened POM of project io.jenkins.plugins.mina-sshd-api:mina-sshd-api-common:hpi:2.16.0-999999-SNAPSHOT...
[INFO] 
[INFO] --- compiler:3.14.1:compile (default-compile) @ mina-sshd-api-common ---
[INFO] Recompiling the module because of changed source code.
[INFO] Compiling 1 source file with javac [debug parameters release 17] to target/classes
[INFO] /tmp/plugin-builds/mina-sshd-api-common/mina-sshd-api-common/src/main/java/io/jenkins/plugins/mina_sshd_api/core/bouncycastle_registar/FIPSRegistarInitPlugin.java: /tmp/plugin-builds/mina-sshd-api-common/mina-sshd-api-common/src/main/java/io/jenkins/plugins/mina_sshd_api/core/bouncycastle_registar/FIPSRegistarInitPlugin.java uses or overrides a deprecated API.
[INFO] /tmp/plugin-builds/mina-sshd-api-common/mina-sshd-api-common/src/main/java/io/jenkins/plugins/mina_sshd_api/core/bouncycastle_registar/FIPSRegistarInitPlugin.java: Recompile with -Xlint:deprecation for details.
[INFO] 
[INFO] --- access-modifier-checker:1.35:enforce (default-enforce) @ mina-sshd-api-common ---
[INFO] 
[INFO] --- bridge-method-injector:1.32:process (default) @ mina-sshd-api-common ---
[INFO] 
[INFO] --- hpi:3.1795.v6fb_496fc129b_:insert-test (default-insert-test) @ mina-sshd-api-common ---
[INFO] 
[INFO] --- antrun:3.2.0:run (createTempDir) @ mina-sshd-api-common ---
[INFO] Executing tasks
[INFO]     [mkdir] Created dir: /tmp/plugin-builds/mina-sshd-api-common/mina-sshd-api-common/target/tmp
[INFO] Executed tasks
[INFO] 
[INFO] --- resources:3.4.0:testResources (default-testResources) @ mina-sshd-api-common ---
[INFO] Not copying test resources
[INFO] 
[INFO] --- compiler:3.14.1:testCompile (default-testCompile) @ mina-sshd-api-common ---
[INFO] Not compiling test sources
[INFO] 
[INFO] --- hpi:3.1795.v6fb_496fc129b_:test-hpl (default-test-hpl) @ mina-sshd-api-common ---
[INFO] Generating /tmp/plugin-builds/mina-sshd-api-common/mina-sshd-api-common/target/test-classes/the.hpl
[INFO] 
[INFO] --- hpi:3.1795.v6fb_496fc129b_:resolve-test-dependencies (default-resolve-test-dependencies) @ mina-sshd-api-common ---
[INFO] 
[INFO] --- hpi:3.1795.v6fb_496fc129b_:test-runtime (default-test-runtime) @ mina-sshd-api-common ---
[INFO] Tests are skipped.
[INFO] 
[INFO] --- surefire:3.5.4:test (default-test) @ mina-sshd-api-common ---
[INFO] Tests are skipped.
[INFO] 
[INFO] --- license:184.v19c87b_6b_a_9a_c:process (default) @ mina-sshd-api-common ---
[INFO] Generated /tmp/plugin-builds/mina-sshd-api-common/mina-sshd-api-common/target/mina-sshd-api-common/WEB-INF/licenses.xml
[INFO] 
[INFO] --- hpi:3.1795.v6fb_496fc129b_:hpi (default-hpi) @ mina-sshd-api-common ---
[INFO] Generating /tmp/plugin-builds/mina-sshd-api-common/mina-sshd-api-common/target/mina-sshd-api-common/META-INF/MANIFEST.MF
[INFO] Checking for attached .jar artifact ...
[INFO] Generating jar /tmp/plugin-builds/mina-sshd-api-common/mina-sshd-api-common/target/mina-sshd-api-common.jar
[INFO] Building jar: /tmp/plugin-builds/mina-sshd-api-common/mina-sshd-api-common/target/mina-sshd-api-common.jar
[INFO] Exploding webapp...
[INFO] Copy webapp webResources to /tmp/plugin-builds/mina-sshd-api-common/mina-sshd-api-common/target/mina-sshd-api-common
[INFO] Assembling webapp mina-sshd-api-common in /tmp/plugin-builds/mina-sshd-api-common/mina-sshd-api-common/target/mina-sshd-api-common
[INFO] Bundling direct dependency sshd-common-2.16.0.jar
[INFO] Generating hpi /tmp/plugin-builds/mina-sshd-api-common/mina-sshd-api-common/target/mina-sshd-api-common.hpi
[INFO] Building jar: /tmp/plugin-builds/mina-sshd-api-common/mina-sshd-api-common/target/mina-sshd-api-common.hpi
[INFO] 
[INFO] --- jar:3.5.0:test-jar (maybe-test-jar) @ mina-sshd-api-common ---
[INFO] Skipping packaging of the test-jar
[INFO] 
[INFO] >>> spotbugs:4.9.8.2:check (spotbugs) > :spotbugs @ mina-sshd-api-common >>>
[INFO] 
[INFO] --- spotbugs:4.9.8.2:spotbugs (spotbugs) @ mina-sshd-api-common ---
[INFO] Fork Value is true
[INFO] Done SpotBugs Analysis....
[INFO] Skipping com.github.spotbugs:spotbugs-maven-plugin:4.9.8.2:spotbugs report goal
[INFO] 
[INFO] <<< spotbugs:4.9.8.2:check (spotbugs) < :spotbugs @ mina-sshd-api-common <<<
[INFO] 
[INFO] 
[INFO] --- spotbugs:4.9.8.2:check (spotbugs) @ mina-sshd-api-common ---
[INFO] BugInstance size is 0
[INFO] Error size is 0
[INFO] No errors/warnings found
[INFO] 
[INFO] --- spotless:3.1.0:check (default) @ mina-sshd-api-common ---
[INFO] Spotless check skipped
[INFO] 
[INFO] --- install:3.1.4:install (default-install) @ mina-sshd-api-common ---
[INFO] Installing /tmp/plugin-builds/mina-sshd-api-common/mina-sshd-api-common/target/mina-sshd-api-common-2.16.0-999999-SNAPSHOT.pom to /home/runner/.m2/repository/io/jenkins/plugins/mina-sshd-api/mina-sshd-api-common/2.16.0-999999-SNAPSHOT/mina-sshd-api-common-2.16.0-999999-SNAPSHOT.pom
[INFO] Installing /tmp/plugin-builds/mina-sshd-api-common/mina-sshd-api-common/target/mina-sshd-api-common.hpi to /home/runner/.m2/repository/io/jenkins/plugins/mina-sshd-api/mina-sshd-api-common/2.16.0-999999-SNAPSHOT/mina-sshd-api-common-2.16.0-999999-SNAPSHOT.hpi
[INFO] Installing /tmp/plugin-builds/mina-sshd-api-common/mina-sshd-api-common/target/mina-sshd-api-common.jar to /home/runner/.m2/repository/io/jenkins/plugins/mina-sshd-api/mina-sshd-api-common/2.16.0-999999-SNAPSHOT/mina-sshd-api-common-2.16.0-999999-SNAPSHOT.jar
[INFO] 
[INFO] --------< io.jenkins.plugins.mina-sshd-api:mina-sshd-api-core >---------
[INFO] Building Mina SSHD API :: Core 2.16.0-999999-SNAPSHOT              [3/5]
[INFO]   from mina-sshd-api-core/pom.xml
[INFO] --------------------------------[ hpi ]---------------------------------
[INFO] 
[INFO] --- clean:3.5.0:clean (default-clean) @ mina-sshd-api-core ---
[INFO] 
[INFO] --- hpi:3.1795.v6fb_496fc129b_:validate (default-validate) @ mina-sshd-api-core ---
[INFO] Created marker file /tmp/plugin-builds/mina-sshd-api-common/mina-sshd-api-core/target/java-level/17
[INFO] 
[INFO] --- hpi:3.1795.v6fb_496fc129b_:validate-hpi (default-validate-hpi) @ mina-sshd-api-core ---
[INFO] 
[INFO] --- enforcer:3.6.2:enforce (display-info) @ mina-sshd-api-core ---
[INFO] Rule 3: org.apache.maven.enforcer.rules.RequirePluginVersions passed
[INFO] Rule 4: org.codehaus.mojo.extraenforcer.dependencies.EnforceBytecodeVersion passed
[INFO] Rule 5: org.apache.maven.enforcer.rules.dependency.BannedDependencies passed
[INFO] Rule 6: org.apache.maven.enforcer.rules.dependency.BannedDependencies passed
[INFO] Rule 7: org.apache.maven.enforcer.rules.dependency.RequireUpperBoundDeps passed
[INFO] 
[INFO] --- enforcer:3.6.2:enforce (no-snapshots-in-release) @ mina-sshd-api-core ---
[INFO] Rule 0: org.apache.maven.enforcer.rules.dependency.RequireReleaseDeps passed
[INFO] 
[INFO] --- localizer:1.31:generate (default) @ mina-sshd-api-core ---
[INFO] 
[INFO] --- enforcer:3.6.2:enforce (check-junit-imports) @ mina-sshd-api-core ---
[INFO] Skipping Rule Enforcement.
[INFO] 
[INFO] --- resources:3.4.0:resources (default-resources) @ mina-sshd-api-core ---
[INFO] Copying 1 resource from src/main/resources to target/classes
[INFO] 
[INFO] --- flatten:1.7.3:flatten (flatten) @ mina-sshd-api-core ---
[INFO] Generating flattened POM of project io.jenkins.plugins.mina-sshd-api:mina-sshd-api-core:hpi:2.16.0-999999-SNAPSHOT...
[INFO] 
[INFO] --- compiler:3.14.1:compile (default-compile) @ mina-sshd-api-core ---
[INFO] Recompiling the module because of changed dependency.
[INFO] Compiling 2 source files with javac [debug parameters release 17] to target/classes
[INFO] io.jenkins.plugins.mina_sshd_api.core.authenticators.MinaSSHPasswordKeyAuthenticator.Factory indexed under hudson.Extension
[INFO] io.jenkins.plugins.mina_sshd_api.core.authenticators.MinaSSHPublicKeyAuthenticator.Factory indexed under hudson.Extension
[INFO] 
[INFO] --- access-modifier-checker:1.35:enforce (default-enforce) @ mina-sshd-api-core ---
[INFO] 
[INFO] --- bridge-method-injector:1.32:process (default) @ mina-sshd-api-core ---
[INFO] 
[INFO] --- hpi:3.1795.v6fb_496fc129b_:insert-test (default-insert-test) @ mina-sshd-api-core ---
[INFO] 
[INFO] --- antrun:3.2.0:run (createTempDir) @ mina-sshd-api-core ---
[INFO] Executing tasks
[INFO]     [mkdir] Created dir: /tmp/plugin-builds/mina-sshd-api-common/mina-sshd-api-core/target/tmp
[INFO] Executed tasks
[INFO] 
[INFO] --- resources:3.4.0:testResources (default-testResources) @ mina-sshd-api-core ---
[INFO] Not copying test resources
[INFO] 
[INFO] --- compiler:3.14.1:testCompile (default-testCompile) @ mina-sshd-api-core ---
[INFO] Not compiling test sources
[INFO] 
[INFO] --- hpi:3.1795.v6fb_496fc129b_:test-hpl (default-test-hpl) @ mina-sshd-api-core ---
[INFO] Generating /tmp/plugin-builds/mina-sshd-api-common/mina-sshd-api-core/target/test-classes/the.hpl
[INFO] 
[INFO] --- hpi:3.1795.v6fb_496fc129b_:resolve-test-dependencies (default-resolve-test-dependencies) @ mina-sshd-api-core ---
[INFO] 
[INFO] --- hpi:3.1795.v6fb_496fc129b_:test-runtime (default-test-runtime) @ mina-sshd-api-core ---
[INFO] Tests are skipped.
[INFO] 
[INFO] --- surefire:3.5.4:test (default-test) @ mina-sshd-api-core ---
[INFO] Tests are skipped.
[INFO] 
[INFO] --- license:184.v19c87b_6b_a_9a_c:process (default) @ mina-sshd-api-core ---
[INFO] Generated /tmp/plugin-builds/mina-sshd-api-common/mina-sshd-api-core/target/mina-sshd-api-core/WEB-INF/licenses.xml
[INFO] 
[INFO] --- hpi:3.1795.v6fb_496fc129b_:hpi (default-hpi) @ mina-sshd-api-core ---
[INFO] Generating /tmp/plugin-builds/mina-sshd-api-common/mina-sshd-api-core/target/mina-sshd-api-core/META-INF/MANIFEST.MF
[INFO] Checking for attached .jar artifact ...
[INFO] Generating jar /tmp/plugin-builds/mina-sshd-api-common/mina-sshd-api-core/target/mina-sshd-api-core.jar
[INFO] Building jar: /tmp/plugin-builds/mina-sshd-api-common/mina-sshd-api-core/target/mina-sshd-api-core.jar
[INFO] Exploding webapp...
[INFO] Copy webapp webResources to /tmp/plugin-builds/mina-sshd-api-common/mina-sshd-api-core/target/mina-sshd-api-core
[INFO] Assembling webapp mina-sshd-api-core in /tmp/plugin-builds/mina-sshd-api-common/mina-sshd-api-core/target/mina-sshd-api-core
[INFO] Bundling direct dependency mina-core-2.2.4.jar
[INFO] Bundling direct dependency sshd-core-2.16.0.jar
[INFO] Bundling direct dependency sshd-mina-2.16.0.jar
[INFO] Generating hpi /tmp/plugin-builds/mina-sshd-api-common/mina-sshd-api-core/target/mina-sshd-api-core.hpi
[INFO] Building jar: /tmp/plugin-builds/mina-sshd-api-common/mina-sshd-api-core/target/mina-sshd-api-core.hpi
[INFO] 
[INFO] --- jar:3.5.0:test-jar (maybe-test-jar) @ mina-sshd-api-core ---
[INFO] Skipping packaging of the test-jar
[INFO] 
[INFO] >>> spotbugs:4.9.8.2:check (spotbugs) > :spotbugs @ mina-sshd-api-core >>>
[INFO] 
[INFO] --- spotbugs:4.9.8.2:spotbugs (spotbugs) @ mina-sshd-api-core ---
[INFO] Fork Value is true
[INFO] Done SpotBugs Analysis....
[INFO] Skipping com.github.spotbugs:spotbugs-maven-plugin:4.9.8.2:spotbugs report goal
[INFO] 
[INFO] <<< spotbugs:4.9.8.2:check (spotbugs) < :spotbugs @ mina-sshd-api-core <<<
[INFO] 
[INFO] 
[INFO] --- spotbugs:4.9.8.2:check (spotbugs) @ mina-sshd-api-core ---
[INFO] BugInstance size is 0
[INFO] Error size is 0
[INFO] No errors/warnings found
[INFO] 
[INFO] --- spotless:3.1.0:check (default) @ mina-sshd-api-core ---
[INFO] Spotless check skipped
[INFO] 
[INFO] --- install:3.1.4:install (default-install) @ mina-sshd-api-core ---
[INFO] Installing /tmp/plugin-builds/mina-sshd-api-common/mina-sshd-api-core/target/mina-sshd-api-core-2.16.0-999999-SNAPSHOT.pom to /home/runner/.m2/repository/io/jenkins/plugins/mina-sshd-api/mina-sshd-api-core/2.16.0-999999-SNAPSHOT/mina-sshd-api-core-2.16.0-999999-SNAPSHOT.pom
[INFO] Installing /tmp/plugin-builds/mina-sshd-api-common/mina-sshd-api-core/target/mina-sshd-api-core.hpi to /home/runner/.m2/repository/io/jenkins/plugins/mina-sshd-api/mina-sshd-api-core/2.16.0-999999-SNAPSHOT/mina-sshd-api-core-2.16.0-999999-SNAPSHOT.hpi
[INFO] Installing /tmp/plugin-builds/mina-sshd-api-common/mina-sshd-api-core/target/mina-sshd-api-core.jar to /home/runner/.m2/repository/io/jenkins/plugins/mina-sshd-api/mina-sshd-api-core/2.16.0-999999-SNAPSHOT/mina-sshd-api-core-2.16.0-999999-SNAPSHOT.jar
[INFO] 
[INFO] ---------< io.jenkins.plugins.mina-sshd-api:mina-sshd-api-scp >---------
[INFO] Building Mina SSHD API :: SCP 2.16.0-999999-SNAPSHOT               [4/5]
[INFO]   from mina-sshd-api-scp/pom.xml
[INFO] --------------------------------[ hpi ]---------------------------------
[INFO] 
[INFO] --- clean:3.5.0:clean (default-clean) @ mina-sshd-api-scp ---
[INFO] 
[INFO] --- hpi:3.1795.v6fb_496fc129b_:validate (default-validate) @ mina-sshd-api-scp ---
[INFO] Created marker file /tmp/plugin-builds/mina-sshd-api-common/mina-sshd-api-scp/target/java-level/17
[INFO] 
[INFO] --- hpi:3.1795.v6fb_496fc129b_:validate-hpi (default-validate-hpi) @ mina-sshd-api-scp ---
[INFO] 
[INFO] --- enforcer:3.6.2:enforce (display-info) @ mina-sshd-api-scp ---
[INFO] Rule 3: org.apache.maven.enforcer.rules.RequirePluginVersions passed
[INFO] Rule 4: org.codehaus.mojo.extraenforcer.dependencies.EnforceBytecodeVersion passed
[INFO] Rule 5: org.apache.maven.enforcer.rules.dependency.BannedDependencies passed
[INFO] Rule 6: org.apache.maven.enforcer.rules.dependency.BannedDependencies passed
[INFO] Rule 7: org.apache.maven.enforcer.rules.dependency.RequireUpperBoundDeps passed
[INFO] 
[INFO] --- enforcer:3.6.2:enforce (no-snapshots-in-release) @ mina-sshd-api-scp ---
[INFO] Rule 0: org.apache.maven.enforcer.rules.dependency.RequireReleaseDeps passed
[INFO] 
[INFO] --- localizer:1.31:generate (default) @ mina-sshd-api-scp ---
[INFO] 
[INFO] --- enforcer:3.6.2:enforce (check-junit-imports) @ mina-sshd-api-scp ---
[INFO] Skipping Rule Enforcement.
[INFO] 
[INFO] --- resources:3.4.0:resources (default-resources) @ mina-sshd-api-scp ---
[INFO] Copying 1 resource from src/main/resources to target/classes
[INFO] 
[INFO] --- flatten:1.7.3:flatten (flatten) @ mina-sshd-api-scp ---
[INFO] Generating flattened POM of project io.jenkins.plugins.mina-sshd-api:mina-sshd-api-scp:hpi:2.16.0-999999-SNAPSHOT...
[INFO] 
[INFO] --- compiler:3.14.1:compile (default-compile) @ mina-sshd-api-scp ---
[INFO] Recompiling the module because of changed dependency.
[INFO] 
[INFO] --- access-modifier-checker:1.35:enforce (default-enforce) @ mina-sshd-api-scp ---
[INFO] 
[INFO] --- bridge-method-injector:1.32:process (default) @ mina-sshd-api-scp ---
[INFO] 
[INFO] --- hpi:3.1795.v6fb_496fc129b_:insert-test (default-insert-test) @ mina-sshd-api-scp ---
[INFO] 
[INFO] --- antrun:3.2.0:run (createTempDir) @ mina-sshd-api-scp ---
[INFO] Executing tasks
[INFO]     [mkdir] Created dir: /tmp/plugin-builds/mina-sshd-api-common/mina-sshd-api-scp/target/tmp
[INFO] Executed tasks
[INFO] 
[INFO] --- resources:3.4.0:testResources (default-testResources) @ mina-sshd-api-scp ---
[INFO] Not copying test resources
[INFO] 
[INFO] --- compiler:3.14.1:testCompile (default-testCompile) @ mina-sshd-api-scp ---
[INFO] Not compiling test sources
[INFO] 
[INFO] --- hpi:3.1795.v6fb_496fc129b_:test-hpl (default-test-hpl) @ mina-sshd-api-scp ---
[INFO] Generating /tmp/plugin-builds/mina-sshd-api-common/mina-sshd-api-scp/target/test-classes/the.hpl
[INFO] 
[INFO] --- hpi:3.1795.v6fb_496fc129b_:resolve-test-dependencies (default-resolve-test-dependencies) @ mina-sshd-api-scp ---
[INFO] 
[INFO] --- hpi:3.1795.v6fb_496fc129b_:test-runtime (default-test-runtime) @ mina-sshd-api-scp ---
[INFO] Tests are skipped.
[INFO] 
[INFO] --- surefire:3.5.4:test (default-test) @ mina-sshd-api-scp ---
[INFO] Tests are skipped.
[INFO] 
[INFO] --- license:184.v19c87b_6b_a_9a_c:process (default) @ mina-sshd-api-scp ---
[INFO] Generated /tmp/plugin-builds/mina-sshd-api-common/mina-sshd-api-scp/target/mina-sshd-api-scp/WEB-INF/licenses.xml
[INFO] 
[INFO] --- hpi:3.1795.v6fb_496fc129b_:hpi (default-hpi) @ mina-sshd-api-scp ---
[INFO] Generating /tmp/plugin-builds/mina-sshd-api-common/mina-sshd-api-scp/target/mina-sshd-api-scp/META-INF/MANIFEST.MF
[INFO] Checking for attached .jar artifact ...
[INFO] Generating jar /tmp/plugin-builds/mina-sshd-api-common/mina-sshd-api-scp/target/mina-sshd-api-scp.jar
[INFO] Building jar: /tmp/plugin-builds/mina-sshd-api-common/mina-sshd-api-scp/target/mina-sshd-api-scp.jar
[INFO] Exploding webapp...
[INFO] Copy webapp webResources to /tmp/plugin-builds/mina-sshd-api-common/mina-sshd-api-scp/target/mina-sshd-api-scp
[INFO] Assembling webapp mina-sshd-api-scp in /tmp/plugin-builds/mina-sshd-api-common/mina-sshd-api-scp/target/mina-sshd-api-scp
[INFO] Bundling direct dependency sshd-scp-2.16.0.jar
[INFO] Generating hpi /tmp/plugin-builds/mina-sshd-api-common/mina-sshd-api-scp/target/mina-sshd-api-scp.hpi
[INFO] Building jar: /tmp/plugin-builds/mina-sshd-api-common/mina-sshd-api-scp/target/mina-sshd-api-scp.hpi
[INFO] 
[INFO] --- jar:3.5.0:test-jar (maybe-test-jar) @ mina-sshd-api-scp ---
[INFO] Skipping packaging of the test-jar
[INFO] 
[INFO] >>> spotbugs:4.9.8.2:check (spotbugs) > :spotbugs @ mina-sshd-api-scp >>>
[INFO] 
[INFO] --- spotbugs:4.9.8.2:spotbugs (spotbugs) @ mina-sshd-api-scp ---
[INFO] No files found to run spotbugs; check compile phase has been run.
[INFO] Skipping com.github.spotbugs:spotbugs-maven-plugin:4.9.8.2:spotbugs report goal
[INFO] 
[INFO] <<< spotbugs:4.9.8.2:check (spotbugs) < :spotbugs @ mina-sshd-api-scp <<<
[INFO] 
[INFO] 
[INFO] --- spotbugs:4.9.8.2:check (spotbugs) @ mina-sshd-api-scp ---
[INFO] 
[INFO] --- spotless:3.1.0:check (default) @ mina-sshd-api-scp ---
[INFO] Spotless check skipped
[INFO] 
[INFO] --- install:3.1.4:install (default-install) @ mina-sshd-api-scp ---
[INFO] Installing /tmp/plugin-builds/mina-sshd-api-common/mina-sshd-api-scp/target/mina-sshd-api-scp-2.16.0-999999-SNAPSHOT.pom to /home/runner/.m2/repository/io/jenkins/plugins/mina-sshd-api/mina-sshd-api-scp/2.16.0-999999-SNAPSHOT/mina-sshd-api-scp-2.16.0-999999-SNAPSHOT.pom
[INFO] Installing /tmp/plugin-builds/mina-sshd-api-common/mina-sshd-api-scp/target/mina-sshd-api-scp.hpi to /home/runner/.m2/repository/io/jenkins/plugins/mina-sshd-api/mina-sshd-api-scp/2.16.0-999999-SNAPSHOT/mina-sshd-api-scp-2.16.0-999999-SNAPSHOT.hpi
[INFO] Installing /tmp/plugin-builds/mina-sshd-api-common/mina-sshd-api-scp/target/mina-sshd-api-scp.jar to /home/runner/.m2/repository/io/jenkins/plugins/mina-sshd-api/mina-sshd-api-scp/2.16.0-999999-SNAPSHOT/mina-sshd-api-scp-2.16.0-999999-SNAPSHOT.jar
[INFO] 
[INFO] --------< io.jenkins.plugins.mina-sshd-api:mina-sshd-api-sftp >---------
[INFO] Building Mina SSHD API :: SFTP 2.16.0-999999-SNAPSHOT              [5/5]
[INFO]   from mina-sshd-api-sftp/pom.xml
[INFO] --------------------------------[ hpi ]---------------------------------
[INFO] 
[INFO] --- clean:3.5.0:clean (default-clean) @ mina-sshd-api-sftp ---
[INFO] 
[INFO] --- hpi:3.1795.v6fb_496fc129b_:validate (default-validate) @ mina-sshd-api-sftp ---
[INFO] Created marker file /tmp/plugin-builds/mina-sshd-api-common/mina-sshd-api-sftp/target/java-level/17
[INFO] 
[INFO] --- hpi:3.1795.v6fb_496fc129b_:validate-hpi (default-validate-hpi) @ mina-sshd-api-sftp ---
[INFO] 
[INFO] --- enforcer:3.6.2:enforce (display-info) @ mina-sshd-api-sftp ---
[INFO] Rule 3: org.apache.maven.enforcer.rules.RequirePluginVersions passed
[INFO] Rule 4: org.codehaus.mojo.extraenforcer.dependencies.EnforceBytecodeVersion passed
[INFO] Rule 5: org.apache.maven.enforcer.rules.dependency.BannedDependencies passed
[INFO] Rule 6: org.apache.maven.enforcer.rules.dependency.BannedDependencies passed
[INFO] Rule 7: org.apache.maven.enforcer.rules.dependency.RequireUpperBoundDeps passed
[INFO] 
[INFO] --- enforcer:3.6.2:enforce (no-snapshots-in-release) @ mina-sshd-api-sftp ---
[INFO] Rule 0: org.apache.maven.enforcer.rules.dependency.RequireReleaseDeps passed
[INFO] 
[INFO] --- localizer:1.31:generate (default) @ mina-sshd-api-sftp ---
[INFO] 
[INFO] --- enforcer:3.6.2:enforce (check-junit-imports) @ mina-sshd-api-sftp ---
[INFO] Skipping Rule Enforcement.
[INFO] 
[INFO] --- resources:3.4.0:resources (default-resources) @ mina-sshd-api-sftp ---
[INFO] Copying 1 resource from src/main/resources to target/classes
[INFO] 
[INFO] --- flatten:1.7.3:flatten (flatten) @ mina-sshd-api-sftp ---
[INFO] Generating flattened POM of project io.jenkins.plugins.mina-sshd-api:mina-sshd-api-sftp:hpi:2.16.0-999999-SNAPSHOT...
[INFO] 
[INFO] --- compiler:3.14.1:compile (default-compile) @ mina-sshd-api-sftp ---
[INFO] Recompiling the module because of changed dependency.
[INFO] 
[INFO] --- access-modifier-checker:1.35:enforce (default-enforce) @ mina-sshd-api-sftp ---
[INFO] 
[INFO] --- bridge-method-injector:1.32:process (default) @ mina-sshd-api-sftp ---
[INFO] 
[INFO] --- hpi:3.1795.v6fb_496fc129b_:insert-test (default-insert-test) @ mina-sshd-api-sftp ---
[INFO] 
[INFO] --- antrun:3.2.0:run (createTempDir) @ mina-sshd-api-sftp ---
[INFO] Executing tasks
[INFO]     [mkdir] Created dir: /tmp/plugin-builds/mina-sshd-api-common/mina-sshd-api-sftp/target/tmp
[INFO] Executed tasks
[INFO] 
[INFO] --- resources:3.4.0:testResources (default-testResources) @ mina-sshd-api-sftp ---
[INFO] Not copying test resources
[INFO] 
[INFO] --- compiler:3.14.1:testCompile (default-testCompile) @ mina-sshd-api-sftp ---
[INFO] Not compiling test sources
[INFO] 
[INFO] --- hpi:3.1795.v6fb_496fc129b_:test-hpl (default-test-hpl) @ mina-sshd-api-sftp ---
[INFO] Generating /tmp/plugin-builds/mina-sshd-api-common/mina-sshd-api-sftp/target/test-classes/the.hpl
[INFO] 
[INFO] --- hpi:3.1795.v6fb_496fc129b_:resolve-test-dependencies (default-resolve-test-dependencies) @ mina-sshd-api-sftp ---
[INFO] 
[INFO] --- hpi:3.1795.v6fb_496fc129b_:test-runtime (default-test-runtime) @ mina-sshd-api-sftp ---
[INFO] Tests are skipped.
[INFO] 
[INFO] --- surefire:3.5.4:test (default-test) @ mina-sshd-api-sftp ---
[INFO] Tests are skipped.
[INFO] 
[INFO] --- license:184.v19c87b_6b_a_9a_c:process (default) @ mina-sshd-api-sftp ---
[INFO] Generated /tmp/plugin-builds/mina-sshd-api-common/mina-sshd-api-sftp/target/mina-sshd-api-sftp/WEB-INF/licenses.xml
[INFO] 
[INFO] --- hpi:3.1795.v6fb_496fc129b_:hpi (default-hpi) @ mina-sshd-api-sftp ---
[INFO] Generating /tmp/plugin-builds/mina-sshd-api-common/mina-sshd-api-sftp/target/mina-sshd-api-sftp/META-INF/MANIFEST.MF
[INFO] Checking for attached .jar artifact ...
[INFO] Generating jar /tmp/plugin-builds/mina-sshd-api-common/mina-sshd-api-sftp/target/mina-sshd-api-sftp.jar
[INFO] Building jar: /tmp/plugin-builds/mina-sshd-api-common/mina-sshd-api-sftp/target/mina-sshd-api-sftp.jar
[INFO] Exploding webapp...
[INFO] Copy webapp webResources to /tmp/plugin-builds/mina-sshd-api-common/mina-sshd-api-sftp/target/mina-sshd-api-sftp
[INFO] Assembling webapp mina-sshd-api-sftp in /tmp/plugin-builds/mina-sshd-api-common/mina-sshd-api-sftp/target/mina-sshd-api-sftp
[INFO] Bundling direct dependency sshd-sftp-2.16.0.jar
[INFO] Generating hpi /tmp/plugin-builds/mina-sshd-api-common/mina-sshd-api-sftp/target/mina-sshd-api-sftp.hpi
[INFO] Building jar: /tmp/plugin-builds/mina-sshd-api-common/mina-sshd-api-sftp/target/mina-sshd-api-sftp.hpi
[INFO] 
[INFO] --- jar:3.5.0:test-jar (maybe-test-jar) @ mina-sshd-api-sftp ---
[INFO] Skipping packaging of the test-jar
[INFO] 
[INFO] >>> spotbugs:4.9.8.2:check (spotbugs) > :spotbugs @ mina-sshd-api-sftp >>>
[INFO] 
[INFO] --- spotbugs:4.9.8.2:spotbugs (spotbugs) @ mina-sshd-api-sftp ---
[INFO] No files found to run spotbugs; check compile phase has been run.
[INFO] Skipping com.github.spotbugs:spotbugs-maven-plugin:4.9.8.2:spotbugs report goal
[INFO] 
[INFO] <<< spotbugs:4.9.8.2:check (spotbugs) < :spotbugs @ mina-sshd-api-sftp <<<
[INFO] 
[INFO] 
[INFO] --- spotbugs:4.9.8.2:check (spotbugs) @ mina-sshd-api-sftp ---
[INFO] 
[INFO] --- spotless:3.1.0:check (default) @ mina-sshd-api-sftp ---
[INFO] Spotless check skipped
[INFO] 
[INFO] --- install:3.1.4:install (default-install) @ mina-sshd-api-sftp ---
[INFO] Installing /tmp/plugin-builds/mina-sshd-api-common/mina-sshd-api-sftp/target/mina-sshd-api-sftp-2.16.0-999999-SNAPSHOT.pom to /home/runner/.m2/repository/io/jenkins/plugins/mina-sshd-api/mina-sshd-api-sftp/2.16.0-999999-SNAPSHOT/mina-sshd-api-sftp-2.16.0-999999-SNAPSHOT.pom
[INFO] Installing /tmp/plugin-builds/mina-sshd-api-common/mina-sshd-api-sftp/target/mina-sshd-api-sftp.hpi to /home/runner/.m2/repository/io/jenkins/plugins/mina-sshd-api/mina-sshd-api-sftp/2.16.0-999999-SNAPSHOT/mina-sshd-api-sftp-2.16.0-999999-SNAPSHOT.hpi
[INFO] Installing /tmp/plugin-builds/mina-sshd-api-common/mina-sshd-api-sftp/target/mina-sshd-api-sftp.jar to /home/runner/.m2/repository/io/jenkins/plugins/mina-sshd-api/mina-sshd-api-sftp/2.16.0-999999-SNAPSHOT/mina-sshd-api-sftp-2.16.0-999999-SNAPSHOT.jar
[INFO] ------------------------------------------------------------------------
[INFO] Reactor Summary for Mina SSHD API :: Parent 2.16.0-999999-SNAPSHOT:
[INFO] 
[INFO] Mina SSHD API :: Parent ............................ SUCCESS [  3.429 s]
[INFO] Mina SSHD API :: Common ............................ SUCCESS [  7.102 s]
[INFO] Mina SSHD API :: Core .............................. SUCCESS [  7.467 s]
[INFO] Mina SSHD API :: SCP ............................... SUCCESS [  2.551 s]
[INFO] Mina SSHD API :: SFTP .............................. SUCCESS [  2.088 s]
[INFO] ------------------------------------------------------------------------
[INFO] BUILD SUCCESS
[INFO] ------------------------------------------------------------------------
[INFO] Total time:  24.359 s
[INFO] Finished at: 2026-01-20T02:27:13Z
[INFO] ------------------------------------------------------------------------
