WARNING: A restricted method in java.lang.System has been called
WARNING: java.lang.System::load has been called by org.fusesource.jansi.internal.JansiLoader in an unnamed module (file:/home/poddingue/.sdkman/candidates/maven/current/lib/jansi-2.4.1.jar)
WARNING: Use --enable-native-access=ALL-UNNAMED to avoid a warning for callers in this module
WARNING: Restricted methods will be blocked in a future release unless native access is enabled

WARNING: A terminally deprecated method in sun.misc.Unsafe has been called
WARNING: sun.misc.Unsafe::objectFieldOffset has been called by com.google.common.util.concurrent.AbstractFuture$UnsafeAtomicHelper (file:/home/poddingue/.sdkman/candidates/maven/current/lib/guava-33.2.1-jre.jar)
WARNING: Please consider reporting this to the maintainers of class com.google.common.util.concurrent.AbstractFuture$UnsafeAtomicHelper
WARNING: sun.misc.Unsafe::objectFieldOffset will be removed in a future release
[INFO] Scanning for projects...
[INFO] 
[INFO] -------------------< org.jenkins-ci.plugins:msbuild >-------------------
[INFO] Building Jenkins MSBuild Plugin 1.37-SNAPSHOT
[INFO]   from pom.xml
[INFO] --------------------------------[ hpi ]---------------------------------
[INFO] 
[INFO] --- clean:3.4.1:clean (default-clean) @ msbuild ---
[INFO] 
[INFO] --- hpi:3.65:validate (default-validate) @ msbuild ---
[INFO] Created marker file /tmp/plugin-builds/msbuild/target/java-level/17
[INFO] 
[INFO] --- hpi:3.65:validate-hpi (default-validate-hpi) @ msbuild ---
[INFO] 
[INFO] --- enforcer:3.5.0:enforce (display-info) @ msbuild ---
[INFO] Rule 0: org.apache.maven.enforcer.rules.version.RequireMavenVersion passed
[INFO] Rule 1: org.apache.maven.enforcer.rules.version.RequireJavaVersion passed
[INFO] Rule 2: org.codehaus.mojo.extraenforcer.dependencies.EnforceBytecodeVersion passed
[INFO] Rule 3: org.apache.maven.enforcer.rules.dependency.BannedDependencies passed
[INFO] Rule 4: org.apache.maven.enforcer.rules.dependency.BannedDependencies passed
[INFO] Rule 5: org.apache.maven.enforcer.rules.dependency.RequireUpperBoundDeps passed
[INFO] 
[INFO] --- enforcer:3.5.0:enforce (no-snapshots-in-release) @ msbuild ---
[INFO] Rule 0: org.apache.maven.enforcer.rules.dependency.RequireReleaseDeps passed
[INFO] 
[INFO] --- localizer:1.31:generate (default) @ msbuild ---
[INFO] 
[INFO] --- resources:3.3.1:resources (default-resources) @ msbuild ---
[INFO] Copying 56 resources from src/main/resources to target/classes
[INFO] 
[INFO] --- compiler:3.14.0:compile (default-compile) @ msbuild ---
[INFO] Recompiling the module because of changed source code.
[INFO] Compiling 9 source files with javac [debug parameters release 17] to target/classes
[INFO] hudson.plugins.msbuild.MSBuildErrorNote.DescriptorImpl indexed under hudson.Extension
[INFO] hudson.plugins.msbuild.MsBuildBuilder.DescriptorImpl indexed under hudson.Extension
[INFO] hudson.plugins.msbuild.MsBuildInstallation.DescriptorImpl indexed under hudson.Extension
[INFO] hudson.plugins.msbuild.MsBuildInstaller.DescriptorImpl indexed under hudson.Extension
[INFO] hudson.plugins.msbuild.MsBuildKillingVeto indexed under hudson.Extension
[INFO] /tmp/plugin-builds/msbuild/src/main/java/hudson/plugins/msbuild/MsBuildBuilder.java:[182,12] Generating hudson/plugins/msbuild/MsBuildBuilder.stapler
[INFO] /tmp/plugin-builds/msbuild/src/main/java/hudson/plugins/msbuild/MsBuildInstallation.java:[59,12] Generating hudson/plugins/msbuild/MsBuildInstallation.stapler
[INFO] /tmp/plugin-builds/msbuild/src/main/java/hudson/plugins/msbuild/MsBuildInstaller.java:[52,12] Generating hudson/plugins/msbuild/MsBuildInstaller.stapler
[INFO] 
[INFO] --- access-modifier-checker:1.35:enforce (default-enforce) @ msbuild ---
[INFO] Skipping access modifier checks
[INFO] 
[INFO] --- bridge-method-injector:1.31:process (default) @ msbuild ---
[INFO] 
[INFO] --- hpi:3.65:insert-test (default-insert-test) @ msbuild ---
[INFO] 
[INFO] --- antrun:3.1.0:run (createTempDir) @ msbuild ---
[INFO] Executing tasks
[INFO]     [mkdir] Created dir: /tmp/plugin-builds/msbuild/target/tmp
[INFO] Executed tasks
[INFO] 
[INFO] --- resources:3.3.1:testResources (default-testResources) @ msbuild ---
[INFO] Not copying test resources
[INFO] 
[INFO] --- compiler:3.14.0:testCompile (default-testCompile) @ msbuild ---
[INFO] Not compiling test sources
[INFO] 
[INFO] --- hpi:3.65:test-hpl (default-test-hpl) @ msbuild ---
[INFO] Generating /tmp/plugin-builds/msbuild/target/test-classes/the.hpl
[INFO] 
[INFO] --- hpi:3.65:resolve-test-dependencies (default-resolve-test-dependencies) @ msbuild ---
[INFO] 
[INFO] --- hpi:3.65:test-runtime (default-test-runtime) @ msbuild ---
[INFO] Tests are skipped.
[INFO] 
[INFO] --- surefire:3.5.3:test (default-test) @ msbuild ---
[INFO] Tests are skipped.
[INFO] 
[INFO] --- license:165.v7e11f4e4a_325:process (default) @ msbuild ---
[INFO] 
[INFO] --- hpi:3.65:hpi (default-hpi) @ msbuild ---
[INFO] Generating /tmp/plugin-builds/msbuild/target/msbuild/META-INF/MANIFEST.MF
[INFO] Checking for attached .jar artifact ...
[INFO] Generating jar /tmp/plugin-builds/msbuild/target/msbuild.jar
[INFO] Building jar: /tmp/plugin-builds/msbuild/target/msbuild.jar
[INFO] Exploding webapp...
[INFO] Copy webapp webResources to /tmp/plugin-builds/msbuild/target/msbuild
[INFO] Assembling webapp msbuild in /tmp/plugin-builds/msbuild/target/msbuild
[INFO] Generating hpi /tmp/plugin-builds/msbuild/target/msbuild.hpi
[INFO] Building jar: /tmp/plugin-builds/msbuild/target/msbuild.hpi
[INFO] 
[INFO] --- jar:3.4.2:test-jar (maybe-test-jar) @ msbuild ---
[INFO] Skipping packaging of the test-jar
[INFO] 
[INFO] >>> spotbugs:4.9.3.0:check (spotbugs) > :spotbugs @ msbuild >>>
[INFO] 
[INFO] --- spotbugs:4.9.3.0:spotbugs (spotbugs) @ msbuild ---
[INFO] Skipping com.github.spotbugs:spotbugs-maven-plugin:4.9.3.0:spotbugs report goal
[INFO] 
[INFO] <<< spotbugs:4.9.3.0:check (spotbugs) < :spotbugs @ msbuild <<<
[INFO] 
[INFO] 
[INFO] --- spotbugs:4.9.3.0:check (spotbugs) @ msbuild ---
[INFO] Spotbugs plugin skipped
[INFO] 
[INFO] --- spotless:2.44.4:check (default) @ msbuild ---
[INFO] Spotless check skipped
[INFO] 
[INFO] --- install:3.1.4:install (default-install) @ msbuild ---
[INFO] Installing /tmp/plugin-builds/msbuild/pom.xml to /home/poddingue/.m2/repository/org/jenkins-ci/plugins/msbuild/1.37-SNAPSHOT/msbuild-1.37-SNAPSHOT.pom
[INFO] Installing /tmp/plugin-builds/msbuild/target/msbuild.hpi to /home/poddingue/.m2/repository/org/jenkins-ci/plugins/msbuild/1.37-SNAPSHOT/msbuild-1.37-SNAPSHOT.hpi
[INFO] Installing /tmp/plugin-builds/msbuild/target/msbuild.jar to /home/poddingue/.m2/repository/org/jenkins-ci/plugins/msbuild/1.37-SNAPSHOT/msbuild-1.37-SNAPSHOT.jar
[INFO] ------------------------------------------------------------------------
[INFO] BUILD SUCCESS
[INFO] ------------------------------------------------------------------------
[INFO] Total time:  8.836 s
[INFO] Finished at: 2025-06-23T09:11:13+02:00
[INFO] ------------------------------------------------------------------------
