WARNING: A restricted method in java.lang.System has been called
WARNING: java.lang.System::load has been called by org.fusesource.jansi.internal.JansiLoader in an unnamed module (file:/home/poddingue/.sdkman/candidates/maven/current/lib/jansi-2.4.1.jar)
WARNING: Use --enable-native-access=ALL-UNNAMED to avoid a warning for callers in this module
WARNING: Restricted methods will be blocked in a future release unless native access is enabled

WARNING: A terminally deprecated method in sun.misc.Unsafe has been called
WARNING: sun.misc.Unsafe::objectFieldOffset has been called by com.google.common.util.concurrent.AbstractFuture$UnsafeAtomicHelper (file:/home/poddingue/.sdkman/candidates/maven/current/lib/guava-33.2.1-jre.jar)
WARNING: Please consider reporting this to the maintainers of class com.google.common.util.concurrent.AbstractFuture$UnsafeAtomicHelper
WARNING: sun.misc.Unsafe::objectFieldOffset will be removed in a future release
[INFO] Scanning for projects...
[INFO] 
[INFO] -------------< org.jenkins-ci.plugins:nodelabelparameter >--------------
[INFO] Building Node and Label parameter plugin 999999-SNAPSHOT
[INFO]   from pom.xml
[INFO] --------------------------------[ hpi ]---------------------------------
[INFO] 
[INFO] --- clean:3.4.1:clean (default-clean) @ nodelabelparameter ---
[INFO] 
[INFO] --- hpi:3.65:validate (default-validate) @ nodelabelparameter ---
[INFO] Created marker file /tmp/plugin-builds/nodelabelparameter/target/java-level/17
[INFO] 
[INFO] --- hpi:3.65:validate-hpi (default-validate-hpi) @ nodelabelparameter ---
[INFO] 
[INFO] --- enforcer:3.5.0:enforce (display-info) @ nodelabelparameter ---
[INFO] Rule 0: io.jenkins.tools.incrementals.enforcer.RequireExtensionVersion passed
[INFO] Rule 1: org.apache.maven.enforcer.rules.version.RequireMavenVersion passed
[INFO] Rule 2: org.apache.maven.enforcer.rules.version.RequireJavaVersion passed
[INFO] Rule 3: org.codehaus.mojo.extraenforcer.dependencies.EnforceBytecodeVersion passed
[INFO] Rule 4: org.apache.maven.enforcer.rules.dependency.BannedDependencies passed
[INFO] Rule 5: org.apache.maven.enforcer.rules.dependency.BannedDependencies passed
[INFO] Ignoring requireUpperBoundDeps in org.ow2.asm:asm
[INFO] Rule 6: org.apache.maven.enforcer.rules.dependency.RequireUpperBoundDeps passed
[INFO] 
[INFO] --- enforcer:3.5.0:enforce (no-snapshots-in-release) @ nodelabelparameter ---
[INFO] Rule 0: org.apache.maven.enforcer.rules.dependency.RequireReleaseDeps passed
[INFO] 
[INFO] --- localizer:1.31:generate (default) @ nodelabelparameter ---
[INFO] 
[INFO] --- resources:3.3.1:resources (default-resources) @ nodelabelparameter ---
[INFO] Copying 34 resources from src/main/resources to target/classes
[INFO] 
[INFO] --- flatten:1.7.0:flatten (flatten) @ nodelabelparameter ---
[INFO] Generating flattened POM of project org.jenkins-ci.plugins:nodelabelparameter:hpi:999999-SNAPSHOT...
[INFO] 
[INFO] --- compiler:3.14.0:compile (default-compile) @ nodelabelparameter ---
[INFO] Recompiling the module because of changed source code.
[INFO] Compiling 19 source files with javac [debug parameters release 17] to target/classes
[INFO] org.jvnet.jenkins.plugins.nodelabelparameter.LabelParameterDefinition.DescriptorImpl indexed under hudson.Extension
[INFO] org.jvnet.jenkins.plugins.nodelabelparameter.NodeParameterDefinition.DescriptorImpl indexed under hudson.Extension
[INFO] org.jvnet.jenkins.plugins.nodelabelparameter.node.AllNodeEligibility.Descriptor indexed under hudson.Extension
[INFO] org.jvnet.jenkins.plugins.nodelabelparameter.node.IgnoreOfflineNodeEligibility.Descriptor indexed under hudson.Extension
[INFO] org.jvnet.jenkins.plugins.nodelabelparameter.node.IgnoreTempOfflineNodeEligibility.Descriptor indexed under hudson.Extension
[INFO] org.jvnet.jenkins.plugins.nodelabelparameter.parameterizedtrigger.AllNodesBuildParameterFactory.DescriptorImpl indexed under hudson.Extension
[INFO] org.jvnet.jenkins.plugins.nodelabelparameter.parameterizedtrigger.AllNodesForLabelBuildParameterFactory.DescriptorImpl indexed under hudson.Extension
[INFO] org.jvnet.jenkins.plugins.nodelabelparameter.parameterizedtrigger.NodeLabelBuildParameter.DescriptorImpl indexed under hudson.Extension
[INFO] org.jvnet.jenkins.plugins.nodelabelparameter.parameterizedtrigger.NodeListBuildParameterFactory.DescriptorImpl indexed under hudson.Extension
[INFO] /tmp/plugin-builds/nodelabelparameter/src/main/java/org/jvnet/jenkins/plugins/nodelabelparameter/LabelParameterDefinition.java:[55,12] Generating org/jvnet/jenkins/plugins/nodelabelparameter/LabelParameterDefinition.stapler
[INFO] /tmp/plugin-builds/nodelabelparameter/src/main/java/org/jvnet/jenkins/plugins/nodelabelparameter/LabelParameterValue.java:[66,12] Generating org/jvnet/jenkins/plugins/nodelabelparameter/LabelParameterValue.stapler
[INFO] /tmp/plugin-builds/nodelabelparameter/src/main/java/org/jvnet/jenkins/plugins/nodelabelparameter/NodeParameterDefinition.java:[56,12] Generating org/jvnet/jenkins/plugins/nodelabelparameter/NodeParameterDefinition.stapler
[INFO] /tmp/plugin-builds/nodelabelparameter/src/main/java/org/jvnet/jenkins/plugins/nodelabelparameter/NodeParameterValue.java:[27,12] Generating org/jvnet/jenkins/plugins/nodelabelparameter/NodeParameterValue.stapler
[INFO] /tmp/plugin-builds/nodelabelparameter/src/main/java/org/jvnet/jenkins/plugins/nodelabelparameter/node/AllNodeEligibility.java:[16,12] Generating org/jvnet/jenkins/plugins/nodelabelparameter/node/AllNodeEligibility.stapler
[INFO] /tmp/plugin-builds/nodelabelparameter/src/main/java/org/jvnet/jenkins/plugins/nodelabelparameter/node/IgnoreOfflineNodeEligibility.java:[16,12] Generating org/jvnet/jenkins/plugins/nodelabelparameter/node/IgnoreOfflineNodeEligibility.stapler
[INFO] /tmp/plugin-builds/nodelabelparameter/src/main/java/org/jvnet/jenkins/plugins/nodelabelparameter/node/IgnoreTempOfflineNodeEligibility.java:[18,12] Generating org/jvnet/jenkins/plugins/nodelabelparameter/node/IgnoreTempOfflineNodeEligibility.stapler
[INFO] /tmp/plugin-builds/nodelabelparameter/src/main/java/org/jvnet/jenkins/plugins/nodelabelparameter/parameterizedtrigger/AllNodesBuildParameterFactory.java:[25,12] Generating org/jvnet/jenkins/plugins/nodelabelparameter/parameterizedtrigger/AllNodesBuildParameterFactory.stapler
[INFO] /tmp/plugin-builds/nodelabelparameter/src/main/java/org/jvnet/jenkins/plugins/nodelabelparameter/parameterizedtrigger/AllNodesForLabelBuildParameterFactory.java:[37,12] Generating org/jvnet/jenkins/plugins/nodelabelparameter/parameterizedtrigger/AllNodesForLabelBuildParameterFactory.stapler
[INFO] /tmp/plugin-builds/nodelabelparameter/src/main/java/org/jvnet/jenkins/plugins/nodelabelparameter/parameterizedtrigger/NodeLabelBuildParameter.java:[29,12] Generating org/jvnet/jenkins/plugins/nodelabelparameter/parameterizedtrigger/NodeLabelBuildParameter.stapler
[INFO] /tmp/plugin-builds/nodelabelparameter/src/main/java/org/jvnet/jenkins/plugins/nodelabelparameter/parameterizedtrigger/NodeListBuildParameterFactory.java:[37,12] Generating org/jvnet/jenkins/plugins/nodelabelparameter/parameterizedtrigger/NodeListBuildParameterFactory.stapler
[INFO] /tmp/plugin-builds/nodelabelparameter/src/main/java/org/jvnet/jenkins/plugins/nodelabelparameter/LabelParameterValue.java:[34,8] Generating org/jvnet/jenkins/plugins/nodelabelparameter/LabelParameterValue.javadoc
[INFO] /tmp/plugin-builds/nodelabelparameter/src/main/java/org/jvnet/jenkins/plugins/nodelabelparameter/parameterizedtrigger/NodeListBuildParameterFactory.java:[87,41] Generating org/jvnet/jenkins/plugins/nodelabelparameter/parameterizedtrigger/NodeListBuildParameterFactory/DescriptorImpl/doAutoCompleteNodeListString.stapler
[INFO] /tmp/plugin-builds/nodelabelparameter/src/main/java/org/jvnet/jenkins/plugins/nodelabelparameter/parameterizedtrigger/NodeListBuildParameterFactory.java:[98,31] Generating org/jvnet/jenkins/plugins/nodelabelparameter/parameterizedtrigger/NodeListBuildParameterFactory/DescriptorImpl/doCheckNodeListString.stapler
[INFO] /tmp/plugin-builds/nodelabelparameter/src/main/java/org/jvnet/jenkins/plugins/nodelabelparameter/LabelParameterDefinition.java:[157,31] Generating org/jvnet/jenkins/plugins/nodelabelparameter/LabelParameterDefinition/DescriptorImpl/doCheckDefaultValue.stapler
[INFO] /tmp/plugin-builds/nodelabelparameter/src/main/java/org/jvnet/jenkins/plugins/nodelabelparameter/LabelParameterDefinition.java:[140,41] Generating org/jvnet/jenkins/plugins/nodelabelparameter/LabelParameterDefinition/DescriptorImpl/doAutoCompleteDefaultValue.stapler
[INFO] /tmp/plugin-builds/nodelabelparameter/src/main/java/org/jvnet/jenkins/plugins/nodelabelparameter/LabelParameterDefinition.java:[179,31] Generating org/jvnet/jenkins/plugins/nodelabelparameter/LabelParameterDefinition/DescriptorImpl/doListNodesForLabel.stapler
[INFO] /tmp/plugin-builds/nodelabelparameter/src/main/java/org/jvnet/jenkins/plugins/nodelabelparameter/LabelParameterDefinition.java: Some input files use or override a deprecated API.
[INFO] /tmp/plugin-builds/nodelabelparameter/src/main/java/org/jvnet/jenkins/plugins/nodelabelparameter/LabelParameterDefinition.java: Recompile with -Xlint:deprecation for details.
[INFO] 
[INFO] --- access-modifier-checker:1.35:enforce (default-enforce) @ nodelabelparameter ---
[INFO] Skipping access modifier checks
[INFO] 
[INFO] --- bridge-method-injector:1.31:process (default) @ nodelabelparameter ---
[INFO] 
[INFO] --- hpi:3.65:insert-test (default-insert-test) @ nodelabelparameter ---
[INFO] 
[INFO] --- antrun:3.1.0:run (createTempDir) @ nodelabelparameter ---
[INFO] Executing tasks
[INFO]     [mkdir] Created dir: /tmp/plugin-builds/nodelabelparameter/target/tmp
[INFO] Executed tasks
[INFO] 
[INFO] --- resources:3.3.1:testResources (default-testResources) @ nodelabelparameter ---
[INFO] Not copying test resources
[INFO] 
[INFO] --- compiler:3.14.0:testCompile (default-testCompile) @ nodelabelparameter ---
[INFO] Not compiling test sources
[INFO] 
[INFO] --- hpi:3.65:test-hpl (default-test-hpl) @ nodelabelparameter ---
[INFO] Generating /tmp/plugin-builds/nodelabelparameter/target/test-classes/the.hpl
[INFO] 
[INFO] --- hpi:3.65:resolve-test-dependencies (default-resolve-test-dependencies) @ nodelabelparameter ---
[INFO] 
[INFO] --- hpi:3.65:test-runtime (default-test-runtime) @ nodelabelparameter ---
[INFO] Tests are skipped.
[INFO] 
[INFO] --- surefire:3.5.3:test (default-test) @ nodelabelparameter ---
[INFO] Tests are skipped.
[INFO] 
[INFO] --- license:165.v7e11f4e4a_325:process (default) @ nodelabelparameter ---
[INFO] 
[INFO] --- hpi:3.65:hpi (default-hpi) @ nodelabelparameter ---
[INFO] Generating /tmp/plugin-builds/nodelabelparameter/target/nodelabelparameter/META-INF/MANIFEST.MF
[INFO] Checking for attached .jar artifact ...
[INFO] Generating jar /tmp/plugin-builds/nodelabelparameter/target/nodelabelparameter.jar
[INFO] Building jar: /tmp/plugin-builds/nodelabelparameter/target/nodelabelparameter.jar
[INFO] Exploding webapp...
[INFO] Copy webapp webResources to /tmp/plugin-builds/nodelabelparameter/target/nodelabelparameter
[INFO] Assembling webapp nodelabelparameter in /tmp/plugin-builds/nodelabelparameter/target/nodelabelparameter
[INFO] Generating hpi /tmp/plugin-builds/nodelabelparameter/target/nodelabelparameter.hpi
[INFO] Building jar: /tmp/plugin-builds/nodelabelparameter/target/nodelabelparameter.hpi
[INFO] 
[INFO] --- jar:3.4.2:test-jar (maybe-test-jar) @ nodelabelparameter ---
[INFO] Skipping packaging of the test-jar
[INFO] 
[INFO] >>> spotbugs:4.9.3.0:check (spotbugs) > :spotbugs @ nodelabelparameter >>>
[INFO] 
[INFO] --- spotbugs:4.9.3.0:spotbugs (spotbugs) @ nodelabelparameter ---
[INFO] Skipping com.github.spotbugs:spotbugs-maven-plugin:4.9.3.0:spotbugs report goal
[INFO] 
[INFO] <<< spotbugs:4.9.3.0:check (spotbugs) < :spotbugs @ nodelabelparameter <<<
[INFO] 
[INFO] 
[INFO] --- spotbugs:4.9.3.0:check (spotbugs) @ nodelabelparameter ---
[INFO] Spotbugs plugin skipped
[INFO] 
[INFO] --- spotless:2.44.4:check (default) @ nodelabelparameter ---
[INFO] Spotless check skipped
[INFO] 
[INFO] --- install:3.1.4:install (default-install) @ nodelabelparameter ---
[INFO] Installing /tmp/plugin-builds/nodelabelparameter/target/nodelabelparameter-999999-SNAPSHOT.pom to /home/poddingue/.m2/repository/org/jenkins-ci/plugins/nodelabelparameter/999999-SNAPSHOT/nodelabelparameter-999999-SNAPSHOT.pom
[INFO] Installing /tmp/plugin-builds/nodelabelparameter/target/nodelabelparameter.hpi to /home/poddingue/.m2/repository/org/jenkins-ci/plugins/nodelabelparameter/999999-SNAPSHOT/nodelabelparameter-999999-SNAPSHOT.hpi
[INFO] Installing /tmp/plugin-builds/nodelabelparameter/target/nodelabelparameter.jar to /home/poddingue/.m2/repository/org/jenkins-ci/plugins/nodelabelparameter/999999-SNAPSHOT/nodelabelparameter-999999-SNAPSHOT.jar
[INFO] ------------------------------------------------------------------------
[INFO] BUILD SUCCESS
[INFO] ------------------------------------------------------------------------
[INFO] Total time:  10.285 s
[INFO] Finished at: 2025-06-23T09:11:55+02:00
[INFO] ------------------------------------------------------------------------
