WARNING: A restricted method in java.lang.System has been called
WARNING: java.lang.System::load has been called by org.fusesource.jansi.internal.JansiLoader in an unnamed module (file:/home/poddingue/.sdkman/candidates/maven/current/lib/jansi-2.4.1.jar)
WARNING: Use --enable-native-access=ALL-UNNAMED to avoid a warning for callers in this module
WARNING: Restricted methods will be blocked in a future release unless native access is enabled

WARNING: A terminally deprecated method in sun.misc.Unsafe has been called
WARNING: sun.misc.Unsafe::objectFieldOffset has been called by com.google.common.util.concurrent.AbstractFuture$UnsafeAtomicHelper (file:/home/poddingue/.sdkman/candidates/maven/current/lib/guava-33.2.1-jre.jar)
WARNING: Please consider reporting this to the maintainers of class com.google.common.util.concurrent.AbstractFuture$UnsafeAtomicHelper
WARNING: sun.misc.Unsafe::objectFieldOffset will be removed in a future release
[INFO] Scanning for projects...
[INFO] 
[INFO] --------------< org.jenkins-ci.plugins:node-iterator-api >--------------
[INFO] Building Node Iterator API Plugin 999999-SNAPSHOT
[INFO]   from pom.xml
[INFO] --------------------------------[ hpi ]---------------------------------
[INFO] 
[INFO] --- clean:3.4.0:clean (default-clean) @ node-iterator-api ---
[INFO] 
[INFO] --- hpi:3.61:validate (default-validate) @ node-iterator-api ---
[INFO] Created marker file /tmp/plugin-builds/node-iterator-api/target/java-level/17
[INFO] 
[INFO] --- hpi:3.61:validate-hpi (default-validate-hpi) @ node-iterator-api ---
[INFO] 
[INFO] --- enforcer:3.5.0:enforce (display-info) @ node-iterator-api ---
[INFO] Rule 0: io.jenkins.tools.incrementals.enforcer.RequireExtensionVersion passed
[INFO] Rule 1: org.apache.maven.enforcer.rules.version.RequireMavenVersion passed
[INFO] Rule 2: org.apache.maven.enforcer.rules.version.RequireJavaVersion passed
[INFO] Rule 3: org.codehaus.mojo.extraenforcer.dependencies.EnforceBytecodeVersion passed
[INFO] Rule 4: org.apache.maven.enforcer.rules.dependency.BannedDependencies passed
[INFO] Rule 5: org.apache.maven.enforcer.rules.dependency.BannedDependencies passed
[INFO] Rule 6: org.apache.maven.enforcer.rules.dependency.RequireUpperBoundDeps passed
[INFO] 
[INFO] --- enforcer:3.5.0:enforce (no-snapshots-in-release) @ node-iterator-api ---
[INFO] Rule 0: org.apache.maven.enforcer.rules.dependency.RequireReleaseDeps passed
[INFO] 
[INFO] --- localizer:1.31:generate (default) @ node-iterator-api ---
[INFO] 
[INFO] --- resources:3.3.1:resources (default-resources) @ node-iterator-api ---
[INFO] Copying 1 resource from src/main/resources to target/classes
[INFO] 
[INFO] --- flatten:1.6.0:flatten (flatten) @ node-iterator-api ---
[INFO] Generating flattened POM of project org.jenkins-ci.plugins:node-iterator-api:hpi:999999-SNAPSHOT...
[INFO] 
[INFO] --- compiler:3.13.0:compile (default-compile) @ node-iterator-api ---
[INFO] Recompiling the module because of changed source code.
[INFO] Compiling 1 source file with javac [debug parameters release 17] to target/classes
[INFO] 
[INFO] --- access-modifier-checker:1.34:enforce (default-enforce) @ node-iterator-api ---
[INFO] Skipping access modifier checks
[INFO] 
[INFO] --- hpi:3.61:insert-test (default-insert-test) @ node-iterator-api ---
[INFO] 
[INFO] --- antrun:3.1.0:run (createTempDir) @ node-iterator-api ---
[INFO] Executing tasks
[INFO]     [mkdir] Created dir: /tmp/plugin-builds/node-iterator-api/target/tmp
[INFO] Executed tasks
[INFO] 
[INFO] --- resources:3.3.1:testResources (default-testResources) @ node-iterator-api ---
[INFO] skip non existing resourceDirectory /tmp/plugin-builds/node-iterator-api/src/test/resources
[INFO] 
[INFO] --- compiler:3.13.0:testCompile (default-testCompile) @ node-iterator-api ---
[INFO] Recompiling the module because of changed dependency.
[INFO] Compiling 1 source file with javac [debug parameters release 17] to target/test-classes
[INFO] 
[INFO] --- hpi:3.61:test-hpl (default-test-hpl) @ node-iterator-api ---
[INFO] Generating /tmp/plugin-builds/node-iterator-api/target/test-classes/the.hpl
[INFO] 
[INFO] --- hpi:3.61:resolve-test-dependencies (default-resolve-test-dependencies) @ node-iterator-api ---
[INFO] 
[INFO] --- hpi:3.61:test-runtime (default-test-runtime) @ node-iterator-api ---
[INFO] Tests are skipped.
[INFO] 
[INFO] --- surefire:3.5.2:test (default-test) @ node-iterator-api ---
[INFO] Tests are skipped.
[INFO] 
[INFO] --- license:165.v7e11f4e4a_325:process (default) @ node-iterator-api ---
[INFO] 
[INFO] --- hpi:3.61:hpi (default-hpi) @ node-iterator-api ---
[INFO] Generating /tmp/plugin-builds/node-iterator-api/target/node-iterator-api/META-INF/MANIFEST.MF
[INFO] Checking for attached .jar artifact ...
[INFO] Generating jar /tmp/plugin-builds/node-iterator-api/target/node-iterator-api.jar
[INFO] Building jar: /tmp/plugin-builds/node-iterator-api/target/node-iterator-api.jar
[INFO] Exploding webapp...
[INFO] Copy webapp webResources to /tmp/plugin-builds/node-iterator-api/target/node-iterator-api
[INFO] Assembling webapp node-iterator-api in /tmp/plugin-builds/node-iterator-api/target/node-iterator-api
[INFO] Generating hpi /tmp/plugin-builds/node-iterator-api/target/node-iterator-api.hpi
[INFO] Building jar: /tmp/plugin-builds/node-iterator-api/target/node-iterator-api.hpi
[INFO] 
[INFO] --- jar:3.4.2:test-jar (maybe-test-jar) @ node-iterator-api ---
[INFO] Skipping packaging of the test-jar
[INFO] 
[INFO] >>> spotbugs:4.8.3.1:check (spotbugs) > :spotbugs @ node-iterator-api >>>
[INFO] 
[INFO] --- spotbugs:4.8.3.1:spotbugs (spotbugs) @ node-iterator-api ---
[INFO] 
[INFO] <<< spotbugs:4.8.3.1:check (spotbugs) < :spotbugs @ node-iterator-api <<<
[INFO] 
[INFO] 
[INFO] --- spotbugs:4.8.3.1:check (spotbugs) @ node-iterator-api ---
[INFO] Spotbugs plugin skipped
[INFO] 
[INFO] --- spotless:2.44.2:check (default) @ node-iterator-api ---
[INFO] Spotless check skipped
[INFO] 
[INFO] --- install:3.1.3:install (default-install) @ node-iterator-api ---
[INFO] Installing /tmp/plugin-builds/node-iterator-api/target/node-iterator-api-999999-SNAPSHOT.pom to /home/poddingue/.m2/repository/org/jenkins-ci/plugins/node-iterator-api/999999-SNAPSHOT/node-iterator-api-999999-SNAPSHOT.pom
[INFO] Installing /tmp/plugin-builds/node-iterator-api/target/node-iterator-api.hpi to /home/poddingue/.m2/repository/org/jenkins-ci/plugins/node-iterator-api/999999-SNAPSHOT/node-iterator-api-999999-SNAPSHOT.hpi
[INFO] Installing /tmp/plugin-builds/node-iterator-api/target/node-iterator-api.jar to /home/poddingue/.m2/repository/org/jenkins-ci/plugins/node-iterator-api/999999-SNAPSHOT/node-iterator-api-999999-SNAPSHOT.jar
[INFO] ------------------------------------------------------------------------
[INFO] BUILD SUCCESS
[INFO] ------------------------------------------------------------------------
[INFO] Total time:  6.326 s
[INFO] Finished at: 2025-06-22T16:54:33+02:00
[INFO] ------------------------------------------------------------------------
