WARNING: A terminally deprecated method in sun.misc.Unsafe has been called
WARNING: sun.misc.Unsafe::staticFieldBase has been called by com.google.inject.internal.aop.HiddenClassDefiner (file:/usr/share/apache-maven-3.9.11/lib/guice-5.1.0-classes.jar)
WARNING: Please consider reporting this to the maintainers of class com.google.inject.internal.aop.HiddenClassDefiner
WARNING: sun.misc.Unsafe::staticFieldBase will be removed in a future release
[INFO] Scanning for projects...
[INFO] Artifact org.jenkins-ci.tools:maven-hpi-plugin:pom:3.61 is present in the local repository, but cached from a remote repository ID that is unavailable in current build context, verifying that is downloadable from [incrementals (https://repo.jenkins-ci.org/incrementals/, default, releases), central (https://repo.maven.apache.org/maven2, default, releases)]
[INFO] Artifact org.jenkins-ci.tools:maven-hpi-plugin:pom:3.61 is present in the local repository, but cached from a remote repository ID that is unavailable in current build context, verifying that is downloadable from [incrementals (https://repo.jenkins-ci.org/incrementals/, default, releases), central (https://repo.maven.apache.org/maven2, default, releases)]
[WARNING] The POM for org.jenkins-ci.tools:maven-hpi-plugin:jar:3.61 is missing, no dependency information available
[INFO] Artifact org.jenkins-ci.tools:maven-hpi-plugin:jar:3.61 is present in the local repository, but cached from a remote repository ID that is unavailable in current build context, verifying that is downloadable from [incrementals (https://repo.jenkins-ci.org/incrementals/, default, releases), central (https://repo.maven.apache.org/maven2, default, releases)]
[INFO] Artifact org.jenkins-ci.tools:maven-hpi-plugin:jar:3.61 is present in the local repository, but cached from a remote repository ID that is unavailable in current build context, verifying that is downloadable from [incrementals (https://repo.jenkins-ci.org/incrementals/, default, releases), central (https://repo.maven.apache.org/maven2, default, releases)]
[WARNING] Failed to build parent project for org.jenkins-ci.plugins:Office-365-Connector:hpi:5.1.1-SNAPSHOT
[INFO] 
[INFO] ------------< org.jenkins-ci.plugins:Office-365-Connector >-------------
[INFO] Building Office 365 Connector / Power Automate workflows 5.1.1-SNAPSHOT
[INFO]   from pom.xml
[INFO] --------------------------------[ hpi ]---------------------------------
[INFO] 
[INFO] --- clean:3.4.0:clean (default-clean) @ Office-365-Connector ---
[INFO] 
[INFO] --- hpi:3.61:validate (default-validate) @ Office-365-Connector ---
[INFO] Created marker file /tmp/plugin-builds/Office-365-Connector/target/java-level/17
[INFO] 
[INFO] --- hpi:3.61:validate-hpi (default-validate-hpi) @ Office-365-Connector ---
[INFO] 
[INFO] --- enforcer:3.5.0:enforce (display-info) @ Office-365-Connector ---
[INFO] Rule 0: io.jenkins.tools.incrementals.enforcer.RequireExtensionVersion passed
[INFO] Rule 1: org.apache.maven.enforcer.rules.version.RequireMavenVersion passed
[INFO] Rule 2: org.apache.maven.enforcer.rules.version.RequireJavaVersion passed
[INFO] Rule 3: org.codehaus.mojo.extraenforcer.dependencies.EnforceBytecodeVersion passed
[INFO] Rule 4: org.apache.maven.enforcer.rules.dependency.BannedDependencies passed
[INFO] Rule 5: org.apache.maven.enforcer.rules.dependency.BannedDependencies passed
[INFO] Ignoring requireUpperBoundDeps in org.ow2.asm:asm
[INFO] Rule 6: org.apache.maven.enforcer.rules.dependency.RequireUpperBoundDeps passed
[INFO] 
[INFO] --- enforcer:3.5.0:enforce (no-snapshots-in-release) @ Office-365-Connector ---
[INFO] Rule 0: org.apache.maven.enforcer.rules.dependency.RequireReleaseDeps passed
[INFO] 
[INFO] --- localizer:1.31:generate (default) @ Office-365-Connector ---
[INFO] 
[INFO] --- resources:3.3.1:resources (default-resources) @ Office-365-Connector ---
[INFO] Copying 19 resources from src/main/resources to target/classes
[INFO] 
[INFO] --- flatten:1.6.0:flatten (flatten) @ Office-365-Connector ---
[INFO] Generating flattened POM of project org.jenkins-ci.plugins:Office-365-Connector:hpi:5.1.1-SNAPSHOT...
[INFO] 
[INFO] --- compiler:3.13.0:compile (default-compile) @ Office-365-Connector ---
[INFO] Recompiling the module because of changed source code.
[INFO] Compiling 34 source files with javac [debug parameters release 17] to target/classes
[INFO] jenkins.plugins.office365connector.Webhook.DescriptorImpl indexed under hudson.Extension
[INFO] jenkins.plugins.office365connector.WebhookJobPropertyDescriptor indexed under hudson.Extension
[INFO] jenkins.plugins.office365connector.model.FactDefinition.DescriptorImpl indexed under hudson.Extension
[INFO] jenkins.plugins.office365connector.model.Macro.DescriptorImpl indexed under hudson.Extension
[INFO] jenkins.plugins.office365connector.workflow.Office365ConnectorBuildListener indexed under hudson.Extension
[INFO] jenkins.plugins.office365connector.workflow.Office365ConnectorSendStep.DescriptorImpl indexed under hudson.Extension
[INFO] /tmp/plugin-builds/Office-365-Connector/src/main/java/jenkins/plugins/office365connector/Webhook.java:[66,12] Generating jenkins/plugins/office365connector/Webhook.stapler
[INFO] /tmp/plugin-builds/Office-365-Connector/src/main/java/jenkins/plugins/office365connector/WebhookJobProperty.java:[33,12] Generating jenkins/plugins/office365connector/WebhookJobProperty.stapler
[INFO] /tmp/plugin-builds/Office-365-Connector/src/main/java/jenkins/plugins/office365connector/model/FactDefinition.java:[42,12] Generating jenkins/plugins/office365connector/model/FactDefinition.stapler
[INFO] /tmp/plugin-builds/Office-365-Connector/src/main/java/jenkins/plugins/office365connector/model/Macro.java:[42,12] Generating jenkins/plugins/office365connector/model/Macro.stapler
[INFO] /tmp/plugin-builds/Office-365-Connector/src/main/java/jenkins/plugins/office365connector/workflow/Office365ConnectorSendStep.java:[37,12] Generating jenkins/plugins/office365connector/workflow/Office365ConnectorSendStep.stapler
[INFO] /tmp/plugin-builds/Office-365-Connector/src/main/java/jenkins/plugins/office365connector/Webhook.java:[212,31] Generating jenkins/plugins/office365connector/Webhook/DescriptorImpl/doCheckUrl.stapler
[INFO] /tmp/plugin-builds/Office-365-Connector/src/main/java/jenkins/plugins/office365connector/workflow/Office365ConnectorSendStep.java:[116,31] Generating jenkins/plugins/office365connector/workflow/Office365ConnectorSendStep/DescriptorImpl/doCheckWebhookUrl.stapler
[INFO] /tmp/plugin-builds/Office-365-Connector/src/main/java/jenkins/plugins/office365connector/Webhook.java:[216,31] Generating jenkins/plugins/office365connector/Webhook/DescriptorImpl/doCheckGlobalUrl.stapler
[INFO] /tmp/plugin-builds/Office-365-Connector/src/main/java/jenkins/plugins/office365connector/FactsBuilder.java: Some input files use unchecked or unsafe operations.
[INFO] /tmp/plugin-builds/Office-365-Connector/src/main/java/jenkins/plugins/office365connector/FactsBuilder.java: Recompile with -Xlint:unchecked for details.
[INFO] 
[INFO] --- access-modifier-checker:1.34:enforce (default-enforce) @ Office-365-Connector ---
[INFO] Skipping access modifier checks
[INFO] 
[INFO] --- hpi:3.61:insert-test (default-insert-test) @ Office-365-Connector ---
[INFO] 
[INFO] --- antrun:3.1.0:run (createTempDir) @ Office-365-Connector ---
[INFO] Executing tasks
[INFO]     [mkdir] Created dir: /tmp/plugin-builds/Office-365-Connector/target/tmp
[INFO] Executed tasks
[INFO] 
[INFO] --- resources:3.3.1:testResources (default-testResources) @ Office-365-Connector ---
[INFO] Not copying test resources
[INFO] 
[INFO] --- compiler:3.13.0:testCompile (default-testCompile) @ Office-365-Connector ---
[INFO] Not compiling test sources
[INFO] 
[INFO] --- hpi:3.61:test-hpl (default-test-hpl) @ Office-365-Connector ---
[INFO] Generating /tmp/plugin-builds/Office-365-Connector/target/test-classes/the.hpl
[INFO] 
[INFO] --- hpi:3.61:resolve-test-dependencies (default-resolve-test-dependencies) @ Office-365-Connector ---
[INFO] 
[INFO] --- hpi:3.61:test-runtime (default-test-runtime) @ Office-365-Connector ---
[INFO] Tests are skipped.
[INFO] 
[INFO] --- surefire:3.5.2:test (default-test) @ Office-365-Connector ---
[INFO] Tests are skipped.
[INFO] 
[INFO] --- license:165.v7e11f4e4a_325:process (default) @ Office-365-Connector ---
[INFO] 
[INFO] --- hpi:3.61:hpi (default-hpi) @ Office-365-Connector ---
[INFO] Generating /tmp/plugin-builds/Office-365-Connector/target/Office-365-Connector/META-INF/MANIFEST.MF
[INFO] Checking for attached .jar artifact ...
[INFO] Generating jar /tmp/plugin-builds/Office-365-Connector/target/Office-365-Connector.jar
[INFO] Building jar: /tmp/plugin-builds/Office-365-Connector/target/Office-365-Connector.jar
[INFO] Exploding webapp...
[INFO] Copy webapp webResources to /tmp/plugin-builds/Office-365-Connector/target/Office-365-Connector
[INFO] Assembling webapp Office-365-Connector in /tmp/plugin-builds/Office-365-Connector/target/Office-365-Connector
[WARNING] Bundling transitive dependency commons-beanutils-1.9.4.jar (via commons-validator)
[WARNING] Bundling transitive dependency commons-collections-3.2.2.jar (via commons-validator)
[WARNING] Bundling transitive dependency commons-digester-2.1.jar (via commons-validator)
[INFO] Bundling direct dependency commons-validator-1.9.0.jar
[INFO] Generating hpi /tmp/plugin-builds/Office-365-Connector/target/Office-365-Connector.hpi
[INFO] Building jar: /tmp/plugin-builds/Office-365-Connector/target/Office-365-Connector.hpi
[INFO] 
[INFO] --- jar:3.4.2:test-jar (maybe-test-jar) @ Office-365-Connector ---
[INFO] Skipping packaging of the test-jar
[INFO] 
[INFO] --- failsafe:3.5.2:integration-test (default) @ Office-365-Connector ---
[INFO] Tests are skipped.
[INFO] 
[INFO] >>> spotbugs:4.8.3.1:check (spotbugs) > :spotbugs @ Office-365-Connector >>>
[INFO] 
[INFO] --- spotbugs:4.8.3.1:spotbugs (spotbugs) @ Office-365-Connector ---
[INFO] 
[INFO] <<< spotbugs:4.8.3.1:check (spotbugs) < :spotbugs @ Office-365-Connector <<<
[INFO] 
[INFO] 
[INFO] --- spotbugs:4.8.3.1:check (spotbugs) @ Office-365-Connector ---
[INFO] Spotbugs plugin skipped
[INFO] 
[INFO] --- spotless:2.44.2:check (default) @ Office-365-Connector ---
[INFO] Spotless check skipped
[INFO] 
[INFO] --- failsafe:3.5.2:verify (default) @ Office-365-Connector ---
[INFO] Tests are skipped.
[INFO] 
[INFO] --- install:3.1.3:install (default-install) @ Office-365-Connector ---
[INFO] Installing /tmp/plugin-builds/Office-365-Connector/target/Office-365-Connector-5.1.1-SNAPSHOT.pom to /home/runner/.m2/repository/org/jenkins-ci/plugins/Office-365-Connector/5.1.1-SNAPSHOT/Office-365-Connector-5.1.1-SNAPSHOT.pom
[INFO] Installing /tmp/plugin-builds/Office-365-Connector/target/Office-365-Connector.hpi to /home/runner/.m2/repository/org/jenkins-ci/plugins/Office-365-Connector/5.1.1-SNAPSHOT/Office-365-Connector-5.1.1-SNAPSHOT.hpi
[INFO] Installing /tmp/plugin-builds/Office-365-Connector/target/Office-365-Connector.jar to /home/runner/.m2/repository/org/jenkins-ci/plugins/Office-365-Connector/5.1.1-SNAPSHOT/Office-365-Connector-5.1.1-SNAPSHOT.jar
[INFO] ------------------------------------------------------------------------
[INFO] BUILD SUCCESS
[INFO] ------------------------------------------------------------------------
[INFO] Total time:  6.463 s
[INFO] Finished at: 2025-08-12T03:10:18Z
[INFO] ------------------------------------------------------------------------
