WARNING: A terminally deprecated method in sun.misc.Unsafe has been called
WARNING: sun.misc.Unsafe::staticFieldBase has been called by com.google.inject.internal.aop.HiddenClassDefiner (file:/usr/share/apache-maven-3.9.11/lib/guice-5.1.0-classes.jar)
WARNING: Please consider reporting this to the maintainers of class com.google.inject.internal.aop.HiddenClassDefiner
WARNING: sun.misc.Unsafe::staticFieldBase will be removed in a future release
[INFO] Scanning for projects...
[INFO] Artifact org.jenkins-ci.tools:maven-hpi-plugin:pom:3.1762.vd3ff902a_5b_c4 is present in the local repository, but cached from a remote repository ID that is unavailable in current build context, verifying that is downloadable from [incrementals (https://repo.jenkins-ci.org/incrementals/, default, releases), central (https://repo.maven.apache.org/maven2, default, releases)]
[INFO] Artifact org.jenkins-ci.tools:maven-hpi-plugin:pom:3.1762.vd3ff902a_5b_c4 is present in the local repository, but cached from a remote repository ID that is unavailable in current build context, verifying that is downloadable from [incrementals (https://repo.jenkins-ci.org/incrementals/, default, releases), central (https://repo.maven.apache.org/maven2, default, releases)]
[WARNING] The POM for org.jenkins-ci.tools:maven-hpi-plugin:jar:3.1762.vd3ff902a_5b_c4 is missing, no dependency information available
[INFO] Artifact org.jenkins-ci.tools:maven-hpi-plugin:jar:3.1762.vd3ff902a_5b_c4 is present in the local repository, but cached from a remote repository ID that is unavailable in current build context, verifying that is downloadable from [incrementals (https://repo.jenkins-ci.org/incrementals/, default, releases), central (https://repo.maven.apache.org/maven2, default, releases)]
[INFO] Artifact org.jenkins-ci.tools:maven-hpi-plugin:jar:3.1762.vd3ff902a_5b_c4 is present in the local repository, but cached from a remote repository ID that is unavailable in current build context, verifying that is downloadable from [incrementals (https://repo.jenkins-ci.org/incrementals/, default, releases), central (https://repo.maven.apache.org/maven2, default, releases)]
[WARNING] Failed to build parent project for io.jenkins.plugins:okhttp-api:hpi:4.12.0-999999-SNAPSHOT
[INFO] 
[INFO] -------------------< io.jenkins.plugins:okhttp-api >--------------------
[INFO] Building OkHttp Plugin 4.12.0-999999-SNAPSHOT
[INFO]   from pom.xml
[INFO] --------------------------------[ hpi ]---------------------------------
[INFO] 
[INFO] --- clean:3.5.0:clean (default-clean) @ okhttp-api ---
[INFO] 
[INFO] --- hpi:3.1762.vd3ff902a_5b_c4:validate (default-validate) @ okhttp-api ---
[INFO] Created marker file /tmp/plugin-builds/okhttp-api/target/java-level/17
[INFO] 
[INFO] --- hpi:3.1762.vd3ff902a_5b_c4:validate-hpi (default-validate-hpi) @ okhttp-api ---
[INFO] 
[INFO] --- enforcer:3.6.2:enforce (display-info) @ okhttp-api ---
[INFO] Rule 0: io.jenkins.tools.incrementals.enforcer.RequireExtensionVersion passed
[INFO] Rule 1: org.apache.maven.enforcer.rules.version.RequireMavenVersion passed
[INFO] Rule 2: org.apache.maven.enforcer.rules.version.RequireJavaVersion passed
[INFO] Rule 3: org.apache.maven.enforcer.rules.RequirePluginVersions passed
[INFO] Rule 4: org.codehaus.mojo.extraenforcer.dependencies.EnforceBytecodeVersion passed
[INFO] Rule 5: org.apache.maven.enforcer.rules.dependency.BannedDependencies passed
[INFO] Rule 6: org.apache.maven.enforcer.rules.dependency.BannedDependencies passed
[INFO] Rule 7: org.apache.maven.enforcer.rules.dependency.RequireUpperBoundDeps passed
[INFO] 
[INFO] --- enforcer:3.6.2:enforce (no-snapshots-in-release) @ okhttp-api ---
[INFO] Rule 0: org.apache.maven.enforcer.rules.dependency.RequireReleaseDeps passed
[INFO] 
[INFO] --- localizer:1.31:generate (default) @ okhttp-api ---
[INFO] 
[INFO] --- enforcer:3.6.2:enforce (check-junit-imports) @ okhttp-api ---
[INFO] Skipping Rule Enforcement.
[INFO] 
[INFO] --- resources:3.3.1:resources (default-resources) @ okhttp-api ---
[INFO] Copying 1 resource from src/main/resources to target/classes
[INFO] 
[INFO] --- flatten:1.7.3:flatten (flatten) @ okhttp-api ---
[INFO] Generating flattened POM of project io.jenkins.plugins:okhttp-api:hpi:4.12.0-999999-SNAPSHOT...
[INFO] 
[INFO] --- compiler:3.14.1:compile (default-compile) @ okhttp-api ---
[INFO] Recompiling the module because of changed source code.
[INFO] Compiling 6 source files with javac [debug parameters release 17] to target/classes
[INFO] 
[INFO] --- access-modifier-checker:1.35:enforce (default-enforce) @ okhttp-api ---
[INFO] 
[INFO] --- bridge-method-injector:1.32:process (default) @ okhttp-api ---
[INFO] 
[INFO] --- hpi:3.1762.vd3ff902a_5b_c4:insert-test (default-insert-test) @ okhttp-api ---
[INFO] 
[INFO] --- antrun:3.2.0:run (createTempDir) @ okhttp-api ---
[INFO] Executing tasks
[INFO]     [mkdir] Created dir: /tmp/plugin-builds/okhttp-api/target/tmp
[INFO] Executed tasks
[INFO] 
[INFO] --- resources:3.3.1:testResources (default-testResources) @ okhttp-api ---
[INFO] Not copying test resources
[INFO] 
[INFO] --- compiler:3.14.1:testCompile (default-testCompile) @ okhttp-api ---
[INFO] Not compiling test sources
[INFO] 
[INFO] --- hpi:3.1762.vd3ff902a_5b_c4:test-hpl (default-test-hpl) @ okhttp-api ---
[INFO] Generating /tmp/plugin-builds/okhttp-api/target/test-classes/the.hpl
[INFO] 
[INFO] --- hpi:3.1762.vd3ff902a_5b_c4:resolve-test-dependencies (default-resolve-test-dependencies) @ okhttp-api ---
[INFO] 
[INFO] --- hpi:3.1762.vd3ff902a_5b_c4:test-runtime (default-test-runtime) @ okhttp-api ---
[INFO] Tests are skipped.
[INFO] 
[INFO] --- surefire:3.5.4:test (default-test) @ okhttp-api ---
[INFO] Tests are skipped.
[INFO] 
[INFO] --- license:184.v19c87b_6b_a_9a_c:process (default) @ okhttp-api ---
[INFO] Generated /tmp/plugin-builds/okhttp-api/target/okhttp-api/WEB-INF/licenses.xml
[INFO] 
[INFO] --- hpi:3.1762.vd3ff902a_5b_c4:hpi (default-hpi) @ okhttp-api ---
[INFO] Generating /tmp/plugin-builds/okhttp-api/target/okhttp-api/META-INF/MANIFEST.MF
[INFO] Checking for attached .jar artifact ...
[INFO] Generating jar /tmp/plugin-builds/okhttp-api/target/okhttp-api.jar
[INFO] Building jar: /tmp/plugin-builds/okhttp-api/target/okhttp-api.jar
[INFO] Exploding webapp...
[INFO] Copy webapp webResources to /tmp/plugin-builds/okhttp-api/target/okhttp-api
[INFO] Assembling webapp okhttp-api in /tmp/plugin-builds/okhttp-api/target/okhttp-api
[INFO] Bundling direct dependency logging-interceptor-4.12.0.jar
[INFO] Bundling direct dependency okhttp-4.12.0.jar
[INFO] Bundling transitive dependency okio-jvm-3.6.0.jar (via okio)
[INFO] Bundling direct dependency okio-3.6.0.jar
[INFO] Bundling direct dependency kotlin-stdlib-common-1.9.22.jar
[INFO] Bundling direct dependency kotlin-stdlib-jdk7-1.9.22.jar
[INFO] Bundling direct dependency kotlin-stdlib-jdk8-1.9.22.jar
[INFO] Bundling direct dependency kotlin-stdlib-1.9.22.jar
[INFO] Generating hpi /tmp/plugin-builds/okhttp-api/target/okhttp-api.hpi
[INFO] Building jar: /tmp/plugin-builds/okhttp-api/target/okhttp-api.hpi
[INFO] 
[INFO] --- jar:3.4.2:test-jar (maybe-test-jar) @ okhttp-api ---
[INFO] Building jar: /tmp/plugin-builds/okhttp-api/target/okhttp-api-tests.jar
[INFO] 
[INFO] --- gradle-module-metadata:0.4.0:gmm (default) @ okhttp-api ---
[INFO] 
[INFO] >>> spotbugs:4.9.8.1:check (spotbugs) > :spotbugs @ okhttp-api >>>
[INFO] 
[INFO] --- spotbugs:4.9.8.1:spotbugs (spotbugs) @ okhttp-api ---
[INFO] Fork Value is true
     [java] The following classes needed for analysis were missing:
     [java]   org.jetbrains.annotations.Nullable
     [java]   org.jetbrains.annotations.NotNull
[INFO] Done SpotBugs Analysis....
[INFO] Skipping com.github.spotbugs:spotbugs-maven-plugin:4.9.8.1:spotbugs report goal
[INFO] 
[INFO] <<< spotbugs:4.9.8.1:check (spotbugs) < :spotbugs @ okhttp-api <<<
[INFO] 
[INFO] 
[INFO] --- spotbugs:4.9.8.1:check (spotbugs) @ okhttp-api ---
[INFO] BugInstance size is 0
[INFO] Error size is 0
[INFO] No errors/warnings found
[INFO] 
[INFO] --- spotless:3.0.0:check (default) @ okhttp-api ---
[INFO] Spotless check skipped
[INFO] 
[INFO] --- install:3.1.4:install (default-install) @ okhttp-api ---
[INFO] Installing /tmp/plugin-builds/okhttp-api/target/okhttp-api-4.12.0-999999-SNAPSHOT.pom to /home/runner/.m2/repository/io/jenkins/plugins/okhttp-api/4.12.0-999999-SNAPSHOT/okhttp-api-4.12.0-999999-SNAPSHOT.pom
[INFO] Installing /tmp/plugin-builds/okhttp-api/target/okhttp-api.hpi to /home/runner/.m2/repository/io/jenkins/plugins/okhttp-api/4.12.0-999999-SNAPSHOT/okhttp-api-4.12.0-999999-SNAPSHOT.hpi
[INFO] Installing /tmp/plugin-builds/okhttp-api/target/okhttp-api.jar to /home/runner/.m2/repository/io/jenkins/plugins/okhttp-api/4.12.0-999999-SNAPSHOT/okhttp-api-4.12.0-999999-SNAPSHOT.jar
[INFO] Installing /tmp/plugin-builds/okhttp-api/target/okhttp-api-tests.jar to /home/runner/.m2/repository/io/jenkins/plugins/okhttp-api/4.12.0-999999-SNAPSHOT/okhttp-api-4.12.0-999999-SNAPSHOT-tests.jar
[INFO] Installing /tmp/plugin-builds/okhttp-api/target/publications/maven/module.json to /home/runner/.m2/repository/io/jenkins/plugins/okhttp-api/4.12.0-999999-SNAPSHOT/okhttp-api-4.12.0-999999-SNAPSHOT.module
[INFO] ------------------------------------------------------------------------
[INFO] BUILD SUCCESS
[INFO] ------------------------------------------------------------------------
[INFO] Total time:  53.860 s
[INFO] Finished at: 2025-11-25T02:09:38Z
[INFO] ------------------------------------------------------------------------
