WARNING: A terminally deprecated method in sun.misc.Unsafe has been called
WARNING: sun.misc.Unsafe::staticFieldBase has been called by com.google.inject.internal.aop.HiddenClassDefiner (file:/usr/share/apache-maven-3.9.11/lib/guice-5.1.0-classes.jar)
WARNING: Please consider reporting this to the maintainers of class com.google.inject.internal.aop.HiddenClassDefiner
WARNING: sun.misc.Unsafe::staticFieldBase will be removed in a future release
[INFO] Scanning for projects...
[INFO] Artifact org.jenkins-ci.tools:maven-hpi-plugin:pom:3.1746.v2e9fe7dc4d95 is present in the local repository, but cached from a remote repository ID that is unavailable in current build context, verifying that is downloadable from [incrementals (https://repo.jenkins-ci.org/incrementals/, default, releases), central (https://repo.maven.apache.org/maven2, default, releases)]
[INFO] Artifact org.jenkins-ci.tools:maven-hpi-plugin:pom:3.1746.v2e9fe7dc4d95 is present in the local repository, but cached from a remote repository ID that is unavailable in current build context, verifying that is downloadable from [incrementals (https://repo.jenkins-ci.org/incrementals/, default, releases), central (https://repo.maven.apache.org/maven2, default, releases)]
[WARNING] The POM for org.jenkins-ci.tools:maven-hpi-plugin:jar:3.1746.v2e9fe7dc4d95 is missing, no dependency information available
[INFO] Artifact org.jenkins-ci.tools:maven-hpi-plugin:jar:3.1746.v2e9fe7dc4d95 is present in the local repository, but cached from a remote repository ID that is unavailable in current build context, verifying that is downloadable from [incrementals (https://repo.jenkins-ci.org/incrementals/, default, releases), central (https://repo.maven.apache.org/maven2, default, releases)]
[INFO] Artifact org.jenkins-ci.tools:maven-hpi-plugin:jar:3.1746.v2e9fe7dc4d95 is present in the local repository, but cached from a remote repository ID that is unavailable in current build context, verifying that is downloadable from [incrementals (https://repo.jenkins-ci.org/incrementals/, default, releases), central (https://repo.maven.apache.org/maven2, default, releases)]
[WARNING] Failed to build parent project for io.jenkins.plugins:oss-symbols-api:hpi:999999-SNAPSHOT
[INFO] 
[INFO] -----------------< io.jenkins.plugins:oss-symbols-api >-----------------
[INFO] Building Dev Tools Symbols API Plugin 999999-SNAPSHOT
[INFO]   from pom.xml
[INFO] --------------------------------[ hpi ]---------------------------------
[INFO] 
[INFO] --- clean:3.5.0:clean (default-clean) @ oss-symbols-api ---
[INFO] 
[INFO] --- hpi:3.1746.v2e9fe7dc4d95:validate (default-validate) @ oss-symbols-api ---
[INFO] Created marker file /tmp/plugin-builds/oss-symbols-api/target/java-level/17
[INFO] 
[INFO] --- hpi:3.1746.v2e9fe7dc4d95:validate-hpi (default-validate-hpi) @ oss-symbols-api ---
[INFO] 
[INFO] --- enforcer:3.6.1:enforce (display-info) @ oss-symbols-api ---
[INFO] Rule 0: io.jenkins.tools.incrementals.enforcer.RequireExtensionVersion passed
[INFO] Rule 1: org.apache.maven.enforcer.rules.version.RequireMavenVersion passed
[INFO] Rule 2: org.apache.maven.enforcer.rules.version.RequireJavaVersion passed
[INFO] Rule 3: org.codehaus.mojo.extraenforcer.dependencies.EnforceBytecodeVersion passed
[INFO] Rule 4: org.apache.maven.enforcer.rules.dependency.BannedDependencies passed
[INFO] Rule 5: org.apache.maven.enforcer.rules.dependency.BannedDependencies passed
[INFO] Rule 6: org.apache.maven.enforcer.rules.dependency.RequireUpperBoundDeps passed
[INFO] 
[INFO] --- enforcer:3.6.1:enforce (no-snapshots-in-release) @ oss-symbols-api ---
[INFO] Rule 0: org.apache.maven.enforcer.rules.dependency.RequireReleaseDeps passed
[INFO] 
[INFO] --- localizer:1.31:generate (default) @ oss-symbols-api ---
[INFO] 
[INFO] --- enforcer:3.6.1:enforce (check-junit-imports) @ oss-symbols-api ---
[INFO] Rule 0: org.apache.maven.plugins.enforcer.RestrictImports passed
[INFO] 
[INFO] --- resources:3.3.1:resources (default-resources) @ oss-symbols-api ---
[INFO] Copying 652 resources from src/main/resources to target/classes
[INFO] 
[INFO] --- flatten:1.7.2:flatten (flatten) @ oss-symbols-api ---
[INFO] Generating flattened POM of project io.jenkins.plugins:oss-symbols-api:hpi:999999-SNAPSHOT...
[INFO] 
[INFO] --- compiler:3.14.0:compile (default-compile) @ oss-symbols-api ---
[INFO] Recompiling the module because of changed source code.
[INFO] Compiling 1 source file with javac [debug parameters release 17] to target/classes
[INFO] 
[INFO] --- access-modifier-checker:1.35:enforce (default-enforce) @ oss-symbols-api ---
[INFO] 
[INFO] --- bridge-method-injector:1.32:process (default) @ oss-symbols-api ---
[INFO] 
[INFO] --- hpi:3.1746.v2e9fe7dc4d95:insert-test (default-insert-test) @ oss-symbols-api ---
[INFO] 
[INFO] --- antrun:3.1.0:run (createTempDir) @ oss-symbols-api ---
[INFO] Executing tasks
[INFO]     [mkdir] Created dir: /tmp/plugin-builds/oss-symbols-api/target/tmp
[INFO] Executed tasks
[INFO] 
[INFO] --- resources:3.3.1:testResources (default-testResources) @ oss-symbols-api ---
[INFO] Not copying test resources
[INFO] 
[INFO] --- compiler:3.14.0:testCompile (default-testCompile) @ oss-symbols-api ---
[INFO] Not compiling test sources
[INFO] 
[INFO] --- hpi:3.1746.v2e9fe7dc4d95:test-hpl (default-test-hpl) @ oss-symbols-api ---
[INFO] Generating /tmp/plugin-builds/oss-symbols-api/target/test-classes/the.hpl
[INFO] 
[INFO] --- hpi:3.1746.v2e9fe7dc4d95:resolve-test-dependencies (default-resolve-test-dependencies) @ oss-symbols-api ---
[INFO] 
[INFO] --- hpi:3.1746.v2e9fe7dc4d95:test-runtime (default-test-runtime) @ oss-symbols-api ---
[INFO] Tests are skipped.
[INFO] 
[INFO] --- surefire:3.5.2:test (default-test) @ oss-symbols-api ---
[INFO] Tests are skipped.
[INFO] 
[INFO] --- license:184.v19c87b_6b_a_9a_c:process (default) @ oss-symbols-api ---
[INFO] Generated /tmp/plugin-builds/oss-symbols-api/target/oss-symbols-api/WEB-INF/licenses.xml
[INFO] 
[INFO] --- hpi:3.1746.v2e9fe7dc4d95:hpi (default-hpi) @ oss-symbols-api ---
[INFO] Generating /tmp/plugin-builds/oss-symbols-api/target/oss-symbols-api/META-INF/MANIFEST.MF
[INFO] Checking for attached .jar artifact ...
[INFO] Generating jar /tmp/plugin-builds/oss-symbols-api/target/oss-symbols-api.jar
[INFO] Building jar: /tmp/plugin-builds/oss-symbols-api/target/oss-symbols-api.jar
[INFO] Exploding webapp...
[INFO] Copy webapp webResources to /tmp/plugin-builds/oss-symbols-api/target/oss-symbols-api
[INFO] Assembling webapp oss-symbols-api in /tmp/plugin-builds/oss-symbols-api/target/oss-symbols-api
[INFO] Generating hpi /tmp/plugin-builds/oss-symbols-api/target/oss-symbols-api.hpi
[INFO] Building jar: /tmp/plugin-builds/oss-symbols-api/target/oss-symbols-api.hpi
[INFO] 
[INFO] --- jar:3.4.2:test-jar (maybe-test-jar) @ oss-symbols-api ---
[INFO] Skipping packaging of the test-jar
[INFO] 
[INFO] >>> spotbugs:4.9.4.2:check (spotbugs) > :spotbugs @ oss-symbols-api >>>
[INFO] 
[INFO] --- spotbugs:4.9.4.2:spotbugs (spotbugs) @ oss-symbols-api ---
[INFO] Fork Value is true
[INFO] Done SpotBugs Analysis....
[INFO] Skipping com.github.spotbugs:spotbugs-maven-plugin:4.9.4.2:spotbugs report goal
[INFO] 
[INFO] <<< spotbugs:4.9.4.2:check (spotbugs) < :spotbugs @ oss-symbols-api <<<
[INFO] 
[INFO] 
[INFO] --- spotbugs:4.9.4.2:check (spotbugs) @ oss-symbols-api ---
[INFO] BugInstance size is 0
[INFO] Error size is 0
[INFO] No errors/warnings found
[INFO] 
[INFO] --- spotless:2.46.1:check (default) @ oss-symbols-api ---
[INFO] Index file does not exist. Fallback to an empty index
[INFO] Spotless.Java is keeping 2 files clean - 0 needs changes to be clean, 2 were already clean, 0 were skipped because caching determined they were already clean
[INFO] Sorting file /tmp/pom3735796721352456490.xml
[INFO] Pom file is already sorted, exiting
[INFO] Spotless.Pom is keeping 1 files clean - 0 needs changes to be clean, 1 were already clean, 0 were skipped because caching determined they were already clean
[INFO] 
[INFO] --- install:3.1.4:install (default-install) @ oss-symbols-api ---
[INFO] Installing /tmp/plugin-builds/oss-symbols-api/target/oss-symbols-api-999999-SNAPSHOT.pom to /home/runner/.m2/repository/io/jenkins/plugins/oss-symbols-api/999999-SNAPSHOT/oss-symbols-api-999999-SNAPSHOT.pom
[INFO] Installing /tmp/plugin-builds/oss-symbols-api/target/oss-symbols-api.hpi to /home/runner/.m2/repository/io/jenkins/plugins/oss-symbols-api/999999-SNAPSHOT/oss-symbols-api-999999-SNAPSHOT.hpi
[INFO] Installing /tmp/plugin-builds/oss-symbols-api/target/oss-symbols-api.jar to /home/runner/.m2/repository/io/jenkins/plugins/oss-symbols-api/999999-SNAPSHOT/oss-symbols-api-999999-SNAPSHOT.jar
[INFO] ------------------------------------------------------------------------
[INFO] BUILD SUCCESS
[INFO] ------------------------------------------------------------------------
[INFO] Total time:  43.332 s
[INFO] Finished at: 2025-10-14T02:38:54Z
[INFO] ------------------------------------------------------------------------
