WARNING: A restricted method in java.lang.System has been called
WARNING: java.lang.System::load has been called by org.fusesource.jansi.internal.JansiLoader in an unnamed module (file:/home/poddingue/.sdkman/candidates/maven/current/lib/jansi-2.4.1.jar)
WARNING: Use --enable-native-access=ALL-UNNAMED to avoid a warning for callers in this module
WARNING: Restricted methods will be blocked in a future release unless native access is enabled

WARNING: A terminally deprecated method in sun.misc.Unsafe has been called
WARNING: sun.misc.Unsafe::objectFieldOffset has been called by com.google.common.util.concurrent.AbstractFuture$UnsafeAtomicHelper (file:/home/poddingue/.sdkman/candidates/maven/current/lib/guava-33.2.1-jre.jar)
WARNING: Please consider reporting this to the maintainers of class com.google.common.util.concurrent.AbstractFuture$UnsafeAtomicHelper
WARNING: sun.misc.Unsafe::objectFieldOffset will be removed in a future release
[INFO] Scanning for projects...
[INFO] 
[INFO] ------------< org.jenkins-ci.plugins:parameterized-trigger >------------
[INFO] Building Jenkins Parameterized Trigger plugin 999999-SNAPSHOT
[INFO]   from pom.xml
[INFO] --------------------------------[ hpi ]---------------------------------
[INFO] 
[INFO] --- clean:3.5.0:clean (default-clean) @ parameterized-trigger ---
[INFO] 
[INFO] --- hpi:3.66:validate (default-validate) @ parameterized-trigger ---
[INFO] Created marker file /tmp/plugin-builds/parameterized-trigger/target/java-level/17
[INFO] 
[INFO] --- hpi:3.66:validate-hpi (default-validate-hpi) @ parameterized-trigger ---
[INFO] 
[INFO] --- enforcer:3.5.0:enforce (display-info) @ parameterized-trigger ---
[INFO] Rule 0: io.jenkins.tools.incrementals.enforcer.RequireExtensionVersion passed
[INFO] Rule 1: org.apache.maven.enforcer.rules.version.RequireMavenVersion passed
[INFO] Rule 2: org.apache.maven.enforcer.rules.version.RequireJavaVersion passed
[INFO] Rule 3: org.codehaus.mojo.extraenforcer.dependencies.EnforceBytecodeVersion passed
[INFO] Rule 4: org.apache.maven.enforcer.rules.dependency.BannedDependencies passed
[INFO] Rule 5: org.apache.maven.enforcer.rules.dependency.BannedDependencies passed
[INFO] Ignoring requireUpperBoundDeps in org.ow2.asm:asm
[INFO] Rule 6: org.apache.maven.enforcer.rules.dependency.RequireUpperBoundDeps passed
[INFO] 
[INFO] --- enforcer:3.5.0:enforce (no-snapshots-in-release) @ parameterized-trigger ---
[INFO] Rule 0: org.apache.maven.enforcer.rules.dependency.RequireReleaseDeps passed
[INFO] 
[INFO] --- localizer:1.31:generate (default) @ parameterized-trigger ---
[INFO] 
[INFO] --- resources:3.3.1:resources (default-resources) @ parameterized-trigger ---
[INFO] Copying 68 resources from src/main/resources to target/classes
[INFO] 
[INFO] --- flatten:1.7.1:flatten (flatten) @ parameterized-trigger ---
[INFO] Generating flattened POM of project org.jenkins-ci.plugins:parameterized-trigger:hpi:999999-SNAPSHOT...
[INFO] 
[INFO] --- compiler:3.14.0:compile (default-compile) @ parameterized-trigger ---
[INFO] Recompiling the module because of changed source code.
[INFO] Compiling 42 source files with javac [debug parameters release 17] to target/classes
[INFO] hudson.plugins.parameterizedtrigger.BinaryFileParameterFactory.DescriptorImpl indexed under hudson.Extension
[INFO] hudson.plugins.parameterizedtrigger.BlockableBuildTriggerConfig.DescriptorImpl indexed under hudson.Extension
[INFO] hudson.plugins.parameterizedtrigger.BlockingBehaviour.DescriptorImpl indexed under hudson.Extension
[INFO] hudson.plugins.parameterizedtrigger.BooleanParameterConfig.DescriptorImpl indexed under hudson.Extension
[INFO] hudson.plugins.parameterizedtrigger.BooleanParameters.DescriptorImpl indexed under hudson.Extension
[INFO] hudson.plugins.parameterizedtrigger.BuildTrigger.DescriptorImpl indexed under hudson.Extension
[INFO] hudson.plugins.parameterizedtrigger.BuildTriggerConfig.DescriptorImpl indexed under hudson.Extension
[INFO] hudson.plugins.parameterizedtrigger.CounterBuildParameterFactory.DescriptorImpl indexed under hudson.Extension
[INFO] hudson.plugins.parameterizedtrigger.CurrentBuildParameters.DescriptorImpl indexed under hudson.Extension
[INFO] hudson.plugins.parameterizedtrigger.FileBuildParameterFactory.DescriptorImpl indexed under hudson.Extension
[INFO] hudson.plugins.parameterizedtrigger.FileBuildParameters.DescriptorImpl indexed under hudson.Extension
[INFO] hudson.plugins.parameterizedtrigger.NodeParameters.DescriptorImpl indexed under hudson.Extension
[INFO] hudson.plugins.parameterizedtrigger.Plugin.RenameListener indexed under hudson.Extension
[INFO] hudson.plugins.parameterizedtrigger.PredefinedBuildParameters.DescriptorImpl indexed under hudson.Extension
[INFO] hudson.plugins.parameterizedtrigger.SubversionRevisionBuildParameters.DescriptorImpl indexed under hudson.Extension
[INFO] hudson.plugins.parameterizedtrigger.TriggerBuilder.DescriptorImpl indexed under hudson.Extension
[INFO] hudson.plugins.parameterizedtrigger.matrix.MatrixBuildListenerImpl indexed under hudson.Extension
[INFO] hudson.plugins.parameterizedtrigger.matrix.MatrixSubsetBuildParameters.DescriptorImpl indexed under hudson.Extension
[INFO] /tmp/plugin-builds/parameterized-trigger/src/main/java/hudson/plugins/parameterizedtrigger/BinaryFileParameterFactory.java:[31,12] Generating hudson/plugins/parameterizedtrigger/BinaryFileParameterFactory.stapler
[INFO] /tmp/plugin-builds/parameterized-trigger/src/main/java/hudson/plugins/parameterizedtrigger/BlockableBuildTriggerConfig.java:[41,12] Generating hudson/plugins/parameterizedtrigger/BlockableBuildTriggerConfig.stapler
[INFO] /tmp/plugin-builds/parameterized-trigger/src/main/java/hudson/plugins/parameterizedtrigger/BlockingBehaviour.java:[51,12] Generating hudson/plugins/parameterizedtrigger/BlockingBehaviour.stapler
[INFO] /tmp/plugin-builds/parameterized-trigger/src/main/java/hudson/plugins/parameterizedtrigger/BooleanParameterConfig.java:[42,12] Generating hudson/plugins/parameterizedtrigger/BooleanParameterConfig.stapler
[INFO] /tmp/plugin-builds/parameterized-trigger/src/main/java/hudson/plugins/parameterizedtrigger/BooleanParameters.java:[48,12] Generating hudson/plugins/parameterizedtrigger/BooleanParameters.stapler
[INFO] /tmp/plugin-builds/parameterized-trigger/src/main/java/hudson/plugins/parameterizedtrigger/BuildTrigger.java:[40,12] Generating hudson/plugins/parameterizedtrigger/BuildTrigger.stapler
[INFO] /tmp/plugin-builds/parameterized-trigger/src/main/java/hudson/plugins/parameterizedtrigger/BuildTriggerConfig.java:[97,12] Generating hudson/plugins/parameterizedtrigger/BuildTriggerConfig.stapler
[INFO] /tmp/plugin-builds/parameterized-trigger/src/main/java/hudson/plugins/parameterizedtrigger/CounterBuildParameterFactory.java:[77,12] Generating hudson/plugins/parameterizedtrigger/CounterBuildParameterFactory.stapler
[INFO] /tmp/plugin-builds/parameterized-trigger/src/main/java/hudson/plugins/parameterizedtrigger/CurrentBuildParameters.java:[19,12] Generating hudson/plugins/parameterizedtrigger/CurrentBuildParameters.stapler
[INFO] /tmp/plugin-builds/parameterized-trigger/src/main/java/hudson/plugins/parameterizedtrigger/FileBuildParameterFactory.java:[78,12] Generating hudson/plugins/parameterizedtrigger/FileBuildParameterFactory.stapler
[INFO] /tmp/plugin-builds/parameterized-trigger/src/main/java/hudson/plugins/parameterizedtrigger/FileBuildParameters.java:[50,12] Generating hudson/plugins/parameterizedtrigger/FileBuildParameters.stapler
[INFO] /tmp/plugin-builds/parameterized-trigger/src/main/java/hudson/plugins/parameterizedtrigger/NodeParameters.java:[25,12] Generating hudson/plugins/parameterizedtrigger/NodeParameters.stapler
[INFO] /tmp/plugin-builds/parameterized-trigger/src/main/java/hudson/plugins/parameterizedtrigger/PredefinedBuildParameters.java:[26,12] Generating hudson/plugins/parameterizedtrigger/PredefinedBuildParameters.stapler
[INFO] /tmp/plugin-builds/parameterized-trigger/src/main/java/hudson/plugins/parameterizedtrigger/SubversionRevisionBuildParameters.java:[24,12] Generating hudson/plugins/parameterizedtrigger/SubversionRevisionBuildParameters.stapler
[INFO] /tmp/plugin-builds/parameterized-trigger/src/main/java/hudson/plugins/parameterizedtrigger/TriggerBuilder.java:[67,12] Generating hudson/plugins/parameterizedtrigger/TriggerBuilder.stapler
[INFO] /tmp/plugin-builds/parameterized-trigger/src/main/java/hudson/plugins/parameterizedtrigger/matrix/MatrixSubsetBuildParameters.java:[22,12] Generating hudson/plugins/parameterizedtrigger/matrix/MatrixSubsetBuildParameters.stapler
[INFO] /tmp/plugin-builds/parameterized-trigger/src/main/java/hudson/plugins/parameterizedtrigger/BuildInfoExporterAction.java:[43,8] Generating hudson/plugins/parameterizedtrigger/BuildInfoExporterAction.javadoc
[INFO] /tmp/plugin-builds/parameterized-trigger/src/main/java/hudson/plugins/parameterizedtrigger/FileBuildParameters.java:[237,31] Generating hudson/plugins/parameterizedtrigger/FileBuildParameters/DescriptorImpl/doCheckEncoding.stapler
[INFO] /tmp/plugin-builds/parameterized-trigger/src/main/java/hudson/plugins/parameterizedtrigger/CounterBuildParameterFactory.java:[134,31] Generating hudson/plugins/parameterizedtrigger/CounterBuildParameterFactory/DescriptorImpl/doCheckStep.stapler
[INFO] /tmp/plugin-builds/parameterized-trigger/src/main/java/hudson/plugins/parameterizedtrigger/BuildTriggerConfig.java:[855,41] Generating hudson/plugins/parameterizedtrigger/BuildTriggerConfig/DescriptorImpl/doAutoCompleteProjects.stapler
[INFO] /tmp/plugin-builds/parameterized-trigger/src/main/java/hudson/plugins/parameterizedtrigger/CounterBuildParameterFactory.java:[126,31] Generating hudson/plugins/parameterizedtrigger/CounterBuildParameterFactory/DescriptorImpl/doCheckFrom.stapler
[INFO] /tmp/plugin-builds/parameterized-trigger/src/main/java/hudson/plugins/parameterizedtrigger/CounterBuildParameterFactory.java:[130,31] Generating hudson/plugins/parameterizedtrigger/CounterBuildParameterFactory/DescriptorImpl/doCheckTo.stapler
[INFO] /tmp/plugin-builds/parameterized-trigger/src/main/java/hudson/plugins/parameterizedtrigger/BuildTriggerConfig.java:[800,31] Generating hudson/plugins/parameterizedtrigger/BuildTriggerConfig/DescriptorImpl/doCheckProjects.stapler
[INFO] /tmp/plugin-builds/parameterized-trigger/src/main/java/hudson/plugins/parameterizedtrigger/BuildTriggerConfig.java: Some input files use or override a deprecated API.
[INFO] /tmp/plugin-builds/parameterized-trigger/src/main/java/hudson/plugins/parameterizedtrigger/BuildTriggerConfig.java: Recompile with -Xlint:deprecation for details.
[INFO] /tmp/plugin-builds/parameterized-trigger/src/main/java/hudson/plugins/parameterizedtrigger/FileBuildParameterFactory.java: Some input files use unchecked or unsafe operations.
[INFO] /tmp/plugin-builds/parameterized-trigger/src/main/java/hudson/plugins/parameterizedtrigger/FileBuildParameterFactory.java: Recompile with -Xlint:unchecked for details.
[INFO] 
[INFO] --- access-modifier-checker:1.35:enforce (default-enforce) @ parameterized-trigger ---
[INFO] Skipping access modifier checks
[INFO] 
[INFO] --- bridge-method-injector:1.31:process (default) @ parameterized-trigger ---
[INFO] 
[INFO] --- hpi:3.66:insert-test (default-insert-test) @ parameterized-trigger ---
[INFO] 
[INFO] --- antrun:3.1.0:run (createTempDir) @ parameterized-trigger ---
[INFO] Executing tasks
[INFO]     [mkdir] Created dir: /tmp/plugin-builds/parameterized-trigger/target/tmp
[INFO] Executed tasks
[INFO] 
[INFO] --- resources:3.3.1:testResources (default-testResources) @ parameterized-trigger ---
[INFO] Not copying test resources
[INFO] 
[INFO] --- compiler:3.14.0:testCompile (default-testCompile) @ parameterized-trigger ---
[INFO] Not compiling test sources
[INFO] 
[INFO] --- hpi:3.66:test-hpl (default-test-hpl) @ parameterized-trigger ---
[INFO] Generating /tmp/plugin-builds/parameterized-trigger/target/test-classes/the.hpl
[INFO] 
[INFO] --- hpi:3.66:resolve-test-dependencies (default-resolve-test-dependencies) @ parameterized-trigger ---
[INFO] 
[INFO] --- hpi:3.66:test-runtime (default-test-runtime) @ parameterized-trigger ---
[INFO] Tests are skipped.
[INFO] 
[INFO] --- surefire:3.5.3:test (default-test) @ parameterized-trigger ---
[INFO] Tests are skipped.
[INFO] 
[INFO] --- license:165.v7e11f4e4a_325:process (default) @ parameterized-trigger ---
[INFO] 
[INFO] --- hpi:3.66:hpi (default-hpi) @ parameterized-trigger ---
[INFO] Generating /tmp/plugin-builds/parameterized-trigger/target/parameterized-trigger/META-INF/MANIFEST.MF
[INFO] Checking for attached .jar artifact ...
[INFO] Generating jar /tmp/plugin-builds/parameterized-trigger/target/parameterized-trigger.jar
[INFO] Building jar: /tmp/plugin-builds/parameterized-trigger/target/parameterized-trigger.jar
[INFO] Exploding webapp...
[INFO] Copy webapp webResources to /tmp/plugin-builds/parameterized-trigger/target/parameterized-trigger
[INFO] Assembling webapp parameterized-trigger in /tmp/plugin-builds/parameterized-trigger/target/parameterized-trigger
[INFO] Generating hpi /tmp/plugin-builds/parameterized-trigger/target/parameterized-trigger.hpi
[INFO] Building jar: /tmp/plugin-builds/parameterized-trigger/target/parameterized-trigger.hpi
[INFO] 
[INFO] --- jar:3.4.2:test-jar (maybe-test-jar) @ parameterized-trigger ---
[INFO] Skipping packaging of the test-jar
[INFO] 
[INFO] >>> spotbugs:4.9.3.1:check (spotbugs) > :spotbugs @ parameterized-trigger >>>
[INFO] 
[INFO] --- spotbugs:4.9.3.1:spotbugs (spotbugs) @ parameterized-trigger ---
[INFO] Skipping com.github.spotbugs:spotbugs-maven-plugin:4.9.3.1:spotbugs report goal
[INFO] 
[INFO] <<< spotbugs:4.9.3.1:check (spotbugs) < :spotbugs @ parameterized-trigger <<<
[INFO] 
[INFO] 
[INFO] --- spotbugs:4.9.3.1:check (spotbugs) @ parameterized-trigger ---
[INFO] Spotbugs plugin skipped
[INFO] 
[INFO] --- spotless:2.44.5:check (default) @ parameterized-trigger ---
[INFO] Spotless check skipped
[INFO] 
[INFO] --- install:3.1.4:install (default-install) @ parameterized-trigger ---
[INFO] Installing /tmp/plugin-builds/parameterized-trigger/target/parameterized-trigger-999999-SNAPSHOT.pom to /home/poddingue/.m2/repository/org/jenkins-ci/plugins/parameterized-trigger/999999-SNAPSHOT/parameterized-trigger-999999-SNAPSHOT.pom
[INFO] Installing /tmp/plugin-builds/parameterized-trigger/target/parameterized-trigger.hpi to /home/poddingue/.m2/repository/org/jenkins-ci/plugins/parameterized-trigger/999999-SNAPSHOT/parameterized-trigger-999999-SNAPSHOT.hpi
[INFO] Installing /tmp/plugin-builds/parameterized-trigger/target/parameterized-trigger.jar to /home/poddingue/.m2/repository/org/jenkins-ci/plugins/parameterized-trigger/999999-SNAPSHOT/parameterized-trigger-999999-SNAPSHOT.jar
[INFO] ------------------------------------------------------------------------
[INFO] BUILD SUCCESS
[INFO] ------------------------------------------------------------------------
[INFO] Total time:  24.262 s
[INFO] Finished at: 2025-07-09T11:34:21+02:00
[INFO] ------------------------------------------------------------------------
