WARNING: A terminally deprecated method in sun.misc.Unsafe has been called
WARNING: sun.misc.Unsafe::staticFieldBase has been called by com.google.inject.internal.aop.HiddenClassDefiner (file:/usr/share/apache-maven-3.9.11/lib/guice-5.1.0-classes.jar)
WARNING: Please consider reporting this to the maintainers of class com.google.inject.internal.aop.HiddenClassDefiner
WARNING: sun.misc.Unsafe::staticFieldBase will be removed in a future release
[INFO] Scanning for projects...
[INFO] Artifact org.jenkins-ci.tools:maven-hpi-plugin:pom:3.1762.vd3ff902a_5b_c4 is present in the local repository, but cached from a remote repository ID that is unavailable in current build context, verifying that is downloadable from [incrementals (https://repo.jenkins-ci.org/incrementals/, default, releases), central (https://repo.maven.apache.org/maven2, default, releases)]
[INFO] Artifact org.jenkins-ci.tools:maven-hpi-plugin:pom:3.1762.vd3ff902a_5b_c4 is present in the local repository, but cached from a remote repository ID that is unavailable in current build context, verifying that is downloadable from [incrementals (https://repo.jenkins-ci.org/incrementals/, default, releases), central (https://repo.maven.apache.org/maven2, default, releases)]
[WARNING] The POM for org.jenkins-ci.tools:maven-hpi-plugin:jar:3.1762.vd3ff902a_5b_c4 is missing, no dependency information available
[INFO] Artifact org.jenkins-ci.tools:maven-hpi-plugin:jar:3.1762.vd3ff902a_5b_c4 is present in the local repository, but cached from a remote repository ID that is unavailable in current build context, verifying that is downloadable from [incrementals (https://repo.jenkins-ci.org/incrementals/, default, releases), central (https://repo.maven.apache.org/maven2, default, releases)]
[INFO] Artifact org.jenkins-ci.tools:maven-hpi-plugin:jar:3.1762.vd3ff902a_5b_c4 is present in the local repository, but cached from a remote repository ID that is unavailable in current build context, verifying that is downloadable from [incrementals (https://repo.jenkins-ci.org/incrementals/, default, releases), central (https://repo.maven.apache.org/maven2, default, releases)]
[WARNING] Failed to build parent project for org.jenkins-ci.plugins:parameterized-scheduler:hpi:999999-SNAPSHOT
[INFO] 
[INFO] -----------< org.jenkins-ci.plugins:parameterized-scheduler >-----------
[INFO] Building Parameterized Scheduler 999999-SNAPSHOT
[INFO]   from pom.xml
[INFO] --------------------------------[ hpi ]---------------------------------
[INFO] 
[INFO] --- clean:3.5.0:clean (default-clean) @ parameterized-scheduler ---
[INFO] 
[INFO] --- hpi:3.1762.vd3ff902a_5b_c4:validate (default-validate) @ parameterized-scheduler ---
[INFO] Created marker file /tmp/plugin-builds/parameterized-scheduler/target/java-level/17
[INFO] 
[INFO] --- hpi:3.1762.vd3ff902a_5b_c4:validate-hpi (default-validate-hpi) @ parameterized-scheduler ---
[INFO] 
[INFO] --- enforcer:3.6.2:enforce (display-info) @ parameterized-scheduler ---
[INFO] Rule 0: io.jenkins.tools.incrementals.enforcer.RequireExtensionVersion passed
[INFO] Rule 1: org.apache.maven.enforcer.rules.version.RequireMavenVersion passed
[INFO] Rule 2: org.apache.maven.enforcer.rules.version.RequireJavaVersion passed
[INFO] Rule 3: org.codehaus.mojo.extraenforcer.dependencies.EnforceBytecodeVersion passed
[INFO] Rule 4: org.apache.maven.enforcer.rules.dependency.BannedDependencies passed
[INFO] Rule 5: org.apache.maven.enforcer.rules.dependency.BannedDependencies passed
[INFO] Ignoring requireUpperBoundDeps in org.ow2.asm:asm
[INFO] Rule 6: org.apache.maven.enforcer.rules.dependency.RequireUpperBoundDeps passed
[INFO] 
[INFO] --- enforcer:3.6.2:enforce (no-snapshots-in-release) @ parameterized-scheduler ---
[INFO] Rule 0: org.apache.maven.enforcer.rules.dependency.RequireReleaseDeps passed
[INFO] 
[INFO] --- localizer:1.31:generate (default) @ parameterized-scheduler ---
[INFO] 
[INFO] --- enforcer:3.6.2:enforce (check-junit-imports) @ parameterized-scheduler ---
[INFO] Skipping Rule Enforcement.
[INFO] 
[INFO] --- resources:3.3.1:resources (default-resources) @ parameterized-scheduler ---
[INFO] Copying 5 resources from src/main/resources to target/classes
[INFO] 
[INFO] --- flatten:1.7.3:flatten (flatten) @ parameterized-scheduler ---
[INFO] Generating flattened POM of project org.jenkins-ci.plugins:parameterized-scheduler:hpi:999999-SNAPSHOT...
[INFO] 
[INFO] --- compiler:3.14.1:compile (default-compile) @ parameterized-scheduler ---
[INFO] Recompiling the module because of changed source code.
[INFO] Compiling 9 source files with javac [debug parameters release 17] to target/classes
[INFO] org.jenkinsci.plugins.parameterizedscheduler.Cron indexed under hudson.Extension
[INFO] org.jenkinsci.plugins.parameterizedscheduler.DescriptorImpl indexed under hudson.Extension
[INFO] /tmp/plugin-builds/parameterized-scheduler/src/main/java/org/jenkinsci/plugins/parameterizedscheduler/ParameterizedTimerTrigger.java:[36,16] Generating org/jenkinsci/plugins/parameterizedscheduler/ParameterizedTimerTrigger.stapler
[INFO] /tmp/plugin-builds/parameterized-scheduler/src/main/java/org/jenkinsci/plugins/parameterizedscheduler/DescriptorImpl.java:[53,31] Generating org/jenkinsci/plugins/parameterizedscheduler/DescriptorImpl/doCheckParameterizedSpecification.stapler
[INFO] /tmp/plugin-builds/parameterized-scheduler/src/main/java/org/jenkinsci/plugins/parameterizedscheduler/ParameterizedStaplerRequest.java: /tmp/plugin-builds/parameterized-scheduler/src/main/java/org/jenkinsci/plugins/parameterizedscheduler/ParameterizedStaplerRequest.java uses or overrides a deprecated API.
[INFO] /tmp/plugin-builds/parameterized-scheduler/src/main/java/org/jenkinsci/plugins/parameterizedscheduler/ParameterizedStaplerRequest.java: Recompile with -Xlint:deprecation for details.
[INFO] /tmp/plugin-builds/parameterized-scheduler/src/main/java/org/jenkinsci/plugins/parameterizedscheduler/ParameterizedStaplerRequest.java: Some input files use unchecked or unsafe operations.
[INFO] /tmp/plugin-builds/parameterized-scheduler/src/main/java/org/jenkinsci/plugins/parameterizedscheduler/ParameterizedStaplerRequest.java: Recompile with -Xlint:unchecked for details.
[INFO] 
[INFO] --- access-modifier-checker:1.35:enforce (default-enforce) @ parameterized-scheduler ---
[INFO] 
[INFO] --- bridge-method-injector:1.32:process (default) @ parameterized-scheduler ---
[INFO] 
[INFO] --- hpi:3.1762.vd3ff902a_5b_c4:insert-test (default-insert-test) @ parameterized-scheduler ---
[INFO] 
[INFO] --- antrun:3.1.0:run (createTempDir) @ parameterized-scheduler ---
[INFO] Executing tasks
[INFO]     [mkdir] Created dir: /tmp/plugin-builds/parameterized-scheduler/target/tmp
[INFO] Executed tasks
[INFO] 
[INFO] --- resources:3.3.1:testResources (default-testResources) @ parameterized-scheduler ---
[INFO] Not copying test resources
[INFO] 
[INFO] --- compiler:3.14.1:testCompile (default-testCompile) @ parameterized-scheduler ---
[INFO] Not compiling test sources
[INFO] 
[INFO] --- hpi:3.1762.vd3ff902a_5b_c4:test-hpl (default-test-hpl) @ parameterized-scheduler ---
[INFO] Generating /tmp/plugin-builds/parameterized-scheduler/target/test-classes/the.hpl
[INFO] 
[INFO] --- hpi:3.1762.vd3ff902a_5b_c4:resolve-test-dependencies (default-resolve-test-dependencies) @ parameterized-scheduler ---
[INFO] 
[INFO] --- hpi:3.1762.vd3ff902a_5b_c4:test-runtime (default-test-runtime) @ parameterized-scheduler ---
[INFO] Tests are skipped.
[INFO] 
[INFO] --- surefire:3.5.4:test (default-test) @ parameterized-scheduler ---
[INFO] Tests are skipped.
[INFO] 
[INFO] --- license:184.v19c87b_6b_a_9a_c:process (default) @ parameterized-scheduler ---
[INFO] Generated /tmp/plugin-builds/parameterized-scheduler/target/parameterized-scheduler/WEB-INF/licenses.xml
[INFO] 
[INFO] --- hpi:3.1762.vd3ff902a_5b_c4:hpi (default-hpi) @ parameterized-scheduler ---
[INFO] Generating /tmp/plugin-builds/parameterized-scheduler/target/parameterized-scheduler/META-INF/MANIFEST.MF
[INFO] Checking for attached .jar artifact ...
[INFO] Generating jar /tmp/plugin-builds/parameterized-scheduler/target/parameterized-scheduler.jar
[INFO] Building jar: /tmp/plugin-builds/parameterized-scheduler/target/parameterized-scheduler.jar
[INFO] Exploding webapp...
[INFO] Copy webapp webResources to /tmp/plugin-builds/parameterized-scheduler/target/parameterized-scheduler
[INFO] Assembling webapp parameterized-scheduler in /tmp/plugin-builds/parameterized-scheduler/target/parameterized-scheduler
[INFO] Generating hpi /tmp/plugin-builds/parameterized-scheduler/target/parameterized-scheduler.hpi
[INFO] Building jar: /tmp/plugin-builds/parameterized-scheduler/target/parameterized-scheduler.hpi
[INFO] 
[INFO] --- jar:3.4.2:test-jar (maybe-test-jar) @ parameterized-scheduler ---
[INFO] Skipping packaging of the test-jar
[INFO] 
[INFO] >>> spotbugs:4.9.6.0:check (spotbugs) > :spotbugs @ parameterized-scheduler >>>
[INFO] 
[INFO] --- spotbugs:4.9.6.0:spotbugs (spotbugs) @ parameterized-scheduler ---
[INFO] Fork Value is true
[INFO] Done SpotBugs Analysis....
[INFO] Skipping com.github.spotbugs:spotbugs-maven-plugin:4.9.6.0:spotbugs report goal
[INFO] 
[INFO] <<< spotbugs:4.9.6.0:check (spotbugs) < :spotbugs @ parameterized-scheduler <<<
[INFO] 
[INFO] 
[INFO] --- spotbugs:4.9.6.0:check (spotbugs) @ parameterized-scheduler ---
[INFO] BugInstance size is 0
[INFO] Error size is 0
[INFO] No errors/warnings found
[INFO] 
[INFO] --- spotless:3.0.0:check (default) @ parameterized-scheduler ---
[INFO] Spotless check skipped
[INFO] 
[INFO] --- install:3.1.4:install (default-install) @ parameterized-scheduler ---
[INFO] Installing /tmp/plugin-builds/parameterized-scheduler/target/parameterized-scheduler-999999-SNAPSHOT.pom to /home/runner/.m2/repository/org/jenkins-ci/plugins/parameterized-scheduler/999999-SNAPSHOT/parameterized-scheduler-999999-SNAPSHOT.pom
[INFO] Installing /tmp/plugin-builds/parameterized-scheduler/target/parameterized-scheduler.hpi to /home/runner/.m2/repository/org/jenkins-ci/plugins/parameterized-scheduler/999999-SNAPSHOT/parameterized-scheduler-999999-SNAPSHOT.hpi
[INFO] Installing /tmp/plugin-builds/parameterized-scheduler/target/parameterized-scheduler.jar to /home/runner/.m2/repository/org/jenkins-ci/plugins/parameterized-scheduler/999999-SNAPSHOT/parameterized-scheduler-999999-SNAPSHOT.jar
[INFO] ------------------------------------------------------------------------
[INFO] BUILD SUCCESS
[INFO] ------------------------------------------------------------------------
[INFO] Total time:  57.258 s
[INFO] Finished at: 2025-10-21T02:53:36Z
[INFO] ------------------------------------------------------------------------
