[INFO] Scanning for projects...
[INFO] Artifact org.jenkins-ci.tools:maven-hpi-plugin:pom:3.1795.v6fb_496fc129b_ is present in the local repository, but cached from a remote repository ID that is unavailable in current build context, verifying that is downloadable from [incrementals (https://repo.jenkins-ci.org/incrementals/, default, releases), central (https://repo.maven.apache.org/maven2, default, releases)]
[INFO] Artifact org.jenkins-ci.tools:maven-hpi-plugin:pom:3.1795.v6fb_496fc129b_ is present in the local repository, but cached from a remote repository ID that is unavailable in current build context, verifying that is downloadable from [incrementals (https://repo.jenkins-ci.org/incrementals/, default, releases), central (https://repo.maven.apache.org/maven2, default, releases)]
[WARNING] The POM for org.jenkins-ci.tools:maven-hpi-plugin:jar:3.1795.v6fb_496fc129b_ is missing, no dependency information available
[INFO] Artifact org.jenkins-ci.tools:maven-hpi-plugin:jar:3.1795.v6fb_496fc129b_ is present in the local repository, but cached from a remote repository ID that is unavailable in current build context, verifying that is downloadable from [incrementals (https://repo.jenkins-ci.org/incrementals/, default, releases), central (https://repo.maven.apache.org/maven2, default, releases)]
[INFO] Artifact org.jenkins-ci.tools:maven-hpi-plugin:jar:3.1795.v6fb_496fc129b_ is present in the local repository, but cached from a remote repository ID that is unavailable in current build context, verifying that is downloadable from [incrementals (https://repo.jenkins-ci.org/incrementals/, default, releases), central (https://repo.maven.apache.org/maven2, default, releases)]
[WARNING] Failed to build parent project for org.jenkins-ci.plugins:pipeline-stage-step:hpi:999999-SNAPSHOT
[INFO] 
[INFO] -------------< org.jenkins-ci.plugins:pipeline-stage-step >-------------
[INFO] Building Pipeline: Stage Step 999999-SNAPSHOT
[INFO]   from pom.xml
[INFO] --------------------------------[ hpi ]---------------------------------
[INFO] 
[INFO] --- clean:3.5.0:clean (default-clean) @ pipeline-stage-step ---
[INFO] 
[INFO] --- hpi:3.1795.v6fb_496fc129b_:validate (default-validate) @ pipeline-stage-step ---
[INFO] Created marker file /tmp/plugin-builds/pipeline-stage-step/target/java-level/17
[INFO] Setting maven.compiler.release to 17
[INFO] Setting maven.compiler.testRelease to 17
[WARNING] Skipping enforceBytecodeVersion; will run on next invocation.
[INFO] 
[INFO] --- hpi:3.1795.v6fb_496fc129b_:validate-hpi (default-validate-hpi) @ pipeline-stage-step ---
[INFO] 
[INFO] --- enforcer:3.6.2:enforce (display-info) @ pipeline-stage-step ---
[INFO] Rule 0: io.jenkins.tools.incrementals.enforcer.RequireExtensionVersion passed
[INFO] Rule 1: org.apache.maven.enforcer.rules.version.RequireMavenVersion passed
[INFO] Rule 2: org.apache.maven.enforcer.rules.version.RequireJavaVersion passed
[INFO] Rule 3: org.apache.maven.enforcer.rules.RequirePluginVersions passed
[INFO] Rule 4: org.apache.maven.enforcer.rules.dependency.BannedDependencies passed
[INFO] Rule 5: org.apache.maven.enforcer.rules.dependency.BannedDependencies passed
[INFO] Rule 6: org.apache.maven.enforcer.rules.dependency.RequireUpperBoundDeps passed
[INFO] 
[INFO] --- enforcer:3.6.2:enforce (no-snapshots-in-release) @ pipeline-stage-step ---
[INFO] Rule 0: org.apache.maven.enforcer.rules.dependency.RequireReleaseDeps passed
[INFO] 
[INFO] --- localizer:1.31:generate (default) @ pipeline-stage-step ---
[INFO] 
[INFO] --- enforcer:3.6.2:enforce (check-junit-imports) @ pipeline-stage-step ---
[INFO] Rule 0: org.apache.maven.plugins.enforcer.RestrictImports passed
[INFO] 
[INFO] --- resources:3.4.0:resources (default-resources) @ pipeline-stage-step ---
[INFO] Copying 5 resources from src/main/resources to target/classes
[INFO] 
[INFO] --- flatten:1.7.3:flatten (flatten) @ pipeline-stage-step ---
[INFO] Generating flattened POM of project org.jenkins-ci.plugins:pipeline-stage-step:hpi:999999-SNAPSHOT...
[INFO] 
[INFO] --- compiler:3.14.1:compile (default-compile) @ pipeline-stage-step ---
[INFO] Recompiling the module because of changed source code.
[INFO] Compiling 3 source files with javac [debug parameters release 17] to target/classes
[INFO] org.jenkinsci.plugins.workflow.support.steps.StageStep.DescriptorImpl indexed under hudson.Extension
[INFO] /tmp/plugin-builds/pipeline-stage-step/src/main/java/org/jenkinsci/plugins/workflow/support/steps/StageStep.java:[50,34] Generating org/jenkinsci/plugins/workflow/support/steps/StageStep.stapler
[INFO] 
[INFO] --- access-modifier-checker:1.35:enforce (default-enforce) @ pipeline-stage-step ---
[INFO] 
[INFO] --- bridge-method-injector:1.32:process (default) @ pipeline-stage-step ---
[INFO] 
[INFO] --- hpi:3.1795.v6fb_496fc129b_:insert-test (default-insert-test) @ pipeline-stage-step ---
[INFO] 
[INFO] --- antrun:3.2.0:run (createTempDir) @ pipeline-stage-step ---
[INFO] Executing tasks
[INFO]     [mkdir] Created dir: /tmp/plugin-builds/pipeline-stage-step/target/tmp
[INFO] Executed tasks
[INFO] 
[INFO] --- resources:3.4.0:testResources (default-testResources) @ pipeline-stage-step ---
[INFO] Not copying test resources
[INFO] 
[INFO] --- compiler:3.14.1:testCompile (default-testCompile) @ pipeline-stage-step ---
[INFO] Not compiling test sources
[INFO] 
[INFO] --- hpi:3.1795.v6fb_496fc129b_:test-hpl (default-test-hpl) @ pipeline-stage-step ---
[INFO] Generating /tmp/plugin-builds/pipeline-stage-step/target/test-classes/the.hpl
[INFO] 
[INFO] --- hpi:3.1795.v6fb_496fc129b_:resolve-test-dependencies (default-resolve-test-dependencies) @ pipeline-stage-step ---
[INFO] 
[INFO] --- hpi:3.1795.v6fb_496fc129b_:test-runtime (default-test-runtime) @ pipeline-stage-step ---
[INFO] Tests are skipped.
[INFO] 
[INFO] --- surefire:3.5.4:test (default-test) @ pipeline-stage-step ---
[INFO] Tests are skipped.
[INFO] 
[INFO] --- license:184.v19c87b_6b_a_9a_c:process (default) @ pipeline-stage-step ---
[INFO] Generated /tmp/plugin-builds/pipeline-stage-step/target/pipeline-stage-step/WEB-INF/licenses.xml
[INFO] 
[INFO] --- hpi:3.1795.v6fb_496fc129b_:hpi (default-hpi) @ pipeline-stage-step ---
[INFO] Generating /tmp/plugin-builds/pipeline-stage-step/target/pipeline-stage-step/META-INF/MANIFEST.MF
[INFO] Checking for attached .jar artifact ...
[INFO] Generating jar /tmp/plugin-builds/pipeline-stage-step/target/pipeline-stage-step.jar
[INFO] Building jar: /tmp/plugin-builds/pipeline-stage-step/target/pipeline-stage-step.jar
[INFO] Exploding webapp...
[INFO] Copy webapp webResources to /tmp/plugin-builds/pipeline-stage-step/target/pipeline-stage-step
[INFO] Assembling webapp pipeline-stage-step in /tmp/plugin-builds/pipeline-stage-step/target/pipeline-stage-step
[INFO] Generating hpi /tmp/plugin-builds/pipeline-stage-step/target/pipeline-stage-step.hpi
[INFO] Building jar: /tmp/plugin-builds/pipeline-stage-step/target/pipeline-stage-step.hpi
[INFO] 
[INFO] --- jar:3.5.0:test-jar (maybe-test-jar) @ pipeline-stage-step ---
[INFO] Skipping packaging of the test-jar
[INFO] 
[INFO] >>> spotbugs:4.9.8.2:check (spotbugs) > :spotbugs @ pipeline-stage-step >>>
[INFO] 
[INFO] --- spotbugs:4.9.8.2:spotbugs (spotbugs) @ pipeline-stage-step ---
[INFO] Fork Value is true
[INFO] Done SpotBugs Analysis....
[INFO] Skipping com.github.spotbugs:spotbugs-maven-plugin:4.9.8.2:spotbugs report goal
[INFO] 
[INFO] <<< spotbugs:4.9.8.2:check (spotbugs) < :spotbugs @ pipeline-stage-step <<<
[INFO] 
[INFO] 
[INFO] --- spotbugs:4.9.8.2:check (spotbugs) @ pipeline-stage-step ---
[INFO] BugInstance size is 0
[INFO] Error size is 0
[INFO] No errors/warnings found
[INFO] 
[INFO] --- spotless:3.1.0:check (default) @ pipeline-stage-step ---
[INFO] Spotless check skipped
[INFO] 
[INFO] --- install:3.1.4:install (default-install) @ pipeline-stage-step ---
[INFO] Installing /tmp/plugin-builds/pipeline-stage-step/target/pipeline-stage-step-999999-SNAPSHOT.pom to /home/runner/.m2/repository/org/jenkins-ci/plugins/pipeline-stage-step/999999-SNAPSHOT/pipeline-stage-step-999999-SNAPSHOT.pom
[INFO] Installing /tmp/plugin-builds/pipeline-stage-step/target/pipeline-stage-step.hpi to /home/runner/.m2/repository/org/jenkins-ci/plugins/pipeline-stage-step/999999-SNAPSHOT/pipeline-stage-step-999999-SNAPSHOT.hpi
[INFO] Installing /tmp/plugin-builds/pipeline-stage-step/target/pipeline-stage-step.jar to /home/runner/.m2/repository/org/jenkins-ci/plugins/pipeline-stage-step/999999-SNAPSHOT/pipeline-stage-step-999999-SNAPSHOT.jar
[INFO] ------------------------------------------------------------------------
[INFO] BUILD SUCCESS
[INFO] ------------------------------------------------------------------------
[INFO] Total time:  54.435 s
[INFO] Finished at: 2026-01-20T02:12:06Z
[INFO] ------------------------------------------------------------------------
