WARNING: A terminally deprecated method in sun.misc.Unsafe has been called
WARNING: sun.misc.Unsafe::staticFieldBase has been called by com.google.inject.internal.aop.HiddenClassDefiner (file:/home/poddingue/.sdkman/candidates/maven/current/lib/guice-5.1.0-classes.jar)
WARNING: Please consider reporting this to the maintainers of class com.google.inject.internal.aop.HiddenClassDefiner
WARNING: sun.misc.Unsafe::staticFieldBase will be removed in a future release
[INFO] Scanning for projects...
[INFO] 
[INFO] Using the MultiThreadedBuilder implementation with a thread count of 4
[INFO] 
[INFO] -----------< org.jenkins-ci.plugins:pipeline-milestone-step >-----------
[INFO] Building Pipeline: Milestone Step 999999-SNAPSHOT
[INFO]   from pom.xml
[INFO] --------------------------------[ hpi ]---------------------------------
[INFO] 
[INFO] --- clean:3.4.1:clean (default-clean) @ pipeline-milestone-step ---
[INFO] 
[INFO] --- hpi:3.65:validate (default-validate) @ pipeline-milestone-step ---
[INFO] Created marker file /tmp/plugin-builds/pipeline-milestone-step/target/java-level/17
[INFO] 
[INFO] --- hpi:3.65:validate-hpi (default-validate-hpi) @ pipeline-milestone-step ---
[INFO] 
[INFO] --- enforcer:3.5.0:enforce (display-info) @ pipeline-milestone-step ---
[INFO] Rule 0: io.jenkins.tools.incrementals.enforcer.RequireExtensionVersion passed
[INFO] Rule 1: org.apache.maven.enforcer.rules.version.RequireMavenVersion passed
[INFO] Rule 2: org.apache.maven.enforcer.rules.version.RequireJavaVersion passed
[INFO] Rule 3: org.codehaus.mojo.extraenforcer.dependencies.EnforceBytecodeVersion passed
[INFO] Rule 4: org.apache.maven.enforcer.rules.dependency.BannedDependencies passed
[INFO] Rule 5: org.apache.maven.enforcer.rules.dependency.BannedDependencies passed
[INFO] Rule 6: org.apache.maven.enforcer.rules.dependency.RequireUpperBoundDeps passed
[INFO] 
[INFO] --- enforcer:3.5.0:enforce (no-snapshots-in-release) @ pipeline-milestone-step ---
[INFO] Rule 0: org.apache.maven.enforcer.rules.dependency.RequireReleaseDeps passed
[INFO] 
[INFO] --- localizer:1.31:generate (default) @ pipeline-milestone-step ---
[INFO] 
[INFO] --- resources:3.3.1:resources (default-resources) @ pipeline-milestone-step ---
[INFO] Copying 6 resources from src/main/resources to target/classes
[INFO] 
[INFO] --- flatten:1.7.0:flatten (flatten) @ pipeline-milestone-step ---
[INFO] Generating flattened POM of project org.jenkins-ci.plugins:pipeline-milestone-step:hpi:999999-SNAPSHOT...
[INFO] 
[INFO] --- compiler:3.14.0:compile (default-compile) @ pipeline-milestone-step ---
[INFO] Recompiling the module because of changed source code.
[INFO] Compiling 7 source files with javac [debug parameters release 17] to target/classes
[INFO] org.jenkinsci.plugins.pipeline.milestone.DefaultMilestoneStorage indexed under hudson.Extension
[INFO] org.jenkinsci.plugins.pipeline.milestone.MilestoneStep.DescriptorImpl indexed under hudson.Extension
[INFO] org.jenkinsci.plugins.pipeline.milestone.MilestoneStepExecution.Listener indexed under hudson.Extension
[INFO] org.jenkinsci.plugins.pipeline.milestone.MilestoneStepExecution.ItemListenerImpl indexed under hudson.Extension
[INFO] org.jenkinsci.plugins.pipeline.milestone.MilestoneStepExecution.FlowExecutionListenerImpl indexed under hudson.Extension
[INFO] /tmp/plugin-builds/pipeline-milestone-step/src/main/java/org/jenkinsci/plugins/pipeline/milestone/MilestoneStep.java:[75,12] Generating org/jenkinsci/plugins/pipeline/milestone/MilestoneStep.stapler
[INFO] /tmp/plugin-builds/pipeline-milestone-step/src/main/java/org/jenkinsci/plugins/pipeline/milestone/CancelledCause.java:[36,14] Generating org/jenkinsci/plugins/pipeline/milestone/CancelledCause.javadoc
[INFO] 
[INFO] --- access-modifier-checker:1.35:enforce (default-enforce) @ pipeline-milestone-step ---
[INFO] 
[INFO] --- bridge-method-injector:1.31:process (default) @ pipeline-milestone-step ---
[INFO] 
[INFO] --- hpi:3.65:insert-test (default-insert-test) @ pipeline-milestone-step ---
[INFO] 
[INFO] --- antrun:3.1.0:run (createTempDir) @ pipeline-milestone-step ---
[INFO] Executing tasks
[INFO]     [mkdir] Created dir: /tmp/plugin-builds/pipeline-milestone-step/target/tmp
[INFO] Executed tasks
[INFO] 
[INFO] --- resources:3.3.1:testResources (default-testResources) @ pipeline-milestone-step ---
[INFO] Not copying test resources
[INFO] 
[INFO] --- compiler:3.14.0:testCompile (default-testCompile) @ pipeline-milestone-step ---
[INFO] Not compiling test sources
[INFO] 
[INFO] --- hpi:3.65:test-hpl (default-test-hpl) @ pipeline-milestone-step ---
[INFO] Generating /tmp/plugin-builds/pipeline-milestone-step/target/test-classes/the.hpl
[INFO] 
[INFO] --- hpi:3.65:resolve-test-dependencies (default-resolve-test-dependencies) @ pipeline-milestone-step ---
[INFO] 
[INFO] --- hpi:3.65:test-runtime (default-test-runtime) @ pipeline-milestone-step ---
[INFO] Tests are skipped.
[INFO] 
[INFO] --- surefire:3.5.3:test (default-test) @ pipeline-milestone-step ---
[INFO] Tests are skipped.
[INFO] 
[INFO] --- license:165.v7e11f4e4a_325:process (default) @ pipeline-milestone-step ---
[INFO] ------------------------------------------------------------------------
[INFO] BUILD FAILURE
[INFO] ------------------------------------------------------------------------
[INFO] Total time:  23.875 s (Wall Clock)
[INFO] Finished at: 2025-09-01T09:08:46+02:00
[INFO] ------------------------------------------------------------------------
[ERROR] BUG! exception in phase 'semantic analysis' in source unit 'inlineScript' Unsupported class file major version 69 -> [Help 1]
[ERROR] BUG! exception in phase 'semantic analysis' in source unit 'inlineScript' Unsupported class file major version 69
[ERROR] 
[ERROR] To see the full stack trace of the errors, re-run Maven with the -e switch.
[ERROR] Re-run Maven using the -X switch to enable full debug logging.
[ERROR] 
[ERROR] For more information about the errors and possible solutions, please read the following articles:
[ERROR] [Help 1] http://cwiki.apache.org/confluence/display/MAVEN/GroovyBugError
