WARNING: A restricted method in java.lang.System has been called
WARNING: java.lang.System::load has been called by org.fusesource.jansi.internal.JansiLoader in an unnamed module (file:/home/poddingue/.sdkman/candidates/maven/current/lib/jansi-2.4.1.jar)
WARNING: Use --enable-native-access=ALL-UNNAMED to avoid a warning for callers in this module
WARNING: Restricted methods will be blocked in a future release unless native access is enabled

WARNING: A terminally deprecated method in sun.misc.Unsafe has been called
WARNING: sun.misc.Unsafe::objectFieldOffset has been called by com.google.common.util.concurrent.AbstractFuture$UnsafeAtomicHelper (file:/home/poddingue/.sdkman/candidates/maven/current/lib/guava-33.2.1-jre.jar)
WARNING: Please consider reporting this to the maintainers of class com.google.common.util.concurrent.AbstractFuture$UnsafeAtomicHelper
WARNING: sun.misc.Unsafe::objectFieldOffset will be removed in a future release
[INFO] Scanning for projects...
[INFO] 
[INFO] -------------< org.jenkins-ci.plugins:pipeline-build-step >-------------
[INFO] Building Pipeline: Build Step 999999-SNAPSHOT
[INFO]   from pom.xml
[INFO] --------------------------------[ hpi ]---------------------------------
[INFO] 
[INFO] --- clean:3.4.1:clean (default-clean) @ pipeline-build-step ---
[INFO] 
[INFO] --- hpi:3.65:validate (default-validate) @ pipeline-build-step ---
[INFO] Created marker file /tmp/plugin-builds/pipeline-build-step/target/java-level/17
[INFO] 
[INFO] --- hpi:3.65:validate-hpi (default-validate-hpi) @ pipeline-build-step ---
[INFO] 
[INFO] --- enforcer:3.5.0:enforce (display-info) @ pipeline-build-step ---
[INFO] Rule 0: io.jenkins.tools.incrementals.enforcer.RequireExtensionVersion passed
[INFO] Rule 1: org.apache.maven.enforcer.rules.version.RequireMavenVersion passed
[INFO] Rule 2: org.apache.maven.enforcer.rules.version.RequireJavaVersion passed
[INFO] Rule 3: org.codehaus.mojo.extraenforcer.dependencies.EnforceBytecodeVersion passed
[INFO] Rule 4: org.apache.maven.enforcer.rules.dependency.BannedDependencies passed
[INFO] Rule 5: org.apache.maven.enforcer.rules.dependency.BannedDependencies passed
[INFO] Rule 6: org.apache.maven.enforcer.rules.dependency.RequireUpperBoundDeps passed
[INFO] 
[INFO] --- enforcer:3.5.0:enforce (no-snapshots-in-release) @ pipeline-build-step ---
[INFO] Rule 0: org.apache.maven.enforcer.rules.dependency.RequireReleaseDeps passed
[INFO] 
[INFO] --- localizer:1.31:generate (default) @ pipeline-build-step ---
[INFO] 
[INFO] --- resources:3.3.1:resources (default-resources) @ pipeline-build-step ---
[INFO] Copying 18 resources from src/main/resources to target/classes
[INFO] 
[INFO] --- flatten:1.7.0:flatten (flatten) @ pipeline-build-step ---
[INFO] Generating flattened POM of project org.jenkins-ci.plugins:pipeline-build-step:hpi:999999-SNAPSHOT...
[INFO] 
[INFO] --- compiler:3.14.0:compile (default-compile) @ pipeline-build-step ---
[INFO] Recompiling the module because of changed source code.
[INFO] Compiling 15 source files with javac [debug parameters release 17] to target/classes
[INFO] org.jenkinsci.plugins.workflow.support.steps.build.BuildQueueListener indexed under hudson.Extension
[INFO] org.jenkinsci.plugins.workflow.support.steps.build.BuildTriggerListener indexed under hudson.Extension
[INFO] org.jenkinsci.plugins.workflow.support.steps.build.BuildTriggerStep.DescriptorImpl indexed under hudson.Extension
[INFO] org.jenkinsci.plugins.workflow.support.steps.build.WaitForBuildListener indexed under hudson.Extension
[INFO] org.jenkinsci.plugins.workflow.support.steps.build.WaitForBuildStep.DescriptorImpl indexed under hudson.Extension
[INFO] /tmp/plugin-builds/pipeline-build-step/src/main/java/org/jenkinsci/plugins/workflow/support/steps/build/BuildTriggerStep.java:[65,12] Generating org/jenkinsci/plugins/workflow/support/steps/build/BuildTriggerStep.stapler
[INFO] /tmp/plugin-builds/pipeline-build-step/src/main/java/org/jenkinsci/plugins/workflow/support/steps/build/WaitForBuildStep.java:[30,12] Generating org/jenkinsci/plugins/workflow/support/steps/build/WaitForBuildStep.stapler
[INFO] /tmp/plugin-builds/pipeline-build-step/src/main/java/org/jenkinsci/plugins/workflow/support/steps/build/BuildTriggerStep.java:[241,41] Generating org/jenkinsci/plugins/workflow/support/steps/build/BuildTriggerStep/DescriptorImpl/doAutoCompleteJob.stapler
[INFO] /tmp/plugin-builds/pipeline-build-step/src/main/java/org/jenkinsci/plugins/workflow/support/steps/build/BuildTriggerStep.java:[311,31] Generating org/jenkinsci/plugins/workflow/support/steps/build/BuildTriggerStep/DescriptorImpl/doCheckPropagate.stapler
[INFO] /tmp/plugin-builds/pipeline-build-step/src/main/java/org/jenkinsci/plugins/workflow/support/steps/build/BuildTriggerStep.java:[332,31] Generating org/jenkinsci/plugins/workflow/support/steps/build/BuildTriggerStep/DescriptorImpl/doCheckJob.stapler
[INFO] /tmp/plugin-builds/pipeline-build-step/src/main/java/org/jenkinsci/plugins/workflow/support/steps/build/BuildTriggerStep.java:[318,31] Generating org/jenkinsci/plugins/workflow/support/steps/build/BuildTriggerStep/DescriptorImpl/doCheckWait.stapler
[INFO] /tmp/plugin-builds/pipeline-build-step/src/main/java/org/jenkinsci/plugins/workflow/support/steps/build/WaitForBuildStep.java:[82,27] Generating org/jenkinsci/plugins/workflow/support/steps/build/WaitForBuildStep/doCheckRunId.stapler
[INFO] /tmp/plugin-builds/pipeline-build-step/src/main/java/org/jenkinsci/plugins/workflow/support/steps/build/BuildTriggerStepExecution.java: /tmp/plugin-builds/pipeline-build-step/src/main/java/org/jenkinsci/plugins/workflow/support/steps/build/BuildTriggerStepExecution.java uses or overrides a deprecated API.
[INFO] /tmp/plugin-builds/pipeline-build-step/src/main/java/org/jenkinsci/plugins/workflow/support/steps/build/BuildTriggerStepExecution.java: Recompile with -Xlint:deprecation for details.
[INFO] /tmp/plugin-builds/pipeline-build-step/src/main/java/org/jenkinsci/plugins/workflow/support/steps/build/BuildTriggerStep.java: /tmp/plugin-builds/pipeline-build-step/src/main/java/org/jenkinsci/plugins/workflow/support/steps/build/BuildTriggerStep.java uses unchecked or unsafe operations.
[INFO] /tmp/plugin-builds/pipeline-build-step/src/main/java/org/jenkinsci/plugins/workflow/support/steps/build/BuildTriggerStep.java: Recompile with -Xlint:unchecked for details.
[INFO] 
[INFO] --- access-modifier-checker:1.35:enforce (default-enforce) @ pipeline-build-step ---
[INFO] Skipping access modifier checks
[INFO] 
[INFO] --- bridge-method-injector:1.31:process (default) @ pipeline-build-step ---
[INFO] 
[INFO] --- hpi:3.65:insert-test (default-insert-test) @ pipeline-build-step ---
[INFO] 
[INFO] --- antrun:3.1.0:run (createTempDir) @ pipeline-build-step ---
[INFO] Executing tasks
[INFO]     [mkdir] Created dir: /tmp/plugin-builds/pipeline-build-step/target/tmp
[INFO] Executed tasks
[INFO] 
[INFO] --- resources:3.3.1:testResources (default-testResources) @ pipeline-build-step ---
[INFO] Not copying test resources
[INFO] 
[INFO] --- compiler:3.14.0:testCompile (default-testCompile) @ pipeline-build-step ---
[INFO] Not compiling test sources
[INFO] 
[INFO] --- hpi:3.65:test-hpl (default-test-hpl) @ pipeline-build-step ---
[INFO] Generating /tmp/plugin-builds/pipeline-build-step/target/test-classes/the.hpl
[INFO] 
[INFO] --- hpi:3.65:resolve-test-dependencies (default-resolve-test-dependencies) @ pipeline-build-step ---
[INFO] 
[INFO] --- hpi:3.65:test-runtime (default-test-runtime) @ pipeline-build-step ---
[INFO] Tests are skipped.
[INFO] 
[INFO] --- surefire:3.5.3:test (default-test) @ pipeline-build-step ---
[INFO] Tests are skipped.
[INFO] 
[INFO] --- license:165.v7e11f4e4a_325:process (default) @ pipeline-build-step ---
[INFO] 
[INFO] --- hpi:3.65:hpi (default-hpi) @ pipeline-build-step ---
[INFO] Generating /tmp/plugin-builds/pipeline-build-step/target/pipeline-build-step/META-INF/MANIFEST.MF
[INFO] Checking for attached .jar artifact ...
[INFO] Generating jar /tmp/plugin-builds/pipeline-build-step/target/pipeline-build-step.jar
[INFO] Building jar: /tmp/plugin-builds/pipeline-build-step/target/pipeline-build-step.jar
[INFO] Exploding webapp...
[INFO] Copy webapp webResources to /tmp/plugin-builds/pipeline-build-step/target/pipeline-build-step
[INFO] Assembling webapp pipeline-build-step in /tmp/plugin-builds/pipeline-build-step/target/pipeline-build-step
[INFO] Generating hpi /tmp/plugin-builds/pipeline-build-step/target/pipeline-build-step.hpi
[INFO] Building jar: /tmp/plugin-builds/pipeline-build-step/target/pipeline-build-step.hpi
[INFO] 
[INFO] --- jar:3.4.2:test-jar (maybe-test-jar) @ pipeline-build-step ---
[INFO] Skipping packaging of the test-jar
[INFO] 
[INFO] >>> spotbugs:4.9.3.0:check (spotbugs) > :spotbugs @ pipeline-build-step >>>
[INFO] 
[INFO] --- spotbugs:4.9.3.0:spotbugs (spotbugs) @ pipeline-build-step ---
[INFO] Skipping com.github.spotbugs:spotbugs-maven-plugin:4.9.3.0:spotbugs report goal
[INFO] 
[INFO] <<< spotbugs:4.9.3.0:check (spotbugs) < :spotbugs @ pipeline-build-step <<<
[INFO] 
[INFO] 
[INFO] --- spotbugs:4.9.3.0:check (spotbugs) @ pipeline-build-step ---
[INFO] Spotbugs plugin skipped
[INFO] 
[INFO] --- spotless:2.44.4:check (default) @ pipeline-build-step ---
[INFO] Spotless check skipped
[INFO] 
[INFO] --- install:3.1.4:install (default-install) @ pipeline-build-step ---
[INFO] Installing /tmp/plugin-builds/pipeline-build-step/target/pipeline-build-step-999999-SNAPSHOT.pom to /home/poddingue/.m2/repository/org/jenkins-ci/plugins/pipeline-build-step/999999-SNAPSHOT/pipeline-build-step-999999-SNAPSHOT.pom
[INFO] Installing /tmp/plugin-builds/pipeline-build-step/target/pipeline-build-step.hpi to /home/poddingue/.m2/repository/org/jenkins-ci/plugins/pipeline-build-step/999999-SNAPSHOT/pipeline-build-step-999999-SNAPSHOT.hpi
[INFO] Installing /tmp/plugin-builds/pipeline-build-step/target/pipeline-build-step.jar to /home/poddingue/.m2/repository/org/jenkins-ci/plugins/pipeline-build-step/999999-SNAPSHOT/pipeline-build-step-999999-SNAPSHOT.jar
[INFO] ------------------------------------------------------------------------
[INFO] BUILD SUCCESS
[INFO] ------------------------------------------------------------------------
[INFO] Total time:  9.412 s
[INFO] Finished at: 2025-07-02T10:36:35+02:00
[INFO] ------------------------------------------------------------------------
