[INFO] Scanning for projects...
[INFO] Artifact org.jenkins-ci.tools:maven-hpi-plugin:pom:3.1762.vd3ff902a_5b_c4 is present in the local repository, but cached from a remote repository ID that is unavailable in current build context, verifying that is downloadable from [incrementals (https://repo.jenkins-ci.org/incrementals/, default, releases), central (https://repo.maven.apache.org/maven2, default, releases)]
[INFO] Artifact org.jenkins-ci.tools:maven-hpi-plugin:pom:3.1762.vd3ff902a_5b_c4 is present in the local repository, but cached from a remote repository ID that is unavailable in current build context, verifying that is downloadable from [incrementals (https://repo.jenkins-ci.org/incrementals/, default, releases), central (https://repo.maven.apache.org/maven2, default, releases)]
[WARNING] The POM for org.jenkins-ci.tools:maven-hpi-plugin:jar:3.1762.vd3ff902a_5b_c4 is missing, no dependency information available
[INFO] Artifact org.jenkins-ci.tools:maven-hpi-plugin:jar:3.1762.vd3ff902a_5b_c4 is present in the local repository, but cached from a remote repository ID that is unavailable in current build context, verifying that is downloadable from [incrementals (https://repo.jenkins-ci.org/incrementals/, default, releases), central (https://repo.maven.apache.org/maven2, default, releases)]
[INFO] Artifact org.jenkins-ci.tools:maven-hpi-plugin:jar:3.1762.vd3ff902a_5b_c4 is present in the local repository, but cached from a remote repository ID that is unavailable in current build context, verifying that is downloadable from [incrementals (https://repo.jenkins-ci.org/incrementals/, default, releases), central (https://repo.maven.apache.org/maven2, default, releases)]
[WARNING] Failed to build parent project for org.jenkinsci.plugins:pipeline-model-parent:pom:999999-SNAPSHOT
[INFO] ------------------------------------------------------------------------
[INFO] Reactor Build Order:
[INFO] 
[INFO] Pipeline: Model Parent POM                                         [pom]
[INFO] Pipeline: Stage Tags Metadata                                      [hpi]
[INFO] Pipeline: Model API                                                [hpi]
[INFO] Pipeline: Declarative Extension Points API                         [hpi]
[INFO] Pipeline: Declarative                                              [hpi]
[INFO] 
[INFO] ------------< org.jenkinsci.plugins:pipeline-model-parent >-------------
[INFO] Building Pipeline: Model Parent POM 999999-SNAPSHOT                [1/5]
[INFO]   from pom.xml
[INFO] --------------------------------[ pom ]---------------------------------
[INFO] 
[INFO] --- clean:3.5.0:clean (default-clean) @ pipeline-model-parent ---
[INFO] 
[INFO] --- enforcer:3.6.2:enforce (display-info) @ pipeline-model-parent ---
[INFO] Rule 0: io.jenkins.tools.incrementals.enforcer.RequireExtensionVersion passed
[INFO] Rule 1: org.apache.maven.enforcer.rules.version.RequireMavenVersion passed
[INFO] Rule 2: org.apache.maven.enforcer.rules.version.RequireJavaVersion passed
[INFO] Rule 3: org.apache.maven.enforcer.rules.RequirePluginVersions passed
[INFO] Rule 4: org.codehaus.mojo.extraenforcer.dependencies.EnforceBytecodeVersion passed
[INFO] Rule 5: org.apache.maven.enforcer.rules.dependency.BannedDependencies passed
[INFO] Rule 6: org.apache.maven.enforcer.rules.dependency.BannedDependencies passed
[INFO] Rule 7: org.apache.maven.enforcer.rules.dependency.RequireUpperBoundDeps passed
[INFO] 
[INFO] --- enforcer:3.6.2:enforce (no-snapshots-in-release) @ pipeline-model-parent ---
[INFO] Rule 0: org.apache.maven.enforcer.rules.dependency.RequireReleaseDeps passed
[INFO] 
[INFO] --- localizer:1.31:generate (default) @ pipeline-model-parent ---
[INFO] 
[INFO] --- enforcer:3.6.2:enforce (check-junit-imports) @ pipeline-model-parent ---
[INFO] Skipping Rule Enforcement.
[INFO] 
[INFO] --- flatten:1.7.3:flatten (flatten) @ pipeline-model-parent ---
[INFO] Generating flattened POM of project org.jenkinsci.plugins:pipeline-model-parent:pom:999999-SNAPSHOT...
[INFO] 
[INFO] --- bridge-method-injector:1.32:process (default) @ pipeline-model-parent ---
[INFO] 
[INFO] --- antrun:3.2.0:run (createTempDir) @ pipeline-model-parent ---
[INFO] Executing tasks
[INFO]     [mkdir] Created dir: /tmp/plugin-builds/pipeline-model-api/target/tmp
[INFO] Executed tasks
[INFO] 
[INFO] --- license:184.v19c87b_6b_a_9a_c:process (default) @ pipeline-model-parent ---
[INFO] Generated /tmp/plugin-builds/pipeline-model-api/target/pipeline-model-parent/WEB-INF/licenses.xml
[INFO] 
[INFO] --- jar:3.4.2:test-jar (maybe-test-jar) @ pipeline-model-parent ---
[INFO] Skipping packaging of the test-jar
[INFO] 
[INFO] >>> spotbugs:4.9.8.1:check (spotbugs) > :spotbugs @ pipeline-model-parent >>>
[INFO] 
[INFO] --- spotbugs:4.9.8.1:spotbugs (spotbugs) @ pipeline-model-parent ---
[INFO] No files found to run spotbugs, check compile phase has been run
[INFO] Skipping com.github.spotbugs:spotbugs-maven-plugin:4.9.8.1:spotbugs report goal
[INFO] 
[INFO] <<< spotbugs:4.9.8.1:check (spotbugs) < :spotbugs @ pipeline-model-parent <<<
[INFO] 
[INFO] 
[INFO] --- spotbugs:4.9.8.1:check (spotbugs) @ pipeline-model-parent ---
[INFO] 
[INFO] --- spotless:3.0.0:check (default) @ pipeline-model-parent ---
[INFO] Spotless check skipped
[INFO] 
[INFO] --- install:3.1.4:install (default-install) @ pipeline-model-parent ---
[INFO] Installing /tmp/plugin-builds/pipeline-model-api/target/pipeline-model-parent-999999-SNAPSHOT.pom to /home/runner/.m2/repository/org/jenkinsci/plugins/pipeline-model-parent/999999-SNAPSHOT/pipeline-model-parent-999999-SNAPSHOT.pom
[INFO] 
[INFO] ---------< org.jenkinsci.plugins:pipeline-stage-tags-metadata >---------
[INFO] Building Pipeline: Stage Tags Metadata 999999-SNAPSHOT             [2/5]
[INFO]   from pipeline-stage-tags-metadata/pom.xml
[INFO] --------------------------------[ hpi ]---------------------------------
[INFO] 
[INFO] --- clean:3.5.0:clean (default-clean) @ pipeline-stage-tags-metadata ---
[INFO] 
[INFO] --- hpi:3.1762.vd3ff902a_5b_c4:validate (default-validate) @ pipeline-stage-tags-metadata ---
[INFO] Created marker file /tmp/plugin-builds/pipeline-model-api/pipeline-stage-tags-metadata/target/java-level/17
[INFO] 
[INFO] --- hpi:3.1762.vd3ff902a_5b_c4:validate-hpi (default-validate-hpi) @ pipeline-stage-tags-metadata ---
[INFO] 
[INFO] --- enforcer:3.6.2:enforce (display-info) @ pipeline-stage-tags-metadata ---
[INFO] Rule 3: org.apache.maven.enforcer.rules.RequirePluginVersions passed
[INFO] Rule 4: org.codehaus.mojo.extraenforcer.dependencies.EnforceBytecodeVersion passed
[INFO] Rule 5: org.apache.maven.enforcer.rules.dependency.BannedDependencies passed
[INFO] Rule 6: org.apache.maven.enforcer.rules.dependency.BannedDependencies passed
[INFO] Ignoring requireUpperBoundDeps in org.ow2.asm:asm
[INFO] Rule 7: org.apache.maven.enforcer.rules.dependency.RequireUpperBoundDeps passed
[INFO] 
[INFO] --- enforcer:3.6.2:enforce (no-snapshots-in-release) @ pipeline-stage-tags-metadata ---
[INFO] Rule 0: org.apache.maven.enforcer.rules.dependency.RequireReleaseDeps passed
[INFO] 
[INFO] --- localizer:1.31:generate (default) @ pipeline-stage-tags-metadata ---
[INFO] 
[INFO] --- enforcer:3.6.2:enforce (check-junit-imports) @ pipeline-stage-tags-metadata ---
[INFO] Skipping Rule Enforcement.
[INFO] 
[INFO] --- resources:3.3.1:resources (default-resources) @ pipeline-stage-tags-metadata ---
[INFO] Copying 1 resource from src/main/resources to target/classes
[INFO] 
[INFO] --- flatten:1.7.3:flatten (flatten) @ pipeline-stage-tags-metadata ---
[INFO] Generating flattened POM of project org.jenkinsci.plugins:pipeline-stage-tags-metadata:hpi:999999-SNAPSHOT...
[INFO] 
[INFO] --- compiler:3.14.1:compile (default-compile) @ pipeline-stage-tags-metadata ---
[INFO] Recompiling the module because of changed source code.
[INFO] Compiling 3 source files with javac [debug parameters release 17] to target/classes
[WARNING] unknown enum constant javax.annotation.meta.When.ALWAYS
  reason: class file for javax.annotation.meta.When not found
[INFO] org.jenkinsci.plugins.pipeline.StageStatus indexed under hudson.Extension
[INFO] org.jenkinsci.plugins.pipeline.SyntheticStage indexed under hudson.Extension
[WARNING] unknown enum constant javax.annotation.meta.When.ALWAYS
  reason: class file for javax.annotation.meta.When not found
[WARNING] unknown enum constant javax.annotation.meta.When.ALWAYS
  reason: class file for javax.annotation.meta.When not found
[INFO] 
[INFO] --- access-modifier-checker:1.35:enforce (default-enforce) @ pipeline-stage-tags-metadata ---
[INFO] 
[INFO] --- bridge-method-injector:1.32:process (default) @ pipeline-stage-tags-metadata ---
[INFO] 
[INFO] --- hpi:3.1762.vd3ff902a_5b_c4:insert-test (default-insert-test) @ pipeline-stage-tags-metadata ---
[INFO] 
[INFO] --- antrun:3.2.0:run (createTempDir) @ pipeline-stage-tags-metadata ---
[INFO] Executing tasks
[INFO]     [mkdir] Created dir: /tmp/plugin-builds/pipeline-model-api/pipeline-stage-tags-metadata/target/tmp
[INFO] Executed tasks
[INFO] 
[INFO] --- resources:3.3.1:testResources (default-testResources) @ pipeline-stage-tags-metadata ---
[INFO] Not copying test resources
[INFO] 
[INFO] --- compiler:3.14.1:testCompile (default-testCompile) @ pipeline-stage-tags-metadata ---
[INFO] Not compiling test sources
[INFO] 
[INFO] --- hpi:3.1762.vd3ff902a_5b_c4:test-hpl (default-test-hpl) @ pipeline-stage-tags-metadata ---
[INFO] Generating /tmp/plugin-builds/pipeline-model-api/pipeline-stage-tags-metadata/target/test-classes/the.hpl
[INFO] 
[INFO] --- hpi:3.1762.vd3ff902a_5b_c4:resolve-test-dependencies (default-resolve-test-dependencies) @ pipeline-stage-tags-metadata ---
[INFO] 
[INFO] --- hpi:3.1762.vd3ff902a_5b_c4:test-runtime (default-test-runtime) @ pipeline-stage-tags-metadata ---
[INFO] Tests are skipped.
[INFO] 
[INFO] --- surefire:3.5.4:test (default-test) @ pipeline-stage-tags-metadata ---
[INFO] Tests are skipped.
[INFO] 
[INFO] --- license:184.v19c87b_6b_a_9a_c:process (default) @ pipeline-stage-tags-metadata ---
[INFO] Generated /tmp/plugin-builds/pipeline-model-api/pipeline-stage-tags-metadata/target/pipeline-stage-tags-metadata/WEB-INF/licenses.xml
[INFO] 
[INFO] --- hpi:3.1762.vd3ff902a_5b_c4:hpi (default-hpi) @ pipeline-stage-tags-metadata ---
[INFO] Generating /tmp/plugin-builds/pipeline-model-api/pipeline-stage-tags-metadata/target/pipeline-stage-tags-metadata/META-INF/MANIFEST.MF
[INFO] Checking for attached .jar artifact ...
[INFO] Generating jar /tmp/plugin-builds/pipeline-model-api/pipeline-stage-tags-metadata/target/pipeline-stage-tags-metadata.jar
[INFO] Building jar: /tmp/plugin-builds/pipeline-model-api/pipeline-stage-tags-metadata/target/pipeline-stage-tags-metadata.jar
[INFO] Exploding webapp...
[INFO] Copy webapp webResources to /tmp/plugin-builds/pipeline-model-api/pipeline-stage-tags-metadata/target/pipeline-stage-tags-metadata
[INFO] Assembling webapp pipeline-stage-tags-metadata in /tmp/plugin-builds/pipeline-model-api/pipeline-stage-tags-metadata/target/pipeline-stage-tags-metadata
[INFO] Generating hpi /tmp/plugin-builds/pipeline-model-api/pipeline-stage-tags-metadata/target/pipeline-stage-tags-metadata.hpi
[INFO] Building jar: /tmp/plugin-builds/pipeline-model-api/pipeline-stage-tags-metadata/target/pipeline-stage-tags-metadata.hpi
[INFO] 
[INFO] --- jar:3.4.2:test-jar (maybe-test-jar) @ pipeline-stage-tags-metadata ---
[INFO] Skipping packaging of the test-jar
[INFO] 
[INFO] >>> spotbugs:4.9.8.1:check (spotbugs) > :spotbugs @ pipeline-stage-tags-metadata >>>
[INFO] 
[INFO] --- spotbugs:4.9.8.1:spotbugs (spotbugs) @ pipeline-stage-tags-metadata ---
[INFO] Fork Value is true
[INFO] Done SpotBugs Analysis....
[INFO] Skipping com.github.spotbugs:spotbugs-maven-plugin:4.9.8.1:spotbugs report goal
[INFO] 
[INFO] <<< spotbugs:4.9.8.1:check (spotbugs) < :spotbugs @ pipeline-stage-tags-metadata <<<
[INFO] 
[INFO] 
[INFO] --- spotbugs:4.9.8.1:check (spotbugs) @ pipeline-stage-tags-metadata ---
[INFO] BugInstance size is 0
[INFO] Error size is 0
[INFO] No errors/warnings found
[INFO] 
[INFO] --- spotless:3.0.0:check (default) @ pipeline-stage-tags-metadata ---
[INFO] Spotless check skipped
[INFO] 
[INFO] --- install:3.1.4:install (default-install) @ pipeline-stage-tags-metadata ---
[INFO] Installing /tmp/plugin-builds/pipeline-model-api/pipeline-stage-tags-metadata/target/pipeline-stage-tags-metadata-999999-SNAPSHOT.pom to /home/runner/.m2/repository/org/jenkinsci/plugins/pipeline-stage-tags-metadata/999999-SNAPSHOT/pipeline-stage-tags-metadata-999999-SNAPSHOT.pom
[INFO] Installing /tmp/plugin-builds/pipeline-model-api/pipeline-stage-tags-metadata/target/pipeline-stage-tags-metadata.hpi to /home/runner/.m2/repository/org/jenkinsci/plugins/pipeline-stage-tags-metadata/999999-SNAPSHOT/pipeline-stage-tags-metadata-999999-SNAPSHOT.hpi
[INFO] Installing /tmp/plugin-builds/pipeline-model-api/pipeline-stage-tags-metadata/target/pipeline-stage-tags-metadata.jar to /home/runner/.m2/repository/org/jenkinsci/plugins/pipeline-stage-tags-metadata/999999-SNAPSHOT/pipeline-stage-tags-metadata-999999-SNAPSHOT.jar
[INFO] 
[INFO] --------------< org.jenkinsci.plugins:pipeline-model-api >--------------
[INFO] Building Pipeline: Model API 999999-SNAPSHOT                       [3/5]
[INFO]   from pipeline-model-api/pom.xml
[INFO] --------------------------------[ hpi ]---------------------------------
[INFO] 
[INFO] --- clean:3.5.0:clean (default-clean) @ pipeline-model-api ---
[INFO] 
[INFO] --- hpi:3.1762.vd3ff902a_5b_c4:validate (default-validate) @ pipeline-model-api ---
[INFO] Created marker file /tmp/plugin-builds/pipeline-model-api/pipeline-model-api/target/java-level/17
[INFO] 
[INFO] --- hpi:3.1762.vd3ff902a_5b_c4:validate-hpi (default-validate-hpi) @ pipeline-model-api ---
[INFO] 
[INFO] --- enforcer:3.6.2:enforce (display-info) @ pipeline-model-api ---
[INFO] Rule 3: org.apache.maven.enforcer.rules.RequirePluginVersions passed
[INFO] Rule 4: org.codehaus.mojo.extraenforcer.dependencies.EnforceBytecodeVersion passed
[INFO] Rule 5: org.apache.maven.enforcer.rules.dependency.BannedDependencies passed
[INFO] Rule 6: org.apache.maven.enforcer.rules.dependency.BannedDependencies passed
[INFO] Rule 7: org.apache.maven.enforcer.rules.dependency.RequireUpperBoundDeps passed
[INFO] 
[INFO] --- enforcer:3.6.2:enforce (no-snapshots-in-release) @ pipeline-model-api ---
[INFO] Rule 0: org.apache.maven.enforcer.rules.dependency.RequireReleaseDeps passed
[INFO] 
[INFO] --- localizer:1.31:generate (default) @ pipeline-model-api ---
[INFO] 
[INFO] --- enforcer:3.6.2:enforce (check-junit-imports) @ pipeline-model-api ---
[INFO] Skipping Rule Enforcement.
[INFO] 
[INFO] --- resources:3.3.1:resources (default-resources) @ pipeline-model-api ---
[INFO] Copying 3 resources from src/main/resources to target/classes
[INFO] 
[INFO] --- flatten:1.7.3:flatten (flatten) @ pipeline-model-api ---
[INFO] Generating flattened POM of project org.jenkinsci.plugins:pipeline-model-api:hpi:999999-SNAPSHOT...
[INFO] 
[INFO] --- compiler:3.14.1:compile (default-compile) @ pipeline-model-api ---
[INFO] Recompiling the module because of changed source code.
[INFO] Compiling 58 source files with javac [debug parameters release 17] to target/classes
[WARNING] unknown enum constant javax.annotation.meta.When.MAYBE
  reason: class file for javax.annotation.meta.When not found
[WARNING] unknown enum constant javax.annotation.meta.When.ALWAYS
[INFO] org.jenkinsci.plugins.pipeline.modeldefinition.ASTSchema indexed under hudson.Extension
[INFO] org.jenkinsci.plugins.pipeline.modeldefinition.DescriptorLookupCache indexed under hudson.Extension
[WARNING] unknown enum constant javax.annotation.meta.When.MAYBE
  reason: class file for javax.annotation.meta.When not found
[WARNING] unknown enum constant javax.annotation.meta.When.ALWAYS
[WARNING] unknown enum constant javax.annotation.meta.When.MAYBE
  reason: class file for javax.annotation.meta.When not found
[WARNING] unknown enum constant javax.annotation.meta.When.ALWAYS
[INFO] 
[INFO] --- access-modifier-checker:1.35:enforce (default-enforce) @ pipeline-model-api ---
[INFO] 
[INFO] --- bridge-method-injector:1.32:process (default) @ pipeline-model-api ---
[INFO] 
[INFO] --- hpi:3.1762.vd3ff902a_5b_c4:insert-test (default-insert-test) @ pipeline-model-api ---
[INFO] 
[INFO] --- antrun:3.2.0:run (createTempDir) @ pipeline-model-api ---
[INFO] Executing tasks
[INFO]     [mkdir] Created dir: /tmp/plugin-builds/pipeline-model-api/pipeline-model-api/target/tmp
[INFO] Executed tasks
[INFO] 
[INFO] --- resources:3.3.1:testResources (default-testResources) @ pipeline-model-api ---
[INFO] Not copying test resources
[INFO] 
[INFO] --- compiler:3.14.1:testCompile (default-testCompile) @ pipeline-model-api ---
[INFO] Not compiling test sources
[INFO] 
[INFO] --- hpi:3.1762.vd3ff902a_5b_c4:test-hpl (default-test-hpl) @ pipeline-model-api ---
[INFO] Generating /tmp/plugin-builds/pipeline-model-api/pipeline-model-api/target/test-classes/the.hpl
[INFO] 
[INFO] --- hpi:3.1762.vd3ff902a_5b_c4:resolve-test-dependencies (default-resolve-test-dependencies) @ pipeline-model-api ---
[INFO] 
[INFO] --- hpi:3.1762.vd3ff902a_5b_c4:test-runtime (default-test-runtime) @ pipeline-model-api ---
[INFO] Tests are skipped.
[INFO] 
[INFO] --- surefire:3.5.4:test (default-test) @ pipeline-model-api ---
[INFO] Tests are skipped.
[INFO] 
[INFO] --- license:184.v19c87b_6b_a_9a_c:process (default) @ pipeline-model-api ---
[INFO] Generated /tmp/plugin-builds/pipeline-model-api/pipeline-model-api/target/pipeline-model-api/WEB-INF/licenses.xml
[INFO] 
[INFO] --- hpi:3.1762.vd3ff902a_5b_c4:hpi (default-hpi) @ pipeline-model-api ---
[INFO] Generating /tmp/plugin-builds/pipeline-model-api/pipeline-model-api/target/pipeline-model-api/META-INF/MANIFEST.MF
[INFO] Checking for attached .jar artifact ...
[INFO] Generating jar /tmp/plugin-builds/pipeline-model-api/pipeline-model-api/target/pipeline-model-api.jar
[INFO] Building jar: /tmp/plugin-builds/pipeline-model-api/pipeline-model-api/target/pipeline-model-api.jar
[INFO] Exploding webapp...
[INFO] Copy webapp webResources to /tmp/plugin-builds/pipeline-model-api/pipeline-model-api/target/pipeline-model-api
[INFO] Assembling webapp pipeline-model-api in /tmp/plugin-builds/pipeline-model-api/pipeline-model-api/target/pipeline-model-api
[INFO] Bundling transitive dependency btf-1.3.jar (via json-schema-validator)
[INFO] Bundling transitive dependency jackson-coreutils-equivalence-1.0.jar (via json-schema-validator)
[INFO] Bundling transitive dependency jackson-coreutils-2.0.jar (via json-schema-validator)
[INFO] Bundling transitive dependency json-schema-core-1.2.14.jar (via json-schema-validator)
[INFO] Bundling direct dependency json-schema-validator-2.2.14.jar
[INFO] Bundling transitive dependency msg-simple-1.2.jar (via json-schema-validator)
[INFO] Bundling transitive dependency uri-template-0.10.jar (via json-schema-validator)
[INFO] Bundling transitive dependency libphonenumber-8.11.1.jar (via json-schema-validator)
[INFO] Bundling transitive dependency mailapi-1.6.2.jar (via json-schema-validator)
[INFO] Bundling transitive dependency jopt-simple-5.0.4.jar (via json-schema-validator)
[INFO] Bundling transitive dependency rhino-1.8.0.jar (via json-schema-validator)
[INFO] Generating hpi /tmp/plugin-builds/pipeline-model-api/pipeline-model-api/target/pipeline-model-api.hpi
[INFO] Building jar: /tmp/plugin-builds/pipeline-model-api/pipeline-model-api/target/pipeline-model-api.hpi
[INFO] 
[INFO] --- jar:3.4.2:test-jar (maybe-test-jar) @ pipeline-model-api ---
[INFO] Skipping packaging of the test-jar
[INFO] 
[INFO] >>> spotbugs:4.9.8.1:check (spotbugs) > :spotbugs @ pipeline-model-api >>>
[INFO] 
[INFO] --- spotbugs:4.9.8.1:spotbugs (spotbugs) @ pipeline-model-api ---
[INFO] Fork Value is true
[INFO] Done SpotBugs Analysis....
[INFO] Skipping com.github.spotbugs:spotbugs-maven-plugin:4.9.8.1:spotbugs report goal
[INFO] 
[INFO] <<< spotbugs:4.9.8.1:check (spotbugs) < :spotbugs @ pipeline-model-api <<<
[INFO] 
[INFO] 
[INFO] --- spotbugs:4.9.8.1:check (spotbugs) @ pipeline-model-api ---
[INFO] BugInstance size is 0
[INFO] Error size is 0
[INFO] No errors/warnings found
[INFO] 
[INFO] --- spotless:3.0.0:check (default) @ pipeline-model-api ---
[INFO] Spotless check skipped
[INFO] 
[INFO] --- install:3.1.4:install (default-install) @ pipeline-model-api ---
[INFO] Installing /tmp/plugin-builds/pipeline-model-api/pipeline-model-api/target/pipeline-model-api-999999-SNAPSHOT.pom to /home/runner/.m2/repository/org/jenkinsci/plugins/pipeline-model-api/999999-SNAPSHOT/pipeline-model-api-999999-SNAPSHOT.pom
[INFO] Installing /tmp/plugin-builds/pipeline-model-api/pipeline-model-api/target/pipeline-model-api.hpi to /home/runner/.m2/repository/org/jenkinsci/plugins/pipeline-model-api/999999-SNAPSHOT/pipeline-model-api-999999-SNAPSHOT.hpi
[INFO] Installing /tmp/plugin-builds/pipeline-model-api/pipeline-model-api/target/pipeline-model-api.jar to /home/runner/.m2/repository/org/jenkinsci/plugins/pipeline-model-api/999999-SNAPSHOT/pipeline-model-api-999999-SNAPSHOT.jar
[INFO] 
[INFO] ----------< org.jenkinsci.plugins:pipeline-model-extensions >-----------
[INFO] Building Pipeline: Declarative Extension Points API 999999-SNAPSHOT [4/5]
[INFO]   from pipeline-model-extensions/pom.xml
[INFO] --------------------------------[ hpi ]---------------------------------
[INFO] 
[INFO] --- clean:3.5.0:clean (default-clean) @ pipeline-model-extensions ---
[INFO] 
[INFO] --- hpi:3.1762.vd3ff902a_5b_c4:validate (default-validate) @ pipeline-model-extensions ---
[INFO] Created marker file /tmp/plugin-builds/pipeline-model-api/pipeline-model-extensions/target/java-level/17
[INFO] 
[INFO] --- hpi:3.1762.vd3ff902a_5b_c4:validate-hpi (default-validate-hpi) @ pipeline-model-extensions ---
[INFO] 
[INFO] --- enforcer:3.6.2:enforce (display-info) @ pipeline-model-extensions ---
[INFO] Rule 3: org.apache.maven.enforcer.rules.RequirePluginVersions passed
[INFO] Rule 4: org.codehaus.mojo.extraenforcer.dependencies.EnforceBytecodeVersion passed
[INFO] Rule 5: org.apache.maven.enforcer.rules.dependency.BannedDependencies passed
[INFO] Rule 6: org.apache.maven.enforcer.rules.dependency.BannedDependencies passed
[INFO] Ignoring requireUpperBoundDeps in org.ow2.asm:asm
[INFO] Rule 7: org.apache.maven.enforcer.rules.dependency.RequireUpperBoundDeps passed
[INFO] 
[INFO] --- enforcer:3.6.2:enforce (no-snapshots-in-release) @ pipeline-model-extensions ---
[INFO] Rule 0: org.apache.maven.enforcer.rules.dependency.RequireReleaseDeps passed
[INFO] 
[INFO] --- localizer:1.31:generate (default) @ pipeline-model-extensions ---
[INFO] 
[INFO] --- enforcer:3.6.2:enforce (check-junit-imports) @ pipeline-model-extensions ---
[INFO] Skipping Rule Enforcement.
[INFO] 
[INFO] --- resources:3.3.1:resources (default-resources) @ pipeline-model-extensions ---
[INFO] Copying 4 resources from src/main/resources to target/classes
[INFO] 
[INFO] --- flatten:1.7.3:flatten (flatten) @ pipeline-model-extensions ---
[INFO] Generating flattened POM of project org.jenkinsci.plugins:pipeline-model-extensions:hpi:999999-SNAPSHOT...
[INFO] 
[INFO] --- compiler:3.14.1:compile (default-compile) @ pipeline-model-extensions ---
[INFO] Recompiling the module because of changed dependency.
[INFO] Compiling 23 source files with javac [debug parameters release 17] to target/classes
[WARNING] unknown enum constant javax.annotation.meta.When.ALWAYS
  reason: class file for javax.annotation.meta.When not found
[WARNING] unknown enum constant javax.annotation.meta.When.UNKNOWN
[WARNING] unknown enum constant javax.annotation.meta.When.MAYBE
[INFO] org.jenkinsci.plugins.pipeline.modeldefinition.agent.DeclarativeAgent.CheckoutScriptAllowlist indexed under hudson.Extension
[INFO] org.jenkinsci.plugins.pipeline.modeldefinition.withscript.WithScriptDescriptor.WithScriptAllowlist indexed under hudson.Extension
[WARNING] unknown enum constant javax.annotation.meta.When.ALWAYS
  reason: class file for javax.annotation.meta.When not found
[WARNING] unknown enum constant javax.annotation.meta.When.UNKNOWN
[WARNING] unknown enum constant javax.annotation.meta.When.MAYBE
[WARNING] unknown enum constant javax.annotation.meta.When.ALWAYS
  reason: class file for javax.annotation.meta.When not found
[WARNING] unknown enum constant javax.annotation.meta.When.UNKNOWN
[WARNING] unknown enum constant javax.annotation.meta.When.MAYBE
[INFO] /tmp/plugin-builds/pipeline-model-api/pipeline-model-extensions/src/main/java/org/jenkinsci/plugins/pipeline/modeldefinition/CommonUtils.java: Some input files use or override a deprecated API.
[INFO] /tmp/plugin-builds/pipeline-model-api/pipeline-model-extensions/src/main/java/org/jenkinsci/plugins/pipeline/modeldefinition/CommonUtils.java: Recompile with -Xlint:deprecation for details.
[INFO] /tmp/plugin-builds/pipeline-model-api/pipeline-model-extensions/src/main/java/org/jenkinsci/plugins/pipeline/modeldefinition/withscript/WithScriptDescribable.java: Some input files use unchecked or unsafe operations.
[INFO] /tmp/plugin-builds/pipeline-model-api/pipeline-model-extensions/src/main/java/org/jenkinsci/plugins/pipeline/modeldefinition/withscript/WithScriptDescribable.java: Recompile with -Xlint:unchecked for details.
[INFO] 
[INFO] --- access-modifier-checker:1.35:enforce (default-enforce) @ pipeline-model-extensions ---
[INFO] 
[INFO] --- bridge-method-injector:1.32:process (default) @ pipeline-model-extensions ---
[INFO] 
[INFO] --- hpi:3.1762.vd3ff902a_5b_c4:insert-test (default-insert-test) @ pipeline-model-extensions ---
[INFO] 
[INFO] --- antrun:3.2.0:run (createTempDir) @ pipeline-model-extensions ---
[INFO] Executing tasks
[INFO]     [mkdir] Created dir: /tmp/plugin-builds/pipeline-model-api/pipeline-model-extensions/target/tmp
[INFO] Executed tasks
[INFO] 
[INFO] --- resources:3.3.1:testResources (default-testResources) @ pipeline-model-extensions ---
[INFO] Not copying test resources
[INFO] 
[INFO] --- compiler:3.14.1:testCompile (default-testCompile) @ pipeline-model-extensions ---
[INFO] Not compiling test sources
[INFO] 
[INFO] --- hpi:3.1762.vd3ff902a_5b_c4:test-hpl (default-test-hpl) @ pipeline-model-extensions ---
[INFO] Generating /tmp/plugin-builds/pipeline-model-api/pipeline-model-extensions/target/test-classes/the.hpl
[INFO] 
[INFO] --- hpi:3.1762.vd3ff902a_5b_c4:resolve-test-dependencies (default-resolve-test-dependencies) @ pipeline-model-extensions ---
[INFO] 
[INFO] --- hpi:3.1762.vd3ff902a_5b_c4:test-runtime (default-test-runtime) @ pipeline-model-extensions ---
[INFO] Tests are skipped.
[INFO] 
[INFO] --- surefire:3.5.4:test (default-test) @ pipeline-model-extensions ---
[INFO] Tests are skipped.
[INFO] 
[INFO] --- license:184.v19c87b_6b_a_9a_c:process (default) @ pipeline-model-extensions ---
[INFO] Generated /tmp/plugin-builds/pipeline-model-api/pipeline-model-extensions/target/pipeline-model-extensions/WEB-INF/licenses.xml
[INFO] 
[INFO] --- hpi:3.1762.vd3ff902a_5b_c4:hpi (default-hpi) @ pipeline-model-extensions ---
[INFO] Generating /tmp/plugin-builds/pipeline-model-api/pipeline-model-extensions/target/pipeline-model-extensions/META-INF/MANIFEST.MF
[INFO] Checking for attached .jar artifact ...
[INFO] Generating jar /tmp/plugin-builds/pipeline-model-api/pipeline-model-extensions/target/pipeline-model-extensions.jar
[INFO] Building jar: /tmp/plugin-builds/pipeline-model-api/pipeline-model-extensions/target/pipeline-model-extensions.jar
[INFO] Exploding webapp...
[INFO] Copy webapp webResources to /tmp/plugin-builds/pipeline-model-api/pipeline-model-extensions/target/pipeline-model-extensions
[INFO] Assembling webapp pipeline-model-extensions in /tmp/plugin-builds/pipeline-model-api/pipeline-model-extensions/target/pipeline-model-extensions
[INFO] Generating hpi /tmp/plugin-builds/pipeline-model-api/pipeline-model-extensions/target/pipeline-model-extensions.hpi
[INFO] Building jar: /tmp/plugin-builds/pipeline-model-api/pipeline-model-extensions/target/pipeline-model-extensions.hpi
[INFO] 
[INFO] --- jar:3.4.2:test-jar (maybe-test-jar) @ pipeline-model-extensions ---
[INFO] Skipping packaging of the test-jar
[INFO] 
[INFO] >>> spotbugs:4.9.8.1:check (spotbugs) > :spotbugs @ pipeline-model-extensions >>>
[INFO] 
[INFO] --- spotbugs:4.9.8.1:spotbugs (spotbugs) @ pipeline-model-extensions ---
[INFO] Fork Value is true
[INFO] Done SpotBugs Analysis....
[INFO] Skipping com.github.spotbugs:spotbugs-maven-plugin:4.9.8.1:spotbugs report goal
[INFO] 
[INFO] <<< spotbugs:4.9.8.1:check (spotbugs) < :spotbugs @ pipeline-model-extensions <<<
[INFO] 
[INFO] 
[INFO] --- spotbugs:4.9.8.1:check (spotbugs) @ pipeline-model-extensions ---
[INFO] BugInstance size is 0
[INFO] Error size is 0
[INFO] No errors/warnings found
[INFO] 
[INFO] --- spotless:3.0.0:check (default) @ pipeline-model-extensions ---
[INFO] Spotless check skipped
[INFO] 
[INFO] --- install:3.1.4:install (default-install) @ pipeline-model-extensions ---
[INFO] Installing /tmp/plugin-builds/pipeline-model-api/pipeline-model-extensions/target/pipeline-model-extensions-999999-SNAPSHOT.pom to /home/runner/.m2/repository/org/jenkinsci/plugins/pipeline-model-extensions/999999-SNAPSHOT/pipeline-model-extensions-999999-SNAPSHOT.pom
[INFO] Installing /tmp/plugin-builds/pipeline-model-api/pipeline-model-extensions/target/pipeline-model-extensions.hpi to /home/runner/.m2/repository/org/jenkinsci/plugins/pipeline-model-extensions/999999-SNAPSHOT/pipeline-model-extensions-999999-SNAPSHOT.hpi
[INFO] Installing /tmp/plugin-builds/pipeline-model-api/pipeline-model-extensions/target/pipeline-model-extensions.jar to /home/runner/.m2/repository/org/jenkinsci/plugins/pipeline-model-extensions/999999-SNAPSHOT/pipeline-model-extensions-999999-SNAPSHOT.jar
[INFO] 
[INFO] ----------< org.jenkinsci.plugins:pipeline-model-definition >-----------
[INFO] Building Pipeline: Declarative 999999-SNAPSHOT                     [5/5]
[INFO]   from pipeline-model-definition/pom.xml
[INFO] --------------------------------[ hpi ]---------------------------------
[INFO] 
[INFO] --- clean:3.5.0:clean (default-clean) @ pipeline-model-definition ---
[INFO] 
[INFO] --- hpi:3.1762.vd3ff902a_5b_c4:validate (default-validate) @ pipeline-model-definition ---
[INFO] Created marker file /tmp/plugin-builds/pipeline-model-api/pipeline-model-definition/target/java-level/17
[INFO] 
[INFO] --- hpi:3.1762.vd3ff902a_5b_c4:validate-hpi (default-validate-hpi) @ pipeline-model-definition ---
[INFO] 
[INFO] --- enforcer:3.6.2:enforce (display-info) @ pipeline-model-definition ---
[INFO] Rule 3: org.apache.maven.enforcer.rules.RequirePluginVersions passed
[INFO] Rule 4: org.codehaus.mojo.extraenforcer.dependencies.EnforceBytecodeVersion passed
[INFO] Rule 5: org.apache.maven.enforcer.rules.dependency.BannedDependencies passed
[INFO] Rule 6: org.apache.maven.enforcer.rules.dependency.BannedDependencies passed
[INFO] Ignoring requireUpperBoundDeps in org.ow2.asm:asm
[INFO] Rule 7: org.apache.maven.enforcer.rules.dependency.RequireUpperBoundDeps passed
[INFO] 
[INFO] --- enforcer:3.6.2:enforce (no-snapshots-in-release) @ pipeline-model-definition ---
[INFO] Rule 0: org.apache.maven.enforcer.rules.dependency.RequireReleaseDeps passed
[INFO] 
[INFO] --- localizer:1.31:generate (default) @ pipeline-model-definition ---
[INFO] 
[INFO] --- gplus:4.2.1:generateStubs (default) @ pipeline-model-definition ---
[INFO] Using isolated classloader, without GMavenPlus classpath.
[INFO] Using Groovy 2.4.21 to perform generateStubs.
[INFO] Generated 45 stubs.
[INFO] 
[INFO] --- enforcer:3.6.2:enforce (check-junit-imports) @ pipeline-model-definition ---
[INFO] Skipping Rule Enforcement.
[INFO] 
[INFO] --- resources:3.3.1:resources (default-resources) @ pipeline-model-definition ---
[INFO] Copying 189 resources from src/main/resources to target/classes
[INFO] 
[INFO] --- flatten:1.7.3:flatten (flatten) @ pipeline-model-definition ---
[INFO] Generating flattened POM of project org.jenkinsci.plugins:pipeline-model-definition:hpi:999999-SNAPSHOT...
[INFO] 
[INFO] --- compiler:3.14.1:compile (default-compile) @ pipeline-model-definition ---
[INFO] Recompiling the module because of changed dependency.
[INFO] Compiling 131 source files with javac [debug parameters release 17] to target/classes
[WARNING] unknown enum constant javax.annotation.meta.When.ALWAYS
  reason: class file for javax.annotation.meta.When not found
[WARNING] unknown enum constant javax.annotation.meta.When.MAYBE
[WARNING] unknown enum constant javax.annotation.meta.When.UNKNOWN
[INFO] org.jenkinsci.plugins.pipeline.modeldefinition.ModelStepLoader indexed under hudson.Extension
[INFO] org.jenkinsci.plugins.pipeline.modeldefinition.ModelStepLoader.ModelInterpreterAllowlist indexed under hudson.Extension
[INFO] org.jenkinsci.plugins.pipeline.modeldefinition.SyntheticStageGraphListener indexed under hudson.Extension
[INFO] org.jenkinsci.plugins.pipeline.modeldefinition.Upgrade indexed under hudson.Extension
[INFO] org.jenkinsci.plugins.pipeline.modeldefinition.Upgrade.Loader indexed under hudson.Extension
[INFO] org.jenkinsci.plugins.pipeline.modeldefinition.actions.RestartDeclarativePipelineAction.Factory indexed under hudson.Extension
[INFO] org.jenkinsci.plugins.pipeline.modeldefinition.agent.impl.Any.DescriptorImpl indexed under hudson.Extension
[INFO] org.jenkinsci.plugins.pipeline.modeldefinition.agent.impl.Label.DescriptorImpl indexed under hudson.Extension
[INFO] org.jenkinsci.plugins.pipeline.modeldefinition.agent.impl.None.DescriptorImpl indexed under hudson.Extension
[INFO] org.jenkinsci.plugins.pipeline.modeldefinition.cli.DeclarativeLinterCommand indexed under hudson.Extension
[INFO] org.jenkinsci.plugins.pipeline.modeldefinition.cli.RestartFromStageCommand indexed under hudson.Extension
[INFO] org.jenkinsci.plugins.pipeline.modeldefinition.credentials.impl.FileCredentialsHandler indexed under hudson.Extension
[INFO] org.jenkinsci.plugins.pipeline.modeldefinition.credentials.impl.SSHUserPrivateKeyHandler indexed under hudson.Extension
[INFO] org.jenkinsci.plugins.pipeline.modeldefinition.credentials.impl.StringCredentialsHandler indexed under hudson.Extension
[INFO] org.jenkinsci.plugins.pipeline.modeldefinition.credentials.impl.UsernamePasswordHandler indexed under hudson.Extension
[INFO] org.jenkinsci.plugins.pipeline.modeldefinition.endpoints.ModelConverterAction indexed under hudson.Extension
[INFO] org.jenkinsci.plugins.pipeline.modeldefinition.endpoints.ModelConverterAction.ModelConverterActionCrumbExclusion indexed under hudson.Extension
[INFO] org.jenkinsci.plugins.pipeline.modeldefinition.generator.AgentDirective.DescriptorImpl indexed under hudson.Extension
[INFO] org.jenkinsci.plugins.pipeline.modeldefinition.generator.AxesDirective.DescriptorImpl indexed under hudson.Extension
[INFO] org.jenkinsci.plugins.pipeline.modeldefinition.generator.AxisDirective.DescriptorImpl indexed under hudson.Extension
[INFO] org.jenkinsci.plugins.pipeline.modeldefinition.generator.DirectiveGenerator indexed under hudson.Extension
[INFO] org.jenkinsci.plugins.pipeline.modeldefinition.generator.DirectiveGenerator.PerWorkflowJobAdder indexed under hudson.Extension
[INFO] org.jenkinsci.plugins.pipeline.modeldefinition.generator.DirectiveGenerator.PerOrgFolderAdder indexed under hudson.Extension
[INFO] org.jenkinsci.plugins.pipeline.modeldefinition.generator.DirectiveGenerator.PerMultiBranchFolderAdder indexed under hudson.Extension
[INFO] org.jenkinsci.plugins.pipeline.modeldefinition.generator.DirectiveGenerator.DeclarativeDirectivesLink indexed under hudson.Extension
[INFO] org.jenkinsci.plugins.pipeline.modeldefinition.generator.DirectiveGenerator.DeclarativeOnlineDocsLink indexed under hudson.Extension
[INFO] org.jenkinsci.plugins.pipeline.modeldefinition.generator.EnvironmentDirective.DescriptorImpl indexed under hudson.Extension
[INFO] org.jenkinsci.plugins.pipeline.modeldefinition.generator.ExcludeDirective.DescriptorImpl indexed under hudson.Extension
[INFO] org.jenkinsci.plugins.pipeline.modeldefinition.generator.ExcludesDirective.DescriptorImpl indexed under hudson.Extension
[INFO] org.jenkinsci.plugins.pipeline.modeldefinition.generator.InputDirective.DescriptorImpl indexed under hudson.Extension
[INFO] org.jenkinsci.plugins.pipeline.modeldefinition.generator.LibrariesDirective.DescriptorImpl indexed under hudson.Extension
[INFO] org.jenkinsci.plugins.pipeline.modeldefinition.generator.MatrixDirective.DescriptorImpl indexed under hudson.Extension
[INFO] org.jenkinsci.plugins.pipeline.modeldefinition.generator.OptionsDirective.DescriptorImpl indexed under hudson.Extension
[INFO] org.jenkinsci.plugins.pipeline.modeldefinition.generator.ParametersDirective.DescriptorImpl indexed under hudson.Extension
[INFO] org.jenkinsci.plugins.pipeline.modeldefinition.generator.PostDirective.DescriptorImpl indexed under hudson.Extension
[INFO] org.jenkinsci.plugins.pipeline.modeldefinition.generator.StageDirective.DescriptorImpl indexed under hudson.Extension
[INFO] org.jenkinsci.plugins.pipeline.modeldefinition.generator.StagesDirective.DescriptorImpl indexed under hudson.Extension
[INFO] org.jenkinsci.plugins.pipeline.modeldefinition.generator.ToolsDirective.DescriptorImpl indexed under hudson.Extension
[INFO] org.jenkinsci.plugins.pipeline.modeldefinition.generator.TriggersDirective.DescriptorImpl indexed under hudson.Extension
[INFO] org.jenkinsci.plugins.pipeline.modeldefinition.generator.WhenDirective.DescriptorImpl indexed under hudson.Extension
[INFO] org.jenkinsci.plugins.pipeline.modeldefinition.options.impl.CheckoutToSubdirectory.DescriptorImpl indexed under hudson.Extension
[INFO] org.jenkinsci.plugins.pipeline.modeldefinition.options.impl.DisableRestartFromStage.DescriptorImpl indexed under hudson.Extension
[INFO] org.jenkinsci.plugins.pipeline.modeldefinition.options.impl.ParallelsAlwaysFailFast.DescriptorImpl indexed under hudson.Extension
[INFO] org.jenkinsci.plugins.pipeline.modeldefinition.options.impl.QuietPeriod.DescriptorImpl indexed under hudson.Extension
[INFO] org.jenkinsci.plugins.pipeline.modeldefinition.options.impl.SkipDefaultCheckout.DescriptorImpl indexed under hudson.Extension
[INFO] org.jenkinsci.plugins.pipeline.modeldefinition.options.impl.SkipStagesAfterUnstable.DescriptorImpl indexed under hudson.Extension
[INFO] org.jenkinsci.plugins.pipeline.modeldefinition.parser.GroovyShellDecoratorImpl indexed under hudson.Extension
[INFO] org.jenkinsci.plugins.pipeline.modeldefinition.parser.InternalCalls indexed under hudson.Extension
[INFO] org.jenkinsci.plugins.pipeline.modeldefinition.properties.PreserveStashesJobProperty.DescriptorImpl indexed under hudson.Extension
[INFO] org.jenkinsci.plugins.pipeline.modeldefinition.properties.PreserveStashesJobProperty.SaveStashes indexed under hudson.Extension
[INFO] org.jenkinsci.plugins.pipeline.modeldefinition.properties.PreserveStashesJobProperty.StashClearingListener indexed under hudson.Extension
[INFO] org.jenkinsci.plugins.pipeline.modeldefinition.properties.PreserveStashesJobProperty.ValidatorImpl indexed under hudson.Extension
[INFO] org.jenkinsci.plugins.pipeline.modeldefinition.steps.EnvVarsForToolStep.DescriptorImpl indexed under hudson.Extension
[INFO] org.jenkinsci.plugins.pipeline.modeldefinition.steps.ScriptStep.DescriptorImpl indexed under hudson.Extension
[INFO] org.jenkinsci.plugins.pipeline.modeldefinition.steps.ValidateDeclarativePipelineStep.DescriptorImpl indexed under hudson.Extension
[INFO] org.jenkinsci.plugins.pipeline.modeldefinition.validator.BlockedStepsAndMethodCalls indexed under hudson.Extension
[INFO] org.jenkinsci.plugins.pipeline.modeldefinition.validator.ParametersAndTriggersInOptions indexed under hudson.Extension
[INFO] org.jenkinsci.plugins.pipeline.modeldefinition.when.impl.AllOfConditional.DescriptorImpl indexed under hudson.Extension
[INFO] org.jenkinsci.plugins.pipeline.modeldefinition.when.impl.AnyOfConditional.DescriptorImpl indexed under hudson.Extension
[INFO] org.jenkinsci.plugins.pipeline.modeldefinition.when.impl.BranchConditional.DescriptorImpl indexed under hudson.Extension
[INFO] org.jenkinsci.plugins.pipeline.modeldefinition.when.impl.BuildingTagConditional.DescriptorImpl indexed under hudson.Extension
[INFO] org.jenkinsci.plugins.pipeline.modeldefinition.when.impl.ChangeLogConditional.DescriptorImpl indexed under hudson.Extension
[INFO] org.jenkinsci.plugins.pipeline.modeldefinition.when.impl.ChangeLogConditional.ChangelogConditionalScriptAllowlist indexed under hudson.Extension
[INFO] org.jenkinsci.plugins.pipeline.modeldefinition.when.impl.ChangeRequestConditional.DescriptorImpl indexed under hudson.Extension
[INFO] org.jenkinsci.plugins.pipeline.modeldefinition.when.impl.ChangeSetConditional.DescriptorImpl indexed under hudson.Extension
[INFO] org.jenkinsci.plugins.pipeline.modeldefinition.when.impl.DefaultChangeLogStrategy indexed under hudson.Extension
[INFO] org.jenkinsci.plugins.pipeline.modeldefinition.when.impl.EnvironmentConditional.DescriptorImpl indexed under hudson.Extension
[INFO] org.jenkinsci.plugins.pipeline.modeldefinition.when.impl.EqualsConditional.DescriptorImpl indexed under hudson.Extension
[INFO] org.jenkinsci.plugins.pipeline.modeldefinition.when.impl.ExpressionConditional.DescriptorImpl indexed under hudson.Extension
[INFO] org.jenkinsci.plugins.pipeline.modeldefinition.when.impl.IsRestartedRunConditional.DescriptorImpl indexed under hudson.Extension
[INFO] org.jenkinsci.plugins.pipeline.modeldefinition.when.impl.NotConditional.DescriptorImpl indexed under hudson.Extension
[INFO] org.jenkinsci.plugins.pipeline.modeldefinition.when.impl.TagConditional.DescriptorImpl indexed under hudson.Extension
[INFO] org.jenkinsci.plugins.pipeline.modeldefinition.when.impl.TriggeredByConditional.DescriptorImpl indexed under hudson.Extension
[INFO] org.jenkinsci.plugins.pipeline.modeldefinition.when.impl.WhenConditionalValidator indexed under hudson.Extension
[INFO] org.jenkinsci.plugins.pipeline.modeldefinition.model.conditions.Aborted indexed under hudson.Extension
[INFO] org.jenkinsci.plugins.pipeline.modeldefinition.model.conditions.Always indexed under hudson.Extension
[INFO] org.jenkinsci.plugins.pipeline.modeldefinition.model.conditions.Changed indexed under hudson.Extension
[INFO] org.jenkinsci.plugins.pipeline.modeldefinition.model.conditions.Cleanup indexed under hudson.Extension
[INFO] org.jenkinsci.plugins.pipeline.modeldefinition.model.conditions.Failure indexed under hudson.Extension
[INFO] org.jenkinsci.plugins.pipeline.modeldefinition.model.conditions.Fixed indexed under hudson.Extension
[INFO] org.jenkinsci.plugins.pipeline.modeldefinition.model.conditions.NotBuilt indexed under hudson.Extension
[INFO] org.jenkinsci.plugins.pipeline.modeldefinition.model.conditions.Regression indexed under hudson.Extension
[INFO] org.jenkinsci.plugins.pipeline.modeldefinition.model.conditions.Success indexed under hudson.Extension
[INFO] org.jenkinsci.plugins.pipeline.modeldefinition.model.conditions.Unstable indexed under hudson.Extension
[INFO] org.jenkinsci.plugins.pipeline.modeldefinition.model.conditions.Unsuccessful indexed under hudson.Extension
[INFO] /tmp/plugin-builds/pipeline-model-api/pipeline-model-definition/src/main/java/org/jenkinsci/plugins/pipeline/modeldefinition/agent/impl/Any.java:[39,12] Generating org/jenkinsci/plugins/pipeline/modeldefinition/agent/impl/Any.stapler
[INFO] /tmp/plugin-builds/pipeline-model-api/pipeline-model-definition/src/main/java/org/jenkinsci/plugins/pipeline/modeldefinition/agent/impl/Label.java:[49,12] Generating org/jenkinsci/plugins/pipeline/modeldefinition/agent/impl/Label.stapler
[INFO] /tmp/plugin-builds/pipeline-model-api/pipeline-model-definition/src/main/java/org/jenkinsci/plugins/pipeline/modeldefinition/agent/impl/None.java:[39,12] Generating org/jenkinsci/plugins/pipeline/modeldefinition/agent/impl/None.stapler
[INFO] /tmp/plugin-builds/pipeline-model-api/pipeline-model-definition/src/main/java/org/jenkinsci/plugins/pipeline/modeldefinition/generator/AgentDirective.java:[47,12] Generating org/jenkinsci/plugins/pipeline/modeldefinition/generator/AgentDirective.stapler
[INFO] /tmp/plugin-builds/pipeline-model-api/pipeline-model-definition/src/main/java/org/jenkinsci/plugins/pipeline/modeldefinition/generator/AxesDirective.java:[39,12] Generating org/jenkinsci/plugins/pipeline/modeldefinition/generator/AxesDirective.stapler
[INFO] /tmp/plugin-builds/pipeline-model-api/pipeline-model-definition/src/main/java/org/jenkinsci/plugins/pipeline/modeldefinition/generator/AxisDirective.java:[43,12] Generating org/jenkinsci/plugins/pipeline/modeldefinition/generator/AxisDirective.stapler
[INFO] /tmp/plugin-builds/pipeline-model-api/pipeline-model-definition/src/main/java/org/jenkinsci/plugins/pipeline/modeldefinition/generator/EnvironmentDirective.java:[100,16] Generating org/jenkinsci/plugins/pipeline/modeldefinition/generator/EnvironmentDirective/NameAndValue.stapler
[INFO] /tmp/plugin-builds/pipeline-model-api/pipeline-model-definition/src/main/java/org/jenkinsci/plugins/pipeline/modeldefinition/generator/EnvironmentDirective.java:[42,12] Generating org/jenkinsci/plugins/pipeline/modeldefinition/generator/EnvironmentDirective.stapler
[INFO] /tmp/plugin-builds/pipeline-model-api/pipeline-model-definition/src/main/java/org/jenkinsci/plugins/pipeline/modeldefinition/generator/ExcludeDirective.java:[40,12] Generating org/jenkinsci/plugins/pipeline/modeldefinition/generator/ExcludeDirective.stapler
[INFO] /tmp/plugin-builds/pipeline-model-api/pipeline-model-definition/src/main/java/org/jenkinsci/plugins/pipeline/modeldefinition/generator/ExcludesDirective.java:[39,12] Generating org/jenkinsci/plugins/pipeline/modeldefinition/generator/ExcludesDirective.stapler
[INFO] /tmp/plugin-builds/pipeline-model-api/pipeline-model-definition/src/main/java/org/jenkinsci/plugins/pipeline/modeldefinition/generator/InputDirective.java:[52,12] Generating org/jenkinsci/plugins/pipeline/modeldefinition/generator/InputDirective.stapler
[INFO] /tmp/plugin-builds/pipeline-model-api/pipeline-model-definition/src/main/java/org/jenkinsci/plugins/pipeline/modeldefinition/generator/LibrariesDirective.java:[102,16] Generating org/jenkinsci/plugins/pipeline/modeldefinition/generator/LibrariesDirective/NameAndVersion.stapler
[INFO] /tmp/plugin-builds/pipeline-model-api/pipeline-model-definition/src/main/java/org/jenkinsci/plugins/pipeline/modeldefinition/generator/LibrariesDirective.java:[45,12] Generating org/jenkinsci/plugins/pipeline/modeldefinition/generator/LibrariesDirective.stapler
[INFO] /tmp/plugin-builds/pipeline-model-api/pipeline-model-definition/src/main/java/org/jenkinsci/plugins/pipeline/modeldefinition/generator/MatrixDirective.java:[40,12] Generating org/jenkinsci/plugins/pipeline/modeldefinition/generator/MatrixDirective.stapler
[INFO] /tmp/plugin-builds/pipeline-model-api/pipeline-model-definition/src/main/java/org/jenkinsci/plugins/pipeline/modeldefinition/generator/OptionsDirective.java:[59,12] Generating org/jenkinsci/plugins/pipeline/modeldefinition/generator/OptionsDirective.stapler
[INFO] /tmp/plugin-builds/pipeline-model-api/pipeline-model-definition/src/main/java/org/jenkinsci/plugins/pipeline/modeldefinition/generator/ParametersDirective.java:[50,12] Generating org/jenkinsci/plugins/pipeline/modeldefinition/generator/ParametersDirective.stapler
[INFO] /tmp/plugin-builds/pipeline-model-api/pipeline-model-definition/src/main/java/org/jenkinsci/plugins/pipeline/modeldefinition/generator/PostDirective.java:[40,12] Generating org/jenkinsci/plugins/pipeline/modeldefinition/generator/PostDirective.stapler
[INFO] /tmp/plugin-builds/pipeline-model-api/pipeline-model-definition/src/main/java/org/jenkinsci/plugins/pipeline/modeldefinition/generator/StageDirective.java:[67,12] Generating org/jenkinsci/plugins/pipeline/modeldefinition/generator/StageDirective.stapler
[INFO] /tmp/plugin-builds/pipeline-model-api/pipeline-model-definition/src/main/java/org/jenkinsci/plugins/pipeline/modeldefinition/generator/StagesDirective.java:[40,12] Generating org/jenkinsci/plugins/pipeline/modeldefinition/generator/StagesDirective.stapler
[INFO] /tmp/plugin-builds/pipeline-model-api/pipeline-model-definition/src/main/java/org/jenkinsci/plugins/pipeline/modeldefinition/generator/ToolsDirective.java:[131,16] Generating org/jenkinsci/plugins/pipeline/modeldefinition/generator/ToolsDirective/SymbolAndName.stapler
[INFO] /tmp/plugin-builds/pipeline-model-api/pipeline-model-definition/src/main/java/org/jenkinsci/plugins/pipeline/modeldefinition/generator/ToolsDirective.java:[51,12] Generating org/jenkinsci/plugins/pipeline/modeldefinition/generator/ToolsDirective.stapler
[INFO] /tmp/plugin-builds/pipeline-model-api/pipeline-model-definition/src/main/java/org/jenkinsci/plugins/pipeline/modeldefinition/generator/TriggersDirective.java:[46,12] Generating org/jenkinsci/plugins/pipeline/modeldefinition/generator/TriggersDirective.stapler
[INFO] /tmp/plugin-builds/pipeline-model-api/pipeline-model-definition/src/main/java/org/jenkinsci/plugins/pipeline/modeldefinition/generator/WhenDirective.java:[50,12] Generating org/jenkinsci/plugins/pipeline/modeldefinition/generator/WhenDirective.stapler
[INFO] /tmp/plugin-builds/pipeline-model-api/pipeline-model-definition/src/main/java/org/jenkinsci/plugins/pipeline/modeldefinition/options/impl/CheckoutToSubdirectory.java:[41,12] Generating org/jenkinsci/plugins/pipeline/modeldefinition/options/impl/CheckoutToSubdirectory.stapler
[INFO] /tmp/plugin-builds/pipeline-model-api/pipeline-model-definition/src/main/java/org/jenkinsci/plugins/pipeline/modeldefinition/options/impl/DisableRestartFromStage.java:[13,12] Generating org/jenkinsci/plugins/pipeline/modeldefinition/options/impl/DisableRestartFromStage.stapler
[INFO] /tmp/plugin-builds/pipeline-model-api/pipeline-model-definition/src/main/java/org/jenkinsci/plugins/pipeline/modeldefinition/options/impl/ParallelsAlwaysFailFast.java:[38,12] Generating org/jenkinsci/plugins/pipeline/modeldefinition/options/impl/ParallelsAlwaysFailFast.stapler
[INFO] /tmp/plugin-builds/pipeline-model-api/pipeline-model-definition/src/main/java/org/jenkinsci/plugins/pipeline/modeldefinition/options/impl/QuietPeriod.java:[39,12] Generating org/jenkinsci/plugins/pipeline/modeldefinition/options/impl/QuietPeriod.stapler
[INFO] /tmp/plugin-builds/pipeline-model-api/pipeline-model-definition/src/main/java/org/jenkinsci/plugins/pipeline/modeldefinition/options/impl/SkipDefaultCheckout.java:[40,12] Generating org/jenkinsci/plugins/pipeline/modeldefinition/options/impl/SkipDefaultCheckout.stapler
[INFO] /tmp/plugin-builds/pipeline-model-api/pipeline-model-definition/src/main/java/org/jenkinsci/plugins/pipeline/modeldefinition/options/impl/SkipStagesAfterUnstable.java:[38,12] Generating org/jenkinsci/plugins/pipeline/modeldefinition/options/impl/SkipStagesAfterUnstable.stapler
[INFO] /tmp/plugin-builds/pipeline-model-api/pipeline-model-definition/src/main/java/org/jenkinsci/plugins/pipeline/modeldefinition/properties/PreserveStashesJobProperty.java:[62,12] Generating org/jenkinsci/plugins/pipeline/modeldefinition/properties/PreserveStashesJobProperty.stapler
[INFO] /tmp/plugin-builds/pipeline-model-api/pipeline-model-definition/src/main/java/org/jenkinsci/plugins/pipeline/modeldefinition/steps/EnvVarsForToolStep.java:[61,12] Generating org/jenkinsci/plugins/pipeline/modeldefinition/steps/EnvVarsForToolStep.stapler
[INFO] /tmp/plugin-builds/pipeline-model-api/pipeline-model-definition/src/main/java/org/jenkinsci/plugins/pipeline/modeldefinition/steps/ScriptStep.java:[48,12] Generating org/jenkinsci/plugins/pipeline/modeldefinition/steps/ScriptStep.stapler
[INFO] /tmp/plugin-builds/pipeline-model-api/pipeline-model-definition/src/main/java/org/jenkinsci/plugins/pipeline/modeldefinition/steps/ValidateDeclarativePipelineStep.java:[53,12] Generating org/jenkinsci/plugins/pipeline/modeldefinition/steps/ValidateDeclarativePipelineStep.stapler
[INFO] /tmp/plugin-builds/pipeline-model-api/pipeline-model-definition/src/main/java/org/jenkinsci/plugins/pipeline/modeldefinition/when/impl/AllOfConditional.java:[45,12] Generating org/jenkinsci/plugins/pipeline/modeldefinition/when/impl/AllOfConditional.stapler
[INFO] /tmp/plugin-builds/pipeline-model-api/pipeline-model-definition/src/main/java/org/jenkinsci/plugins/pipeline/modeldefinition/when/impl/AnyOfConditional.java:[45,12] Generating org/jenkinsci/plugins/pipeline/modeldefinition/when/impl/AnyOfConditional.stapler
[INFO] /tmp/plugin-builds/pipeline-model-api/pipeline-model-definition/src/main/java/org/jenkinsci/plugins/pipeline/modeldefinition/when/impl/BranchConditional.java:[59,12] Generating org/jenkinsci/plugins/pipeline/modeldefinition/when/impl/BranchConditional.stapler
[INFO] /tmp/plugin-builds/pipeline-model-api/pipeline-model-definition/src/main/java/org/jenkinsci/plugins/pipeline/modeldefinition/when/impl/BuildingTagConditional.java:[42,12] Generating org/jenkinsci/plugins/pipeline/modeldefinition/when/impl/BuildingTagConditional.stapler
[INFO] /tmp/plugin-builds/pipeline-model-api/pipeline-model-definition/src/main/java/org/jenkinsci/plugins/pipeline/modeldefinition/when/impl/ChangeLogConditional.java:[56,12] Generating org/jenkinsci/plugins/pipeline/modeldefinition/when/impl/ChangeLogConditional.stapler
[INFO] /tmp/plugin-builds/pipeline-model-api/pipeline-model-definition/src/main/java/org/jenkinsci/plugins/pipeline/modeldefinition/when/impl/ChangeRequestConditional.java:[67,12] Generating org/jenkinsci/plugins/pipeline/modeldefinition/when/impl/ChangeRequestConditional.stapler
[INFO] /tmp/plugin-builds/pipeline-model-api/pipeline-model-definition/src/main/java/org/jenkinsci/plugins/pipeline/modeldefinition/when/impl/ChangeSetConditional.java:[61,12] Generating org/jenkinsci/plugins/pipeline/modeldefinition/when/impl/ChangeSetConditional.stapler
[INFO] /tmp/plugin-builds/pipeline-model-api/pipeline-model-definition/src/main/java/org/jenkinsci/plugins/pipeline/modeldefinition/when/impl/EnvironmentConditional.java:[52,12] Generating org/jenkinsci/plugins/pipeline/modeldefinition/when/impl/EnvironmentConditional.stapler
[INFO] /tmp/plugin-builds/pipeline-model-api/pipeline-model-definition/src/main/java/org/jenkinsci/plugins/pipeline/modeldefinition/when/impl/EqualsConditional.java:[47,12] Generating org/jenkinsci/plugins/pipeline/modeldefinition/when/impl/EqualsConditional.stapler
[INFO] /tmp/plugin-builds/pipeline-model-api/pipeline-model-definition/src/main/java/org/jenkinsci/plugins/pipeline/modeldefinition/when/impl/ExpressionConditional.java:[64,12] Generating org/jenkinsci/plugins/pipeline/modeldefinition/when/impl/ExpressionConditional.stapler
[INFO] /tmp/plugin-builds/pipeline-model-api/pipeline-model-definition/src/main/java/org/jenkinsci/plugins/pipeline/modeldefinition/when/impl/IsRestartedRunConditional.java:[44,12] Generating org/jenkinsci/plugins/pipeline/modeldefinition/when/impl/IsRestartedRunConditional.stapler
[INFO] /tmp/plugin-builds/pipeline-model-api/pipeline-model-definition/src/main/java/org/jenkinsci/plugins/pipeline/modeldefinition/when/impl/NotConditional.java:[48,12] Generating org/jenkinsci/plugins/pipeline/modeldefinition/when/impl/NotConditional.stapler
[INFO] /tmp/plugin-builds/pipeline-model-api/pipeline-model-definition/src/main/java/org/jenkinsci/plugins/pipeline/modeldefinition/when/impl/TagConditional.java:[48,12] Generating org/jenkinsci/plugins/pipeline/modeldefinition/when/impl/TagConditional.stapler
[INFO] /tmp/plugin-builds/pipeline-model-api/pipeline-model-definition/src/main/java/org/jenkinsci/plugins/pipeline/modeldefinition/when/impl/TriggeredByConditional.java:[50,12] Generating org/jenkinsci/plugins/pipeline/modeldefinition/when/impl/TriggeredByConditional.stapler
[INFO] /tmp/plugin-builds/pipeline-model-api/pipeline-model-definition/src/main/java/org/jenkinsci/plugins/pipeline/modeldefinition/actions/RestartDeclarativePipelineAction.java:[66,8] Generating org/jenkinsci/plugins/pipeline/modeldefinition/actions/RestartDeclarativePipelineAction.javadoc
[INFO] /tmp/plugin-builds/pipeline-model-api/pipeline-model-definition/src/main/java/org/jenkinsci/plugins/pipeline/modeldefinition/agent/impl/Label.java:[80,31] Generating org/jenkinsci/plugins/pipeline/modeldefinition/agent/impl/Label/DescriptorImpl/doCheckLabel.stapler
[INFO] /tmp/plugin-builds/pipeline-model-api/pipeline-model-definition/src/main/java/org/jenkinsci/plugins/pipeline/modeldefinition/generator/InputDirective.java:[129,31] Generating org/jenkinsci/plugins/pipeline/modeldefinition/generator/InputDirective/DescriptorImpl/doCheckMessage.stapler
[INFO] /tmp/plugin-builds/pipeline-model-api/pipeline-model-definition/src/main/java/org/jenkinsci/plugins/pipeline/modeldefinition/properties/PreserveStashesJobProperty.java:[86,31] Generating org/jenkinsci/plugins/pipeline/modeldefinition/properties/PreserveStashesJobProperty/DescriptorImpl/doCheckBuildCount.stapler
[INFO] /tmp/plugin-builds/pipeline-model-api/pipeline-model-definition/src/main/java/org/jenkinsci/plugins/pipeline/modeldefinition/generator/DirectiveGenerator.java:[78,25] Generating org/jenkinsci/plugins/pipeline/modeldefinition/generator/DirectiveGenerator/doGenerateDirective.stapler
[INFO] /tmp/plugin-builds/pipeline-model-api/pipeline-model-definition/src/main/java/org/jenkinsci/plugins/pipeline/modeldefinition/actions/RestartDeclarativePipelineAction.java:[180,27] Generating org/jenkinsci/plugins/pipeline/modeldefinition/actions/RestartDeclarativePipelineAction/doCheckStageName.stapler
[INFO] /tmp/plugin-builds/pipeline-model-api/pipeline-model-definition/src/main/java/org/jenkinsci/plugins/pipeline/modeldefinition/generator/StageDirective.java:[121,31] Generating org/jenkinsci/plugins/pipeline/modeldefinition/generator/StageDirective/DescriptorImpl/doCheckName.stapler
[INFO] /tmp/plugin-builds/pipeline-model-api/pipeline-model-definition/src/main/java/org/jenkinsci/plugins/pipeline/modeldefinition/actions/RestartDeclarativePipelineAction.java:[118,25] Generating org/jenkinsci/plugins/pipeline/modeldefinition/actions/RestartDeclarativePipelineAction/doRestartPipeline.stapler
[INFO] /tmp/plugin-builds/pipeline-model-api/pipeline-model-definition/src/main/java/org/jenkinsci/plugins/pipeline/modeldefinition/generator/InputDirective.java:[137,31] Generating org/jenkinsci/plugins/pipeline/modeldefinition/generator/InputDirective/DescriptorImpl/doCheckId.stapler
[INFO] /tmp/plugin-builds/pipeline-model-api/pipeline-model-definition/src/main/java/org/jenkinsci/plugins/pipeline/modeldefinition/agent/impl/Label.java:[76,41] Generating org/jenkinsci/plugins/pipeline/modeldefinition/agent/impl/Label/DescriptorImpl/doAutoCompleteLabel.stapler
[WARNING] unknown enum constant javax.annotation.meta.When.ALWAYS
  reason: class file for javax.annotation.meta.When not found
[WARNING] unknown enum constant javax.annotation.meta.When.MAYBE
[WARNING] unknown enum constant javax.annotation.meta.When.UNKNOWN
[WARNING] unknown enum constant javax.annotation.meta.When.ALWAYS
  reason: class file for javax.annotation.meta.When not found
[WARNING] unknown enum constant javax.annotation.meta.When.MAYBE
[WARNING] unknown enum constant javax.annotation.meta.When.UNKNOWN
[INFO] /tmp/plugin-builds/pipeline-model-api/pipeline-model-definition/src/main/java/org/jenkinsci/plugins/pipeline/modeldefinition/actions/RestartDeclarativePipelineAction.java: Some input files use or override a deprecated API.
[INFO] /tmp/plugin-builds/pipeline-model-api/pipeline-model-definition/src/main/java/org/jenkinsci/plugins/pipeline/modeldefinition/actions/RestartDeclarativePipelineAction.java: Recompile with -Xlint:deprecation for details.
[INFO] /tmp/plugin-builds/pipeline-model-api/pipeline-model-definition/src/main/java/org/jenkinsci/plugins/pipeline/modeldefinition/agent/impl/Any.java: Some input files use unchecked or unsafe operations.
[INFO] /tmp/plugin-builds/pipeline-model-api/pipeline-model-definition/src/main/java/org/jenkinsci/plugins/pipeline/modeldefinition/agent/impl/Any.java: Recompile with -Xlint:unchecked for details.
[INFO] 
[INFO] --- gplus:4.2.1:compile (default) @ pipeline-model-definition ---
[INFO] Using isolated classloader, without GMavenPlus classpath.
[INFO] Using Groovy 2.4.21 to perform compile.
[INFO] Compiled 287 files.
[INFO] 
[INFO] --- access-modifier-checker:1.35:enforce (default-enforce) @ pipeline-model-definition ---
[INFO] 
[INFO] --- bridge-method-injector:1.32:process (default) @ pipeline-model-definition ---
[INFO] 
[INFO] --- hpi:3.1762.vd3ff902a_5b_c4:insert-test (default-insert-test) @ pipeline-model-definition ---
[INFO] 
[INFO] --- antrun:3.2.0:run (createTempDir) @ pipeline-model-definition ---
[INFO] Executing tasks
[INFO]     [mkdir] Created dir: /tmp/plugin-builds/pipeline-model-api/pipeline-model-definition/target/tmp
[INFO] Executed tasks
[INFO] 
[INFO] --- dependency:3.9.0:copy (old-releases) @ pipeline-model-definition ---
[INFO] 
[INFO] --- resources:3.3.1:testResources (default-testResources) @ pipeline-model-definition ---
[INFO] Not copying test resources
[INFO] 
[INFO] --- compiler:3.14.1:testCompile (default-testCompile) @ pipeline-model-definition ---
[INFO] Not compiling test sources
[INFO] 
[INFO] --- hpi:3.1762.vd3ff902a_5b_c4:test-hpl (default-test-hpl) @ pipeline-model-definition ---
[INFO] Generating /tmp/plugin-builds/pipeline-model-api/pipeline-model-definition/target/test-classes/the.hpl
[INFO] 
[INFO] --- hpi:3.1762.vd3ff902a_5b_c4:resolve-test-dependencies (default-resolve-test-dependencies) @ pipeline-model-definition ---
[INFO] 
[INFO] --- hpi:3.1762.vd3ff902a_5b_c4:test-runtime (default-test-runtime) @ pipeline-model-definition ---
[INFO] Tests are skipped.
[INFO] 
[INFO] --- surefire:3.5.4:test (default-test) @ pipeline-model-definition ---
[INFO] Tests are skipped.
[INFO] 
[INFO] --- license:184.v19c87b_6b_a_9a_c:process (default) @ pipeline-model-definition ---
[INFO] Generated /tmp/plugin-builds/pipeline-model-api/pipeline-model-definition/target/pipeline-model-definition/WEB-INF/licenses.xml
[INFO] 
[INFO] --- hpi:3.1762.vd3ff902a_5b_c4:hpi (default-hpi) @ pipeline-model-definition ---
[INFO] Generating /tmp/plugin-builds/pipeline-model-api/pipeline-model-definition/target/pipeline-model-definition/META-INF/MANIFEST.MF
[INFO] Checking for attached .jar artifact ...
[INFO] Generating jar /tmp/plugin-builds/pipeline-model-api/pipeline-model-definition/target/pipeline-model-definition.jar
[INFO] Building jar: /tmp/plugin-builds/pipeline-model-api/pipeline-model-definition/target/pipeline-model-definition.jar
[INFO] Exploding webapp...
[INFO] Copy webapp webResources to /tmp/plugin-builds/pipeline-model-api/pipeline-model-definition/target/pipeline-model-definition
[INFO] Assembling webapp pipeline-model-definition in /tmp/plugin-builds/pipeline-model-api/pipeline-model-definition/target/pipeline-model-definition
[INFO] Generating hpi /tmp/plugin-builds/pipeline-model-api/pipeline-model-definition/target/pipeline-model-definition.hpi
[INFO] Building jar: /tmp/plugin-builds/pipeline-model-api/pipeline-model-definition/target/pipeline-model-definition.hpi
[INFO] 
[INFO] --- jar:3.4.2:test-jar (maybe-test-jar) @ pipeline-model-definition ---
[INFO] Building jar: /tmp/plugin-builds/pipeline-model-api/pipeline-model-definition/target/pipeline-model-definition-tests.jar
[INFO] 
[INFO] >>> spotbugs:4.9.8.1:check (spotbugs) > :spotbugs @ pipeline-model-definition >>>
[INFO] 
[INFO] --- spotbugs:4.9.8.1:spotbugs (spotbugs) @ pipeline-model-definition ---
[INFO] Fork Value is true
[INFO] Done SpotBugs Analysis....
[INFO] Skipping com.github.spotbugs:spotbugs-maven-plugin:4.9.8.1:spotbugs report goal
[INFO] 
[INFO] <<< spotbugs:4.9.8.1:check (spotbugs) < :spotbugs @ pipeline-model-definition <<<
[INFO] 
[INFO] 
[INFO] --- spotbugs:4.9.8.1:check (spotbugs) @ pipeline-model-definition ---
[INFO] BugInstance size is 0
[INFO] Error size is 0
[INFO] No errors/warnings found
[INFO] 
[INFO] --- spotless:3.0.0:check (default) @ pipeline-model-definition ---
[INFO] Spotless check skipped
[INFO] 
[INFO] --- install:3.1.4:install (default-install) @ pipeline-model-definition ---
[INFO] Installing /tmp/plugin-builds/pipeline-model-api/pipeline-model-definition/target/pipeline-model-definition-999999-SNAPSHOT.pom to /home/runner/.m2/repository/org/jenkinsci/plugins/pipeline-model-definition/999999-SNAPSHOT/pipeline-model-definition-999999-SNAPSHOT.pom
[INFO] Installing /tmp/plugin-builds/pipeline-model-api/pipeline-model-definition/target/pipeline-model-definition.hpi to /home/runner/.m2/repository/org/jenkinsci/plugins/pipeline-model-definition/999999-SNAPSHOT/pipeline-model-definition-999999-SNAPSHOT.hpi
[INFO] Installing /tmp/plugin-builds/pipeline-model-api/pipeline-model-definition/target/pipeline-model-definition.jar to /home/runner/.m2/repository/org/jenkinsci/plugins/pipeline-model-definition/999999-SNAPSHOT/pipeline-model-definition-999999-SNAPSHOT.jar
[INFO] Installing /tmp/plugin-builds/pipeline-model-api/pipeline-model-definition/target/pipeline-model-definition-tests.jar to /home/runner/.m2/repository/org/jenkinsci/plugins/pipeline-model-definition/999999-SNAPSHOT/pipeline-model-definition-999999-SNAPSHOT-tests.jar
[INFO] ------------------------------------------------------------------------
[INFO] Reactor Summary for Pipeline: Model Parent POM 999999-SNAPSHOT:
[INFO] 
[INFO] Pipeline: Model Parent POM ......................... SUCCESS [  8.490 s]
[INFO] Pipeline: Stage Tags Metadata ...................... SUCCESS [ 19.737 s]
[INFO] Pipeline: Model API ................................ SUCCESS [ 32.581 s]
[INFO] Pipeline: Declarative Extension Points API ......... SUCCESS [ 29.173 s]
[INFO] Pipeline: Declarative .............................. SUCCESS [01:32 min]
[INFO] ------------------------------------------------------------------------
[INFO] BUILD SUCCESS
[INFO] ------------------------------------------------------------------------
[INFO] Total time:  03:04 min
[INFO] Finished at: 2026-01-13T02:09:52Z
[INFO] ------------------------------------------------------------------------
