[INFO] Scanning for projects...
[INFO] Artifact org.jenkins-ci.tools:maven-hpi-plugin:pom:3.1814.v77d15159f9b_d is present in the local repository, but cached from a remote repository ID that is unavailable in current build context, verifying that is downloadable from [incrementals (https://repo.jenkins-ci.org/incrementals/, default, releases), central (https://repo.maven.apache.org/maven2, default, releases)]
[INFO] Artifact org.jenkins-ci.tools:maven-hpi-plugin:pom:3.1814.v77d15159f9b_d is present in the local repository, but cached from a remote repository ID that is unavailable in current build context, verifying that is downloadable from [incrementals (https://repo.jenkins-ci.org/incrementals/, default, releases), central (https://repo.maven.apache.org/maven2, default, releases)]
[WARNING] The POM for org.jenkins-ci.tools:maven-hpi-plugin:jar:3.1814.v77d15159f9b_d is missing, no dependency information available
[INFO] Artifact org.jenkins-ci.tools:maven-hpi-plugin:jar:3.1814.v77d15159f9b_d is present in the local repository, but cached from a remote repository ID that is unavailable in current build context, verifying that is downloadable from [incrementals (https://repo.jenkins-ci.org/incrementals/, default, releases), central (https://repo.maven.apache.org/maven2, default, releases)]
[INFO] Artifact org.jenkins-ci.tools:maven-hpi-plugin:jar:3.1814.v77d15159f9b_d is present in the local repository, but cached from a remote repository ID that is unavailable in current build context, verifying that is downloadable from [incrementals (https://repo.jenkins-ci.org/incrementals/, default, releases), central (https://repo.maven.apache.org/maven2, default, releases)]
[WARNING] Failed to build parent project for io.jenkins.plugins:pipeline-graph-view:hpi:999999-SNAPSHOT
[INFO] 
[INFO] ---------------< io.jenkins.plugins:pipeline-graph-view >---------------
[INFO] Building Pipeline Graph View Plugin 999999-SNAPSHOT
[INFO]   from pom.xml
[INFO] --------------------------------[ hpi ]---------------------------------
[INFO] 
[INFO] --- clean:3.5.0:clean (default-clean) @ pipeline-graph-view ---
[INFO] 
[INFO] --- hpi:3.1814.v77d15159f9b_d:validate (default-validate) @ pipeline-graph-view ---
[INFO] Created marker file /tmp/plugin-builds/pipeline-graph-view/target/java-level/17
[INFO] 
[INFO] --- hpi:3.1814.v77d15159f9b_d:validate-hpi (default-validate-hpi) @ pipeline-graph-view ---
[INFO] 
[INFO] --- enforcer:3.6.3:enforce (display-info) @ pipeline-graph-view ---
[INFO] Rule 0: org.apache.maven.enforcer.rules.version.RequireMavenVersion passed
[INFO] Rule 1: org.apache.maven.enforcer.rules.version.RequireJavaVersion passed
[INFO] Rule 2: org.apache.maven.enforcer.rules.version.RequireJavaVersion passed
[INFO] Rule 3: org.apache.maven.enforcer.rules.RequirePluginVersions passed
[INFO] Rule 4: org.codehaus.mojo.extraenforcer.dependencies.EnforceBytecodeVersion passed
[INFO] Rule 5: org.apache.maven.enforcer.rules.dependency.BannedDependencies passed
[INFO] Rule 6: org.apache.maven.enforcer.rules.dependency.BannedDependencies passed
[INFO] Ignoring requireUpperBoundDeps in org.ow2.asm:asm
[INFO] Rule 7: org.apache.maven.enforcer.rules.dependency.RequireUpperBoundDeps passed
[INFO] banObsoleteDependencyOverrides skipped
[INFO] Rule 8: io.jenkins.tools.maven.jenkins_enforcer_rules.BanObsoleteDependencyOverrides passed
[INFO] 
[INFO] --- enforcer:3.6.3:enforce (no-snapshots-in-release) @ pipeline-graph-view ---
[INFO] Rule 0: org.apache.maven.enforcer.rules.dependency.RequireReleaseDeps passed
[INFO] 
[INFO] --- frontend:2.0.0:install-node-and-npm (install node and npm) @ pipeline-graph-view ---
[INFO] Installing node version v24.16.0
[INFO] Unpacking /home/runner/.m2/repository/com/github/eirslett/node/24.16.0/node-24.16.0-linux-x64.tar.gz into /tmp/plugin-builds/pipeline-graph-view/node/tmp
[INFO] Copying node binary from /tmp/plugin-builds/pipeline-graph-view/node/tmp/node-v24.16.0-linux-x64/bin/node to /tmp/plugin-builds/pipeline-graph-view/node/node
[INFO] Installed node locally.
[INFO] Installing npm version 11.17.0
[INFO] Unpacking /home/runner/.m2/repository/com/github/eirslett/npm/11.17.0/npm-11.17.0.tar.gz into /tmp/plugin-builds/pipeline-graph-view/node/node_modules
[INFO] Installed npm locally.
[INFO] 
[INFO] --- frontend:2.0.0:npm (npm install) @ pipeline-graph-view ---
[INFO] Running 'npm ci' in /tmp/plugin-builds/pipeline-graph-view
[INFO] 
[INFO] added 428 packages, and audited 429 packages in 32s
[INFO] 
[INFO] 170 packages are looking for funding
[INFO]   run `npm fund` for details
[INFO] 
[INFO] 5 vulnerabilities (1 low, 2 moderate, 2 high)
[INFO] 
[INFO] To address all issues, run:
[INFO]   npm audit fix
[INFO] 
[INFO] Run `npm audit` for details.
[INFO] npm warn allow-scripts 1 package has install scripts not yet covered by allowScripts:
[INFO] npm warn allow-scripts   @parcel/watcher@2.5.1 (install: node scripts/build-from-source.js)
[INFO] npm warn allow-scripts
[INFO] npm warn allow-scripts Run `npm approve-scripts --allow-scripts-pending` to review, or `npm approve-scripts <pkg>` to allow.
[INFO] 
[INFO] --- localizer:1.31:generate (default) @ pipeline-graph-view ---
[INFO] 
[INFO] --- frontend:2.0.0:npm (npm mvnbuild) @ pipeline-graph-view ---
[INFO] Running 'npm run mvnbuild' in /tmp/plugin-builds/pipeline-graph-view
[INFO] 
[INFO] > pipeline-graph-view-plugin@1.0.0 mvnbuild
[INFO] > npm run build
[INFO] 
[INFO] 
[INFO] > pipeline-graph-view-plugin@1.0.0 build
[INFO] > vite build --mode production
[INFO] 
[INFO] vite v8.0.16 building client environment for production...
[INFO] 
[INFO] transforming...✓ 166 modules transformed.rendering chunks...
[INFO] computing gzip size...
[INFO] src/main/webapp/js/bundles/pipeline-graph-view-bundle.js          1.46 kB │ gzip:   0.77 kB │ map:     3.55 kB
[INFO] src/main/webapp/js/bundles/assets/dropdown-portal-CZ9piqMA.js     1.94 kB │ gzip:   0.88 kB │ map:     6.59 kB
[INFO] src/main/webapp/js/bundles/multi-pipeline-graph-view-bundle.js   16.17 kB │ gzip:   3.29 kB │ map:    18.27 kB
[INFO] src/main/webapp/js/bundles/assets/linkify-js-fkSLKlY2.js         16.84 kB │ gzip:   9.57 kB │ map:    83.19 kB
[INFO] src/main/webapp/js/bundles/assets/ConsoleLogStream-s0RslKCB.js   22.53 kB │ gzip:   5.43 kB │ map:    59.73 kB
[INFO] src/main/webapp/js/bundles/assets/console-log-card-B1WjFNWf.js   30.11 kB │ gzip:   5.62 kB │ map:    22.93 kB
[INFO] src/main/webapp/js/bundles/pipeline-console-view-bundle.js       63.13 kB │ gzip:  13.91 kB │ map:   124.77 kB
[INFO] src/main/webapp/js/bundles/assets/tree-api-q7ImSYXP.js          387.93 kB │ gzip: 117.82 kB │ map: 1,664.12 kB
[INFO] 
[INFO] ✓ built in 2.32s
[INFO] 
[INFO] --- enforcer:3.6.3:enforce (check-junit-imports) @ pipeline-graph-view ---
[INFO] Rule 0: org.apache.maven.plugins.enforcer.RestrictImports passed
[INFO] 
[INFO] --- enforcer:3.6.3:enforce (check-commons-lang-imports) @ pipeline-graph-view ---
[INFO] Skipping Rule Enforcement.
[INFO] 
[INFO] --- enforcer:3.6.3:enforce (check-deprecated-stapler-imports) @ pipeline-graph-view ---
[INFO] Skipping Rule Enforcement.
[INFO] 
[INFO] --- resources:3.5.0:resources (default-resources) @ pipeline-graph-view ---
[INFO] Copying 48 resources from src/main/resources to target/classes
[INFO] 
[INFO] --- flatten:1.7.3:flatten (flatten) @ pipeline-graph-view ---
[INFO] Generating flattened POM of project io.jenkins.plugins:pipeline-graph-view:hpi:999999-SNAPSHOT...
[INFO] 
[INFO] --- compiler:3.15.0:compile (default-compile) @ pipeline-graph-view ---
[INFO] Recompiling the module because of changed source code.
[INFO] Compiling 55 source files with javac [debug parameters release 17] to target/classes
[WARNING] unknown enum constant javax.annotation.meta.When.MAYBE
  reason: class file for javax.annotation.meta.When not found
[WARNING] unknown enum constant javax.annotation.meta.When.ALWAYS
[WARNING] unknown enum constant javax.annotation.meta.When.UNKNOWN
[INFO] io.jenkins.plugins.pipelinegraphview.PipelineGraphDisplayURLProvider indexed under hudson.Extension
[INFO] io.jenkins.plugins.pipelinegraphview.PipelineGraphViewConfiguration indexed under hudson.Extension
[INFO] io.jenkins.plugins.pipelinegraphview.consoleview.PipelineConsoleViewActionFactory indexed under hudson.Extension
[INFO] io.jenkins.plugins.pipelinegraphview.consoleview.PipelineConsoleViewUrlProvider.DescriptorImpl indexed under hudson.Extension
[INFO] io.jenkins.plugins.pipelinegraphview.livestate.LiveGraphLifecycle indexed under hudson.Extension
[INFO] io.jenkins.plugins.pipelinegraphview.livestate.LiveGraphPopulator indexed under hudson.Extension
[INFO] io.jenkins.plugins.pipelinegraphview.multipipelinegraphview.MultiPipelineGraphViewActionFactory indexed under hudson.Extension
[INFO] io.jenkins.plugins.pipelinegraphview.steps.HideFromViewStep.DescriptorImpl indexed under hudson.Extension
[INFO] /tmp/plugin-builds/pipeline-graph-view/src/main/java/io/jenkins/plugins/pipelinegraphview/consoleview/PipelineConsoleViewUrlProvider.java:[14,12] Generating io/jenkins/plugins/pipelinegraphview/consoleview/PipelineConsoleViewUrlProvider.stapler
[INFO] /tmp/plugin-builds/pipeline-graph-view/src/main/java/io/jenkins/plugins/pipelinegraphview/steps/HideFromViewStep.java:[32,12] Generating io/jenkins/plugins/pipelinegraphview/steps/HideFromViewStep.stapler
[WARNING] unknown enum constant javax.annotation.meta.When.MAYBE
  reason: class file for javax.annotation.meta.When not found
[WARNING] unknown enum constant javax.annotation.meta.When.ALWAYS
[WARNING] unknown enum constant javax.annotation.meta.When.UNKNOWN
[WARNING] unknown enum constant javax.annotation.meta.When.MAYBE
  reason: class file for javax.annotation.meta.When not found
[WARNING] unknown enum constant javax.annotation.meta.When.ALWAYS
[WARNING] unknown enum constant javax.annotation.meta.When.UNKNOWN
[INFO] /tmp/plugin-builds/pipeline-graph-view/src/main/java/io/jenkins/plugins/pipelinegraphview/consoleview/PipelineConsoleViewAction.java: Some input files use or override a deprecated API.
[INFO] /tmp/plugin-builds/pipeline-graph-view/src/main/java/io/jenkins/plugins/pipelinegraphview/consoleview/PipelineConsoleViewAction.java: Recompile with -Xlint:deprecation for details.
[INFO] 
[INFO] --- access-modifier-checker:1.35:enforce (default-enforce) @ pipeline-graph-view ---
[INFO] 
[INFO] --- bridge-method-injector:1.32:process (default) @ pipeline-graph-view ---
[INFO] 
[INFO] --- hpi:3.1814.v77d15159f9b_d:insert-test (default-insert-test) @ pipeline-graph-view ---
[INFO] 
[INFO] --- antrun:3.2.0:run (createTempDir) @ pipeline-graph-view ---
[INFO] Executing tasks
[INFO]     [mkdir] Created dir: /tmp/plugin-builds/pipeline-graph-view/target/tmp
[INFO] Executed tasks
[INFO] 
[INFO] --- exec:3.6.3:java (install-playwright-chromium) @ pipeline-graph-view ---
Downloading Chrome for Testing 148.0.7778.96 (playwright chromium v1223) from https://cdn.playwright.dev/builds/cft/148.0.7778.96/linux64/chrome-linux64.zip
|                                                                                |   0% of 175.4 MiB
|■■■■■■■■                                                                        |  10% of 175.4 MiB
|■■■■■■■■■■■■■■■■                                                                |  20% of 175.4 MiB
|■■■■■■■■■■■■■■■■■■■■■■■■                                                        |  30% of 175.4 MiB
|■■■■■■■■■■■■■■■■■■■■■■■■■■■■■■■■                                                |  40% of 175.4 MiB
|■■■■■■■■■■■■■■■■■■■■■■■■■■■■■■■■■■■■■■■■                                        |  50% of 175.4 MiB
|■■■■■■■■■■■■■■■■■■■■■■■■■■■■■■■■■■■■■■■■■■■■■■■■                                |  60% of 175.4 MiB
|■■■■■■■■■■■■■■■■■■■■■■■■■■■■■■■■■■■■■■■■■■■■■■■■■■■■■■■■                        |  70% of 175.4 MiB
|■■■■■■■■■■■■■■■■■■■■■■■■■■■■■■■■■■■■■■■■■■■■■■■■■■■■■■■■■■■■■■■■                |  80% of 175.4 MiB
|■■■■■■■■■■■■■■■■■■■■■■■■■■■■■■■■■■■■■■■■■■■■■■■■■■■■■■■■■■■■■■■■■■■■■■■■        |  90% of 175.4 MiB
|■■■■■■■■■■■■■■■■■■■■■■■■■■■■■■■■■■■■■■■■■■■■■■■■■■■■■■■■■■■■■■■■■■■■■■■■■■■■■■■■| 100% of 175.4 MiB
Chrome for Testing 148.0.7778.96 (playwright chromium v1223) downloaded to /home/runner/.cache/ms-playwright/chromium-1223
Downloading FFmpeg (playwright ffmpeg v1011) from https://cdn.playwright.dev/dbazure/download/playwright/builds/ffmpeg/1011/ffmpeg-linux.zip
|                                                                                |   0% of 2.3 MiB
|■■■■■■■■                                                                        |  10% of 2.3 MiB
|■■■■■■■■■■■■■■■■                                                                |  20% of 2.3 MiB
|■■■■■■■■■■■■■■■■■■■■■■■■                                                        |  30% of 2.3 MiB
|■■■■■■■■■■■■■■■■■■■■■■■■■■■■■■■■                                                |  40% of 2.3 MiB
|■■■■■■■■■■■■■■■■■■■■■■■■■■■■■■■■■■■■■■■■                                        |  50% of 2.3 MiB
|■■■■■■■■■■■■■■■■■■■■■■■■■■■■■■■■■■■■■■■■■■■■■■■■                                |  60% of 2.3 MiB
|■■■■■■■■■■■■■■■■■■■■■■■■■■■■■■■■■■■■■■■■■■■■■■■■■■■■■■■■                        |  70% of 2.3 MiB
|■■■■■■■■■■■■■■■■■■■■■■■■■■■■■■■■■■■■■■■■■■■■■■■■■■■■■■■■■■■■■■■■                |  80% of 2.3 MiB
|■■■■■■■■■■■■■■■■■■■■■■■■■■■■■■■■■■■■■■■■■■■■■■■■■■■■■■■■■■■■■■■■■■■■■■■■        |  90% of 2.3 MiB
|■■■■■■■■■■■■■■■■■■■■■■■■■■■■■■■■■■■■■■■■■■■■■■■■■■■■■■■■■■■■■■■■■■■■■■■■■■■■■■■■| 100% of 2.3 MiB
FFmpeg (playwright ffmpeg v1011) downloaded to /home/runner/.cache/ms-playwright/ffmpeg-1011
Downloading Chrome Headless Shell 148.0.7778.96 (playwright chromium-headless-shell v1223) from https://cdn.playwright.dev/builds/cft/148.0.7778.96/linux64/chrome-headless-shell-linux64.zip
|                                                                                |   0% of 113.2 MiB
|■■■■■■■■                                                                        |  10% of 113.2 MiB
|■■■■■■■■■■■■■■■■                                                                |  20% of 113.2 MiB
|■■■■■■■■■■■■■■■■■■■■■■■■                                                        |  30% of 113.2 MiB
|■■■■■■■■■■■■■■■■■■■■■■■■■■■■■■■■                                                |  40% of 113.2 MiB
|■■■■■■■■■■■■■■■■■■■■■■■■■■■■■■■■■■■■■■■■                                        |  50% of 113.2 MiB
|■■■■■■■■■■■■■■■■■■■■■■■■■■■■■■■■■■■■■■■■■■■■■■■■                                |  60% of 113.2 MiB
|■■■■■■■■■■■■■■■■■■■■■■■■■■■■■■■■■■■■■■■■■■■■■■■■■■■■■■■■                        |  70% of 113.2 MiB
|■■■■■■■■■■■■■■■■■■■■■■■■■■■■■■■■■■■■■■■■■■■■■■■■■■■■■■■■■■■■■■■■                |  80% of 113.2 MiB
|■■■■■■■■■■■■■■■■■■■■■■■■■■■■■■■■■■■■■■■■■■■■■■■■■■■■■■■■■■■■■■■■■■■■■■■■        |  90% of 113.2 MiB
|■■■■■■■■■■■■■■■■■■■■■■■■■■■■■■■■■■■■■■■■■■■■■■■■■■■■■■■■■■■■■■■■■■■■■■■■■■■■■■■■| 100% of 113.2 MiB
Chrome Headless Shell 148.0.7778.96 (playwright chromium-headless-shell v1223) downloaded to /home/runner/.cache/ms-playwright/chromium_headless_shell-1223
[INFO] System::exit was called with return code 0
[INFO] 
[INFO] --- resources:3.5.0:testResources (default-testResources) @ pipeline-graph-view ---
[INFO] Not copying test resources
[INFO] 
[INFO] --- compiler:3.15.0:testCompile (default-testCompile) @ pipeline-graph-view ---
[INFO] Not compiling test sources
[INFO] 
[INFO] --- hpi:3.1814.v77d15159f9b_d:test-hpl (default-test-hpl) @ pipeline-graph-view ---
[INFO] Generating /tmp/plugin-builds/pipeline-graph-view/target/test-classes/the.hpl
[INFO] 
[INFO] --- hpi:3.1814.v77d15159f9b_d:resolve-test-dependencies (default-resolve-test-dependencies) @ pipeline-graph-view ---
[INFO] 
[INFO] --- hpi:3.1814.v77d15159f9b_d:test-runtime (default-test-runtime) @ pipeline-graph-view ---
[INFO] Tests are skipped.
[INFO] 
[INFO] --- surefire:3.5.5:test (default-test) @ pipeline-graph-view ---
[INFO] Tests are skipped.
[INFO] 
[INFO] --- frontend:2.0.0:npm (npm mvntest) @ pipeline-graph-view ---
[INFO] Running 'npm run mvntest' in /tmp/plugin-builds/pipeline-graph-view
[INFO] 
[INFO] > pipeline-graph-view-plugin@1.0.0 mvntest
[INFO] > npm run format:check && npm run tsc:check && npm run eslint:mvn && npm run vitest:mvn
[INFO] 
[INFO] 
[INFO] > pipeline-graph-view-plugin@1.0.0 format:check
[INFO] > prettier --check .
[INFO] 
[INFO] Checking formatting...
[INFO] All matched files use Prettier code style!
[INFO] 
[INFO] > pipeline-graph-view-plugin@1.0.0 tsc:check
[INFO] > tsc
[INFO] 
[INFO] 
[INFO] > pipeline-graph-view-plugin@1.0.0 eslint:mvn
[INFO] > eslint --format checkstyle --output-file target/eslint-warnings.xml || ([ -n "$CI" ] && [ -f target/eslint-warnings.xml ])
[INFO] 
[INFO] 
[INFO] > pipeline-graph-view-plugin@1.0.0 vitest:mvn
[INFO] > vitest run --reporter default --reporter junit --outputFile "$PWD/target/surefire-reports/vitest-junit.xml" || ([ -n "$CI" ] && [ -f target/surefire-reports/vitest-junit.xml ])
[INFO] 
[INFO] 
[INFO]  RUN  v4.1.8 /tmp/plugin-builds/pipeline-graph-view/src/main/frontend
[INFO] 
[INFO]  ✓ pipeline-graph-view/pipeline-graph/main/PipelineGraphLayout.spec.ts (13 tests) 89ms
[INFO]  ✓ pipeline-graph-view/pipeline-graph/main/NestedPipelineGraphLayout.spec.ts (20 tests) 421ms
[INFO]  ✓ pipeline-console-view/pipeline-console/main/hooks/use-steps-poller.spec.ts (16 tests) 1325ms
[INFO]  ✓ common/utils/timings.spec.tsx (12 tests) 579ms
[INFO]        ✓ should format milliseconds to hours, minutes, and seconds  368ms
[INFO] stderr | pipeline-graph-view/pipeline-graph/main/support/labels.spec.tsx > SequentialContainerLabel > renders label text without badge for leaf stage
[INFO] Accessing element.ref was removed in React 19. ref is now a regular prop. It will be removed from the JSX Element type in a future release.
[INFO] tippy.js
[INFO] 
[INFO] `followCursor` is not a valid prop. You may have spelled it incorrectly, or if it's a plugin, forgot to pass it in an array as props.plugins. 
[INFO] 
[INFO] All props: https://atomiks.github.io/tippyjs/v6/all-props/
[INFO] Plugins: https://atomiks.github.io/tippyjs/v6/plugins/
[INFO] 
[INFO] 👷‍ This is a development-only message. It will be removed in production.
[INFO] 
[INFO]  ✓ pipeline-graph-view/pipeline-graph/main/support/labels.spec.tsx (13 tests) 866ms
[INFO]      ✓ renders collapse badge when stage has parallel children  374ms
[INFO]  ✓ pipeline-graph-view/pipeline-graph/main/support/useCollapsedStages.spec.ts (9 tests) 38ms
[INFO] stderr | pipeline-console-view/pipeline-console/main/PipelineConsole.spec.tsx > PipelineConsole — queued placeholder fallback > renders StageDetails + NoStageStepsFallback when only stage is a queued placeholder
[INFO] Accessing element.ref was removed in React 19. ref is now a regular prop. It will be removed from the JSX Element type in a future release.
[INFO] Accessing element.ref was removed in React 19. ref is now a regular prop. It will be removed from the JSX Element type in a future release.
[INFO] Accessing element.ref was removed in React 19. ref is now a regular prop. It will be removed from the JSX Element type in a future release.
[INFO] 
[INFO]  ✓ pipeline-console-view/pipeline-console/main/PipelineConsole.spec.tsx (3 tests) 721ms
[INFO]      ✓ renders StageDetails + NoStageStepsFallback when only stage is a queued placeholder  547ms
[INFO] stderr | common/tree-api.spec.ts > useRunPoller > should ignore fetch error for previous
[INFO] Fetch previous run Error: foo
[INFO]     at /tmp/plugin-builds/pipeline-graph-view/src/main/frontend/common/tree-api.spec.ts:104:19
[INFO]     at Mock (file:///tmp/plugin-builds/pipeline-graph-view/node_modules/@vitest/spy/dist/index.js:332:34)
[INFO]     at /tmp/plugin-builds/pipeline-graph-view/src/main/frontend/common/tree-api.ts:24:39
[INFO]     at poll (/tmp/plugin-builds/pipeline-graph-view/src/main/frontend/common/utils/use-polling.ts:22:29)
[INFO] 
[INFO] stderr | common/tree-api.spec.ts > useRunPoller > should ignore fetch error for current
[INFO] Error: throw once
[INFO]     at /tmp/plugin-builds/pipeline-graph-view/src/main/frontend/common/tree-api.spec.ts:131:15
[INFO]     at Mock (file:///tmp/plugin-builds/pipeline-graph-view/node_modules/@vitest/spy/dist/index.js:332:34)
[INFO]     at /tmp/plugin-builds/pipeline-graph-view/src/main/frontend/common/tree-api.ts:38:11
[INFO]     at poll (/tmp/plugin-builds/pipeline-graph-view/src/main/frontend/common/utils/use-polling.ts:18:30)
[INFO]     at /tmp/plugin-builds/pipeline-graph-view/src/main/frontend/common/utils/use-polling.ts:38:5
[INFO]     at Object.react_stack_bottom_frame (/tmp/plugin-builds/pipeline-graph-view/node_modules/react-dom/cjs/react-dom-client.development.js:25989:20)
[INFO]     at runWithFiberInDEV (/tmp/plugin-builds/pipeline-graph-view/node_modules/react-dom/cjs/react-dom-client.development.js:874:13)
[INFO]     at commitHookEffectListMount (/tmp/plugin-builds/pipeline-graph-view/node_modules/react-dom/cjs/react-dom-client.development.js:13249:29)
[INFO]     at commitHookPassiveMountEffects (/tmp/plugin-builds/pipeline-graph-view/node_modules/react-dom/cjs/react-dom-client.development.js:13336:11)
[INFO]     at commitPassiveMountOnFiber (/tmp/plugin-builds/pipeline-graph-view/node_modules/react-dom/cjs/react-dom-client.development.js:15484:13)
[INFO] 
[INFO]  ✓ common/tree-api.spec.ts (6 tests) 864ms
[INFO]      ✓ should merge stages when not complete  337ms
[INFO]  ✓ common/components/status-icon.spec.tsx (16 tests) 325ms
[INFO] stderr | pipeline-graph-view/pipeline-graph/main/support/nodes.spec.tsx > Counter node with 50+ parallel stages > counter node tooltip rendering > renders counter node showing stage count
[INFO] Accessing element.ref was removed in React 19. ref is now a regular prop. It will be removed from the JSX Element type in a future release.
[INFO] 
[INFO]  ✓ common/utils/refresh-stages-from-steps.spec.ts (6 tests) 17ms
[INFO]  ✓ pipeline-graph-view/pipeline-graph/main/support/nodes.spec.tsx (6 tests) 1988ms
[INFO]        ✓ renders counter node showing stage count  742ms
[INFO]        ✓ renders tooltip with all 55 stages as links  696ms
[INFO]        ✓ renders tooltip with 100 stages without dropping any  512ms
[INFO] stderr | pipeline-console-view/pipeline-console/main/stage-details.spec.tsx > StageDetails > renders stage name and status color class
[INFO] Accessing element.ref was removed in React 19. ref is now a regular prop. It will be removed from the JSX Element type in a future release.
[INFO] Accessing element.ref was removed in React 19. ref is now a regular prop. It will be removed from the JSX Element type in a future release.
[INFO] Accessing element.ref was removed in React 19. ref is now a regular prop. It will be removed from the JSX Element type in a future release.
[INFO] 
[INFO]  ✓ pipeline-console-view/pipeline-console/main/stage-details.spec.tsx (9 tests) 926ms
[INFO]      ✓ renders stage name and status color class  515ms
[INFO]  ✓ common/utils/stage-merge.spec.ts (4 tests) 9ms
[INFO] stderr | pipeline-console-view/pipeline-console/main/ConsoleLogCard.spec.tsx > ConsoleLogCard > renders step header only when not expanded
[INFO] Accessing element.ref was removed in React 19. ref is now a regular prop. It will be removed from the JSX Element type in a future release.
[INFO] 
[INFO]  ✓ pipeline-console-view/pipeline-console/main/ConsoleLogCard.spec.tsx (4 tests) 380ms
[INFO]  ✓ common/user/user-permissions-provider.spec.tsx (5 tests) 185ms
[INFO]  ✓ pipeline-console-view/pipeline-console/main/components/stages-customization.spec.tsx (5 tests) 306ms
[INFO]  ✓ common/i18n/message-format.spec.ts (10 tests) 100ms
[INFO]  ✓ common/i18n/messages.spec.ts (4 tests) 32ms
[INFO] stderr | pipeline-console-view/pipeline-console/main/StageView.spec.tsx > StageView > renders StageDetails and StageSteps with provided props
[INFO] Accessing element.ref was removed in React 19. ref is now a regular prop. It will be removed from the JSX Element type in a future release.
[INFO] Accessing element.ref was removed in React 19. ref is now a regular prop. It will be removed from the JSX Element type in a future release.
[INFO] Accessing element.ref was removed in React 19. ref is now a regular prop. It will be removed from the JSX Element type in a future release.
[INFO] Accessing element.ref was removed in React 19. ref is now a regular prop. It will be removed from the JSX Element type in a future release.
[INFO] 
[INFO]  ✓ pipeline-console-view/pipeline-console/main/StageView.spec.tsx (1 test) 1107ms
[INFO]      ✓ renders StageDetails and StageSteps with provided props  1100ms
[INFO] stderr | multi-pipeline-graph-view/multi-pipeline-graph/main/settings-button.spec.tsx > SettingsButton > should render settings button in portal
[INFO] Accessing element.ref was removed in React 19. ref is now a regular prop. It will be removed from the JSX Element type in a future release.
[INFO] Accessing element.ref was removed in React 19. ref is now a regular prop. It will be removed from the JSX Element type in a future release.
[INFO] 
[INFO]  ✓ multi-pipeline-graph-view/multi-pipeline-graph/main/settings-button.spec.tsx (3 tests) 1768ms
[INFO]      ✓ should render settings button in portal  386ms
[INFO]      ✓ should toggle dropdown when clicking settings button  929ms
[INFO]      ✓ should update preferences when toggling checkboxes  443ms
[INFO]  ✓ pipeline-console-view/pipeline-console/main/ConsoleLogStream.spec.tsx (2 tests) 433ms
[INFO]      ✓ renders step console  385ms
[INFO] stderr | multi-pipeline-graph-view/multi-pipeline-graph/main/overflow-dropdown.spec.tsx > OverflowDropdown > should render dropdown button
[INFO] Accessing element.ref was removed in React 19. ref is now a regular prop. It will be removed from the JSX Element type in a future release.
[INFO] Accessing element.ref was removed in React 19. ref is now a regular prop. It will be removed from the JSX Element type in a future release.
[INFO] 
[INFO]  ✓ pipeline-graph-view/pipeline-graph/main/support/convertLabelToTooltip.spec.tsx (2 tests) 19ms
[INFO]  ✓ multi-pipeline-graph-view/multi-pipeline-graph/main/overflow-dropdown.spec.tsx (3 tests) 1130ms
[INFO]      ✓ should render dropdown button  323ms
[INFO]      ✓ should show all checkboxes when opened  689ms
[INFO] 
[INFO]  Test Files  23 passed (23)
[INFO]       Tests  172 passed (172)
[INFO]    Start at  05:06:01
[INFO]    Duration  32.10s (transform 3.47s, setup 3.77s, import 9.44s, tests 13.63s, environment 54.61s)
[INFO] 
[INFO] JUNIT report written to /tmp/plugin-builds/pipeline-graph-view/target/surefire-reports/vitest-junit.xml
[INFO] 
[INFO] --- license:203.vffb_768f15d51:process (default) @ pipeline-graph-view ---
[INFO] Generated /tmp/plugin-builds/pipeline-graph-view/target/pipeline-graph-view/WEB-INF/licenses.xml
[INFO] 
[INFO] --- hpi:3.1814.v77d15159f9b_d:hpi (default-hpi) @ pipeline-graph-view ---
[INFO] Generating /tmp/plugin-builds/pipeline-graph-view/target/pipeline-graph-view/META-INF/MANIFEST.MF
[INFO] Checking for attached .jar artifact ...
[INFO] Generating jar /tmp/plugin-builds/pipeline-graph-view/target/pipeline-graph-view.jar
[INFO] Building jar: /tmp/plugin-builds/pipeline-graph-view/target/pipeline-graph-view.jar
[INFO] Exploding webapp...
[INFO] Copy webapp webResources to /tmp/plugin-builds/pipeline-graph-view/target/pipeline-graph-view
[INFO] Assembling webapp pipeline-graph-view in /tmp/plugin-builds/pipeline-graph-view/target/pipeline-graph-view
[INFO] Generating hpi /tmp/plugin-builds/pipeline-graph-view/target/pipeline-graph-view.hpi
[INFO] Building jar: /tmp/plugin-builds/pipeline-graph-view/target/pipeline-graph-view.hpi
[INFO] 
[INFO] --- jar:3.5.0:test-jar (maybe-test-jar) @ pipeline-graph-view ---
[INFO] Skipping packaging of the test-jar
[INFO] 
[INFO] >>> spotbugs:4.9.8.3:check (spotbugs) > :spotbugs @ pipeline-graph-view >>>
[INFO] 
[INFO] --- spotbugs:4.9.8.3:spotbugs (spotbugs) @ pipeline-graph-view ---
[INFO] Fork Value is true
[INFO] Done SpotBugs Analysis....
[INFO] Skipping com.github.spotbugs:spotbugs-maven-plugin:4.9.8.3:spotbugs report goal
[INFO] 
[INFO] <<< spotbugs:4.9.8.3:check (spotbugs) < :spotbugs @ pipeline-graph-view <<<
[INFO] 
[INFO] 
[INFO] --- spotbugs:4.9.8.3:check (spotbugs) @ pipeline-graph-view ---
[INFO] BugInstance size is 0
[INFO] Error size is 0
[INFO] No errors/warnings found
[INFO] 
[INFO] --- spotless:3.5.1:check (default) @ pipeline-graph-view ---
[WARNING] Could not resolve project dependencies for expandWildcardImports: Unable to resolve dependencies
[INFO] Index file does not exist. Fallback to an empty index
WARNING: A terminally deprecated method in sun.misc.Unsafe has been called
WARNING: sun.misc.Unsafe::staticFieldBase has been called by com.diffplug.spotless.java.ModuleHelper (file:/home/runner/.m2/repository/com/diffplug/spotless/spotless-lib/4.6.1/spotless-lib-4.6.1.jar)
WARNING: Please consider reporting this to the maintainers of class com.diffplug.spotless.java.ModuleHelper
WARNING: sun.misc.Unsafe::staticFieldBase will be removed in a future release
[INFO] Spotless.Java is keeping 87 files clean - 0 needs changes to be clean, 87 were already clean, 0 were skipped because caching determined they were already clean
[INFO] Sorting file /tmp/pom12666151519024852840.xml
[INFO] Pom file is already sorted, exiting
[INFO] Spotless.Pom is keeping 1 files clean - 0 needs changes to be clean, 1 were already clean, 0 were skipped because caching determined they were already clean
[INFO] 
[INFO] --- install:3.1.4:install (default-install) @ pipeline-graph-view ---
[INFO] Installing /tmp/plugin-builds/pipeline-graph-view/target/pipeline-graph-view-999999-SNAPSHOT.pom to /home/runner/.m2/repository/io/jenkins/plugins/pipeline-graph-view/999999-SNAPSHOT/pipeline-graph-view-999999-SNAPSHOT.pom
[INFO] Installing /tmp/plugin-builds/pipeline-graph-view/target/pipeline-graph-view.hpi to /home/runner/.m2/repository/io/jenkins/plugins/pipeline-graph-view/999999-SNAPSHOT/pipeline-graph-view-999999-SNAPSHOT.hpi
[INFO] Installing /tmp/plugin-builds/pipeline-graph-view/target/pipeline-graph-view.jar to /home/runner/.m2/repository/io/jenkins/plugins/pipeline-graph-view/999999-SNAPSHOT/pipeline-graph-view-999999-SNAPSHOT.jar
[INFO] ------------------------------------------------------------------------
[INFO] BUILD SUCCESS
[INFO] ------------------------------------------------------------------------
[INFO] Total time:  04:15 min
[INFO] Finished at: 2026-06-16T05:07:39Z
[INFO] ------------------------------------------------------------------------
