WARNING: A terminally deprecated method in sun.misc.Unsafe has been called
WARNING: sun.misc.Unsafe::staticFieldBase has been called by com.google.inject.internal.aop.HiddenClassDefiner (file:/home/poddingue/.sdkman/candidates/maven/current/lib/guice-5.1.0-classes.jar)
WARNING: Please consider reporting this to the maintainers of class com.google.inject.internal.aop.HiddenClassDefiner
WARNING: sun.misc.Unsafe::staticFieldBase will be removed in a future release
[INFO] Scanning for projects...
[INFO] 
[INFO] -----------< org.jenkins-ci.plugins:pipeline-graph-analysis >-----------
[INFO] Building Pipeline Graph Analysis Plugin 999999-SNAPSHOT
[INFO]   from pom.xml
[INFO] --------------------------------[ hpi ]---------------------------------
[INFO] 
[INFO] --- clean:3.5.0:clean (default-clean) @ pipeline-graph-analysis ---
[INFO] 
[INFO] --- hpi:3.66:validate (default-validate) @ pipeline-graph-analysis ---
[INFO] Created marker file /tmp/plugin-builds/pipeline-graph-analysis/target/java-level/17
[INFO] 
[INFO] --- hpi:3.66:validate-hpi (default-validate-hpi) @ pipeline-graph-analysis ---
[INFO] 
[INFO] --- enforcer:3.6.1:enforce (display-info) @ pipeline-graph-analysis ---
[INFO] Rule 0: io.jenkins.tools.incrementals.enforcer.RequireExtensionVersion passed
[INFO] Rule 1: org.apache.maven.enforcer.rules.version.RequireMavenVersion passed
[INFO] Rule 2: org.apache.maven.enforcer.rules.version.RequireJavaVersion passed
[INFO] Rule 3: org.codehaus.mojo.extraenforcer.dependencies.EnforceBytecodeVersion passed
[INFO] Rule 4: org.apache.maven.enforcer.rules.dependency.BannedDependencies passed
[INFO] Rule 5: org.apache.maven.enforcer.rules.dependency.BannedDependencies passed
[INFO] Rule 6: org.apache.maven.enforcer.rules.dependency.RequireUpperBoundDeps passed
[INFO] 
[INFO] --- enforcer:3.6.1:enforce (no-snapshots-in-release) @ pipeline-graph-analysis ---
[INFO] Rule 0: org.apache.maven.enforcer.rules.dependency.RequireReleaseDeps passed
[INFO] 
[INFO] --- localizer:1.31:generate (default) @ pipeline-graph-analysis ---
[INFO] 
[INFO] --- enforcer:3.6.1:enforce (check-junit-imports) @ pipeline-graph-analysis ---
[INFO] Rule 0: org.apache.maven.plugins.enforcer.RestrictImports passed
[INFO] 
[INFO] --- resources:3.3.1:resources (default-resources) @ pipeline-graph-analysis ---
[INFO] Copying 1 resource from src/main/resources to target/classes
[INFO] 
[INFO] --- flatten:1.7.2:flatten (flatten) @ pipeline-graph-analysis ---
[INFO] Generating flattened POM of project org.jenkins-ci.plugins:pipeline-graph-analysis:hpi:999999-SNAPSHOT...
[INFO] 
[INFO] --- compiler:3.14.0:compile (default-compile) @ pipeline-graph-analysis ---
[INFO] Recompiling the module because of changed source code.
[INFO] Compiling 5 source files with javac [debug parameters release 17] to target/classes
[INFO] /tmp/plugin-builds/pipeline-graph-analysis/src/main/java/org/jenkinsci/plugins/workflow/pipelinegraphanalysis/StageChunkFinder.java: /tmp/plugin-builds/pipeline-graph-analysis/src/main/java/org/jenkinsci/plugins/workflow/pipelinegraphanalysis/StageChunkFinder.java uses or overrides a deprecated API.
[INFO] /tmp/plugin-builds/pipeline-graph-analysis/src/main/java/org/jenkinsci/plugins/workflow/pipelinegraphanalysis/StageChunkFinder.java: Recompile with -Xlint:deprecation for details.
[INFO] 
[INFO] --- access-modifier-checker:1.35:enforce (default-enforce) @ pipeline-graph-analysis ---
[INFO] 
[INFO] --- bridge-method-injector:1.32:process (default) @ pipeline-graph-analysis ---
[INFO] 
[INFO] --- hpi:3.66:insert-test (default-insert-test) @ pipeline-graph-analysis ---
[INFO] 
[INFO] --- antrun:3.1.0:run (createTempDir) @ pipeline-graph-analysis ---
[INFO] Executing tasks
[INFO]     [mkdir] Created dir: /tmp/plugin-builds/pipeline-graph-analysis/target/tmp
[INFO] Executed tasks
[INFO] 
[INFO] --- resources:3.3.1:testResources (default-testResources) @ pipeline-graph-analysis ---
[INFO] skip non existing resourceDirectory /tmp/plugin-builds/pipeline-graph-analysis/src/test/resources
[INFO] 
[INFO] --- compiler:3.14.0:testCompile (default-testCompile) @ pipeline-graph-analysis ---
[INFO] Recompiling the module because of changed dependency.
[INFO] Compiling 3 source files with javac [debug parameters release 17] to target/test-classes
[INFO] /tmp/plugin-builds/pipeline-graph-analysis/src/test/java/org/jenkinsci/plugins/workflow/pipelinegraphanalysis/StatusAndTimingTest.java: /tmp/plugin-builds/pipeline-graph-analysis/src/test/java/org/jenkinsci/plugins/workflow/pipelinegraphanalysis/StatusAndTimingTest.java uses or overrides a deprecated API.
[INFO] /tmp/plugin-builds/pipeline-graph-analysis/src/test/java/org/jenkinsci/plugins/workflow/pipelinegraphanalysis/StatusAndTimingTest.java: Recompile with -Xlint:deprecation for details.
[INFO] 
[INFO] --- hpi:3.66:test-hpl (default-test-hpl) @ pipeline-graph-analysis ---
[INFO] Generating /tmp/plugin-builds/pipeline-graph-analysis/target/test-classes/the.hpl
[INFO] 
[INFO] --- hpi:3.66:resolve-test-dependencies (default-resolve-test-dependencies) @ pipeline-graph-analysis ---
[INFO] 
[INFO] --- hpi:3.66:test-runtime (default-test-runtime) @ pipeline-graph-analysis ---
[INFO] Tests are skipped.
[INFO] 
[INFO] --- surefire:3.5.3:test (default-test) @ pipeline-graph-analysis ---
[INFO] Tests are skipped.
[INFO] 
[INFO] --- license:184.v19c87b_6b_a_9a_c:process (default) @ pipeline-graph-analysis ---
[INFO] Generated /tmp/plugin-builds/pipeline-graph-analysis/target/pipeline-graph-analysis/WEB-INF/licenses.xml
[INFO] 
[INFO] --- hpi:3.66:hpi (default-hpi) @ pipeline-graph-analysis ---
[INFO] Generating /tmp/plugin-builds/pipeline-graph-analysis/target/pipeline-graph-analysis/META-INF/MANIFEST.MF
[INFO] Checking for attached .jar artifact ...
[INFO] Generating jar /tmp/plugin-builds/pipeline-graph-analysis/target/pipeline-graph-analysis.jar
[INFO] Building jar: /tmp/plugin-builds/pipeline-graph-analysis/target/pipeline-graph-analysis.jar
[INFO] Exploding webapp...
[INFO] Copy webapp webResources to /tmp/plugin-builds/pipeline-graph-analysis/target/pipeline-graph-analysis
[INFO] Assembling webapp pipeline-graph-analysis in /tmp/plugin-builds/pipeline-graph-analysis/target/pipeline-graph-analysis
[INFO] Generating hpi /tmp/plugin-builds/pipeline-graph-analysis/target/pipeline-graph-analysis.hpi
[INFO] Building jar: /tmp/plugin-builds/pipeline-graph-analysis/target/pipeline-graph-analysis.hpi
[INFO] 
[INFO] --- jar:3.4.2:test-jar (maybe-test-jar) @ pipeline-graph-analysis ---
[INFO] Skipping packaging of the test-jar
[INFO] 
[INFO] >>> spotbugs:4.9.3.2:check (spotbugs) > :spotbugs @ pipeline-graph-analysis >>>
[INFO] 
[INFO] --- spotbugs:4.9.3.2:spotbugs (spotbugs) @ pipeline-graph-analysis ---
[INFO] Fork Value is true
[INFO] Done SpotBugs Analysis....
[WARNING] Unable to find a URL to the parent project. The parent menu will NOT be added.
[INFO] Rendering content with org.apache.maven.skins:maven-fluido-skin:jar:2.0.0-M9 skin
[INFO] 
[INFO] <<< spotbugs:4.9.3.2:check (spotbugs) < :spotbugs @ pipeline-graph-analysis <<<
[INFO] 
[INFO] 
[INFO] --- spotbugs:4.9.3.2:check (spotbugs) @ pipeline-graph-analysis ---
[INFO] BugInstance size is 0
[INFO] Error size is 0
[INFO] No errors/warnings found
[INFO] 
[INFO] --- spotless:2.46.1:check (default) @ pipeline-graph-analysis ---
[INFO] Spotless check skipped
[INFO] 
[INFO] --- install:3.1.4:install (default-install) @ pipeline-graph-analysis ---
[INFO] Installing /tmp/plugin-builds/pipeline-graph-analysis/target/pipeline-graph-analysis-999999-SNAPSHOT.pom to /home/poddingue/.m2/repository/org/jenkins-ci/plugins/pipeline-graph-analysis/999999-SNAPSHOT/pipeline-graph-analysis-999999-SNAPSHOT.pom
[INFO] Installing /tmp/plugin-builds/pipeline-graph-analysis/target/pipeline-graph-analysis.hpi to /home/poddingue/.m2/repository/org/jenkins-ci/plugins/pipeline-graph-analysis/999999-SNAPSHOT/pipeline-graph-analysis-999999-SNAPSHOT.hpi
[INFO] Installing /tmp/plugin-builds/pipeline-graph-analysis/target/pipeline-graph-analysis.jar to /home/poddingue/.m2/repository/org/jenkins-ci/plugins/pipeline-graph-analysis/999999-SNAPSHOT/pipeline-graph-analysis-999999-SNAPSHOT.jar
[INFO] ------------------------------------------------------------------------
[INFO] BUILD SUCCESS
[INFO] ------------------------------------------------------------------------
[INFO] Total time:  22.201 s
[INFO] Finished at: 2025-08-20T19:05:36+02:00
[INFO] ------------------------------------------------------------------------
