WARNING: A restricted method in java.lang.System has been called
WARNING: java.lang.System::load has been called by org.fusesource.jansi.internal.JansiLoader in an unnamed module (file:/home/poddingue/.sdkman/candidates/maven/current/lib/jansi-2.4.1.jar)
WARNING: Use --enable-native-access=ALL-UNNAMED to avoid a warning for callers in this module
WARNING: Restricted methods will be blocked in a future release unless native access is enabled

WARNING: A terminally deprecated method in sun.misc.Unsafe has been called
WARNING: sun.misc.Unsafe::objectFieldOffset has been called by com.google.common.util.concurrent.AbstractFuture$UnsafeAtomicHelper (file:/home/poddingue/.sdkman/candidates/maven/current/lib/guava-33.2.1-jre.jar)
WARNING: Please consider reporting this to the maintainers of class com.google.common.util.concurrent.AbstractFuture$UnsafeAtomicHelper
WARNING: sun.misc.Unsafe::objectFieldOffset will be removed in a future release
[INFO] Scanning for projects...
[INFO] ------------------------------------------------------------------------
[INFO] Reactor Build Order:
[INFO] 
[INFO] Pipeline Maven Integration Plugin Parent                           [pom]
[INFO] Pipeline Maven Plugin API                                          [hpi]
[INFO] Maven Spy for the Pipeline Maven Integration Plugin                [jar]
[INFO] Pipeline Maven Plugin Database                                     [hpi]
[INFO] Pipeline Maven Integration Plugin                                  [hpi]
[INFO] 
[INFO] ------------< org.jenkins-ci.plugins:pipeline-maven-parent >------------
[INFO] Building Pipeline Maven Integration Plugin Parent 999999-SNAPSHOT  [1/5]
[INFO]   from pom.xml
[INFO] --------------------------------[ pom ]---------------------------------
[INFO] 
[INFO] --- clean:3.4.1:clean (default-clean) @ pipeline-maven-parent ---
[INFO] 
[INFO] --- enforcer:3.5.0:enforce (display-info) @ pipeline-maven-parent ---
[INFO] Rule 0: io.jenkins.tools.incrementals.enforcer.RequireExtensionVersion passed
[INFO] Rule 1: org.apache.maven.enforcer.rules.version.RequireMavenVersion passed
[INFO] Rule 2: org.apache.maven.enforcer.rules.version.RequireJavaVersion passed
[INFO] Rule 3: org.codehaus.mojo.extraenforcer.dependencies.EnforceBytecodeVersion passed
[INFO] Rule 4: org.apache.maven.enforcer.rules.dependency.BannedDependencies passed
[INFO] Rule 5: org.apache.maven.enforcer.rules.dependency.BannedDependencies passed
[INFO] Rule 6: org.apache.maven.enforcer.rules.dependency.RequireUpperBoundDeps passed
[INFO] 
[INFO] --- enforcer:3.5.0:enforce (no-snapshots-in-release) @ pipeline-maven-parent ---
[INFO] Rule 0: org.apache.maven.enforcer.rules.dependency.RequireReleaseDeps passed
[INFO] 
[INFO] --- localizer:1.31:generate (default) @ pipeline-maven-parent ---
[INFO] 
[INFO] --- flatten:1.7.0:flatten (flatten) @ pipeline-maven-parent ---
[INFO] Generating flattened POM of project org.jenkins-ci.plugins:pipeline-maven-parent:pom:999999-SNAPSHOT...
[INFO] 
[INFO] --- bridge-method-injector:1.31:process (default) @ pipeline-maven-parent ---
[INFO] 
[INFO] --- antrun:3.1.0:run (createTempDir) @ pipeline-maven-parent ---
[INFO] Executing tasks
[INFO]     [mkdir] Created dir: /tmp/plugin-builds/pipeline-maven-api/target/tmp
[INFO] Executed tasks
[INFO] 
[INFO] --- license:165.v7e11f4e4a_325:process (default) @ pipeline-maven-parent ---
[INFO] 
[INFO] --- jar:3.4.2:test-jar (maybe-test-jar) @ pipeline-maven-parent ---
[INFO] Skipping packaging of the test-jar
[INFO] 
[INFO] >>> spotbugs:4.9.3.0:check (spotbugs) > :spotbugs @ pipeline-maven-parent >>>
[INFO] 
[INFO] --- spotbugs:4.9.3.0:spotbugs (spotbugs) @ pipeline-maven-parent ---
[INFO] Skipping com.github.spotbugs:spotbugs-maven-plugin:4.9.3.0:spotbugs report goal
[INFO] 
[INFO] <<< spotbugs:4.9.3.0:check (spotbugs) < :spotbugs @ pipeline-maven-parent <<<
[INFO] 
[INFO] 
[INFO] --- spotbugs:4.9.3.0:check (spotbugs) @ pipeline-maven-parent ---
[INFO] Spotbugs plugin skipped
[INFO] 
[INFO] --- spotless:2.44.4:check (default) @ pipeline-maven-parent ---
[INFO] Spotless check skipped
[INFO] 
[INFO] --- install:3.1.4:install (default-install) @ pipeline-maven-parent ---
[INFO] Installing /tmp/plugin-builds/pipeline-maven-api/target/pipeline-maven-parent-999999-SNAPSHOT.pom to /home/poddingue/.m2/repository/org/jenkins-ci/plugins/pipeline-maven-parent/999999-SNAPSHOT/pipeline-maven-parent-999999-SNAPSHOT.pom
[INFO] 
[INFO] -------------< org.jenkins-ci.plugins:pipeline-maven-api >--------------
[INFO] Building Pipeline Maven Plugin API 999999-SNAPSHOT                 [2/5]
[INFO]   from pipeline-maven-api/pom.xml
[INFO] --------------------------------[ hpi ]---------------------------------
[INFO] 
[INFO] --- clean:3.4.1:clean (default-clean) @ pipeline-maven-api ---
[INFO] 
[INFO] --- hpi:3.65:validate (default-validate) @ pipeline-maven-api ---
[INFO] Created marker file /tmp/plugin-builds/pipeline-maven-api/pipeline-maven-api/target/java-level/17
[INFO] 
[INFO] --- hpi:3.65:validate-hpi (default-validate-hpi) @ pipeline-maven-api ---
[INFO] 
[INFO] --- enforcer:3.5.0:enforce (display-info) @ pipeline-maven-api ---
[INFO] Rule 3: org.codehaus.mojo.extraenforcer.dependencies.EnforceBytecodeVersion passed
[INFO] Rule 4: org.apache.maven.enforcer.rules.dependency.BannedDependencies passed
[INFO] Rule 5: org.apache.maven.enforcer.rules.dependency.BannedDependencies passed
[INFO] Rule 6: org.apache.maven.enforcer.rules.dependency.RequireUpperBoundDeps passed
[INFO] 
[INFO] --- enforcer:3.5.0:enforce (no-snapshots-in-release) @ pipeline-maven-api ---
[INFO] Rule 0: org.apache.maven.enforcer.rules.dependency.RequireReleaseDeps passed
[INFO] 
[INFO] --- localizer:1.31:generate (default) @ pipeline-maven-api ---
[INFO] 
[INFO] --- resources:3.3.1:resources (default-resources) @ pipeline-maven-api ---
[INFO] Copying 3 resources from src/main/resources to target/classes
[INFO] 
[INFO] --- flatten:1.7.0:flatten (flatten) @ pipeline-maven-api ---
[INFO] Generating flattened POM of project org.jenkins-ci.plugins:pipeline-maven-api:hpi:999999-SNAPSHOT...
[INFO] 
[INFO] --- compiler:3.14.0:compile (default-compile) @ pipeline-maven-api ---
[INFO] Recompiling the module because of changed source code.
[INFO] Compiling 10 source files with javac [debug parameters release 17] to target/classes
[INFO] org.jenkinsci.plugins.pipeline.maven.dao.PipelineMavenPluginNullDao indexed under hudson.Extension
[INFO] /tmp/plugin-builds/pipeline-maven-api/pipeline-maven-api/src/main/java/org/jenkinsci/plugins/pipeline/maven/dao/AbstractPipelineMavenPluginDaoDecorator.java: /tmp/plugin-builds/pipeline-maven-api/pipeline-maven-api/src/main/java/org/jenkinsci/plugins/pipeline/maven/dao/AbstractPipelineMavenPluginDaoDecorator.java uses or overrides a deprecated API.
[INFO] /tmp/plugin-builds/pipeline-maven-api/pipeline-maven-api/src/main/java/org/jenkinsci/plugins/pipeline/maven/dao/AbstractPipelineMavenPluginDaoDecorator.java: Recompile with -Xlint:deprecation for details.
[INFO] 
[INFO] --- access-modifier-checker:1.35:enforce (default-enforce) @ pipeline-maven-api ---
[INFO] Skipping access modifier checks
[INFO] 
[INFO] --- bridge-method-injector:1.31:process (default) @ pipeline-maven-api ---
[INFO] 
[INFO] --- hpi:3.65:insert-test (default-insert-test) @ pipeline-maven-api ---
[INFO] 
[INFO] --- antrun:3.1.0:run (createTempDir) @ pipeline-maven-api ---
[INFO] Executing tasks
[INFO]     [mkdir] Created dir: /tmp/plugin-builds/pipeline-maven-api/pipeline-maven-api/target/tmp
[INFO] Executed tasks
[INFO] 
[INFO] --- resources:3.3.1:testResources (default-testResources) @ pipeline-maven-api ---
[INFO] Not copying test resources
[INFO] 
[INFO] --- compiler:3.14.0:testCompile (default-testCompile) @ pipeline-maven-api ---
[INFO] Not compiling test sources
[INFO] 
[INFO] --- hpi:3.65:test-hpl (default-test-hpl) @ pipeline-maven-api ---
[INFO] Generating /tmp/plugin-builds/pipeline-maven-api/pipeline-maven-api/target/test-classes/the.hpl
[INFO] 
[INFO] --- hpi:3.65:resolve-test-dependencies (default-resolve-test-dependencies) @ pipeline-maven-api ---
[INFO] 
[INFO] --- hpi:3.65:test-runtime (default-test-runtime) @ pipeline-maven-api ---
[INFO] Tests are skipped.
[INFO] 
[INFO] --- surefire:3.5.3:test (default-test) @ pipeline-maven-api ---
[INFO] Tests are skipped.
[INFO] 
[INFO] --- license:165.v7e11f4e4a_325:process (default) @ pipeline-maven-api ---
[INFO] 
[INFO] --- hpi:3.65:hpi (default-hpi) @ pipeline-maven-api ---
[INFO] Generating /tmp/plugin-builds/pipeline-maven-api/pipeline-maven-api/target/pipeline-maven-api/META-INF/MANIFEST.MF
[INFO] Checking for attached .jar artifact ...
[INFO] Generating jar /tmp/plugin-builds/pipeline-maven-api/pipeline-maven-api/target/pipeline-maven-api.jar
[INFO] Building jar: /tmp/plugin-builds/pipeline-maven-api/pipeline-maven-api/target/pipeline-maven-api.jar
[INFO] Exploding webapp...
[INFO] Copy webapp webResources to /tmp/plugin-builds/pipeline-maven-api/pipeline-maven-api/target/pipeline-maven-api
[INFO] Assembling webapp pipeline-maven-api in /tmp/plugin-builds/pipeline-maven-api/pipeline-maven-api/target/pipeline-maven-api
[INFO] Generating hpi /tmp/plugin-builds/pipeline-maven-api/pipeline-maven-api/target/pipeline-maven-api.hpi
[INFO] Building jar: /tmp/plugin-builds/pipeline-maven-api/pipeline-maven-api/target/pipeline-maven-api.hpi
[INFO] 
[INFO] --- jar:3.4.2:test-jar (maybe-test-jar) @ pipeline-maven-api ---
[INFO] Skipping packaging of the test-jar
[INFO] 
[INFO] >>> spotbugs:4.9.3.0:check (spotbugs) > :spotbugs @ pipeline-maven-api >>>
[INFO] 
[INFO] --- spotbugs:4.9.3.0:spotbugs (spotbugs) @ pipeline-maven-api ---
[INFO] Skipping com.github.spotbugs:spotbugs-maven-plugin:4.9.3.0:spotbugs report goal
[INFO] 
[INFO] <<< spotbugs:4.9.3.0:check (spotbugs) < :spotbugs @ pipeline-maven-api <<<
[INFO] 
[INFO] 
[INFO] --- spotbugs:4.9.3.0:check (spotbugs) @ pipeline-maven-api ---
[INFO] Spotbugs plugin skipped
[INFO] 
[INFO] --- spotless:2.44.4:check (default) @ pipeline-maven-api ---
[INFO] Spotless check skipped
[INFO] 
[INFO] --- install:3.1.4:install (default-install) @ pipeline-maven-api ---
[INFO] Installing /tmp/plugin-builds/pipeline-maven-api/pipeline-maven-api/target/pipeline-maven-api-999999-SNAPSHOT.pom to /home/poddingue/.m2/repository/org/jenkins-ci/plugins/pipeline-maven-api/999999-SNAPSHOT/pipeline-maven-api-999999-SNAPSHOT.pom
[INFO] Installing /tmp/plugin-builds/pipeline-maven-api/pipeline-maven-api/target/pipeline-maven-api.hpi to /home/poddingue/.m2/repository/org/jenkins-ci/plugins/pipeline-maven-api/999999-SNAPSHOT/pipeline-maven-api-999999-SNAPSHOT.hpi
[INFO] Installing /tmp/plugin-builds/pipeline-maven-api/pipeline-maven-api/target/pipeline-maven-api.jar to /home/poddingue/.m2/repository/org/jenkins-ci/plugins/pipeline-maven-api/999999-SNAPSHOT/pipeline-maven-api-999999-SNAPSHOT.jar
[INFO] 
[INFO] -------------< org.jenkins-ci.plugins:pipeline-maven-spy >--------------
[INFO] Building Maven Spy for the Pipeline Maven Integration Plugin 999999-SNAPSHOT [3/5]
[INFO]   from pipeline-maven-spy/pom.xml
[INFO] --------------------------------[ jar ]---------------------------------
[INFO] 
[INFO] --- clean:3.4.1:clean (default-clean) @ pipeline-maven-spy ---
[INFO] 
[INFO] --- enforcer:3.5.0:enforce (display-info) @ pipeline-maven-spy ---
[INFO] Rule 0: org.apache.maven.enforcer.rules.dependency.RequireUpperBoundDeps passed
[INFO] Rule 4: org.codehaus.mojo.extraenforcer.dependencies.EnforceBytecodeVersion passed
[INFO] Rule 5: org.apache.maven.enforcer.rules.dependency.BannedDependencies passed
[INFO] Rule 6: org.apache.maven.enforcer.rules.dependency.BannedDependencies passed
[INFO] 
[INFO] --- enforcer:3.5.0:enforce (no-snapshots-in-release) @ pipeline-maven-spy ---
[INFO] Rule 0: org.apache.maven.enforcer.rules.dependency.RequireReleaseDeps passed
[INFO] 
[INFO] --- localizer:1.31:generate (default) @ pipeline-maven-spy ---
[INFO] 
[INFO] --- resources:3.3.1:resources (default-resources) @ pipeline-maven-spy ---
[INFO] skip non existing resourceDirectory /tmp/plugin-builds/pipeline-maven-api/pipeline-maven-spy/src/main/resources
[INFO] 
[INFO] --- flatten:1.7.0:flatten (flatten) @ pipeline-maven-spy ---
[INFO] Generating flattened POM of project org.jenkins-ci.plugins:pipeline-maven-spy:jar:999999-SNAPSHOT...
[INFO] 
[INFO] --- compiler:3.14.0:compile (default-compile) @ pipeline-maven-spy ---
[INFO] Recompiling the module because of changed source code.
[INFO] Compiling 28 source files with javac [debug parameters release 8] to target/classes
[WARNING] source value 8 is obsolete and will be removed in a future release
[WARNING] target value 8 is obsolete and will be removed in a future release
[WARNING] To suppress warnings about obsolete options, use -Xlint:-options.
[INFO] /tmp/plugin-builds/pipeline-maven-api/pipeline-maven-spy/src/main/java/org/jenkinsci/plugins/pipeline/maven/eventspy/JenkinsMavenEventSpy.java: Some input files use unchecked or unsafe operations.
[INFO] /tmp/plugin-builds/pipeline-maven-api/pipeline-maven-spy/src/main/java/org/jenkinsci/plugins/pipeline/maven/eventspy/JenkinsMavenEventSpy.java: Recompile with -Xlint:unchecked for details.
[INFO] 
[INFO] --- bridge-method-injector:1.31:process (default) @ pipeline-maven-spy ---
[INFO] 
[INFO] --- sisu:0.3.5:main-index (generate-index) @ pipeline-maven-spy ---
[INFO] 
[INFO] --- antrun:3.1.0:run (createTempDir) @ pipeline-maven-spy ---
[INFO] Executing tasks
[INFO]     [mkdir] Created dir: /tmp/plugin-builds/pipeline-maven-api/pipeline-maven-spy/target/tmp
[INFO] Executed tasks
[INFO] 
[INFO] --- resources:3.3.1:testResources (default-testResources) @ pipeline-maven-spy ---
[INFO] Not copying test resources
[INFO] 
[INFO] --- compiler:3.14.0:testCompile (default-testCompile) @ pipeline-maven-spy ---
[INFO] Not compiling test sources
[INFO] 
[INFO] --- surefire:3.5.3:test (default-test) @ pipeline-maven-spy ---
[INFO] Tests are skipped.
[INFO] 
[INFO] --- license:165.v7e11f4e4a_325:process (default) @ pipeline-maven-spy ---
[INFO] 
[INFO] --- jar:3.4.2:jar (default-jar) @ pipeline-maven-spy ---
[INFO] Building jar: /tmp/plugin-builds/pipeline-maven-api/pipeline-maven-spy/target/pipeline-maven-spy.jar
[INFO] 
[INFO] --- jar:3.4.2:test-jar (maybe-test-jar) @ pipeline-maven-spy ---
[INFO] Skipping packaging of the test-jar
[INFO] 
[INFO] >>> spotbugs:4.9.3.0:check (spotbugs) > :spotbugs @ pipeline-maven-spy >>>
[INFO] 
[INFO] --- spotbugs:4.9.3.0:spotbugs (spotbugs) @ pipeline-maven-spy ---
[INFO] Skipping com.github.spotbugs:spotbugs-maven-plugin:4.9.3.0:spotbugs report goal
[INFO] 
[INFO] <<< spotbugs:4.9.3.0:check (spotbugs) < :spotbugs @ pipeline-maven-spy <<<
[INFO] 
[INFO] 
[INFO] --- spotbugs:4.9.3.0:check (spotbugs) @ pipeline-maven-spy ---
[INFO] Spotbugs plugin skipped
[INFO] 
[INFO] --- spotless:2.44.4:check (default) @ pipeline-maven-spy ---
[INFO] Spotless check skipped
[INFO] 
[INFO] --- install:3.1.4:install (default-install) @ pipeline-maven-spy ---
[INFO] Installing /tmp/plugin-builds/pipeline-maven-api/pipeline-maven-spy/target/pipeline-maven-spy-999999-SNAPSHOT.pom to /home/poddingue/.m2/repository/org/jenkins-ci/plugins/pipeline-maven-spy/999999-SNAPSHOT/pipeline-maven-spy-999999-SNAPSHOT.pom
[INFO] Installing /tmp/plugin-builds/pipeline-maven-api/pipeline-maven-spy/target/pipeline-maven-spy.jar to /home/poddingue/.m2/repository/org/jenkins-ci/plugins/pipeline-maven-spy/999999-SNAPSHOT/pipeline-maven-spy-999999-SNAPSHOT.jar
[INFO] 
[INFO] -----------< org.jenkins-ci.plugins:pipeline-maven-database >-----------
[INFO] Building Pipeline Maven Plugin Database 999999-SNAPSHOT            [4/5]
[INFO]   from pipeline-maven-database/pom.xml
[INFO] --------------------------------[ hpi ]---------------------------------
[INFO] 
[INFO] --- clean:3.4.1:clean (default-clean) @ pipeline-maven-database ---
[INFO] 
[INFO] --- hpi:3.65:validate (default-validate) @ pipeline-maven-database ---
[INFO] Created marker file /tmp/plugin-builds/pipeline-maven-api/pipeline-maven-database/target/java-level/17
[INFO] 
[INFO] --- hpi:3.65:validate-hpi (default-validate-hpi) @ pipeline-maven-database ---
[INFO] 
[INFO] --- enforcer:3.5.0:enforce (display-info) @ pipeline-maven-database ---
[INFO] Rule 3: org.codehaus.mojo.extraenforcer.dependencies.EnforceBytecodeVersion passed
[INFO] Rule 4: org.apache.maven.enforcer.rules.dependency.BannedDependencies passed
[INFO] Rule 5: org.apache.maven.enforcer.rules.dependency.BannedDependencies passed
[INFO] Rule 6: org.apache.maven.enforcer.rules.dependency.RequireUpperBoundDeps passed
[INFO] 
[INFO] --- enforcer:3.5.0:enforce (no-snapshots-in-release) @ pipeline-maven-database ---
[INFO] Rule 0: org.apache.maven.enforcer.rules.dependency.RequireReleaseDeps passed
[INFO] 
[INFO] --- localizer:1.31:generate (default) @ pipeline-maven-database ---
[INFO] 
[INFO] --- resources:3.3.1:resources (default-resources) @ pipeline-maven-database ---
[INFO] Copying 33 resources from src/main/resources to target/classes
[INFO] 
[INFO] --- flatten:1.7.0:flatten (flatten) @ pipeline-maven-database ---
[INFO] Generating flattened POM of project org.jenkins-ci.plugins:pipeline-maven-database:hpi:999999-SNAPSHOT...
[INFO] 
[INFO] --- compiler:3.14.0:compile (default-compile) @ pipeline-maven-database ---
[INFO] Recompiling the module because of changed dependency.
[INFO] Compiling 14 source files with javac [debug parameters release 17] to target/classes
[INFO] org.jenkinsci.plugins.pipeline.maven.db.PipelineMavenPluginH2Dao indexed under hudson.Extension
[INFO] org.jenkinsci.plugins.pipeline.maven.db.PipelineMavenPluginMySqlDao indexed under hudson.Extension
[INFO] org.jenkinsci.plugins.pipeline.maven.db.PipelineMavenPluginPostgreSqlDao indexed under hudson.Extension
[INFO] /tmp/plugin-builds/pipeline-maven-api/pipeline-maven-database/src/main/java/org/jenkinsci/plugins/pipeline/maven/db/AbstractPipelineMavenPluginDao.java: /tmp/plugin-builds/pipeline-maven-api/pipeline-maven-database/src/main/java/org/jenkinsci/plugins/pipeline/maven/db/AbstractPipelineMavenPluginDao.java uses or overrides a deprecated API.
[INFO] /tmp/plugin-builds/pipeline-maven-api/pipeline-maven-database/src/main/java/org/jenkinsci/plugins/pipeline/maven/db/AbstractPipelineMavenPluginDao.java: Recompile with -Xlint:deprecation for details.
[INFO] /tmp/plugin-builds/pipeline-maven-api/pipeline-maven-database/src/main/java/org/jenkinsci/plugins/pipeline/maven/db/AbstractPipelineMavenPluginDao.java: /tmp/plugin-builds/pipeline-maven-api/pipeline-maven-database/src/main/java/org/jenkinsci/plugins/pipeline/maven/db/AbstractPipelineMavenPluginDao.java uses unchecked or unsafe operations.
[INFO] /tmp/plugin-builds/pipeline-maven-api/pipeline-maven-database/src/main/java/org/jenkinsci/plugins/pipeline/maven/db/AbstractPipelineMavenPluginDao.java: Recompile with -Xlint:unchecked for details.
[INFO] 
[INFO] --- access-modifier-checker:1.35:enforce (default-enforce) @ pipeline-maven-database ---
[INFO] Skipping access modifier checks
[INFO] 
[INFO] --- bridge-method-injector:1.31:process (default) @ pipeline-maven-database ---
[INFO] 
[INFO] --- hpi:3.65:insert-test (default-insert-test) @ pipeline-maven-database ---
[INFO] 
[INFO] --- antrun:3.1.0:run (createTempDir) @ pipeline-maven-database ---
[INFO] Executing tasks
[INFO]     [mkdir] Created dir: /tmp/plugin-builds/pipeline-maven-api/pipeline-maven-database/target/tmp
[INFO] Executed tasks
[INFO] 
[INFO] --- resources:3.3.1:testResources (default-testResources) @ pipeline-maven-database ---
[INFO] Not copying test resources
[INFO] 
[INFO] --- compiler:3.14.0:testCompile (default-testCompile) @ pipeline-maven-database ---
[INFO] Not compiling test sources
[INFO] 
[INFO] --- hpi:3.65:test-hpl (default-test-hpl) @ pipeline-maven-database ---
[INFO] Generating /tmp/plugin-builds/pipeline-maven-api/pipeline-maven-database/target/test-classes/the.hpl
[INFO] 
[INFO] --- hpi:3.65:resolve-test-dependencies (default-resolve-test-dependencies) @ pipeline-maven-database ---
[INFO] 
[INFO] --- hpi:3.65:test-runtime (default-test-runtime) @ pipeline-maven-database ---
[INFO] Tests are skipped.
[INFO] 
[INFO] --- surefire:3.5.3:test (default-test) @ pipeline-maven-database ---
[INFO] Tests are skipped.
[INFO] 
[INFO] --- license:165.v7e11f4e4a_325:process (default) @ pipeline-maven-database ---
[INFO] 
[INFO] --- hpi:3.65:hpi (default-hpi) @ pipeline-maven-database ---
[INFO] Generating /tmp/plugin-builds/pipeline-maven-api/pipeline-maven-database/target/pipeline-maven-database/META-INF/MANIFEST.MF
[INFO] Checking for attached .jar artifact ...
[INFO] Generating jar /tmp/plugin-builds/pipeline-maven-api/pipeline-maven-database/target/pipeline-maven-database.jar
[INFO] Building jar: /tmp/plugin-builds/pipeline-maven-api/pipeline-maven-database/target/pipeline-maven-database.jar
[INFO] Exploding webapp...
[INFO] Copy webapp webResources to /tmp/plugin-builds/pipeline-maven-api/pipeline-maven-database/target/pipeline-maven-database
[INFO] Assembling webapp pipeline-maven-database in /tmp/plugin-builds/pipeline-maven-api/pipeline-maven-database/target/pipeline-maven-database
[INFO] Bundling direct dependency HikariCP-6.3.0.jar
[INFO] Generating hpi /tmp/plugin-builds/pipeline-maven-api/pipeline-maven-database/target/pipeline-maven-database.hpi
[INFO] Building jar: /tmp/plugin-builds/pipeline-maven-api/pipeline-maven-database/target/pipeline-maven-database.hpi
[INFO] 
[INFO] --- jar:3.4.2:test-jar (maybe-test-jar) @ pipeline-maven-database ---
[INFO] Skipping packaging of the test-jar
[INFO] 
[INFO] >>> spotbugs:4.9.3.0:check (spotbugs) > :spotbugs @ pipeline-maven-database >>>
[INFO] 
[INFO] --- spotbugs:4.9.3.0:spotbugs (spotbugs) @ pipeline-maven-database ---
[INFO] Skipping com.github.spotbugs:spotbugs-maven-plugin:4.9.3.0:spotbugs report goal
[INFO] 
[INFO] <<< spotbugs:4.9.3.0:check (spotbugs) < :spotbugs @ pipeline-maven-database <<<
[INFO] 
[INFO] 
[INFO] --- spotbugs:4.9.3.0:check (spotbugs) @ pipeline-maven-database ---
[INFO] Spotbugs plugin skipped
[INFO] 
[INFO] --- spotless:2.44.4:check (default) @ pipeline-maven-database ---
[INFO] Spotless check skipped
[INFO] 
[INFO] --- install:3.1.4:install (default-install) @ pipeline-maven-database ---
[INFO] Installing /tmp/plugin-builds/pipeline-maven-api/pipeline-maven-database/target/pipeline-maven-database-999999-SNAPSHOT.pom to /home/poddingue/.m2/repository/org/jenkins-ci/plugins/pipeline-maven-database/999999-SNAPSHOT/pipeline-maven-database-999999-SNAPSHOT.pom
[INFO] Installing /tmp/plugin-builds/pipeline-maven-api/pipeline-maven-database/target/pipeline-maven-database.hpi to /home/poddingue/.m2/repository/org/jenkins-ci/plugins/pipeline-maven-database/999999-SNAPSHOT/pipeline-maven-database-999999-SNAPSHOT.hpi
[INFO] Installing /tmp/plugin-builds/pipeline-maven-api/pipeline-maven-database/target/pipeline-maven-database.jar to /home/poddingue/.m2/repository/org/jenkins-ci/plugins/pipeline-maven-database/999999-SNAPSHOT/pipeline-maven-database-999999-SNAPSHOT.jar
[INFO] 
[INFO] ---------------< org.jenkins-ci.plugins:pipeline-maven >----------------
[INFO] Building Pipeline Maven Integration Plugin 999999-SNAPSHOT         [5/5]
[INFO]   from pipeline-maven/pom.xml
[INFO] --------------------------------[ hpi ]---------------------------------
[INFO] 
[INFO] --- clean:3.4.1:clean (default-clean) @ pipeline-maven ---
[INFO] 
[INFO] --- hpi:3.65:validate (default-validate) @ pipeline-maven ---
[INFO] Created marker file /tmp/plugin-builds/pipeline-maven-api/pipeline-maven/target/java-level/17
[INFO] 
[INFO] --- hpi:3.65:validate-hpi (default-validate-hpi) @ pipeline-maven ---
[INFO] 
[INFO] --- enforcer:3.5.0:enforce (display-info) @ pipeline-maven ---
[INFO] Rule 0: io.jenkins.tools.incrementals.enforcer.RequireExtensionVersion passed
[INFO] Rule 1: org.apache.maven.enforcer.rules.version.RequireMavenVersion passed
[INFO] Rule 2: org.apache.maven.enforcer.rules.version.RequireJavaVersion passed
[INFO] Rule 3: org.codehaus.mojo.extraenforcer.dependencies.EnforceBytecodeVersion passed
[INFO] Rule 4: org.apache.maven.enforcer.rules.dependency.BannedDependencies passed
[INFO] Rule 5: org.apache.maven.enforcer.rules.dependency.BannedDependencies passed
[INFO] Ignoring requireUpperBoundDeps in org.ow2.asm:asm
[INFO] Rule 6: org.apache.maven.enforcer.rules.dependency.RequireUpperBoundDeps passed
[INFO] Rule 7: org.apache.maven.plugins.enforcer.RestrictImports passed
[INFO] 
[INFO] --- enforcer:3.5.0:enforce (no-snapshots-in-release) @ pipeline-maven ---
[INFO] Rule 0: org.apache.maven.enforcer.rules.dependency.RequireReleaseDeps passed
[INFO] 
[INFO] --- localizer:1.31:generate (default) @ pipeline-maven ---
[INFO] 
[INFO] --- resources:3.3.1:resources (default-resources) @ pipeline-maven ---
[INFO] Copying 168 resources from src/main/resources to target/classes
[INFO] 
[INFO] --- flatten:1.7.0:flatten (flatten) @ pipeline-maven ---
[INFO] Generating flattened POM of project org.jenkins-ci.plugins:pipeline-maven:hpi:999999-SNAPSHOT...
[INFO] 
[INFO] --- dependency:3.8.1:copy (copy-maven-spy-jar) @ pipeline-maven ---
[INFO] Configured Artifact: org.jenkins-ci.plugins:pipeline-maven-spy:999999-SNAPSHOT:jar
[INFO] 
[INFO] --- compiler:3.14.0:compile (default-compile) @ pipeline-maven ---
[INFO] Recompiling the module because of changed dependency.
[INFO] Compiling 54 source files with javac [debug parameters release 17] to target/classes
[INFO] org.jenkinsci.plugins.pipeline.maven.GlobalPipelineMavenConfig indexed under hudson.Extension
[INFO] org.jenkinsci.plugins.pipeline.maven.MavenConfigFolderOverrideProperty.DescriptorImpl indexed under hudson.Extension
[INFO] org.jenkinsci.plugins.pipeline.maven.NeededPipelineMavenDatabasePluginAdminMonitor indexed under hudson.Extension
[INFO] org.jenkinsci.plugins.pipeline.maven.WithMavenStep.DescriptorImpl indexed under hudson.Extension
[INFO] org.jenkinsci.plugins.pipeline.maven.cli.TriggerDownstreamPipelinesCommand indexed under hudson.Extension
[INFO] org.jenkinsci.plugins.pipeline.maven.listeners.DatabaseSyncItemListener indexed under hudson.Extension
[INFO] org.jenkinsci.plugins.pipeline.maven.listeners.DatabaseSyncRunListener indexed under hudson.Extension
[INFO] org.jenkinsci.plugins.pipeline.maven.listeners.DownstreamPipelineTriggerRunListener indexed under hudson.Extension
[INFO] org.jenkinsci.plugins.pipeline.maven.publishers.ConcordionTestsPublisher.DescriptorImpl indexed under hudson.Extension
[INFO] org.jenkinsci.plugins.pipeline.maven.publishers.DependenciesFingerprintPublisher.DescriptorImpl indexed under hudson.Extension
[INFO] org.jenkinsci.plugins.pipeline.maven.publishers.FindbugsAnalysisPublisher.DescriptorImpl indexed under hudson.Extension
[INFO] org.jenkinsci.plugins.pipeline.maven.publishers.GeneratedArtifactsPublisher.DescriptorImpl indexed under hudson.Extension
[INFO] org.jenkinsci.plugins.pipeline.maven.publishers.InvokerRunsPublisher.DescriptorImpl indexed under hudson.Extension
[INFO] org.jenkinsci.plugins.pipeline.maven.publishers.JGivenTestsPublisher.DescriptorImpl indexed under hudson.Extension
[INFO] org.jenkinsci.plugins.pipeline.maven.publishers.JacocoReportPublisher.DescriptorImpl indexed under hudson.Extension
[INFO] org.jenkinsci.plugins.pipeline.maven.publishers.JunitTestsPublisher.DescriptorImpl indexed under hudson.Extension
[INFO] org.jenkinsci.plugins.pipeline.maven.publishers.MavenLinkerPublisher2.DescriptorImpl indexed under hudson.Extension
[INFO] org.jenkinsci.plugins.pipeline.maven.publishers.PipelineGraphPublisher.DescriptorImpl indexed under hudson.Extension
[INFO] org.jenkinsci.plugins.pipeline.maven.publishers.SpotBugsAnalysisPublisher.DescriptorImpl indexed under hudson.Extension
[INFO] org.jenkinsci.plugins.pipeline.maven.publishers.TasksScannerPublisher.DescriptorImpl indexed under hudson.Extension
[INFO] org.jenkinsci.plugins.pipeline.maven.trigger.WorkflowJobDependencyTrigger.DescriptorImpl indexed under hudson.Extension
[INFO] /tmp/plugin-builds/pipeline-maven-api/pipeline-maven/src/main/java/org/jenkinsci/plugins/pipeline/maven/GlobalPipelineMavenConfig.java:[94,12] Generating org/jenkinsci/plugins/pipeline/maven/GlobalPipelineMavenConfig.stapler
[INFO] /tmp/plugin-builds/pipeline-maven-api/pipeline-maven/src/main/java/org/jenkinsci/plugins/pipeline/maven/MavenConfigFolderOverrideProperty.java:[39,12] Generating org/jenkinsci/plugins/pipeline/maven/MavenConfigFolderOverrideProperty.stapler
[INFO] /tmp/plugin-builds/pipeline-maven-api/pipeline-maven/src/main/java/org/jenkinsci/plugins/pipeline/maven/WithMavenStep.java:[81,12] Generating org/jenkinsci/plugins/pipeline/maven/WithMavenStep.stapler
[INFO] /tmp/plugin-builds/pipeline-maven-api/pipeline-maven/src/main/java/org/jenkinsci/plugins/pipeline/maven/publishers/ConcordionTestsPublisher.java:[62,12] Generating org/jenkinsci/plugins/pipeline/maven/publishers/ConcordionTestsPublisher.stapler
[INFO] /tmp/plugin-builds/pipeline-maven-api/pipeline-maven/src/main/java/org/jenkinsci/plugins/pipeline/maven/publishers/DependenciesFingerprintPublisher.java:[77,12] Generating org/jenkinsci/plugins/pipeline/maven/publishers/DependenciesFingerprintPublisher.stapler
[INFO] /tmp/plugin-builds/pipeline-maven-api/pipeline-maven/src/main/java/org/jenkinsci/plugins/pipeline/maven/publishers/FindbugsAnalysisPublisher.java:[58,12] Generating org/jenkinsci/plugins/pipeline/maven/publishers/FindbugsAnalysisPublisher.stapler
[INFO] /tmp/plugin-builds/pipeline-maven-api/pipeline-maven/src/main/java/org/jenkinsci/plugins/pipeline/maven/publishers/GeneratedArtifactsPublisher.java:[48,12] Generating org/jenkinsci/plugins/pipeline/maven/publishers/GeneratedArtifactsPublisher.stapler
[INFO] /tmp/plugin-builds/pipeline-maven-api/pipeline-maven/src/main/java/org/jenkinsci/plugins/pipeline/maven/publishers/InvokerRunsPublisher.java:[64,12] Generating org/jenkinsci/plugins/pipeline/maven/publishers/InvokerRunsPublisher.stapler
[INFO] /tmp/plugin-builds/pipeline-maven-api/pipeline-maven/src/main/java/org/jenkinsci/plugins/pipeline/maven/publishers/JGivenTestsPublisher.java:[57,12] Generating org/jenkinsci/plugins/pipeline/maven/publishers/JGivenTestsPublisher.stapler
[INFO] /tmp/plugin-builds/pipeline-maven-api/pipeline-maven/src/main/java/org/jenkinsci/plugins/pipeline/maven/publishers/JacocoReportPublisher.java:[48,12] Generating org/jenkinsci/plugins/pipeline/maven/publishers/JacocoReportPublisher.stapler
[INFO] /tmp/plugin-builds/pipeline-maven-api/pipeline-maven/src/main/java/org/jenkinsci/plugins/pipeline/maven/publishers/JunitTestsPublisher.java:[94,12] Generating org/jenkinsci/plugins/pipeline/maven/publishers/JunitTestsPublisher.stapler
[INFO] /tmp/plugin-builds/pipeline-maven-api/pipeline-maven/src/main/java/org/jenkinsci/plugins/pipeline/maven/publishers/MavenLinkerPublisher2.java:[34,12] Generating org/jenkinsci/plugins/pipeline/maven/publishers/MavenLinkerPublisher2.stapler
[INFO] /tmp/plugin-builds/pipeline-maven-api/pipeline-maven/src/main/java/org/jenkinsci/plugins/pipeline/maven/publishers/PipelineGraphPublisher.java:[63,12] Generating org/jenkinsci/plugins/pipeline/maven/publishers/PipelineGraphPublisher.stapler
[INFO] /tmp/plugin-builds/pipeline-maven-api/pipeline-maven/src/main/java/org/jenkinsci/plugins/pipeline/maven/publishers/SpotBugsAnalysisPublisher.java:[58,12] Generating org/jenkinsci/plugins/pipeline/maven/publishers/SpotBugsAnalysisPublisher.stapler
[INFO] /tmp/plugin-builds/pipeline-maven-api/pipeline-maven/src/main/java/org/jenkinsci/plugins/pipeline/maven/publishers/TasksScannerPublisher.java:[69,12] Generating org/jenkinsci/plugins/pipeline/maven/publishers/TasksScannerPublisher.stapler
[INFO] /tmp/plugin-builds/pipeline-maven-api/pipeline-maven/src/main/java/org/jenkinsci/plugins/pipeline/maven/trigger/WorkflowJobDependencyTrigger.java:[20,12] Generating org/jenkinsci/plugins/pipeline/maven/trigger/WorkflowJobDependencyTrigger.stapler
[INFO] /tmp/plugin-builds/pipeline-maven-api/pipeline-maven/src/main/java/org/jenkinsci/plugins/pipeline/maven/GlobalPipelineMavenConfig.java:[308,27] Generating org/jenkinsci/plugins/pipeline/maven/GlobalPipelineMavenConfig/doValidateJdbcConnection.stapler
[WARNING] /tmp/plugin-builds/pipeline-maven-api/pipeline-maven/src/main/java/org/jenkinsci/plugins/pipeline/maven/WithMavenStepExecution.java:[49,13] deprecated item is not annotated with @Deprecated
[WARNING] /tmp/plugin-builds/pipeline-maven-api/pipeline-maven/src/main/java/org/jenkinsci/plugins/pipeline/maven/WithMavenStepExecution.java:[34,1] deprecated item is not annotated with @Deprecated
[INFO] /tmp/plugin-builds/pipeline-maven-api/pipeline-maven/src/main/java/org/jenkinsci/plugins/pipeline/maven/GlobalPipelineMavenConfig.java: Some input files use or override a deprecated API.
[INFO] /tmp/plugin-builds/pipeline-maven-api/pipeline-maven/src/main/java/org/jenkinsci/plugins/pipeline/maven/GlobalPipelineMavenConfig.java: Recompile with -Xlint:deprecation for details.
[INFO] /tmp/plugin-builds/pipeline-maven-api/pipeline-maven/src/main/java/org/jenkinsci/plugins/pipeline/maven/GlobalPipelineMavenConfig.java: Some input files use unchecked or unsafe operations.
[INFO] /tmp/plugin-builds/pipeline-maven-api/pipeline-maven/src/main/java/org/jenkinsci/plugins/pipeline/maven/GlobalPipelineMavenConfig.java: Recompile with -Xlint:unchecked for details.
[INFO] 
[INFO] --- access-modifier-checker:1.35:enforce (default-enforce) @ pipeline-maven ---
[INFO] Skipping access modifier checks
[INFO] 
[INFO] --- bridge-method-injector:1.31:process (default) @ pipeline-maven ---
[INFO] 
[INFO] --- hpi:3.65:insert-test (default-insert-test) @ pipeline-maven ---
[INFO] 
[INFO] --- antrun:3.1.0:run (createTempDir) @ pipeline-maven ---
[INFO] Executing tasks
[INFO]     [mkdir] Created dir: /tmp/plugin-builds/pipeline-maven-api/pipeline-maven/target/tmp
[INFO] Executed tasks
[INFO] 
[INFO] --- resources:3.3.1:testResources (default-testResources) @ pipeline-maven ---
[INFO] Not copying test resources
[INFO] 
[INFO] --- dependency:3.8.1:copy (copy-apache-maven) @ pipeline-maven ---
[INFO] Configured Artifact: org.apache.maven:apache-maven:bin:3.8.8:zip
[INFO] 
[INFO] --- compiler:3.14.0:testCompile (default-testCompile) @ pipeline-maven ---
[INFO] Not compiling test sources
[INFO] 
[INFO] --- hpi:3.65:test-hpl (default-test-hpl) @ pipeline-maven ---
[INFO] Generating /tmp/plugin-builds/pipeline-maven-api/pipeline-maven/target/test-classes/the.hpl
[INFO] 
[INFO] --- hpi:3.65:resolve-test-dependencies (default-resolve-test-dependencies) @ pipeline-maven ---
[INFO] 
[INFO] --- hpi:3.65:test-runtime (default-test-runtime) @ pipeline-maven ---
[INFO] Tests are skipped.
[INFO] 
[INFO] --- surefire:3.5.3:test (default-test) @ pipeline-maven ---
[INFO] Tests are skipped.
[INFO] 
[INFO] --- license:165.v7e11f4e4a_325:process (default) @ pipeline-maven ---
[INFO] 
[INFO] --- hpi:3.65:hpi (default-hpi) @ pipeline-maven ---
[INFO] Generating /tmp/plugin-builds/pipeline-maven-api/pipeline-maven/target/pipeline-maven/META-INF/MANIFEST.MF
[INFO] Checking for attached .jar artifact ...
[INFO] Generating jar /tmp/plugin-builds/pipeline-maven-api/pipeline-maven/target/pipeline-maven.jar
[INFO] Building jar: /tmp/plugin-builds/pipeline-maven-api/pipeline-maven/target/pipeline-maven.jar
[INFO] Exploding webapp...
[INFO] Copy webapp webResources to /tmp/plugin-builds/pipeline-maven-api/pipeline-maven/target/pipeline-maven
[INFO] Assembling webapp pipeline-maven in /tmp/plugin-builds/pipeline-maven-api/pipeline-maven/target/pipeline-maven
[INFO] Generating hpi /tmp/plugin-builds/pipeline-maven-api/pipeline-maven/target/pipeline-maven.hpi
[INFO] Building jar: /tmp/plugin-builds/pipeline-maven-api/pipeline-maven/target/pipeline-maven.hpi
[INFO] 
[INFO] --- jar:3.4.2:test-jar (maybe-test-jar) @ pipeline-maven ---
[INFO] Skipping packaging of the test-jar
[INFO] 
[INFO] >>> spotbugs:4.9.3.0:check (spotbugs) > :spotbugs @ pipeline-maven >>>
[INFO] 
[INFO] --- spotbugs:4.9.3.0:spotbugs (spotbugs) @ pipeline-maven ---
[INFO] Skipping com.github.spotbugs:spotbugs-maven-plugin:4.9.3.0:spotbugs report goal
[INFO] 
[INFO] <<< spotbugs:4.9.3.0:check (spotbugs) < :spotbugs @ pipeline-maven <<<
[INFO] 
[INFO] 
[INFO] --- spotbugs:4.9.3.0:check (spotbugs) @ pipeline-maven ---
[INFO] Spotbugs plugin skipped
[INFO] 
[INFO] --- spotless:2.44.4:check (default) @ pipeline-maven ---
[INFO] Spotless check skipped
[INFO] 
[INFO] --- install:3.1.4:install (default-install) @ pipeline-maven ---
[INFO] Installing /tmp/plugin-builds/pipeline-maven-api/pipeline-maven/target/pipeline-maven-999999-SNAPSHOT.pom to /home/poddingue/.m2/repository/org/jenkins-ci/plugins/pipeline-maven/999999-SNAPSHOT/pipeline-maven-999999-SNAPSHOT.pom
[INFO] Installing /tmp/plugin-builds/pipeline-maven-api/pipeline-maven/target/pipeline-maven.hpi to /home/poddingue/.m2/repository/org/jenkins-ci/plugins/pipeline-maven/999999-SNAPSHOT/pipeline-maven-999999-SNAPSHOT.hpi
[INFO] Installing /tmp/plugin-builds/pipeline-maven-api/pipeline-maven/target/pipeline-maven.jar to /home/poddingue/.m2/repository/org/jenkins-ci/plugins/pipeline-maven/999999-SNAPSHOT/pipeline-maven-999999-SNAPSHOT.jar
[INFO] ------------------------------------------------------------------------
[INFO] Reactor Summary for Pipeline Maven Integration Plugin Parent 999999-SNAPSHOT:
[INFO] 
[INFO] Pipeline Maven Integration Plugin Parent ........... SUCCESS [  2.793 s]
[INFO] Pipeline Maven Plugin API .......................... SUCCESS [  4.546 s]
[INFO] Maven Spy for the Pipeline Maven Integration Plugin  SUCCESS [  1.393 s]
[INFO] Pipeline Maven Plugin Database ..................... SUCCESS [  3.057 s]
[INFO] Pipeline Maven Integration Plugin .................. SUCCESS [  6.112 s]
[INFO] ------------------------------------------------------------------------
[INFO] BUILD SUCCESS
[INFO] ------------------------------------------------------------------------
[INFO] Total time:  18.837 s
[INFO] Finished at: 2025-06-22T21:33:23+02:00
[INFO] ------------------------------------------------------------------------
