WARNING: A restricted method in java.lang.System has been called
WARNING: java.lang.System::load has been called by org.fusesource.jansi.internal.JansiLoader in an unnamed module (file:/home/poddingue/.sdkman/candidates/maven/current/lib/jansi-2.4.1.jar)
WARNING: Use --enable-native-access=ALL-UNNAMED to avoid a warning for callers in this module
WARNING: Restricted methods will be blocked in a future release unless native access is enabled

WARNING: A terminally deprecated method in sun.misc.Unsafe has been called
WARNING: sun.misc.Unsafe::objectFieldOffset has been called by com.google.common.util.concurrent.AbstractFuture$UnsafeAtomicHelper (file:/home/poddingue/.sdkman/candidates/maven/current/lib/guava-33.2.1-jre.jar)
WARNING: Please consider reporting this to the maintainers of class com.google.common.util.concurrent.AbstractFuture$UnsafeAtomicHelper
WARNING: sun.misc.Unsafe::objectFieldOffset will be removed in a future release
[INFO] Scanning for projects...
[INFO] 
[INFO] -----------------< io.jenkins.plugins:plugin-util-api >-----------------
[INFO] Building Plugin Utilities API Plugin 6.2.0-SNAPSHOT
[INFO]   from pom.xml
[INFO] --------------------------------[ hpi ]---------------------------------
Downloading from incrementals.jenkins-ci.org: https://repo.jenkins-ci.org/incrementals/org/bouncycastle/bcutil-jdk18on/maven-metadata.xml
Downloading from incrementals.jenkins-ci.org: https://repo.jenkins-ci.org/incrementals/org/bouncycastle/bcprov-jdk18on/maven-metadata.xml
[INFO] 
[INFO] --- clean:3.4.1:clean (default-clean) @ plugin-util-api ---
[INFO] 
[INFO] --- hpi:3.61:validate (default-validate) @ plugin-util-api ---
[INFO] Created marker file /tmp/plugin-builds/plugin-util-api/target/java-level/17
[INFO] 
[INFO] --- hpi:3.61:validate-hpi (default-validate-hpi) @ plugin-util-api ---
[INFO] 
[INFO] --- enforcer:3.5.0:enforce (display-info) @ plugin-util-api ---
[INFO] Rule 0: org.apache.maven.enforcer.rules.dependency.RequireUpperBoundDeps passed
[INFO] Rule 1: io.jenkins.tools.incrementals.enforcer.RequireExtensionVersion passed
[INFO] Rule 2: org.apache.maven.enforcer.rules.version.RequireMavenVersion passed
[INFO] Rule 3: org.apache.maven.enforcer.rules.version.RequireJavaVersion passed
[INFO] Rule 4: org.codehaus.mojo.extraenforcer.dependencies.EnforceBytecodeVersion passed
[INFO] Rule 5: org.apache.maven.enforcer.rules.dependency.BannedDependencies passed
[INFO] Rule 6: org.apache.maven.enforcer.rules.dependency.BannedDependencies passed
[INFO] 
[INFO] --- enforcer:3.5.0:enforce (no-snapshots-in-release) @ plugin-util-api ---
[INFO] Rule 0: org.apache.maven.enforcer.rules.dependency.RequireReleaseDeps passed
[INFO] 
[INFO] --- localizer:1.31:generate (default) @ plugin-util-api ---
[INFO] 
[INFO] >>> javadoc:3.11.2:javadoc (default) > generate-sources @ plugin-util-api >>>
[INFO] 
[INFO] --- hpi:3.61:validate (default-validate) @ plugin-util-api ---
[INFO] 
[INFO] --- hpi:3.61:validate-hpi (default-validate-hpi) @ plugin-util-api ---
[INFO] 
[INFO] --- enforcer:3.5.0:enforce (display-info) @ plugin-util-api ---
[INFO] Rule 0: org.apache.maven.enforcer.rules.dependency.RequireUpperBoundDeps passed
[INFO] Rule 4: org.codehaus.mojo.extraenforcer.dependencies.EnforceBytecodeVersion passed
[INFO] Rule 5: org.apache.maven.enforcer.rules.dependency.BannedDependencies passed
[INFO] Rule 6: org.apache.maven.enforcer.rules.dependency.BannedDependencies passed
[INFO] 
[INFO] --- enforcer:3.5.0:enforce (no-snapshots-in-release) @ plugin-util-api ---
[INFO] Rule 0: org.apache.maven.enforcer.rules.dependency.RequireReleaseDeps passed
[INFO] 
[INFO] --- localizer:1.31:generate (default) @ plugin-util-api ---
[INFO] 
[INFO] <<< javadoc:3.11.2:javadoc (default) < generate-sources @ plugin-util-api <<<
[INFO] 
[INFO] 
[INFO] --- javadoc:3.11.2:javadoc (default) @ plugin-util-api ---
[INFO] Skipping org.apache.maven.plugins:maven-javadoc-plugin:3.11.2:javadoc report goal
[INFO] 
[INFO] --- dependency:3.8.1:unpack-dependencies (unpack-dependencies) @ plugin-util-api ---
[INFO] 
[INFO] --- dependency:3.8.1:unpack-dependencies (unpack-test-dependencies) @ plugin-util-api ---
[INFO] 
[INFO] --- resources:3.3.1:resources (default-resources) @ plugin-util-api ---
[INFO] Copying 10 resources from src/main/resources to target/classes
[INFO] 
[INFO] --- flatten:1.7.0:flatten (flatten) @ plugin-util-api ---
[INFO] Generating flattened POM of project io.jenkins.plugins:plugin-util-api:hpi:6.2.0-SNAPSHOT...
[INFO] 
[INFO] --- compiler:3.14.0:compile (default-compile) @ plugin-util-api ---
[INFO] Recompiling the module because of changed source code.
[INFO] Compiling 24 source files with javac [debug parameters release 17] to target/classes
[WARNING] /tmp/plugin-builds/plugin-util-api/src/main/java/io/jenkins/plugins/util/AbstractXmlStream.java:[142,41] found raw type: java.lang.Class
  missing type arguments for generic class java.lang.Class<T>
[WARNING] /tmp/plugin-builds/plugin-util-api/src/main/java/io/jenkins/plugins/util/AgentFileVisitor.java:[263,31] non-transient instance field of a serializable class declared with a non-serializable type
[WARNING] /tmp/plugin-builds/plugin-util-api/src/main/java/io/jenkins/plugins/util/BuildAction.java:[72,28] possible 'this' escape before subclass is fully initialized
[WARNING] /tmp/plugin-builds/plugin-util-api/src/main/java/io/jenkins/plugins/util/QualityGateResult.java:[25,47] non-transient instance field of a serializable class declared with a non-serializable type
[INFO] 
[INFO] --- access-modifier-checker:1.34:enforce (default-enforce) @ plugin-util-api ---
[INFO] Skipping access modifier checks
[INFO] 
[INFO] --- hpi:3.61:insert-test (default-insert-test) @ plugin-util-api ---
[INFO] 
[INFO] --- assertj:2.2.0:generate-assertions (default) @ plugin-util-api ---
Downloading from repo.jenkins-ci.org: https://repo.jenkins-ci.org/public/org/assertj/assertj-core/maven-metadata.xml
Downloading from central: https://repo.maven.apache.org/maven2/org/assertj/assertj-core/maven-metadata.xml
Downloading from incrementals: https://repo.jenkins-ci.org/incrementals/org/assertj/assertj-core/maven-metadata.xml
Progress (1): 1.4/2.7 kBProgress (1): 2.7 kB                        Downloaded from central: https://repo.maven.apache.org/maven2/org/assertj/assertj-core/maven-metadata.xml (2.7 kB at 23 kB/s)
[INFO] 
[INFO] --- antrun:3.1.0:run (createTempDir) @ plugin-util-api ---
[INFO] Executing tasks
[INFO]     [mkdir] Created dir: /tmp/plugin-builds/plugin-util-api/target/tmp
[INFO] Executed tasks
[INFO] 
[INFO] --- resources:3.3.1:testResources (default-testResources) @ plugin-util-api ---
[INFO] Not copying test resources
[INFO] 
[INFO] --- compiler:3.14.0:testCompile (default-testCompile) @ plugin-util-api ---
[INFO] Not compiling test sources
[INFO] 
[INFO] --- hpi:3.61:test-hpl (default-test-hpl) @ plugin-util-api ---
[INFO] Generating /tmp/plugin-builds/plugin-util-api/target/test-classes/the.hpl
[INFO] 
[INFO] --- hpi:3.61:resolve-test-dependencies (default-resolve-test-dependencies) @ plugin-util-api ---
[INFO] 
[INFO] --- hpi:3.61:test-runtime (default-test-runtime) @ plugin-util-api ---
[INFO] Tests are skipped.
[INFO] 
[INFO] --- jacoco:0.8.12:prepare-agent (default) @ plugin-util-api ---
[INFO] argLine set to -javaagent:/home/poddingue/.m2/repository/org/jacoco/org.jacoco.agent/0.8.12/org.jacoco.agent-0.8.12-runtime.jar=destfile=/tmp/plugin-builds/plugin-util-api/target/jacoco.exec,includes=io/jenkins/plugins/**/* -Xms768M -Xmx768M -XX:+HeapDumpOnOutOfMemoryError -XX:+TieredCompilation -XX:TieredStopAtLevel=1 @{jenkins.addOpens} @{jenkins.insaneHook}
[INFO] 
[INFO] --- surefire:3.5.2:test (default-test) @ plugin-util-api ---
[INFO] Tests are skipped.
[INFO] 
[INFO] --- license:165.v7e11f4e4a_325:process (default) @ plugin-util-api ---
[INFO] 
[INFO] --- hpi:3.61:hpi (default-hpi) @ plugin-util-api ---
[INFO] Generating /tmp/plugin-builds/plugin-util-api/target/plugin-util-api/META-INF/MANIFEST.MF
[INFO] Checking for attached .jar artifact ...
[INFO] Generating jar /tmp/plugin-builds/plugin-util-api/target/plugin-util-api.jar
[INFO] Building jar: /tmp/plugin-builds/plugin-util-api/target/plugin-util-api.jar
[INFO] Exploding webapp...
[INFO] Copy webapp webResources to /tmp/plugin-builds/plugin-util-api/target/plugin-util-api
[INFO] Assembling webapp plugin-util-api in /tmp/plugin-builds/plugin-util-api/target/plugin-util-api
[INFO] Generating hpi /tmp/plugin-builds/plugin-util-api/target/plugin-util-api.hpi
[INFO] Building jar: /tmp/plugin-builds/plugin-util-api/target/plugin-util-api.hpi
[INFO] 
[INFO] --- jar:3.4.2:test-jar (maybe-test-jar) @ plugin-util-api ---
[INFO] Skipping packaging of the test-jar
[INFO] 
[INFO] --- jar:3.4.2:test-jar (default) @ plugin-util-api ---
[INFO] Skipping packaging of the test-jar
[INFO] 
[INFO] --- failsafe:3.5.2:integration-test (default) @ plugin-util-api ---
[INFO] Tests are skipped.
[INFO] 
[INFO] --- pmd:3.26.0:pmd (run-pmd-java) @ plugin-util-api ---
[INFO] Skipping org.apache.maven.plugins:maven-pmd-plugin:3.26.0:pmd report goal
[INFO] 
[INFO] >>> pmd:3.26.0:check (run-pmd-java) > :pmd @ plugin-util-api >>>
[INFO] 
[INFO] --- pmd:3.26.0:pmd (pmd) @ plugin-util-api ---
[INFO] Skipping org.apache.maven.plugins:maven-pmd-plugin:3.26.0:pmd report goal
[INFO] 
[INFO] <<< pmd:3.26.0:check (run-pmd-java) < :pmd @ plugin-util-api <<<
[INFO] 
[INFO] 
[INFO] --- pmd:3.26.0:check (run-pmd-java) @ plugin-util-api ---
[INFO] Skipping PMD execution
[INFO] 
[INFO] --- pmd:3.26.0:cpd (run-pmd-java) @ plugin-util-api ---
[INFO] Skipping org.apache.maven.plugins:maven-pmd-plugin:3.26.0:cpd report goal
[INFO] 
[INFO] --- pmd:3.26.0:pmd (run-pmd-tests) @ plugin-util-api ---
[INFO] Skipping org.apache.maven.plugins:maven-pmd-plugin:3.26.0:pmd report goal
[INFO] 
[INFO] >>> pmd:3.26.0:check (run-pmd-tests) > :pmd @ plugin-util-api >>>
[INFO] 
[INFO] --- pmd:3.26.0:pmd (pmd) @ plugin-util-api ---
[INFO] Skipping org.apache.maven.plugins:maven-pmd-plugin:3.26.0:pmd report goal
[INFO] 
[INFO] <<< pmd:3.26.0:check (run-pmd-tests) < :pmd @ plugin-util-api <<<
[INFO] 
[INFO] 
[INFO] --- pmd:3.26.0:check (run-pmd-tests) @ plugin-util-api ---
[INFO] Skipping PMD execution
[INFO] 
[INFO] --- pmd:3.26.0:cpd (run-pmd-tests) @ plugin-util-api ---
[INFO] Skipping org.apache.maven.plugins:maven-pmd-plugin:3.26.0:cpd report goal
[INFO] 
[INFO] --- pmd:3.26.0:pmd (run-pmd-javascript) @ plugin-util-api ---
[INFO] Skipping org.apache.maven.plugins:maven-pmd-plugin:3.26.0:pmd report goal
[INFO] 
[INFO] >>> pmd:3.26.0:check (run-pmd-javascript) > :pmd @ plugin-util-api >>>
[INFO] 
[INFO] --- pmd:3.26.0:pmd (pmd) @ plugin-util-api ---
[INFO] Skipping org.apache.maven.plugins:maven-pmd-plugin:3.26.0:pmd report goal
[INFO] 
[INFO] <<< pmd:3.26.0:check (run-pmd-javascript) < :pmd @ plugin-util-api <<<
[INFO] 
[INFO] 
[INFO] --- pmd:3.26.0:check (run-pmd-javascript) @ plugin-util-api ---
[INFO] Skipping PMD execution
[INFO] 
[INFO] --- pmd:3.26.0:pmd (run-pmd-metrics) @ plugin-util-api ---
[INFO] Skipping org.apache.maven.plugins:maven-pmd-plugin:3.26.0:pmd report goal
[INFO] 
[INFO] --- checkstyle:3.6.0:check (run-checkstyle-java) @ plugin-util-api ---
[INFO] 
[INFO] --- checkstyle:3.6.0:check (run-checkstyle-tests) @ plugin-util-api ---
[INFO] 
[INFO] >>> spotbugs:4.8.6.6:check (spotbugs) > :spotbugs @ plugin-util-api >>>
[INFO] 
[INFO] --- spotbugs:4.8.6.6:spotbugs (spotbugs) @ plugin-util-api ---
[INFO] 
[INFO] <<< spotbugs:4.8.6.6:check (spotbugs) < :spotbugs @ plugin-util-api <<<
[INFO] 
[INFO] 
[INFO] --- spotbugs:4.8.6.6:check (spotbugs) @ plugin-util-api ---
[INFO] Spotbugs plugin skipped
[INFO] 
[INFO] --- spotless:2.44.3:check (default) @ plugin-util-api ---
[INFO] Spotless check skipped
[INFO] 
[INFO] --- failsafe:3.5.2:verify (default) @ plugin-util-api ---
[INFO] Tests are skipped.
[INFO] 
[INFO] --- jacoco:0.8.12:report (report) @ plugin-util-api ---
[INFO] Skipping JaCoCo execution due to missing execution data file.
[INFO] 
[INFO] --- revapi:0.15.0:check (run-revapi) @ plugin-util-api ---
[WARNING] 1 problem was encountered while building the effective model for org.jboss:jboss-dmr:jar:1.2.0.Final during dependency collection step for plugin (use -X to see details)
Downloading from repo.jenkins-ci.org: https://repo.jenkins-ci.org/public/io/jenkins/plugins/plugin-util-api/maven-metadata.xml
Downloading from incrementals.jenkins-ci.org: https://repo.jenkins-ci.org/incrementals/io/jenkins/plugins/plugin-util-api/maven-metadata.xml
Downloading from incrementals: https://repo.jenkins-ci.org/incrementals/io/jenkins/plugins/plugin-util-api/maven-metadata.xml
Downloading from central: https://repo.maven.apache.org/maven2/io/jenkins/plugins/plugin-util-api/maven-metadata.xml
Progress (1): 0.4/2.1 kBProgress (1): 1.8/2.1 kBProgress (1): 2.1 kB    Progress (2): 2.1 kB | 0.4/2.1 kB                                 Downloaded from incrementals.jenkins-ci.org: https://repo.jenkins-ci.org/incrementals/io/jenkins/plugins/plugin-util-api/maven-metadata.xml (2.1 kB at 22 kB/s)
Progress (1): 1.8/2.1 kBProgress (1): 2.1 kB                        Downloaded from incrementals: https://repo.jenkins-ci.org/incrementals/io/jenkins/plugins/plugin-util-api/maven-metadata.xml (2.1 kB at 21 kB/s)
Progress (1): 0.4/2.5 kBProgress (1): 1.8/2.5 kBProgress (1): 2.5 kB                        Downloaded from repo.jenkins-ci.org: https://repo.jenkins-ci.org/public/io/jenkins/plugins/plugin-util-api/maven-metadata.xml (2.5 kB at 7.0 kB/s)
[INFO] Comparing [io.jenkins.plugins:plugin-util-api:hpi:6.1.0] against [io.jenkins.plugins:plugin-util-api:hpi:6.2.0-SNAPSHOT].
[INFO] API checks completed without failures.
[INFO] 
[INFO] --- install:3.1.4:install (default-install) @ plugin-util-api ---
[INFO] Installing /tmp/plugin-builds/plugin-util-api/target/plugin-util-api-6.2.0-SNAPSHOT.pom to /home/poddingue/.m2/repository/io/jenkins/plugins/plugin-util-api/6.2.0-SNAPSHOT/plugin-util-api-6.2.0-SNAPSHOT.pom
[INFO] Installing /tmp/plugin-builds/plugin-util-api/target/plugin-util-api.hpi to /home/poddingue/.m2/repository/io/jenkins/plugins/plugin-util-api/6.2.0-SNAPSHOT/plugin-util-api-6.2.0-SNAPSHOT.hpi
[INFO] Installing /tmp/plugin-builds/plugin-util-api/target/plugin-util-api.jar to /home/poddingue/.m2/repository/io/jenkins/plugins/plugin-util-api/6.2.0-SNAPSHOT/plugin-util-api-6.2.0-SNAPSHOT.jar
[INFO] ------------------------------------------------------------------------
[INFO] BUILD SUCCESS
[INFO] ------------------------------------------------------------------------
[INFO] Total time:  18.228 s
[INFO] Finished at: 2025-06-23T08:03:58+02:00
[INFO] ------------------------------------------------------------------------
