WARNING: A restricted method in java.lang.System has been called
WARNING: java.lang.System::load has been called by org.fusesource.jansi.internal.JansiLoader in an unnamed module (file:/home/poddingue/.sdkman/candidates/maven/current/lib/jansi-2.4.1.jar)
WARNING: Use --enable-native-access=ALL-UNNAMED to avoid a warning for callers in this module
WARNING: Restricted methods will be blocked in a future release unless native access is enabled

WARNING: A terminally deprecated method in sun.misc.Unsafe has been called
WARNING: sun.misc.Unsafe::objectFieldOffset has been called by com.google.common.util.concurrent.AbstractFuture$UnsafeAtomicHelper (file:/home/poddingue/.sdkman/candidates/maven/current/lib/guava-33.2.1-jre.jar)
WARNING: Please consider reporting this to the maintainers of class com.google.common.util.concurrent.AbstractFuture$UnsafeAtomicHelper
WARNING: sun.misc.Unsafe::objectFieldOffset will be removed in a future release
[INFO] Scanning for projects...
[INFO] 
[INFO] -------------------< io.jenkins.plugins:popper-api >--------------------
[INFO] Building Popper.js API Plugin 1.16.1-4-SNAPSHOT
[INFO]   from pom.xml
[INFO] --------------------------------[ hpi ]---------------------------------
[WARNING] Parameter 'showDeprecation' is unknown for plugin 'maven-hpi-plugin:3.27:validate (default-validate)'
[WARNING] Parameter 'showDeprecation' is unknown for plugin 'maven-hpi-plugin:3.27:validate-hpi (default-validate-hpi)'
[WARNING] Parameter 'showDeprecation' is unknown for plugin 'maven-hpi-plugin:3.27:initialize (default-initialize)'
[WARNING] Parameter 'showDeprecation' is unknown for plugin 'maven-hpi-plugin:3.27:validate (default-validate)'
[WARNING] Parameter 'showDeprecation' is unknown for plugin 'maven-hpi-plugin:3.27:validate-hpi (default-validate-hpi)'
[WARNING] Parameter 'showDeprecation' is unknown for plugin 'maven-hpi-plugin:3.27:initialize (default-initialize)'
[WARNING] Parameter 'showDeprecation' is unknown for plugin 'maven-hpi-plugin:3.27:insert-test (default-insert-test)'
[WARNING] Parameter 'showDeprecation' is unknown for plugin 'maven-hpi-plugin:3.27:test-hpl (default-test-hpl)'
[WARNING] Parameter 'showDeprecation' is unknown for plugin 'maven-hpi-plugin:3.27:resolve-test-dependencies (default-resolve-test-dependencies)'
[WARNING] Parameter 'showDeprecation' is unknown for plugin 'maven-hpi-plugin:3.27:test-runtime (default-test-runtime)'
[WARNING] Parameter 'showDeprecation' is unknown for plugin 'maven-hpi-plugin:3.27:hpi (default-hpi)'
[INFO] 
[INFO] --- clean:3.2.0:clean (default-clean) @ popper-api ---
[INFO] 
[INFO] --- hpi:3.27:validate (default-validate) @ popper-api ---
[INFO] 
[INFO] --- hpi:3.27:validate-hpi (default-validate-hpi) @ popper-api ---
[INFO] 
[INFO] --- enforcer:3.0.0:display-info (display-info) @ popper-api ---
[INFO] Maven Version: 3.9.9
[INFO] JDK Version: 25-beta normalized as: 25
[INFO] Java Vendor: Eclipse Adoptium
[INFO] OS Info: Arch: amd64 Family: unix Name: linux Version: 5.15.153.1-microsoft-standard-wsl2
[INFO] 
[INFO] --- enforcer:3.0.0:enforce (display-info) @ popper-api ---
[INFO] Ignoring requireUpperBoundDeps in org.ow2.asm:asm
[INFO] Ignoring requireUpperBoundDeps in javax.servlet:javax.servlet-api
[INFO] Adding ignore: module-info
[INFO] Adding ignore: module-info
[INFO] Adding ignore: */ModuleUtils*
[INFO] Adding ignore: com/tngtech/archunit/core/importer/Module*
[INFO] Adding ignore: com/tngtech/archunit/core/domain/Java9DomainPlugin*
[INFO] 
[INFO] --- enforcer:3.0.0:enforce (no-snapshots-in-release) @ popper-api ---
[INFO] 
[INFO] --- hpi:3.27:initialize (default-initialize) @ popper-api ---
[INFO] 
[INFO] --- gplus:1.13.1:addTestSources (test-in-groovy) @ popper-api ---
[INFO] 
[INFO] --- localizer:1.31:generate (default) @ popper-api ---
[INFO] 
[INFO] >>> javadoc:3.4.0:javadoc (default) > generate-sources @ popper-api >>>
[INFO] 
[INFO] --- hpi:3.27:validate (default-validate) @ popper-api ---
[INFO] 
[INFO] --- hpi:3.27:validate-hpi (default-validate-hpi) @ popper-api ---
[INFO] 
[INFO] --- enforcer:3.0.0:display-info (display-info) @ popper-api ---
[INFO] Maven Version: 3.9.9
[INFO] JDK Version: 25-beta normalized as: 25
[INFO] Java Vendor: Eclipse Adoptium
[INFO] OS Info: Arch: amd64 Family: unix Name: linux Version: 5.15.153.1-microsoft-standard-wsl2
[INFO] 
[INFO] --- enforcer:3.0.0:enforce (display-info) @ popper-api ---
[INFO] Ignoring requireUpperBoundDeps in org.ow2.asm:asm
[INFO] Ignoring requireUpperBoundDeps in javax.servlet:javax.servlet-api
[INFO] Adding ignore: module-info
[INFO] Adding ignore: module-info
[INFO] Adding ignore: */ModuleUtils*
[INFO] Adding ignore: com/tngtech/archunit/core/importer/Module*
[INFO] Adding ignore: com/tngtech/archunit/core/domain/Java9DomainPlugin*
[INFO] 
[INFO] --- enforcer:3.0.0:enforce (no-snapshots-in-release) @ popper-api ---
[INFO] 
[INFO] --- hpi:3.27:initialize (default-initialize) @ popper-api ---
[INFO] 
[INFO] --- gplus:1.13.1:addTestSources (test-in-groovy) @ popper-api ---
[INFO] 
[INFO] --- localizer:1.31:generate (default) @ popper-api ---
[INFO] 
[INFO] <<< javadoc:3.4.0:javadoc (default) < generate-sources @ popper-api <<<
[INFO] 
[INFO] 
[INFO] --- javadoc:3.4.0:javadoc (default) @ popper-api ---
[INFO] Skipping javadoc generation
[INFO] 
[INFO] --- dependency:3.3.0:unpack-dependencies (unpack-dependencies) @ popper-api ---
[INFO] Unpacking /home/poddingue/.m2/repository/org/webjars/popper.js/1.16.1-lts/popper.js-1.16.1-lts.jar to /tmp/plugin-builds/popper-api/target/webjars with includes "" and excludes ""
[INFO] 
[INFO] --- resources:3.2.0:resources (default-resources) @ popper-api ---
[INFO] Using 'UTF-8' encoding to copy filtered resources.
[INFO] Using 'UTF-8' encoding to copy filtered properties files.
[INFO] Copying 2 resources
[INFO] 
[INFO] --- flatten:1.2.7:flatten (flatten) @ popper-api ---
[INFO] Generating flattened POM of project io.jenkins.plugins:popper-api:hpi:1.16.1-4-SNAPSHOT...
[INFO] 
[INFO] --- resources:3.2.0:copy-resources (copy-resources) @ popper-api ---
[INFO] Using 'UTF-8' encoding to copy filtered resources.
[INFO] Using 'UTF-8' encoding to copy filtered properties files.
[INFO] Copying 25 resources
[INFO] 
[INFO] --- compiler:3.10.1:compile (default-compile) @ popper-api ---
[INFO] Changes detected - recompiling the module!
[INFO] Compiling 1 source file to /tmp/plugin-builds/popper-api/target/classes
[INFO] 
[INFO] --- access-modifier-checker:1.27:enforce (default-enforce) @ popper-api ---
[INFO] Skipping access modifier checks
[INFO] 
[INFO] --- hpi:3.27:insert-test (default-insert-test) @ popper-api ---
[INFO] 
[INFO] --- gplus:1.13.1:generateTestStubs (test-in-groovy) @ popper-api ---
[INFO] Generation of test stubs is skipped.
[INFO] 
[INFO] --- antrun:3.0.0:run (createTempDir) @ popper-api ---
[INFO] Executing tasks
[INFO]     [mkdir] Created dir: /tmp/plugin-builds/popper-api/target/tmp
[INFO] Executed tasks
[INFO] 
[INFO] --- resources:3.2.0:testResources (default-testResources) @ popper-api ---
[INFO] Not copying test resources
[INFO] 
[INFO] --- compiler:3.10.1:testCompile (default-testCompile) @ popper-api ---
[INFO] Not compiling test sources
[INFO] 
[INFO] --- hpi:3.27:test-hpl (default-test-hpl) @ popper-api ---
[INFO] Generating /tmp/plugin-builds/popper-api/target/test-classes/the.hpl
[INFO] 
[INFO] --- hpi:3.27:resolve-test-dependencies (default-resolve-test-dependencies) @ popper-api ---
[INFO] 
[INFO] --- gplus:1.13.1:compileTests (test-in-groovy) @ popper-api ---
[INFO] Compilation of tests is skipped.
[INFO] 
[INFO] --- jacoco:0.8.8:prepare-agent (default) @ popper-api ---
[INFO] argLine set to -javaagent:/home/poddingue/.m2/repository/org/jacoco/org.jacoco.agent/0.8.8/org.jacoco.agent-0.8.8-runtime.jar=destfile=/tmp/plugin-builds/popper-api/target/jacoco.exec,includes=io/jenkins/plugins/**/* -Xms768M -Xmx768M -XX:+HeapDumpOnOutOfMemoryError -XX:+TieredCompilation -XX:TieredStopAtLevel=1 @{jenkins.addOpens} @{jenkins.insaneHook}
[INFO] 
[INFO] --- hpi:3.27:test-runtime (default-test-runtime) @ popper-api ---
[INFO] Tests are skipped.
[INFO] 
[INFO] --- surefire:3.0.0-M6:test (default-test) @ popper-api ---
[INFO] Tests are skipped.
[INFO] 
[INFO] --- animal-sniffer:1.21:check (check) @ popper-api ---
[INFO] Signature checking is skipped.
[INFO] 
[INFO] --- maven-license-plugin:1.10:process (default) @ popper-api ---
[INFO] 
[INFO] --- hpi:3.27:hpi (default-hpi) @ popper-api ---
[INFO] Generating /tmp/plugin-builds/popper-api/target/popper-api/META-INF/MANIFEST.MF
[INFO] Checking for attached .jar artifact ...
[INFO] Generating jar /tmp/plugin-builds/popper-api/target/popper-api.jar
[INFO] Building jar: /tmp/plugin-builds/popper-api/target/popper-api.jar
[INFO] Exploding webapp...
[INFO] Copy webapp webResources to /tmp/plugin-builds/popper-api/target/popper-api
[INFO] Assembling webapp popper-api in /tmp/plugin-builds/popper-api/target/popper-api
[INFO] Generating hpi /tmp/plugin-builds/popper-api/target/popper-api.hpi
[INFO] Building jar: /tmp/plugin-builds/popper-api/target/popper-api.hpi
[INFO] 
[INFO] --- jar:3.2.2:test-jar (maybe-test-jar) @ popper-api ---
[INFO] Skipping packaging of the test-jar
[INFO] 
[INFO] --- jar:3.2.2:test-jar (default) @ popper-api ---
[INFO] Skipping packaging of the test-jar
[INFO] 
[INFO] --- failsafe:3.0.0-M6:integration-test (default) @ popper-api ---
[INFO] Tests are skipped.
[INFO] 
[INFO] --- checkstyle:3.1.2:checkstyle (run-checkstyle) @ popper-api ---
[INFO] 
[INFO] --- pmd:3.16.0:pmd (run-pmd) @ popper-api ---
[INFO] Skipping PMD execution
[INFO] 
[INFO] --- pmd:3.16.0:cpd (run-pmd) @ popper-api ---
[INFO] PMD version: 6.44.0
[INFO] 
[INFO] --- spotbugs:4.6.0.0:spotbugs (run-spotbugs) @ popper-api ---
[INFO] 
[INFO] --- failsafe:3.0.0-M6:verify (default) @ popper-api ---
[INFO] Tests are skipped.
[INFO] 
[INFO] --- jacoco:0.8.8:report (report) @ popper-api ---
[INFO] Skipping JaCoCo execution due to missing execution data file.
[INFO] 
[INFO] --- install:3.0.0-M1:install (default-install) @ popper-api ---
[INFO] Installing /tmp/plugin-builds/popper-api/target/popper-api.hpi to /home/poddingue/.m2/repository/io/jenkins/plugins/popper-api/1.16.1-4-SNAPSHOT/popper-api-1.16.1-4-SNAPSHOT.hpi
[INFO] Installing /tmp/plugin-builds/popper-api/target/popper-api-1.16.1-4-SNAPSHOT.pom to /home/poddingue/.m2/repository/io/jenkins/plugins/popper-api/1.16.1-4-SNAPSHOT/popper-api-1.16.1-4-SNAPSHOT.pom
[INFO] Installing /tmp/plugin-builds/popper-api/target/popper-api.jar to /home/poddingue/.m2/repository/io/jenkins/plugins/popper-api/1.16.1-4-SNAPSHOT/popper-api-1.16.1-4-SNAPSHOT.jar
[INFO] ------------------------------------------------------------------------
[INFO] BUILD SUCCESS
[INFO] ------------------------------------------------------------------------
[INFO] Total time:  8.118 s
[INFO] Finished at: 2025-06-22T21:02:45+02:00
[INFO] ------------------------------------------------------------------------
