[INFO] Scanning for projects...
[INFO] Artifact org.jenkins-ci.tools:maven-hpi-plugin:pom:3.1762.vd3ff902a_5b_c4 is present in the local repository, but cached from a remote repository ID that is unavailable in current build context, verifying that is downloadable from [incrementals (https://repo.jenkins-ci.org/incrementals/, default, releases), central (https://repo.maven.apache.org/maven2, default, releases)]
[INFO] Artifact org.jenkins-ci.tools:maven-hpi-plugin:pom:3.1762.vd3ff902a_5b_c4 is present in the local repository, but cached from a remote repository ID that is unavailable in current build context, verifying that is downloadable from [incrementals (https://repo.jenkins-ci.org/incrementals/, default, releases), central (https://repo.maven.apache.org/maven2, default, releases)]
[WARNING] The POM for org.jenkins-ci.tools:maven-hpi-plugin:jar:3.1762.vd3ff902a_5b_c4 is missing, no dependency information available
[INFO] Artifact org.jenkins-ci.tools:maven-hpi-plugin:jar:3.1762.vd3ff902a_5b_c4 is present in the local repository, but cached from a remote repository ID that is unavailable in current build context, verifying that is downloadable from [incrementals (https://repo.jenkins-ci.org/incrementals/, default, releases), central (https://repo.maven.apache.org/maven2, default, releases)]
[INFO] Artifact org.jenkins-ci.tools:maven-hpi-plugin:jar:3.1762.vd3ff902a_5b_c4 is present in the local repository, but cached from a remote repository ID that is unavailable in current build context, verifying that is downloadable from [incrementals (https://repo.jenkins-ci.org/incrementals/, default, releases), central (https://repo.maven.apache.org/maven2, default, releases)]
[WARNING] Failed to build parent project for org.jvnet.hudson.plugins:analysis-pom:pom:11.2958.v63511c4c1160
[WARNING] Failed to build parent project for io.jenkins.plugins:prism-api:hpi:1.30.0-999999-SNAPSHOT
[INFO] 
[INFO] --------------------< io.jenkins.plugins:prism-api >--------------------
[INFO] Building Prism API Plugin 1.30.0-999999-SNAPSHOT
[INFO]   from pom.xml
[INFO] --------------------------------[ hpi ]---------------------------------
[INFO] 
[INFO] --- clean:3.5.0:clean (default-clean) @ prism-api ---
[INFO] Deleting /tmp/plugin-builds/prism-api/src/main/webapp (includes = [css/prism/**/*, js/prism/**/*], excludes = [])
[INFO] 
[INFO] --- hpi:3.1762.vd3ff902a_5b_c4:validate (default-validate) @ prism-api ---
[INFO] Created marker file /tmp/plugin-builds/prism-api/target/java-level/17
[INFO] 
[INFO] --- hpi:3.1762.vd3ff902a_5b_c4:validate-hpi (default-validate-hpi) @ prism-api ---
[INFO] 
[INFO] --- enforcer:3.6.2:enforce (display-info) @ prism-api ---
[INFO] Ignoring requireUpperBoundDeps in org.ow2.asm:asm
[INFO] Rule 0: org.apache.maven.enforcer.rules.dependency.RequireUpperBoundDeps passed
[INFO] Rule 1: io.jenkins.tools.incrementals.enforcer.RequireExtensionVersion passed
[INFO] Rule 2: org.apache.maven.enforcer.rules.version.RequireMavenVersion passed
[INFO] Rule 3: org.apache.maven.enforcer.rules.version.RequireJavaVersion passed
[INFO] Rule 4: org.apache.maven.enforcer.rules.RequirePluginVersions passed
[INFO] Rule 5: org.codehaus.mojo.extraenforcer.dependencies.EnforceBytecodeVersion passed
[INFO] Rule 6: org.apache.maven.enforcer.rules.dependency.BannedDependencies passed
[INFO] Rule 7: org.apache.maven.enforcer.rules.dependency.BannedDependencies passed
[INFO] 
[INFO] --- enforcer:3.6.2:enforce (no-snapshots-in-release) @ prism-api ---
[INFO] Rule 0: org.apache.maven.enforcer.rules.dependency.RequireReleaseDeps passed
[INFO] 
[INFO] --- frontend:1.15.4:install-node-and-npm (install node and npm) @ prism-api ---
[INFO] Installing node version v22.19.0
[INFO] Unpacking /home/runner/.m2/repository/com/github/eirslett/node/22.19.0/node-22.19.0-linux-x64.tar.gz into /tmp/plugin-builds/prism-api/node/tmp
[INFO] Copying node binary from /tmp/plugin-builds/prism-api/node/tmp/node-v22.19.0-linux-x64/bin/node to /tmp/plugin-builds/prism-api/node/node
[INFO] Installed node locally.
[INFO] Installing npm version 11.6.0
[INFO] Unpacking /home/runner/.m2/repository/com/github/eirslett/npm/11.6.0/npm-11.6.0.tar.gz into /tmp/plugin-builds/prism-api/node/node_modules
[INFO] Installed npm locally.
[INFO] 
[INFO] --- frontend:1.15.4:npm (npm install) @ prism-api ---
[INFO] Running 'npm ci' in /tmp/plugin-builds/prism-api
[INFO] 
[INFO] added 227 packages, and audited 228 packages in 5s
[INFO] 
[INFO] 113 packages are looking for funding
[INFO]   run `npm fund` for details
[INFO] 
[INFO] 1 high severity vulnerability
[INFO] 
[INFO] To address all issues, run:
[INFO]   npm audit fix
[INFO] 
[INFO] Run `npm audit` for details.
[INFO] 
[INFO] --- localizer:1.31:generate (default) @ prism-api ---
[INFO] 
[INFO] --- frontend:1.15.4:npm (npm mvnbuild) @ prism-api ---
[INFO] Running 'npm run mvnbuild' in /tmp/plugin-builds/prism-api
[INFO] 
[INFO] --- enforcer:3.6.2:enforce (check-junit-imports) @ prism-api ---
[INFO] Skipping Rule Enforcement.
[INFO] 
[INFO] >>> javadoc:3.12.0:javadoc (default) > generate-sources @ prism-api >>>
[INFO] 
[INFO] --- hpi:3.1762.vd3ff902a_5b_c4:validate (default-validate) @ prism-api ---
[INFO] 
[INFO] --- hpi:3.1762.vd3ff902a_5b_c4:validate-hpi (default-validate-hpi) @ prism-api ---
[INFO] 
[INFO] --- enforcer:3.6.2:enforce (display-info) @ prism-api ---
[INFO] Ignoring requireUpperBoundDeps in org.ow2.asm:asm
[INFO] Rule 0: org.apache.maven.enforcer.rules.dependency.RequireUpperBoundDeps passed
[INFO] Rule 4: org.apache.maven.enforcer.rules.RequirePluginVersions passed
[INFO] Rule 5: org.codehaus.mojo.extraenforcer.dependencies.EnforceBytecodeVersion passed
[INFO] Rule 6: org.apache.maven.enforcer.rules.dependency.BannedDependencies passed
[INFO] Rule 7: org.apache.maven.enforcer.rules.dependency.BannedDependencies passed
[INFO] 
[INFO] --- enforcer:3.6.2:enforce (no-snapshots-in-release) @ prism-api ---
[INFO] Rule 0: org.apache.maven.enforcer.rules.dependency.RequireReleaseDeps passed
[INFO] 
[INFO] --- frontend:1.15.4:install-node-and-npm (install node and npm) @ prism-api ---
[INFO] Node v22.19.0 is already installed.
[INFO] NPM 11.6.0 is already installed.
[INFO] 
[INFO] --- frontend:1.15.4:npm (npm install) @ prism-api ---
[INFO] Running 'npm ci' in /tmp/plugin-builds/prism-api
[INFO] 
[INFO] added 227 packages, and audited 228 packages in 6s
[INFO] 
[INFO] 113 packages are looking for funding
[INFO]   run `npm fund` for details
[INFO] 
[INFO] 1 high severity vulnerability
[INFO] 
[INFO] To address all issues, run:
[INFO]   npm audit fix
[INFO] 
[INFO] Run `npm audit` for details.
[INFO] 
[INFO] --- localizer:1.31:generate (default) @ prism-api ---
[INFO] 
[INFO] --- frontend:1.15.4:npm (npm mvnbuild) @ prism-api ---
[INFO] Running 'npm run mvnbuild' in /tmp/plugin-builds/prism-api
[INFO] 
[INFO] <<< javadoc:3.12.0:javadoc (default) < generate-sources @ prism-api <<<
[INFO] 
[INFO] 
[INFO] --- javadoc:3.12.0:javadoc (default) @ prism-api ---
[INFO] 
[INFO] --- resources:3.3.1:resources (default-resources) @ prism-api ---
[INFO] Copying 27 resources from src/main/resources to target/classes
[INFO] 
[INFO] --- flatten:1.7.3:flatten (flatten) @ prism-api ---
[INFO] Generating flattened POM of project io.jenkins.plugins:prism-api:hpi:1.30.0-999999-SNAPSHOT...
[INFO] 
[INFO] --- resources:3.3.1:copy-resources (copy-js) @ prism-api ---
[INFO] Copying 597 resources from node_modules/prismjs/components to src/main/webapp/js/prism
[INFO] Copying 52 resources from node_modules/prismjs/plugins to src/main/webapp/js/prism
[INFO] 
[INFO] --- resources:3.3.1:copy-resources (copy-css) @ prism-api ---
[INFO] Copying 16 resources from node_modules/prismjs/themes to src/main/webapp/css/prism
[INFO] Copying 26 resources from node_modules/prismjs/plugins to src/main/webapp/css/prism
[INFO] 
[INFO] --- compiler:3.14.1:compile (default-compile) @ prism-api ---
[INFO] Recompiling the module because of changed source code.
[INFO] Compiling 15 source files with javac [debug parameters release 17] to target/classes
[INFO] io.jenkins.plugins.prism.PermittedSourceCodeDirectory.DescriptorImpl indexed under hudson.Extension
[INFO] io.jenkins.plugins.prism.PrismAppearanceConfiguration indexed under hudson.Extension
[INFO] io.jenkins.plugins.prism.PrismConfiguration indexed under hudson.Extension
[INFO] io.jenkins.plugins.prism.SourceCodeDirectory.DescriptorImpl indexed under hudson.Extension
[INFO] /tmp/plugin-builds/prism-api/src/main/java/io/jenkins/plugins/prism/PermittedSourceCodeDirectory.java:[40,12] Generating io/jenkins/plugins/prism/PermittedSourceCodeDirectory.stapler
[INFO] /tmp/plugin-builds/prism-api/src/main/java/io/jenkins/plugins/prism/SourceCodeDirectory.java:[42,12] Generating io/jenkins/plugins/prism/SourceCodeDirectory.stapler
[INFO] /tmp/plugin-builds/prism-api/src/main/java/io/jenkins/plugins/prism/PermittedSourceCodeDirectory.java:[75,31] Generating io/jenkins/plugins/prism/PermittedSourceCodeDirectory/DescriptorImpl/doCheckPath.stapler
[INFO] /tmp/plugin-builds/prism-api/src/main/java/io/jenkins/plugins/prism/SourceCodeDirectory.java:[96,31] Generating io/jenkins/plugins/prism/SourceCodeDirectory/DescriptorImpl/doCheckPath.stapler
[WARNING] No processor claimed any of these annotations: /org.kohsuke.accmod.Restricted,/edu.umd.cs.findbugs.annotations.NonNull,/org.kohsuke.stapler.QueryParameter,/org.kohsuke.stapler.DataBoundSetter,/org.jenkinsci.Symbol,/edu.umd.cs.findbugs.annotations.CheckForNull,/org.kohsuke.stapler.AncestorInPath,/edu.umd.cs.findbugs.annotations.SuppressFBWarnings,/org.kohsuke.stapler.verb.POST,/edu.hm.hafner.util.VisibleForTesting,/org.kohsuke.stapler.DataBoundConstructor,/hudson.Extension
[INFO] 
[INFO] --- access-modifier-checker:1.35:enforce (default-enforce) @ prism-api ---
[INFO] 
[INFO] --- bridge-method-injector:1.32:process (default) @ prism-api ---
[INFO] 
[INFO] --- hpi:3.1762.vd3ff902a_5b_c4:insert-test (default-insert-test) @ prism-api ---
[INFO] 
[INFO] --- antrun:3.2.0:run (createTempDir) @ prism-api ---
[INFO] Executing tasks
[INFO]     [mkdir] Created dir: /tmp/plugin-builds/prism-api/target/tmp
[INFO] Executed tasks
[INFO] 
[INFO] --- resources:3.3.1:testResources (default-testResources) @ prism-api ---
[INFO] Not copying test resources
[INFO] 
[INFO] --- compiler:3.14.1:testCompile (default-testCompile) @ prism-api ---
[INFO] Not compiling test sources
[INFO] 
[INFO] --- hpi:3.1762.vd3ff902a_5b_c4:test-hpl (default-test-hpl) @ prism-api ---
[INFO] Generating /tmp/plugin-builds/prism-api/target/test-classes/the.hpl
[INFO] 
[INFO] --- hpi:3.1762.vd3ff902a_5b_c4:resolve-test-dependencies (default-resolve-test-dependencies) @ prism-api ---
[INFO] 
[INFO] --- hpi:3.1762.vd3ff902a_5b_c4:test-runtime (default-test-runtime) @ prism-api ---
[INFO] Tests are skipped.
[INFO] 
[INFO] --- jacoco:0.8.14:prepare-agent (default) @ prism-api ---
[INFO] argLine set to -javaagent:/home/runner/.m2/repository/org/jacoco/org.jacoco.agent/0.8.14/org.jacoco.agent-0.8.14-runtime.jar=destfile=/tmp/plugin-builds/prism-api/target/jacoco.exec,includes=io/jenkins/plugins/**/* -Xms768M -Xmx768M -XX:+HeapDumpOnOutOfMemoryError -XX:+TieredCompilation -XX:TieredStopAtLevel=1 @{jenkins.addOpens} @{jenkins.insaneHook} @{jenkins.javaAgent}
[INFO] 
[INFO] --- surefire:3.5.4:test (default-test) @ prism-api ---
[INFO] Tests are skipped.
[INFO] 
[INFO] --- frontend:1.15.4:npm (npm mvntest) @ prism-api ---
[INFO] Running 'npm run mvntest' in /tmp/plugin-builds/prism-api
[INFO] 
[INFO] --- license:184.v19c87b_6b_a_9a_c:process (default) @ prism-api ---
[INFO] Generated /tmp/plugin-builds/prism-api/target/prism-api/WEB-INF/licenses.xml
[INFO] 
[INFO] --- hpi:3.1762.vd3ff902a_5b_c4:hpi (default-hpi) @ prism-api ---
[INFO] Generating /tmp/plugin-builds/prism-api/target/prism-api/META-INF/MANIFEST.MF
[INFO] Checking for attached .jar artifact ...
[INFO] Generating jar /tmp/plugin-builds/prism-api/target/prism-api.jar
[INFO] Building jar: /tmp/plugin-builds/prism-api/target/prism-api.jar
[INFO] Exploding webapp...
[INFO] Copy webapp webResources to /tmp/plugin-builds/prism-api/target/prism-api
[INFO] Assembling webapp prism-api in /tmp/plugin-builds/prism-api/target/prism-api
[INFO] Generating hpi /tmp/plugin-builds/prism-api/target/prism-api.hpi
[INFO] Building jar: /tmp/plugin-builds/prism-api/target/prism-api.hpi
[INFO] 
[INFO] --- jar:3.4.2:test-jar (maybe-test-jar) @ prism-api ---
[INFO] Skipping packaging of the test-jar
[INFO] 
[INFO] --- jar:3.4.2:test-jar (default) @ prism-api ---
[INFO] Skipping packaging of the test-jar
[INFO] 
[INFO] --- failsafe:3.5.4:integration-test (default) @ prism-api ---
[INFO] Tests are skipped.
[INFO] 
[INFO] --- pmd:3.28.0:pmd (run-pmd-java) @ prism-api ---
[INFO] PMD version: 7.19.0-metrics
[INFO] Rendering content with org.apache.maven.skins:maven-fluido-skin:jar:2.0.0-M9 skin
[INFO] 
[INFO] >>> pmd:3.28.0:check (run-pmd-java) > :pmd @ prism-api >>>
[INFO] 
[INFO] --- pmd:3.28.0:pmd (pmd) @ prism-api ---
[INFO] Skipping org.apache.maven.plugins:maven-pmd-plugin:3.28.0:pmd report goal
[INFO] 
[INFO] <<< pmd:3.28.0:check (run-pmd-java) < :pmd @ prism-api <<<
[INFO] 
[INFO] 
[INFO] --- pmd:3.28.0:check (run-pmd-java) @ prism-api ---
[INFO] 
[INFO] --- pmd:3.28.0:cpd (run-pmd-java) @ prism-api ---
[INFO] Rendering content with org.apache.maven.skins:maven-fluido-skin:jar:2.0.0-M9 skin
[INFO] 
[INFO] --- pmd:3.28.0:pmd (run-pmd-tests) @ prism-api ---
[INFO] PMD version: 7.19.0-metrics
[INFO] Rendering content with org.apache.maven.skins:maven-fluido-skin:jar:2.0.0-M9 skin
[INFO] 
[INFO] >>> pmd:3.28.0:check (run-pmd-tests) > :pmd @ prism-api >>>
[INFO] 
[INFO] --- pmd:3.28.0:pmd (pmd) @ prism-api ---
[INFO] Skipping org.apache.maven.plugins:maven-pmd-plugin:3.28.0:pmd report goal
[INFO] 
[INFO] <<< pmd:3.28.0:check (run-pmd-tests) < :pmd @ prism-api <<<
[INFO] 
[INFO] 
[INFO] --- pmd:3.28.0:check (run-pmd-tests) @ prism-api ---
[INFO] 
[INFO] --- pmd:3.28.0:cpd (run-pmd-tests) @ prism-api ---
[INFO] Rendering content with org.apache.maven.skins:maven-fluido-skin:jar:2.0.0-M9 skin
[INFO] 
[INFO] --- pmd:3.28.0:pmd (run-pmd-javascript) @ prism-api ---
[INFO] PMD version: 7.19.0-metrics
[INFO] Rendering content with org.apache.maven.skins:maven-fluido-skin:jar:2.0.0-M9 skin
[INFO] 
[INFO] >>> pmd:3.28.0:check (run-pmd-javascript) > :pmd @ prism-api >>>
[INFO] 
[INFO] --- pmd:3.28.0:pmd (pmd) @ prism-api ---
[INFO] Skipping org.apache.maven.plugins:maven-pmd-plugin:3.28.0:pmd report goal
[INFO] 
[INFO] <<< pmd:3.28.0:check (run-pmd-javascript) < :pmd @ prism-api <<<
[INFO] 
[INFO] 
[INFO] --- pmd:3.28.0:check (run-pmd-javascript) @ prism-api ---
[INFO] 
[INFO] --- pmd:3.28.0:pmd (run-pmd-metrics) @ prism-api ---
[INFO] PMD version: 7.19.0-metrics
[INFO] Rendering content with org.apache.maven.skins:maven-fluido-skin:jar:2.0.0-M9 skin
[INFO] 
[INFO] --- checkstyle:3.6.0:check (run-checkstyle-java) @ prism-api ---
[INFO] You have 0 Checkstyle violations.
[INFO] 
[INFO] --- checkstyle:3.6.0:check (run-checkstyle-tests) @ prism-api ---
[INFO] You have 0 Checkstyle violations.
[INFO] 
[INFO] >>> spotbugs:4.9.6.0:check (spotbugs) > :spotbugs @ prism-api >>>
[INFO] 
[INFO] --- spotbugs:4.9.6.0:spotbugs (spotbugs) @ prism-api ---
[INFO] Fork Value is true
[INFO] Done SpotBugs Analysis....
[INFO] Skipping com.github.spotbugs:spotbugs-maven-plugin:4.9.6.0:spotbugs report goal
[INFO] 
[INFO] <<< spotbugs:4.9.6.0:check (spotbugs) < :spotbugs @ prism-api <<<
[INFO] 
[INFO] 
[INFO] --- spotbugs:4.9.6.0:check (spotbugs) @ prism-api ---
[INFO] BugInstance size is 0
[INFO] Error size is 0
[INFO] No errors/warnings found
[INFO] 
[INFO] --- spotless:3.0.0:check (default) @ prism-api ---
[INFO] Spotless check skipped
[INFO] 
[INFO] --- failsafe:3.5.4:verify (default) @ prism-api ---
[INFO] Tests are skipped.
[INFO] 
[INFO] --- jacoco:0.8.14:report (report) @ prism-api ---
[INFO] Skipping JaCoCo execution due to missing execution data file.
[INFO] 
[INFO] --- revapi:0.15.1:check (run-revapi) @ prism-api ---
[WARNING] 1 problem was encountered while building the effective model for org.jboss:jboss-dmr:jar:1.2.0.Final during dependency collection step for plugin (use -X to see details)
[INFO] Skipping execution
[INFO] 
[INFO] --- install:3.1.4:install (default-install) @ prism-api ---
[INFO] Installing /tmp/plugin-builds/prism-api/target/prism-api-1.30.0-999999-SNAPSHOT.pom to /home/runner/.m2/repository/io/jenkins/plugins/prism-api/1.30.0-999999-SNAPSHOT/prism-api-1.30.0-999999-SNAPSHOT.pom
[INFO] Installing /tmp/plugin-builds/prism-api/target/prism-api.hpi to /home/runner/.m2/repository/io/jenkins/plugins/prism-api/1.30.0-999999-SNAPSHOT/prism-api-1.30.0-999999-SNAPSHOT.hpi
[INFO] Installing /tmp/plugin-builds/prism-api/target/prism-api.jar to /home/runner/.m2/repository/io/jenkins/plugins/prism-api/1.30.0-999999-SNAPSHOT/prism-api-1.30.0-999999-SNAPSHOT.jar
[INFO] ------------------------------------------------------------------------
[INFO] BUILD SUCCESS
[INFO] ------------------------------------------------------------------------
[INFO] Total time:  02:06 min
[INFO] Finished at: 2026-02-17T03:22:04Z
[INFO] ------------------------------------------------------------------------
