WARNING: A terminally deprecated method in sun.misc.Unsafe has been called
WARNING: sun.misc.Unsafe::staticFieldBase has been called by com.google.inject.internal.aop.HiddenClassDefiner (file:/usr/share/apache-maven-3.9.11/lib/guice-5.1.0-classes.jar)
WARNING: Please consider reporting this to the maintainers of class com.google.inject.internal.aop.HiddenClassDefiner
WARNING: sun.misc.Unsafe::staticFieldBase will be removed in a future release
[INFO] Scanning for projects...
[INFO] Artifact org.jenkins-ci.tools:maven-hpi-plugin:pom:3.1762.vd3ff902a_5b_c4 is present in the local repository, but cached from a remote repository ID that is unavailable in current build context, verifying that is downloadable from [incrementals (https://repo.jenkins-ci.org/incrementals/, default, releases), central (https://repo.maven.apache.org/maven2, default, releases)]
[INFO] Artifact org.jenkins-ci.tools:maven-hpi-plugin:pom:3.1762.vd3ff902a_5b_c4 is present in the local repository, but cached from a remote repository ID that is unavailable in current build context, verifying that is downloadable from [incrementals (https://repo.jenkins-ci.org/incrementals/, default, releases), central (https://repo.maven.apache.org/maven2, default, releases)]
[WARNING] The POM for org.jenkins-ci.tools:maven-hpi-plugin:jar:3.1762.vd3ff902a_5b_c4 is missing, no dependency information available
[INFO] Artifact org.jenkins-ci.tools:maven-hpi-plugin:jar:3.1762.vd3ff902a_5b_c4 is present in the local repository, but cached from a remote repository ID that is unavailable in current build context, verifying that is downloadable from [incrementals (https://repo.jenkins-ci.org/incrementals/, default, releases), central (https://repo.maven.apache.org/maven2, default, releases)]
[INFO] Artifact org.jenkins-ci.tools:maven-hpi-plugin:jar:3.1762.vd3ff902a_5b_c4 is present in the local repository, but cached from a remote repository ID that is unavailable in current build context, verifying that is downloadable from [incrementals (https://repo.jenkins-ci.org/incrementals/, default, releases), central (https://repo.maven.apache.org/maven2, default, releases)]
[WARNING] Failed to build parent project for org.jenkins-ci.plugins:publish-over-ssh:hpi:999999-SNAPSHOT
[INFO] 
[INFO] --------------< org.jenkins-ci.plugins:publish-over-ssh >---------------
[INFO] Building Publish Over SSH 999999-SNAPSHOT
[INFO]   from pom.xml
[INFO] --------------------------------[ hpi ]---------------------------------
[INFO] 
[INFO] --- clean:3.5.0:clean (default-clean) @ publish-over-ssh ---
[INFO] 
[INFO] --- hpi:3.1762.vd3ff902a_5b_c4:validate (default-validate) @ publish-over-ssh ---
[INFO] Created marker file /tmp/plugin-builds/publish-over-ssh/target/java-level/17
[INFO] 
[INFO] --- hpi:3.1762.vd3ff902a_5b_c4:validate-hpi (default-validate-hpi) @ publish-over-ssh ---
[INFO] 
[INFO] --- enforcer:3.6.2:enforce (display-info) @ publish-over-ssh ---
[INFO] Rule 0: io.jenkins.tools.incrementals.enforcer.RequireExtensionVersion passed
[INFO] Rule 1: org.apache.maven.enforcer.rules.version.RequireMavenVersion passed
[INFO] Rule 2: org.apache.maven.enforcer.rules.version.RequireJavaVersion passed
[INFO] Rule 3: org.apache.maven.enforcer.rules.RequirePluginVersions passed
[INFO] Rule 4: org.codehaus.mojo.extraenforcer.dependencies.EnforceBytecodeVersion passed
[INFO] Rule 5: org.apache.maven.enforcer.rules.dependency.BannedDependencies passed
[INFO] Rule 6: org.apache.maven.enforcer.rules.dependency.BannedDependencies passed
[INFO] Ignoring requireUpperBoundDeps in com.google.code.findbugs:jsr305
[INFO] Rule 7: org.apache.maven.enforcer.rules.dependency.RequireUpperBoundDeps passed
[INFO] 
[INFO] --- enforcer:3.6.2:enforce (no-snapshots-in-release) @ publish-over-ssh ---
[INFO] Rule 0: org.apache.maven.enforcer.rules.dependency.RequireReleaseDeps passed
[INFO] 
[INFO] --- localizer:1.31:generate (default) @ publish-over-ssh ---
[INFO] 
[INFO] --- enforcer:3.6.2:enforce (check-junit-imports) @ publish-over-ssh ---
[INFO] Skipping Rule Enforcement.
[INFO] 
[INFO] --- resources:3.3.1:resources (default-resources) @ publish-over-ssh ---
[INFO] Copying 107 resources from src/main/resources to target/classes
[INFO] 
[INFO] --- flatten:1.7.3:flatten (flatten) @ publish-over-ssh ---
[INFO] Generating flattened POM of project org.jenkins-ci.plugins:publish-over-ssh:hpi:999999-SNAPSHOT...
[INFO] 
[INFO] --- compiler:3.14.1:compile (default-compile) @ publish-over-ssh ---
[INFO] Recompiling the module because of changed source code.
[INFO] Compiling 38 source files with javac [debug parameters release 17] to target/classes
[INFO] jenkins.plugins.publish_over_ssh.BapSshBuilderPlugin.Descriptor indexed under hudson.Extension
[INFO] jenkins.plugins.publish_over_ssh.BapSshParamPublish.BapSshParamPublishDescriptor indexed under hudson.Extension
[INFO] jenkins.plugins.publish_over_ssh.BapSshPostBuildWrapper.Descriptor indexed under hudson.Extension
[INFO] jenkins.plugins.publish_over_ssh.BapSshPreBuildWrapper.Descriptor indexed under hudson.Extension
[INFO] jenkins.plugins.publish_over_ssh.BapSshPromotionPublisherPlugin.Descriptor indexed under hudson.Extension
[INFO] jenkins.plugins.publish_over_ssh.BapSshPublisherLabel.BapSshPublisherLabelDescriptor indexed under hudson.Extension
[INFO] jenkins.plugins.publish_over_ssh.BapSshPublisherPlugin.Descriptor indexed under hudson.Extension
[INFO] jenkins.plugins.publish_over_ssh.BapSshRetry.BapSshRetryDescriptor indexed under hudson.Extension
[INFO] jenkins.plugins.publish_over_ssh.descriptor.BapSshCommonConfigurationDescriptor indexed under hudson.Extension
[INFO] jenkins.plugins.publish_over_ssh.descriptor.BapSshCredentialsDescriptor indexed under hudson.Extension
[INFO] jenkins.plugins.publish_over_ssh.descriptor.BapSshHostConfigurationDescriptor indexed under hudson.Extension
[INFO] jenkins.plugins.publish_over_ssh.descriptor.BapSshPublisherDescriptor indexed under hudson.Extension
[INFO] jenkins.plugins.publish_over_ssh.descriptor.BapSshTransferDescriptor indexed under hudson.Extension
[INFO] jenkins.plugins.publish_over_ssh.options.SshOverrideDefaults.SshOverrideDefaultsDescriptor indexed under hudson.Extension
[INFO] jenkins.plugins.publish_over_ssh.options.SshOverrideInstanceConfigDefaults.SshOverrideInstanceConfigDefaultsDescriptor indexed under hudson.Extension
[INFO] jenkins.plugins.publish_over_ssh.options.SshOverrideParamPublishDefaults.SshOverrideParamPublishDefaultsDescriptor indexed under hudson.Extension
[INFO] jenkins.plugins.publish_over_ssh.options.SshOverridePublisherDefaults.SshOverridePublisherDefaultsDescriptor indexed under hudson.Extension
[INFO] jenkins.plugins.publish_over_ssh.options.SshOverridePublisherLabelDefaults.SshOverridePublisherLabelDefaultsDescriptor indexed under hudson.Extension
[INFO] jenkins.plugins.publish_over_ssh.options.SshOverrideRetryDefaults.SshOverrideRetryDefaultsDescriptor indexed under hudson.Extension
[INFO] jenkins.plugins.publish_over_ssh.options.SshOverrideTransferDefaults.SshOverrideTransferDefaultsDescriptor indexed under hudson.Extension
[INFO] jenkins.plugins.publish_over_ssh.options.SshPluginDefaults.SshPluginDefaultsDescriptor indexed under hudson.Extension
[INFO] /tmp/plugin-builds/publish-over-ssh/src/main/java/jenkins/plugins/publish_over_ssh/BapSshBuilderPlugin.java:[51,12] Generating jenkins/plugins/publish_over_ssh/BapSshBuilderPlugin.stapler
[INFO] /tmp/plugin-builds/publish-over-ssh/src/main/java/jenkins/plugins/publish_over_ssh/BapSshCommonConfiguration.java:[43,12] Generating jenkins/plugins/publish_over_ssh/BapSshCommonConfiguration.stapler
[INFO] /tmp/plugin-builds/publish-over-ssh/src/main/java/jenkins/plugins/publish_over_ssh/BapSshCredentials.java:[43,12] Generating jenkins/plugins/publish_over_ssh/BapSshCredentials.stapler
[INFO] /tmp/plugin-builds/publish-over-ssh/src/main/java/jenkins/plugins/publish_over_ssh/BapSshHostConfiguration.java:[95,12] Generating jenkins/plugins/publish_over_ssh/BapSshHostConfiguration.stapler
[INFO] /tmp/plugin-builds/publish-over-ssh/src/main/java/jenkins/plugins/publish_over_ssh/BapSshParamPublish.java:[43,12] Generating jenkins/plugins/publish_over_ssh/BapSshParamPublish.stapler
[INFO] /tmp/plugin-builds/publish-over-ssh/src/main/java/jenkins/plugins/publish_over_ssh/BapSshPostBuildWrapper.java:[50,12] Generating jenkins/plugins/publish_over_ssh/BapSshPostBuildWrapper.stapler
[INFO] /tmp/plugin-builds/publish-over-ssh/src/main/java/jenkins/plugins/publish_over_ssh/BapSshPreBuildWrapper.java:[50,12] Generating jenkins/plugins/publish_over_ssh/BapSshPreBuildWrapper.stapler
[INFO] /tmp/plugin-builds/publish-over-ssh/src/main/java/jenkins/plugins/publish_over_ssh/BapSshPromotionPublisherPlugin.java:[55,12] Generating jenkins/plugins/publish_over_ssh/BapSshPromotionPublisherPlugin.stapler
[INFO] /tmp/plugin-builds/publish-over-ssh/src/main/java/jenkins/plugins/publish_over_ssh/BapSshPublisher.java:[48,12] Generating jenkins/plugins/publish_over_ssh/BapSshPublisher.stapler
[INFO] /tmp/plugin-builds/publish-over-ssh/src/main/java/jenkins/plugins/publish_over_ssh/BapSshPublisherLabel.java:[43,12] Generating jenkins/plugins/publish_over_ssh/BapSshPublisherLabel.stapler
[INFO] /tmp/plugin-builds/publish-over-ssh/src/main/java/jenkins/plugins/publish_over_ssh/BapSshPublisherPlugin.java:[58,12] Generating jenkins/plugins/publish_over_ssh/BapSshPublisherPlugin.stapler
[INFO] /tmp/plugin-builds/publish-over-ssh/src/main/java/jenkins/plugins/publish_over_ssh/BapSshRetry.java:[45,12] Generating jenkins/plugins/publish_over_ssh/BapSshRetry.stapler
[INFO] /tmp/plugin-builds/publish-over-ssh/src/main/java/jenkins/plugins/publish_over_ssh/BapSshTransfer.java:[68,12] Generating jenkins/plugins/publish_over_ssh/BapSshTransfer.stapler
[INFO] /tmp/plugin-builds/publish-over-ssh/src/main/java/jenkins/plugins/publish_over_ssh/options/SshOverrideDefaults.java:[46,12] Generating jenkins/plugins/publish_over_ssh/options/SshOverrideDefaults.stapler
[INFO] /tmp/plugin-builds/publish-over-ssh/src/main/java/jenkins/plugins/publish_over_ssh/options/SshOverrideInstanceConfigDefaults.java:[41,12] Generating jenkins/plugins/publish_over_ssh/options/SshOverrideInstanceConfigDefaults.stapler
[INFO] /tmp/plugin-builds/publish-over-ssh/src/main/java/jenkins/plugins/publish_over_ssh/options/SshOverrideParamPublishDefaults.java:[40,12] Generating jenkins/plugins/publish_over_ssh/options/SshOverrideParamPublishDefaults.stapler
[INFO] /tmp/plugin-builds/publish-over-ssh/src/main/java/jenkins/plugins/publish_over_ssh/options/SshOverridePublisherDefaults.java:[44,12] Generating jenkins/plugins/publish_over_ssh/options/SshOverridePublisherDefaults.stapler
[INFO] /tmp/plugin-builds/publish-over-ssh/src/main/java/jenkins/plugins/publish_over_ssh/options/SshOverridePublisherLabelDefaults.java:[40,12] Generating jenkins/plugins/publish_over_ssh/options/SshOverridePublisherLabelDefaults.stapler
[INFO] /tmp/plugin-builds/publish-over-ssh/src/main/java/jenkins/plugins/publish_over_ssh/options/SshOverrideRetryDefaults.java:[43,12] Generating jenkins/plugins/publish_over_ssh/options/SshOverrideRetryDefaults.stapler
[INFO] /tmp/plugin-builds/publish-over-ssh/src/main/java/jenkins/plugins/publish_over_ssh/options/SshOverrideTransferDefaults.java:[57,12] Generating jenkins/plugins/publish_over_ssh/options/SshOverrideTransferDefaults.stapler
[INFO] /tmp/plugin-builds/publish-over-ssh/src/main/java/jenkins/plugins/publish_over_ssh/options/SshPluginDefaults.java:[52,12] Generating jenkins/plugins/publish_over_ssh/options/SshPluginDefaults.stapler
[INFO] /tmp/plugin-builds/publish-over-ssh/src/main/java/jenkins/plugins/publish_over_ssh/BapSshRetry.java:[80,31] Generating jenkins/plugins/publish_over_ssh/BapSshRetry/BapSshRetryDescriptor/doCheckRetryDelay.stapler
[INFO] /tmp/plugin-builds/publish-over-ssh/src/main/java/jenkins/plugins/publish_over_ssh/descriptor/BapSshHostConfigurationDescriptor.java:[72,27] Generating jenkins/plugins/publish_over_ssh/descriptor/BapSshHostConfigurationDescriptor/doCheckHostname.stapler
[INFO] /tmp/plugin-builds/publish-over-ssh/src/main/java/jenkins/plugins/publish_over_ssh/descriptor/BapSshTransferDescriptor.java:[52,27] Generating jenkins/plugins/publish_over_ssh/descriptor/BapSshTransferDescriptor/doCheckExecTimeout.stapler
[INFO] /tmp/plugin-builds/publish-over-ssh/src/main/java/jenkins/plugins/publish_over_ssh/options/SshOverrideRetryDefaults.java:[68,31] Generating jenkins/plugins/publish_over_ssh/options/SshOverrideRetryDefaults/SshOverrideRetryDefaultsDescriptor/doCheckRetries.stapler
[INFO] /tmp/plugin-builds/publish-over-ssh/src/main/java/jenkins/plugins/publish_over_ssh/descriptor/BapSshHostConfigurationDescriptor.java:[68,27] Generating jenkins/plugins/publish_over_ssh/descriptor/BapSshHostConfigurationDescriptor/doCheckName.stapler
[INFO] /tmp/plugin-builds/publish-over-ssh/src/main/java/jenkins/plugins/publish_over_ssh/descriptor/BapSshHostConfigurationDescriptor.java:[89,27] Generating jenkins/plugins/publish_over_ssh/descriptor/BapSshHostConfigurationDescriptor/doCheckKeyPath.stapler
[INFO] /tmp/plugin-builds/publish-over-ssh/src/main/java/jenkins/plugins/publish_over_ssh/descriptor/BapSshTransferDescriptor.java:[74,27] Generating jenkins/plugins/publish_over_ssh/descriptor/BapSshTransferDescriptor/doCheckExecCommand.stapler
[INFO] /tmp/plugin-builds/publish-over-ssh/src/main/java/jenkins/plugins/publish_over_ssh/descriptor/BapSshCredentialsDescriptor.java:[56,27] Generating jenkins/plugins/publish_over_ssh/descriptor/BapSshCredentialsDescriptor/doCheckUsername.stapler
[INFO] /tmp/plugin-builds/publish-over-ssh/src/main/java/jenkins/plugins/publish_over_ssh/descriptor/BapSshHostConfigurationDescriptor.java:[80,27] Generating jenkins/plugins/publish_over_ssh/descriptor/BapSshHostConfigurationDescriptor/doCheckPort.stapler
[INFO] /tmp/plugin-builds/publish-over-ssh/src/main/java/jenkins/plugins/publish_over_ssh/descriptor/BapSshHostConfigurationDescriptor.java:[84,27] Generating jenkins/plugins/publish_over_ssh/descriptor/BapSshHostConfigurationDescriptor/doCheckTimeout.stapler
[INFO] /tmp/plugin-builds/publish-over-ssh/src/main/java/jenkins/plugins/publish_over_ssh/descriptor/BapSshCredentialsDescriptor.java:[72,27] Generating jenkins/plugins/publish_over_ssh/descriptor/BapSshCredentialsDescriptor/doTestConnection.stapler
[INFO] /tmp/plugin-builds/publish-over-ssh/src/main/java/jenkins/plugins/publish_over_ssh/descriptor/BapSshTransferDescriptor.java:[70,27] Generating jenkins/plugins/publish_over_ssh/descriptor/BapSshTransferDescriptor/doCheckPatternSeparator.stapler
[INFO] /tmp/plugin-builds/publish-over-ssh/src/main/java/jenkins/plugins/publish_over_ssh/descriptor/BapSshTransferDescriptor.java:[56,27] Generating jenkins/plugins/publish_over_ssh/descriptor/BapSshTransferDescriptor/doCheckSourceFiles.stapler
[INFO] /tmp/plugin-builds/publish-over-ssh/src/main/java/jenkins/plugins/publish_over_ssh/BapSshPublisherPlugin.java: Some input files use or override a deprecated API.
[INFO] /tmp/plugin-builds/publish-over-ssh/src/main/java/jenkins/plugins/publish_over_ssh/BapSshPublisherPlugin.java: Recompile with -Xlint:deprecation for details.
[INFO] /tmp/plugin-builds/publish-over-ssh/src/main/java/jenkins/plugins/publish_over_ssh/BapSshPublisherPlugin.java: Some input files use unchecked or unsafe operations.
[INFO] /tmp/plugin-builds/publish-over-ssh/src/main/java/jenkins/plugins/publish_over_ssh/BapSshPublisherPlugin.java: Recompile with -Xlint:unchecked for details.
[INFO] 
[INFO] --- access-modifier-checker:1.35:enforce (default-enforce) @ publish-over-ssh ---
[INFO] 
[INFO] --- bridge-method-injector:1.32:process (default) @ publish-over-ssh ---
[INFO] 
[INFO] --- hpi:3.1762.vd3ff902a_5b_c4:insert-test (default-insert-test) @ publish-over-ssh ---
[INFO] 
[INFO] --- antrun:3.2.0:run (createTempDir) @ publish-over-ssh ---
[INFO] Executing tasks
[INFO]     [mkdir] Created dir: /tmp/plugin-builds/publish-over-ssh/target/tmp
[INFO] Executed tasks
[INFO] 
[INFO] --- resources:3.3.1:testResources (default-testResources) @ publish-over-ssh ---
[INFO] Not copying test resources
[INFO] 
[INFO] --- compiler:3.14.1:testCompile (default-testCompile) @ publish-over-ssh ---
[INFO] Not compiling test sources
[INFO] 
[INFO] --- hpi:3.1762.vd3ff902a_5b_c4:test-hpl (default-test-hpl) @ publish-over-ssh ---
[INFO] Generating /tmp/plugin-builds/publish-over-ssh/target/test-classes/the.hpl
[INFO] 
[INFO] --- hpi:3.1762.vd3ff902a_5b_c4:resolve-test-dependencies (default-resolve-test-dependencies) @ publish-over-ssh ---
[INFO] 
[INFO] --- hpi:3.1762.vd3ff902a_5b_c4:test-runtime (default-test-runtime) @ publish-over-ssh ---
[INFO] Tests are skipped.
[INFO] 
[INFO] --- surefire:3.5.4:test (default-test) @ publish-over-ssh ---
[INFO] Tests are skipped.
[INFO] 
[INFO] --- license:184.v19c87b_6b_a_9a_c:process (default) @ publish-over-ssh ---
[INFO] Generated /tmp/plugin-builds/publish-over-ssh/target/publish-over-ssh/WEB-INF/licenses.xml
[INFO] 
[INFO] --- hpi:3.1762.vd3ff902a_5b_c4:hpi (default-hpi) @ publish-over-ssh ---
[INFO] Generating /tmp/plugin-builds/publish-over-ssh/target/publish-over-ssh/META-INF/MANIFEST.MF
[INFO] Checking for attached .jar artifact ...
[INFO] Generating jar /tmp/plugin-builds/publish-over-ssh/target/publish-over-ssh.jar
[INFO] Building jar: /tmp/plugin-builds/publish-over-ssh/target/publish-over-ssh.jar
[INFO] Exploding webapp...
[INFO] Copy webapp webResources to /tmp/plugin-builds/publish-over-ssh/target/publish-over-ssh
[INFO] Assembling webapp publish-over-ssh in /tmp/plugin-builds/publish-over-ssh/target/publish-over-ssh
[INFO] Generating hpi /tmp/plugin-builds/publish-over-ssh/target/publish-over-ssh.hpi
[INFO] Building jar: /tmp/plugin-builds/publish-over-ssh/target/publish-over-ssh.hpi
[INFO] 
[INFO] --- jar:3.4.2:test-jar (maybe-test-jar) @ publish-over-ssh ---
[INFO] Skipping packaging of the test-jar
[INFO] 
[INFO] >>> spotbugs:4.9.8.1:check (spotbugs) > :spotbugs @ publish-over-ssh >>>
[INFO] 
[INFO] --- spotbugs:4.9.8.1:spotbugs (spotbugs) @ publish-over-ssh ---
[INFO] Fork Value is true
[INFO] Done SpotBugs Analysis....
[INFO] Skipping com.github.spotbugs:spotbugs-maven-plugin:4.9.8.1:spotbugs report goal
[INFO] 
[INFO] <<< spotbugs:4.9.8.1:check (spotbugs) < :spotbugs @ publish-over-ssh <<<
[INFO] 
[INFO] 
[INFO] --- spotbugs:4.9.8.1:check (spotbugs) @ publish-over-ssh ---
[INFO] BugInstance size is 0
[INFO] Error size is 0
[INFO] No errors/warnings found
[INFO] 
[INFO] --- spotless:3.0.0:check (default) @ publish-over-ssh ---
[INFO] Spotless check skipped
[INFO] 
[INFO] --- install:3.1.4:install (default-install) @ publish-over-ssh ---
[INFO] Installing /tmp/plugin-builds/publish-over-ssh/target/publish-over-ssh-999999-SNAPSHOT.pom to /home/runner/.m2/repository/org/jenkins-ci/plugins/publish-over-ssh/999999-SNAPSHOT/publish-over-ssh-999999-SNAPSHOT.pom
[INFO] Installing /tmp/plugin-builds/publish-over-ssh/target/publish-over-ssh.hpi to /home/runner/.m2/repository/org/jenkins-ci/plugins/publish-over-ssh/999999-SNAPSHOT/publish-over-ssh-999999-SNAPSHOT.hpi
[INFO] Installing /tmp/plugin-builds/publish-over-ssh/target/publish-over-ssh.jar to /home/runner/.m2/repository/org/jenkins-ci/plugins/publish-over-ssh/999999-SNAPSHOT/publish-over-ssh-999999-SNAPSHOT.jar
[INFO] ------------------------------------------------------------------------
[INFO] BUILD SUCCESS
[INFO] ------------------------------------------------------------------------
[INFO] Total time:  01:27 min
[INFO] Finished at: 2026-01-06T02:48:19Z
[INFO] ------------------------------------------------------------------------
