[INFO] Scanning for projects...
[INFO] Artifact org.jenkins-ci.tools:maven-hpi-plugin:pom:3.1762.vd3ff902a_5b_c4 is present in the local repository, but cached from a remote repository ID that is unavailable in current build context, verifying that is downloadable from [incrementals (https://repo.jenkins-ci.org/incrementals/, default, releases), central (https://repo.maven.apache.org/maven2, default, releases)]
[INFO] Artifact org.jenkins-ci.tools:maven-hpi-plugin:pom:3.1762.vd3ff902a_5b_c4 is present in the local repository, but cached from a remote repository ID that is unavailable in current build context, verifying that is downloadable from [incrementals (https://repo.jenkins-ci.org/incrementals/, default, releases), central (https://repo.maven.apache.org/maven2, default, releases)]
[WARNING] The POM for org.jenkins-ci.tools:maven-hpi-plugin:jar:3.1762.vd3ff902a_5b_c4 is missing, no dependency information available
[INFO] Artifact org.jenkins-ci.tools:maven-hpi-plugin:jar:3.1762.vd3ff902a_5b_c4 is present in the local repository, but cached from a remote repository ID that is unavailable in current build context, verifying that is downloadable from [incrementals (https://repo.jenkins-ci.org/incrementals/, default, releases), central (https://repo.maven.apache.org/maven2, default, releases)]
[INFO] Artifact org.jenkins-ci.tools:maven-hpi-plugin:jar:3.1762.vd3ff902a_5b_c4 is present in the local repository, but cached from a remote repository ID that is unavailable in current build context, verifying that is downloadable from [incrementals (https://repo.jenkins-ci.org/incrementals/, default, releases), central (https://repo.maven.apache.org/maven2, default, releases)]
[WARNING] Failed to build parent project for org.jenkins-ci.plugins:publish-over:hpi:999999-SNAPSHOT
[INFO] 
[INFO] ----------------< org.jenkins-ci.plugins:publish-over >-----------------
[INFO] Building Infrastructure plugin for Publish Over X 999999-SNAPSHOT
[INFO]   from pom.xml
[INFO] --------------------------------[ hpi ]---------------------------------
[INFO] 
[INFO] --- clean:3.5.0:clean (default-clean) @ publish-over ---
[INFO] 
[INFO] --- hpi:3.1762.vd3ff902a_5b_c4:validate (default-validate) @ publish-over ---
[INFO] Created marker file /tmp/plugin-builds/publish-over/target/java-level/17
[INFO] 
[INFO] --- hpi:3.1762.vd3ff902a_5b_c4:validate-hpi (default-validate-hpi) @ publish-over ---
[INFO] 
[INFO] --- enforcer:3.6.2:enforce (display-info) @ publish-over ---
[INFO] Rule 0: io.jenkins.tools.incrementals.enforcer.RequireExtensionVersion passed
[INFO] Rule 1: org.apache.maven.enforcer.rules.version.RequireMavenVersion passed
[INFO] Rule 2: org.apache.maven.enforcer.rules.version.RequireJavaVersion passed
[INFO] Rule 3: org.apache.maven.enforcer.rules.RequirePluginVersions passed
[INFO] Rule 4: org.codehaus.mojo.extraenforcer.dependencies.EnforceBytecodeVersion passed
[INFO] Rule 5: org.apache.maven.enforcer.rules.dependency.BannedDependencies passed
[INFO] Rule 6: org.apache.maven.enforcer.rules.dependency.BannedDependencies passed
[INFO] Rule 7: org.apache.maven.enforcer.rules.dependency.RequireUpperBoundDeps passed
[INFO] 
[INFO] --- enforcer:3.6.2:enforce (no-snapshots-in-release) @ publish-over ---
[INFO] Rule 0: org.apache.maven.enforcer.rules.dependency.RequireReleaseDeps passed
[INFO] 
[INFO] --- localizer:1.31:generate (default) @ publish-over ---
[INFO] 
[INFO] --- build-helper:3.6.1:add-source (add-source) @ publish-over ---
[INFO] Source directory: /tmp/plugin-builds/publish-over/target/generated-sources/localizer added.
[INFO] 
[INFO] --- build-helper:3.6.1:add-source (add-eclipse-sources) @ publish-over ---
[INFO] Source directory: /tmp/plugin-builds/publish-over/target/generated-sources/groovy-stubs/main added.
[INFO] Source directory: /tmp/plugin-builds/publish-over/target/generated-sources/localizer added.
[INFO] Source directory: /tmp/plugin-builds/publish-over/target/generated-sources/taglib-interface added.
[INFO] 
[INFO] --- enforcer:3.6.2:enforce (check-junit-imports) @ publish-over ---
[INFO] Rule 0: org.apache.maven.plugins.enforcer.RestrictImports passed
[INFO] 
[INFO] --- resources:3.3.1:resources (default-resources) @ publish-over ---
[INFO] Copying 24 resources from src/main/resources to target/classes
[INFO] 
[INFO] --- flatten:1.7.3:flatten (flatten) @ publish-over ---
[INFO] Generating flattened POM of project org.jenkins-ci.plugins:publish-over:hpi:999999-SNAPSHOT...
[INFO] 
[INFO] --- compiler:3.14.1:compile (default-compile) @ publish-over ---
[INFO] Recompiling the module because of changed source code.
[INFO] Compiling 43 source files with javac [debug parameters release 17] to target/classes
[INFO] /tmp/plugin-builds/publish-over/src/main/java/jenkins/plugins/publish_over/ParamPublish.java:[45,12] Generating jenkins/plugins/publish_over/ParamPublish.stapler
[INFO] /tmp/plugin-builds/publish-over/src/main/java/jenkins/plugins/publish_over/BPPlugin.java: Some input files use or override a deprecated API.
[INFO] /tmp/plugin-builds/publish-over/src/main/java/jenkins/plugins/publish_over/BPPlugin.java: Recompile with -Xlint:deprecation for details.
[INFO] /tmp/plugin-builds/publish-over/src/main/java/jenkins/plugins/publish_over/BapPublisher.java: Some input files use unchecked or unsafe operations.
[INFO] /tmp/plugin-builds/publish-over/src/main/java/jenkins/plugins/publish_over/BapPublisher.java: Recompile with -Xlint:unchecked for details.
[INFO] 
[INFO] --- access-modifier-checker:1.35:enforce (default-enforce) @ publish-over ---
[INFO] 
[INFO] --- bridge-method-injector:1.32:process (default) @ publish-over ---
[INFO] 
[INFO] --- hpi:3.1762.vd3ff902a_5b_c4:insert-test (default-insert-test) @ publish-over ---
[INFO] 
[INFO] --- antrun:3.2.0:run (createTempDir) @ publish-over ---
[INFO] Executing tasks
[INFO]     [mkdir] Created dir: /tmp/plugin-builds/publish-over/target/tmp
[INFO] Executed tasks
[INFO] 
[INFO] --- resources:3.3.1:testResources (default-testResources) @ publish-over ---
[INFO] Not copying test resources
[INFO] 
[INFO] --- compiler:3.14.1:testCompile (default-testCompile) @ publish-over ---
[INFO] Not compiling test sources
[INFO] 
[INFO] --- hpi:3.1762.vd3ff902a_5b_c4:test-hpl (default-test-hpl) @ publish-over ---
[INFO] Generating /tmp/plugin-builds/publish-over/target/test-classes/the.hpl
[INFO] 
[INFO] --- hpi:3.1762.vd3ff902a_5b_c4:resolve-test-dependencies (default-resolve-test-dependencies) @ publish-over ---
[INFO] 
[INFO] --- hpi:3.1762.vd3ff902a_5b_c4:test-runtime (default-test-runtime) @ publish-over ---
[INFO] Tests are skipped.
[INFO] 
[INFO] --- surefire:3.5.4:test (default-test) @ publish-over ---
[INFO] Tests are skipped.
[INFO] 
[INFO] --- license:184.v19c87b_6b_a_9a_c:process (default) @ publish-over ---
[INFO] Generated /tmp/plugin-builds/publish-over/target/publish-over/WEB-INF/licenses.xml
[INFO] 
[INFO] --- hpi:3.1762.vd3ff902a_5b_c4:hpi (default-hpi) @ publish-over ---
[INFO] Generating /tmp/plugin-builds/publish-over/target/publish-over/META-INF/MANIFEST.MF
[INFO] Checking for attached .jar artifact ...
[INFO] Generating jar /tmp/plugin-builds/publish-over/target/publish-over.jar
[INFO] Building jar: /tmp/plugin-builds/publish-over/target/publish-over.jar
[INFO] Exploding webapp...
[INFO] Copy webapp webResources to /tmp/plugin-builds/publish-over/target/publish-over
[INFO] Assembling webapp publish-over in /tmp/plugin-builds/publish-over/target/publish-over
[INFO] Generating hpi /tmp/plugin-builds/publish-over/target/publish-over.hpi
[INFO] Building jar: /tmp/plugin-builds/publish-over/target/publish-over.hpi
[INFO] 
[INFO] --- jar:3.4.2:test-jar (maybe-test-jar) @ publish-over ---
[INFO] Skipping packaging of the test-jar
[INFO] 
[INFO] >>> spotbugs:4.9.8.1:check (spotbugs) > :spotbugs @ publish-over >>>
[INFO] 
[INFO] --- spotbugs:4.9.8.1:spotbugs (spotbugs) @ publish-over ---
[INFO] Fork Value is true
[INFO] Done SpotBugs Analysis....
[INFO] Skipping com.github.spotbugs:spotbugs-maven-plugin:4.9.8.1:spotbugs report goal
[INFO] 
[INFO] <<< spotbugs:4.9.8.1:check (spotbugs) < :spotbugs @ publish-over <<<
[INFO] 
[INFO] 
[INFO] --- spotbugs:4.9.8.1:check (spotbugs) @ publish-over ---
[INFO] BugInstance size is 0
[INFO] Error size is 0
[INFO] No errors/warnings found
[INFO] 
[INFO] --- spotless:3.0.0:check (default) @ publish-over ---
[INFO] Spotless check skipped
[INFO] 
[INFO] --- install:3.1.4:install (default-install) @ publish-over ---
[INFO] Installing /tmp/plugin-builds/publish-over/target/publish-over-999999-SNAPSHOT.pom to /home/runner/.m2/repository/org/jenkins-ci/plugins/publish-over/999999-SNAPSHOT/publish-over-999999-SNAPSHOT.pom
[INFO] Installing /tmp/plugin-builds/publish-over/target/publish-over.hpi to /home/runner/.m2/repository/org/jenkins-ci/plugins/publish-over/999999-SNAPSHOT/publish-over-999999-SNAPSHOT.hpi
[INFO] Installing /tmp/plugin-builds/publish-over/target/publish-over.jar to /home/runner/.m2/repository/org/jenkins-ci/plugins/publish-over/999999-SNAPSHOT/publish-over-999999-SNAPSHOT.jar
[INFO] ------------------------------------------------------------------------
[INFO] BUILD SUCCESS
[INFO] ------------------------------------------------------------------------
[INFO] Total time:  56.487 s
[INFO] Finished at: 2026-02-10T03:21:08Z
[INFO] ------------------------------------------------------------------------
