[INFO] Scanning for projects...
[INFO] Artifact org.jenkins-ci.tools:maven-hpi-plugin:pom:3.1787.vd08d76c755ef is present in the local repository, but cached from a remote repository ID that is unavailable in current build context, verifying that is downloadable from [incrementals (https://repo.jenkins-ci.org/incrementals/, default, releases), central (https://repo.maven.apache.org/maven2, default, releases)]
[INFO] Artifact org.jenkins-ci.tools:maven-hpi-plugin:pom:3.1787.vd08d76c755ef is present in the local repository, but cached from a remote repository ID that is unavailable in current build context, verifying that is downloadable from [incrementals (https://repo.jenkins-ci.org/incrementals/, default, releases), central (https://repo.maven.apache.org/maven2, default, releases)]
[WARNING] The POM for org.jenkins-ci.tools:maven-hpi-plugin:jar:3.1787.vd08d76c755ef is missing, no dependency information available
[INFO] Artifact org.jenkins-ci.tools:maven-hpi-plugin:jar:3.1787.vd08d76c755ef is present in the local repository, but cached from a remote repository ID that is unavailable in current build context, verifying that is downloadable from [incrementals (https://repo.jenkins-ci.org/incrementals/, default, releases), central (https://repo.maven.apache.org/maven2, default, releases)]
[INFO] Artifact org.jenkins-ci.tools:maven-hpi-plugin:jar:3.1787.vd08d76c755ef is present in the local repository, but cached from a remote repository ID that is unavailable in current build context, verifying that is downloadable from [incrementals (https://repo.jenkins-ci.org/incrementals/, default, releases), central (https://repo.maven.apache.org/maven2, default, releases)]
[WARNING] Failed to build parent project for org.jenkins-ci.plugins:resource-disposer:hpi:0.26-SNAPSHOT
[INFO] 
[INFO] --------------< org.jenkins-ci.plugins:resource-disposer >--------------
[INFO] Building Resource Disposer Plugin 0.26-SNAPSHOT
[INFO]   from pom.xml
[INFO] --------------------------------[ hpi ]---------------------------------
[INFO] 
[INFO] --- clean:3.5.0:clean (default-clean) @ resource-disposer ---
[INFO] 
[INFO] --- hpi:3.1787.vd08d76c755ef:validate (default-validate) @ resource-disposer ---
[INFO] Created marker file /tmp/plugin-builds/resource-disposer/target/java-level/17
[INFO] 
[INFO] --- hpi:3.1787.vd08d76c755ef:validate-hpi (default-validate-hpi) @ resource-disposer ---
[INFO] 
[INFO] --- enforcer:3.6.2:enforce (display-info) @ resource-disposer ---
[INFO] Rule 0: io.jenkins.tools.incrementals.enforcer.RequireExtensionVersion passed
[INFO] Rule 1: org.apache.maven.enforcer.rules.version.RequireMavenVersion passed
[INFO] Rule 2: org.apache.maven.enforcer.rules.version.RequireJavaVersion passed
[INFO] Rule 3: org.apache.maven.enforcer.rules.RequirePluginVersions passed
[INFO] Rule 4: org.codehaus.mojo.extraenforcer.dependencies.EnforceBytecodeVersion passed
[INFO] Rule 5: org.apache.maven.enforcer.rules.dependency.BannedDependencies passed
[INFO] Rule 6: org.apache.maven.enforcer.rules.dependency.BannedDependencies passed
[INFO] Rule 7: org.apache.maven.enforcer.rules.dependency.RequireUpperBoundDeps passed
[INFO] 
[INFO] --- enforcer:3.6.2:enforce (no-snapshots-in-release) @ resource-disposer ---
[INFO] Rule 0: org.apache.maven.enforcer.rules.dependency.RequireReleaseDeps passed
[INFO] 
[INFO] --- localizer:1.31:generate (default) @ resource-disposer ---
[INFO] 
[INFO] --- enforcer:3.6.2:enforce (check-junit-imports) @ resource-disposer ---
[INFO] Skipping Rule Enforcement.
[INFO] 
[INFO] --- resources:3.4.0:resources (default-resources) @ resource-disposer ---
[INFO] Copying 5 resources from src/main/resources to target/classes
[INFO] 
[INFO] --- flatten:1.7.3:flatten (flatten) @ resource-disposer ---
[INFO] Generating flattened POM of project org.jenkins-ci.plugins:resource-disposer:hpi:0.26-SNAPSHOT...
[INFO] 
[INFO] --- compiler:3.14.1:compile (default-compile) @ resource-disposer ---
[INFO] Recompiling the module because of changed source code.
[INFO] Compiling 2 source files with javac [debug parameters release 17] to target/classes
[INFO] org.jenkinsci.plugins.resourcedisposer.AsyncResourceDisposer indexed under hudson.Extension
[INFO] org.jenkinsci.plugins.resourcedisposer.AsyncResourceDisposer.Scheduler indexed under hudson.Extension
[INFO] /tmp/plugin-builds/resource-disposer/src/main/java/org/jenkinsci/plugins/resourcedisposer/AsyncResourceDisposer.java:[189,25] Generating org/jenkinsci/plugins/resourcedisposer/AsyncResourceDisposer/doStopTracking.stapler
[INFO] 
[INFO] --- access-modifier-checker:1.35:enforce (default-enforce) @ resource-disposer ---
[INFO] 
[INFO] --- bridge-method-injector:1.32:process (default) @ resource-disposer ---
[INFO] 
[INFO] --- hpi:3.1787.vd08d76c755ef:insert-test (default-insert-test) @ resource-disposer ---
[INFO] 
[INFO] --- antrun:3.2.0:run (createTempDir) @ resource-disposer ---
[INFO] Executing tasks
[INFO]     [mkdir] Created dir: /tmp/plugin-builds/resource-disposer/target/tmp
[INFO] Executed tasks
[INFO] 
[INFO] --- resources:3.4.0:testResources (default-testResources) @ resource-disposer ---
[INFO] Not copying test resources
[INFO] 
[INFO] --- compiler:3.14.1:testCompile (default-testCompile) @ resource-disposer ---
[INFO] Not compiling test sources
[INFO] 
[INFO] --- hpi:3.1787.vd08d76c755ef:test-hpl (default-test-hpl) @ resource-disposer ---
[INFO] Generating /tmp/plugin-builds/resource-disposer/target/test-classes/the.hpl
[INFO] 
[INFO] --- hpi:3.1787.vd08d76c755ef:resolve-test-dependencies (default-resolve-test-dependencies) @ resource-disposer ---
[INFO] 
[INFO] --- hpi:3.1787.vd08d76c755ef:test-runtime (default-test-runtime) @ resource-disposer ---
[INFO] Tests are skipped.
[INFO] 
[INFO] --- surefire:3.5.4:test (default-test) @ resource-disposer ---
[INFO] Tests are skipped.
[INFO] 
[INFO] --- license:184.v19c87b_6b_a_9a_c:process (default) @ resource-disposer ---
[INFO] Generated /tmp/plugin-builds/resource-disposer/target/resource-disposer/WEB-INF/licenses.xml
[INFO] 
[INFO] --- hpi:3.1787.vd08d76c755ef:hpi (default-hpi) @ resource-disposer ---
[INFO] Generating /tmp/plugin-builds/resource-disposer/target/resource-disposer/META-INF/MANIFEST.MF
[INFO] Checking for attached .jar artifact ...
[INFO] Generating jar /tmp/plugin-builds/resource-disposer/target/resource-disposer.jar
[INFO] Building jar: /tmp/plugin-builds/resource-disposer/target/resource-disposer.jar
[INFO] Exploding webapp...
[INFO] Copy webapp webResources to /tmp/plugin-builds/resource-disposer/target/resource-disposer
[INFO] Assembling webapp resource-disposer in /tmp/plugin-builds/resource-disposer/target/resource-disposer
[INFO] Generating hpi /tmp/plugin-builds/resource-disposer/target/resource-disposer.hpi
[INFO] Building jar: /tmp/plugin-builds/resource-disposer/target/resource-disposer.hpi
[INFO] 
[INFO] --- jar:3.5.0:test-jar (maybe-test-jar) @ resource-disposer ---
[INFO] Skipping packaging of the test-jar
[INFO] 
[INFO] >>> spotbugs:4.9.8.2:check (spotbugs) > :spotbugs @ resource-disposer >>>
[INFO] 
[INFO] --- spotbugs:4.9.8.2:spotbugs (spotbugs) @ resource-disposer ---
[INFO] Fork Value is true
[INFO] Done SpotBugs Analysis....
[INFO] Skipping com.github.spotbugs:spotbugs-maven-plugin:4.9.8.2:spotbugs report goal
[INFO] 
[INFO] <<< spotbugs:4.9.8.2:check (spotbugs) < :spotbugs @ resource-disposer <<<
[INFO] 
[INFO] 
[INFO] --- spotbugs:4.9.8.2:check (spotbugs) @ resource-disposer ---
[INFO] BugInstance size is 0
[INFO] Error size is 0
[INFO] No errors/warnings found
[INFO] 
[INFO] --- spotless:3.1.0:check (default) @ resource-disposer ---
[INFO] Index file does not exist. Fallback to an empty index
WARNING: A terminally deprecated method in sun.misc.Unsafe has been called
WARNING: sun.misc.Unsafe::staticFieldBase has been called by com.diffplug.spotless.java.ModuleHelper (file:/home/runner/.m2/repository/com/diffplug/spotless/spotless-lib/4.1.0/spotless-lib-4.1.0.jar)
WARNING: Please consider reporting this to the maintainers of class com.diffplug.spotless.java.ModuleHelper
WARNING: sun.misc.Unsafe::staticFieldBase will be removed in a future release
[INFO] Spotless.Java is keeping 5 files clean - 0 needs changes to be clean, 5 were already clean, 0 were skipped because caching determined they were already clean
[INFO] Sorting file /tmp/pom4523219012549244633.xml
[INFO] Pom file is already sorted, exiting
[INFO] Spotless.Pom is keeping 1 files clean - 0 needs changes to be clean, 1 were already clean, 0 were skipped because caching determined they were already clean
[INFO] 
[INFO] --- install:3.1.4:install (default-install) @ resource-disposer ---
[INFO] Installing /tmp/plugin-builds/resource-disposer/target/resource-disposer-0.26-SNAPSHOT.pom to /home/runner/.m2/repository/org/jenkins-ci/plugins/resource-disposer/0.26-SNAPSHOT/resource-disposer-0.26-SNAPSHOT.pom
[INFO] Installing /tmp/plugin-builds/resource-disposer/target/resource-disposer.hpi to /home/runner/.m2/repository/org/jenkins-ci/plugins/resource-disposer/0.26-SNAPSHOT/resource-disposer-0.26-SNAPSHOT.hpi
[INFO] Installing /tmp/plugin-builds/resource-disposer/target/resource-disposer.jar to /home/runner/.m2/repository/org/jenkins-ci/plugins/resource-disposer/0.26-SNAPSHOT/resource-disposer-0.26-SNAPSHOT.jar
[INFO] ------------------------------------------------------------------------
[INFO] BUILD SUCCESS
[INFO] ------------------------------------------------------------------------
[INFO] Total time:  40.003 s
[INFO] Finished at: 2026-01-13T02:15:51Z
[INFO] ------------------------------------------------------------------------
