WARNING: A restricted method in java.lang.System has been called
WARNING: java.lang.System::load has been called by org.fusesource.jansi.internal.JansiLoader in an unnamed module (file:/home/poddingue/.sdkman/candidates/maven/current/lib/jansi-2.4.1.jar)
WARNING: Use --enable-native-access=ALL-UNNAMED to avoid a warning for callers in this module
WARNING: Restricted methods will be blocked in a future release unless native access is enabled

WARNING: A terminally deprecated method in sun.misc.Unsafe has been called
WARNING: sun.misc.Unsafe::objectFieldOffset has been called by com.google.common.util.concurrent.AbstractFuture$UnsafeAtomicHelper (file:/home/poddingue/.sdkman/candidates/maven/current/lib/guava-33.2.1-jre.jar)
WARNING: Please consider reporting this to the maintainers of class com.google.common.util.concurrent.AbstractFuture$UnsafeAtomicHelper
WARNING: sun.misc.Unsafe::objectFieldOffset will be removed in a future release
[INFO] Scanning for projects...
[INFO] 
[INFO] ----------------< org.jenkins-ci.plugins:role-strategy >----------------
[INFO] Building Role-based Authorization Strategy 999999-SNAPSHOT
[INFO]   from pom.xml
[INFO] --------------------------------[ hpi ]---------------------------------
[INFO] 
[INFO] --- clean:3.4.1:clean (default-clean) @ role-strategy ---
[INFO] 
[INFO] --- hpi:3.65:validate (default-validate) @ role-strategy ---
[INFO] Created marker file /tmp/plugin-builds/role-strategy/target/java-level/17
[INFO] 
[INFO] --- hpi:3.65:validate-hpi (default-validate-hpi) @ role-strategy ---
[INFO] 
[INFO] --- enforcer:3.5.0:enforce (display-info) @ role-strategy ---
[INFO] Rule 0: io.jenkins.tools.incrementals.enforcer.RequireExtensionVersion passed
[INFO] Rule 1: org.apache.maven.enforcer.rules.version.RequireMavenVersion passed
[INFO] Rule 2: org.apache.maven.enforcer.rules.version.RequireJavaVersion passed
[INFO] Rule 3: org.codehaus.mojo.extraenforcer.dependencies.EnforceBytecodeVersion passed
[INFO] Rule 4: org.apache.maven.enforcer.rules.dependency.BannedDependencies passed
[INFO] Rule 5: org.apache.maven.enforcer.rules.dependency.BannedDependencies passed
[INFO] Rule 6: org.apache.maven.enforcer.rules.dependency.RequireUpperBoundDeps passed
[INFO] 
[INFO] --- enforcer:3.5.0:enforce (no-snapshots-in-release) @ role-strategy ---
[INFO] Rule 0: org.apache.maven.enforcer.rules.dependency.RequireReleaseDeps passed
[INFO] 
[INFO] --- tidy:1.4.0:check (validate) @ role-strategy ---
[INFO] 
[INFO] --- localizer:1.31:generate (default) @ role-strategy ---
[INFO] 
[INFO] --- resources:3.3.1:resources (default-resources) @ role-strategy ---
[INFO] Copying 43 resources from src/main/resources to target/classes
[INFO] 
[INFO] --- flatten:1.7.0:flatten (flatten) @ role-strategy ---
[INFO] Generating flattened POM of project org.jenkins-ci.plugins:role-strategy:hpi:999999-SNAPSHOT...
[INFO] 
[INFO] --- compiler:3.14.0:compile (default-compile) @ role-strategy ---
[INFO] Recompiling the module because of changed source code.
[INFO] Compiling 32 source files with javac [debug parameters release 17] to target/classes
[INFO] com.michelin.cio.hudson.plugins.rolestrategy.RoleBasedAuthorizationStrategy.DESCRIPTOR indexed under hudson.Extension
[INFO] com.michelin.cio.hudson.plugins.rolestrategy.RoleStrategyConfig indexed under hudson.Extension
[INFO] com.synopsys.arc.jenkins.plugins.rolestrategy.macros.BuildableJobMacro indexed under hudson.Extension
[INFO] com.synopsys.arc.jenkins.plugins.rolestrategy.macros.ContainedInViewMacro indexed under hudson.Extension
[INFO] com.synopsys.arc.jenkins.plugins.rolestrategy.macros.FolderMacro indexed under hudson.Extension
[INFO] org.jenkinsci.plugins.rolestrategy.AmbiguousSidsAdminMonitor indexed under hudson.Extension
[INFO] org.jenkinsci.plugins.rolestrategy.NamingStrategyAdministrativeMonitor indexed under hudson.Extension
[INFO] org.jenkinsci.plugins.rolestrategy.RoleBasedProjectNamingStrategy.DescriptorImpl indexed under hudson.Extension
[INFO] org.jenkinsci.plugins.rolestrategy.casc.RoleBasedAuthorizationStrategyConfigurator indexed under hudson.Extension
[INFO] org.jenkinsci.plugins.rolestrategy.pipeline.UserGlobalRoles.DescriptorImpl indexed under hudson.Extension
[INFO] org.jenkinsci.plugins.rolestrategy.pipeline.UserItemRoles.DescriptorImpl indexed under hudson.Extension
[INFO] /tmp/plugin-builds/role-strategy/src/main/java/com/michelin/cio/hudson/plugins/rolestrategy/PermissionEntry.java:[42,10] Generating com/michelin/cio/hudson/plugins/rolestrategy/PermissionEntry.stapler
[INFO] /tmp/plugin-builds/role-strategy/src/main/java/com/michelin/cio/hudson/plugins/rolestrategy/PermissionTemplate.java:[38,10] Generating com/michelin/cio/hudson/plugins/rolestrategy/PermissionTemplate.stapler
[INFO] /tmp/plugin-builds/role-strategy/src/main/java/com/michelin/cio/hudson/plugins/rolestrategy/Role.java:[108,10] Generating com/michelin/cio/hudson/plugins/rolestrategy/Role.stapler
[INFO] /tmp/plugin-builds/role-strategy/src/main/java/com/michelin/cio/hudson/plugins/rolestrategy/RoleMap.java:[126,10] Generating com/michelin/cio/hudson/plugins/rolestrategy/RoleMap.stapler
[INFO] /tmp/plugin-builds/role-strategy/src/main/java/org/jenkinsci/plugins/rolestrategy/RoleBasedProjectNamingStrategy.java:[49,10] Generating org/jenkinsci/plugins/rolestrategy/RoleBasedProjectNamingStrategy.stapler
[INFO] /tmp/plugin-builds/role-strategy/src/main/java/org/jenkinsci/plugins/rolestrategy/casc/GrantedRoles.java:[42,10] Generating org/jenkinsci/plugins/rolestrategy/casc/GrantedRoles.stapler
[INFO] /tmp/plugin-builds/role-strategy/src/main/java/org/jenkinsci/plugins/rolestrategy/casc/PermissionTemplateDefinition.java:[27,10] Generating org/jenkinsci/plugins/rolestrategy/casc/PermissionTemplateDefinition.stapler
[INFO] /tmp/plugin-builds/role-strategy/src/main/java/org/jenkinsci/plugins/rolestrategy/casc/RoleDefinition.java:[179,12] Generating org/jenkinsci/plugins/rolestrategy/casc/RoleDefinition/RoleDefinitionEntry.stapler
[INFO] /tmp/plugin-builds/role-strategy/src/main/java/org/jenkinsci/plugins/rolestrategy/casc/RoleDefinition.java:[58,10] Generating org/jenkinsci/plugins/rolestrategy/casc/RoleDefinition.stapler
[INFO] /tmp/plugin-builds/role-strategy/src/main/java/org/jenkinsci/plugins/rolestrategy/pipeline/UserGlobalRoles.java:[20,10] Generating org/jenkinsci/plugins/rolestrategy/pipeline/UserGlobalRoles.stapler
[INFO] /tmp/plugin-builds/role-strategy/src/main/java/org/jenkinsci/plugins/rolestrategy/pipeline/UserItemRoles.java:[30,10] Generating org/jenkinsci/plugins/rolestrategy/pipeline/UserItemRoles.stapler
[INFO] /tmp/plugin-builds/role-strategy/src/main/java/com/michelin/cio/hudson/plugins/rolestrategy/RoleBasedAuthorizationStrategy.java:[618,15] Generating com/michelin/cio/hudson/plugins/rolestrategy/RoleBasedAuthorizationStrategy/doAssignUserRole.stapler
[INFO] /tmp/plugin-builds/role-strategy/src/main/java/com/michelin/cio/hudson/plugins/rolestrategy/RoleBasedAuthorizationStrategy.java:[1590,27] Generating com/michelin/cio/hudson/plugins/rolestrategy/RoleBasedAuthorizationStrategy/DescriptorImpl/doCheckName.stapler
[INFO] /tmp/plugin-builds/role-strategy/src/main/java/com/michelin/cio/hudson/plugins/rolestrategy/RoleBasedAuthorizationStrategy.java:[941,15] Generating com/michelin/cio/hudson/plugins/rolestrategy/RoleBasedAuthorizationStrategy/doGetAllRoles.stapler
[INFO] /tmp/plugin-builds/role-strategy/src/main/java/com/michelin/cio/hudson/plugins/rolestrategy/RoleBasedAuthorizationStrategy.java:[590,15] Generating com/michelin/cio/hudson/plugins/rolestrategy/RoleBasedAuthorizationStrategy/doAssignRole.stapler
[INFO] /tmp/plugin-builds/role-strategy/src/main/java/com/michelin/cio/hudson/plugins/rolestrategy/RoleBasedAuthorizationStrategy.java:[998,15] Generating com/michelin/cio/hudson/plugins/rolestrategy/RoleBasedAuthorizationStrategy/doGetMatchingAgents.stapler
[INFO] /tmp/plugin-builds/role-strategy/src/main/java/com/michelin/cio/hudson/plugins/rolestrategy/RoleBasedAuthorizationStrategy.java:[889,15] Generating com/michelin/cio/hudson/plugins/rolestrategy/RoleBasedAuthorizationStrategy/doGetRole.stapler
[INFO] /tmp/plugin-builds/role-strategy/src/main/java/com/michelin/cio/hudson/plugins/rolestrategy/RoleBasedAuthorizationStrategy.java:[835,15] Generating com/michelin/cio/hudson/plugins/rolestrategy/RoleBasedAuthorizationStrategy/doGetTemplate.stapler
[INFO] /tmp/plugin-builds/role-strategy/src/main/java/com/michelin/cio/hudson/plugins/rolestrategy/RoleBasedAuthorizationStrategy.java:[770,15] Generating com/michelin/cio/hudson/plugins/rolestrategy/RoleBasedAuthorizationStrategy/doUnassignUserRole.stapler
[INFO] /tmp/plugin-builds/role-strategy/src/main/java/com/michelin/cio/hudson/plugins/rolestrategy/RoleBasedAuthorizationStrategy.java:[673,15] Generating com/michelin/cio/hudson/plugins/rolestrategy/RoleBasedAuthorizationStrategy/doDeleteSid.stapler
[INFO] /tmp/plugin-builds/role-strategy/src/main/java/com/michelin/cio/hudson/plugins/rolestrategy/RoleBasedAuthorizationStrategy.java:[1570,27] Generating com/michelin/cio/hudson/plugins/rolestrategy/RoleBasedAuthorizationStrategy/DescriptorImpl/doCheckPattern.stapler
[INFO] /tmp/plugin-builds/role-strategy/src/main/java/com/michelin/cio/hudson/plugins/rolestrategy/RoleBasedAuthorizationStrategy.java:[556,15] Generating com/michelin/cio/hudson/plugins/rolestrategy/RoleBasedAuthorizationStrategy/doRemoveRoles.stapler
[INFO] /tmp/plugin-builds/role-strategy/src/main/java/com/michelin/cio/hudson/plugins/rolestrategy/RoleBasedAuthorizationStrategy.java:[646,15] Generating com/michelin/cio/hudson/plugins/rolestrategy/RoleBasedAuthorizationStrategy/doAssignGroupRole.stapler
[INFO] /tmp/plugin-builds/role-strategy/src/main/java/com/michelin/cio/hudson/plugins/rolestrategy/RoleBasedAuthorizationStrategy.java:[694,15] Generating com/michelin/cio/hudson/plugins/rolestrategy/RoleBasedAuthorizationStrategy/doDeleteUser.stapler
[INFO] /tmp/plugin-builds/role-strategy/src/main/java/com/michelin/cio/hudson/plugins/rolestrategy/RoleBasedAuthorizationStrategy.java:[499,15] Generating com/michelin/cio/hudson/plugins/rolestrategy/RoleBasedAuthorizationStrategy/doAddRole.stapler
[INFO] /tmp/plugin-builds/role-strategy/src/main/java/com/michelin/cio/hudson/plugins/rolestrategy/RoleBasedAuthorizationStrategy.java:[798,15] Generating com/michelin/cio/hudson/plugins/rolestrategy/RoleBasedAuthorizationStrategy/doUnassignGroupRole.stapler
[INFO] /tmp/plugin-builds/role-strategy/src/main/java/com/michelin/cio/hudson/plugins/rolestrategy/RoleBasedAuthorizationStrategy.java:[454,15] Generating com/michelin/cio/hudson/plugins/rolestrategy/RoleBasedAuthorizationStrategy/doRemoveTemplates.stapler
[INFO] /tmp/plugin-builds/role-strategy/src/main/java/com/michelin/cio/hudson/plugins/rolestrategy/RoleBasedAuthorizationStrategy.java:[425,15] Generating com/michelin/cio/hudson/plugins/rolestrategy/RoleBasedAuthorizationStrategy/doAddTemplate.stapler
[INFO] /tmp/plugin-builds/role-strategy/src/main/java/com/michelin/cio/hudson/plugins/rolestrategy/RoleBasedAuthorizationStrategy.java:[971,15] Generating com/michelin/cio/hudson/plugins/rolestrategy/RoleBasedAuthorizationStrategy/doGetMatchingJobs.stapler
[INFO] /tmp/plugin-builds/role-strategy/src/main/java/com/michelin/cio/hudson/plugins/rolestrategy/RoleBasedAuthorizationStrategy.java:[1260,27] Generating com/michelin/cio/hudson/plugins/rolestrategy/RoleBasedAuthorizationStrategy/DescriptorImpl/doCheckForWhitespace.stapler
[INFO] /tmp/plugin-builds/role-strategy/src/main/java/com/michelin/cio/hudson/plugins/rolestrategy/RoleBasedAuthorizationStrategy.java:[715,15] Generating com/michelin/cio/hudson/plugins/rolestrategy/RoleBasedAuthorizationStrategy/doDeleteGroup.stapler
[INFO] /tmp/plugin-builds/role-strategy/src/main/java/com/michelin/cio/hudson/plugins/rolestrategy/RoleBasedAuthorizationStrategy.java:[742,15] Generating com/michelin/cio/hudson/plugins/rolestrategy/RoleBasedAuthorizationStrategy/doUnassignRole.stapler
[INFO] /tmp/plugin-builds/role-strategy/src/main/java/com/michelin/cio/hudson/plugins/rolestrategy/RoleBasedAuthorizationStrategy.java: Some input files use or override a deprecated API.
[INFO] /tmp/plugin-builds/role-strategy/src/main/java/com/michelin/cio/hudson/plugins/rolestrategy/RoleBasedAuthorizationStrategy.java: Recompile with -Xlint:deprecation for details.
[INFO] /tmp/plugin-builds/role-strategy/src/main/java/com/michelin/cio/hudson/plugins/rolestrategy/RoleBasedAuthorizationStrategy.java: /tmp/plugin-builds/role-strategy/src/main/java/com/michelin/cio/hudson/plugins/rolestrategy/RoleBasedAuthorizationStrategy.java uses unchecked or unsafe operations.
[INFO] /tmp/plugin-builds/role-strategy/src/main/java/com/michelin/cio/hudson/plugins/rolestrategy/RoleBasedAuthorizationStrategy.java: Recompile with -Xlint:unchecked for details.
[INFO] 
[INFO] --- checkstyle:3.6.0:checkstyle (compile-checkstyle) @ role-strategy ---
[INFO] Skipping org.apache.maven.plugins:maven-checkstyle-plugin:3.6.0:checkstyle report goal
[INFO] 
[INFO] --- access-modifier-checker:1.35:enforce (default-enforce) @ role-strategy ---
[INFO] Skipping access modifier checks
[INFO] 
[INFO] --- bridge-method-injector:1.31:process (default) @ role-strategy ---
[INFO] 
[INFO] --- hpi:3.65:insert-test (default-insert-test) @ role-strategy ---
[INFO] 
[INFO] --- antrun:3.1.0:run (createTempDir) @ role-strategy ---
[INFO] Executing tasks
[INFO]     [mkdir] Created dir: /tmp/plugin-builds/role-strategy/target/tmp
[INFO] Executed tasks
[INFO] 
[INFO] --- resources:3.3.1:testResources (default-testResources) @ role-strategy ---
[INFO] Copying 36 resources from src/test/resources to target/test-classes
[INFO] 
[INFO] --- compiler:3.14.0:testCompile (default-testCompile) @ role-strategy ---
[INFO] Recompiling the module because of changed dependency.
[INFO] Compiling 27 source files with javac [debug parameters release 17] to target/test-classes
[INFO] /tmp/plugin-builds/role-strategy/src/test/java/com/michelin/cio/hudson/plugins/rolestrategy/ApiTest.java: Some input files use or override a deprecated API.
[INFO] /tmp/plugin-builds/role-strategy/src/test/java/com/michelin/cio/hudson/plugins/rolestrategy/ApiTest.java: Recompile with -Xlint:deprecation for details.
[INFO] /tmp/plugin-builds/role-strategy/src/test/java/jmh/benchmarks/FolderAccessBenchmark.java: /tmp/plugin-builds/role-strategy/src/test/java/jmh/benchmarks/FolderAccessBenchmark.java uses unchecked or unsafe operations.
[INFO] /tmp/plugin-builds/role-strategy/src/test/java/jmh/benchmarks/FolderAccessBenchmark.java: Recompile with -Xlint:unchecked for details.
[INFO] 
[INFO] --- hpi:3.65:test-hpl (default-test-hpl) @ role-strategy ---
[INFO] Generating /tmp/plugin-builds/role-strategy/target/test-classes/the.hpl
[INFO] 
[INFO] --- hpi:3.65:resolve-test-dependencies (default-resolve-test-dependencies) @ role-strategy ---
[INFO] 
[INFO] --- hpi:3.65:test-runtime (default-test-runtime) @ role-strategy ---
[INFO] Tests are skipped.
[INFO] 
[INFO] --- surefire:3.5.3:test (default-test) @ role-strategy ---
[INFO] Tests are skipped.
[INFO] 
[INFO] --- checkstyle:3.6.0:check (test-check) @ role-strategy ---
[INFO] 
[INFO] --- license:165.v7e11f4e4a_325:process (default) @ role-strategy ---
[INFO] ------------------------------------------------------------------------
[INFO] BUILD FAILURE
[INFO] ------------------------------------------------------------------------
[INFO] Total time:  11.805 s
[INFO] Finished at: 2025-05-22T12:58:32+02:00
[INFO] ------------------------------------------------------------------------
---------------------------------------------------
constituent[0]: file:/home/poddingue/.sdkman/candidates/maven/current/conf/logging/
constituent[1]: file:/home/poddingue/.sdkman/candidates/maven/current/lib/plexus-cipher-2.0.jar
constituent[2]: file:/home/poddingue/.sdkman/candidates/maven/current/lib/maven-shared-utils-3.4.2.jar
constituent[3]: file:/home/poddingue/.sdkman/candidates/maven/current/lib/wagon-provider-api-3.5.3.jar
constituent[4]: file:/home/poddingue/.sdkman/candidates/maven/current/lib/guice-5.1.0.jar
constituent[5]: file:/home/poddingue/.sdkman/candidates/maven/current/lib/httpclient-4.5.14.jar
constituent[6]: file:/home/poddingue/.sdkman/candidates/maven/current/lib/slf4j-api-1.7.36.jar
constituent[7]: file:/home/poddingue/.sdkman/candidates/maven/current/lib/commons-codec-1.17.1.jar
constituent[8]: file:/home/poddingue/.sdkman/candidates/maven/current/lib/maven-resolver-impl-1.9.22.jar
constituent[9]: file:/home/poddingue/.sdkman/candidates/maven/current/lib/maven-resolver-named-locks-1.9.22.jar
constituent[10]: file:/home/poddingue/.sdkman/candidates/maven/current/lib/maven-resolver-util-1.9.22.jar
constituent[11]: file:/home/poddingue/.sdkman/candidates/maven/current/lib/maven-resolver-transport-http-1.9.22.jar
constituent[12]: file:/home/poddingue/.sdkman/candidates/maven/current/lib/plexus-sec-dispatcher-2.0.jar
constituent[13]: file:/home/poddingue/.sdkman/candidates/maven/current/lib/maven-resolver-api-1.9.22.jar
constituent[14]: file:/home/poddingue/.sdkman/candidates/maven/current/lib/guava-33.2.1-jre.jar
constituent[15]: file:/home/poddingue/.sdkman/candidates/maven/current/lib/maven-settings-3.9.9.jar
constituent[16]: file:/home/poddingue/.sdkman/candidates/maven/current/lib/maven-resolver-transport-file-1.9.22.jar
constituent[17]: file:/home/poddingue/.sdkman/candidates/maven/current/lib/wagon-http-shared-3.5.3.jar
constituent[18]: file:/home/poddingue/.sdkman/candidates/maven/current/lib/maven-resolver-transport-wagon-1.9.22.jar
constituent[19]: file:/home/poddingue/.sdkman/candidates/maven/current/lib/plexus-interpolation-1.27.jar
constituent[20]: file:/home/poddingue/.sdkman/candidates/maven/current/lib/maven-model-3.9.9.jar
constituent[21]: file:/home/poddingue/.sdkman/candidates/maven/current/lib/maven-settings-builder-3.9.9.jar
constituent[22]: file:/home/poddingue/.sdkman/candidates/maven/current/lib/jansi-2.4.1.jar
constituent[23]: file:/home/poddingue/.sdkman/candidates/maven/current/lib/commons-cli-1.8.0.jar
constituent[24]: file:/home/poddingue/.sdkman/candidates/maven/current/lib/httpcore-4.4.16.jar
constituent[25]: file:/home/poddingue/.sdkman/candidates/maven/current/lib/maven-builder-support-3.9.9.jar
constituent[26]: file:/home/poddingue/.sdkman/candidates/maven/current/lib/maven-embedder-3.9.9.jar
constituent[27]: file:/home/poddingue/.sdkman/candidates/maven/current/lib/maven-artifact-3.9.9.jar
constituent[28]: file:/home/poddingue/.sdkman/candidates/maven/current/lib/maven-compat-3.9.9.jar
constituent[29]: file:/home/poddingue/.sdkman/candidates/maven/current/lib/wagon-http-3.5.3.jar
constituent[30]: file:/home/poddingue/.sdkman/candidates/maven/current/lib/maven-model-builder-3.9.9.jar
constituent[31]: file:/home/poddingue/.sdkman/candidates/maven/current/lib/aopalliance-1.0.jar
constituent[32]: file:/home/poddingue/.sdkman/candidates/maven/current/lib/maven-slf4j-provider-3.9.9.jar
constituent[33]: file:/home/poddingue/.sdkman/candidates/maven/current/lib/maven-resolver-connector-basic-1.9.22.jar
constituent[34]: file:/home/poddingue/.sdkman/candidates/maven/current/lib/maven-plugin-api-3.9.9.jar
constituent[35]: file:/home/poddingue/.sdkman/candidates/maven/current/lib/javax.annotation-api-1.3.2.jar
constituent[36]: file:/home/poddingue/.sdkman/candidates/maven/current/lib/org.eclipse.sisu.inject-0.9.0.M3.jar
constituent[37]: file:/home/poddingue/.sdkman/candidates/maven/current/lib/jcl-over-slf4j-1.7.36.jar
constituent[38]: file:/home/poddingue/.sdkman/candidates/maven/current/lib/plexus-xml-3.0.1.jar
constituent[39]: file:/home/poddingue/.sdkman/candidates/maven/current/lib/plexus-utils-3.5.1.jar
constituent[40]: file:/home/poddingue/.sdkman/candidates/maven/current/lib/maven-resolver-provider-3.9.9.jar
constituent[41]: file:/home/poddingue/.sdkman/candidates/maven/current/lib/org.eclipse.sisu.plexus-0.9.0.M3.jar
constituent[42]: file:/home/poddingue/.sdkman/candidates/maven/current/lib/maven-resolver-spi-1.9.22.jar
constituent[43]: file:/home/poddingue/.sdkman/candidates/maven/current/lib/javax.inject-1.jar
constituent[44]: file:/home/poddingue/.sdkman/candidates/maven/current/lib/maven-core-3.9.9.jar
constituent[45]: file:/home/poddingue/.sdkman/candidates/maven/current/lib/wagon-file-3.5.3.jar
constituent[46]: file:/home/poddingue/.sdkman/candidates/maven/current/lib/plexus-component-annotations-2.1.0.jar
constituent[47]: file:/home/poddingue/.sdkman/candidates/maven/current/lib/failureaccess-1.0.2.jar
constituent[48]: file:/home/poddingue/.sdkman/candidates/maven/current/lib/maven-repository-metadata-3.9.9.jar
---------------------------------------------------
Exception in thread "main" BUG! exception in phase 'semantic analysis' in source unit 'inlineScript' Unsupported class file major version 69
	at org.codehaus.groovy.control.CompilationUnit$ISourceUnitOperation.doPhaseOperation(CompilationUnit.java:901)
	at org.codehaus.groovy.control.CompilationUnit.processPhaseOperations(CompilationUnit.java:692)
	at org.codehaus.groovy.control.CompilationUnit.compile(CompilationUnit.java:666)
	at groovy.lang.GroovyClassLoader.doParseClass(GroovyClassLoader.java:365)
	at groovy.lang.GroovyClassLoader.lambda$parseClass$2(GroovyClassLoader.java:314)
	at org.codehaus.groovy.runtime.memoize.StampedCommonCache.compute(StampedCommonCache.java:163)
	at org.codehaus.groovy.runtime.memoize.StampedCommonCache.getAndPut(StampedCommonCache.java:154)
	at groovy.lang.GroovyClassLoader.parseClass(GroovyClassLoader.java:314)
	at groovy.lang.GroovyShell.parseClass(GroovyShell.java:572)
	at groovy.lang.GroovyShell.parse(GroovyShell.java:585)
	at groovy.lang.GroovyShell.parse(GroovyShell.java:639)
	at groovy.lang.GroovyShell.parse(GroovyShell.java:643)
	at com.cloudbees.maven.license.ProcessMojo.execute(ProcessMojo.java:154)
	at org.apache.maven.plugin.DefaultBuildPluginManager.executeMojo(DefaultBuildPluginManager.java:126)
	at org.apache.maven.lifecycle.internal.MojoExecutor.doExecute2(MojoExecutor.java:328)
	at org.apache.maven.lifecycle.internal.MojoExecutor.doExecute(MojoExecutor.java:316)
	at org.apache.maven.lifecycle.internal.MojoExecutor.execute(MojoExecutor.java:212)
	at org.apache.maven.lifecycle.internal.MojoExecutor.execute(MojoExecutor.java:174)
	at org.apache.maven.lifecycle.internal.MojoExecutor.access$000(MojoExecutor.java:75)
	at org.apache.maven.lifecycle.internal.MojoExecutor$1.run(MojoExecutor.java:162)
	at org.apache.maven.plugin.DefaultMojosExecutionStrategy.execute(DefaultMojosExecutionStrategy.java:39)
	at org.apache.maven.lifecycle.internal.MojoExecutor.execute(MojoExecutor.java:159)
	at org.apache.maven.lifecycle.internal.LifecycleModuleBuilder.buildProject(LifecycleModuleBuilder.java:105)
	at org.apache.maven.lifecycle.internal.LifecycleModuleBuilder.buildProject(LifecycleModuleBuilder.java:73)
	at org.apache.maven.lifecycle.internal.builder.singlethreaded.SingleThreadedBuilder.build(SingleThreadedBuilder.java:53)
	at org.apache.maven.lifecycle.internal.LifecycleStarter.execute(LifecycleStarter.java:118)
	at org.apache.maven.DefaultMaven.doExecute(DefaultMaven.java:261)
	at org.apache.maven.DefaultMaven.doExecute(DefaultMaven.java:173)
	at org.apache.maven.DefaultMaven.execute(DefaultMaven.java:101)
	at org.apache.maven.cli.MavenCli.execute(MavenCli.java:906)
	at org.apache.maven.cli.MavenCli.doMain(MavenCli.java:283)
	at org.apache.maven.cli.MavenCli.main(MavenCli.java:206)
	at java.base/jdk.internal.reflect.DirectMethodHandleAccessor.invoke(DirectMethodHandleAccessor.java:104)
	at java.base/java.lang.reflect.Method.invoke(Method.java:565)
	at org.codehaus.plexus.classworlds.launcher.Launcher.launchEnhanced(Launcher.java:255)
	at org.codehaus.plexus.classworlds.launcher.Launcher.launch(Launcher.java:201)
	at org.codehaus.plexus.classworlds.launcher.Launcher.mainWithExitCode(Launcher.java:361)
	at org.codehaus.plexus.classworlds.launcher.Launcher.main(Launcher.java:314)
Caused by: java.lang.IllegalArgumentException: Unsupported class file major version 69
	at groovyjarjarasm.asm.ClassReader.<init>(ClassReader.java:200)
	at groovyjarjarasm.asm.ClassReader.<init>(ClassReader.java:180)
	at groovyjarjarasm.asm.ClassReader.<init>(ClassReader.java:166)
	at groovyjarjarasm.asm.ClassReader.<init>(ClassReader.java:288)
	at org.codehaus.groovy.ast.decompiled.AsmDecompiler.parseClass(AsmDecompiler.java:83)
	at org.codehaus.groovy.control.ClassNodeResolver.findDecompiled(ClassNodeResolver.java:255)
	at org.codehaus.groovy.control.ClassNodeResolver.tryAsLoaderClassOrScript(ClassNodeResolver.java:193)
	at org.codehaus.groovy.control.ClassNodeResolver.findClassNode(ClassNodeResolver.java:175)
	at org.codehaus.groovy.control.ClassNodeResolver.resolveName(ClassNodeResolver.java:129)
	at org.codehaus.groovy.control.ResolveVisitor.resolveToOuter(ResolveVisitor.java:782)
	at org.codehaus.groovy.control.ResolveVisitor.resolve(ResolveVisitor.java:423)
	at org.codehaus.groovy.control.ResolveVisitor.resolveFromDefaultImports(ResolveVisitor.java:577)
	at org.codehaus.groovy.control.ResolveVisitor.resolveFromDefaultImports(ResolveVisitor.java:541)
	at org.codehaus.groovy.control.ResolveVisitor.resolve(ResolveVisitor.java:422)
	at org.codehaus.groovy.control.ResolveVisitor.resolve(ResolveVisitor.java:384)
	at org.codehaus.groovy.control.ResolveVisitor.resolveOrFail(ResolveVisitor.java:352)
	at org.codehaus.groovy.control.ResolveVisitor.resolveOrFail(ResolveVisitor.java:341)
	at org.codehaus.groovy.control.ResolveVisitor.resolveOrFail(ResolveVisitor.java:337)
	at org.codehaus.groovy.control.ResolveVisitor.transform(ResolveVisitor.java:817)
	at org.codehaus.groovy.control.ResolveVisitor.transformDeclarationExpression(ResolveVisitor.java:1173)
	at org.codehaus.groovy.control.ResolveVisitor.transform(ResolveVisitor.java:805)
	at org.codehaus.groovy.ast.ClassCodeExpressionTransformer.visitExpressionStatement(ClassCodeExpressionTransformer.java:129)
	at org.codehaus.groovy.ast.stmt.ExpressionStatement.visit(ExpressionStatement.java:41)
	at org.codehaus.groovy.ast.CodeVisitorSupport.visitBlockStatement(CodeVisitorSupport.java:86)
	at org.codehaus.groovy.ast.ClassCodeVisitorSupport.visitBlockStatement(ClassCodeVisitorSupport.java:168)
	at org.codehaus.groovy.control.ResolveVisitor.visitBlockStatement(ResolveVisitor.java:1386)
	at org.codehaus.groovy.ast.stmt.BlockStatement.visit(BlockStatement.java:72)
	at org.codehaus.groovy.control.ResolveVisitor.transformClosureExpression(ResolveVisitor.java:1125)
	at org.codehaus.groovy.control.ResolveVisitor.transform(ResolveVisitor.java:811)
	at org.codehaus.groovy.ast.expr.Expression.transformExpressions(Expression.java:49)
	at org.codehaus.groovy.ast.expr.ArgumentListExpression.transformExpression(ArgumentListExpression.java:67)
	at org.codehaus.groovy.control.ResolveVisitor.transform(ResolveVisitor.java:818)
	at org.codehaus.groovy.control.ResolveVisitor.transformMethodCallExpression(ResolveVisitor.java:1147)
	at org.codehaus.groovy.control.ResolveVisitor.transform(ResolveVisitor.java:809)
	at org.codehaus.groovy.ast.ClassCodeExpressionTransformer.visitExpressionStatement(ClassCodeExpressionTransformer.java:129)
	at org.codehaus.groovy.ast.stmt.ExpressionStatement.visit(ExpressionStatement.java:41)
	at org.codehaus.groovy.ast.CodeVisitorSupport.visitBlockStatement(CodeVisitorSupport.java:86)
	at org.codehaus.groovy.ast.ClassCodeVisitorSupport.visitBlockStatement(ClassCodeVisitorSupport.java:168)
	at org.codehaus.groovy.control.ResolveVisitor.visitBlockStatement(ResolveVisitor.java:1386)
	at org.codehaus.groovy.ast.stmt.BlockStatement.visit(BlockStatement.java:72)
	at org.codehaus.groovy.ast.ClassCodeVisitorSupport.visitClassCodeContainer(ClassCodeVisitorSupport.java:142)
	at org.codehaus.groovy.ast.ClassCodeVisitorSupport.visitConstructorOrMethod(ClassCodeVisitorSupport.java:115)
	at org.codehaus.groovy.ast.ClassCodeExpressionTransformer.visitConstructorOrMethod(ClassCodeExpressionTransformer.java:87)
	at org.codehaus.groovy.control.ResolveVisitor.visitConstructorOrMethod(ResolveVisitor.java:329)
	at org.codehaus.groovy.ast.ClassCodeVisitorSupport.visitMethod(ClassCodeVisitorSupport.java:110)
	at org.codehaus.groovy.ast.ClassNode.visitMethods(ClassNode.java:1132)
	at org.codehaus.groovy.ast.ClassNode.visitContents(ClassNode.java:1125)
	at org.codehaus.groovy.control.ResolveVisitor.visitClass(ResolveVisitor.java:1315)
	at org.codehaus.groovy.control.ResolveVisitor.startResolving(ResolveVisitor.java:258)
	at org.codehaus.groovy.control.CompilationUnit.lambda$addPhaseOperations$4(CompilationUnit.java:218)
	at org.codehaus.groovy.control.CompilationUnit$ISourceUnitOperation.doPhaseOperation(CompilationUnit.java:897)
	... 37 more
