WARNING: A terminally deprecated method in sun.misc.Unsafe has been called
WARNING: sun.misc.Unsafe::staticFieldBase has been called by com.google.inject.internal.aop.HiddenClassDefiner (file:/usr/share/apache-maven-3.9.11/lib/guice-5.1.0-classes.jar)
WARNING: Please consider reporting this to the maintainers of class com.google.inject.internal.aop.HiddenClassDefiner
WARNING: sun.misc.Unsafe::staticFieldBase will be removed in a future release
[INFO] Scanning for projects...
[INFO] Artifact org.jenkins-ci.tools:maven-hpi-plugin:pom:3.1746.v2e9fe7dc4d95 is present in the local repository, but cached from a remote repository ID that is unavailable in current build context, verifying that is downloadable from [incrementals (https://repo.jenkins-ci.org/incrementals/, default, releases), central (https://repo.maven.apache.org/maven2, default, releases)]
[INFO] Artifact org.jenkins-ci.tools:maven-hpi-plugin:pom:3.1746.v2e9fe7dc4d95 is present in the local repository, but cached from a remote repository ID that is unavailable in current build context, verifying that is downloadable from [incrementals (https://repo.jenkins-ci.org/incrementals/, default, releases), central (https://repo.maven.apache.org/maven2, default, releases)]
[WARNING] The POM for org.jenkins-ci.tools:maven-hpi-plugin:jar:3.1746.v2e9fe7dc4d95 is missing, no dependency information available
[INFO] Artifact org.jenkins-ci.tools:maven-hpi-plugin:jar:3.1746.v2e9fe7dc4d95 is present in the local repository, but cached from a remote repository ID that is unavailable in current build context, verifying that is downloadable from [incrementals (https://repo.jenkins-ci.org/incrementals/, default, releases), central (https://repo.maven.apache.org/maven2, default, releases)]
[INFO] Artifact org.jenkins-ci.tools:maven-hpi-plugin:jar:3.1746.v2e9fe7dc4d95 is present in the local repository, but cached from a remote repository ID that is unavailable in current build context, verifying that is downloadable from [incrementals (https://repo.jenkins-ci.org/incrementals/, default, releases), central (https://repo.maven.apache.org/maven2, default, releases)]
[WARNING] Failed to build parent project for org.jenkins-ci.plugins:run-condition:hpi:999999-SNAPSHOT
[INFO] 
[INFO] ----------------< org.jenkins-ci.plugins:run-condition >----------------
[INFO] Building Run Condition Plugin 999999-SNAPSHOT
[INFO]   from pom.xml
[INFO] --------------------------------[ hpi ]---------------------------------
[INFO] 
[INFO] --- clean:3.5.0:clean (default-clean) @ run-condition ---
[INFO] 
[INFO] --- hpi:3.1746.v2e9fe7dc4d95:validate (default-validate) @ run-condition ---
[INFO] Created marker file /tmp/plugin-builds/run-condition/target/java-level/17
[INFO] 
[INFO] --- hpi:3.1746.v2e9fe7dc4d95:validate-hpi (default-validate-hpi) @ run-condition ---
[INFO] 
[INFO] --- enforcer:3.6.1:enforce (display-info) @ run-condition ---
[INFO] Rule 0: io.jenkins.tools.incrementals.enforcer.RequireExtensionVersion passed
[INFO] Rule 1: org.apache.maven.enforcer.rules.version.RequireMavenVersion passed
[INFO] Rule 2: org.apache.maven.enforcer.rules.version.RequireJavaVersion passed
[INFO] Rule 3: org.codehaus.mojo.extraenforcer.dependencies.EnforceBytecodeVersion passed
[INFO] Rule 4: org.apache.maven.enforcer.rules.dependency.BannedDependencies passed
[INFO] Rule 5: org.apache.maven.enforcer.rules.dependency.BannedDependencies passed
[INFO] Ignoring requireUpperBoundDeps in org.ow2.asm:asm
[INFO] Rule 6: org.apache.maven.enforcer.rules.dependency.RequireUpperBoundDeps passed
[INFO] 
[INFO] --- enforcer:3.6.1:enforce (no-snapshots-in-release) @ run-condition ---
[INFO] Rule 0: org.apache.maven.enforcer.rules.dependency.RequireReleaseDeps passed
[INFO] 
[INFO] --- localizer:1.31:generate (default) @ run-condition ---
[INFO] 
[INFO] --- enforcer:3.6.1:enforce (check-junit-imports) @ run-condition ---
[INFO] Skipping Rule Enforcement.
[INFO] 
[INFO] --- resources:3.3.1:resources (default-resources) @ run-condition ---
[INFO] Copying 84 resources from src/main/resources to target/classes
[INFO] 
[INFO] --- flatten:1.7.2:flatten (flatten) @ run-condition ---
[INFO] Generating flattened POM of project org.jenkins-ci.plugins:run-condition:hpi:999999-SNAPSHOT...
[INFO] 
[INFO] --- compiler:3.14.0:compile (default-compile) @ run-condition ---
[INFO] Recompiling the module because of changed source code.
[INFO] Compiling 30 source files with javac [debug parameters release 17] to target/classes
[INFO] org.jenkins_ci.plugins.run_condition.BuildStepRunner.Fail.FailDescriptor indexed under hudson.Extension
[INFO] org.jenkins_ci.plugins.run_condition.BuildStepRunner.Unstable.UnstableDescriptor indexed under hudson.Extension
[INFO] org.jenkins_ci.plugins.run_condition.BuildStepRunner.RunUnstable.RunUnstableDescriptor indexed under hudson.Extension
[INFO] org.jenkins_ci.plugins.run_condition.BuildStepRunner.Run.RunDescriptor indexed under hudson.Extension
[INFO] org.jenkins_ci.plugins.run_condition.BuildStepRunner.DontRun.DontRunDescriptor indexed under hudson.Extension
[INFO] org.jenkins_ci.plugins.run_condition.common.BaseDirectory.Workspace.WorkspaceDescriptor indexed under hudson.Extension
[INFO] org.jenkins_ci.plugins.run_condition.common.BaseDirectory.ArtifactsDir.ArtifactsDirDescriptor indexed under hudson.Extension
[INFO] org.jenkins_ci.plugins.run_condition.common.BaseDirectory.JenkinsHome.JenkinsHomeDescriptor indexed under hudson.Extension
[INFO] org.jenkins_ci.plugins.run_condition.contributed.BatchFileCondition.BatchFileConditionDescriptor indexed under hudson.Extension
[INFO] org.jenkins_ci.plugins.run_condition.contributed.ShellCondition.ShellConditionDescriptor indexed under hudson.Extension
[INFO] org.jenkins_ci.plugins.run_condition.core.AlwaysRun.AlwaysRunDescriptor indexed under hudson.Extension
[INFO] org.jenkins_ci.plugins.run_condition.core.BooleanCondition.BooleanConditionDescriptor indexed under hudson.Extension
[INFO] org.jenkins_ci.plugins.run_condition.core.CauseCondition.CauseConditionDescriptor indexed under hudson.Extension
[INFO] org.jenkins_ci.plugins.run_condition.core.DayCondition.DayConditionDescriptor indexed under hudson.Extension
[INFO] org.jenkins_ci.plugins.run_condition.core.DayCondition.Weekday.WeekdayDescriptor indexed under hudson.Extension
[INFO] org.jenkins_ci.plugins.run_condition.core.DayCondition.Weekend.WeekendDescriptor indexed under hudson.Extension
[INFO] org.jenkins_ci.plugins.run_condition.core.DayCondition.SelectDays.SelectDaysDescriptor indexed under hudson.Extension
[INFO] org.jenkins_ci.plugins.run_condition.core.DayCondition.Day.DayDescriptor indexed under hudson.Extension
[INFO] org.jenkins_ci.plugins.run_condition.core.ExpressionCondition.ExpressionConditionDescriptor indexed under hudson.Extension
[INFO] org.jenkins_ci.plugins.run_condition.core.FileExistsCondition.FileExistsConditionDescriptor indexed under hudson.Extension
[INFO] org.jenkins_ci.plugins.run_condition.core.FilesMatchCondition.FilesMatchConditionDescriptor indexed under hudson.Extension
[INFO] org.jenkins_ci.plugins.run_condition.core.NeverRun.NeverRunDescriptor indexed under hudson.Extension
[INFO] org.jenkins_ci.plugins.run_condition.core.NodeCondition.NodeConditionDescriptor indexed under hudson.Extension
[INFO] org.jenkins_ci.plugins.run_condition.core.NumericalComparisonCondition.NumericalComparisonConditionDescriptor indexed under hudson.Extension
[INFO] org.jenkins_ci.plugins.run_condition.core.NumericalComparisonCondition.LessThan.LessThanDescriptor indexed under hudson.Extension
[INFO] org.jenkins_ci.plugins.run_condition.core.NumericalComparisonCondition.GreaterThan.GreaterThanDescriptor indexed under hudson.Extension
[INFO] org.jenkins_ci.plugins.run_condition.core.NumericalComparisonCondition.EqualTo.EqualToDescriptor indexed under hudson.Extension
[INFO] org.jenkins_ci.plugins.run_condition.core.NumericalComparisonCondition.NotEqualTo.NotEqualToDescriptor indexed under hudson.Extension
[INFO] org.jenkins_ci.plugins.run_condition.core.NumericalComparisonCondition.LessThanOrEqualTo.LessThanOrEqualToDescriptor indexed under hudson.Extension
[INFO] org.jenkins_ci.plugins.run_condition.core.NumericalComparisonCondition.GreaterThanOrEqualTo.GreaterThanOrEqualToDescriptor indexed under hudson.Extension
[INFO] org.jenkins_ci.plugins.run_condition.core.StatusCondition.StatusConditionDescriptor indexed under hudson.Extension
[INFO] org.jenkins_ci.plugins.run_condition.core.StringsMatchCondition.StringsMatchDescriptor indexed under hudson.Extension
[INFO] org.jenkins_ci.plugins.run_condition.core.TimeCondition.TimeConditionDescriptor indexed under hudson.Extension
[INFO] org.jenkins_ci.plugins.run_condition.core.VariableExistsCondition.StringsMatchDescriptor indexed under hudson.Extension
[INFO] org.jenkins_ci.plugins.run_condition.logic.And.AndDescriptor indexed under hudson.Extension
[INFO] org.jenkins_ci.plugins.run_condition.logic.ConditionContainer.ConditionContainerDescriptor indexed under hudson.Extension
[INFO] org.jenkins_ci.plugins.run_condition.logic.Not.NotDescriptor indexed under hudson.Extension
[INFO] org.jenkins_ci.plugins.run_condition.logic.Or.OrDescriptor indexed under hudson.Extension
[INFO] /tmp/plugin-builds/run-condition/src/main/java/org/jenkins_ci/plugins/run_condition/BuildStepRunner.java:[142,38] Generating org/jenkins_ci/plugins/run_condition/BuildStepRunner/Fail.stapler
[INFO] /tmp/plugin-builds/run-condition/src/main/java/org/jenkins_ci/plugins/run_condition/BuildStepRunner.java:[171,38] Generating org/jenkins_ci/plugins/run_condition/BuildStepRunner/Unstable.stapler
[INFO] /tmp/plugin-builds/run-condition/src/main/java/org/jenkins_ci/plugins/run_condition/BuildStepRunner.java:[199,38] Generating org/jenkins_ci/plugins/run_condition/BuildStepRunner/RunUnstable.stapler
[INFO] /tmp/plugin-builds/run-condition/src/main/java/org/jenkins_ci/plugins/run_condition/BuildStepRunner.java:[227,38] Generating org/jenkins_ci/plugins/run_condition/BuildStepRunner/Run.stapler
[INFO] /tmp/plugin-builds/run-condition/src/main/java/org/jenkins_ci/plugins/run_condition/BuildStepRunner.java:[254,38] Generating org/jenkins_ci/plugins/run_condition/BuildStepRunner/DontRun.stapler
[INFO] /tmp/plugin-builds/run-condition/src/main/java/org/jenkins_ci/plugins/run_condition/common/BaseDirectory.java:[46,38] Generating org/jenkins_ci/plugins/run_condition/common/BaseDirectory/Workspace.stapler
[INFO] /tmp/plugin-builds/run-condition/src/main/java/org/jenkins_ci/plugins/run_condition/common/BaseDirectory.java:[64,38] Generating org/jenkins_ci/plugins/run_condition/common/BaseDirectory/ArtifactsDir.stapler
[INFO] /tmp/plugin-builds/run-condition/src/main/java/org/jenkins_ci/plugins/run_condition/common/BaseDirectory.java:[82,38] Generating org/jenkins_ci/plugins/run_condition/common/BaseDirectory/JenkinsHome.stapler
[INFO] /tmp/plugin-builds/run-condition/src/main/java/org/jenkins_ci/plugins/run_condition/contributed/BatchFileCondition.java:[38,12] Generating org/jenkins_ci/plugins/run_condition/contributed/BatchFileCondition.stapler
[INFO] /tmp/plugin-builds/run-condition/src/main/java/org/jenkins_ci/plugins/run_condition/contributed/ShellCondition.java:[45,12] Generating org/jenkins_ci/plugins/run_condition/contributed/ShellCondition.stapler
[INFO] /tmp/plugin-builds/run-condition/src/main/java/org/jenkins_ci/plugins/run_condition/core/AlwaysRun.java:[37,12] Generating org/jenkins_ci/plugins/run_condition/core/AlwaysRun.stapler
[INFO] /tmp/plugin-builds/run-condition/src/main/java/org/jenkins_ci/plugins/run_condition/core/BooleanCondition.java:[46,12] Generating org/jenkins_ci/plugins/run_condition/core/BooleanCondition.stapler
[INFO] /tmp/plugin-builds/run-condition/src/main/java/org/jenkins_ci/plugins/run_condition/core/CauseCondition.java:[169,12] Generating org/jenkins_ci/plugins/run_condition/core/CauseCondition.stapler
[INFO] /tmp/plugin-builds/run-condition/src/main/java/org/jenkins_ci/plugins/run_condition/core/DayCondition.java:[110,38] Generating org/jenkins_ci/plugins/run_condition/core/DayCondition/Weekday.stapler
[INFO] /tmp/plugin-builds/run-condition/src/main/java/org/jenkins_ci/plugins/run_condition/core/DayCondition.java:[125,38] Generating org/jenkins_ci/plugins/run_condition/core/DayCondition/Weekend.stapler
[INFO] /tmp/plugin-builds/run-condition/src/main/java/org/jenkins_ci/plugins/run_condition/core/DayCondition.java:[145,16] Generating org/jenkins_ci/plugins/run_condition/core/DayCondition/SelectDays.stapler
[INFO] /tmp/plugin-builds/run-condition/src/main/java/org/jenkins_ci/plugins/run_condition/core/DayCondition.java:[202,16] Generating org/jenkins_ci/plugins/run_condition/core/DayCondition/Day.stapler
[INFO] /tmp/plugin-builds/run-condition/src/main/java/org/jenkins_ci/plugins/run_condition/core/DayCondition.java:[49,12] Generating org/jenkins_ci/plugins/run_condition/core/DayCondition.stapler
[INFO] /tmp/plugin-builds/run-condition/src/main/java/org/jenkins_ci/plugins/run_condition/core/ExpressionCondition.java:[41,12] Generating org/jenkins_ci/plugins/run_condition/core/ExpressionCondition.stapler
[INFO] /tmp/plugin-builds/run-condition/src/main/java/org/jenkins_ci/plugins/run_condition/core/FileExistsCondition.java:[48,12] Generating org/jenkins_ci/plugins/run_condition/core/FileExistsCondition.stapler
[INFO] /tmp/plugin-builds/run-condition/src/main/java/org/jenkins_ci/plugins/run_condition/core/FilesMatchCondition.java:[48,12] Generating org/jenkins_ci/plugins/run_condition/core/FilesMatchCondition.stapler
[INFO] /tmp/plugin-builds/run-condition/src/main/java/org/jenkins_ci/plugins/run_condition/core/NeverRun.java:[37,12] Generating org/jenkins_ci/plugins/run_condition/core/NeverRun.stapler
[INFO] /tmp/plugin-builds/run-condition/src/main/java/org/jenkins_ci/plugins/run_condition/core/NodeCondition.java:[52,12] Generating org/jenkins_ci/plugins/run_condition/core/NodeCondition.stapler
[INFO] /tmp/plugin-builds/run-condition/src/main/java/org/jenkins_ci/plugins/run_condition/core/NumericalComparisonCondition.java:[109,38] Generating org/jenkins_ci/plugins/run_condition/core/NumericalComparisonCondition/LessThan.stapler
[INFO] /tmp/plugin-builds/run-condition/src/main/java/org/jenkins_ci/plugins/run_condition/core/NumericalComparisonCondition.java:[123,38] Generating org/jenkins_ci/plugins/run_condition/core/NumericalComparisonCondition/GreaterThan.stapler
[INFO] /tmp/plugin-builds/run-condition/src/main/java/org/jenkins_ci/plugins/run_condition/core/NumericalComparisonCondition.java:[137,38] Generating org/jenkins_ci/plugins/run_condition/core/NumericalComparisonCondition/EqualTo.stapler
[INFO] /tmp/plugin-builds/run-condition/src/main/java/org/jenkins_ci/plugins/run_condition/core/NumericalComparisonCondition.java:[151,38] Generating org/jenkins_ci/plugins/run_condition/core/NumericalComparisonCondition/NotEqualTo.stapler
[INFO] /tmp/plugin-builds/run-condition/src/main/java/org/jenkins_ci/plugins/run_condition/core/NumericalComparisonCondition.java:[165,38] Generating org/jenkins_ci/plugins/run_condition/core/NumericalComparisonCondition/LessThanOrEqualTo.stapler
[INFO] /tmp/plugin-builds/run-condition/src/main/java/org/jenkins_ci/plugins/run_condition/core/NumericalComparisonCondition.java:[179,38] Generating org/jenkins_ci/plugins/run_condition/core/NumericalComparisonCondition/GreaterThanOrEqualTo.stapler
[INFO] /tmp/plugin-builds/run-condition/src/main/java/org/jenkins_ci/plugins/run_condition/core/NumericalComparisonCondition.java:[49,12] Generating org/jenkins_ci/plugins/run_condition/core/NumericalComparisonCondition.stapler
[INFO] /tmp/plugin-builds/run-condition/src/main/java/org/jenkins_ci/plugins/run_condition/core/StatusCondition.java:[55,12] Generating org/jenkins_ci/plugins/run_condition/core/StatusCondition.stapler
[INFO] /tmp/plugin-builds/run-condition/src/main/java/org/jenkins_ci/plugins/run_condition/core/StringsMatchCondition.java:[42,12] Generating org/jenkins_ci/plugins/run_condition/core/StringsMatchCondition.stapler
[INFO] /tmp/plugin-builds/run-condition/src/main/java/org/jenkins_ci/plugins/run_condition/core/TimeCondition.java:[52,12] Generating org/jenkins_ci/plugins/run_condition/core/TimeCondition.stapler
[INFO] /tmp/plugin-builds/run-condition/src/main/java/org/jenkins_ci/plugins/run_condition/core/VariableExistsCondition.java:[40,12] Generating org/jenkins_ci/plugins/run_condition/core/VariableExistsCondition.stapler
[INFO] /tmp/plugin-builds/run-condition/src/main/java/org/jenkins_ci/plugins/run_condition/logic/And.java:[41,12] Generating org/jenkins_ci/plugins/run_condition/logic/And.stapler
[INFO] /tmp/plugin-builds/run-condition/src/main/java/org/jenkins_ci/plugins/run_condition/logic/ConditionContainer.java:[43,12] Generating org/jenkins_ci/plugins/run_condition/logic/ConditionContainer.stapler
[INFO] /tmp/plugin-builds/run-condition/src/main/java/org/jenkins_ci/plugins/run_condition/logic/Not.java:[42,12] Generating org/jenkins_ci/plugins/run_condition/logic/Not.stapler
[INFO] /tmp/plugin-builds/run-condition/src/main/java/org/jenkins_ci/plugins/run_condition/logic/Or.java:[41,12] Generating org/jenkins_ci/plugins/run_condition/logic/Or.stapler
[INFO] /tmp/plugin-builds/run-condition/src/main/java/org/jenkins_ci/plugins/run_condition/core/BooleanCondition.java:[72,31] Generating org/jenkins_ci/plugins/run_condition/core/BooleanCondition/BooleanConditionDescriptor/doCheckToken.stapler
[INFO] /tmp/plugin-builds/run-condition/src/main/java/org/jenkins_ci/plugins/run_condition/core/TimeCondition.java:[147,31] Generating org/jenkins_ci/plugins/run_condition/core/TimeCondition/TimeConditionDescriptor/doCheckLatest.stapler
[INFO] /tmp/plugin-builds/run-condition/src/main/java/org/jenkins_ci/plugins/run_condition/core/TimeCondition.java:[144,31] Generating org/jenkins_ci/plugins/run_condition/core/TimeCondition/TimeConditionDescriptor/doCheckEarliest.stapler
[INFO] /tmp/plugin-builds/run-condition/src/main/java/org/jenkins_ci/plugins/run_condition/core/NumericalComparisonCondition.java:[89,31] Generating org/jenkins_ci/plugins/run_condition/core/NumericalComparisonCondition/NumericalComparisonConditionDescriptor/doCheckLhs.stapler
[INFO] /tmp/plugin-builds/run-condition/src/main/java/org/jenkins_ci/plugins/run_condition/core/FileExistsCondition.java:[80,31] Generating org/jenkins_ci/plugins/run_condition/core/FileExistsCondition/FileExistsConditionDescriptor/doCheckFile.stapler
[INFO] /tmp/plugin-builds/run-condition/src/main/java/org/jenkins_ci/plugins/run_condition/core/NumericalComparisonCondition.java:[93,31] Generating org/jenkins_ci/plugins/run_condition/core/NumericalComparisonCondition/NumericalComparisonConditionDescriptor/doCheckRhs.stapler
[INFO] /tmp/plugin-builds/run-condition/src/main/java/org/jenkins_ci/plugins/run_condition/core/StatusCondition.java:[96,31] Generating org/jenkins_ci/plugins/run_condition/core/StatusCondition/StatusConditionDescriptor/doCheckWorstResult.stapler
[INFO] /tmp/plugin-builds/run-condition/src/main/java/org/jenkins_ci/plugins/run_condition/core/StatusCondition.java:[90,31] Generating org/jenkins_ci/plugins/run_condition/core/StatusCondition/StatusConditionDescriptor/doCheckBestResult.stapler
[INFO] /tmp/plugin-builds/run-condition/src/main/java/org/jenkins_ci/plugins/run_condition/BuildStepRunner.java: Some input files use or override a deprecated API.
[INFO] /tmp/plugin-builds/run-condition/src/main/java/org/jenkins_ci/plugins/run_condition/BuildStepRunner.java: Recompile with -Xlint:deprecation for details.
[INFO] /tmp/plugin-builds/run-condition/src/main/java/org/jenkins_ci/plugins/run_condition/common/BaseDirectory.java: Some input files use unchecked or unsafe operations.
[INFO] /tmp/plugin-builds/run-condition/src/main/java/org/jenkins_ci/plugins/run_condition/common/BaseDirectory.java: Recompile with -Xlint:unchecked for details.
[INFO] 
[INFO] --- access-modifier-checker:1.35:enforce (default-enforce) @ run-condition ---
[INFO] 
[INFO] --- bridge-method-injector:1.32:process (default) @ run-condition ---
[INFO] 
[INFO] --- hpi:3.1746.v2e9fe7dc4d95:insert-test (default-insert-test) @ run-condition ---
[INFO] 
[INFO] --- antrun:3.1.0:run (createTempDir) @ run-condition ---
[INFO] Executing tasks
[INFO]     [mkdir] Created dir: /tmp/plugin-builds/run-condition/target/tmp
[INFO] Executed tasks
[INFO] 
[INFO] --- resources:3.3.1:testResources (default-testResources) @ run-condition ---
[INFO] Not copying test resources
[INFO] 
[INFO] --- compiler:3.14.0:testCompile (default-testCompile) @ run-condition ---
[INFO] Not compiling test sources
[INFO] 
[INFO] --- hpi:3.1746.v2e9fe7dc4d95:test-hpl (default-test-hpl) @ run-condition ---
[INFO] Generating /tmp/plugin-builds/run-condition/target/test-classes/the.hpl
[INFO] 
[INFO] --- hpi:3.1746.v2e9fe7dc4d95:resolve-test-dependencies (default-resolve-test-dependencies) @ run-condition ---
[INFO] 
[INFO] --- hpi:3.1746.v2e9fe7dc4d95:test-runtime (default-test-runtime) @ run-condition ---
[INFO] Tests are skipped.
[INFO] 
[INFO] --- surefire:3.5.2:test (default-test) @ run-condition ---
[INFO] Tests are skipped.
[INFO] 
[INFO] --- license:184.v19c87b_6b_a_9a_c:process (default) @ run-condition ---
[INFO] Generated /tmp/plugin-builds/run-condition/target/run-condition/WEB-INF/licenses.xml
[INFO] 
[INFO] --- hpi:3.1746.v2e9fe7dc4d95:hpi (default-hpi) @ run-condition ---
[INFO] Generating /tmp/plugin-builds/run-condition/target/run-condition/META-INF/MANIFEST.MF
[INFO] Checking for attached .jar artifact ...
[INFO] Generating jar /tmp/plugin-builds/run-condition/target/run-condition.jar
[INFO] Building jar: /tmp/plugin-builds/run-condition/target/run-condition.jar
[INFO] Exploding webapp...
[INFO] Copy webapp webResources to /tmp/plugin-builds/run-condition/target/run-condition
[INFO] Assembling webapp run-condition in /tmp/plugin-builds/run-condition/target/run-condition
[INFO] Generating hpi /tmp/plugin-builds/run-condition/target/run-condition.hpi
[INFO] Building jar: /tmp/plugin-builds/run-condition/target/run-condition.hpi
[INFO] 
[INFO] --- jar:3.4.2:test-jar (maybe-test-jar) @ run-condition ---
[INFO] Skipping packaging of the test-jar
[INFO] 
[INFO] >>> spotbugs:4.9.4.2:check (spotbugs) > :spotbugs @ run-condition >>>
[INFO] 
[INFO] --- spotbugs:4.9.4.2:spotbugs (spotbugs) @ run-condition ---
[INFO] Fork Value is true
[INFO] Done SpotBugs Analysis....
[INFO] Skipping com.github.spotbugs:spotbugs-maven-plugin:4.9.4.2:spotbugs report goal
[INFO] 
[INFO] <<< spotbugs:4.9.4.2:check (spotbugs) < :spotbugs @ run-condition <<<
[INFO] 
[INFO] 
[INFO] --- spotbugs:4.9.4.2:check (spotbugs) @ run-condition ---
[INFO] BugInstance size is 0
[INFO] Error size is 0
[INFO] No errors/warnings found
[INFO] 
[INFO] --- spotless:2.46.1:check (default) @ run-condition ---
[INFO] Spotless check skipped
[INFO] 
[INFO] --- install:3.1.4:install (default-install) @ run-condition ---
[INFO] Installing /tmp/plugin-builds/run-condition/target/run-condition-999999-SNAPSHOT.pom to /home/runner/.m2/repository/org/jenkins-ci/plugins/run-condition/999999-SNAPSHOT/run-condition-999999-SNAPSHOT.pom
[INFO] Installing /tmp/plugin-builds/run-condition/target/run-condition.hpi to /home/runner/.m2/repository/org/jenkins-ci/plugins/run-condition/999999-SNAPSHOT/run-condition-999999-SNAPSHOT.hpi
[INFO] Installing /tmp/plugin-builds/run-condition/target/run-condition.jar to /home/runner/.m2/repository/org/jenkins-ci/plugins/run-condition/999999-SNAPSHOT/run-condition-999999-SNAPSHOT.jar
[INFO] ------------------------------------------------------------------------
[INFO] BUILD SUCCESS
[INFO] ------------------------------------------------------------------------
[INFO] Total time:  42.953 s
[INFO] Finished at: 2025-10-28T02:26:21Z
[INFO] ------------------------------------------------------------------------
