WARNING: A restricted method in java.lang.System has been called
WARNING: java.lang.System::load has been called by org.fusesource.jansi.internal.JansiLoader in an unnamed module (file:/home/poddingue/.sdkman/candidates/maven/current/lib/jansi-2.4.1.jar)
WARNING: Use --enable-native-access=ALL-UNNAMED to avoid a warning for callers in this module
WARNING: Restricted methods will be blocked in a future release unless native access is enabled

WARNING: A terminally deprecated method in sun.misc.Unsafe has been called
WARNING: sun.misc.Unsafe::objectFieldOffset has been called by com.google.common.util.concurrent.AbstractFuture$UnsafeAtomicHelper (file:/home/poddingue/.sdkman/candidates/maven/current/lib/guava-33.2.1-jre.jar)
WARNING: Please consider reporting this to the maintainers of class com.google.common.util.concurrent.AbstractFuture$UnsafeAtomicHelper
WARNING: sun.misc.Unsafe::objectFieldOffset will be removed in a future release
[INFO] Scanning for projects...
[INFO] 
[INFO] --------------------< org.jenkins-ci.plugins:saml >---------------------
[INFO] Building SAML Plugin 4.999999-SNAPSHOT
[INFO]   from pom.xml
[INFO] --------------------------------[ hpi ]---------------------------------
[INFO] 
[INFO] --- clean:3.5.0:clean (default-clean) @ saml ---
[INFO] 
[INFO] --- hpi:3.66:validate (default-validate) @ saml ---
[INFO] Created marker file /tmp/plugin-builds/saml/target/java-level/17
[INFO] 
[INFO] --- hpi:3.66:validate-hpi (default-validate-hpi) @ saml ---
[INFO] 
[INFO] --- enforcer:3.5.0:enforce (display-info) @ saml ---
[INFO] Rule 0: io.jenkins.tools.incrementals.enforcer.RequireExtensionVersion passed
[INFO] Rule 1: org.apache.maven.enforcer.rules.version.RequireMavenVersion passed
[INFO] Rule 2: org.apache.maven.enforcer.rules.version.RequireJavaVersion passed
[INFO] Rule 3: org.codehaus.mojo.extraenforcer.dependencies.EnforceBytecodeVersion passed
[INFO] Rule 4: org.apache.maven.enforcer.rules.dependency.BannedDependencies passed
[INFO] Rule 5: org.apache.maven.enforcer.rules.dependency.BannedDependencies passed
[INFO] Ignoring requireUpperBoundDeps in com.google.code.findbugs:jsr305
[INFO] Rule 6: org.apache.maven.enforcer.rules.dependency.RequireUpperBoundDeps passed
[INFO] 
[INFO] --- enforcer:3.5.0:enforce (no-snapshots-in-release) @ saml ---
[INFO] Rule 0: org.apache.maven.enforcer.rules.dependency.RequireReleaseDeps passed
[INFO] 
[INFO] --- localizer:1.31:generate (default) @ saml ---
[INFO] 
[INFO] --- resources:3.3.1:resources (default-resources) @ saml ---
[INFO] Copying 37 resources from src/main/resources to target/classes
[INFO] 
[INFO] --- flatten:1.7.1:flatten (flatten) @ saml ---
[INFO] Generating flattened POM of project org.jenkins-ci.plugins:saml:hpi:4.999999-SNAPSHOT...
[INFO] 
[INFO] --- compiler:3.14.0:compile (default-compile) @ saml ---
[INFO] Recompiling the module because of changed source code.
[INFO] Compiling 26 source files with javac [debug parameters release 17] to target/classes
[INFO] org.jenkinsci.plugins.saml.IdpMetadataConfiguration.DescriptorImpl indexed under hudson.Extension
[INFO] org.jenkinsci.plugins.saml.SamlAdvancedConfiguration.DescriptorImpl indexed under hudson.Extension
[INFO] org.jenkinsci.plugins.saml.SamlCrumbExclusion indexed under hudson.Extension
[INFO] org.jenkinsci.plugins.saml.SamlEncryptionData.DescriptorImpl indexed under hudson.Extension
[INFO] org.jenkinsci.plugins.saml.SamlLogoutAction indexed under hudson.Extension
[INFO] org.jenkinsci.plugins.saml.SamlSecurityRealm.DescriptorImpl indexed under hudson.Extension
[INFO] org.jenkinsci.plugins.saml.UpdateMetadataFromURLPeriodicWork indexed under hudson.Extension
[INFO] org.jenkinsci.plugins.saml.conf.Attribute.DescriptorImpl indexed under hudson.Extension
[INFO] org.jenkinsci.plugins.saml.user.LoginDetailsProperty.SecurityListenerImpl indexed under hudson.Extension
[INFO] org.jenkinsci.plugins.saml.user.LoginDetailsProperty.DescriptorImpl indexed under hudson.Extension
[INFO] org.jenkinsci.plugins.saml.user.SamlCustomProperty.Attribute.DescriptorImpl indexed under hudson.Extension
[INFO] org.jenkinsci.plugins.saml.user.SamlCustomProperty.DescriptorImpl indexed under hudson.Extension
[INFO] /tmp/plugin-builds/saml/src/main/java/org/jenkinsci/plugins/saml/IdpMetadataConfiguration.java:[65,12] Generating org/jenkinsci/plugins/saml/IdpMetadataConfiguration.stapler
[INFO] /tmp/plugin-builds/saml/src/main/java/org/jenkinsci/plugins/saml/SamlAdvancedConfiguration.java:[49,12] Generating org/jenkinsci/plugins/saml/SamlAdvancedConfiguration.stapler
[INFO] /tmp/plugin-builds/saml/src/main/java/org/jenkinsci/plugins/saml/SamlEncryptionData.java:[71,12] Generating org/jenkinsci/plugins/saml/SamlEncryptionData.stapler
[INFO] /tmp/plugin-builds/saml/src/main/java/org/jenkinsci/plugins/saml/SamlSecurityRealm.java:[175,12] Generating org/jenkinsci/plugins/saml/SamlSecurityRealm.stapler
[INFO] /tmp/plugin-builds/saml/src/main/java/org/jenkinsci/plugins/saml/conf/Attribute.java:[27,12] Generating org/jenkinsci/plugins/saml/conf/Attribute.stapler
[INFO] /tmp/plugin-builds/saml/src/main/java/org/jenkinsci/plugins/saml/user/LoginDetailsProperty.java:[50,12] Generating org/jenkinsci/plugins/saml/user/LoginDetailsProperty.stapler
[INFO] /tmp/plugin-builds/saml/src/main/java/org/jenkinsci/plugins/saml/user/SamlCustomProperty.java:[113,12] Generating org/jenkinsci/plugins/saml/user/SamlCustomProperty.stapler
[INFO] /tmp/plugin-builds/saml/src/main/java/org/jenkinsci/plugins/saml/SamlEncryptionData.java:[166,31] Generating org/jenkinsci/plugins/saml/SamlEncryptionData/DescriptorImpl/doCheckPrivateKeyAlias.stapler
[INFO] /tmp/plugin-builds/saml/src/main/java/org/jenkinsci/plugins/saml/SamlSecurityRealm.java:[725,31] Generating org/jenkinsci/plugins/saml/SamlSecurityRealm/DescriptorImpl/doCheckDisplayNameAttributeName.stapler
[INFO] /tmp/plugin-builds/saml/src/main/java/org/jenkinsci/plugins/saml/SamlSecurityRealm.java:[273,25] Generating org/jenkinsci/plugins/saml/SamlSecurityRealm/doCommenceLogin.stapler
[INFO] /tmp/plugin-builds/saml/src/main/java/org/jenkinsci/plugins/saml/SamlAdvancedConfiguration.java:[132,31] Generating org/jenkinsci/plugins/saml/SamlAdvancedConfiguration/DescriptorImpl/doCheckNameIdPolicyFormat.stapler
[INFO] /tmp/plugin-builds/saml/src/main/java/org/jenkinsci/plugins/saml/SamlSecurityRealm.java:[738,31] Generating org/jenkinsci/plugins/saml/SamlSecurityRealm/DescriptorImpl/doCheckUsernameAttributeName.stapler
[INFO] /tmp/plugin-builds/saml/src/main/java/org/jenkinsci/plugins/saml/IdpMetadataConfiguration.java:[221,31] Generating org/jenkinsci/plugins/saml/IdpMetadataConfiguration/DescriptorImpl/doCheckUrl.stapler
[INFO] /tmp/plugin-builds/saml/src/main/java/org/jenkinsci/plugins/saml/IdpMetadataConfiguration.java:[195,31] Generating org/jenkinsci/plugins/saml/IdpMetadataConfiguration/DescriptorImpl/doTestIdpMetadata.stapler
[INFO] /tmp/plugin-builds/saml/src/main/java/org/jenkinsci/plugins/saml/SamlAdvancedConfiguration.java:[126,31] Generating org/jenkinsci/plugins/saml/SamlAdvancedConfiguration/DescriptorImpl/doCheckSpEntityId.stapler
[INFO] /tmp/plugin-builds/saml/src/main/java/org/jenkinsci/plugins/saml/SamlSecurityRealm.java:[752,31] Generating org/jenkinsci/plugins/saml/SamlSecurityRealm/DescriptorImpl/doCheckMaximumAuthenticationLifetime.stapler
[INFO] /tmp/plugin-builds/saml/src/main/java/org/jenkinsci/plugins/saml/SamlEncryptionData.java:[186,31] Generating org/jenkinsci/plugins/saml/SamlEncryptionData/DescriptorImpl/doTestKeyStore.stapler
[INFO] /tmp/plugin-builds/saml/src/main/java/org/jenkinsci/plugins/saml/SamlSecurityRealm.java:[731,31] Generating org/jenkinsci/plugins/saml/SamlSecurityRealm/DescriptorImpl/doCheckGroupsAttributeName.stapler
[INFO] /tmp/plugin-builds/saml/src/main/java/org/jenkinsci/plugins/saml/SamlEncryptionData.java:[160,31] Generating org/jenkinsci/plugins/saml/SamlEncryptionData/DescriptorImpl/doCheckKeystorePath.stapler
[INFO] /tmp/plugin-builds/saml/src/main/java/org/jenkinsci/plugins/saml/IdpMetadataConfiguration.java:[235,31] Generating org/jenkinsci/plugins/saml/IdpMetadataConfiguration/DescriptorImpl/doTestIdpMetadataURL.stapler
[INFO] /tmp/plugin-builds/saml/src/main/java/org/jenkinsci/plugins/saml/SamlSecurityRealm.java:[745,31] Generating org/jenkinsci/plugins/saml/SamlSecurityRealm/DescriptorImpl/doCheckEmailAttributeName.stapler
[INFO] /tmp/plugin-builds/saml/src/main/java/org/jenkinsci/plugins/saml/IdpMetadataConfiguration.java:[205,31] Generating org/jenkinsci/plugins/saml/IdpMetadataConfiguration/DescriptorImpl/doCheckPeriod.stapler
[INFO] /tmp/plugin-builds/saml/src/main/java/org/jenkinsci/plugins/saml/SamlAdvancedConfiguration.java:[138,31] Generating org/jenkinsci/plugins/saml/SamlAdvancedConfiguration/DescriptorImpl/doCheckMaximumSessionLifetime.stapler
[INFO] /tmp/plugin-builds/saml/src/main/java/org/jenkinsci/plugins/saml/SamlEncryptionData.java:[179,31] Generating org/jenkinsci/plugins/saml/SamlEncryptionData/DescriptorImpl/doCheckPrivateKeyPassword.stapler
[INFO] /tmp/plugin-builds/saml/src/main/java/org/jenkinsci/plugins/saml/SamlEncryptionData.java:[172,31] Generating org/jenkinsci/plugins/saml/SamlEncryptionData/DescriptorImpl/doCheckKeystorePassword.stapler
[INFO] /tmp/plugin-builds/saml/src/main/java/org/jenkinsci/plugins/saml/SamlAdvancedConfiguration.java:[119,31] Generating org/jenkinsci/plugins/saml/SamlAdvancedConfiguration/DescriptorImpl/doCheckAuthnContextClassRef.stapler
[INFO] /tmp/plugin-builds/saml/src/main/java/org/jenkinsci/plugins/saml/SamlSecurityRealm.java:[719,31] Generating org/jenkinsci/plugins/saml/SamlSecurityRealm/DescriptorImpl/doCheckLogoutUrl.stapler
[INFO] /tmp/plugin-builds/saml/src/main/java/org/jenkinsci/plugins/saml/IdpMetadataConfiguration.java:[211,31] Generating org/jenkinsci/plugins/saml/IdpMetadataConfiguration/DescriptorImpl/doCheckXml.stapler
[INFO] /tmp/plugin-builds/saml/src/main/java/org/jenkinsci/plugins/saml/IdpMetadataConfiguration.java: /tmp/plugin-builds/saml/src/main/java/org/jenkinsci/plugins/saml/IdpMetadataConfiguration.java uses or overrides a deprecated API.
[INFO] /tmp/plugin-builds/saml/src/main/java/org/jenkinsci/plugins/saml/IdpMetadataConfiguration.java: Recompile with -Xlint:deprecation for details.
[INFO] /tmp/plugin-builds/saml/src/main/java/org/jenkinsci/plugins/saml/SamlSecurityRealm.java: /tmp/plugin-builds/saml/src/main/java/org/jenkinsci/plugins/saml/SamlSecurityRealm.java uses unchecked or unsafe operations.
[INFO] /tmp/plugin-builds/saml/src/main/java/org/jenkinsci/plugins/saml/SamlSecurityRealm.java: Recompile with -Xlint:unchecked for details.
[INFO] 
[INFO] --- access-modifier-checker:1.35:enforce (default-enforce) @ saml ---
[INFO] Skipping access modifier checks
[INFO] 
[INFO] --- bridge-method-injector:1.31:process (default) @ saml ---
[INFO] 
[INFO] --- hpi:3.66:insert-test (default-insert-test) @ saml ---
[INFO] 
[INFO] --- antrun:3.1.0:run (createTempDir) @ saml ---
[INFO] Executing tasks
[INFO]     [mkdir] Created dir: /tmp/plugin-builds/saml/target/tmp
[INFO] Executed tasks
[INFO] 
[INFO] --- resources:3.3.1:testResources (default-testResources) @ saml ---
[INFO] Not copying test resources
[INFO] 
[INFO] --- compiler:3.14.0:testCompile (default-testCompile) @ saml ---
[INFO] Not compiling test sources
[INFO] 
[INFO] --- hpi:3.66:test-hpl (default-test-hpl) @ saml ---
[INFO] Generating /tmp/plugin-builds/saml/target/test-classes/the.hpl
[INFO] 
[INFO] --- hpi:3.66:resolve-test-dependencies (default-resolve-test-dependencies) @ saml ---
[INFO] 
[INFO] --- hpi:3.66:test-runtime (default-test-runtime) @ saml ---
[INFO] Tests are skipped.
[INFO] 
[INFO] --- surefire:3.5.3:test (default-test) @ saml ---
[INFO] Tests are skipped.
[INFO] 
[INFO] --- license:165.v7e11f4e4a_325:process (default) @ saml ---
[INFO] 
[INFO] --- hpi:3.66:hpi (default-hpi) @ saml ---
[INFO] Generating /tmp/plugin-builds/saml/target/saml/META-INF/MANIFEST.MF
[INFO] Checking for attached .jar artifact ...
[INFO] Generating jar /tmp/plugin-builds/saml/target/saml.jar
[INFO] Building jar: /tmp/plugin-builds/saml/target/saml.jar
[INFO] Exploding webapp...
[INFO] Copy webapp webResources to /tmp/plugin-builds/saml/target/saml
[INFO] Assembling webapp saml in /tmp/plugin-builds/saml/target/saml
[WARNING] Bundling transitive dependency metrics-core-4.2.26.jar (via pac4j-saml)
[WARNING] Bundling transitive dependency metrics-json-4.2.26.jar (via pac4j-saml)
[WARNING] Bundling transitive dependency shib-networking-9.1.4.jar (via pac4j-saml)
[WARNING] Bundling transitive dependency shib-security-9.1.4.jar (via pac4j-saml)
[WARNING] Bundling transitive dependency shib-support-9.1.4.jar (via pac4j-saml)
[WARNING] Bundling transitive dependency shib-velocity-9.1.4.jar (via pac4j-saml)
[WARNING] Bundling transitive dependency xmlsec-4.0.4.jar (via pac4j-saml)
[WARNING] Bundling transitive dependency velocity-engine-core-2.4.1.jar (via pac4j-saml)
[WARNING] Bundling transitive dependency cryptacular-1.2.7.jar (via pac4j-saml)
[WARNING] Bundling transitive dependency jakarta.json-2.0.1.jar (via pac4j-saml)
[WARNING] Bundling transitive dependency opensaml-core-api-5.1.4.jar (via pac4j-saml)
[WARNING] Bundling transitive dependency opensaml-core-impl-5.1.4.jar (via pac4j-saml)
[WARNING] Bundling transitive dependency opensaml-messaging-api-5.1.4.jar (via pac4j-saml)
[WARNING] Bundling transitive dependency opensaml-messaging-impl-5.1.4.jar (via pac4j-saml)
[WARNING] Bundling transitive dependency opensaml-profile-api-5.1.4.jar (via pac4j-saml)
[WARNING] Bundling transitive dependency opensaml-profile-impl-5.1.4.jar (via pac4j-saml)
[WARNING] Bundling transitive dependency opensaml-saml-api-5.1.4.jar (via pac4j-saml)
[WARNING] Bundling transitive dependency opensaml-saml-impl-5.1.4.jar (via pac4j-saml)
[WARNING] Bundling transitive dependency opensaml-security-api-5.1.4.jar (via pac4j-saml)
[WARNING] Bundling transitive dependency opensaml-security-impl-5.1.4.jar (via pac4j-saml)
[WARNING] Bundling transitive dependency opensaml-soap-api-5.1.4.jar (via pac4j-saml)
[WARNING] Bundling transitive dependency opensaml-soap-impl-5.1.4.jar (via pac4j-saml)
[WARNING] Bundling transitive dependency opensaml-storage-api-5.1.4.jar (via pac4j-saml)
[WARNING] Bundling transitive dependency opensaml-storage-impl-5.1.4.jar (via pac4j-saml)
[WARNING] Bundling transitive dependency opensaml-xmlsec-api-5.1.4.jar (via pac4j-saml)
[WARNING] Bundling transitive dependency opensaml-xmlsec-impl-5.1.4.jar (via pac4j-saml)
[WARNING] Bundling transitive dependency pac4j-core-6.1.2.jar (via pac4j-jakartaee)
[INFO] Bundling direct dependency pac4j-jakartaee-6.1.2.jar
[INFO] Bundling direct dependency pac4j-saml-6.1.2.jar
[INFO] Generating hpi /tmp/plugin-builds/saml/target/saml.hpi
[INFO] Building jar: /tmp/plugin-builds/saml/target/saml.hpi
[INFO] 
[INFO] --- jar:3.4.2:test-jar (maybe-test-jar) @ saml ---
[INFO] Skipping packaging of the test-jar
[INFO] 
[INFO] >>> spotbugs:4.9.3.1:check (spotbugs) > :spotbugs @ saml >>>
[INFO] 
[INFO] --- spotbugs:4.9.3.1:spotbugs (spotbugs) @ saml ---
[INFO] Skipping com.github.spotbugs:spotbugs-maven-plugin:4.9.3.1:spotbugs report goal
[INFO] 
[INFO] <<< spotbugs:4.9.3.1:check (spotbugs) < :spotbugs @ saml <<<
[INFO] 
[INFO] 
[INFO] --- spotbugs:4.9.3.1:check (spotbugs) @ saml ---
[INFO] Spotbugs plugin skipped
[INFO] 
[INFO] --- spotless:2.44.5:check (default) @ saml ---
[INFO] Spotless check skipped
[INFO] 
[INFO] --- install:3.1.4:install (default-install) @ saml ---
[INFO] Installing /tmp/plugin-builds/saml/target/saml-4.999999-SNAPSHOT.pom to /home/poddingue/.m2/repository/org/jenkins-ci/plugins/saml/4.999999-SNAPSHOT/saml-4.999999-SNAPSHOT.pom
[INFO] Installing /tmp/plugin-builds/saml/target/saml.hpi to /home/poddingue/.m2/repository/org/jenkins-ci/plugins/saml/4.999999-SNAPSHOT/saml-4.999999-SNAPSHOT.hpi
[INFO] Installing /tmp/plugin-builds/saml/target/saml.jar to /home/poddingue/.m2/repository/org/jenkins-ci/plugins/saml/4.999999-SNAPSHOT/saml-4.999999-SNAPSHOT.jar
[INFO] ------------------------------------------------------------------------
[INFO] BUILD SUCCESS
[INFO] ------------------------------------------------------------------------
[INFO] Total time:  17.789 s
[INFO] Finished at: 2025-07-09T12:55:31+02:00
[INFO] ------------------------------------------------------------------------
