WARNING: A terminally deprecated method in sun.misc.Unsafe has been called
WARNING: sun.misc.Unsafe::staticFieldBase has been called by com.google.inject.internal.aop.HiddenClassDefiner (file:/home/poddingue/.sdkman/candidates/maven/current/lib/guice-5.1.0-classes.jar)
WARNING: Please consider reporting this to the maintainers of class com.google.inject.internal.aop.HiddenClassDefiner
WARNING: sun.misc.Unsafe::staticFieldBase will be removed in a future release
[INFO] Scanning for projects...
[INFO] 
[INFO] -------------------< org.jenkins-ci.plugins:scm-api >-------------------
[INFO] Building SCM API Plugin 999999-SNAPSHOT
[INFO]   from pom.xml
[INFO] --------------------------------[ hpi ]---------------------------------
[INFO] 
[INFO] --- clean:3.5.0:clean (default-clean) @ scm-api ---
[INFO] 
[INFO] --- hpi:3.66:validate (default-validate) @ scm-api ---
[INFO] Created marker file /tmp/plugin-builds/scm-api/target/java-level/17
[INFO] 
[INFO] --- hpi:3.66:validate-hpi (default-validate-hpi) @ scm-api ---
[INFO] 
[INFO] --- enforcer:3.6.1:enforce (display-info) @ scm-api ---
[INFO] Rule 0: io.jenkins.tools.incrementals.enforcer.RequireExtensionVersion passed
[INFO] Rule 1: org.apache.maven.enforcer.rules.version.RequireMavenVersion passed
[INFO] Rule 2: org.apache.maven.enforcer.rules.version.RequireJavaVersion passed
[INFO] Rule 3: org.codehaus.mojo.extraenforcer.dependencies.EnforceBytecodeVersion passed
[INFO] Rule 4: org.apache.maven.enforcer.rules.dependency.BannedDependencies passed
[INFO] Rule 5: org.apache.maven.enforcer.rules.dependency.BannedDependencies passed
[INFO] Rule 6: org.apache.maven.enforcer.rules.dependency.RequireUpperBoundDeps passed
[INFO] 
[INFO] --- enforcer:3.6.1:enforce (no-snapshots-in-release) @ scm-api ---
[INFO] Rule 0: org.apache.maven.enforcer.rules.dependency.RequireReleaseDeps passed
[INFO] 
[INFO] --- localizer:1.31:generate (default) @ scm-api ---
[INFO] 
[INFO] --- hpi:3.66:generate-taglib-interface (default) @ scm-api ---
[INFO] jenkins/scm/api/FormTagLib.java
[INFO] jenkins/scm/api/FormTagLib.gdsl
[INFO] 
[INFO] --- resources:3.3.1:resources (default-resources) @ scm-api ---
[INFO] Copying 25 resources from src/main/resources to target/classes
[INFO] 
[INFO] --- flatten:1.7.2:flatten (flatten) @ scm-api ---
[INFO] Generating flattened POM of project org.jenkins-ci.plugins:scm-api:hpi:999999-SNAPSHOT...
[INFO] 
[INFO] --- compiler:3.14.0:compile (default-compile) @ scm-api ---
[INFO] Recompiling the module because of changed source code.
[INFO] Compiling 95 source files with javac [debug parameters release 17] to target/classes
[INFO] jenkins.scm.api.SCMNavigatorOwners.JenkinsItemEnumerator indexed under hudson.Extension
[INFO] jenkins.scm.api.SCMSourceOwners.JenkinsItemEnumerator indexed under hudson.Extension
[INFO] jenkins.scm.impl.SCM2Notifier indexed under hudson.Extension
[INFO] jenkins.scm.impl.SCM2TransientActionFactory indexed under hudson.Extension
[INFO] jenkins.scm.impl.SCMTriggerListener indexed under hudson.Extension
[INFO] jenkins.scm.impl.SingleSCMNavigator.DescriptorImpl indexed under hudson.Extension
[INFO] jenkins.scm.impl.SingleSCMSource.DescriptorImpl indexed under hudson.Extension
[INFO] jenkins.scm.impl.avatars.AvatarCache indexed under hudson.Extension
[INFO] jenkins.scm.impl.trait.RegexSCMHeadFilterTrait.DescriptorImpl indexed under hudson.Extension
[INFO] jenkins.scm.impl.trait.RegexSCMSourceFilterTrait.DescriptorImpl indexed under hudson.Extension
[INFO] jenkins.scm.impl.trait.WildcardSCMHeadFilterTrait.DescriptorImpl indexed under hudson.Extension
[INFO] jenkins.scm.impl.trait.WildcardSCMSourceFilterTrait.DescriptorImpl indexed under hudson.Extension
[INFO] /tmp/plugin-builds/scm-api/src/main/java/jenkins/scm/impl/SingleSCMNavigator.java:[52,12] Generating jenkins/scm/impl/SingleSCMNavigator.stapler
[INFO] /tmp/plugin-builds/scm-api/src/main/java/jenkins/scm/impl/SingleSCMSource.java:[84,12] Generating jenkins/scm/impl/SingleSCMSource.stapler
[INFO] /tmp/plugin-builds/scm-api/src/main/java/jenkins/scm/impl/trait/RegexSCMHeadFilterTrait.java:[70,12] Generating jenkins/scm/impl/trait/RegexSCMHeadFilterTrait.stapler
[INFO] /tmp/plugin-builds/scm-api/src/main/java/jenkins/scm/impl/trait/RegexSCMSourceFilterTrait.java:[69,12] Generating jenkins/scm/impl/trait/RegexSCMSourceFilterTrait.stapler
[INFO] /tmp/plugin-builds/scm-api/src/main/java/jenkins/scm/impl/trait/WildcardSCMHeadFilterTrait.java:[68,12] Generating jenkins/scm/impl/trait/WildcardSCMHeadFilterTrait.stapler
[INFO] /tmp/plugin-builds/scm-api/src/main/java/jenkins/scm/impl/trait/WildcardSCMSourceFilterTrait.java:[66,12] Generating jenkins/scm/impl/trait/WildcardSCMSourceFilterTrait.stapler
[INFO] /tmp/plugin-builds/scm-api/src/main/java/jenkins/scm/api/mixin/ChangeRequestSCMHead.java:[38,8] Generating jenkins/scm/api/mixin/ChangeRequestSCMHead.javadoc
[INFO] /tmp/plugin-builds/scm-api/src/main/java/jenkins/scm/api/SCMRevision.java:[37,17] Generating jenkins/scm/api/SCMRevision.javadoc
[INFO] /tmp/plugin-builds/scm-api/src/main/java/jenkins/scm/api/SCMHeadOrigin.java:[153,19] Generating jenkins/scm/api/SCMHeadOrigin/Fork.javadoc
[INFO] /tmp/plugin-builds/scm-api/src/main/java/jenkins/scm/api/SCMHead.java:[71,8] Generating jenkins/scm/api/SCMHead.javadoc
[INFO] /tmp/plugin-builds/scm-api/src/main/java/jenkins/scm/api/mixin/ChangeRequestSCMRevision.java:[37,17] Generating jenkins/scm/api/mixin/ChangeRequestSCMRevision.javadoc
[INFO] /tmp/plugin-builds/scm-api/src/main/java/jenkins/scm/api/SCMRevisionAction.java:[44,8] Generating jenkins/scm/api/SCMRevisionAction.javadoc
[INFO] /tmp/plugin-builds/scm-api/src/main/java/jenkins/scm/api/mixin/SCMHeadMixin.java:[55,8] Generating jenkins/scm/api/mixin/SCMHeadMixin.javadoc
[INFO] /tmp/plugin-builds/scm-api/src/main/java/jenkins/scm/api/metadata/ObjectMetadataAction.java:[61,8] Generating jenkins/scm/api/metadata/ObjectMetadataAction.javadoc
[INFO] /tmp/plugin-builds/scm-api/src/main/java/jenkins/scm/api/metadata/ContributorMetadataAction.java:[52,8] Generating jenkins/scm/api/metadata/ContributorMetadataAction.javadoc
[INFO] /tmp/plugin-builds/scm-api/src/main/java/jenkins/scm/impl/trait/RegexSCMSourceFilterTrait.java:[135,31] Generating jenkins/scm/impl/trait/RegexSCMSourceFilterTrait/DescriptorImpl/doCheckRegex.stapler
[INFO] /tmp/plugin-builds/scm-api/src/main/java/jenkins/scm/impl/avatars/AvatarCache.java:[308,25] Generating jenkins/scm/impl/avatars/AvatarCache/doDynamic.stapler
[WARNING] /tmp/plugin-builds/scm-api/src/main/java/jenkins/scm/api/SCMHeadMixinEqualityGenerator.java:[144,29] java.security.AccessController in java.security has been deprecated and marked for removal
[INFO] /tmp/plugin-builds/scm-api/src/main/java/jenkins/scm/impl/SingleSCMNavigator.java: /tmp/plugin-builds/scm-api/src/main/java/jenkins/scm/impl/SingleSCMNavigator.java uses or overrides a deprecated API.
[INFO] /tmp/plugin-builds/scm-api/src/main/java/jenkins/scm/impl/SingleSCMNavigator.java: Recompile with -Xlint:deprecation for details.
[INFO] /tmp/plugin-builds/scm-api/src/main/java/jenkins/scm/api/SCMCategory.java: Some input files use unchecked or unsafe operations.
[INFO] /tmp/plugin-builds/scm-api/src/main/java/jenkins/scm/api/SCMCategory.java: Recompile with -Xlint:unchecked for details.
[INFO] 
[INFO] --- access-modifier-checker:1.35:enforce (default-enforce) @ scm-api ---
[INFO] 
[INFO] --- bridge-method-injector:1.31:process (default) @ scm-api ---
[INFO] 
[INFO] --- hpi:3.66:insert-test (default-insert-test) @ scm-api ---
[INFO] 
[INFO] --- antrun:3.1.0:run (createTempDir) @ scm-api ---
[INFO] Executing tasks
[INFO]     [mkdir] Created dir: /tmp/plugin-builds/scm-api/target/tmp
[INFO] Executed tasks
[INFO] 
[INFO] --- resources:3.3.1:testResources (default-testResources) @ scm-api ---
[INFO] Copying 5 resources from src/test/resources to target/test-classes
[INFO] 
[INFO] --- compiler:3.14.0:testCompile (default-testCompile) @ scm-api ---
[INFO] Recompiling the module because of changed dependency.
[INFO] Compiling 61 source files with javac [debug parameters release 17] to target/test-classes
[INFO] jenkins.scm.impl.SCMFileSystemTest.TrueBuilder indexed under org.jvnet.hudson.test.TestExtension
[INFO] jenkins.scm.impl.SCMFileSystemTest.FalseBuilder indexed under org.jvnet.hudson.test.TestExtension
[INFO] jenkins.scm.impl.SingleSCMSourceTest.SCMSourceBuilder.DescriptorImpl indexed under org.jvnet.hudson.test.TestExtension
[INFO] jenkins.scm.impl.avatars.AvatarCacheTest.ProbeAction indexed under org.jvnet.hudson.test.TestExtension
[INFO] jenkins.scm.impl.mock.MockSCM.DescriptorImpl indexed under hudson.Extension
[INFO] jenkins.scm.impl.mock.MockSCMDiscoverBranches.DescriptorImpl indexed under hudson.Extension
[INFO] jenkins.scm.impl.mock.MockSCMDiscoverChangeRequests.DescriptorImpl indexed under hudson.Extension
[INFO] jenkins.scm.impl.mock.MockSCMDiscoverTags.DescriptorImpl indexed under hudson.Extension
[INFO] jenkins.scm.impl.mock.MockSCMNavigator.DescriptorImpl indexed under hudson.Extension
[INFO] jenkins.scm.impl.mock.MockSCMSource.DescriptorImpl indexed under hudson.Extension
[INFO] /tmp/plugin-builds/scm-api/src/test/java/jenkins/scm/impl/SingleSCMSourceTest.java:[216,16] Generating jenkins/scm/impl/SingleSCMSourceTest/SCMSourceBuilder.stapler
[INFO] /tmp/plugin-builds/scm-api/src/test/java/jenkins/scm/impl/mock/MockSCM.java:[75,12] Generating jenkins/scm/impl/mock/MockSCM.stapler
[INFO] /tmp/plugin-builds/scm-api/src/test/java/jenkins/scm/impl/mock/MockSCMDiscoverBranches.java:[40,12] Generating jenkins/scm/impl/mock/MockSCMDiscoverBranches.stapler
[INFO] /tmp/plugin-builds/scm-api/src/test/java/jenkins/scm/impl/mock/MockSCMDiscoverChangeRequests.java:[58,12] Generating jenkins/scm/impl/mock/MockSCMDiscoverChangeRequests.stapler
[INFO] /tmp/plugin-builds/scm-api/src/test/java/jenkins/scm/impl/mock/MockSCMDiscoverTags.java:[41,12] Generating jenkins/scm/impl/mock/MockSCMDiscoverTags.stapler
[INFO] /tmp/plugin-builds/scm-api/src/test/java/jenkins/scm/impl/mock/MockSCMNavigator.java:[61,12] Generating jenkins/scm/impl/mock/MockSCMNavigator.stapler
[INFO] /tmp/plugin-builds/scm-api/src/test/java/jenkins/scm/impl/mock/MockSCMSource.java:[77,12] Generating jenkins/scm/impl/mock/MockSCMSource.stapler
[INFO] /tmp/plugin-builds/scm-api/src/test/java/jenkins/scm/impl/mock/MockSCM.java:[309,29] Generating jenkins/scm/impl/mock/MockSCM/DescriptorImpl/doFillRepositoryItems.stapler
[INFO] /tmp/plugin-builds/scm-api/src/test/java/jenkins/scm/impl/mock/MockSCM.java:[320,29] Generating jenkins/scm/impl/mock/MockSCM/DescriptorImpl/doFillHeadItems.stapler
[INFO] /tmp/plugin-builds/scm-api/src/test/java/jenkins/scm/api/SCMEventTest.java: Some input files use or override a deprecated API.
[INFO] /tmp/plugin-builds/scm-api/src/test/java/jenkins/scm/api/SCMEventTest.java: Recompile with -Xlint:deprecation for details.
[INFO] /tmp/plugin-builds/scm-api/src/test/java/jenkins/scm/api/SCMUriTest.java: Some input files use unchecked or unsafe operations.
[INFO] /tmp/plugin-builds/scm-api/src/test/java/jenkins/scm/api/SCMUriTest.java: Recompile with -Xlint:unchecked for details.
[INFO] 
[INFO] --- hpi:3.66:test-hpl (default-test-hpl) @ scm-api ---
[INFO] Generating /tmp/plugin-builds/scm-api/target/test-classes/the.hpl
[INFO] 
[INFO] --- hpi:3.66:resolve-test-dependencies (default-resolve-test-dependencies) @ scm-api ---
[INFO] 
[INFO] --- hpi:3.66:test-runtime (default-test-runtime) @ scm-api ---
[INFO] Tests are skipped.
[INFO] 
[INFO] --- surefire:3.5.3:test (default-test) @ scm-api ---
[INFO] Tests are skipped.
[INFO] 
[INFO] --- license:184.v19c87b_6b_a_9a_c:process (default) @ scm-api ---
[INFO] Generated /tmp/plugin-builds/scm-api/target/scm-api/WEB-INF/licenses.xml
[INFO] 
[INFO] --- hpi:3.66:hpi (default-hpi) @ scm-api ---
[INFO] Generating /tmp/plugin-builds/scm-api/target/scm-api/META-INF/MANIFEST.MF
[INFO] Checking for attached .jar artifact ...
[INFO] Generating jar /tmp/plugin-builds/scm-api/target/scm-api.jar
[INFO] Building jar: /tmp/plugin-builds/scm-api/target/scm-api.jar
[INFO] Exploding webapp...
[INFO] Copy webapp webResources to /tmp/plugin-builds/scm-api/target/scm-api
[INFO] Assembling webapp scm-api in /tmp/plugin-builds/scm-api/target/scm-api
[INFO] Generating hpi /tmp/plugin-builds/scm-api/target/scm-api.hpi
[INFO] Building jar: /tmp/plugin-builds/scm-api/target/scm-api.hpi
[INFO] 
[INFO] --- jar:3.4.2:test-jar (maybe-test-jar) @ scm-api ---
[INFO] Building jar: /tmp/plugin-builds/scm-api/target/scm-api-tests.jar
[INFO] 
[INFO] >>> spotbugs:4.9.3.2:check (spotbugs) > :spotbugs @ scm-api >>>
[INFO] 
[INFO] --- spotbugs:4.9.3.2:spotbugs (spotbugs) @ scm-api ---
[INFO] Fork Value is true
[INFO] Done SpotBugs Analysis....
[WARNING] Unable to find a URL to the parent project. The parent menu will NOT be added.
[INFO] Rendering content with org.apache.maven.skins:maven-fluido-skin:jar:2.0.0-M9 skin
[INFO] 
[INFO] <<< spotbugs:4.9.3.2:check (spotbugs) < :spotbugs @ scm-api <<<
[INFO] 
[INFO] 
[INFO] --- spotbugs:4.9.3.2:check (spotbugs) @ scm-api ---
[INFO] BugInstance size is 0
[INFO] Error size is 0
[INFO] No errors/warnings found
[INFO] 
[INFO] --- spotless:2.46.1:check (default) @ scm-api ---
[INFO] Spotless check skipped
[INFO] 
[INFO] --- install:3.1.4:install (default-install) @ scm-api ---
[INFO] Installing /tmp/plugin-builds/scm-api/target/scm-api-999999-SNAPSHOT.pom to /home/poddingue/.m2/repository/org/jenkins-ci/plugins/scm-api/999999-SNAPSHOT/scm-api-999999-SNAPSHOT.pom
[INFO] Installing /tmp/plugin-builds/scm-api/target/scm-api.hpi to /home/poddingue/.m2/repository/org/jenkins-ci/plugins/scm-api/999999-SNAPSHOT/scm-api-999999-SNAPSHOT.hpi
[INFO] Installing /tmp/plugin-builds/scm-api/target/scm-api.jar to /home/poddingue/.m2/repository/org/jenkins-ci/plugins/scm-api/999999-SNAPSHOT/scm-api-999999-SNAPSHOT.jar
[INFO] Installing /tmp/plugin-builds/scm-api/target/scm-api-tests.jar to /home/poddingue/.m2/repository/org/jenkins-ci/plugins/scm-api/999999-SNAPSHOT/scm-api-999999-SNAPSHOT-tests.jar
[INFO] ------------------------------------------------------------------------
[INFO] BUILD SUCCESS
[INFO] ------------------------------------------------------------------------
[INFO] Total time:  27.163 s
[INFO] Finished at: 2025-08-20T22:02:49+02:00
[INFO] ------------------------------------------------------------------------
