WARNING: A terminally deprecated method in sun.misc.Unsafe has been called
WARNING: sun.misc.Unsafe::staticFieldBase has been called by com.google.inject.internal.aop.HiddenClassDefiner (file:/home/poddingue/.sdkman/candidates/maven/current/lib/guice-5.1.0-classes.jar)
WARNING: Please consider reporting this to the maintainers of class com.google.inject.internal.aop.HiddenClassDefiner
WARNING: sun.misc.Unsafe::staticFieldBase will be removed in a future release
[INFO] Scanning for projects...
[INFO] 
[INFO] -------------< org.jenkins-ci.plugins:simple-theme-plugin >-------------
[INFO] Building Simple Theme Plugin 999999-SNAPSHOT
[INFO]   from pom.xml
[INFO] --------------------------------[ hpi ]---------------------------------
[INFO] 
[INFO] --- clean:3.5.0:clean (default-clean) @ simple-theme-plugin ---
[INFO] 
[INFO] --- hpi:3.1746.v2e9fe7dc4d95:validate (default-validate) @ simple-theme-plugin ---
[INFO] Created marker file /tmp/plugin-builds/simple-theme-plugin/target/java-level/17
[INFO] 
[INFO] --- hpi:3.1746.v2e9fe7dc4d95:validate-hpi (default-validate-hpi) @ simple-theme-plugin ---
[INFO] 
[INFO] --- enforcer:3.6.1:enforce (display-info) @ simple-theme-plugin ---
[INFO] Rule 0: io.jenkins.tools.incrementals.enforcer.RequireExtensionVersion passed
[INFO] Rule 1: org.apache.maven.enforcer.rules.version.RequireMavenVersion passed
[INFO] Rule 2: org.apache.maven.enforcer.rules.version.RequireJavaVersion passed
[INFO] Rule 3: org.codehaus.mojo.extraenforcer.dependencies.EnforceBytecodeVersion passed
[INFO] Rule 4: org.apache.maven.enforcer.rules.dependency.BannedDependencies passed
[INFO] Rule 5: org.apache.maven.enforcer.rules.dependency.BannedDependencies passed
[INFO] Rule 6: org.apache.maven.enforcer.rules.dependency.RequireUpperBoundDeps passed
[INFO] 
[INFO] --- enforcer:3.6.1:enforce (no-snapshots-in-release) @ simple-theme-plugin ---
[INFO] Rule 0: org.apache.maven.enforcer.rules.dependency.RequireReleaseDeps passed
[INFO] 
[INFO] --- localizer:1.31:generate (default) @ simple-theme-plugin ---
[INFO] 
[INFO] --- enforcer:3.6.1:enforce (check-junit-imports) @ simple-theme-plugin ---
[INFO] Rule 0: org.apache.maven.plugins.enforcer.RestrictImports passed
[INFO] 
[INFO] --- resources:3.3.1:resources (default-resources) @ simple-theme-plugin ---
[INFO] Copying 12 resources from src/main/resources to target/classes
[INFO] 
[INFO] --- flatten:1.7.2:flatten (flatten) @ simple-theme-plugin ---
[INFO] Generating flattened POM of project org.jenkins-ci.plugins:simple-theme-plugin:hpi:999999-SNAPSHOT...
[INFO] 
[INFO] --- compiler:3.14.0:compile (default-compile) @ simple-theme-plugin ---
[INFO] Recompiling the module because of changed source code.
[INFO] Compiling 8 source files with javac [debug parameters release 17] to target/classes
[INFO] org.codefirst.SimpleThemeDecorator indexed under hudson.Extension
[INFO] org.jenkinsci.plugins.simpletheme.CssTextThemeElement.DescriptorImpl indexed under hudson.Extension
[INFO] org.jenkinsci.plugins.simpletheme.CssUrlThemeElement.DescriptorImpl indexed under hudson.Extension
[INFO] org.jenkinsci.plugins.simpletheme.FaviconUrlThemeElement.DescriptorImpl indexed under hudson.Extension
[INFO] org.jenkinsci.plugins.simpletheme.JsUrlThemeElement.DescriptorImpl indexed under hudson.Extension
[INFO] /tmp/plugin-builds/simple-theme-plugin/src/main/java/org/jenkinsci/plugins/simpletheme/CssTextThemeElement.java:[18,12] Generating org/jenkinsci/plugins/simpletheme/CssTextThemeElement.stapler
[INFO] /tmp/plugin-builds/simple-theme-plugin/src/main/java/org/jenkinsci/plugins/simpletheme/CssUrlThemeElement.java:[15,12] Generating org/jenkinsci/plugins/simpletheme/CssUrlThemeElement.stapler
[INFO] /tmp/plugin-builds/simple-theme-plugin/src/main/java/org/jenkinsci/plugins/simpletheme/FaviconUrlThemeElement.java:[17,12] Generating org/jenkinsci/plugins/simpletheme/FaviconUrlThemeElement.stapler
[INFO] /tmp/plugin-builds/simple-theme-plugin/src/main/java/org/jenkinsci/plugins/simpletheme/JsUrlThemeElement.java:[15,12] Generating org/jenkinsci/plugins/simpletheme/JsUrlThemeElement.stapler
[INFO] 
[INFO] --- access-modifier-checker:1.35:enforce (default-enforce) @ simple-theme-plugin ---
[INFO] 
[INFO] --- bridge-method-injector:1.32:process (default) @ simple-theme-plugin ---
[INFO] 
[INFO] --- hpi:3.1746.v2e9fe7dc4d95:insert-test (default-insert-test) @ simple-theme-plugin ---
[INFO] 
[INFO] --- antrun:3.1.0:run (createTempDir) @ simple-theme-plugin ---
[INFO] Executing tasks
[INFO]     [mkdir] Created dir: /tmp/plugin-builds/simple-theme-plugin/target/tmp
[INFO] Executed tasks
[INFO] 
[INFO] --- resources:3.3.1:testResources (default-testResources) @ simple-theme-plugin ---
[INFO] Copying 4 resources from src/test/resources to target/test-classes
[INFO] 
[INFO] --- compiler:3.14.0:testCompile (default-testCompile) @ simple-theme-plugin ---
[INFO] Recompiling the module because of changed dependency.
[INFO] Compiling 4 source files with javac [debug parameters release 17] to target/test-classes
[INFO] 
[INFO] --- hpi:3.1746.v2e9fe7dc4d95:test-hpl (default-test-hpl) @ simple-theme-plugin ---
[INFO] Generating /tmp/plugin-builds/simple-theme-plugin/target/test-classes/the.hpl
[INFO] 
[INFO] --- hpi:3.1746.v2e9fe7dc4d95:resolve-test-dependencies (default-resolve-test-dependencies) @ simple-theme-plugin ---
[INFO] 
[INFO] --- hpi:3.1746.v2e9fe7dc4d95:test-runtime (default-test-runtime) @ simple-theme-plugin ---
[INFO] Tests are skipped.
[INFO] 
[INFO] --- surefire:3.5.3:test (default-test) @ simple-theme-plugin ---
[INFO] Tests are skipped.
[INFO] 
[INFO] --- license:184.v19c87b_6b_a_9a_c:process (default) @ simple-theme-plugin ---
[INFO] Generated /tmp/plugin-builds/simple-theme-plugin/target/simple-theme-plugin/WEB-INF/licenses.xml
[INFO] 
[INFO] --- hpi:3.1746.v2e9fe7dc4d95:hpi (default-hpi) @ simple-theme-plugin ---
[INFO] Generating /tmp/plugin-builds/simple-theme-plugin/target/simple-theme-plugin/META-INF/MANIFEST.MF
[INFO] Checking for attached .jar artifact ...
[INFO] Generating jar /tmp/plugin-builds/simple-theme-plugin/target/simple-theme-plugin.jar
[INFO] Building jar: /tmp/plugin-builds/simple-theme-plugin/target/simple-theme-plugin.jar
[INFO] Exploding webapp...
[INFO] Copy webapp webResources to /tmp/plugin-builds/simple-theme-plugin/target/simple-theme-plugin
[INFO] Assembling webapp simple-theme-plugin in /tmp/plugin-builds/simple-theme-plugin/target/simple-theme-plugin
[INFO] Generating hpi /tmp/plugin-builds/simple-theme-plugin/target/simple-theme-plugin.hpi
[INFO] Building jar: /tmp/plugin-builds/simple-theme-plugin/target/simple-theme-plugin.hpi
[INFO] 
[INFO] --- jar:3.4.2:test-jar (maybe-test-jar) @ simple-theme-plugin ---
[INFO] Skipping packaging of the test-jar
[INFO] 
[INFO] >>> spotbugs:4.9.3.2:check (spotbugs) > :spotbugs @ simple-theme-plugin >>>
[INFO] 
[INFO] --- spotbugs:4.9.3.2:spotbugs (spotbugs) @ simple-theme-plugin ---
[INFO] Fork Value is true
[INFO] Done SpotBugs Analysis....
[WARNING] Unable to find a URL to the parent project. The parent menu will NOT be added.
[INFO] Rendering content with org.apache.maven.skins:maven-fluido-skin:jar:2.0.0-M9 skin
[INFO] 
[INFO] <<< spotbugs:4.9.3.2:check (spotbugs) < :spotbugs @ simple-theme-plugin <<<
[INFO] 
[INFO] 
[INFO] --- spotbugs:4.9.3.2:check (spotbugs) @ simple-theme-plugin ---
[INFO] BugInstance size is 0
[INFO] Error size is 0
[INFO] No errors/warnings found
[INFO] 
[INFO] --- spotless:2.46.1:check (default) @ simple-theme-plugin ---
[INFO] Index file does not exist. Fallback to an empty index
[INFO] Spotless.Java is keeping 10 files clean - 0 needs changes to be clean, 10 were already clean, 0 were skipped because caching determined they were already clean
[INFO] Sorting file /tmp/pom9202489419476172947.xml
[INFO] Pom file is already sorted, exiting
[INFO] Spotless.Pom is keeping 1 files clean - 0 needs changes to be clean, 1 were already clean, 0 were skipped because caching determined they were already clean
[INFO] 
[INFO] --- install:3.1.4:install (default-install) @ simple-theme-plugin ---
[INFO] Installing /tmp/plugin-builds/simple-theme-plugin/target/simple-theme-plugin-999999-SNAPSHOT.pom to /home/poddingue/.m2/repository/org/jenkins-ci/plugins/simple-theme-plugin/999999-SNAPSHOT/simple-theme-plugin-999999-SNAPSHOT.pom
[INFO] Installing /tmp/plugin-builds/simple-theme-plugin/target/simple-theme-plugin.hpi to /home/poddingue/.m2/repository/org/jenkins-ci/plugins/simple-theme-plugin/999999-SNAPSHOT/simple-theme-plugin-999999-SNAPSHOT.hpi
[INFO] Installing /tmp/plugin-builds/simple-theme-plugin/target/simple-theme-plugin.jar to /home/poddingue/.m2/repository/org/jenkins-ci/plugins/simple-theme-plugin/999999-SNAPSHOT/simple-theme-plugin-999999-SNAPSHOT.jar
[INFO] ------------------------------------------------------------------------
[INFO] BUILD SUCCESS
[INFO] ------------------------------------------------------------------------
[INFO] Total time:  16.979 s
[INFO] Finished at: 2025-08-21T19:35:48+02:00
[INFO] ------------------------------------------------------------------------
