WARNING: A restricted method in java.lang.System has been called
WARNING: java.lang.System::load has been called by org.fusesource.jansi.internal.JansiLoader in an unnamed module (file:/home/poddingue/.sdkman/candidates/maven/current/lib/jansi-2.4.1.jar)
WARNING: Use --enable-native-access=ALL-UNNAMED to avoid a warning for callers in this module
WARNING: Restricted methods will be blocked in a future release unless native access is enabled

WARNING: A terminally deprecated method in sun.misc.Unsafe has been called
WARNING: sun.misc.Unsafe::objectFieldOffset has been called by com.google.common.util.concurrent.AbstractFuture$UnsafeAtomicHelper (file:/home/poddingue/.sdkman/candidates/maven/current/lib/guava-33.2.1-jre.jar)
WARNING: Please consider reporting this to the maintainers of class com.google.common.util.concurrent.AbstractFuture$UnsafeAtomicHelper
WARNING: sun.misc.Unsafe::objectFieldOffset will be removed in a future release
[INFO] Scanning for projects...
[INFO] 
[INFO] --------------------< org.jenkins-ci.plugins:slack >--------------------
[INFO] Building Slack Notification Plugin 999999-SNAPSHOT
[INFO]   from pom.xml
[INFO] --------------------------------[ hpi ]---------------------------------
[INFO] 
[INFO] --- clean:3.4.1:clean (default-clean) @ slack ---
[INFO] 
[INFO] --- hpi:3.65:validate (default-validate) @ slack ---
[INFO] Created marker file /tmp/plugin-builds/slack/target/java-level/17
[INFO] 
[INFO] --- hpi:3.65:validate-hpi (default-validate-hpi) @ slack ---
[INFO] 
[INFO] --- enforcer:3.5.0:enforce (display-info) @ slack ---
[INFO] Rule 0: io.jenkins.tools.incrementals.enforcer.RequireExtensionVersion passed
[INFO] Rule 1: org.apache.maven.enforcer.rules.version.RequireMavenVersion passed
[INFO] Rule 2: org.apache.maven.enforcer.rules.version.RequireJavaVersion passed
[INFO] Rule 3: org.codehaus.mojo.extraenforcer.dependencies.EnforceBytecodeVersion passed
[INFO] Rule 4: org.apache.maven.enforcer.rules.dependency.BannedDependencies passed
[INFO] Rule 5: org.apache.maven.enforcer.rules.dependency.BannedDependencies passed
[INFO] Ignoring requireUpperBoundDeps in org.ow2.asm:asm
[INFO] Rule 6: org.apache.maven.enforcer.rules.dependency.RequireUpperBoundDeps passed
[INFO] 
[INFO] --- enforcer:3.5.0:enforce (no-snapshots-in-release) @ slack ---
[INFO] Rule 0: org.apache.maven.enforcer.rules.dependency.RequireReleaseDeps passed
[INFO] 
[INFO] --- checkstyle:3.6.0:check (validate) @ slack ---
[INFO] 
[INFO] --- localizer:1.31:generate (default) @ slack ---
[INFO] 
[INFO] --- resources:3.3.1:resources (default-resources) @ slack ---
[INFO] Copying 47 resources from src/main/resources to target/classes
[INFO] 
[INFO] --- flatten:1.7.0:flatten (flatten) @ slack ---
[INFO] Generating flattened POM of project org.jenkins-ci.plugins:slack:hpi:999999-SNAPSHOT...
[INFO] 
[INFO] --- compiler:3.14.0:compile (default-compile) @ slack ---
[INFO] Recompiling the module because of changed source code.
[INFO] Compiling 47 source files with javac [debug parameters release 17] to target/classes
[INFO] jenkins.plugins.slack.SlackMatrixBridge indexed under hudson.Extension
[INFO] jenkins.plugins.slack.SlackNotifier.DescriptorImpl indexed under hudson.Extension
[INFO] jenkins.plugins.slack.pipeline.SlackUploadFileStep.DescriptorImpl indexed under hudson.Extension
[INFO] jenkins.plugins.slack.pipeline.SlackUserIdFromEmailStep.DescriptorImpl indexed under hudson.Extension
[INFO] jenkins.plugins.slack.pipeline.SlackUserIdsFromCommittersStep.DescriptorImpl indexed under hudson.Extension
[INFO] jenkins.plugins.slack.user.EmailSlackUserIdResolver.DescriptorImpl indexed under hudson.Extension
[INFO] jenkins.plugins.slack.user.NoSlackUserIdResolver.DescriptorImpl indexed under hudson.Extension
[INFO] jenkins.plugins.slack.user.SlackUserProperty.DescriptorImpl indexed under hudson.Extension
[INFO] jenkins.plugins.slack.workflow.SlackSendStep.DescriptorImpl indexed under hudson.Extension
[INFO] /tmp/plugin-builds/slack/src/main/java/jenkins/plugins/slack/SlackNotifier.java:[425,12] Generating jenkins/plugins/slack/SlackNotifier.stapler
[INFO] /tmp/plugin-builds/slack/src/main/java/jenkins/plugins/slack/pipeline/SlackUploadFileStep.java:[44,12] Generating jenkins/plugins/slack/pipeline/SlackUploadFileStep.stapler
[INFO] /tmp/plugin-builds/slack/src/main/java/jenkins/plugins/slack/pipeline/SlackUserIdFromEmailStep.java:[48,12] Generating jenkins/plugins/slack/pipeline/SlackUserIdFromEmailStep.stapler
[INFO] /tmp/plugin-builds/slack/src/main/java/jenkins/plugins/slack/pipeline/SlackUserIdsFromCommittersStep.java:[50,12] Generating jenkins/plugins/slack/pipeline/SlackUserIdsFromCommittersStep.stapler
[INFO] /tmp/plugin-builds/slack/src/main/java/jenkins/plugins/slack/user/EmailSlackUserIdResolver.java:[82,12] Generating jenkins/plugins/slack/user/EmailSlackUserIdResolver.stapler
[INFO] /tmp/plugin-builds/slack/src/main/java/jenkins/plugins/slack/user/NoSlackUserIdResolver.java:[33,12] Generating jenkins/plugins/slack/user/NoSlackUserIdResolver.stapler
[INFO] /tmp/plugin-builds/slack/src/main/java/jenkins/plugins/slack/user/SlackUserProperty.java:[42,12] Generating jenkins/plugins/slack/user/SlackUserProperty.stapler
[INFO] /tmp/plugin-builds/slack/src/main/java/jenkins/plugins/slack/workflow/SlackSendStep.java:[200,12] Generating jenkins/plugins/slack/workflow/SlackSendStep.stapler
[INFO] /tmp/plugin-builds/slack/src/main/java/jenkins/plugins/slack/user/SlackUserProperty.java:[36,8] Generating jenkins/plugins/slack/user/SlackUserProperty.javadoc
[INFO] /tmp/plugin-builds/slack/src/main/java/jenkins/plugins/slack/SlackNotifier.java:[783,31] Generating jenkins/plugins/slack/SlackNotifier/DescriptorImpl/doCheckTeamDomain.stapler
[INFO] /tmp/plugin-builds/slack/src/main/java/jenkins/plugins/slack/SlackNotifier.java:[885,31] Generating jenkins/plugins/slack/SlackNotifier/DescriptorImpl/doTestConnectionGlobal.stapler
[INFO] /tmp/plugin-builds/slack/src/main/java/jenkins/plugins/slack/SlackNotifier.java:[790,31] Generating jenkins/plugins/slack/SlackNotifier/DescriptorImpl/doCheckBaseUrl.stapler
[INFO] /tmp/plugin-builds/slack/src/main/java/jenkins/plugins/slack/SlackNotifier.java:[935,31] Generating jenkins/plugins/slack/SlackNotifier/DescriptorImpl/doTestConnection.stapler
[WARNING] /tmp/plugin-builds/slack/src/main/java/jenkins/plugins/slack/SlackNotifier.java:[98,30] deprecated item is not annotated with @Deprecated
[INFO] /tmp/plugin-builds/slack/src/main/java/jenkins/plugins/slack/SlackNotifier.java: Some input files use or override a deprecated API.
[INFO] /tmp/plugin-builds/slack/src/main/java/jenkins/plugins/slack/SlackNotifier.java: Recompile with -Xlint:deprecation for details.
[INFO] /tmp/plugin-builds/slack/src/main/java/jenkins/plugins/slack/ActiveNotifier.java: /tmp/plugin-builds/slack/src/main/java/jenkins/plugins/slack/ActiveNotifier.java uses unchecked or unsafe operations.
[INFO] /tmp/plugin-builds/slack/src/main/java/jenkins/plugins/slack/ActiveNotifier.java: Recompile with -Xlint:unchecked for details.
[INFO] 
[INFO] --- access-modifier-checker:1.35:enforce (default-enforce) @ slack ---
[INFO] Skipping access modifier checks
[INFO] 
[INFO] --- bridge-method-injector:1.31:process (default) @ slack ---
[INFO] 
[INFO] --- hpi:3.65:insert-test (default-insert-test) @ slack ---
[INFO] 
[INFO] --- antrun:3.1.0:run (createTempDir) @ slack ---
[INFO] Executing tasks
[INFO]     [mkdir] Created dir: /tmp/plugin-builds/slack/target/tmp
[INFO] Executed tasks
[INFO] 
[INFO] --- resources:3.3.1:testResources (default-testResources) @ slack ---
[INFO] Not copying test resources
[INFO] 
[INFO] --- compiler:3.14.0:testCompile (default-testCompile) @ slack ---
[INFO] Not compiling test sources
[INFO] 
[INFO] --- hpi:3.65:test-hpl (default-test-hpl) @ slack ---
[INFO] Generating /tmp/plugin-builds/slack/target/test-classes/the.hpl
[INFO] 
[INFO] --- hpi:3.65:resolve-test-dependencies (default-resolve-test-dependencies) @ slack ---
[INFO] 
[INFO] --- hpi:3.65:test-runtime (default-test-runtime) @ slack ---
[INFO] Tests are skipped.
[INFO] 
[INFO] --- surefire:3.5.3:test (default-test) @ slack ---
[INFO] Tests are skipped.
[INFO] 
[INFO] --- license:165.v7e11f4e4a_325:process (default) @ slack ---
[INFO] 
[INFO] --- hpi:3.65:hpi (default-hpi) @ slack ---
[INFO] Generating /tmp/plugin-builds/slack/target/slack/META-INF/MANIFEST.MF
[INFO] Checking for attached .jar artifact ...
[INFO] Generating jar /tmp/plugin-builds/slack/target/slack.jar
[INFO] Building jar: /tmp/plugin-builds/slack/target/slack.jar
[INFO] Exploding webapp...
[INFO] Copy webapp webResources to /tmp/plugin-builds/slack/target/slack
[INFO] Assembling webapp slack in /tmp/plugin-builds/slack/target/slack
[INFO] Generating hpi /tmp/plugin-builds/slack/target/slack.hpi
[INFO] Building jar: /tmp/plugin-builds/slack/target/slack.hpi
[INFO] 
[INFO] --- jar:3.4.2:test-jar (maybe-test-jar) @ slack ---
[INFO] Skipping packaging of the test-jar
[INFO] 
[INFO] >>> spotbugs:4.9.3.0:check (spotbugs) > :spotbugs @ slack >>>
[INFO] 
[INFO] --- spotbugs:4.9.3.0:spotbugs (spotbugs) @ slack ---
[INFO] Skipping com.github.spotbugs:spotbugs-maven-plugin:4.9.3.0:spotbugs report goal
[INFO] 
[INFO] <<< spotbugs:4.9.3.0:check (spotbugs) < :spotbugs @ slack <<<
[INFO] 
[INFO] 
[INFO] --- spotbugs:4.9.3.0:check (spotbugs) @ slack ---
[INFO] Spotbugs plugin skipped
[INFO] 
[INFO] --- spotless:2.44.4:check (default) @ slack ---
[INFO] Spotless check skipped
[INFO] 
[INFO] --- install:3.1.4:install (default-install) @ slack ---
[INFO] Installing /tmp/plugin-builds/slack/target/slack-999999-SNAPSHOT.pom to /home/poddingue/.m2/repository/org/jenkins-ci/plugins/slack/999999-SNAPSHOT/slack-999999-SNAPSHOT.pom
[INFO] Installing /tmp/plugin-builds/slack/target/slack.hpi to /home/poddingue/.m2/repository/org/jenkins-ci/plugins/slack/999999-SNAPSHOT/slack-999999-SNAPSHOT.hpi
[INFO] Installing /tmp/plugin-builds/slack/target/slack.jar to /home/poddingue/.m2/repository/org/jenkins-ci/plugins/slack/999999-SNAPSHOT/slack-999999-SNAPSHOT.jar
[INFO] ------------------------------------------------------------------------
[INFO] BUILD SUCCESS
[INFO] ------------------------------------------------------------------------
[INFO] Total time:  14.155 s
[INFO] Finished at: 2025-06-22T17:49:27+02:00
[INFO] ------------------------------------------------------------------------
