WARNING: A restricted method in java.lang.System has been called
WARNING: java.lang.System::load has been called by org.fusesource.jansi.internal.JansiLoader in an unnamed module (file:/home/poddingue/.sdkman/candidates/maven/current/lib/jansi-2.4.1.jar)
WARNING: Use --enable-native-access=ALL-UNNAMED to avoid a warning for callers in this module
WARNING: Restricted methods will be blocked in a future release unless native access is enabled

WARNING: A terminally deprecated method in sun.misc.Unsafe has been called
WARNING: sun.misc.Unsafe::objectFieldOffset has been called by com.google.common.util.concurrent.AbstractFuture$UnsafeAtomicHelper (file:/home/poddingue/.sdkman/candidates/maven/current/lib/guava-33.2.1-jre.jar)
WARNING: Please consider reporting this to the maintainers of class com.google.common.util.concurrent.AbstractFuture$UnsafeAtomicHelper
WARNING: sun.misc.Unsafe::objectFieldOffset will be removed in a future release
[INFO] Scanning for projects...
[INFO] 
[INFO] ------------------< io.jenkins.plugins:snakeyaml-api >------------------
[INFO] Building SnakeYAML API Plugin 2.4-999999-SNAPSHOT
[INFO]   from pom.xml
[INFO] --------------------------------[ hpi ]---------------------------------
[INFO] 
[INFO] --- clean:3.4.1:clean (default-clean) @ snakeyaml-api ---
[INFO] 
[INFO] --- hpi:3.65:validate (default-validate) @ snakeyaml-api ---
[INFO] Created marker file /tmp/plugin-builds/snakeyaml-api/target/java-level/17
[INFO] 
[INFO] --- hpi:3.65:validate-hpi (default-validate-hpi) @ snakeyaml-api ---
[INFO] 
[INFO] --- enforcer:3.5.0:enforce (display-info) @ snakeyaml-api ---
[INFO] Rule 0: io.jenkins.tools.incrementals.enforcer.RequireExtensionVersion passed
[INFO] Rule 1: org.apache.maven.enforcer.rules.version.RequireMavenVersion passed
[INFO] Rule 2: org.apache.maven.enforcer.rules.version.RequireJavaVersion passed
[INFO] Rule 3: org.codehaus.mojo.extraenforcer.dependencies.EnforceBytecodeVersion passed
[INFO] Rule 4: org.apache.maven.enforcer.rules.dependency.BannedDependencies passed
[INFO] Rule 5: org.apache.maven.enforcer.rules.dependency.BannedDependencies passed
[INFO] Rule 6: org.apache.maven.enforcer.rules.dependency.RequireUpperBoundDeps passed
[INFO] 
[INFO] --- enforcer:3.5.0:enforce (no-snapshots-in-release) @ snakeyaml-api ---
[INFO] Rule 0: org.apache.maven.enforcer.rules.dependency.RequireReleaseDeps passed
[INFO] 
[INFO] --- localizer:1.31:generate (default) @ snakeyaml-api ---
[INFO] 
[INFO] --- resources:3.3.1:resources (default-resources) @ snakeyaml-api ---
[INFO] Copying 1 resource from src/main/resources to target/classes
[INFO] 
[INFO] --- flatten:1.7.0:flatten (flatten) @ snakeyaml-api ---
[INFO] Generating flattened POM of project io.jenkins.plugins:snakeyaml-api:hpi:2.4-999999-SNAPSHOT...
[INFO] 
[INFO] --- compiler:3.14.0:compile (default-compile) @ snakeyaml-api ---
[INFO] Nothing to compile - all classes are up to date.
[INFO] 
[INFO] --- access-modifier-checker:1.35:enforce (default-enforce) @ snakeyaml-api ---
[INFO] Skipping access modifier checks
[INFO] 
[INFO] --- bridge-method-injector:1.31:process (default) @ snakeyaml-api ---
[INFO] 
[INFO] --- hpi:3.65:insert-test (default-insert-test) @ snakeyaml-api ---
[INFO] 
[INFO] --- antrun:3.1.0:run (createTempDir) @ snakeyaml-api ---
[INFO] Executing tasks
[INFO]     [mkdir] Created dir: /tmp/plugin-builds/snakeyaml-api/target/tmp
[INFO] Executed tasks
[INFO] 
[INFO] --- resources:3.3.1:testResources (default-testResources) @ snakeyaml-api ---
[INFO] Not copying test resources
[INFO] 
[INFO] --- compiler:3.14.0:testCompile (default-testCompile) @ snakeyaml-api ---
[INFO] Not compiling test sources
[INFO] 
[INFO] --- hpi:3.65:test-hpl (default-test-hpl) @ snakeyaml-api ---
[INFO] Generating /tmp/plugin-builds/snakeyaml-api/target/test-classes/the.hpl
[INFO] 
[INFO] --- hpi:3.65:resolve-test-dependencies (default-resolve-test-dependencies) @ snakeyaml-api ---
[INFO] 
[INFO] --- hpi:3.65:test-runtime (default-test-runtime) @ snakeyaml-api ---
[INFO] Tests are skipped.
[INFO] 
[INFO] --- surefire:3.5.3:test (default-test) @ snakeyaml-api ---
[INFO] Tests are skipped.
[INFO] 
[INFO] --- license:165.v7e11f4e4a_325:process (default) @ snakeyaml-api ---
[INFO] 
[INFO] --- hpi:3.65:hpi (default-hpi) @ snakeyaml-api ---
[INFO] Generating /tmp/plugin-builds/snakeyaml-api/target/snakeyaml-api/META-INF/MANIFEST.MF
[INFO] Checking for attached .jar artifact ...
[INFO] Generating jar /tmp/plugin-builds/snakeyaml-api/target/snakeyaml-api.jar
[INFO] Building jar: /tmp/plugin-builds/snakeyaml-api/target/snakeyaml-api.jar
[INFO] Exploding webapp...
[INFO] Copy webapp webResources to /tmp/plugin-builds/snakeyaml-api/target/snakeyaml-api
[INFO] Assembling webapp snakeyaml-api in /tmp/plugin-builds/snakeyaml-api/target/snakeyaml-api
[INFO] Bundling direct dependency snakeyaml-2.4.jar
[INFO] Generating hpi /tmp/plugin-builds/snakeyaml-api/target/snakeyaml-api.hpi
[INFO] Building jar: /tmp/plugin-builds/snakeyaml-api/target/snakeyaml-api.hpi
[INFO] 
[INFO] --- jar:3.4.2:test-jar (maybe-test-jar) @ snakeyaml-api ---
[INFO] Skipping packaging of the test-jar
[INFO] 
[INFO] >>> spotbugs:4.9.3.0:check (spotbugs) > :spotbugs @ snakeyaml-api >>>
[INFO] 
[INFO] --- spotbugs:4.9.3.0:spotbugs (spotbugs) @ snakeyaml-api ---
[INFO] Skipping com.github.spotbugs:spotbugs-maven-plugin:4.9.3.0:spotbugs report goal
[INFO] 
[INFO] <<< spotbugs:4.9.3.0:check (spotbugs) < :spotbugs @ snakeyaml-api <<<
[INFO] 
[INFO] 
[INFO] --- spotbugs:4.9.3.0:check (spotbugs) @ snakeyaml-api ---
[INFO] Spotbugs plugin skipped
[INFO] 
[INFO] --- spotless:2.44.4:check (default) @ snakeyaml-api ---
[INFO] Spotless check skipped
[INFO] 
[INFO] --- install:3.1.4:install (default-install) @ snakeyaml-api ---
[INFO] Installing /tmp/plugin-builds/snakeyaml-api/target/snakeyaml-api-2.4-999999-SNAPSHOT.pom to /home/poddingue/.m2/repository/io/jenkins/plugins/snakeyaml-api/2.4-999999-SNAPSHOT/snakeyaml-api-2.4-999999-SNAPSHOT.pom
[INFO] Installing /tmp/plugin-builds/snakeyaml-api/target/snakeyaml-api.hpi to /home/poddingue/.m2/repository/io/jenkins/plugins/snakeyaml-api/2.4-999999-SNAPSHOT/snakeyaml-api-2.4-999999-SNAPSHOT.hpi
[INFO] Installing /tmp/plugin-builds/snakeyaml-api/target/snakeyaml-api.jar to /home/poddingue/.m2/repository/io/jenkins/plugins/snakeyaml-api/2.4-999999-SNAPSHOT/snakeyaml-api-2.4-999999-SNAPSHOT.jar
[INFO] ------------------------------------------------------------------------
[INFO] BUILD SUCCESS
[INFO] ------------------------------------------------------------------------
[INFO] Total time:  4.817 s
[INFO] Finished at: 2025-06-22T17:03:44+02:00
[INFO] ------------------------------------------------------------------------
