WARNING: A restricted method in java.lang.System has been called
WARNING: java.lang.System::load has been called by org.fusesource.jansi.internal.JansiLoader in an unnamed module (file:/home/poddingue/.sdkman/candidates/maven/current/lib/jansi-2.4.1.jar)
WARNING: Use --enable-native-access=ALL-UNNAMED to avoid a warning for callers in this module
WARNING: Restricted methods will be blocked in a future release unless native access is enabled

WARNING: A terminally deprecated method in sun.misc.Unsafe has been called
WARNING: sun.misc.Unsafe::objectFieldOffset has been called by com.google.common.util.concurrent.AbstractFuture$UnsafeAtomicHelper (file:/home/poddingue/.sdkman/candidates/maven/current/lib/guava-33.2.1-jre.jar)
WARNING: Please consider reporting this to the maintainers of class com.google.common.util.concurrent.AbstractFuture$UnsafeAtomicHelper
WARNING: sun.misc.Unsafe::objectFieldOffset will be removed in a future release
[INFO] Scanning for projects...
[INFO] 
[INFO] --------------------< org.jenkins-ci.plugins:sonar >--------------------
[INFO] Building SonarQube Scanner for Jenkins 2.18.1-SNAPSHOT
[INFO]   from pom.xml
[INFO] --------------------------------[ hpi ]---------------------------------
[INFO] 
[INFO] --- clean:3.4.0:clean (default-clean) @ sonar ---
[INFO] 
[INFO] --- hpi:3.57:validate (default-validate) @ sonar ---
[INFO] Created marker file /tmp/plugin-builds/sonar/target/java-level/11
[INFO] 
[INFO] --- hpi:3.57:validate-hpi (default-validate-hpi) @ sonar ---
[INFO] 
[INFO] --- enforcer:3.5.0:enforce (display-info) @ sonar ---
[INFO] Rule 0: io.jenkins.tools.incrementals.enforcer.RequireExtensionVersion passed
[INFO] Rule 1: org.apache.maven.enforcer.rules.version.RequireMavenVersion passed
[INFO] Rule 2: org.apache.maven.enforcer.rules.version.RequireJavaVersion passed
[INFO] Rule 3: org.codehaus.mojo.extraenforcer.dependencies.EnforceBytecodeVersion passed
[INFO] Rule 4: org.apache.maven.enforcer.rules.dependency.BannedDependencies passed
[INFO] Rule 5: org.apache.maven.enforcer.rules.dependency.RequireUpperBoundDeps passed
[INFO] 
[INFO] --- enforcer:3.5.0:enforce (no-snapshots-in-release) @ sonar ---
[INFO] Rule 0: org.apache.maven.enforcer.rules.dependency.RequireReleaseDeps passed
[INFO] 
[INFO] --- license:3.0:check (enforce-license-headers) @ sonar ---
[INFO] 
[INFO] --- localizer:1.31:generate (default) @ sonar ---
[INFO] 
[INFO] --- resources:3.3.1:resources (default-resources) @ sonar ---
[INFO] Copying 41 resources from src/main/resources to target/classes
[INFO] 
[INFO] --- flatten:1.6.0:flatten (flatten) @ sonar ---
[INFO] Generating flattened POM of project org.jenkins-ci.plugins:sonar:hpi:2.18.1-SNAPSHOT...
[INFO] 
[INFO] --- compiler:3.13.0:compile (default-compile) @ sonar ---
[INFO] Recompiling the module because of changed source code.
[INFO] Compiling 57 source files with javac [debug parameters release 17] to target/classes
[INFO] hudson.plugins.sonar.MsBuildSQRunnerBegin.DescriptorImpl indexed under hudson.Extension
[INFO] hudson.plugins.sonar.MsBuildSQRunnerEnd.DescriptorImpl indexed under hudson.Extension
[INFO] hudson.plugins.sonar.MsBuildSQRunnerInstallation.DescriptorImpl indexed under hudson.Extension
[INFO] hudson.plugins.sonar.MsBuildSonarQubeRunnerInstaller.MsBuildScannerInstallerDescriptorImpl indexed under hudson.Extension
[INFO] hudson.plugins.sonar.SonarBuildWrapper.DescriptorImpl indexed under hudson.Extension
[INFO] hudson.plugins.sonar.SonarGlobalConfiguration indexed under hudson.Extension
[INFO] hudson.plugins.sonar.SonarPublisher.DescriptorImpl indexed under hudson.Extension
[INFO] hudson.plugins.sonar.SonarRunnerBuilder.DescriptorImpl indexed under hudson.Extension
[INFO] hudson.plugins.sonar.SonarRunnerInstallation.DescriptorImpl indexed under hudson.Extension
[INFO] hudson.plugins.sonar.SonarRunnerInstaller.SonarRunnerInstallerDescriptorImpl indexed under hudson.Extension
[INFO] hudson.plugins.sonar.action.SonarBuildBadgeActionFactory indexed under hudson.Extension
[INFO] hudson.plugins.sonar.action.SonarProjectActionFactory indexed under hudson.Extension
[INFO] hudson.plugins.sonar.configurationslicing.SonarPublisherAdditionalPropertiesSlicer indexed under hudson.Extension
[INFO] hudson.plugins.sonar.configurationslicing.SonarPublisherBranchSlicer indexed under hudson.Extension
[INFO] hudson.plugins.sonar.configurationslicing.SonarPublisherJdkSlicer indexed under hudson.Extension
[INFO] hudson.plugins.sonar.configurationslicing.SonarPublisherSQServerSlicer indexed under hudson.Extension
[INFO] hudson.plugins.sonar.configurationslicing.SonarRunnerBuilderJdkSlicer indexed under hudson.Extension
[INFO] hudson.plugins.sonar.configurationslicing.SonarRunnerBuilderSQRunnerSlicer indexed under hudson.Extension
[INFO] hudson.plugins.sonar.configurationslicing.SonarRunnerBuilderSQServerSlicer indexed under hudson.Extension
[INFO] org.sonarsource.scanner.jenkins.pipeline.SonarQubeWebHook indexed under hudson.Extension
[INFO] org.sonarsource.scanner.jenkins.pipeline.SonarQubeWebHookCrumbExclusion indexed under hudson.Extension
[INFO] org.sonarsource.scanner.jenkins.pipeline.WaitForQualityGateStep.DescriptorImpl indexed under hudson.Extension
[INFO] /tmp/plugin-builds/sonar/src/main/java/hudson/plugins/sonar/SonarBuildWrapper.java: Some input files use or override a deprecated API.
[INFO] /tmp/plugin-builds/sonar/src/main/java/hudson/plugins/sonar/SonarBuildWrapper.java: Recompile with -Xlint:deprecation for details.
[INFO] /tmp/plugin-builds/sonar/src/main/java/hudson/plugins/sonar/utils/SonarUtils.java: Some input files use unchecked or unsafe operations.
[INFO] /tmp/plugin-builds/sonar/src/main/java/hudson/plugins/sonar/utils/SonarUtils.java: Recompile with -Xlint:unchecked for details.
[INFO] 
[INFO] --- access-modifier-checker:1.33:enforce (default-enforce) @ sonar ---
[INFO] Skipping access modifier checks
[INFO] 
[INFO] --- hpi:3.57:insert-test (default-insert-test) @ sonar ---
[INFO] 
[INFO] --- antrun:3.1.0:run (createTempDir) @ sonar ---
[INFO] Executing tasks
[INFO]     [mkdir] Created dir: /tmp/plugin-builds/sonar/target/tmp
[INFO] Executed tasks
[INFO] 
[INFO] --- resources:3.3.1:testResources (default-testResources) @ sonar ---
[INFO] Not copying test resources
[INFO] 
[INFO] --- compiler:3.13.0:testCompile (default-testCompile) @ sonar ---
[INFO] Not compiling test sources
[INFO] 
[INFO] --- hpi:3.57:test-hpl (default-test-hpl) @ sonar ---
[INFO] Generating /tmp/plugin-builds/sonar/target/test-classes/the.hpl
[INFO] 
[INFO] --- hpi:3.57:resolve-test-dependencies (default-resolve-test-dependencies) @ sonar ---
[INFO] 
[INFO] --- hpi:3.57:test-runtime (default-test-runtime) @ sonar ---
[INFO] Tests are skipped.
[INFO] 
[INFO] --- surefire:3.5.0:test (default-test) @ sonar ---
[INFO] Tests are skipped.
[INFO] 
[INFO] --- license:139.v9b_5625f30dcb_:process (default) @ sonar ---
[INFO] 
[INFO] --- hpi:3.57:hpi (default-hpi) @ sonar ---
[INFO] Generating /tmp/plugin-builds/sonar/target/sonar/META-INF/MANIFEST.MF
[INFO] Checking for attached .jar artifact ...
[INFO] Generating jar /tmp/plugin-builds/sonar/target/sonar.jar
[INFO] Building jar: /tmp/plugin-builds/sonar/target/sonar.jar
[INFO] Exploding webapp...
[INFO] Copy webapp webResources to /tmp/plugin-builds/sonar/target/sonar
[INFO] Assembling webapp sonar in /tmp/plugin-builds/sonar/target/sonar
[WARNING] Bundling transitive dependency gson-2.10.1.jar (via sonar-ws)
[INFO] Bundling direct dependency protobuf-java-3.25.5.jar
[INFO] Bundling direct dependency commons-codec-1.17.0.jar
[INFO] Bundling direct dependency jakarta.activation-api-1.2.2.jar
[WARNING] Bundling transitive dependency javax.annotation-api-1.3.2.jar (via sonar-ws)
[WARNING] Bundling transitive dependency slf4j-api-2.0.13.jar (via sonar-ws)
[WARNING] Bundling transitive dependency sonar-plugin-api-10.2.0.1908.jar (via sonar-ws)
[INFO] Bundling direct dependency sonar-ws-10.3.0.82913.jar
[INFO] Generating hpi /tmp/plugin-builds/sonar/target/sonar.hpi
[INFO] Building jar: /tmp/plugin-builds/sonar/target/sonar.hpi
[INFO] 
[INFO] --- jar:3.4.2:test-jar (maybe-test-jar) @ sonar ---
[INFO] Skipping packaging of the test-jar
[INFO] 
[INFO] --- cyclonedx:2.7.9:makeAggregateBom (default) @ sonar ---
[INFO] CycloneDX: Resolving Dependencies
[INFO] CycloneDX: Creating BOM version 1.4 with 404 component(s)
[INFO] CycloneDX: Writing and validating BOM (JSON): /tmp/plugin-builds/sonar/target/bom.json
[WARNING] Unknown keyword additionalItems - you should define your own Meta Schema. If the keyword is irrelevant for validation, just use a NonValidationKeyword
[INFO]            attaching as sonar-2.18.1-SNAPSHOT-cyclonedx.json
[INFO] 
[INFO] >>> spotbugs:4.8.3.1:check (spotbugs) > :spotbugs @ sonar >>>
[INFO] 
[INFO] --- spotbugs:4.8.3.1:spotbugs (spotbugs) @ sonar ---
[INFO] 
[INFO] <<< spotbugs:4.8.3.1:check (spotbugs) < :spotbugs @ sonar <<<
[INFO] 
[INFO] 
[INFO] --- spotbugs:4.8.3.1:check (spotbugs) @ sonar ---
[INFO] Spotbugs plugin skipped
[INFO] 
[INFO] --- spotless:2.43.0:check (default) @ sonar ---
[INFO] Spotless check skipped
[INFO] 
[INFO] --- install:3.1.3:install (default-install) @ sonar ---
[INFO] Installing /tmp/plugin-builds/sonar/target/sonar-2.18.1-SNAPSHOT.pom to /home/poddingue/.m2/repository/org/jenkins-ci/plugins/sonar/2.18.1-SNAPSHOT/sonar-2.18.1-SNAPSHOT.pom
[INFO] Installing /tmp/plugin-builds/sonar/target/sonar.hpi to /home/poddingue/.m2/repository/org/jenkins-ci/plugins/sonar/2.18.1-SNAPSHOT/sonar-2.18.1-SNAPSHOT.hpi
[INFO] Installing /tmp/plugin-builds/sonar/target/sonar.jar to /home/poddingue/.m2/repository/org/jenkins-ci/plugins/sonar/2.18.1-SNAPSHOT/sonar-2.18.1-SNAPSHOT.jar
[INFO] Installing /tmp/plugin-builds/sonar/target/bom.json to /home/poddingue/.m2/repository/org/jenkins-ci/plugins/sonar/2.18.1-SNAPSHOT/sonar-2.18.1-SNAPSHOT-cyclonedx.json
[INFO] ------------------------------------------------------------------------
[INFO] BUILD SUCCESS
[INFO] ------------------------------------------------------------------------
[INFO] Total time:  22.910 s
[INFO] Finished at: 2025-07-09T12:15:46+02:00
[INFO] ------------------------------------------------------------------------
