[INFO] Scanning for projects...
[INFO] Artifact org.jenkins-ci.tools:maven-hpi-plugin:pom:3.1801.v26037216c7d3 is present in the local repository, but cached from a remote repository ID that is unavailable in current build context, verifying that is downloadable from [incrementals (https://repo.jenkins-ci.org/incrementals/, default, releases), central (https://repo.maven.apache.org/maven2, default, releases)]
[INFO] Artifact org.jenkins-ci.tools:maven-hpi-plugin:pom:3.1801.v26037216c7d3 is present in the local repository, but cached from a remote repository ID that is unavailable in current build context, verifying that is downloadable from [incrementals (https://repo.jenkins-ci.org/incrementals/, default, releases), central (https://repo.maven.apache.org/maven2, default, releases)]
[WARNING] The POM for org.jenkins-ci.tools:maven-hpi-plugin:jar:3.1801.v26037216c7d3 is missing, no dependency information available
[INFO] Artifact org.jenkins-ci.tools:maven-hpi-plugin:jar:3.1801.v26037216c7d3 is present in the local repository, but cached from a remote repository ID that is unavailable in current build context, verifying that is downloadable from [incrementals (https://repo.jenkins-ci.org/incrementals/, default, releases), central (https://repo.maven.apache.org/maven2, default, releases)]
[INFO] Artifact org.jenkins-ci.tools:maven-hpi-plugin:jar:3.1801.v26037216c7d3 is present in the local repository, but cached from a remote repository ID that is unavailable in current build context, verifying that is downloadable from [incrementals (https://repo.jenkins-ci.org/incrementals/, default, releases), central (https://repo.maven.apache.org/maven2, default, releases)]
[WARNING] Failed to build parent project for org.jenkins-ci.plugins:sse-gateway:hpi:1.30-SNAPSHOT
[INFO] 
[INFO] -----------------< org.jenkins-ci.plugins:sse-gateway >-----------------
[INFO] Building Server Sent Events (SSE) Gateway Plugin 1.30-SNAPSHOT
[INFO]   from pom.xml
[INFO] --------------------------------[ hpi ]---------------------------------
[INFO] 
[INFO] --- clean:3.5.0:clean (default-clean) @ sse-gateway ---
[INFO] 
[INFO] --- hpi:3.1801.v26037216c7d3:validate (default-validate) @ sse-gateway ---
[INFO] Created marker file /tmp/plugin-builds/sse-gateway/target/java-level/17
[INFO] 
[INFO] --- hpi:3.1801.v26037216c7d3:validate-hpi (default-validate-hpi) @ sse-gateway ---
[INFO] 
[INFO] --- enforcer:3.6.2:enforce (display-info) @ sse-gateway ---
[INFO] Rule 0: io.jenkins.tools.incrementals.enforcer.RequireExtensionVersion passed
[INFO] Rule 1: org.apache.maven.enforcer.rules.version.RequireMavenVersion passed
[INFO] Rule 2: org.apache.maven.enforcer.rules.version.RequireJavaVersion passed
[INFO] Rule 3: org.apache.maven.enforcer.rules.RequirePluginVersions passed
[INFO] Rule 4: org.codehaus.mojo.extraenforcer.dependencies.EnforceBytecodeVersion passed
[INFO] Rule 5: org.apache.maven.enforcer.rules.dependency.BannedDependencies passed
[INFO] Rule 6: org.apache.maven.enforcer.rules.dependency.BannedDependencies passed
[INFO] Rule 7: org.apache.maven.enforcer.rules.dependency.RequireUpperBoundDeps passed
[INFO] 
[INFO] --- enforcer:3.6.2:enforce (no-snapshots-in-release) @ sse-gateway ---
[INFO] Rule 0: org.apache.maven.enforcer.rules.dependency.RequireReleaseDeps passed
[INFO] 
[INFO] --- frontend:2.0.0:install-node-and-npm (install node and npm) @ sse-gateway ---
[INFO] Installing node version v8.17.0
[INFO] Downloading https://repo.jenkins-ci.org/nodejs-dist/v8.17.0/node-v8.17.0-linux-x64.tar.gz to /home/runner/.m2/repository/com/github/eirslett/node/8.17.0/node-8.17.0-linux-x64.tar.gz
[INFO] No proxies configured
[INFO] No proxy was configured, downloading directly
[INFO] Unpacking /home/runner/.m2/repository/com/github/eirslett/node/8.17.0/node-8.17.0-linux-x64.tar.gz into /tmp/plugin-builds/sse-gateway/node/tmp
[INFO] Copying node binary from /tmp/plugin-builds/sse-gateway/node/tmp/node-v8.17.0-linux-x64/bin/node to /tmp/plugin-builds/sse-gateway/node/node
[INFO] Installed node locally.
[INFO] Installing npm version 6.13.4
[INFO] Downloading https://repo.jenkins-ci.org/npm-dist/npm-6.13.4.tgz to /home/runner/.m2/repository/com/github/eirslett/npm/6.13.4/npm-6.13.4.tar.gz
[INFO] No proxies configured
[INFO] No proxy was configured, downloading directly
[INFO] Unpacking /home/runner/.m2/repository/com/github/eirslett/npm/6.13.4/npm-6.13.4.tar.gz into /tmp/plugin-builds/sse-gateway/node/node_modules
[INFO] Installed npm locally.
[INFO] 
[INFO] --- frontend:2.0.0:npm (npm install) @ sse-gateway ---
[INFO] Running 'npm ci' in /tmp/plugin-builds/sse-gateway
[INFO] 
[INFO] > es5-ext@0.10.64 postinstall /tmp/plugin-builds/sse-gateway/node_modules/es5-ext
[INFO] >  node -e "try{require('./_postinstall')}catch(e){}" || exit 0
[INFO] 
[INFO] 
[INFO] > core-js@2.6.12 postinstall /tmp/plugin-builds/sse-gateway/node_modules/core-js
[INFO] > node -e "try{require('./postinstall')}catch(e){}"
[INFO] 
[INFO] added 868 packages in 11.944s
[INFO] 
[INFO] --- localizer:1.31:generate (default) @ sse-gateway ---
[INFO] 
[INFO] --- frontend:2.0.0:npm (npm mvnbuild) @ sse-gateway ---
[INFO] Running 'npm run mvnbuild' in /tmp/plugin-builds/sse-gateway
[INFO] 
[INFO] > @jenkins-cd/sse-gateway@0.0.22 mvnbuild /tmp/plugin-builds/sse-gateway
[INFO] > gulp bundle
[INFO] 
[INFO] [03:12:27] Test specs: src/test/js/**/*-spec.{js,jsx} (use --testFileSuffix switch to select different files)
[INFO] [03:12:27] Language level set to ECMA v5. Call builder.lang([number]) to change.
[INFO] [03:12:27] **********************************************************************
[INFO] [03:12:27] This build is using Jenkins JS Builder.
[INFO] [03:12:27]   For command line options and other help, go to
[INFO] [03:12:27]   https://www.npmjs.com/package/@jenkins-cd/js-builder
[INFO] [03:12:27] **********************************************************************
[INFO] [03:12:27] Maven project.
[INFO] [03:12:27] 	- Jenkins plugin (HPI): sse-gateway
[INFO] [03:12:27] Defining default tasks: lint,test,bundle
[INFO] [03:12:27] Using gulpfile /tmp/plugin-builds/sse-gateway/gulpfile.js
[INFO] [03:12:27] Starting 'log-env'...
[INFO] [03:12:27] Source Dirs:
[INFO] [03:12:27]  - src: src/main/js,src/main/less
[INFO] [03:12:27]  - test: src/test/js
[INFO] [03:12:27] Finished 'log-env' after 545 μs
[INFO] [03:12:27] Starting 'bundle'...
[INFO] [03:12:27] Warning: Skipping 'bundle' task. No 'module' bundles are registered. Call require('jenkins-js-build').bundle([module]) in gulpfile.js.
[INFO] [03:12:27] bundling: done
[INFO] [03:12:27] Finished 'bundle' after 396 μs
[INFO] 
[INFO] --- enforcer:3.6.2:enforce (check-junit-imports) @ sse-gateway ---
[INFO] Skipping Rule Enforcement.
[INFO] 
[INFO] --- enforcer:3.6.2:enforce (check-commons-lang-imports) @ sse-gateway ---
[INFO] Skipping Rule Enforcement.
[INFO] 
[INFO] --- resources:2.7:resources (default-resources) @ sse-gateway ---
[INFO] Using 'UTF-8' encoding to copy filtered resources.
[INFO] Copying 2 resources
[INFO] 
[INFO] --- flatten:1.7.3:flatten (flatten) @ sse-gateway ---
[INFO] Generating flattened POM of project org.jenkins-ci.plugins:sse-gateway:hpi:1.30-SNAPSHOT...
[INFO] 
[INFO] --- compiler:3.14.1:compile (default-compile) @ sse-gateway ---
[INFO] Recompiling the module because of changed source code.
[INFO] Compiling 9 source files with javac [debug parameters release 17] to target/classes
[INFO] org.jenkinsci.plugins.ssegateway.Endpoint indexed under hudson.Extension
[INFO] org.jenkinsci.plugins.ssegateway.sse.EventDispatcher.SSEHttpSessionListener indexed under hudson.Extension
[INFO] /tmp/plugin-builds/sse-gateway/src/main/java/org/jenkinsci/plugins/ssegateway/EventHistoryStore.java: Some input files use or override a deprecated API.
[INFO] /tmp/plugin-builds/sse-gateway/src/main/java/org/jenkinsci/plugins/ssegateway/EventHistoryStore.java: Recompile with -Xlint:deprecation for details.
[INFO] /tmp/plugin-builds/sse-gateway/src/main/java/org/jenkinsci/plugins/ssegateway/sse/EventDispatcherFactory.java: /tmp/plugin-builds/sse-gateway/src/main/java/org/jenkinsci/plugins/ssegateway/sse/EventDispatcherFactory.java uses unchecked or unsafe operations.
[INFO] /tmp/plugin-builds/sse-gateway/src/main/java/org/jenkinsci/plugins/ssegateway/sse/EventDispatcherFactory.java: Recompile with -Xlint:unchecked for details.
[INFO] 
[INFO] --- access-modifier-checker:1.35:enforce (default-enforce) @ sse-gateway ---
[INFO] 
[INFO] --- bridge-method-injector:1.32:process (default) @ sse-gateway ---
[INFO] 
[INFO] --- hpi:3.1801.v26037216c7d3:insert-test (default-insert-test) @ sse-gateway ---
[INFO] 
[INFO] --- antrun:3.2.0:run (createTempDir) @ sse-gateway ---
[INFO] Executing tasks
[INFO]     [mkdir] Created dir: /tmp/plugin-builds/sse-gateway/target/tmp
[INFO] Executed tasks
[INFO] 
[INFO] --- resources:2.7:testResources (default-testResources) @ sse-gateway ---
[INFO] Not copying test resources
[INFO] 
[INFO] --- compiler:3.14.1:testCompile (default-testCompile) @ sse-gateway ---
[INFO] Not compiling test sources
[INFO] 
[INFO] --- hpi:3.1801.v26037216c7d3:test-hpl (default-test-hpl) @ sse-gateway ---
[INFO] Generating /tmp/plugin-builds/sse-gateway/target/test-classes/the.hpl
[INFO] 
[INFO] --- hpi:3.1801.v26037216c7d3:resolve-test-dependencies (default-resolve-test-dependencies) @ sse-gateway ---
[INFO] 
[INFO] --- hpi:3.1801.v26037216c7d3:test-runtime (default-test-runtime) @ sse-gateway ---
[INFO] Tests are skipped.
[INFO] 
[INFO] --- surefire:3.5.4:test (default-test) @ sse-gateway ---
[INFO] Tests are skipped.
[INFO] 
[INFO] --- frontend:2.0.0:npm (npm mvntest) @ sse-gateway ---
[INFO] Running 'npm run mvntest' in /tmp/plugin-builds/sse-gateway
[INFO] 
[INFO] > @jenkins-cd/sse-gateway@0.0.22 mvntest /tmp/plugin-builds/sse-gateway
[INFO] > gulp test
[INFO] 
[INFO] [03:12:42] Test specs: src/test/js/**/*-spec.{js,jsx} (use --testFileSuffix switch to select different files)
[INFO] [03:12:42] Language level set to ECMA v5. Call builder.lang([number]) to change.
[INFO] [03:12:42] **********************************************************************
[INFO] [03:12:42] This build is using Jenkins JS Builder.
[INFO] [03:12:42]   For command line options and other help, go to
[INFO] [03:12:42]   https://www.npmjs.com/package/@jenkins-cd/js-builder
[INFO] [03:12:42] **********************************************************************
[INFO] [03:12:42] Maven project.
[INFO] [03:12:42] 	- Jenkins plugin (HPI): sse-gateway
[INFO] [03:12:42] Defining default tasks: lint,test,bundle
[INFO] [03:12:42] Using gulpfile /tmp/plugin-builds/sse-gateway/gulpfile.js
[INFO] [03:12:42] Starting 'log-env'...
[INFO] [03:12:42] Source Dirs:
[INFO] [03:12:42]  - src: src/main/js,src/main/less
[INFO] [03:12:42]  - test: src/test/js
[INFO] [03:12:42] Finished 'log-env' after 551 μs
[INFO] [03:12:42] Starting 'bundle'...
[INFO] [03:12:42] Warning: Skipping 'bundle' task. No 'module' bundles are registered. Call require('jenkins-js-build').bundle([module]) in gulpfile.js.
[INFO] [03:12:42] bundling: done
[INFO] [03:12:42] Finished 'bundle' after 395 μs
[INFO] [03:12:42] Starting 'test'...
[INFO] [03:12:42] Testing web server started on port 18999 (http://localhost:18999). Content root: /tmp/plugin-builds/sse-gateway
[INFO] [03:12:42] Finished 'test' after 35 ms
[INFO] SUCCESS: 0 specs, 0 failures, 0 skipped, 0 disabled in 0.001s.
[INFO] [03:12:42] Testing web server stopped.
[INFO] 
[INFO] --- license:203.vffb_768f15d51:process (default) @ sse-gateway ---
[INFO] Generated /tmp/plugin-builds/sse-gateway/target/sse-gateway/WEB-INF/licenses.xml
[INFO] 
[INFO] --- hpi:3.1801.v26037216c7d3:hpi (default-hpi) @ sse-gateway ---
[INFO] Generating /tmp/plugin-builds/sse-gateway/target/sse-gateway/META-INF/MANIFEST.MF
[INFO] Checking for attached .jar artifact ...
[INFO] Generating jar /tmp/plugin-builds/sse-gateway/target/sse-gateway.jar
[INFO] Building jar: /tmp/plugin-builds/sse-gateway/target/sse-gateway.jar
[INFO] Exploding webapp...
[INFO] Copy webapp webResources to /tmp/plugin-builds/sse-gateway/target/sse-gateway
[INFO] Assembling webapp sse-gateway in /tmp/plugin-builds/sse-gateway/target/sse-gateway
[INFO] Generating hpi /tmp/plugin-builds/sse-gateway/target/sse-gateway.hpi
[INFO] Building jar: /tmp/plugin-builds/sse-gateway/target/sse-gateway.hpi
[INFO] 
[INFO] --- jar:3.5.0:test-jar (maybe-test-jar) @ sse-gateway ---
[INFO] Skipping packaging of the test-jar
[INFO] 
[INFO] >>> spotbugs:4.9.8.2:check (spotbugs) > :spotbugs @ sse-gateway >>>
[INFO] 
[INFO] --- spotbugs:4.9.8.2:spotbugs (spotbugs) @ sse-gateway ---
[INFO] Fork Value is true
[INFO] Done SpotBugs Analysis....
[INFO] Skipping com.github.spotbugs:spotbugs-maven-plugin:4.9.8.2:spotbugs report goal
[INFO] 
[INFO] <<< spotbugs:4.9.8.2:check (spotbugs) < :spotbugs @ sse-gateway <<<
[INFO] 
[INFO] 
[INFO] --- spotbugs:4.9.8.2:check (spotbugs) @ sse-gateway ---
[INFO] BugInstance size is 0
[INFO] Error size is 0
[INFO] No errors/warnings found
[INFO] 
[INFO] --- spotless:3.2.0:check (default) @ sse-gateway ---
[INFO] Spotless check skipped
[INFO] 
[INFO] --- invoker:3.9.1:install (integration-test) @ sse-gateway ---
[INFO] Installing /tmp/plugin-builds/sse-gateway/target/sse-gateway.hpi to /tmp/plugin-builds/sse-gateway/target/local-repo/org/jenkins-ci/plugins/sse-gateway/1.30-SNAPSHOT/sse-gateway-1.30-SNAPSHOT.hpi
[INFO] Installing /tmp/plugin-builds/sse-gateway/target/sse-gateway.jar to /tmp/plugin-builds/sse-gateway/target/local-repo/org/jenkins-ci/plugins/sse-gateway/1.30-SNAPSHOT/sse-gateway-1.30-SNAPSHOT.jar
[INFO] Installing /tmp/plugin-builds/sse-gateway/target/sse-gateway-1.30-SNAPSHOT.pom to /tmp/plugin-builds/sse-gateway/target/local-repo/org/jenkins-ci/plugins/sse-gateway/1.30-SNAPSHOT/sse-gateway-1.30-SNAPSHOT.pom
[INFO] Installing /home/runner/.m2/repository/org/jenkins-ci/plugins/pubsub-light/1.18/pubsub-light-1.18.jar to /tmp/plugin-builds/sse-gateway/target/local-repo/org/jenkins-ci/plugins/pubsub-light/1.18/pubsub-light-1.18.jar
[INFO] Installing /home/runner/.m2/repository/org/jenkins-ci/plugins/pubsub-light/1.18/pubsub-light-1.18.pom to /tmp/plugin-builds/sse-gateway/target/local-repo/org/jenkins-ci/plugins/pubsub-light/1.18/pubsub-light-1.18.pom
[INFO] Installing /home/runner/.m2/repository/org/jenkins-ci/modules/instance-identity/201.vd2a_b_5a_468a_a_6/instance-identity-201.vd2a_b_5a_468a_a_6.jar to /tmp/plugin-builds/sse-gateway/target/local-repo/org/jenkins-ci/modules/instance-identity/201.vd2a_b_5a_468a_a_6/instance-identity-201.vd2a_b_5a_468a_a_6.jar
[INFO] Installing /home/runner/.m2/repository/org/jenkins-ci/modules/instance-identity/201.vd2a_b_5a_468a_a_6/instance-identity-201.vd2a_b_5a_468a_a_6.pom to /tmp/plugin-builds/sse-gateway/target/local-repo/org/jenkins-ci/modules/instance-identity/201.vd2a_b_5a_468a_a_6/instance-identity-201.vd2a_b_5a_468a_a_6.pom
[INFO] Installing /home/runner/.m2/repository/org/jenkins-ci/plugins/bouncycastle-api/2.30.1.79-254.vfdb_814e7791e/bouncycastle-api-2.30.1.79-254.vfdb_814e7791e.jar to /tmp/plugin-builds/sse-gateway/target/local-repo/org/jenkins-ci/plugins/bouncycastle-api/2.30.1.79-254.vfdb_814e7791e/bouncycastle-api-2.30.1.79-254.vfdb_814e7791e.jar
[INFO] Installing /home/runner/.m2/repository/org/jenkins-ci/plugins/bouncycastle-api/2.30.1.79-254.vfdb_814e7791e/bouncycastle-api-2.30.1.79-254.vfdb_814e7791e.pom to /tmp/plugin-builds/sse-gateway/target/local-repo/org/jenkins-ci/plugins/bouncycastle-api/2.30.1.79-254.vfdb_814e7791e/bouncycastle-api-2.30.1.79-254.vfdb_814e7791e.pom
[INFO] Installing /home/runner/.m2/repository/org/bouncycastle/bcpkix-jdk18on/1.79/bcpkix-jdk18on-1.79.jar to /tmp/plugin-builds/sse-gateway/target/local-repo/org/bouncycastle/bcpkix-jdk18on/1.79/bcpkix-jdk18on-1.79.jar
[INFO] Installing /home/runner/.m2/repository/org/bouncycastle/bcpkix-jdk18on/1.79/bcpkix-jdk18on-1.79.pom to /tmp/plugin-builds/sse-gateway/target/local-repo/org/bouncycastle/bcpkix-jdk18on/1.79/bcpkix-jdk18on-1.79.pom
[INFO] Installing /home/runner/.m2/repository/org/bouncycastle/bcprov-jdk18on/1.79/bcprov-jdk18on-1.79.jar to /tmp/plugin-builds/sse-gateway/target/local-repo/org/bouncycastle/bcprov-jdk18on/1.79/bcprov-jdk18on-1.79.jar
[INFO] Installing /home/runner/.m2/repository/org/bouncycastle/bcprov-jdk18on/1.79/bcprov-jdk18on-1.79.pom to /tmp/plugin-builds/sse-gateway/target/local-repo/org/bouncycastle/bcprov-jdk18on/1.79/bcprov-jdk18on-1.79.pom
[INFO] Installing /home/runner/.m2/repository/org/bouncycastle/bcutil-jdk18on/1.79/bcutil-jdk18on-1.79.jar to /tmp/plugin-builds/sse-gateway/target/local-repo/org/bouncycastle/bcutil-jdk18on/1.79/bcutil-jdk18on-1.79.jar
[INFO] Installing /home/runner/.m2/repository/org/bouncycastle/bcutil-jdk18on/1.79/bcutil-jdk18on-1.79.pom to /tmp/plugin-builds/sse-gateway/target/local-repo/org/bouncycastle/bcutil-jdk18on/1.79/bcutil-jdk18on-1.79.pom
[INFO] 
[INFO] --- invoker:3.9.1:integration-test (integration-test) @ sse-gateway ---
[INFO] Building: test-jar-containing-js/pom.xml
[INFO] run post-build script postbuild.groovy
[INFO]           test-jar-containing-js/pom.xml ................... SUCCESS (12.41 s)
[INFO] 
[INFO] --- invoker:3.9.1:verify (integration-test) @ sse-gateway ---
[INFO] -------------------------------------------------
[INFO] Build Summary:
[INFO]   Passed: 1, Failed: 0, Errors: 0, Skipped: 0
[INFO] -------------------------------------------------
[INFO] 
[INFO] --- install:3.1.4:install (default-install) @ sse-gateway ---
[INFO] Installing /tmp/plugin-builds/sse-gateway/target/sse-gateway-1.30-SNAPSHOT.pom to /home/runner/.m2/repository/org/jenkins-ci/plugins/sse-gateway/1.30-SNAPSHOT/sse-gateway-1.30-SNAPSHOT.pom
[INFO] Installing /tmp/plugin-builds/sse-gateway/target/sse-gateway.hpi to /home/runner/.m2/repository/org/jenkins-ci/plugins/sse-gateway/1.30-SNAPSHOT/sse-gateway-1.30-SNAPSHOT.hpi
[INFO] Installing /tmp/plugin-builds/sse-gateway/target/sse-gateway.jar to /home/runner/.m2/repository/org/jenkins-ci/plugins/sse-gateway/1.30-SNAPSHOT/sse-gateway-1.30-SNAPSHOT.jar
[INFO] ------------------------------------------------------------------------
[INFO] BUILD SUCCESS
[INFO] ------------------------------------------------------------------------
[INFO] Total time:  01:17 min
[INFO] Finished at: 2026-02-17T03:13:12Z
[INFO] ------------------------------------------------------------------------
