WARNING: A restricted method in java.lang.System has been called
WARNING: java.lang.System::load has been called by org.fusesource.jansi.internal.JansiLoader in an unnamed module (file:/home/poddingue/.sdkman/candidates/maven/current/lib/jansi-2.4.1.jar)
WARNING: Use --enable-native-access=ALL-UNNAMED to avoid a warning for callers in this module
WARNING: Restricted methods will be blocked in a future release unless native access is enabled

WARNING: A terminally deprecated method in sun.misc.Unsafe has been called
WARNING: sun.misc.Unsafe::objectFieldOffset has been called by com.google.common.util.concurrent.AbstractFuture$UnsafeAtomicHelper (file:/home/poddingue/.sdkman/candidates/maven/current/lib/guava-33.2.1-jre.jar)
WARNING: Please consider reporting this to the maintainers of class com.google.common.util.concurrent.AbstractFuture$UnsafeAtomicHelper
WARNING: sun.misc.Unsafe::objectFieldOffset will be removed in a future release
[INFO] Scanning for projects...
[INFO] 
[INFO] -----------------< org.jenkins-ci.plugins:ssh-slaves >------------------
[INFO] Building SSH Build Agents plugin 3.999999-SNAPSHOT
[INFO]   from pom.xml
[INFO] --------------------------------[ hpi ]---------------------------------
[INFO] 
[INFO] --- clean:3.4.1:clean (default-clean) @ ssh-slaves ---
[INFO] 
[INFO] --- hpi:3.65:validate (default-validate) @ ssh-slaves ---
[INFO] Created marker file /tmp/plugin-builds/ssh-slaves/target/java-level/17
[INFO] 
[INFO] --- hpi:3.65:validate-hpi (default-validate-hpi) @ ssh-slaves ---
[INFO] 
[INFO] --- enforcer:3.5.0:enforce (display-info) @ ssh-slaves ---
[INFO] Rule 0: io.jenkins.tools.incrementals.enforcer.RequireExtensionVersion passed
[INFO] Rule 1: org.apache.maven.enforcer.rules.version.RequireMavenVersion passed
[INFO] Rule 2: org.apache.maven.enforcer.rules.version.RequireJavaVersion passed
[INFO] Rule 3: org.codehaus.mojo.extraenforcer.dependencies.EnforceBytecodeVersion passed
[INFO] Rule 4: org.apache.maven.enforcer.rules.dependency.BannedDependencies passed
[INFO] Rule 5: org.apache.maven.enforcer.rules.dependency.BannedDependencies passed
[INFO] Ignoring requireUpperBoundDeps in com.google.code.findbugs:jsr305
[INFO] Rule 6: org.apache.maven.enforcer.rules.dependency.RequireUpperBoundDeps passed
[INFO] 
[INFO] --- enforcer:3.5.0:enforce (no-snapshots-in-release) @ ssh-slaves ---
[INFO] Rule 0: org.apache.maven.enforcer.rules.dependency.RequireReleaseDeps passed
[INFO] 
[INFO] --- localizer:1.31:generate (default) @ ssh-slaves ---
[INFO] 
[INFO] --- resources:3.3.1:resources (default-resources) @ ssh-slaves ---
[INFO] Copying 53 resources from src/main/resources to target/classes
[INFO] 
[INFO] --- flatten:1.7.0:flatten (flatten) @ ssh-slaves ---
[INFO] Generating flattened POM of project org.jenkins-ci.plugins:ssh-slaves:hpi:3.999999-SNAPSHOT...
[INFO] 
[INFO] --- compiler:3.14.0:compile (default-compile) @ ssh-slaves ---
[INFO] Recompiling the module because of changed source code.
[INFO] Compiling 16 source files with javac [debug parameters release 17] to target/classes
[INFO] hudson.plugins.sshslaves.SSHConnector.DescriptorImpl indexed under hudson.Extension
[INFO] hudson.plugins.sshslaves.SSHLauncher.DescriptorImpl indexed under hudson.Extension
[INFO] hudson.plugins.sshslaves.verifiers.KnownHostsFileKeyVerificationStrategy.KnownHostsFileKeyVerificationStrategyDescriptor indexed under hudson.Extension
[INFO] hudson.plugins.sshslaves.verifiers.ManuallyProvidedKeyVerificationStrategy.ManuallyProvidedKeyVerificationStrategyDescriptor indexed under hudson.Extension
[INFO] hudson.plugins.sshslaves.verifiers.ManuallyTrustedKeyVerificationStrategy.ManuallyTrustedKeyVerificationStrategyDescriptor indexed under hudson.Extension
[INFO] hudson.plugins.sshslaves.verifiers.MissingVerificationStrategyAdministrativeMonitor indexed under hudson.Extension
[INFO] hudson.plugins.sshslaves.verifiers.NonVerifyingKeyVerificationStrategy.NonVerifyingKeyVerificationStrategyDescriptor indexed under hudson.Extension
[INFO] /tmp/plugin-builds/ssh-slaves/src/main/java/hudson/plugins/sshslaves/SSHConnector.java:[134,12] Generating hudson/plugins/sshslaves/SSHConnector.stapler
[INFO] /tmp/plugin-builds/ssh-slaves/src/main/java/hudson/plugins/sshslaves/SSHLauncher.java:[297,12] Generating hudson/plugins/sshslaves/SSHLauncher.stapler
[INFO] /tmp/plugin-builds/ssh-slaves/src/main/java/hudson/plugins/sshslaves/verifiers/KnownHostsFileKeyVerificationStrategy.java:[59,12] Generating hudson/plugins/sshslaves/verifiers/KnownHostsFileKeyVerificationStrategy.stapler
[INFO] /tmp/plugin-builds/ssh-slaves/src/main/java/hudson/plugins/sshslaves/verifiers/ManuallyProvidedKeyVerificationStrategy.java:[58,12] Generating hudson/plugins/sshslaves/verifiers/ManuallyProvidedKeyVerificationStrategy.stapler
[INFO] /tmp/plugin-builds/ssh-slaves/src/main/java/hudson/plugins/sshslaves/verifiers/ManuallyTrustedKeyVerificationStrategy.java:[57,12] Generating hudson/plugins/sshslaves/verifiers/ManuallyTrustedKeyVerificationStrategy.stapler
[INFO] /tmp/plugin-builds/ssh-slaves/src/main/java/hudson/plugins/sshslaves/verifiers/NonVerifyingKeyVerificationStrategy.java:[45,12] Generating hudson/plugins/sshslaves/verifiers/NonVerifyingKeyVerificationStrategy.stapler
[INFO] /tmp/plugin-builds/ssh-slaves/src/main/java/hudson/plugins/sshslaves/SSHConnector.java:[330,31] Generating hudson/plugins/sshslaves/SSHConnector/DescriptorImpl/doCheckCredentialsId.stapler
[INFO] /tmp/plugin-builds/ssh-slaves/src/main/java/hudson/plugins/sshslaves/SSHLauncher.java:[1283,31] Generating hudson/plugins/sshslaves/SSHLauncher/DescriptorImpl/doCheckCredentialsId.stapler
[INFO] /tmp/plugin-builds/ssh-slaves/src/main/java/hudson/plugins/sshslaves/SSHLauncher.java:[1256,29] Generating hudson/plugins/sshslaves/SSHLauncher/DescriptorImpl/doFillCredentialsIdItems.stapler
[INFO] /tmp/plugin-builds/ssh-slaves/src/main/java/hudson/plugins/sshslaves/SSHLauncher.java:[1343,31] Generating hudson/plugins/sshslaves/SSHLauncher/DescriptorImpl/doCheckJavaPath.stapler
[INFO] /tmp/plugin-builds/ssh-slaves/src/main/java/hudson/plugins/sshslaves/SSHLauncher.java:[1313,31] Generating hudson/plugins/sshslaves/SSHLauncher/DescriptorImpl/doCheckPort.stapler
[INFO] /tmp/plugin-builds/ssh-slaves/src/main/java/hudson/plugins/sshslaves/SSHLauncher.java:[1333,31] Generating hudson/plugins/sshslaves/SSHLauncher/DescriptorImpl/doCheckHost.stapler
[INFO] /tmp/plugin-builds/ssh-slaves/src/main/java/hudson/plugins/sshslaves/SSHConnector.java:[312,29] Generating hudson/plugins/sshslaves/SSHConnector/DescriptorImpl/doFillCredentialsIdItems.stapler
[INFO] /tmp/plugin-builds/ssh-slaves/src/main/java/hudson/plugins/sshslaves/verifiers/ManuallyProvidedKeyVerificationStrategy.java:[125,31] Generating hudson/plugins/sshslaves/verifiers/ManuallyProvidedKeyVerificationStrategy/ManuallyProvidedKeyVerificationStrategyDescriptor/doCheckKey.stapler
[INFO] /tmp/plugin-builds/ssh-slaves/src/main/java/hudson/plugins/sshslaves/PluginImpl.java: Some input files use or override a deprecated API.
[INFO] /tmp/plugin-builds/ssh-slaves/src/main/java/hudson/plugins/sshslaves/PluginImpl.java: Recompile with -Xlint:deprecation for details.
[INFO] 
[INFO] --- access-modifier-checker:1.35:enforce (default-enforce) @ ssh-slaves ---
[INFO] Skipping access modifier checks
[INFO] 
[INFO] --- bridge-method-injector:1.31:process (default) @ ssh-slaves ---
[INFO] 
[INFO] --- hpi:3.65:insert-test (default-insert-test) @ ssh-slaves ---
[INFO] 
[INFO] --- antrun:3.1.0:run (createTempDir) @ ssh-slaves ---
[INFO] Executing tasks
[INFO]     [mkdir] Created dir: /tmp/plugin-builds/ssh-slaves/target/tmp
[INFO] Executed tasks
[INFO] 
[INFO] --- resources:3.3.1:testResources (default-testResources) @ ssh-slaves ---
[INFO] Not copying test resources
[INFO] 
[INFO] --- compiler:3.14.0:testCompile (default-testCompile) @ ssh-slaves ---
[INFO] Not compiling test sources
[INFO] 
[INFO] --- hpi:3.65:test-hpl (default-test-hpl) @ ssh-slaves ---
[INFO] Generating /tmp/plugin-builds/ssh-slaves/target/test-classes/the.hpl
[INFO] 
[INFO] --- hpi:3.65:resolve-test-dependencies (default-resolve-test-dependencies) @ ssh-slaves ---
[INFO] 
[INFO] --- hpi:3.65:test-runtime (default-test-runtime) @ ssh-slaves ---
[INFO] Tests are skipped.
[INFO] 
[INFO] --- surefire:3.5.3:test (default-test) @ ssh-slaves ---
[INFO] Tests are skipped.
[INFO] 
[INFO] --- license:165.v7e11f4e4a_325:process (default) @ ssh-slaves ---
[INFO] 
[INFO] --- hpi:3.65:hpi (default-hpi) @ ssh-slaves ---
[INFO] Generating /tmp/plugin-builds/ssh-slaves/target/ssh-slaves/META-INF/MANIFEST.MF
[INFO] Checking for attached .jar artifact ...
[INFO] Generating jar /tmp/plugin-builds/ssh-slaves/target/ssh-slaves.jar
[INFO] Building jar: /tmp/plugin-builds/ssh-slaves/target/ssh-slaves.jar
[INFO] Exploding webapp...
[INFO] Copy webapp webResources to /tmp/plugin-builds/ssh-slaves/target/ssh-slaves
[INFO] Assembling webapp ssh-slaves in /tmp/plugin-builds/ssh-slaves/target/ssh-slaves
[INFO] Generating hpi /tmp/plugin-builds/ssh-slaves/target/ssh-slaves.hpi
[INFO] Building jar: /tmp/plugin-builds/ssh-slaves/target/ssh-slaves.hpi
[INFO] 
[INFO] --- jar:3.4.2:test-jar (maybe-test-jar) @ ssh-slaves ---
[INFO] Skipping packaging of the test-jar
[INFO] 
[INFO] >>> spotbugs:4.9.3.0:check (spotbugs) > :spotbugs @ ssh-slaves >>>
[INFO] 
[INFO] --- spotbugs:4.9.3.0:spotbugs (spotbugs) @ ssh-slaves ---
[INFO] Skipping com.github.spotbugs:spotbugs-maven-plugin:4.9.3.0:spotbugs report goal
[INFO] 
[INFO] <<< spotbugs:4.9.3.0:check (spotbugs) < :spotbugs @ ssh-slaves <<<
[INFO] 
[INFO] 
[INFO] --- spotbugs:4.9.3.0:check (spotbugs) @ ssh-slaves ---
[INFO] Spotbugs plugin skipped
[INFO] 
[INFO] --- spotless:2.44.4:check (default) @ ssh-slaves ---
[INFO] Spotless check skipped
[INFO] 
[INFO] --- install:3.1.4:install (default-install) @ ssh-slaves ---
[INFO] Installing /tmp/plugin-builds/ssh-slaves/target/ssh-slaves-3.999999-SNAPSHOT.pom to /home/poddingue/.m2/repository/org/jenkins-ci/plugins/ssh-slaves/3.999999-SNAPSHOT/ssh-slaves-3.999999-SNAPSHOT.pom
[INFO] Installing /tmp/plugin-builds/ssh-slaves/target/ssh-slaves.hpi to /home/poddingue/.m2/repository/org/jenkins-ci/plugins/ssh-slaves/3.999999-SNAPSHOT/ssh-slaves-3.999999-SNAPSHOT.hpi
[INFO] Installing /tmp/plugin-builds/ssh-slaves/target/ssh-slaves.jar to /home/poddingue/.m2/repository/org/jenkins-ci/plugins/ssh-slaves/3.999999-SNAPSHOT/ssh-slaves-3.999999-SNAPSHOT.jar
[INFO] ------------------------------------------------------------------------
[INFO] BUILD SUCCESS
[INFO] ------------------------------------------------------------------------
[INFO] Total time:  10.122 s
[INFO] Finished at: 2025-06-22T20:41:33+02:00
[INFO] ------------------------------------------------------------------------
