WARNING: A restricted method in java.lang.System has been called
WARNING: java.lang.System::load has been called by org.fusesource.jansi.internal.JansiLoader in an unnamed module (file:/home/poddingue/.sdkman/candidates/maven/current/lib/jansi-2.4.1.jar)
WARNING: Use --enable-native-access=ALL-UNNAMED to avoid a warning for callers in this module
WARNING: Restricted methods will be blocked in a future release unless native access is enabled

WARNING: A terminally deprecated method in sun.misc.Unsafe has been called
WARNING: sun.misc.Unsafe::objectFieldOffset has been called by com.google.common.util.concurrent.AbstractFuture$UnsafeAtomicHelper (file:/home/poddingue/.sdkman/candidates/maven/current/lib/guava-33.2.1-jre.jar)
WARNING: Please consider reporting this to the maintainers of class com.google.common.util.concurrent.AbstractFuture$UnsafeAtomicHelper
WARNING: sun.misc.Unsafe::objectFieldOffset will be removed in a future release
[INFO] Scanning for projects...
[INFO] 
[INFO] --------------------< org.jenkins-ci.modules:sshd >---------------------
[INFO] Building SSH server 3.999999-SNAPSHOT
[INFO]   from pom.xml
[INFO] --------------------------------[ hpi ]---------------------------------
[INFO] 
[INFO] --- clean:3.5.0:clean (default-clean) @ sshd ---
[INFO] 
[INFO] --- hpi:3.66:validate (default-validate) @ sshd ---
[INFO] Created marker file /tmp/plugin-builds/sshd/target/java-level/17
[INFO] 
[INFO] --- hpi:3.66:validate-hpi (default-validate-hpi) @ sshd ---
[INFO] 
[INFO] --- enforcer:3.5.0:enforce (display-info) @ sshd ---
[INFO] Rule 0: io.jenkins.tools.incrementals.enforcer.RequireExtensionVersion passed
[INFO] Rule 1: org.apache.maven.enforcer.rules.version.RequireMavenVersion passed
[INFO] Rule 2: org.apache.maven.enforcer.rules.version.RequireJavaVersion passed
[INFO] Rule 3: org.codehaus.mojo.extraenforcer.dependencies.EnforceBytecodeVersion passed
[INFO] Rule 4: org.apache.maven.enforcer.rules.dependency.BannedDependencies passed
[INFO] Rule 5: org.apache.maven.enforcer.rules.dependency.BannedDependencies passed
[INFO] Rule 6: org.apache.maven.enforcer.rules.dependency.RequireUpperBoundDeps passed
[INFO] 
[INFO] --- enforcer:3.5.0:enforce (no-snapshots-in-release) @ sshd ---
[INFO] Rule 0: org.apache.maven.enforcer.rules.dependency.RequireReleaseDeps passed
[INFO] 
[INFO] --- localizer:1.31:generate (default) @ sshd ---
[INFO] 
[INFO] --- resources:3.3.1:resources (default-resources) @ sshd ---
[INFO] Copying 9 resources from src/main/resources to target/classes
[INFO] 
[INFO] --- flatten:1.7.1:flatten (flatten) @ sshd ---
[INFO] Generating flattened POM of project org.jenkins-ci.modules:sshd:hpi:3.999999-SNAPSHOT...
[INFO] 
[INFO] --- compiler:3.14.0:compile (default-compile) @ sshd ---
[INFO] Recompiling the module because of changed source code.
[INFO] Compiling 16 source files with javac [debug parameters release 17] to target/classes
[INFO] org.jenkinsci.main.modules.cli.auth.ssh.UserPropertyImpl.DescriptorImpl indexed under hudson.Extension
[INFO] org.jenkinsci.main.modules.sshd.CLICommandAdapter indexed under hudson.Extension
[INFO] org.jenkinsci.main.modules.sshd.ItemListenerImpl indexed under hudson.Extension
[INFO] org.jenkinsci.main.modules.sshd.PortAdvertiser indexed under hudson.Extension
[INFO] org.jenkinsci.main.modules.sshd.SSHD indexed under hudson.Extension
[INFO] /tmp/plugin-builds/sshd/src/main/java/org/jenkinsci/main/modules/cli/auth/ssh/UserPropertyImpl.java:[31,12] Generating org/jenkinsci/main/modules/cli/auth/ssh/UserPropertyImpl.stapler
[INFO] /tmp/plugin-builds/sshd/src/main/java/org/jenkinsci/main/modules/cli/auth/ssh/UserPropertyImpl.java:[89,31] Generating org/jenkinsci/main/modules/cli/auth/ssh/UserPropertyImpl/DescriptorImpl/doCheckAuthorizedKeys.stapler
[WARNING] /tmp/plugin-builds/sshd/src/main/java/org/jenkinsci/main/modules/cli/auth/ssh/PublicKeySignatureWriter.java:[42,8] deprecated item is not annotated with @Deprecated
[INFO] 
[INFO] --- access-modifier-checker:1.35:enforce (default-enforce) @ sshd ---
[INFO] Skipping access modifier checks
[INFO] 
[INFO] --- bridge-method-injector:1.31:process (default) @ sshd ---
[INFO] 
[INFO] --- hpi:3.66:insert-test (default-insert-test) @ sshd ---
[INFO] 
[INFO] --- antrun:3.1.0:run (createTempDir) @ sshd ---
[INFO] Executing tasks
[INFO]     [mkdir] Created dir: /tmp/plugin-builds/sshd/target/tmp
[INFO] Executed tasks
[INFO] 
[INFO] --- resources:3.3.1:testResources (default-testResources) @ sshd ---
[INFO] Not copying test resources
[INFO] 
[INFO] --- compiler:3.14.0:testCompile (default-testCompile) @ sshd ---
[INFO] Not compiling test sources
[INFO] 
[INFO] --- hpi:3.66:test-hpl (default-test-hpl) @ sshd ---
[INFO] Generating /tmp/plugin-builds/sshd/target/test-classes/the.hpl
[INFO] 
[INFO] --- hpi:3.66:resolve-test-dependencies (default-resolve-test-dependencies) @ sshd ---
[INFO] 
[INFO] --- hpi:3.66:test-runtime (default-test-runtime) @ sshd ---
[INFO] Tests are skipped.
[INFO] 
[INFO] --- surefire:3.5.3:test (default-test) @ sshd ---
[INFO] Tests are skipped.
[INFO] 
[INFO] --- license:165.v7e11f4e4a_325:process (default) @ sshd ---
[INFO] 
[INFO] --- hpi:3.66:hpi (default-hpi) @ sshd ---
[INFO] Generating /tmp/plugin-builds/sshd/target/sshd/META-INF/MANIFEST.MF
[INFO] Checking for attached .jar artifact ...
[INFO] Generating jar /tmp/plugin-builds/sshd/target/sshd.jar
[INFO] Building jar: /tmp/plugin-builds/sshd/target/sshd.jar
[INFO] Exploding webapp...
[INFO] Copy webapp webResources to /tmp/plugin-builds/sshd/target/sshd
[INFO] Assembling webapp sshd in /tmp/plugin-builds/sshd/target/sshd
[INFO] Generating hpi /tmp/plugin-builds/sshd/target/sshd.hpi
[INFO] Building jar: /tmp/plugin-builds/sshd/target/sshd.hpi
[INFO] 
[INFO] --- jar:3.4.2:test-jar (maybe-test-jar) @ sshd ---
[INFO] Skipping packaging of the test-jar
[INFO] 
[INFO] >>> spotbugs:4.9.3.1:check (spotbugs) > :spotbugs @ sshd >>>
[INFO] 
[INFO] --- spotbugs:4.9.3.1:spotbugs (spotbugs) @ sshd ---
[INFO] Skipping com.github.spotbugs:spotbugs-maven-plugin:4.9.3.1:spotbugs report goal
[INFO] 
[INFO] <<< spotbugs:4.9.3.1:check (spotbugs) < :spotbugs @ sshd <<<
[INFO] 
[INFO] 
[INFO] --- spotbugs:4.9.3.1:check (spotbugs) @ sshd ---
[INFO] Spotbugs plugin skipped
[INFO] 
[INFO] --- spotless:2.44.5:check (default) @ sshd ---
[INFO] Spotless check skipped
[INFO] 
[INFO] --- install:3.1.4:install (default-install) @ sshd ---
[INFO] Installing /tmp/plugin-builds/sshd/target/sshd-3.999999-SNAPSHOT.pom to /home/poddingue/.m2/repository/org/jenkins-ci/modules/sshd/3.999999-SNAPSHOT/sshd-3.999999-SNAPSHOT.pom
[INFO] Installing /tmp/plugin-builds/sshd/target/sshd.hpi to /home/poddingue/.m2/repository/org/jenkins-ci/modules/sshd/3.999999-SNAPSHOT/sshd-3.999999-SNAPSHOT.hpi
[INFO] Installing /tmp/plugin-builds/sshd/target/sshd.jar to /home/poddingue/.m2/repository/org/jenkins-ci/modules/sshd/3.999999-SNAPSHOT/sshd-3.999999-SNAPSHOT.jar
[INFO] ------------------------------------------------------------------------
[INFO] BUILD SUCCESS
[INFO] ------------------------------------------------------------------------
[INFO] Total time:  6.482 s
[INFO] Finished at: 2025-07-02T10:47:10+02:00
[INFO] ------------------------------------------------------------------------
