WARNING: A restricted method in java.lang.System has been called
WARNING: java.lang.System::load has been called by org.fusesource.jansi.internal.JansiLoader in an unnamed module (file:/home/poddingue/.sdkman/candidates/maven/current/lib/jansi-2.4.1.jar)
WARNING: Use --enable-native-access=ALL-UNNAMED to avoid a warning for callers in this module
WARNING: Restricted methods will be blocked in a future release unless native access is enabled

WARNING: A terminally deprecated method in sun.misc.Unsafe has been called
WARNING: sun.misc.Unsafe::objectFieldOffset has been called by com.google.common.util.concurrent.AbstractFuture$UnsafeAtomicHelper (file:/home/poddingue/.sdkman/candidates/maven/current/lib/guava-33.2.1-jre.jar)
WARNING: Please consider reporting this to the maintainers of class com.google.common.util.concurrent.AbstractFuture$UnsafeAtomicHelper
WARNING: sun.misc.Unsafe::objectFieldOffset will be removed in a future release
[INFO] Scanning for projects...
[INFO] 
[INFO] -------------------< org.jenkins-ci.plugins:structs >-------------------
[INFO] Building Structs Plugin 999999-SNAPSHOT
[INFO]   from pom.xml
[INFO] --------------------------------[ hpi ]---------------------------------
[INFO] 
[INFO] --- clean:3.4.1:clean (default-clean) @ structs ---
[INFO] 
[INFO] --- hpi:3.61:validate (default-validate) @ structs ---
[INFO] Created marker file /tmp/plugin-builds/structs/target/java-level/17
[INFO] 
[INFO] --- hpi:3.61:validate-hpi (default-validate-hpi) @ structs ---
[INFO] 
[INFO] --- enforcer:3.5.0:enforce (display-info) @ structs ---
[INFO] Rule 0: io.jenkins.tools.incrementals.enforcer.RequireExtensionVersion passed
[INFO] Rule 1: org.apache.maven.enforcer.rules.version.RequireMavenVersion passed
[INFO] Rule 2: org.apache.maven.enforcer.rules.version.RequireJavaVersion passed
[INFO] Rule 3: org.codehaus.mojo.extraenforcer.dependencies.EnforceBytecodeVersion passed
[INFO] Rule 4: org.apache.maven.enforcer.rules.dependency.BannedDependencies passed
[INFO] Rule 5: org.apache.maven.enforcer.rules.dependency.BannedDependencies passed
[INFO] Rule 6: org.apache.maven.enforcer.rules.dependency.RequireUpperBoundDeps passed
[INFO] 
[INFO] --- enforcer:3.5.0:enforce (no-snapshots-in-release) @ structs ---
[INFO] Rule 0: org.apache.maven.enforcer.rules.dependency.RequireReleaseDeps passed
[INFO] 
[INFO] --- localizer:1.31:generate (default) @ structs ---
[INFO] 
[INFO] --- resources:3.3.1:resources (default-resources) @ structs ---
[INFO] Copying 1 resource from src/main/resources to target/classes
[INFO] 
[INFO] --- flatten:1.7.0:flatten (flatten) @ structs ---
[INFO] Generating flattened POM of project org.jenkins-ci.plugins:structs:hpi:999999-SNAPSHOT...
[INFO] 
[INFO] --- compiler:3.14.0:compile (default-compile) @ structs ---
[INFO] Recompiling the module because of changed source code.
[INFO] Compiling 13 source files with javac [debug parameters release 17] to target/classes
[INFO] org.jenkinsci.plugins.structs.SymbolLookup indexed under hudson.Extension
[INFO] /tmp/plugin-builds/structs/src/main/java/org/jenkinsci/plugins/structs/SymbolLookup.java: Some input files use unchecked or unsafe operations.
[INFO] /tmp/plugin-builds/structs/src/main/java/org/jenkinsci/plugins/structs/SymbolLookup.java: Recompile with -Xlint:unchecked for details.
[INFO] 
[INFO] --- access-modifier-checker:1.34:enforce (default-enforce) @ structs ---
[INFO] Skipping access modifier checks
[INFO] 
[INFO] --- hpi:3.61:insert-test (default-insert-test) @ structs ---
[INFO] 
[INFO] --- antrun:3.1.0:run (createTempDir) @ structs ---
[INFO] Executing tasks
[INFO]     [mkdir] Created dir: /tmp/plugin-builds/structs/target/tmp
[INFO] Executed tasks
[INFO] 
[INFO] --- resources:3.3.1:testResources (default-testResources) @ structs ---
[INFO] Not copying test resources
[INFO] 
[INFO] --- compiler:3.14.0:testCompile (default-testCompile) @ structs ---
[INFO] Not compiling test sources
[INFO] 
[INFO] --- hpi:3.61:test-hpl (default-test-hpl) @ structs ---
[INFO] Generating /tmp/plugin-builds/structs/target/test-classes/the.hpl
[INFO] 
[INFO] --- hpi:3.61:resolve-test-dependencies (default-resolve-test-dependencies) @ structs ---
[INFO] 
[INFO] --- hpi:3.61:test-runtime (default-test-runtime) @ structs ---
[INFO] Tests are skipped.
[INFO] 
[INFO] --- surefire:3.5.2:test (default-test) @ structs ---
[INFO] Tests are skipped.
[INFO] 
[INFO] --- license:165.v7e11f4e4a_325:process (default) @ structs ---
[INFO] 
[INFO] --- hpi:3.61:hpi (default-hpi) @ structs ---
[INFO] Generating /tmp/plugin-builds/structs/target/structs/META-INF/MANIFEST.MF
[INFO] Checking for attached .jar artifact ...
[INFO] Generating jar /tmp/plugin-builds/structs/target/structs.jar
[INFO] Building jar: /tmp/plugin-builds/structs/target/structs.jar
[INFO] Exploding webapp...
[INFO] Copy webapp webResources to /tmp/plugin-builds/structs/target/structs
[INFO] Assembling webapp structs in /tmp/plugin-builds/structs/target/structs
[INFO] Generating hpi /tmp/plugin-builds/structs/target/structs.hpi
[INFO] Building jar: /tmp/plugin-builds/structs/target/structs.hpi
[INFO] 
[INFO] --- jar:3.4.2:test-jar (maybe-test-jar) @ structs ---
[INFO] Skipping packaging of the test-jar
[INFO] 
[INFO] >>> spotbugs:4.9.2.0:check (spotbugs) > :spotbugs @ structs >>>
[INFO] 
[INFO] --- spotbugs:4.9.2.0:spotbugs (spotbugs) @ structs ---
[INFO] Skipping com.github.spotbugs:spotbugs-maven-plugin:4.9.2.0:spotbugs report goal
[INFO] 
[INFO] <<< spotbugs:4.9.2.0:check (spotbugs) < :spotbugs @ structs <<<
[INFO] 
[INFO] 
[INFO] --- spotbugs:4.9.2.0:check (spotbugs) @ structs ---
[INFO] Spotbugs plugin skipped
[INFO] 
[INFO] --- spotless:2.44.3:check (default) @ structs ---
[INFO] Spotless check skipped
[INFO] 
[INFO] --- install:3.1.4:install (default-install) @ structs ---
[INFO] Installing /tmp/plugin-builds/structs/target/structs-999999-SNAPSHOT.pom to /home/poddingue/.m2/repository/org/jenkins-ci/plugins/structs/999999-SNAPSHOT/structs-999999-SNAPSHOT.pom
[INFO] Installing /tmp/plugin-builds/structs/target/structs.hpi to /home/poddingue/.m2/repository/org/jenkins-ci/plugins/structs/999999-SNAPSHOT/structs-999999-SNAPSHOT.hpi
[INFO] Installing /tmp/plugin-builds/structs/target/structs.jar to /home/poddingue/.m2/repository/org/jenkins-ci/plugins/structs/999999-SNAPSHOT/structs-999999-SNAPSHOT.jar
[INFO] ------------------------------------------------------------------------
[INFO] BUILD SUCCESS
[INFO] ------------------------------------------------------------------------
[INFO] Total time:  13.069 s
[INFO] Finished at: 2025-07-02T10:24:01+02:00
[INFO] ------------------------------------------------------------------------
