WARNING: A restricted method in java.lang.System has been called
WARNING: java.lang.System::load has been called by org.fusesource.jansi.internal.JansiLoader in an unnamed module (file:/home/poddingue/.sdkman/candidates/maven/current/lib/jansi-2.4.1.jar)
WARNING: Use --enable-native-access=ALL-UNNAMED to avoid a warning for callers in this module
WARNING: Restricted methods will be blocked in a future release unless native access is enabled

WARNING: A terminally deprecated method in sun.misc.Unsafe has been called
WARNING: sun.misc.Unsafe::objectFieldOffset has been called by com.google.common.util.concurrent.AbstractFuture$UnsafeAtomicHelper (file:/home/poddingue/.sdkman/candidates/maven/current/lib/guava-33.2.1-jre.jar)
WARNING: Please consider reporting this to the maintainers of class com.google.common.util.concurrent.AbstractFuture$UnsafeAtomicHelper
WARNING: sun.misc.Unsafe::objectFieldOffset will be removed in a future release
[INFO] Scanning for projects...
[INFO] 
[INFO] -----------------< org.jenkins-ci.plugins:subversion >------------------
[INFO] Building Jenkins Subversion Plug-in 999999-SNAPSHOT
[INFO]   from pom.xml
[INFO] --------------------------------[ hpi ]---------------------------------
[INFO] 
[INFO] --- clean:3.4.1:clean (default-clean) @ subversion ---
[INFO] 
[INFO] --- hpi:3.61:validate (default-validate) @ subversion ---
[INFO] Created marker file /tmp/plugin-builds/subversion/target/java-level/17
[INFO] 
[INFO] --- hpi:3.61:validate-hpi (default-validate-hpi) @ subversion ---
[INFO] 
[INFO] --- enforcer:3.5.0:enforce (display-info) @ subversion ---
[INFO] Rule 0: io.jenkins.tools.incrementals.enforcer.RequireExtensionVersion passed
[INFO] Rule 1: org.apache.maven.enforcer.rules.version.RequireMavenVersion passed
[INFO] Rule 2: org.apache.maven.enforcer.rules.version.RequireJavaVersion passed
[INFO] Rule 3: org.codehaus.mojo.extraenforcer.dependencies.EnforceBytecodeVersion passed
[INFO] Rule 4: org.apache.maven.enforcer.rules.dependency.BannedDependencies passed
[INFO] Rule 5: org.apache.maven.enforcer.rules.dependency.BannedDependencies passed
[INFO] Ignoring requireUpperBoundDeps in com.google.code.findbugs:jsr305
[INFO] Rule 6: org.apache.maven.enforcer.rules.dependency.RequireUpperBoundDeps passed
[INFO] 
[INFO] --- enforcer:3.5.0:enforce (no-snapshots-in-release) @ subversion ---
[INFO] Rule 0: org.apache.maven.enforcer.rules.dependency.RequireReleaseDeps passed
[INFO] 
[INFO] --- localizer:1.31:generate (default) @ subversion ---
[INFO] 
[INFO] --- resources:3.3.1:resources (default-resources) @ subversion ---
[INFO] Copying 290 resources from src/main/resources to target/classes
[INFO] 
[INFO] --- flatten:1.7.0:flatten (flatten) @ subversion ---
[INFO] Generating flattened POM of project org.jenkins-ci.plugins:subversion:hpi:999999-SNAPSHOT...
[INFO] 
[INFO] --- compiler:3.14.0:compile (default-compile) @ subversion ---
[INFO] Recompiling the module because of changed source code.
[INFO] Compiling 59 source files with javac [debug parameters release 17] to target/classes
[INFO] hudson.scm.SubversionRepositoryStatus.JobTriggerListenerImpl indexed under hudson.Extension
[INFO] hudson.scm.SubversionSCM.DescriptorImpl indexed under hudson.Extension
[INFO] hudson.scm.SubversionSCM.ModuleLocation.DescriptorImpl indexed under hudson.Extension
[INFO] hudson.scm.SubversionSCM.AdditionalCredentials.DescriptorImpl indexed under hudson.Extension
[INFO] hudson.scm.SubversionStatus indexed under hudson.Extension
[INFO] hudson.scm.SubversionTagAction.DescriptorImpl indexed under hudson.Extension
[INFO] hudson.scm.browsers.Assembla.DescriptorImpl indexed under hudson.Extension
[INFO] hudson.scm.browsers.CollabNetSVN.DescriptorImpl indexed under hudson.Extension
[INFO] hudson.scm.browsers.FishEyeSVN.DescriptorImpl indexed under hudson.Extension
[INFO] hudson.scm.browsers.Phabricator.PhabricatorDescriptor indexed under hudson.Extension
[INFO] hudson.scm.browsers.SVNWeb.DescriptorImpl indexed under hudson.Extension
[INFO] hudson.scm.browsers.Sventon.DescriptorImpl indexed under hudson.Extension
[INFO] hudson.scm.browsers.Sventon2.DescriptorImpl indexed under hudson.Extension
[INFO] hudson.scm.browsers.ViewSVN.DescriptorImpl indexed under hudson.Extension
[INFO] hudson.scm.browsers.VisualSVN.DescriptorImpl indexed under hudson.Extension
[INFO] hudson.scm.browsers.WebSVN.DescriptorImpl indexed under hudson.Extension
[INFO] hudson.scm.listtagsparameter.ListSubversionTagsParameterDefinition.DescriptorImpl indexed under hudson.Extension
[INFO] hudson.scm.subversion.CheckoutUpdater.DescriptorImpl indexed under hudson.Extension
[INFO] hudson.scm.subversion.NoopUpdater.DescriptorImpl indexed under hudson.Extension
[INFO] hudson.scm.subversion.UpdateUpdater.DescriptorImpl indexed under hudson.Extension
[INFO] hudson.scm.subversion.UpdateWithCleanUpdater.DescriptorImpl indexed under hudson.Extension
[INFO] hudson.scm.subversion.UpdateWithRevertUpdater.DescriptorImpl indexed under hudson.Extension
[INFO] jenkins.scm.impl.subversion.SubversionSCMFileSystem.BuilderImpl indexed under hudson.Extension
[INFO] jenkins.scm.impl.subversion.SubversionSCMSource.DescriptorImpl indexed under hudson.Extension
[INFO] jenkins.scm.impl.subversion.SubversionSCMSource.ListenerImpl indexed under hudson.Extension
[INFO] jenkins.scm.impl.subversion.SubversionStep.DescriptorImpl indexed under hudson.Extension
[INFO] /tmp/plugin-builds/subversion/src/main/java/hudson/scm/SubversionSCM.java:[2798,16] Generating hudson/scm/SubversionSCM/ModuleLocation.stapler
[INFO] /tmp/plugin-builds/subversion/src/main/java/hudson/scm/SubversionSCM.java:[3406,16] Generating hudson/scm/SubversionSCM/AdditionalCredentials.stapler
[INFO] /tmp/plugin-builds/subversion/src/main/java/hudson/scm/SubversionSCM.java:[377,12] Generating hudson/scm/SubversionSCM.stapler
[INFO] /tmp/plugin-builds/subversion/src/main/java/hudson/scm/browsers/Assembla.java:[50,12] Generating hudson/scm/browsers/Assembla.stapler
[INFO] /tmp/plugin-builds/subversion/src/main/java/hudson/scm/browsers/CollabNetSVN.java:[65,12] Generating hudson/scm/browsers/CollabNetSVN.stapler
[INFO] /tmp/plugin-builds/subversion/src/main/java/hudson/scm/browsers/FishEyeSVN.java:[66,12] Generating hudson/scm/browsers/FishEyeSVN.stapler
[INFO] /tmp/plugin-builds/subversion/src/main/java/hudson/scm/browsers/Phabricator.java:[41,12] Generating hudson/scm/browsers/Phabricator.stapler
[INFO] /tmp/plugin-builds/subversion/src/main/java/hudson/scm/browsers/SVNWeb.java:[79,12] Generating hudson/scm/browsers/SVNWeb.stapler
[INFO] /tmp/plugin-builds/subversion/src/main/java/hudson/scm/browsers/Sventon.java:[53,12] Generating hudson/scm/browsers/Sventon.stapler
[INFO] /tmp/plugin-builds/subversion/src/main/java/hudson/scm/browsers/Sventon2.java:[54,12] Generating hudson/scm/browsers/Sventon2.stapler
[INFO] /tmp/plugin-builds/subversion/src/main/java/hudson/scm/browsers/ViewSVN.java:[57,12] Generating hudson/scm/browsers/ViewSVN.stapler
[INFO] /tmp/plugin-builds/subversion/src/main/java/hudson/scm/browsers/VisualSVN.java:[84,12] Generating hudson/scm/browsers/VisualSVN.stapler
[INFO] /tmp/plugin-builds/subversion/src/main/java/hudson/scm/browsers/WebSVN.java:[81,12] Generating hudson/scm/browsers/WebSVN.stapler
[INFO] /tmp/plugin-builds/subversion/src/main/java/hudson/scm/listtagsparameter/ListSubversionTagsParameterDefinition.java:[116,10] Generating hudson/scm/listtagsparameter/ListSubversionTagsParameterDefinition.stapler
[INFO] /tmp/plugin-builds/subversion/src/main/java/hudson/scm/listtagsparameter/ListSubversionTagsParameterValue.java:[50,10] Generating hudson/scm/listtagsparameter/ListSubversionTagsParameterValue.stapler
[INFO] /tmp/plugin-builds/subversion/src/main/java/hudson/scm/subversion/CheckoutUpdater.java:[68,12] Generating hudson/scm/subversion/CheckoutUpdater.stapler
[INFO] /tmp/plugin-builds/subversion/src/main/java/hudson/scm/subversion/NoopUpdater.java:[46,12] Generating hudson/scm/subversion/NoopUpdater.stapler
[INFO] /tmp/plugin-builds/subversion/src/main/java/hudson/scm/subversion/UpdateUpdater.java:[59,12] Generating hudson/scm/subversion/UpdateUpdater.stapler
[INFO] /tmp/plugin-builds/subversion/src/main/java/hudson/scm/subversion/UpdateWithCleanUpdater.java:[48,12] Generating hudson/scm/subversion/UpdateWithCleanUpdater.stapler
[INFO] /tmp/plugin-builds/subversion/src/main/java/hudson/scm/subversion/UpdateWithRevertUpdater.java:[44,12] Generating hudson/scm/subversion/UpdateWithRevertUpdater.stapler
[INFO] /tmp/plugin-builds/subversion/src/main/java/jenkins/scm/impl/subversion/SubversionSCMSource.java:[158,12] Generating jenkins/scm/impl/subversion/SubversionSCMSource.stapler
[INFO] /tmp/plugin-builds/subversion/src/main/java/jenkins/scm/impl/subversion/SubversionStep.java:[40,12] Generating jenkins/scm/impl/subversion/SubversionStep.stapler
[INFO] /tmp/plugin-builds/subversion/src/main/java/hudson/scm/SubversionTagAction.java:[91,8] Generating hudson/scm/SubversionTagAction.javadoc
[INFO] /tmp/plugin-builds/subversion/src/main/java/hudson/scm/SubversionTagAction.java:[157,19] Generating hudson/scm/SubversionTagAction/TagInfo.javadoc
[INFO] /tmp/plugin-builds/subversion/src/main/java/hudson/scm/SubversionChangeLogSet.java:[57,14] Generating hudson/scm/SubversionChangeLogSet.javadoc
[INFO] /tmp/plugin-builds/subversion/src/main/java/hudson/scm/SubversionSCM.java:[2717,25] Generating hudson/scm/SubversionSCM/ModuleLocation.javadoc
[INFO] /tmp/plugin-builds/subversion/src/main/java/hudson/scm/SubversionChangeLogSet.java:[162,25] Generating hudson/scm/SubversionChangeLogSet/RevisionInfo.javadoc
[INFO] /tmp/plugin-builds/subversion/src/main/java/hudson/scm/SubversionChangeLogSet.java:[406,19] Generating hudson/scm/SubversionChangeLogSet/Path.javadoc
[INFO] /tmp/plugin-builds/subversion/src/main/java/hudson/scm/SubversionChangeLogSet.java:[177,19] Generating hudson/scm/SubversionChangeLogSet/LogEntry.javadoc
[INFO] /tmp/plugin-builds/subversion/src/main/java/hudson/scm/listtagsparameter/ListSubversionTagsParameterValue.java:[44,8] Generating hudson/scm/listtagsparameter/ListSubversionTagsParameterValue.javadoc
[INFO] /tmp/plugin-builds/subversion/src/main/java/hudson/scm/SubversionSCM.java:[224,8] Generating hudson/scm/SubversionSCM.javadoc
[INFO] /tmp/plugin-builds/subversion/src/main/java/hudson/scm/SubversionSCM.java:[3208,35] Generating hudson/scm/SubversionSCM/ModuleLocation/DescriptorImpl/doCheckRemote.stapler
[INFO] /tmp/plugin-builds/subversion/src/main/java/hudson/scm/listtagsparameter/ListSubversionTagsParameterDefinition.java:[404,27] Generating hudson/scm/listtagsparameter/ListSubversionTagsParameterDefinition/DescriptorImpl/doCheckCredentialsId.stapler
[INFO] /tmp/plugin-builds/subversion/src/main/java/hudson/scm/SubversionSCM.java:[2550,31] Generating hudson/scm/SubversionSCM/DescriptorImpl/doCheckExcludedRevprop.stapler
[INFO] /tmp/plugin-builds/subversion/src/main/java/hudson/scm/browsers/Sventon2.java:[121,31] Generating hudson/scm/browsers/Sventon2/DescriptorImpl/doCheckUrl.stapler
[INFO] /tmp/plugin-builds/subversion/src/main/java/hudson/scm/SubversionSCM.java:[3284,35] Generating hudson/scm/SubversionSCM/ModuleLocation/DescriptorImpl/doCheckLocal.stapler
[INFO] /tmp/plugin-builds/subversion/src/main/java/hudson/scm/listtagsparameter/ListSubversionTagsParameterDefinition.java:[412,27] Generating hudson/scm/listtagsparameter/ListSubversionTagsParameterDefinition/DescriptorImpl/doCheckTagsFilter.stapler
[INFO] /tmp/plugin-builds/subversion/src/main/java/hudson/scm/SubversionSCM.java:[3174,33] Generating hudson/scm/SubversionSCM/ModuleLocation/DescriptorImpl/doFillCredentialsIdItems.stapler
[INFO] /tmp/plugin-builds/subversion/src/main/java/hudson/scm/listtagsparameter/ListSubversionTagsParameterDefinition.java:[382,27] Generating hudson/scm/listtagsparameter/ListSubversionTagsParameterDefinition/DescriptorImpl/doCheckTagsDir.stapler
[INFO] /tmp/plugin-builds/subversion/src/main/java/hudson/scm/listtagsparameter/ListSubversionTagsParameterDefinition.java:[425,25] Generating hudson/scm/listtagsparameter/ListSubversionTagsParameterDefinition/DescriptorImpl/doFillTagItems.stapler
[INFO] /tmp/plugin-builds/subversion/src/main/java/hudson/scm/SubversionSCM.java:[3459,33] Generating hudson/scm/SubversionSCM/AdditionalCredentials/DescriptorImpl/doFillCredentialsIdItems.stapler
[INFO] /tmp/plugin-builds/subversion/src/main/java/jenkins/scm/impl/subversion/SubversionSCMSource.java:[835,29] Generating jenkins/scm/impl/subversion/SubversionSCMSource/DescriptorImpl/doFillCredentialsIdItems.stapler
[INFO] /tmp/plugin-builds/subversion/src/main/java/hudson/scm/browsers/FishEyeSVN.java:[134,31] Generating hudson/scm/browsers/FishEyeSVN/DescriptorImpl/doCheckUrl.stapler
[INFO] /tmp/plugin-builds/subversion/src/main/java/hudson/scm/SubversionSCM.java:[2365,31] Generating hudson/scm/SubversionSCM/DescriptorImpl/doCheckRemote.stapler
[INFO] /tmp/plugin-builds/subversion/src/main/java/hudson/scm/SubversionSCM.java:[2512,31] Generating hudson/scm/SubversionSCM/DescriptorImpl/doCheckExcludedUsers.stapler
[INFO] /tmp/plugin-builds/subversion/src/main/java/hudson/scm/SubversionSCM.java:[2486,31] Generating hudson/scm/SubversionSCM/DescriptorImpl/doCheckExcludedRegions.stapler
[INFO] /tmp/plugin-builds/subversion/src/main/java/hudson/scm/SubversionSCM.java:[2535,31] Generating hudson/scm/SubversionSCM/DescriptorImpl/doCheckExcludedCommitMessages.stapler
[INFO] /tmp/plugin-builds/subversion/src/main/java/hudson/scm/listtagsparameter/ListSubversionTagsParameterDefinition.java:[394,25] Generating hudson/scm/listtagsparameter/ListSubversionTagsParameterDefinition/DescriptorImpl/doFillCredentialsIdItems.stapler
[INFO] /tmp/plugin-builds/subversion/src/main/java/hudson/scm/browsers/Sventon.java:[101,31] Generating hudson/scm/browsers/Sventon/DescriptorImpl/doCheckUrl.stapler
[INFO] /tmp/plugin-builds/subversion/src/main/java/jenkins/scm/impl/subversion/SubversionSCMSource.java:[864,31] Generating jenkins/scm/impl/subversion/SubversionSCMSource/DescriptorImpl/doCheckCredentialsId.stapler
[INFO] /tmp/plugin-builds/subversion/src/main/java/hudson/scm/SubversionSCM.java:[3236,35] Generating hudson/scm/SubversionSCM/ModuleLocation/DescriptorImpl/doCheckCredentialsId.stapler
[INFO] /tmp/plugin-builds/subversion/src/main/java/hudson/scm/SubversionSCM.java:[2499,31] Generating hudson/scm/SubversionSCM/DescriptorImpl/doCheckIncludedRegions.stapler
[WARNING] /tmp/plugin-builds/subversion/src/main/java/hudson/scm/UserProvidedCredential.java:[85,12] deprecated item is not annotated with @Deprecated
[WARNING] /tmp/plugin-builds/subversion/src/main/java/hudson/scm/subversion/WorkspaceUpdater.java:[103,33] deprecated item is not annotated with @Deprecated
[WARNING] /tmp/plugin-builds/subversion/src/main/java/hudson/scm/SubversionSCM.java:[282,12] deprecated item is not annotated with @Deprecated
[WARNING] /tmp/plugin-builds/subversion/src/main/java/hudson/scm/SubversionSCM.java:[290,12] deprecated item is not annotated with @Deprecated
[WARNING] /tmp/plugin-builds/subversion/src/main/java/hudson/scm/SubversionSCM.java:[298,13] deprecated item is not annotated with @Deprecated
[WARNING] /tmp/plugin-builds/subversion/src/main/java/hudson/scm/SubversionSCM.java:[306,12] deprecated item is not annotated with @Deprecated
[WARNING] /tmp/plugin-builds/subversion/src/main/java/hudson/scm/SubversionSCM.java:[314,12] deprecated item is not annotated with @Deprecated
[WARNING] /tmp/plugin-builds/subversion/src/main/java/hudson/scm/SubversionSCM.java:[322,12] deprecated item is not annotated with @Deprecated
[WARNING] /tmp/plugin-builds/subversion/src/main/java/hudson/scm/SubversionSCM.java:[330,12] deprecated item is not annotated with @Deprecated
[WARNING] /tmp/plugin-builds/subversion/src/main/java/hudson/scm/SubversionSCM.java:[338,12] deprecated item is not annotated with @Deprecated
[WARNING] /tmp/plugin-builds/subversion/src/main/java/hudson/scm/SubversionSCM.java:[349,12] deprecated item is not annotated with @Deprecated
[WARNING] /tmp/plugin-builds/subversion/src/main/java/hudson/scm/SubversionSCM.java:[358,12] deprecated item is not annotated with @Deprecated
[WARNING] /tmp/plugin-builds/subversion/src/main/java/hudson/scm/SubversionSCM.java:[367,12] deprecated item is not annotated with @Deprecated
[WARNING] /tmp/plugin-builds/subversion/src/main/java/hudson/scm/SubversionSCM.java:[454,19] deprecated item is not annotated with @Deprecated
[WARNING] /tmp/plugin-builds/subversion/src/main/java/hudson/scm/SubversionSCM.java:[507,29] deprecated item is not annotated with @Deprecated
[WARNING] /tmp/plugin-builds/subversion/src/main/java/hudson/scm/SubversionSCM.java:[1113,36] deprecated item is not annotated with @Deprecated
[WARNING] /tmp/plugin-builds/subversion/src/main/java/hudson/scm/SubversionSCM.java:[1178,36] deprecated item is not annotated with @Deprecated
[WARNING] /tmp/plugin-builds/subversion/src/main/java/hudson/scm/SubversionSCM.java:[2322,21] deprecated item is not annotated with @Deprecated
[WARNING] /tmp/plugin-builds/subversion/src/main/java/hudson/scm/SubversionSCM.java:[2635,20] deprecated item is not annotated with @Deprecated
[WARNING] /tmp/plugin-builds/subversion/src/main/java/hudson/scm/SubversionSCM.java:[2739,29] deprecated item is not annotated with @Deprecated
[WARNING] /tmp/plugin-builds/subversion/src/main/java/hudson/scm/SubversionSCM.java:[2974,24] deprecated item is not annotated with @Deprecated
[WARNING] /tmp/plugin-builds/subversion/src/main/java/hudson/scm/SubversionSCM.java:[3074,31] deprecated item is not annotated with @Deprecated
[WARNING] /tmp/plugin-builds/subversion/src/main/java/hudson/scm/SubversionSCM.java:[3331,24] deprecated item is not annotated with @Deprecated
[WARNING] /tmp/plugin-builds/subversion/src/main/java/hudson/scm/SubversionChangeLogBuilder.java:[85,12] deprecated item is not annotated with @Deprecated
[WARNING] /tmp/plugin-builds/subversion/src/main/java/hudson/scm/SubversionWorkspaceSelector.java:[99,29] deprecated item is not annotated with @Deprecated
[WARNING] /tmp/plugin-builds/subversion/src/main/java/hudson/scm/SubversionWorkspaceSelector.java:[105,29] deprecated item is not annotated with @Deprecated
[INFO] /tmp/plugin-builds/subversion/src/main/java/hudson/scm/UserProvidedCredential.java: Some input files use or override a deprecated API.
[INFO] /tmp/plugin-builds/subversion/src/main/java/hudson/scm/UserProvidedCredential.java: Recompile with -Xlint:deprecation for details.
[INFO] /tmp/plugin-builds/subversion/src/main/java/hudson/scm/SubversionTagAction.java: Some input files use unchecked or unsafe operations.
[INFO] /tmp/plugin-builds/subversion/src/main/java/hudson/scm/SubversionTagAction.java: Recompile with -Xlint:unchecked for details.
[INFO] 
[INFO] --- access-modifier-checker:1.34:enforce (default-enforce) @ subversion ---
[INFO] Skipping access modifier checks
[INFO] 
[INFO] --- hpi:3.61:insert-test (default-insert-test) @ subversion ---
[INFO] 
[INFO] --- antrun:3.1.0:run (createTempDir) @ subversion ---
[INFO] Executing tasks
[INFO]     [mkdir] Created dir: /tmp/plugin-builds/subversion/target/tmp
[INFO] Executed tasks
[INFO] 
[INFO] --- resources:3.3.1:testResources (default-testResources) @ subversion ---
[INFO] Copying 19 resources from src/test/resources to target/test-classes
[INFO] 
[INFO] --- compiler:3.14.0:testCompile (default-testCompile) @ subversion ---
[INFO] Recompiling the module because of changed dependency.
[INFO] Compiling 35 source files with javac [debug parameters release 17] to target/test-classes
[INFO] /tmp/plugin-builds/subversion/src/test/java/hudson/scm/SubversionSCMTest.java: Some input files use or override a deprecated API.
[INFO] /tmp/plugin-builds/subversion/src/test/java/hudson/scm/SubversionSCMTest.java: Recompile with -Xlint:deprecation for details.
[INFO] /tmp/plugin-builds/subversion/src/test/java/hudson/scm/SubversionEnvInjectTest.java: Some input files use unchecked or unsafe operations.
[INFO] /tmp/plugin-builds/subversion/src/test/java/hudson/scm/SubversionEnvInjectTest.java: Recompile with -Xlint:unchecked for details.
[INFO] 
[INFO] --- hpi:3.61:test-hpl (default-test-hpl) @ subversion ---
[INFO] Generating /tmp/plugin-builds/subversion/target/test-classes/the.hpl
[INFO] 
[INFO] --- hpi:3.61:resolve-test-dependencies (default-resolve-test-dependencies) @ subversion ---
[INFO] 
[INFO] --- hpi:3.61:test-runtime (default-test-runtime) @ subversion ---
[INFO] Tests are skipped.
[INFO] 
[INFO] --- surefire:3.5.2:test (default-test) @ subversion ---
[INFO] Tests are skipped.
[INFO] 
[INFO] --- license:165.v7e11f4e4a_325:process (default) @ subversion ---
[INFO] 
[INFO] --- hpi:3.61:hpi (default-hpi) @ subversion ---
[INFO] Generating /tmp/plugin-builds/subversion/target/subversion/META-INF/MANIFEST.MF
[INFO] Checking for attached .jar artifact ...
[INFO] Generating jar /tmp/plugin-builds/subversion/target/subversion.jar
[INFO] Building jar: /tmp/plugin-builds/subversion/target/subversion.jar
[INFO] Exploding webapp...
[INFO] Copy webapp webResources to /tmp/plugin-builds/subversion/target/subversion
[INFO] Assembling webapp subversion in /tmp/plugin-builds/subversion/target/subversion
[WARNING] Bundling transitive dependency jsch.agentproxy.connector-factory-0.0.9.jar (via svnkit)
[WARNING] Bundling transitive dependency jsch.agentproxy.core-0.0.9.jar (via svnkit)
[WARNING] Bundling transitive dependency jsch.agentproxy.pageant-0.0.9.jar (via svnkit)
[WARNING] Bundling transitive dependency jsch.agentproxy.sshagent-0.0.9.jar (via svnkit)
[WARNING] Bundling transitive dependency jsch.agentproxy.svnkit-trilead-ssh2-0.0.9.jar (via svnkit)
[WARNING] Bundling transitive dependency jsch.agentproxy.usocket-jna-0.0.9.jar (via svnkit)
[WARNING] Bundling transitive dependency jsch.agentproxy.usocket-nc-0.0.9.jar (via svnkit)
[WARNING] Bundling transitive dependency sequence-library-1.0.4.jar (via svnkit)
[WARNING] Bundling transitive dependency antlr-runtime-3.4.jar (via svnkit)
[WARNING] Bundling transitive dependency lz4-java-1.4.1.jar (via svnkit)
[WARNING] Bundling transitive dependency sqljet-1.1.15.jar (via svnkit)
[INFO] Bundling direct dependency svnkit-1.10.11.jar
[INFO] Generating hpi /tmp/plugin-builds/subversion/target/subversion.hpi
[INFO] Building jar: /tmp/plugin-builds/subversion/target/subversion.hpi
[INFO] 
[INFO] --- jar:3.4.2:test-jar (maybe-test-jar) @ subversion ---
[INFO] Building jar: /tmp/plugin-builds/subversion/target/subversion-tests.jar
[INFO] 
[INFO] >>> spotbugs:4.9.2.0:check (spotbugs) > :spotbugs @ subversion >>>
[INFO] 
[INFO] --- spotbugs:4.9.2.0:spotbugs (spotbugs) @ subversion ---
[INFO] Skipping com.github.spotbugs:spotbugs-maven-plugin:4.9.2.0:spotbugs report goal
[INFO] 
[INFO] <<< spotbugs:4.9.2.0:check (spotbugs) < :spotbugs @ subversion <<<
[INFO] 
[INFO] 
[INFO] --- spotbugs:4.9.2.0:check (spotbugs) @ subversion ---
[INFO] Spotbugs plugin skipped
[INFO] 
[INFO] --- spotless:2.44.3:check (default) @ subversion ---
[INFO] Spotless check skipped
[INFO] 
[INFO] --- install:3.1.4:install (default-install) @ subversion ---
[INFO] Installing /tmp/plugin-builds/subversion/target/subversion-999999-SNAPSHOT.pom to /home/poddingue/.m2/repository/org/jenkins-ci/plugins/subversion/999999-SNAPSHOT/subversion-999999-SNAPSHOT.pom
[INFO] Installing /tmp/plugin-builds/subversion/target/subversion.hpi to /home/poddingue/.m2/repository/org/jenkins-ci/plugins/subversion/999999-SNAPSHOT/subversion-999999-SNAPSHOT.hpi
[INFO] Installing /tmp/plugin-builds/subversion/target/subversion.jar to /home/poddingue/.m2/repository/org/jenkins-ci/plugins/subversion/999999-SNAPSHOT/subversion-999999-SNAPSHOT.jar
[INFO] Installing /tmp/plugin-builds/subversion/target/subversion-tests.jar to /home/poddingue/.m2/repository/org/jenkins-ci/plugins/subversion/999999-SNAPSHOT/subversion-999999-SNAPSHOT-tests.jar
[INFO] ------------------------------------------------------------------------
[INFO] BUILD SUCCESS
[INFO] ------------------------------------------------------------------------
[INFO] Total time:  14.351 s
[INFO] Finished at: 2025-06-22T15:28:44+02:00
[INFO] ------------------------------------------------------------------------
