WARNING: A restricted method in java.lang.System has been called
WARNING: java.lang.System::load has been called by org.fusesource.jansi.internal.JansiLoader in an unnamed module (file:/home/poddingue/.sdkman/candidates/maven/current/lib/jansi-2.4.1.jar)
WARNING: Use --enable-native-access=ALL-UNNAMED to avoid a warning for callers in this module
WARNING: Restricted methods will be blocked in a future release unless native access is enabled

WARNING: A terminally deprecated method in sun.misc.Unsafe has been called
WARNING: sun.misc.Unsafe::objectFieldOffset has been called by com.google.common.util.concurrent.AbstractFuture$UnsafeAtomicHelper (file:/home/poddingue/.sdkman/candidates/maven/current/lib/guava-33.2.1-jre.jar)
WARNING: Please consider reporting this to the maintainers of class com.google.common.util.concurrent.AbstractFuture$UnsafeAtomicHelper
WARNING: sun.misc.Unsafe::objectFieldOffset will be removed in a future release
[INFO] Scanning for projects...
[INFO] 
[INFO] ------------------< io.jenkins.plugins:theme-manager >------------------
[INFO] Building Theme Manager 999999-SNAPSHOT
[INFO]   from pom.xml
[INFO] --------------------------------[ hpi ]---------------------------------
[INFO] 
[INFO] --- clean:3.4.1:clean (default-clean) @ theme-manager ---
[INFO] 
[INFO] --- hpi:3.65:validate (default-validate) @ theme-manager ---
[INFO] Created marker file /tmp/plugin-builds/theme-manager/target/java-level/17
[INFO] 
[INFO] --- hpi:3.65:validate-hpi (default-validate-hpi) @ theme-manager ---
[INFO] 
[INFO] --- enforcer:3.5.0:enforce (display-info) @ theme-manager ---
[INFO] Rule 0: io.jenkins.tools.incrementals.enforcer.RequireExtensionVersion passed
[INFO] Rule 1: org.apache.maven.enforcer.rules.version.RequireMavenVersion passed
[INFO] Rule 2: org.apache.maven.enforcer.rules.version.RequireJavaVersion passed
[INFO] Rule 3: org.codehaus.mojo.extraenforcer.dependencies.EnforceBytecodeVersion passed
[INFO] Rule 4: org.apache.maven.enforcer.rules.dependency.BannedDependencies passed
[INFO] Rule 5: org.apache.maven.enforcer.rules.dependency.BannedDependencies passed
[INFO] Rule 6: org.apache.maven.enforcer.rules.dependency.RequireUpperBoundDeps passed
[INFO] 
[INFO] --- enforcer:3.5.0:enforce (no-snapshots-in-release) @ theme-manager ---
[INFO] Rule 0: org.apache.maven.enforcer.rules.dependency.RequireReleaseDeps passed
[INFO] 
[INFO] --- localizer:1.31:generate (default) @ theme-manager ---
[INFO] 
[INFO] --- resources:3.3.1:resources (default-resources) @ theme-manager ---
[INFO] Copying 13 resources from src/main/resources to target/classes
[INFO] 
[INFO] --- flatten:1.7.0:flatten (flatten) @ theme-manager ---
[INFO] Generating flattened POM of project io.jenkins.plugins:theme-manager:hpi:999999-SNAPSHOT...
[INFO] 
[INFO] --- compiler:3.14.0:compile (default-compile) @ theme-manager ---
[INFO] Recompiling the module because of changed source code.
[INFO] Compiling 9 source files with javac [debug parameters release 17] to target/classes
[INFO] io.jenkins.plugins.thememanager.ThemeManagerBluePageDecorator indexed under hudson.Extension
[INFO] io.jenkins.plugins.thememanager.ThemeManagerPageDecorator indexed under hudson.Extension
[INFO] io.jenkins.plugins.thememanager.ThemeManagerSimplePageDecorator indexed under hudson.Extension
[INFO] io.jenkins.plugins.thememanager.ThemeUserProperty.ThemeUserPropertyDescriptor indexed under hudson.Extension
[INFO] io.jenkins.plugins.thememanager.none.NoOpThemeManagerFactory.NoOpThemeManagerFactoryDescriptor indexed under hudson.Extension
[INFO] /tmp/plugin-builds/theme-manager/src/main/java/io/jenkins/plugins/thememanager/ThemeUserProperty.java:[22,12] Generating io/jenkins/plugins/thememanager/ThemeUserProperty.stapler
[INFO] /tmp/plugin-builds/theme-manager/src/main/java/io/jenkins/plugins/thememanager/none/NoOpThemeManagerFactory.java:[17,12] Generating io/jenkins/plugins/thememanager/none/NoOpThemeManagerFactory.stapler
[INFO] /tmp/plugin-builds/theme-manager/src/main/java/io/jenkins/plugins/thememanager/ThemeManagerFactoryDescriptor.java: /tmp/plugin-builds/theme-manager/src/main/java/io/jenkins/plugins/thememanager/ThemeManagerFactoryDescriptor.java uses or overrides a deprecated API.
[INFO] /tmp/plugin-builds/theme-manager/src/main/java/io/jenkins/plugins/thememanager/ThemeManagerFactoryDescriptor.java: Recompile with -Xlint:deprecation for details.
[INFO] 
[INFO] --- access-modifier-checker:1.35:enforce (default-enforce) @ theme-manager ---
[INFO] Skipping access modifier checks
[INFO] 
[INFO] --- bridge-method-injector:1.31:process (default) @ theme-manager ---
[INFO] 
[INFO] --- hpi:3.65:insert-test (default-insert-test) @ theme-manager ---
[INFO] 
[INFO] --- antrun:3.1.0:run (createTempDir) @ theme-manager ---
[INFO] Executing tasks
[INFO]     [mkdir] Created dir: /tmp/plugin-builds/theme-manager/target/tmp
[INFO] Executed tasks
[INFO] 
[INFO] --- resources:3.3.1:testResources (default-testResources) @ theme-manager ---
[INFO] Not copying test resources
[INFO] 
[INFO] --- compiler:3.14.0:testCompile (default-testCompile) @ theme-manager ---
[INFO] Not compiling test sources
[INFO] 
[INFO] --- hpi:3.65:test-hpl (default-test-hpl) @ theme-manager ---
[INFO] Generating /tmp/plugin-builds/theme-manager/target/test-classes/the.hpl
[INFO] 
[INFO] --- hpi:3.65:resolve-test-dependencies (default-resolve-test-dependencies) @ theme-manager ---
[INFO] 
[INFO] --- hpi:3.65:test-runtime (default-test-runtime) @ theme-manager ---
[INFO] Tests are skipped.
[INFO] 
[INFO] --- surefire:3.5.3:test (default-test) @ theme-manager ---
[INFO] Tests are skipped.
[INFO] 
[INFO] --- license:165.v7e11f4e4a_325:process (default) @ theme-manager ---
[INFO] 
[INFO] --- hpi:3.65:hpi (default-hpi) @ theme-manager ---
[INFO] Generating /tmp/plugin-builds/theme-manager/target/theme-manager/META-INF/MANIFEST.MF
[INFO] Checking for attached .jar artifact ...
[INFO] Generating jar /tmp/plugin-builds/theme-manager/target/theme-manager.jar
[INFO] Building jar: /tmp/plugin-builds/theme-manager/target/theme-manager.jar
[INFO] Exploding webapp...
[INFO] Copy webapp webResources to /tmp/plugin-builds/theme-manager/target/theme-manager
[INFO] Assembling webapp theme-manager in /tmp/plugin-builds/theme-manager/target/theme-manager
[INFO] Generating hpi /tmp/plugin-builds/theme-manager/target/theme-manager.hpi
[INFO] Building jar: /tmp/plugin-builds/theme-manager/target/theme-manager.hpi
[INFO] 
[INFO] --- jar:3.4.2:test-jar (maybe-test-jar) @ theme-manager ---
[INFO] Skipping packaging of the test-jar
[INFO] 
[INFO] >>> spotbugs:4.9.3.0:check (spotbugs) > :spotbugs @ theme-manager >>>
[INFO] 
[INFO] --- spotbugs:4.9.3.0:spotbugs (spotbugs) @ theme-manager ---
[INFO] Skipping com.github.spotbugs:spotbugs-maven-plugin:4.9.3.0:spotbugs report goal
[INFO] 
[INFO] <<< spotbugs:4.9.3.0:check (spotbugs) < :spotbugs @ theme-manager <<<
[INFO] 
[INFO] 
[INFO] --- spotbugs:4.9.3.0:check (spotbugs) @ theme-manager ---
[INFO] Spotbugs plugin skipped
[INFO] 
[INFO] --- spotless:2.44.4:check (default) @ theme-manager ---
[INFO] Spotless check skipped
[INFO] 
[INFO] --- install:3.1.4:install (default-install) @ theme-manager ---
[INFO] Installing /tmp/plugin-builds/theme-manager/target/theme-manager-999999-SNAPSHOT.pom to /home/poddingue/.m2/repository/io/jenkins/plugins/theme-manager/999999-SNAPSHOT/theme-manager-999999-SNAPSHOT.pom
[INFO] Installing /tmp/plugin-builds/theme-manager/target/theme-manager.hpi to /home/poddingue/.m2/repository/io/jenkins/plugins/theme-manager/999999-SNAPSHOT/theme-manager-999999-SNAPSHOT.hpi
[INFO] Installing /tmp/plugin-builds/theme-manager/target/theme-manager.jar to /home/poddingue/.m2/repository/io/jenkins/plugins/theme-manager/999999-SNAPSHOT/theme-manager-999999-SNAPSHOT.jar
[INFO] ------------------------------------------------------------------------
[INFO] BUILD SUCCESS
[INFO] ------------------------------------------------------------------------
[INFO] Total time:  8.081 s
[INFO] Finished at: 2025-06-22T17:22:16+02:00
[INFO] ------------------------------------------------------------------------
