WARNING: A terminally deprecated method in sun.misc.Unsafe has been called
WARNING: sun.misc.Unsafe::staticFieldBase has been called by com.google.inject.internal.aop.HiddenClassDefiner (file:/home/poddingue/.sdkman/candidates/maven/current/lib/guice-5.1.0-classes.jar)
WARNING: Please consider reporting this to the maintainers of class com.google.inject.internal.aop.HiddenClassDefiner
WARNING: sun.misc.Unsafe::staticFieldBase will be removed in a future release
[INFO] Scanning for projects...
[INFO] 
[INFO] Using the MultiThreadedBuilder implementation with a thread count of 4
[INFO] 
[INFO] ----------------< org.jvnet.hudson.plugins:thinBackup >-----------------
[INFO] Building ThinBackup 2.1.4-SNAPSHOT
[INFO]   from pom.xml
[INFO] --------------------------------[ hpi ]---------------------------------
[INFO] 
[INFO] --- clean:3.5.0:clean (default-clean) @ thinBackup ---
[INFO] 
[INFO] --- hpi:3.66:validate (default-validate) @ thinBackup ---
[INFO] Created marker file /tmp/plugin-builds/thinBackup/target/java-level/17
[INFO] 
[INFO] --- hpi:3.66:validate-hpi (default-validate-hpi) @ thinBackup ---
[INFO] 
[INFO] --- enforcer:3.6.1:enforce (display-info) @ thinBackup ---
[INFO] Rule 0: io.jenkins.tools.incrementals.enforcer.RequireExtensionVersion passed
[INFO] Rule 1: org.apache.maven.enforcer.rules.version.RequireMavenVersion passed
[INFO] Rule 2: org.apache.maven.enforcer.rules.version.RequireJavaVersion passed
[INFO] Rule 3: org.codehaus.mojo.extraenforcer.dependencies.EnforceBytecodeVersion passed
[INFO] Rule 4: org.apache.maven.enforcer.rules.dependency.BannedDependencies passed
[INFO] Rule 5: org.apache.maven.enforcer.rules.dependency.BannedDependencies passed
[INFO] Rule 6: org.apache.maven.enforcer.rules.dependency.RequireUpperBoundDeps passed
[INFO] 
[INFO] --- enforcer:3.6.1:enforce (no-snapshots-in-release) @ thinBackup ---
[INFO] Rule 0: org.apache.maven.enforcer.rules.dependency.RequireReleaseDeps passed
[INFO] 
[INFO] --- localizer:1.31:generate (default) @ thinBackup ---
[INFO] 
[INFO] --- enforcer:3.6.1:enforce (check-junit-imports) @ thinBackup ---
[INFO] Rule 0: org.apache.maven.plugins.enforcer.RestrictImports passed
[INFO] 
[INFO] --- resources:3.3.1:resources (default-resources) @ thinBackup ---
[INFO] Copying 46 resources from src/main/resources to target/classes
[INFO] 
[INFO] --- flatten:1.7.2:flatten (flatten) @ thinBackup ---
[INFO] Generating flattened POM of project org.jvnet.hudson.plugins:thinBackup:hpi:2.1.4-SNAPSHOT...
[INFO] 
[INFO] --- compiler:3.14.0:compile (default-compile) @ thinBackup ---
[INFO] Recompiling the module because of changed source code.
[INFO] Compiling 12 source files with javac [debug parameters release 17] to target/classes
[WARNING] unknown enum constant javax.annotation.meta.When.ALWAYS
  reason: class file for javax.annotation.meta.When not found
[INFO] org.jvnet.hudson.plugins.thinbackup.ThinBackupMgmtLink indexed under hudson.Extension
[INFO] org.jvnet.hudson.plugins.thinbackup.ThinBackupPeriodicWork indexed under hudson.Extension
[INFO] org.jvnet.hudson.plugins.thinbackup.ThinBackupPluginImpl indexed under hudson.Extension
[INFO] /tmp/plugin-builds/thinBackup/src/main/java/org/jvnet/hudson/plugins/thinbackup/ThinBackupPluginImpl.java:[73,12] Generating org/jvnet/hudson/plugins/thinbackup/ThinBackupPluginImpl.stapler
[INFO] /tmp/plugin-builds/thinBackup/src/main/java/org/jvnet/hudson/plugins/thinbackup/ThinBackupMgmtLink.java:[91,17] Generating org/jvnet/hudson/plugins/thinbackup/ThinBackupMgmtLink/doRestore.stapler
[INFO] /tmp/plugin-builds/thinBackup/src/main/java/org/jvnet/hudson/plugins/thinbackup/ThinBackupPluginImpl.java:[327,27] Generating org/jvnet/hudson/plugins/thinbackup/ThinBackupPluginImpl/doCheckBackupPath.stapler
[INFO] /tmp/plugin-builds/thinBackup/src/main/java/org/jvnet/hudson/plugins/thinbackup/ThinBackupPluginImpl.java:[381,27] Generating org/jvnet/hudson/plugins/thinbackup/ThinBackupPluginImpl/doCheckFullBackupSchedule.stapler
[INFO] /tmp/plugin-builds/thinBackup/src/main/java/org/jvnet/hudson/plugins/thinbackup/ThinBackupPluginImpl.java:[415,27] Generating org/jvnet/hudson/plugins/thinbackup/ThinBackupPluginImpl/doCheckBackupAdditionalFilesRegex.stapler
[INFO] /tmp/plugin-builds/thinBackup/src/main/java/org/jvnet/hudson/plugins/thinbackup/ThinBackupPluginImpl.java:[410,27] Generating org/jvnet/hudson/plugins/thinbackup/ThinBackupPluginImpl/doCheckExcludedFilesRegex.stapler
[INFO] /tmp/plugin-builds/thinBackup/src/main/java/org/jvnet/hudson/plugins/thinbackup/ThinBackupPluginImpl.java:[456,27] Generating org/jvnet/hudson/plugins/thinbackup/ThinBackupPluginImpl/doCheckForceQuietModeTimeout.stapler
[INFO] /tmp/plugin-builds/thinBackup/src/main/java/org/jvnet/hudson/plugins/thinbackup/ThinBackupPluginImpl.java:[445,27] Generating org/jvnet/hudson/plugins/thinbackup/ThinBackupPluginImpl/doCheckWaitForIdle.stapler
[INFO] /tmp/plugin-builds/thinBackup/src/main/java/org/jvnet/hudson/plugins/thinbackup/ThinBackupPluginImpl.java:[386,27] Generating org/jvnet/hudson/plugins/thinbackup/ThinBackupPluginImpl/doCheckDiffBackupSchedule.stapler
[WARNING] unknown enum constant javax.annotation.meta.When.ALWAYS
  reason: class file for javax.annotation.meta.When not found
[WARNING] unknown enum constant javax.annotation.meta.When.ALWAYS
  reason: class file for javax.annotation.meta.When not found
[INFO] /tmp/plugin-builds/thinBackup/src/main/java/org/jvnet/hudson/plugins/thinbackup/backup/DirectoriesZipper.java: /tmp/plugin-builds/thinBackup/src/main/java/org/jvnet/hudson/plugins/thinbackup/backup/DirectoriesZipper.java uses or overrides a deprecated API.
[INFO] /tmp/plugin-builds/thinBackup/src/main/java/org/jvnet/hudson/plugins/thinbackup/backup/DirectoriesZipper.java: Recompile with -Xlint:deprecation for details.
[INFO] 
[INFO] --- access-modifier-checker:1.35:enforce (default-enforce) @ thinBackup ---
[INFO] 
[INFO] --- bridge-method-injector:1.32:process (default) @ thinBackup ---
[INFO] 
[INFO] --- hpi:3.66:insert-test (default-insert-test) @ thinBackup ---
[INFO] 
[INFO] --- antrun:3.1.0:run (createTempDir) @ thinBackup ---
[INFO] Executing tasks
[INFO]     [mkdir] Created dir: /tmp/plugin-builds/thinBackup/target/tmp
[INFO] Executed tasks
[INFO] 
[INFO] --- resources:3.3.1:testResources (default-testResources) @ thinBackup ---
[INFO] Not copying test resources
[INFO] 
[INFO] --- compiler:3.14.0:testCompile (default-testCompile) @ thinBackup ---
[INFO] Not compiling test sources
[INFO] 
[INFO] --- hpi:3.66:test-hpl (default-test-hpl) @ thinBackup ---
[INFO] Generating /tmp/plugin-builds/thinBackup/target/test-classes/the.hpl
[INFO] 
[INFO] --- hpi:3.66:resolve-test-dependencies (default-resolve-test-dependencies) @ thinBackup ---
[INFO] 
[INFO] --- hpi:3.66:test-runtime (default-test-runtime) @ thinBackup ---
[INFO] Tests are skipped.
[INFO] 
[INFO] --- surefire:3.5.3:test (default-test) @ thinBackup ---
[INFO] Tests are skipped.
[INFO] 
[INFO] --- license:184.v19c87b_6b_a_9a_c:process (default) @ thinBackup ---
[INFO] Generated /tmp/plugin-builds/thinBackup/target/thinBackup/WEB-INF/licenses.xml
[INFO] 
[INFO] --- hpi:3.66:hpi (default-hpi) @ thinBackup ---
[INFO] Generating /tmp/plugin-builds/thinBackup/target/thinBackup/META-INF/MANIFEST.MF
[INFO] Checking for attached .jar artifact ...
[INFO] Generating jar /tmp/plugin-builds/thinBackup/target/thinBackup.jar
[INFO] Building jar: /tmp/plugin-builds/thinBackup/target/thinBackup.jar
[INFO] Exploding webapp...
[INFO] Copy webapp webResources to /tmp/plugin-builds/thinBackup/target/thinBackup
[INFO] Assembling webapp thinBackup in /tmp/plugin-builds/thinBackup/target/thinBackup
[INFO] Generating hpi /tmp/plugin-builds/thinBackup/target/thinBackup.hpi
[INFO] Building jar: /tmp/plugin-builds/thinBackup/target/thinBackup.hpi
[INFO] 
[INFO] --- jar:3.4.2:test-jar (maybe-test-jar) @ thinBackup ---
[INFO] Skipping packaging of the test-jar
[INFO] 
[INFO] >>> spotbugs:4.9.3.2:check (spotbugs) > :spotbugs @ thinBackup >>>
[INFO] 
[INFO] --- spotbugs:4.9.3.2:spotbugs (spotbugs) @ thinBackup ---
[INFO] Fork Value is true
[INFO] Done SpotBugs Analysis....
[WARNING] Unable to find a URL to the parent project. The parent menu will NOT be added.
[INFO] Rendering content with org.apache.maven.skins:maven-fluido-skin:jar:2.0.0-M9 skin
[INFO] 
[INFO] <<< spotbugs:4.9.3.2:check (spotbugs) < :spotbugs @ thinBackup <<<
[INFO] 
[INFO] 
[INFO] --- spotbugs:4.9.3.2:check (spotbugs) @ thinBackup ---
[INFO] BugInstance size is 0
[INFO] Error size is 0
[INFO] No errors/warnings found
[INFO] 
[INFO] --- spotless:2.46.1:check (default) @ thinBackup ---
[INFO] Index file does not exist. Fallback to an empty index
[INFO] Spotless.Java is keeping 28 files clean - 0 needs changes to be clean, 28 were already clean, 0 were skipped because caching determined they were already clean
[INFO] Sorting file /tmp/pom2974254619047415064.xml
[INFO] Pom file is already sorted, exiting
[INFO] Spotless.Pom is keeping 1 files clean - 0 needs changes to be clean, 1 were already clean, 0 were skipped because caching determined they were already clean
[INFO] 
[INFO] --- install:3.1.4:install (default-install) @ thinBackup ---
[INFO] Installing /tmp/plugin-builds/thinBackup/target/thinBackup-2.1.4-SNAPSHOT.pom to /home/poddingue/.m2/repository/org/jvnet/hudson/plugins/thinBackup/2.1.4-SNAPSHOT/thinBackup-2.1.4-SNAPSHOT.pom
[INFO] Installing /tmp/plugin-builds/thinBackup/target/thinBackup.hpi to /home/poddingue/.m2/repository/org/jvnet/hudson/plugins/thinBackup/2.1.4-SNAPSHOT/thinBackup-2.1.4-SNAPSHOT.hpi
[INFO] Installing /tmp/plugin-builds/thinBackup/target/thinBackup.jar to /home/poddingue/.m2/repository/org/jvnet/hudson/plugins/thinBackup/2.1.4-SNAPSHOT/thinBackup-2.1.4-SNAPSHOT.jar
[INFO] ------------------------------------------------------------------------
[INFO] BUILD SUCCESS
[INFO] ------------------------------------------------------------------------
[INFO] Total time:  52.445 s (Wall Clock)
[INFO] Finished at: 2025-08-22T18:30:34+02:00
[INFO] ------------------------------------------------------------------------
