WARNING: A restricted method in java.lang.System has been called
WARNING: java.lang.System::load has been called by org.fusesource.jansi.internal.JansiLoader in an unnamed module (file:/home/poddingue/.sdkman/candidates/maven/current/lib/jansi-2.4.1.jar)
WARNING: Use --enable-native-access=ALL-UNNAMED to avoid a warning for callers in this module
WARNING: Restricted methods will be blocked in a future release unless native access is enabled

WARNING: A terminally deprecated method in sun.misc.Unsafe has been called
WARNING: sun.misc.Unsafe::objectFieldOffset has been called by com.google.common.util.concurrent.AbstractFuture$UnsafeAtomicHelper (file:/home/poddingue/.sdkman/candidates/maven/current/lib/guava-33.2.1-jre.jar)
WARNING: Please consider reporting this to the maintainers of class com.google.common.util.concurrent.AbstractFuture$UnsafeAtomicHelper
WARNING: sun.misc.Unsafe::objectFieldOffset will be removed in a future release
[INFO] Scanning for projects...
[INFO] 
[INFO] ------------< org.jenkins-ci.plugins:throttle-concurrents >-------------
[INFO] Building Jenkins Throttle Concurrent Builds Plug-in 2.17-SNAPSHOT
[INFO]   from pom.xml
[INFO] --------------------------------[ hpi ]---------------------------------
[INFO] 
[INFO] --- clean:3.4.1:clean (default-clean) @ throttle-concurrents ---
[INFO] 
[INFO] --- hpi:3.65:validate (default-validate) @ throttle-concurrents ---
[INFO] Created marker file /tmp/plugin-builds/throttle-concurrents/target/java-level/17
[INFO] 
[INFO] --- hpi:3.65:validate-hpi (default-validate-hpi) @ throttle-concurrents ---
[INFO] 
[INFO] --- enforcer:3.5.0:enforce (display-info) @ throttle-concurrents ---
[INFO] Rule 0: io.jenkins.tools.incrementals.enforcer.RequireExtensionVersion passed
[INFO] Rule 1: org.apache.maven.enforcer.rules.version.RequireMavenVersion passed
[INFO] Rule 2: org.apache.maven.enforcer.rules.version.RequireJavaVersion passed
[INFO] Rule 3: org.codehaus.mojo.extraenforcer.dependencies.EnforceBytecodeVersion passed
[INFO] Rule 4: org.apache.maven.enforcer.rules.dependency.BannedDependencies passed
[INFO] Rule 5: org.apache.maven.enforcer.rules.dependency.BannedDependencies passed
[INFO] Ignoring requireUpperBoundDeps in org.ow2.asm:asm
[INFO] Rule 6: org.apache.maven.enforcer.rules.dependency.RequireUpperBoundDeps passed
[INFO] 
[INFO] --- enforcer:3.5.0:enforce (no-snapshots-in-release) @ throttle-concurrents ---
[INFO] Rule 0: org.apache.maven.enforcer.rules.dependency.RequireReleaseDeps passed
[INFO] 
[INFO] --- localizer:1.31:generate (default) @ throttle-concurrents ---
[INFO] 
[INFO] --- resources:3.3.1:resources (default-resources) @ throttle-concurrents ---
[INFO] Copying 16 resources from src/main/resources to target/classes
[INFO] 
[INFO] --- flatten:1.7.0:flatten (flatten) @ throttle-concurrents ---
[INFO] Generating flattened POM of project org.jenkins-ci.plugins:throttle-concurrents:hpi:2.17-SNAPSHOT...
[INFO] 
[INFO] --- compiler:3.14.0:compile (default-compile) @ throttle-concurrents ---
[INFO] Recompiling the module because of changed source code.
[INFO] Compiling 7 source files with javac [debug parameters release 17] to target/classes
[INFO] hudson.plugins.throttleconcurrents.ThrottleJobProperty.DescriptorImpl indexed under hudson.Extension
[INFO] hudson.plugins.throttleconcurrents.ThrottleJobProperty.ThrottleCategory.DescriptorImpl indexed under hudson.Extension
[INFO] hudson.plugins.throttleconcurrents.ThrottleJobProperty.NodeLabeledPair.DescriptorImpl indexed under hudson.Extension
[INFO] hudson.plugins.throttleconcurrents.ThrottleMatrixProjectOptions.DESCRIPTOR indexed under hudson.Extension
[INFO] hudson.plugins.throttleconcurrents.ThrottleQueueTaskDispatcher indexed under hudson.Extension
[INFO] hudson.plugins.throttleconcurrents.pipeline.ThrottleStep.DescriptorImpl indexed under hudson.Extension
[INFO] /tmp/plugin-builds/throttle-concurrents/src/main/java/hudson/plugins/throttleconcurrents/ThrottleJobProperty.java:[676,16] Generating hudson/plugins/throttleconcurrents/ThrottleJobProperty/ThrottleCategory.stapler
[INFO] /tmp/plugin-builds/throttle-concurrents/src/main/java/hudson/plugins/throttleconcurrents/ThrottleJobProperty.java:[732,16] Generating hudson/plugins/throttleconcurrents/ThrottleJobProperty/NodeLabeledPair.stapler
[INFO] /tmp/plugin-builds/throttle-concurrents/src/main/java/hudson/plugins/throttleconcurrents/ThrottleJobProperty.java:[89,12] Generating hudson/plugins/throttleconcurrents/ThrottleJobProperty.stapler
[INFO] /tmp/plugin-builds/throttle-concurrents/src/main/java/hudson/plugins/throttleconcurrents/ThrottleMatrixProjectOptions.java:[54,12] Generating hudson/plugins/throttleconcurrents/ThrottleMatrixProjectOptions.stapler
[INFO] /tmp/plugin-builds/throttle-concurrents/src/main/java/hudson/plugins/throttleconcurrents/pipeline/ThrottleStep.java:[26,12] Generating hudson/plugins/throttleconcurrents/pipeline/ThrottleStep.stapler
[INFO] /tmp/plugin-builds/throttle-concurrents/src/main/java/hudson/plugins/throttleconcurrents/ThrottleJobProperty.java:[460,31] Generating hudson/plugins/throttleconcurrents/ThrottleJobProperty/DescriptorImpl/doCheckMaxConcurrentTotal.stapler
[INFO] /tmp/plugin-builds/throttle-concurrents/src/main/java/hudson/plugins/throttleconcurrents/pipeline/ThrottleStep.java:[65,31] Generating hudson/plugins/throttleconcurrents/pipeline/ThrottleStep/DescriptorImpl/doCheckCategoryName.stapler
[INFO] /tmp/plugin-builds/throttle-concurrents/src/main/java/hudson/plugins/throttleconcurrents/ThrottleJobProperty.java:[446,31] Generating hudson/plugins/throttleconcurrents/ThrottleJobProperty/DescriptorImpl/doCheckMaxConcurrentPerNode.stapler
[INFO] /tmp/plugin-builds/throttle-concurrents/src/main/java/hudson/plugins/throttleconcurrents/ThrottleQueueTaskDispatcher.java: /tmp/plugin-builds/throttle-concurrents/src/main/java/hudson/plugins/throttleconcurrents/ThrottleQueueTaskDispatcher.java uses or overrides a deprecated API.
[INFO] /tmp/plugin-builds/throttle-concurrents/src/main/java/hudson/plugins/throttleconcurrents/ThrottleQueueTaskDispatcher.java: Recompile with -Xlint:deprecation for details.
[INFO] 
[INFO] --- access-modifier-checker:1.35:enforce (default-enforce) @ throttle-concurrents ---
[INFO] Skipping access modifier checks
[INFO] 
[INFO] --- bridge-method-injector:1.31:process (default) @ throttle-concurrents ---
[INFO] 
[INFO] --- hpi:3.65:insert-test (default-insert-test) @ throttle-concurrents ---
[INFO] 
[INFO] --- antrun:3.1.0:run (createTempDir) @ throttle-concurrents ---
[INFO] Executing tasks
[INFO]     [mkdir] Created dir: /tmp/plugin-builds/throttle-concurrents/target/tmp
[INFO] Executed tasks
[INFO] 
[INFO] --- resources:3.3.1:testResources (default-testResources) @ throttle-concurrents ---
[INFO] Not copying test resources
[INFO] 
[INFO] --- compiler:3.14.0:testCompile (default-testCompile) @ throttle-concurrents ---
[INFO] Not compiling test sources
[INFO] 
[INFO] --- hpi:3.65:test-hpl (default-test-hpl) @ throttle-concurrents ---
[INFO] Generating /tmp/plugin-builds/throttle-concurrents/target/test-classes/the.hpl
[INFO] 
[INFO] --- hpi:3.65:resolve-test-dependencies (default-resolve-test-dependencies) @ throttle-concurrents ---
[INFO] 
[INFO] --- hpi:3.65:test-runtime (default-test-runtime) @ throttle-concurrents ---
[INFO] Tests are skipped.
[INFO] 
[INFO] --- surefire:3.5.3:test (default-test) @ throttle-concurrents ---
[INFO] Tests are skipped.
[INFO] 
[INFO] --- license:165.v7e11f4e4a_325:process (default) @ throttle-concurrents ---
[INFO] 
[INFO] --- hpi:3.65:hpi (default-hpi) @ throttle-concurrents ---
[INFO] Generating /tmp/plugin-builds/throttle-concurrents/target/throttle-concurrents/META-INF/MANIFEST.MF
[INFO] Checking for attached .jar artifact ...
[INFO] Generating jar /tmp/plugin-builds/throttle-concurrents/target/throttle-concurrents.jar
[INFO] Building jar: /tmp/plugin-builds/throttle-concurrents/target/throttle-concurrents.jar
[INFO] Exploding webapp...
[INFO] Copy webapp webResources to /tmp/plugin-builds/throttle-concurrents/target/throttle-concurrents
[INFO] Assembling webapp throttle-concurrents in /tmp/plugin-builds/throttle-concurrents/target/throttle-concurrents
[INFO] Generating hpi /tmp/plugin-builds/throttle-concurrents/target/throttle-concurrents.hpi
[INFO] Building jar: /tmp/plugin-builds/throttle-concurrents/target/throttle-concurrents.hpi
[INFO] 
[INFO] --- jar:3.4.2:test-jar (maybe-test-jar) @ throttle-concurrents ---
[INFO] Skipping packaging of the test-jar
[INFO] 
[INFO] >>> spotbugs:4.9.3.0:check (spotbugs) > :spotbugs @ throttle-concurrents >>>
[INFO] 
[INFO] --- spotbugs:4.9.3.0:spotbugs (spotbugs) @ throttle-concurrents ---
[INFO] Skipping com.github.spotbugs:spotbugs-maven-plugin:4.9.3.0:spotbugs report goal
[INFO] 
[INFO] <<< spotbugs:4.9.3.0:check (spotbugs) < :spotbugs @ throttle-concurrents <<<
[INFO] 
[INFO] 
[INFO] --- spotbugs:4.9.3.0:check (spotbugs) @ throttle-concurrents ---
[INFO] Spotbugs plugin skipped
[INFO] 
[INFO] --- spotless:2.44.4:check (default) @ throttle-concurrents ---
[INFO] Spotless check skipped
[INFO] 
[INFO] --- install:3.1.4:install (default-install) @ throttle-concurrents ---
[INFO] Installing /tmp/plugin-builds/throttle-concurrents/target/throttle-concurrents-2.17-SNAPSHOT.pom to /home/poddingue/.m2/repository/org/jenkins-ci/plugins/throttle-concurrents/2.17-SNAPSHOT/throttle-concurrents-2.17-SNAPSHOT.pom
[INFO] Installing /tmp/plugin-builds/throttle-concurrents/target/throttle-concurrents.hpi to /home/poddingue/.m2/repository/org/jenkins-ci/plugins/throttle-concurrents/2.17-SNAPSHOT/throttle-concurrents-2.17-SNAPSHOT.hpi
[INFO] Installing /tmp/plugin-builds/throttle-concurrents/target/throttle-concurrents.jar to /home/poddingue/.m2/repository/org/jenkins-ci/plugins/throttle-concurrents/2.17-SNAPSHOT/throttle-concurrents-2.17-SNAPSHOT.jar
[INFO] ------------------------------------------------------------------------
[INFO] BUILD SUCCESS
[INFO] ------------------------------------------------------------------------
[INFO] Total time:  8.755 s
[INFO] Finished at: 2025-06-22T21:32:34+02:00
[INFO] ------------------------------------------------------------------------
