WARNING: A restricted method in java.lang.System has been called
WARNING: java.lang.System::load has been called by org.fusesource.jansi.internal.JansiLoader in an unnamed module (file:/home/poddingue/.sdkman/candidates/maven/current/lib/jansi-2.4.1.jar)
WARNING: Use --enable-native-access=ALL-UNNAMED to avoid a warning for callers in this module
WARNING: Restricted methods will be blocked in a future release unless native access is enabled

WARNING: A terminally deprecated method in sun.misc.Unsafe has been called
WARNING: sun.misc.Unsafe::objectFieldOffset has been called by com.google.common.util.concurrent.AbstractFuture$UnsafeAtomicHelper (file:/home/poddingue/.sdkman/candidates/maven/current/lib/guava-33.2.1-jre.jar)
WARNING: Please consider reporting this to the maintainers of class com.google.common.util.concurrent.AbstractFuture$UnsafeAtomicHelper
WARNING: sun.misc.Unsafe::objectFieldOffset will be removed in a future release
[INFO] Scanning for projects...
[INFO] 
[INFO] -----------------< org.jenkins-ci.plugins:token-macro >-----------------
[INFO] Building Token Macro Plugin 999999-SNAPSHOT
[INFO]   from pom.xml
[INFO] --------------------------------[ hpi ]---------------------------------
[INFO] 
[INFO] --- clean:3.5.0:clean (default-clean) @ token-macro ---
[INFO] 
[INFO] --- hpi:3.66:validate (default-validate) @ token-macro ---
[INFO] Created marker file /tmp/plugin-builds/token-macro/target/java-level/17
[INFO] 
[INFO] --- hpi:3.66:validate-hpi (default-validate-hpi) @ token-macro ---
[INFO] 
[INFO] --- enforcer:3.5.0:enforce (display-info) @ token-macro ---
[INFO] Rule 0: io.jenkins.tools.incrementals.enforcer.RequireExtensionVersion passed
[INFO] Rule 1: org.apache.maven.enforcer.rules.version.RequireMavenVersion passed
[INFO] Rule 2: org.apache.maven.enforcer.rules.version.RequireJavaVersion passed
[INFO] Rule 3: org.codehaus.mojo.extraenforcer.dependencies.EnforceBytecodeVersion passed
[INFO] Rule 4: org.apache.maven.enforcer.rules.dependency.BannedDependencies passed
[INFO] Rule 5: org.apache.maven.enforcer.rules.dependency.BannedDependencies passed
[INFO] Ignoring requireUpperBoundDeps in org.ow2.asm:asm
[INFO] Rule 6: org.apache.maven.enforcer.rules.dependency.RequireUpperBoundDeps passed
[INFO] 
[INFO] --- enforcer:3.5.0:enforce (no-snapshots-in-release) @ token-macro ---
[INFO] Rule 0: org.apache.maven.enforcer.rules.dependency.RequireReleaseDeps passed
[INFO] 
[INFO] --- localizer:1.31:generate (default) @ token-macro ---
[INFO] 
[INFO] --- resources:3.3.1:resources (default-resources) @ token-macro ---
[INFO] Copying 28 resources from src/main/resources to target/classes
[INFO] 
[INFO] --- flatten:1.7.1:flatten (flatten) @ token-macro ---
[INFO] Generating flattened POM of project org.jenkins-ci.plugins:token-macro:hpi:999999-SNAPSHOT...
[INFO] 
[INFO] --- compiler:3.14.0:compile (default-compile) @ token-macro ---
[INFO] Recompiling the module because of changed source code.
[INFO] Compiling 38 source files with javac [debug parameters release 17] to target/classes
[INFO] org.jenkinsci.plugins.tokenmacro.TokenMacroStep.DescriptorImpl indexed under hudson.Extension
[INFO] org.jenkinsci.plugins.tokenmacro.impl.AdminEmailMacro indexed under hudson.Extension
[INFO] org.jenkinsci.plugins.tokenmacro.impl.BuildCauseMacro indexed under hudson.Extension
[INFO] org.jenkinsci.plugins.tokenmacro.impl.BuildLogExcerptMacro indexed under hudson.Extension
[INFO] org.jenkinsci.plugins.tokenmacro.impl.BuildLogMacro indexed under hudson.Extension
[INFO] org.jenkinsci.plugins.tokenmacro.impl.BuildLogMultilineRegexMacro indexed under hudson.Extension
[INFO] org.jenkinsci.plugins.tokenmacro.impl.BuildLogRegexMacro indexed under hudson.Extension
[INFO] org.jenkinsci.plugins.tokenmacro.impl.BuildNumberMacro indexed under hudson.Extension
[INFO] org.jenkinsci.plugins.tokenmacro.impl.BuildStatusMacro indexed under hudson.Extension
[INFO] org.jenkinsci.plugins.tokenmacro.impl.BuildUrlMacro indexed under hudson.Extension
[INFO] org.jenkinsci.plugins.tokenmacro.impl.BuildUserMacro indexed under hudson.Extension
[INFO] org.jenkinsci.plugins.tokenmacro.impl.ChangesSinceLastBuildMacro indexed under hudson.Extension
[INFO] org.jenkinsci.plugins.tokenmacro.impl.ChangesSinceLastSuccessfulBuildMacro indexed under hudson.Extension
[INFO] org.jenkinsci.plugins.tokenmacro.impl.ChangesSinceLastUnstableBuildMacro indexed under hudson.Extension
[INFO] org.jenkinsci.plugins.tokenmacro.impl.EnvironmentVariableMacro indexed under hudson.Extension
[INFO] org.jenkinsci.plugins.tokenmacro.impl.JenkinsUrlMacro indexed under hudson.Extension
[INFO] org.jenkinsci.plugins.tokenmacro.impl.JobDescriptionMacro indexed under hudson.Extension
[INFO] org.jenkinsci.plugins.tokenmacro.impl.JsonFileMacro indexed under hudson.Extension
[INFO] org.jenkinsci.plugins.tokenmacro.impl.LogRegExMacro indexed under hudson.Extension
[INFO] org.jenkinsci.plugins.tokenmacro.impl.ProjectNameMacro indexed under hudson.Extension
[INFO] org.jenkinsci.plugins.tokenmacro.impl.ProjectUrlMacro indexed under hudson.Extension
[INFO] org.jenkinsci.plugins.tokenmacro.impl.PropertyFromFileMacro indexed under hudson.Extension
[INFO] org.jenkinsci.plugins.tokenmacro.impl.WorkspaceFileMacro indexed under hudson.Extension
[INFO] org.jenkinsci.plugins.tokenmacro.impl.XmlFileMacro indexed under hudson.Extension
[INFO] /tmp/plugin-builds/token-macro/src/main/java/org/jenkinsci/plugins/tokenmacro/TokenMacroStep.java:[20,12] Generating org/jenkinsci/plugins/tokenmacro/TokenMacroStep.stapler
[INFO] /tmp/plugin-builds/token-macro/src/main/java/org/jenkinsci/plugins/tokenmacro/TokenMacro.java: Some input files use or override a deprecated API.
[INFO] /tmp/plugin-builds/token-macro/src/main/java/org/jenkinsci/plugins/tokenmacro/TokenMacro.java: Recompile with -Xlint:deprecation for details.
[INFO] /tmp/plugin-builds/token-macro/src/main/java/org/jenkinsci/plugins/tokenmacro/TokenMacro.java: Some input files use unchecked or unsafe operations.
[INFO] /tmp/plugin-builds/token-macro/src/main/java/org/jenkinsci/plugins/tokenmacro/TokenMacro.java: Recompile with -Xlint:unchecked for details.
[INFO] 
[INFO] --- access-modifier-checker:1.35:enforce (default-enforce) @ token-macro ---
[INFO] Skipping access modifier checks
[INFO] 
[INFO] --- bridge-method-injector:1.31:process (default) @ token-macro ---
[INFO] 
[INFO] --- hpi:3.66:insert-test (default-insert-test) @ token-macro ---
[INFO] 
[INFO] --- antrun:3.1.0:run (createTempDir) @ token-macro ---
[INFO] Executing tasks
[INFO]     [mkdir] Created dir: /tmp/plugin-builds/token-macro/target/tmp
[INFO] Executed tasks
[INFO] 
[INFO] --- resources:3.3.1:testResources (default-testResources) @ token-macro ---
[INFO] Not copying test resources
[INFO] 
[INFO] --- compiler:3.14.0:testCompile (default-testCompile) @ token-macro ---
[INFO] Not compiling test sources
[INFO] 
[INFO] --- hpi:3.66:test-hpl (default-test-hpl) @ token-macro ---
[INFO] Generating /tmp/plugin-builds/token-macro/target/test-classes/the.hpl
[INFO] 
[INFO] --- hpi:3.66:resolve-test-dependencies (default-resolve-test-dependencies) @ token-macro ---
[INFO] 
[INFO] --- hpi:3.66:test-runtime (default-test-runtime) @ token-macro ---
[INFO] Tests are skipped.
[INFO] 
[INFO] --- surefire:3.5.3:test (default-test) @ token-macro ---
[INFO] Tests are skipped.
[INFO] 
[INFO] --- license:165.v7e11f4e4a_325:process (default) @ token-macro ---
[INFO] 
[INFO] --- hpi:3.66:hpi (default-hpi) @ token-macro ---
[INFO] Generating /tmp/plugin-builds/token-macro/target/token-macro/META-INF/MANIFEST.MF
[INFO] Checking for attached .jar artifact ...
[INFO] Generating jar /tmp/plugin-builds/token-macro/target/token-macro.jar
[INFO] Building jar: /tmp/plugin-builds/token-macro/target/token-macro.jar
[INFO] Exploding webapp...
[INFO] Copy webapp webResources to /tmp/plugin-builds/token-macro/target/token-macro
[INFO] Assembling webapp token-macro in /tmp/plugin-builds/token-macro/target/token-macro
[INFO] Generating hpi /tmp/plugin-builds/token-macro/target/token-macro.hpi
[INFO] Building jar: /tmp/plugin-builds/token-macro/target/token-macro.hpi
[INFO] 
[INFO] --- jar:3.4.2:test-jar (maybe-test-jar) @ token-macro ---
[INFO] Skipping packaging of the test-jar
[INFO] 
[INFO] >>> spotbugs:4.9.3.1:check (spotbugs) > :spotbugs @ token-macro >>>
[INFO] 
[INFO] --- spotbugs:4.9.3.1:spotbugs (spotbugs) @ token-macro ---
[INFO] Skipping com.github.spotbugs:spotbugs-maven-plugin:4.9.3.1:spotbugs report goal
[INFO] 
[INFO] <<< spotbugs:4.9.3.1:check (spotbugs) < :spotbugs @ token-macro <<<
[INFO] 
[INFO] 
[INFO] --- spotbugs:4.9.3.1:check (spotbugs) @ token-macro ---
[INFO] Spotbugs plugin skipped
[INFO] 
[INFO] --- spotless:2.44.5:check (default) @ token-macro ---
[INFO] Spotless check skipped
[INFO] 
[INFO] --- install:3.1.4:install (default-install) @ token-macro ---
[INFO] Installing /tmp/plugin-builds/token-macro/target/token-macro-999999-SNAPSHOT.pom to /home/poddingue/.m2/repository/org/jenkins-ci/plugins/token-macro/999999-SNAPSHOT/token-macro-999999-SNAPSHOT.pom
[INFO] Installing /tmp/plugin-builds/token-macro/target/token-macro.hpi to /home/poddingue/.m2/repository/org/jenkins-ci/plugins/token-macro/999999-SNAPSHOT/token-macro-999999-SNAPSHOT.hpi
[INFO] Installing /tmp/plugin-builds/token-macro/target/token-macro.jar to /home/poddingue/.m2/repository/org/jenkins-ci/plugins/token-macro/999999-SNAPSHOT/token-macro-999999-SNAPSHOT.jar
[INFO] ------------------------------------------------------------------------
[INFO] BUILD SUCCESS
[INFO] ------------------------------------------------------------------------
[INFO] Total time:  19.549 s
[INFO] Finished at: 2025-07-02T10:32:10+02:00
[INFO] ------------------------------------------------------------------------
