[INFO] Scanning for projects...
[INFO] Artifact org.jenkins-ci.tools:maven-hpi-plugin:pom:3.1787.vd08d76c755ef is present in the local repository, but cached from a remote repository ID that is unavailable in current build context, verifying that is downloadable from [incrementals (https://repo.jenkins-ci.org/incrementals/, default, releases), central (https://repo.maven.apache.org/maven2, default, releases)]
[INFO] Artifact org.jenkins-ci.tools:maven-hpi-plugin:pom:3.1787.vd08d76c755ef is present in the local repository, but cached from a remote repository ID that is unavailable in current build context, verifying that is downloadable from [incrementals (https://repo.jenkins-ci.org/incrementals/, default, releases), central (https://repo.maven.apache.org/maven2, default, releases)]
[WARNING] The POM for org.jenkins-ci.tools:maven-hpi-plugin:jar:3.1787.vd08d76c755ef is missing, no dependency information available
[INFO] Artifact org.jenkins-ci.tools:maven-hpi-plugin:jar:3.1787.vd08d76c755ef is present in the local repository, but cached from a remote repository ID that is unavailable in current build context, verifying that is downloadable from [incrementals (https://repo.jenkins-ci.org/incrementals/, default, releases), central (https://repo.maven.apache.org/maven2, default, releases)]
[INFO] Artifact org.jenkins-ci.tools:maven-hpi-plugin:jar:3.1787.vd08d76c755ef is present in the local repository, but cached from a remote repository ID that is unavailable in current build context, verifying that is downloadable from [incrementals (https://repo.jenkins-ci.org/incrementals/, default, releases), central (https://repo.maven.apache.org/maven2, default, releases)]
[WARNING] Failed to build parent project for org.jenkins-ci.plugins:variant:hpi:999999-SNAPSHOT
[INFO] 
[INFO] -------------------< org.jenkins-ci.plugins:variant >-------------------
[INFO] Building Variant Plugin 999999-SNAPSHOT
[INFO]   from pom.xml
[INFO] --------------------------------[ hpi ]---------------------------------
[INFO] 
[INFO] --- clean:3.5.0:clean (default-clean) @ variant ---
[INFO] 
[INFO] --- hpi:3.1787.vd08d76c755ef:validate (default-validate) @ variant ---
[INFO] Created marker file /tmp/plugin-builds/variant/target/java-level/17
[INFO] 
[INFO] --- hpi:3.1787.vd08d76c755ef:validate-hpi (default-validate-hpi) @ variant ---
[INFO] 
[INFO] --- enforcer:3.6.2:enforce (display-info) @ variant ---
[INFO] Rule 0: io.jenkins.tools.incrementals.enforcer.RequireExtensionVersion passed
[INFO] Rule 1: org.apache.maven.enforcer.rules.version.RequireMavenVersion passed
[INFO] Rule 2: org.apache.maven.enforcer.rules.version.RequireJavaVersion passed
[INFO] Rule 3: org.apache.maven.enforcer.rules.RequirePluginVersions passed
[INFO] Rule 4: org.codehaus.mojo.extraenforcer.dependencies.EnforceBytecodeVersion passed
[INFO] Rule 5: org.apache.maven.enforcer.rules.dependency.BannedDependencies passed
[INFO] Rule 6: org.apache.maven.enforcer.rules.dependency.BannedDependencies passed
[INFO] Rule 7: org.apache.maven.enforcer.rules.dependency.RequireUpperBoundDeps passed
[INFO] 
[INFO] --- enforcer:3.6.2:enforce (no-snapshots-in-release) @ variant ---
[INFO] Rule 0: org.apache.maven.enforcer.rules.dependency.RequireReleaseDeps passed
[INFO] 
[INFO] --- localizer:1.31:generate (default) @ variant ---
[INFO] 
[INFO] --- enforcer:3.6.2:enforce (check-junit-imports) @ variant ---
[INFO] Rule 0: org.apache.maven.plugins.enforcer.RestrictImports passed
[INFO] 
[INFO] --- resources:3.4.0:resources (default-resources) @ variant ---
[INFO] Copying 1 resource from src/main/resources to target/classes
[INFO] 
[INFO] --- flatten:1.7.3:flatten (flatten) @ variant ---
[INFO] Generating flattened POM of project org.jenkins-ci.plugins:variant:hpi:999999-SNAPSHOT...
[INFO] 
[INFO] --- compiler:3.14.1:compile (default-compile) @ variant ---
[INFO] Recompiling the module because of changed source code.
[INFO] Compiling 4 source files with javac [debug parameters release 17] to target/classes
[WARNING] /tmp/plugin-builds/variant/src/main/java/org/jenkinsci/plugins/variant/OptionalExtension.java:[24,9] should be marked @Retention(RetentionPolicy.SOURCE)
[INFO] org.jenkinsci.plugins.variant.OptionalExtensionProcessor indexed under hudson.Extension
[INFO] /tmp/plugin-builds/variant/src/main/java/org/jenkinsci/plugins/variant/OptionalExtensionProcessor.java: Some input files use or override a deprecated API.
[INFO] /tmp/plugin-builds/variant/src/main/java/org/jenkinsci/plugins/variant/OptionalExtensionProcessor.java: Recompile with -Xlint:deprecation for details.
[INFO] 
[INFO] --- access-modifier-checker:1.35:enforce (default-enforce) @ variant ---
[INFO] 
[INFO] --- bridge-method-injector:1.32:process (default) @ variant ---
[INFO] 
[INFO] --- hpi:3.1787.vd08d76c755ef:insert-test (default-insert-test) @ variant ---
[INFO] 
[INFO] --- antrun:3.2.0:run (createTempDir) @ variant ---
[INFO] Executing tasks
[INFO]     [mkdir] Created dir: /tmp/plugin-builds/variant/target/tmp
[INFO] Executed tasks
[INFO] 
[INFO] --- resources:3.4.0:testResources (default-testResources) @ variant ---
[INFO] Not copying test resources
[INFO] 
[INFO] --- compiler:3.14.1:testCompile (default-testCompile) @ variant ---
[INFO] Not compiling test sources
[INFO] 
[INFO] --- hpi:3.1787.vd08d76c755ef:test-hpl (default-test-hpl) @ variant ---
[INFO] Generating /tmp/plugin-builds/variant/target/test-classes/the.hpl
[INFO] 
[INFO] --- hpi:3.1787.vd08d76c755ef:resolve-test-dependencies (default-resolve-test-dependencies) @ variant ---
[INFO] 
[INFO] --- hpi:3.1787.vd08d76c755ef:test-runtime (default-test-runtime) @ variant ---
[INFO] Tests are skipped.
[INFO] 
[INFO] --- surefire:3.5.4:test (default-test) @ variant ---
[INFO] Tests are skipped.
[INFO] 
[INFO] --- license:184.v19c87b_6b_a_9a_c:process (default) @ variant ---
[INFO] Generated /tmp/plugin-builds/variant/target/variant/WEB-INF/licenses.xml
[INFO] 
[INFO] --- hpi:3.1787.vd08d76c755ef:hpi (default-hpi) @ variant ---
[INFO] Generating /tmp/plugin-builds/variant/target/variant/META-INF/MANIFEST.MF
[INFO] Checking for attached .jar artifact ...
[INFO] Generating jar /tmp/plugin-builds/variant/target/variant.jar
[INFO] Building jar: /tmp/plugin-builds/variant/target/variant.jar
[INFO] Exploding webapp...
[INFO] Copy webapp webResources to /tmp/plugin-builds/variant/target/variant
[INFO] Assembling webapp variant in /tmp/plugin-builds/variant/target/variant
[INFO] Generating hpi /tmp/plugin-builds/variant/target/variant.hpi
[INFO] Building jar: /tmp/plugin-builds/variant/target/variant.hpi
[INFO] 
[INFO] --- jar:3.5.0:test-jar (maybe-test-jar) @ variant ---
[INFO] Skipping packaging of the test-jar
[INFO] 
[INFO] >>> spotbugs:4.9.8.2:check (spotbugs) > :spotbugs @ variant >>>
[INFO] 
[INFO] --- spotbugs:4.9.8.2:spotbugs (spotbugs) @ variant ---
[INFO] Fork Value is true
[INFO] Done SpotBugs Analysis....
[INFO] Skipping com.github.spotbugs:spotbugs-maven-plugin:4.9.8.2:spotbugs report goal
[INFO] 
[INFO] <<< spotbugs:4.9.8.2:check (spotbugs) < :spotbugs @ variant <<<
[INFO] 
[INFO] 
[INFO] --- spotbugs:4.9.8.2:check (spotbugs) @ variant ---
[INFO] BugInstance size is 0
[INFO] Error size is 0
[INFO] No errors/warnings found
[INFO] 
[INFO] --- spotless:3.1.0:check (default) @ variant ---
[INFO] Spotless check skipped
[INFO] 
[INFO] --- install:3.1.4:install (default-install) @ variant ---
[INFO] Installing /tmp/plugin-builds/variant/target/variant-999999-SNAPSHOT.pom to /home/runner/.m2/repository/org/jenkins-ci/plugins/variant/999999-SNAPSHOT/variant-999999-SNAPSHOT.pom
[INFO] Installing /tmp/plugin-builds/variant/target/variant.hpi to /home/runner/.m2/repository/org/jenkins-ci/plugins/variant/999999-SNAPSHOT/variant-999999-SNAPSHOT.hpi
[INFO] Installing /tmp/plugin-builds/variant/target/variant.jar to /home/runner/.m2/repository/org/jenkins-ci/plugins/variant/999999-SNAPSHOT/variant-999999-SNAPSHOT.jar
[INFO] ------------------------------------------------------------------------
[INFO] BUILD SUCCESS
[INFO] ------------------------------------------------------------------------
[INFO] Total time:  44.021 s
[INFO] Finished at: 2026-01-13T02:15:05Z
[INFO] ------------------------------------------------------------------------
