WARNING: A terminally deprecated method in sun.misc.Unsafe has been called
WARNING: sun.misc.Unsafe::staticFieldBase has been called by com.google.inject.internal.aop.HiddenClassDefiner (file:/usr/share/apache-maven-3.9.11/lib/guice-5.1.0-classes.jar)
WARNING: Please consider reporting this to the maintainers of class com.google.inject.internal.aop.HiddenClassDefiner
WARNING: sun.misc.Unsafe::staticFieldBase will be removed in a future release
[INFO] Scanning for projects...
[INFO] Artifact org.jenkins-ci.tools:maven-hpi-plugin:pom:3.1746.v2e9fe7dc4d95 is present in the local repository, but cached from a remote repository ID that is unavailable in current build context, verifying that is downloadable from [incrementals (https://repo.jenkins-ci.org/incrementals/, default, releases), central (https://repo.maven.apache.org/maven2, default, releases)]
[INFO] Artifact org.jenkins-ci.tools:maven-hpi-plugin:pom:3.1746.v2e9fe7dc4d95 is present in the local repository, but cached from a remote repository ID that is unavailable in current build context, verifying that is downloadable from [incrementals (https://repo.jenkins-ci.org/incrementals/, default, releases), central (https://repo.maven.apache.org/maven2, default, releases)]
[WARNING] The POM for org.jenkins-ci.tools:maven-hpi-plugin:jar:3.1746.v2e9fe7dc4d95 is missing, no dependency information available
[INFO] Artifact org.jenkins-ci.tools:maven-hpi-plugin:jar:3.1746.v2e9fe7dc4d95 is present in the local repository, but cached from a remote repository ID that is unavailable in current build context, verifying that is downloadable from [incrementals (https://repo.jenkins-ci.org/incrementals/, default, releases), central (https://repo.maven.apache.org/maven2, default, releases)]
[INFO] Artifact org.jenkins-ci.tools:maven-hpi-plugin:jar:3.1746.v2e9fe7dc4d95 is present in the local repository, but cached from a remote repository ID that is unavailable in current build context, verifying that is downloadable from [incrementals (https://repo.jenkins-ci.org/incrementals/, default, releases), central (https://repo.maven.apache.org/maven2, default, releases)]
[WARNING] Failed to build parent project for org.jenkins-ci.plugins.workflow:workflow-basic-steps:hpi:999999-SNAPSHOT
[INFO] 
[INFO] --------< org.jenkins-ci.plugins.workflow:workflow-basic-steps >--------
[INFO] Building Pipeline: Basic Steps 999999-SNAPSHOT
[INFO]   from pom.xml
[INFO] --------------------------------[ hpi ]---------------------------------
[INFO] 
[INFO] --- clean:3.5.0:clean (default-clean) @ workflow-basic-steps ---
[INFO] 
[INFO] --- hpi:3.1746.v2e9fe7dc4d95:validate (default-validate) @ workflow-basic-steps ---
[INFO] Created marker file /tmp/plugin-builds/workflow-basic-steps/target/java-level/17
[INFO] 
[INFO] --- hpi:3.1746.v2e9fe7dc4d95:validate-hpi (default-validate-hpi) @ workflow-basic-steps ---
[INFO] 
[INFO] --- enforcer:3.6.1:enforce (display-info) @ workflow-basic-steps ---
[INFO] Rule 0: io.jenkins.tools.incrementals.enforcer.RequireExtensionVersion passed
[INFO] Rule 1: org.apache.maven.enforcer.rules.version.RequireMavenVersion passed
[INFO] Rule 2: org.apache.maven.enforcer.rules.version.RequireJavaVersion passed
[INFO] Rule 3: org.codehaus.mojo.extraenforcer.dependencies.EnforceBytecodeVersion passed
[INFO] Rule 4: org.apache.maven.enforcer.rules.dependency.BannedDependencies passed
[INFO] Rule 5: org.apache.maven.enforcer.rules.dependency.BannedDependencies passed
[INFO] Ignoring requireUpperBoundDeps in org.ow2.asm:asm
[INFO] Rule 6: org.apache.maven.enforcer.rules.dependency.RequireUpperBoundDeps passed
[INFO] 
[INFO] --- enforcer:3.6.1:enforce (no-snapshots-in-release) @ workflow-basic-steps ---
[INFO] Rule 0: org.apache.maven.enforcer.rules.dependency.RequireReleaseDeps passed
[INFO] 
[INFO] --- localizer:1.31:generate (default) @ workflow-basic-steps ---
[INFO] 
[INFO] --- enforcer:3.6.1:enforce (check-junit-imports) @ workflow-basic-steps ---
[INFO] Skipping Rule Enforcement.
[INFO] 
[INFO] --- resources:3.3.1:resources (default-resources) @ workflow-basic-steps ---
[INFO] Copying 98 resources from src/main/resources to target/classes
[INFO] 
[INFO] --- flatten:1.7.2:flatten (flatten) @ workflow-basic-steps ---
[INFO] Generating flattened POM of project org.jenkins-ci.plugins.workflow:workflow-basic-steps:hpi:999999-SNAPSHOT...
[INFO] 
[INFO] --- compiler:3.14.0:compile (default-compile) @ workflow-basic-steps ---
[INFO] Recompiling the module because of changed source code.
[INFO] Compiling 34 source files with javac [debug parameters release 17] to target/classes
[WARNING] unknown enum constant javax.annotation.meta.When.ALWAYS
  reason: class file for javax.annotation.meta.When not found
[WARNING] unknown enum constant javax.annotation.meta.When.MAYBE
[INFO] org.jenkinsci.plugins.workflow.steps.ArtifactArchiverStep.DescriptorImpl indexed under hudson.Extension
[INFO] org.jenkinsci.plugins.workflow.steps.ArtifactUnarchiverStep.DescriptorImpl indexed under hudson.Extension
[INFO] org.jenkinsci.plugins.workflow.steps.CatchErrorStep.DescriptorImpl indexed under hudson.Extension
[INFO] org.jenkinsci.plugins.workflow.steps.CoreStep.DescriptorImpl indexed under hudson.Extension
[INFO] org.jenkinsci.plugins.workflow.steps.CoreWrapperStep.DescriptorImpl indexed under hudson.Extension
[INFO] org.jenkinsci.plugins.workflow.steps.DeleteDirStep.DescriptorImpl indexed under hudson.Extension
[INFO] org.jenkinsci.plugins.workflow.steps.EchoStep.DescriptorImpl indexed under hudson.Extension
[INFO] org.jenkinsci.plugins.workflow.steps.EnvStep.DescriptorImpl indexed under hudson.Extension
[INFO] org.jenkinsci.plugins.workflow.steps.ErrorStep.DescriptorImpl indexed under hudson.Extension
[INFO] org.jenkinsci.plugins.workflow.steps.FileExistsStep.DescriptorImpl indexed under hudson.Extension
[INFO] org.jenkinsci.plugins.workflow.steps.GetContextStep.DescriptorImpl indexed under hudson.Extension
[INFO] org.jenkinsci.plugins.workflow.steps.IsUnixStep.DescriptorImpl indexed under hudson.Extension
[INFO] org.jenkinsci.plugins.workflow.steps.MailStep.DescriptorImpl indexed under hudson.Extension
[INFO] org.jenkinsci.plugins.workflow.steps.PwdStep.DescriptorImpl indexed under hudson.Extension
[INFO] org.jenkinsci.plugins.workflow.steps.ReadFileStep.DescriptorImpl indexed under hudson.Extension
[INFO] org.jenkinsci.plugins.workflow.steps.RetryStep.DescriptorImpl indexed under hudson.Extension
[INFO] org.jenkinsci.plugins.workflow.steps.SleepStep.DescriptorImpl indexed under hudson.Extension
[INFO] org.jenkinsci.plugins.workflow.steps.SynchronousResumeNotSupportedErrorCondition.DescriptorImpl indexed under hudson.Extension
[INFO] org.jenkinsci.plugins.workflow.steps.TimeoutStep.DescriptorImpl indexed under hudson.Extension
[INFO] org.jenkinsci.plugins.workflow.steps.ToolStep.DescriptorImpl indexed under hudson.Extension
[INFO] org.jenkinsci.plugins.workflow.steps.UnstableStep.DescriptorImpl indexed under hudson.Extension
[INFO] org.jenkinsci.plugins.workflow.steps.WaitForConditionStep.DescriptorImpl indexed under hudson.Extension
[INFO] org.jenkinsci.plugins.workflow.steps.WarnErrorStep.DescriptorImpl indexed under hudson.Extension
[INFO] org.jenkinsci.plugins.workflow.steps.WithContextStep.DescriptorImpl indexed under hudson.Extension
[INFO] org.jenkinsci.plugins.workflow.steps.WriteFileStep.DescriptorImpl indexed under hudson.Extension
[INFO] org.jenkinsci.plugins.workflow.support.steps.stash.StashStep.DescriptorImpl indexed under hudson.Extension
[INFO] org.jenkinsci.plugins.workflow.support.steps.stash.UnstashStep.DescriptorImpl indexed under hudson.Extension
[INFO] /tmp/plugin-builds/workflow-basic-steps/src/main/java/org/jenkinsci/plugins/workflow/steps/ArtifactArchiverStep.java:[27,12] Generating org/jenkinsci/plugins/workflow/steps/ArtifactArchiverStep.stapler
[INFO] /tmp/plugin-builds/workflow-basic-steps/src/main/java/org/jenkinsci/plugins/workflow/steps/ArtifactUnarchiverStep.java:[26,34] Generating org/jenkinsci/plugins/workflow/steps/ArtifactUnarchiverStep.stapler
[INFO] /tmp/plugin-builds/workflow-basic-steps/src/main/java/org/jenkinsci/plugins/workflow/steps/CatchErrorStep.java:[64,34] Generating org/jenkinsci/plugins/workflow/steps/CatchErrorStep.stapler
[INFO] /tmp/plugin-builds/workflow-basic-steps/src/main/java/org/jenkinsci/plugins/workflow/steps/CoreStep.java:[63,34] Generating org/jenkinsci/plugins/workflow/steps/CoreStep.stapler
[INFO] /tmp/plugin-builds/workflow-basic-steps/src/main/java/org/jenkinsci/plugins/workflow/steps/CoreWrapperStep.java:[59,34] Generating org/jenkinsci/plugins/workflow/steps/CoreWrapperStep.stapler
[INFO] /tmp/plugin-builds/workflow-basic-steps/src/main/java/org/jenkinsci/plugins/workflow/steps/DeleteDirStep.java:[42,12] Generating org/jenkinsci/plugins/workflow/steps/DeleteDirStep.stapler
[INFO] /tmp/plugin-builds/workflow-basic-steps/src/main/java/org/jenkinsci/plugins/workflow/steps/EchoStep.java:[43,12] Generating org/jenkinsci/plugins/workflow/steps/EchoStep.stapler
[INFO] /tmp/plugin-builds/workflow-basic-steps/src/main/java/org/jenkinsci/plugins/workflow/steps/EnvStep.java:[50,34] Generating org/jenkinsci/plugins/workflow/steps/EnvStep.stapler
[INFO] /tmp/plugin-builds/workflow-basic-steps/src/main/java/org/jenkinsci/plugins/workflow/steps/ErrorStep.java:[39,34] Generating org/jenkinsci/plugins/workflow/steps/ErrorStep.stapler
[INFO] /tmp/plugin-builds/workflow-basic-steps/src/main/java/org/jenkinsci/plugins/workflow/steps/FileExistsStep.java:[43,34] Generating org/jenkinsci/plugins/workflow/steps/FileExistsStep.stapler
[INFO] /tmp/plugin-builds/workflow-basic-steps/src/main/java/org/jenkinsci/plugins/workflow/steps/GetContextStep.java:[41,34] Generating org/jenkinsci/plugins/workflow/steps/GetContextStep.stapler
[INFO] /tmp/plugin-builds/workflow-basic-steps/src/main/java/org/jenkinsci/plugins/workflow/steps/IsUnixStep.java:[39,34] Generating org/jenkinsci/plugins/workflow/steps/IsUnixStep.stapler
[INFO] /tmp/plugin-builds/workflow-basic-steps/src/main/java/org/jenkinsci/plugins/workflow/steps/MailStep.java:[76,12] Generating org/jenkinsci/plugins/workflow/steps/MailStep.stapler
[INFO] /tmp/plugin-builds/workflow-basic-steps/src/main/java/org/jenkinsci/plugins/workflow/steps/PwdStep.java:[55,34] Generating org/jenkinsci/plugins/workflow/steps/PwdStep.stapler
[INFO] /tmp/plugin-builds/workflow-basic-steps/src/main/java/org/jenkinsci/plugins/workflow/steps/ReadFileStep.java:[49,34] Generating org/jenkinsci/plugins/workflow/steps/ReadFileStep.stapler
[INFO] /tmp/plugin-builds/workflow-basic-steps/src/main/java/org/jenkinsci/plugins/workflow/steps/RetryStep.java:[50,12] Generating org/jenkinsci/plugins/workflow/steps/RetryStep.stapler
[INFO] /tmp/plugin-builds/workflow-basic-steps/src/main/java/org/jenkinsci/plugins/workflow/steps/SleepStep.java:[50,34] Generating org/jenkinsci/plugins/workflow/steps/SleepStep.stapler
[INFO] /tmp/plugin-builds/workflow-basic-steps/src/main/java/org/jenkinsci/plugins/workflow/steps/SynchronousResumeNotSupportedErrorCondition.java:[38,34] Generating org/jenkinsci/plugins/workflow/steps/SynchronousResumeNotSupportedErrorCondition.stapler
[INFO] /tmp/plugin-builds/workflow-basic-steps/src/main/java/org/jenkinsci/plugins/workflow/steps/TimeoutStep.java:[29,12] Generating org/jenkinsci/plugins/workflow/steps/TimeoutStep.stapler
[INFO] /tmp/plugin-builds/workflow-basic-steps/src/main/java/org/jenkinsci/plugins/workflow/steps/ToolStep.java:[61,34] Generating org/jenkinsci/plugins/workflow/steps/ToolStep.stapler
[INFO] /tmp/plugin-builds/workflow-basic-steps/src/main/java/org/jenkinsci/plugins/workflow/steps/UnstableStep.java:[47,12] Generating org/jenkinsci/plugins/workflow/steps/UnstableStep.stapler
[INFO] /tmp/plugin-builds/workflow-basic-steps/src/main/java/org/jenkinsci/plugins/workflow/steps/WaitForConditionStep.java:[48,34] Generating org/jenkinsci/plugins/workflow/steps/WaitForConditionStep.stapler
[INFO] /tmp/plugin-builds/workflow-basic-steps/src/main/java/org/jenkinsci/plugins/workflow/steps/WarnErrorStep.java:[56,12] Generating org/jenkinsci/plugins/workflow/steps/WarnErrorStep.stapler
[INFO] /tmp/plugin-builds/workflow-basic-steps/src/main/java/org/jenkinsci/plugins/workflow/steps/WithContextStep.java:[43,34] Generating org/jenkinsci/plugins/workflow/steps/WithContextStep.stapler
[INFO] /tmp/plugin-builds/workflow-basic-steps/src/main/java/org/jenkinsci/plugins/workflow/steps/WriteFileStep.java:[47,34] Generating org/jenkinsci/plugins/workflow/steps/WriteFileStep.stapler
[INFO] /tmp/plugin-builds/workflow-basic-steps/src/main/java/org/jenkinsci/plugins/workflow/support/steps/stash/StashStep.java:[59,34] Generating org/jenkinsci/plugins/workflow/support/steps/stash/StashStep.stapler
[INFO] /tmp/plugin-builds/workflow-basic-steps/src/main/java/org/jenkinsci/plugins/workflow/support/steps/stash/UnstashStep.java:[51,34] Generating org/jenkinsci/plugins/workflow/support/steps/stash/UnstashStep.stapler
[INFO] /tmp/plugin-builds/workflow-basic-steps/src/main/java/org/jenkinsci/plugins/workflow/steps/ToolStep.java:[110,29] Generating org/jenkinsci/plugins/workflow/steps/ToolStep/DescriptorImpl/doFillNameItems.stapler
[INFO] /tmp/plugin-builds/workflow-basic-steps/src/main/java/org/jenkinsci/plugins/workflow/steps/UnstableStep.java:[102,31] Generating org/jenkinsci/plugins/workflow/steps/UnstableStep/DescriptorImpl/doCheckMessage.stapler
[INFO] /tmp/plugin-builds/workflow-basic-steps/src/main/java/org/jenkinsci/plugins/workflow/steps/RetryStep.java:[100,31] Generating org/jenkinsci/plugins/workflow/steps/RetryStep/DescriptorImpl/doCheckCount.stapler
[WARNING] unknown enum constant javax.annotation.meta.When.ALWAYS
  reason: class file for javax.annotation.meta.When not found
[WARNING] unknown enum constant javax.annotation.meta.When.MAYBE
[WARNING] unknown enum constant javax.annotation.meta.When.ALWAYS
  reason: class file for javax.annotation.meta.When not found
[WARNING] unknown enum constant javax.annotation.meta.When.MAYBE
[INFO] /tmp/plugin-builds/workflow-basic-steps/src/main/java/org/jenkinsci/plugins/workflow/steps/CoreStep.java: Some input files use or override a deprecated API.
[INFO] /tmp/plugin-builds/workflow-basic-steps/src/main/java/org/jenkinsci/plugins/workflow/steps/CoreStep.java: Recompile with -Xlint:deprecation for details.
[INFO] 
[INFO] --- access-modifier-checker:1.35:enforce (default-enforce) @ workflow-basic-steps ---
[INFO] 
[INFO] --- bridge-method-injector:1.32:process (default) @ workflow-basic-steps ---
[INFO] 
[INFO] --- hpi:3.1746.v2e9fe7dc4d95:insert-test (default-insert-test) @ workflow-basic-steps ---
[INFO] 
[INFO] --- antrun:3.1.0:run (createTempDir) @ workflow-basic-steps ---
[INFO] Executing tasks
[INFO]     [mkdir] Created dir: /tmp/plugin-builds/workflow-basic-steps/target/tmp
[INFO] Executed tasks
[INFO] 
[INFO] --- resources:3.3.1:testResources (default-testResources) @ workflow-basic-steps ---
[INFO] Not copying test resources
[INFO] 
[INFO] --- compiler:3.14.0:testCompile (default-testCompile) @ workflow-basic-steps ---
[INFO] Not compiling test sources
[INFO] 
[INFO] --- hpi:3.1746.v2e9fe7dc4d95:test-hpl (default-test-hpl) @ workflow-basic-steps ---
[INFO] Generating /tmp/plugin-builds/workflow-basic-steps/target/test-classes/the.hpl
[INFO] 
[INFO] --- hpi:3.1746.v2e9fe7dc4d95:resolve-test-dependencies (default-resolve-test-dependencies) @ workflow-basic-steps ---
[INFO] 
[INFO] --- hpi:3.1746.v2e9fe7dc4d95:test-runtime (default-test-runtime) @ workflow-basic-steps ---
[INFO] Tests are skipped.
[INFO] 
[INFO] --- surefire:3.5.2:test (default-test) @ workflow-basic-steps ---
[INFO] Tests are skipped.
[INFO] 
[INFO] --- license:184.v19c87b_6b_a_9a_c:process (default) @ workflow-basic-steps ---
[INFO] Generated /tmp/plugin-builds/workflow-basic-steps/target/workflow-basic-steps/WEB-INF/licenses.xml
[INFO] 
[INFO] --- hpi:3.1746.v2e9fe7dc4d95:hpi (default-hpi) @ workflow-basic-steps ---
[INFO] Generating /tmp/plugin-builds/workflow-basic-steps/target/workflow-basic-steps/META-INF/MANIFEST.MF
[INFO] Checking for attached .jar artifact ...
[INFO] Generating jar /tmp/plugin-builds/workflow-basic-steps/target/workflow-basic-steps.jar
[INFO] Building jar: /tmp/plugin-builds/workflow-basic-steps/target/workflow-basic-steps.jar
[INFO] Exploding webapp...
[INFO] Copy webapp webResources to /tmp/plugin-builds/workflow-basic-steps/target/workflow-basic-steps
[INFO] Assembling webapp workflow-basic-steps in /tmp/plugin-builds/workflow-basic-steps/target/workflow-basic-steps
[INFO] Generating hpi /tmp/plugin-builds/workflow-basic-steps/target/workflow-basic-steps.hpi
[INFO] Building jar: /tmp/plugin-builds/workflow-basic-steps/target/workflow-basic-steps.hpi
[INFO] 
[INFO] --- jar:3.4.2:test-jar (maybe-test-jar) @ workflow-basic-steps ---
[INFO] Skipping packaging of the test-jar
[INFO] 
[INFO] >>> spotbugs:4.9.4.2:check (spotbugs) > :spotbugs @ workflow-basic-steps >>>
[INFO] 
[INFO] --- spotbugs:4.9.4.2:spotbugs (spotbugs) @ workflow-basic-steps ---
[INFO] Fork Value is true
[INFO] Done SpotBugs Analysis....
[INFO] Skipping com.github.spotbugs:spotbugs-maven-plugin:4.9.4.2:spotbugs report goal
[INFO] 
[INFO] <<< spotbugs:4.9.4.2:check (spotbugs) < :spotbugs @ workflow-basic-steps <<<
[INFO] 
[INFO] 
[INFO] --- spotbugs:4.9.4.2:check (spotbugs) @ workflow-basic-steps ---
[INFO] BugInstance size is 0
[INFO] Error size is 0
[INFO] No errors/warnings found
[INFO] 
[INFO] --- spotless:2.46.1:check (default) @ workflow-basic-steps ---
[INFO] Spotless check skipped
[INFO] 
[INFO] --- install:3.1.4:install (default-install) @ workflow-basic-steps ---
[INFO] Installing /tmp/plugin-builds/workflow-basic-steps/target/workflow-basic-steps-999999-SNAPSHOT.pom to /home/runner/.m2/repository/org/jenkins-ci/plugins/workflow/workflow-basic-steps/999999-SNAPSHOT/workflow-basic-steps-999999-SNAPSHOT.pom
[INFO] Installing /tmp/plugin-builds/workflow-basic-steps/target/workflow-basic-steps.hpi to /home/runner/.m2/repository/org/jenkins-ci/plugins/workflow/workflow-basic-steps/999999-SNAPSHOT/workflow-basic-steps-999999-SNAPSHOT.hpi
[INFO] Installing /tmp/plugin-builds/workflow-basic-steps/target/workflow-basic-steps.jar to /home/runner/.m2/repository/org/jenkins-ci/plugins/workflow/workflow-basic-steps/999999-SNAPSHOT/workflow-basic-steps-999999-SNAPSHOT.jar
[INFO] ------------------------------------------------------------------------
[INFO] BUILD SUCCESS
[INFO] ------------------------------------------------------------------------
[INFO] Total time:  01:07 min
[INFO] Finished at: 2025-10-07T01:48:31Z
[INFO] ------------------------------------------------------------------------
