WARNING: A terminally deprecated method in sun.misc.Unsafe has been called
WARNING: sun.misc.Unsafe::staticFieldBase has been called by com.google.inject.internal.aop.HiddenClassDefiner (file:/home/poddingue/.sdkman/candidates/maven/current/lib/guice-5.1.0-classes.jar)
WARNING: Please consider reporting this to the maintainers of class com.google.inject.internal.aop.HiddenClassDefiner
WARNING: sun.misc.Unsafe::staticFieldBase will be removed in a future release
[INFO] Scanning for projects...
[INFO] ------------------------------------------------------------------------
[INFO] Reactor Build Order:
[INFO] 
[INFO] Pipeline: Groovy Parent                                            [pom]
[INFO] CpsDefaultGroovyMethods generator                                  [jar]
[INFO] Groovy CPS Execution                                               [jar]
[INFO] Pipeline: Groovy                                                   [hpi]
[INFO] 
[INFO] --------< org.jenkins-ci.plugins.workflow:workflow-cps-parent >---------
[INFO] Building Pipeline: Groovy Parent 999999-SNAPSHOT                   [1/4]
[INFO]   from pom.xml
[INFO] --------------------------------[ pom ]---------------------------------
[INFO] 
[INFO] --- clean:3.5.0:clean (default-clean) @ workflow-cps-parent ---
[INFO] 
[INFO] --- enforcer:3.6.1:enforce (display-info) @ workflow-cps-parent ---
[INFO] Rule 0: io.jenkins.tools.incrementals.enforcer.RequireExtensionVersion passed
[INFO] Rule 1: org.apache.maven.enforcer.rules.version.RequireMavenVersion passed
[INFO] Rule 2: org.apache.maven.enforcer.rules.version.RequireJavaVersion passed
[INFO] Rule 3: org.codehaus.mojo.extraenforcer.dependencies.EnforceBytecodeVersion passed
[INFO] Rule 4: org.apache.maven.enforcer.rules.dependency.BannedDependencies passed
[INFO] Rule 5: org.apache.maven.enforcer.rules.dependency.BannedDependencies passed
[INFO] Rule 6: org.apache.maven.enforcer.rules.dependency.RequireUpperBoundDeps passed
[INFO] 
[INFO] --- enforcer:3.6.1:enforce (no-snapshots-in-release) @ workflow-cps-parent ---
[INFO] Rule 0: org.apache.maven.enforcer.rules.dependency.RequireReleaseDeps passed
[INFO] 
[INFO] --- localizer:1.31:generate (default) @ workflow-cps-parent ---
[INFO] 
[INFO] --- enforcer:3.6.1:enforce (check-junit-imports) @ workflow-cps-parent ---
[INFO] Skipping Rule Enforcement.
[INFO] 
[INFO] --- flatten:1.7.2:flatten (flatten) @ workflow-cps-parent ---
[INFO] Generating flattened POM of project org.jenkins-ci.plugins.workflow:workflow-cps-parent:pom:999999-SNAPSHOT...
[INFO] 
[INFO] --- bridge-method-injector:1.32:process (default) @ workflow-cps-parent ---
[INFO] 
[INFO] --- antrun:3.1.0:run (createTempDir) @ workflow-cps-parent ---
[INFO] Executing tasks
[INFO]     [mkdir] Created dir: /tmp/plugin-builds/workflow-cps/target/tmp
[INFO] Executed tasks
[INFO] 
[INFO] --- license:184.v19c87b_6b_a_9a_c:process (default) @ workflow-cps-parent ---
[INFO] Generated /tmp/plugin-builds/workflow-cps/target/workflow-cps-parent/WEB-INF/licenses.xml
[INFO] 
[INFO] --- jar:3.4.2:test-jar (maybe-test-jar) @ workflow-cps-parent ---
[INFO] Skipping packaging of the test-jar
[INFO] 
[INFO] >>> spotbugs:4.9.3.2:check (spotbugs) > :spotbugs @ workflow-cps-parent >>>
[INFO] 
[INFO] --- spotbugs:4.9.3.2:spotbugs (spotbugs) @ workflow-cps-parent ---
[INFO] Skipping com.github.spotbugs:spotbugs-maven-plugin:4.9.3.2:spotbugs report goal
[INFO] 
[INFO] <<< spotbugs:4.9.3.2:check (spotbugs) < :spotbugs @ workflow-cps-parent <<<
[INFO] 
[INFO] 
[INFO] --- spotbugs:4.9.3.2:check (spotbugs) @ workflow-cps-parent ---
[INFO] 
[INFO] --- spotless:2.46.1:check (default) @ workflow-cps-parent ---
[INFO] Spotless check skipped
[INFO] 
[INFO] --- install:3.1.4:install (default-install) @ workflow-cps-parent ---
[INFO] Installing /tmp/plugin-builds/workflow-cps/target/workflow-cps-parent-999999-SNAPSHOT.pom to /home/poddingue/.m2/repository/org/jenkins-ci/plugins/workflow/workflow-cps-parent/999999-SNAPSHOT/workflow-cps-parent-999999-SNAPSHOT.pom
[INFO] 
[INFO] ----------------< com.cloudbees:groovy-cps-dgm-builder >----------------
[INFO] Building CpsDefaultGroovyMethods generator 999999-SNAPSHOT         [2/4]
[INFO]   from dgm-builder/pom.xml
[INFO] --------------------------------[ jar ]---------------------------------
[INFO] 
[INFO] --- clean:3.5.0:clean (default-clean) @ groovy-cps-dgm-builder ---
[INFO] 
[INFO] --- enforcer:3.6.1:enforce (display-info) @ groovy-cps-dgm-builder ---
[INFO] Rule 3: org.codehaus.mojo.extraenforcer.dependencies.EnforceBytecodeVersion passed
[INFO] Rule 4: org.apache.maven.enforcer.rules.dependency.BannedDependencies passed
[INFO] Rule 5: org.apache.maven.enforcer.rules.dependency.BannedDependencies passed
[INFO] Rule 6: org.apache.maven.enforcer.rules.dependency.RequireUpperBoundDeps passed
[INFO] 
[INFO] --- enforcer:3.6.1:enforce (no-snapshots-in-release) @ groovy-cps-dgm-builder ---
[INFO] Rule 0: org.apache.maven.enforcer.rules.dependency.RequireReleaseDeps passed
[INFO] 
[INFO] --- localizer:1.31:generate (default) @ groovy-cps-dgm-builder ---
[INFO] 
[INFO] --- enforcer:3.6.1:enforce (check-junit-imports) @ groovy-cps-dgm-builder ---
[INFO] Skipping Rule Enforcement.
[INFO] 
[INFO] --- resources:3.3.1:resources (default-resources) @ groovy-cps-dgm-builder ---
[INFO] Copying 1 resource from src/main/resources to target/classes
[INFO] 
[INFO] --- flatten:1.7.2:flatten (flatten) @ groovy-cps-dgm-builder ---
[INFO] Generating flattened POM of project com.cloudbees:groovy-cps-dgm-builder:jar:999999-SNAPSHOT...
[INFO] 
[INFO] --- compiler:3.14.0:compile (default-compile) @ groovy-cps-dgm-builder ---
[INFO] Recompiling the module because of changed source code.
[INFO] Compiling 2 source files with javac [debug parameters release 17] to target/classes
[INFO] /tmp/plugin-builds/workflow-cps/dgm-builder/src/main/java/com/cloudbees/groovy/cps/tool/Translator.java: /tmp/plugin-builds/workflow-cps/dgm-builder/src/main/java/com/cloudbees/groovy/cps/tool/Translator.java uses or overrides a deprecated API.
[INFO] /tmp/plugin-builds/workflow-cps/dgm-builder/src/main/java/com/cloudbees/groovy/cps/tool/Translator.java: Recompile with -Xlint:deprecation for details.
[INFO] 
[INFO] --- bridge-method-injector:1.32:process (default) @ groovy-cps-dgm-builder ---
[INFO] 
[INFO] --- antrun:3.1.0:run (createTempDir) @ groovy-cps-dgm-builder ---
[INFO] Executing tasks
[INFO]     [mkdir] Created dir: /tmp/plugin-builds/workflow-cps/dgm-builder/target/tmp
[INFO] Executed tasks
[INFO] 
[INFO] --- resources:3.3.1:testResources (default-testResources) @ groovy-cps-dgm-builder ---
[INFO] skip non existing resourceDirectory /tmp/plugin-builds/workflow-cps/dgm-builder/src/test/resources
[INFO] 
[INFO] --- compiler:3.14.0:testCompile (default-testCompile) @ groovy-cps-dgm-builder ---
[INFO] No sources to compile
[INFO] 
[INFO] --- surefire:3.5.3:test (default-test) @ groovy-cps-dgm-builder ---
[INFO] Tests are skipped.
[INFO] 
[INFO] --- license:184.v19c87b_6b_a_9a_c:process (default) @ groovy-cps-dgm-builder ---
[INFO] Generated /tmp/plugin-builds/workflow-cps/dgm-builder/target/groovy-cps-dgm-builder/WEB-INF/licenses.xml
[INFO] 
[INFO] --- jar:3.4.2:jar (default-jar) @ groovy-cps-dgm-builder ---
[INFO] Building jar: /tmp/plugin-builds/workflow-cps/dgm-builder/target/groovy-cps-dgm-builder.jar
[INFO] 
[INFO] --- jar:3.4.2:test-jar (maybe-test-jar) @ groovy-cps-dgm-builder ---
[INFO] Skipping packaging of the test-jar
[INFO] 
[INFO] --- assembly:3.7.1:single (default) @ groovy-cps-dgm-builder ---
[INFO] Building jar: /tmp/plugin-builds/workflow-cps/dgm-builder/target/groovy-cps-dgm-builder-jar-with-dependencies.jar
[INFO] 
[INFO] >>> spotbugs:4.9.3.2:check (spotbugs) > :spotbugs @ groovy-cps-dgm-builder >>>
[INFO] 
[INFO] --- spotbugs:4.9.3.2:spotbugs (spotbugs) @ groovy-cps-dgm-builder ---
[INFO] Fork Value is true
[INFO] Done SpotBugs Analysis....
Downloading from repo.jenkins-ci.org: https://repo.jenkins-ci.org/public/org/jenkins-ci/plugins/plugin/5.22/plugin-5.22-site.xml
Downloading from incrementals: https://repo.jenkins-ci.org/incrementals/org/jenkins-ci/plugins/plugin/5.22/plugin-5.22-site.xml
Downloading from central: https://repo.maven.apache.org/maven2/org/jenkins-ci/plugins/plugin/5.22/plugin-5.22-site.xml
[INFO] Rendering content with org.apache.maven.skins:maven-fluido-skin:jar:2.0.0-M9 skin
[INFO] 
[INFO] <<< spotbugs:4.9.3.2:check (spotbugs) < :spotbugs @ groovy-cps-dgm-builder <<<
[INFO] 
[INFO] 
[INFO] --- spotbugs:4.9.3.2:check (spotbugs) @ groovy-cps-dgm-builder ---
[INFO] BugInstance size is 0
[INFO] Error size is 0
[INFO] No errors/warnings found
[INFO] 
[INFO] --- spotless:2.46.1:check (default) @ groovy-cps-dgm-builder ---
[INFO] Spotless check skipped
[INFO] 
[INFO] --- install:3.1.4:install (default-install) @ groovy-cps-dgm-builder ---
[INFO] Installing /tmp/plugin-builds/workflow-cps/dgm-builder/target/groovy-cps-dgm-builder-999999-SNAPSHOT.pom to /home/poddingue/.m2/repository/com/cloudbees/groovy-cps-dgm-builder/999999-SNAPSHOT/groovy-cps-dgm-builder-999999-SNAPSHOT.pom
[INFO] Installing /tmp/plugin-builds/workflow-cps/dgm-builder/target/groovy-cps-dgm-builder.jar to /home/poddingue/.m2/repository/com/cloudbees/groovy-cps-dgm-builder/999999-SNAPSHOT/groovy-cps-dgm-builder-999999-SNAPSHOT.jar
[INFO] Installing /tmp/plugin-builds/workflow-cps/dgm-builder/target/groovy-cps-dgm-builder-jar-with-dependencies.jar to /home/poddingue/.m2/repository/com/cloudbees/groovy-cps-dgm-builder/999999-SNAPSHOT/groovy-cps-dgm-builder-999999-SNAPSHOT-jar-with-dependencies.jar
[INFO] 
[INFO] ----------------------< com.cloudbees:groovy-cps >----------------------
[INFO] Building Groovy CPS Execution 999999-SNAPSHOT                      [3/4]
[INFO]   from lib/pom.xml
[INFO] --------------------------------[ jar ]---------------------------------
[INFO] 
[INFO] --- clean:3.5.0:clean (default-clean) @ groovy-cps ---
[INFO] 
[INFO] --- enforcer:3.6.1:enforce (display-info) @ groovy-cps ---
[INFO] Rule 3: org.codehaus.mojo.extraenforcer.dependencies.EnforceBytecodeVersion passed
[INFO] Rule 4: org.apache.maven.enforcer.rules.dependency.BannedDependencies passed
[INFO] Rule 5: org.apache.maven.enforcer.rules.dependency.BannedDependencies passed
[INFO] Ignoring requireUpperBoundDeps in com.google.code.findbugs:jsr305
[INFO] Rule 6: org.apache.maven.enforcer.rules.dependency.RequireUpperBoundDeps passed
[INFO] 
[INFO] --- enforcer:3.6.1:enforce (no-snapshots-in-release) @ groovy-cps ---
[INFO] Rule 0: org.apache.maven.enforcer.rules.dependency.RequireReleaseDeps passed
[INFO] 
[INFO] --- localizer:1.31:generate (default) @ groovy-cps ---
[INFO] 
[INFO] --- dependency:3.8.1:copy (default) @ groovy-cps ---
[INFO] Configured Artifact: com.cloudbees:groovy-cps-dgm-builder:jar-with-dependencies:999999-SNAPSHOT:jar
[INFO] 
[INFO] --- exec:3.5.1:exec (default) @ groovy-cps ---
/tmp/plugin-builds/workflow-cps/lib/target/groovy-cps-dgm-builder-999999-SNAPSHOT-jar-with-dependencies.jar(/org/codehaus/groovy/runtime/DefaultGroovyMethods.java):389: warning: [removal] java.security.AccessController in java.security has been deprecated and marked for removal
                    AccessController.doPrivileged(new PrivilegedAction() {
                    ^
/tmp/plugin-builds/workflow-cps/lib/target/groovy-cps-dgm-builder-999999-SNAPSHOT-jar-with-dependencies.jar(/org/codehaus/groovy/runtime/DefaultGroovyMethods.java):11064: error: reference to plus is ambiguous
        return (T[]) plus(toList(left), toList(right)).toArray();
                     ^
  both method <T>plus(java.util.List<T>,java.util.Collection<T>) in org.codehaus.groovy.runtime.DefaultGroovyMethods and method <T>plus(java.util.List<T>,T) in org.codehaus.groovy.runtime.DefaultGroovyMethods match
/tmp/plugin-builds/workflow-cps/lib/target/groovy-cps-dgm-builder-999999-SNAPSHOT-jar-with-dependencies.jar(/org/codehaus/groovy/runtime/DefaultGroovyMethods.java):11100: error: reference to plus is ambiguous
        return (T[]) plus(toList(left), right).toArray();
                     ^
  both method <T>plus(java.util.List<T>,java.util.Collection<T>) in org.codehaus.groovy.runtime.DefaultGroovyMethods and method <T>plus(java.util.List<T>,T) in org.codehaus.groovy.runtime.DefaultGroovyMethods match
/tmp/plugin-builds/workflow-cps/lib/target/groovy-cps-dgm-builder-999999-SNAPSHOT-jar-with-dependencies.jar(/org/codehaus/groovy/runtime/DefaultGroovyMethods.java):11122: error: reference to plus is ambiguous
        return (T[]) plus(toList(left), toList(right)).toArray();
                     ^
  both method <T>plus(java.util.List<T>,java.util.Collection<T>) in org.codehaus.groovy.runtime.DefaultGroovyMethods and method <T>plus(java.util.List<T>,T) in org.codehaus.groovy.runtime.DefaultGroovyMethods match
[INFO] Registering compile source root /tmp/plugin-builds/workflow-cps/lib/target/generated-sources/dgm
[INFO] 
[INFO] --- enforcer:3.6.1:enforce (check-junit-imports) @ groovy-cps ---
[INFO] Skipping Rule Enforcement.
[INFO] 
[INFO] --- resources:3.3.1:resources (default-resources) @ groovy-cps ---
[INFO] skip non existing resourceDirectory /tmp/plugin-builds/workflow-cps/lib/src/main/resources
[INFO] 
[INFO] --- flatten:1.7.2:flatten (flatten) @ groovy-cps ---
[INFO] Generating flattened POM of project com.cloudbees:groovy-cps:jar:999999-SNAPSHOT...
[INFO] 
[INFO] --- compiler:3.14.0:compile (default-compile) @ groovy-cps ---
[INFO] Recompiling the module because of changed source code.
[INFO] Compiling 97 source files with javac [debug parameters release 17] to target/classes
[INFO] /tmp/plugin-builds/workflow-cps/lib/target/generated-sources/dgm/com/cloudbees/groovy/cps/CpsStringGroovyMethods.java: /tmp/plugin-builds/workflow-cps/lib/target/generated-sources/dgm/com/cloudbees/groovy/cps/CpsStringGroovyMethods.java uses or overrides a deprecated API.
[INFO] /tmp/plugin-builds/workflow-cps/lib/target/generated-sources/dgm/com/cloudbees/groovy/cps/CpsStringGroovyMethods.java: Recompile with -Xlint:deprecation for details.
[INFO] /tmp/plugin-builds/workflow-cps/lib/src/main/java/com/cloudbees/groovy/cps/CpsTransformer.java: Some input files use unchecked or unsafe operations.
[INFO] /tmp/plugin-builds/workflow-cps/lib/src/main/java/com/cloudbees/groovy/cps/CpsTransformer.java: Recompile with -Xlint:unchecked for details.
[INFO] 
[INFO] --- bridge-method-injector:1.32:process (default) @ groovy-cps ---
[INFO] 
[INFO] --- antrun:3.1.0:run (createTempDir) @ groovy-cps ---
[INFO] Executing tasks
[INFO]     [mkdir] Created dir: /tmp/plugin-builds/workflow-cps/lib/target/tmp
[INFO] Executed tasks
[INFO] 
[INFO] --- resources:3.3.1:testResources (default-testResources) @ groovy-cps ---
[INFO] Copying 1 resource from src/test/resources to target/test-classes
[INFO] 
[INFO] --- compiler:3.14.0:testCompile (default-testCompile) @ groovy-cps ---
[INFO] Recompiling the module because of changed dependency.
[INFO] Compiling 17 source files with javac [debug parameters release 17] to target/test-classes
[INFO] /tmp/plugin-builds/workflow-cps/lib/src/test/java/com/cloudbees/groovy/cps/BasicTest.java: Some input files use or override a deprecated API.
[INFO] /tmp/plugin-builds/workflow-cps/lib/src/test/java/com/cloudbees/groovy/cps/BasicTest.java: Recompile with -Xlint:deprecation for details.
[INFO] /tmp/plugin-builds/workflow-cps/lib/src/test/java/com/cloudbees/groovy/cps/AbstractGroovyCpsTest.java: Some input files use unchecked or unsafe operations.
[INFO] /tmp/plugin-builds/workflow-cps/lib/src/test/java/com/cloudbees/groovy/cps/AbstractGroovyCpsTest.java: Recompile with -Xlint:unchecked for details.
[INFO] 
[INFO] --- surefire:3.5.3:test (default-test) @ groovy-cps ---
[INFO] Tests are skipped.
[INFO] 
[INFO] --- license:184.v19c87b_6b_a_9a_c:process (default) @ groovy-cps ---
[INFO] Generated /tmp/plugin-builds/workflow-cps/lib/target/groovy-cps/WEB-INF/licenses.xml
[INFO] 
[INFO] --- jar:3.4.2:jar (default-jar) @ groovy-cps ---
[INFO] Building jar: /tmp/plugin-builds/workflow-cps/lib/target/groovy-cps.jar
[INFO] 
[INFO] --- jar:3.4.2:test-jar (maybe-test-jar) @ groovy-cps ---
[INFO] Building jar: /tmp/plugin-builds/workflow-cps/lib/target/groovy-cps-tests.jar
[INFO] 
[INFO] >>> spotbugs:4.9.3.2:check (spotbugs) > :spotbugs @ groovy-cps >>>
[INFO] 
[INFO] --- spotbugs:4.9.3.2:spotbugs (spotbugs) @ groovy-cps ---
[INFO] Fork Value is true
[INFO] Done SpotBugs Analysis....
[INFO] Rendering content with org.apache.maven.skins:maven-fluido-skin:jar:2.0.0-M9 skin
[INFO] 
[INFO] <<< spotbugs:4.9.3.2:check (spotbugs) < :spotbugs @ groovy-cps <<<
[INFO] 
[INFO] 
[INFO] --- spotbugs:4.9.3.2:check (spotbugs) @ groovy-cps ---
[INFO] BugInstance size is 0
[INFO] Error size is 0
[INFO] No errors/warnings found
[INFO] 
[INFO] --- spotless:2.46.1:check (default) @ groovy-cps ---
[INFO] Spotless check skipped
[INFO] 
[INFO] --- install:3.1.4:install (default-install) @ groovy-cps ---
[INFO] Installing /tmp/plugin-builds/workflow-cps/lib/target/groovy-cps-999999-SNAPSHOT.pom to /home/poddingue/.m2/repository/com/cloudbees/groovy-cps/999999-SNAPSHOT/groovy-cps-999999-SNAPSHOT.pom
[INFO] Installing /tmp/plugin-builds/workflow-cps/lib/target/groovy-cps.jar to /home/poddingue/.m2/repository/com/cloudbees/groovy-cps/999999-SNAPSHOT/groovy-cps-999999-SNAPSHOT.jar
[INFO] Installing /tmp/plugin-builds/workflow-cps/lib/target/groovy-cps-tests.jar to /home/poddingue/.m2/repository/com/cloudbees/groovy-cps/999999-SNAPSHOT/groovy-cps-999999-SNAPSHOT-tests.jar
[INFO] 
[INFO] ------------< org.jenkins-ci.plugins.workflow:workflow-cps >------------
[INFO] Building Pipeline: Groovy 999999-SNAPSHOT                          [4/4]
[INFO]   from plugin/pom.xml
[INFO] --------------------------------[ hpi ]---------------------------------
[INFO] 
[INFO] --- clean:3.5.0:clean (default-clean) @ workflow-cps ---
[INFO] 
[INFO] --- hpi:3.1746.v2e9fe7dc4d95:validate (default-validate) @ workflow-cps ---
[INFO] Created marker file /tmp/plugin-builds/workflow-cps/plugin/target/java-level/17
[INFO] 
[INFO] --- hpi:3.1746.v2e9fe7dc4d95:validate-hpi (default-validate-hpi) @ workflow-cps ---
[INFO] 
[INFO] --- enforcer:3.6.1:enforce (display-info) @ workflow-cps ---
[INFO] Rule 3: org.codehaus.mojo.extraenforcer.dependencies.EnforceBytecodeVersion passed
[INFO] Rule 4: org.apache.maven.enforcer.rules.dependency.BannedDependencies passed
[INFO] Rule 5: org.apache.maven.enforcer.rules.dependency.BannedDependencies passed
[INFO] Ignoring requireUpperBoundDeps in org.ow2.asm:asm
[INFO] Rule 6: org.apache.maven.enforcer.rules.dependency.RequireUpperBoundDeps passed
[INFO] 
[INFO] --- enforcer:3.6.1:enforce (no-snapshots-in-release) @ workflow-cps ---
[INFO] Rule 0: org.apache.maven.enforcer.rules.dependency.RequireReleaseDeps passed
[INFO] 
[INFO] --- localizer:1.31:generate (default) @ workflow-cps ---
[INFO] 
[INFO] --- enforcer:3.6.1:enforce (check-junit-imports) @ workflow-cps ---
[INFO] Skipping Rule Enforcement.
[INFO] 
[INFO] --- frontend:1.15.1:install-node-and-corepack (install node and corepack) @ workflow-cps ---
[INFO] Installing node version v22.14.0
[INFO] Unpacking /home/poddingue/.m2/repository/com/github/eirslett/node/22.14.0/node-22.14.0-linux-x64.tar.gz into /tmp/plugin-builds/workflow-cps/plugin/node/tmp
[INFO] Copying node binary from /tmp/plugin-builds/workflow-cps/plugin/node/tmp/node-v22.14.0-linux-x64/bin/node to /tmp/plugin-builds/workflow-cps/plugin/node/node
[INFO] Extracting NPM
[INFO] Installed node locally.
[INFO] No corepack executable found, creating symbolic link to /tmp/plugin-builds/workflow-cps/plugin/node/node_modules/corepack/dist/corepack.js.
[INFO] 
[INFO] --- frontend:1.15.1:corepack (yarn install) @ workflow-cps ---
[INFO] Running 'corepack yarn install' in /tmp/plugin-builds/workflow-cps/plugin
[INFO] ➤ YN0000: · Yarn 4.9.1
[INFO] ➤ YN0000: ┌ Resolution step
[INFO] ➤ YN0000: └ Completed
[INFO] ➤ YN0000: ┌ Fetch step
[INFO] ➤ YN0000: └ Completed in 1s 191ms
[INFO] ➤ YN0000: ┌ Link step
[INFO] ➤ YN0000: └ Completed in 12s 963ms
[INFO] ➤ YN0000: · Done in 14s 569ms
[INFO] 
[INFO] --- frontend:1.15.1:corepack (yarn mvnbuild) @ workflow-cps ---
[INFO] Running 'corepack yarn mvnbuild' in /tmp/plugin-builds/workflow-cps/plugin
[INFO] asset workflow-editor.js 670 KiB [emitted] [minimized] [big] (name: workflow-editor) 1 related asset
[INFO] asset workflow-editor.css 5.56 KiB [emitted] (name: workflow-editor)
[INFO] Entrypoint workflow-editor [big] 676 KiB = workflow-editor.css 5.56 KiB workflow-editor.js 670 KiB
[INFO] orphan modules 16.8 KiB (javascript) 1.01 KiB (runtime) [orphan] 14 modules
[INFO] runtime modules 941 bytes 5 modules
[INFO] cacheable modules 1.37 MiB (javascript) 5.56 KiB (css/mini-extract)
[INFO]   modules by path ./node_modules/ 1.36 MiB
[INFO]     modules by path ./node_modules/jquery-ui/ui/ 59.1 KiB
[INFO]       modules by path ./node_modules/jquery-ui/ui/*.js 22.3 KiB 4 modules
[INFO]       modules by path ./node_modules/jquery-ui/ui/widgets/*.js 36.8 KiB 2 modules
[INFO]     modules by path ./node_modules/ace-builds/src-noconflict/ 1.03 MiB
[INFO]       ./node_modules/ace-builds/src-noconflict/ace.js 884 KiB [built] [code generated]
[INFO]       + 3 modules
[INFO]     ./node_modules/jquery/dist/jquery.js 279 KiB [built] [code generated]
[INFO]   modules by path ./src/main/ 10.3 KiB (javascript) 5.56 KiB (css/mini-extract)
[INFO]     ./src/main/js/workflow-editor.js + 2 modules 10.3 KiB [built] [code generated]
[INFO]     ./src/main/less/workflow-editor.less 50 bytes [built] [code generated]
[INFO]     css ./node_modules/css-loader/dist/cjs.js!./node_modules/postcss-loader/dist/cjs.js!./node_modules/less-loader/dist/cjs.js!./src/main/less/workflow-editor.less 5.56 KiB [built] [code generated]
[INFO] 
[INFO] WARNING in asset size limit: The following asset(s) exceed the recommended size limit (244 KiB).
[INFO] This can impact web performance.
[INFO] Assets: 
[INFO]   workflow-editor.js (670 KiB)
[INFO] 
[INFO] WARNING in entrypoint size limit: The following entrypoint(s) combined asset size exceeds the recommended limit (244 KiB). This can impact web performance.
[INFO] Entrypoints:
[INFO]   workflow-editor (676 KiB)
[INFO]       workflow-editor.css
[INFO]       workflow-editor.js
[INFO] 
[INFO] WARNING in webpack performance recommendations: 
[INFO] You can limit the size of your bundles by using import() or require.ensure to lazy load some parts of your application.
[INFO] For more info visit https://webpack.js.org/guides/code-splitting/
[INFO] 
[INFO] webpack 5.101.0 compiled with 3 warnings in 30086 ms
[INFO] 
[INFO] --- resources:3.3.1:resources (default-resources) @ workflow-cps ---
[INFO] Copying 47 resources from src/main/resources to target/classes
[INFO] Copying 3 resources from target/generated-resources/adjuncts to target/classes
[INFO] 
[INFO] --- flatten:1.7.2:flatten (flatten) @ workflow-cps ---
[INFO] Generating flattened POM of project org.jenkins-ci.plugins.workflow:workflow-cps:hpi:999999-SNAPSHOT...
[INFO] 
[INFO] --- compiler:3.14.0:compile (default-compile) @ workflow-cps ---
[INFO] Recompiling the module because of changed dependency.
[INFO] Compiling 70 source files with javac [debug parameters release 17] to target/classes
[INFO] org.jenkinsci.plugins.workflow.cps.CpsFlowDefinition.DescriptorImpl indexed under hudson.Extension
[INFO] org.jenkinsci.plugins.workflow.cps.CpsFlowExecution.PipelineTimings indexed under hudson.Extension
[INFO] org.jenkinsci.plugins.workflow.cps.CpsFlowExecution.PipelineInternalCalls indexed under hudson.Extension
[INFO] org.jenkinsci.plugins.workflow.cps.CpsScmFlowDefinition.DescriptorImpl indexed under hudson.Extension
[INFO] org.jenkinsci.plugins.workflow.cps.CpsThreadDumpAction.PipelineThreadDump indexed under hudson.Extension
[INFO] org.jenkinsci.plugins.workflow.cps.EnvActionImpl.Binder indexed under hudson.Extension
[INFO] org.jenkinsci.plugins.workflow.cps.EnvActionImpl.Copier indexed under hudson.Extension
[INFO] org.jenkinsci.plugins.workflow.cps.EnvActionImpl.EnvActionImplPickleFactory indexed under hudson.Extension
[INFO] org.jenkinsci.plugins.workflow.cps.GlobalVariableSet.GlobalVariableProvider indexed under hudson.Extension
[INFO] org.jenkinsci.plugins.workflow.cps.GroovySample.Registry indexed under hudson.Extension
[INFO] org.jenkinsci.plugins.workflow.cps.GroovySample.Hello indexed under hudson.Extension
[INFO] org.jenkinsci.plugins.workflow.cps.GroovySample.GitHubMaven indexed under hudson.Extension
[INFO] org.jenkinsci.plugins.workflow.cps.GroovySample.Scripted indexed under hudson.Extension
[INFO] org.jenkinsci.plugins.workflow.cps.GroovySourceFileAllowlist.DefaultAllowlist indexed under hudson.Extension
[INFO] org.jenkinsci.plugins.workflow.cps.ParamsVariable indexed under hudson.Extension
[INFO] org.jenkinsci.plugins.workflow.cps.RunWrapperBinder indexed under hudson.Extension
[INFO] org.jenkinsci.plugins.workflow.cps.RunningFlowActions indexed under hudson.Extension
[INFO] org.jenkinsci.plugins.workflow.cps.Snippetizer indexed under hudson.Extension
[INFO] org.jenkinsci.plugins.workflow.cps.Snippetizer.PerJobAdder indexed under hudson.Extension
[INFO] org.jenkinsci.plugins.workflow.cps.SnippetizerLink.GeneratorLink indexed under hudson.Extension
[INFO] org.jenkinsci.plugins.workflow.cps.SnippetizerLink.StepReferenceLink indexed under hudson.Extension
[INFO] org.jenkinsci.plugins.workflow.cps.SnippetizerLink.GlobalsReferenceLink indexed under hudson.Extension
[INFO] org.jenkinsci.plugins.workflow.cps.SnippetizerLink.OnlineDocsLink indexed under hudson.Extension
[INFO] org.jenkinsci.plugins.workflow.cps.SnippetizerLink.ExamplesLink indexed under hudson.Extension
[INFO] org.jenkinsci.plugins.workflow.cps.SnippetizerLink.GDSLLink indexed under hudson.Extension
[INFO] org.jenkinsci.plugins.workflow.cps.config.CPSConfiguration indexed under hudson.Extension
[INFO] org.jenkinsci.plugins.workflow.cps.nodes.StepDescriptorCache indexed under hudson.Extension
[INFO] org.jenkinsci.plugins.workflow.cps.replay.ReplayAction.Factory indexed under hudson.Extension
[INFO] org.jenkinsci.plugins.workflow.cps.replay.ReplayFlowFactoryAction.StoredLoadedScripts indexed under hudson.Extension
[INFO] org.jenkinsci.plugins.workflow.cps.replay.ReplayPipelineCommand indexed under hudson.Extension
[INFO] org.jenkinsci.plugins.workflow.cps.steps.LoadStep.DescriptorImpl indexed under hudson.Extension
[INFO] org.jenkinsci.plugins.workflow.cps.steps.ParallelStep.DescriptorImpl indexed under hudson.Extension
[INFO] /tmp/plugin-builds/workflow-cps/plugin/src/main/java/org/jenkinsci/plugins/workflow/cps/CpsFlowDefinition.java:[92,12] Generating org/jenkinsci/plugins/workflow/cps/CpsFlowDefinition.stapler
[INFO] /tmp/plugin-builds/workflow-cps/plugin/src/main/java/org/jenkinsci/plugins/workflow/cps/CpsScmFlowDefinition.java:[81,34] Generating org/jenkinsci/plugins/workflow/cps/CpsScmFlowDefinition.stapler
[INFO] /tmp/plugin-builds/workflow-cps/plugin/src/main/java/org/jenkinsci/plugins/workflow/cps/steps/LoadStep.java:[25,12] Generating org/jenkinsci/plugins/workflow/cps/steps/LoadStep.stapler
[INFO] /tmp/plugin-builds/workflow-cps/plugin/src/main/java/org/jenkinsci/plugins/workflow/cps/view/InterpolatedSecretsAction.java:[91,19] Generating org/jenkinsci/plugins/workflow/cps/view/InterpolatedSecretsAction/InterpolatedWarnings.javadoc
[INFO] /tmp/plugin-builds/workflow-cps/plugin/src/main/java/org/jenkinsci/plugins/workflow/cps/EnvActionImpl.java:[60,8] Generating org/jenkinsci/plugins/workflow/cps/EnvActionImpl.javadoc
[INFO] /tmp/plugin-builds/workflow-cps/plugin/src/main/java/org/jenkinsci/plugins/workflow/cps/view/InterpolatedSecretsAction.java:[42,8] Generating org/jenkinsci/plugins/workflow/cps/view/InterpolatedSecretsAction.javadoc
[INFO] /tmp/plugin-builds/workflow-cps/plugin/src/main/java/org/jenkinsci/plugins/workflow/cps/Snippetizer.java:[487,25] Generating org/jenkinsci/plugins/workflow/cps/Snippetizer/doGenerateSnippet.stapler
[INFO] /tmp/plugin-builds/workflow-cps/plugin/src/main/java/org/jenkinsci/plugins/workflow/cps/replay/ReplayAction.java:[405,17] Generating org/jenkinsci/plugins/workflow/cps/replay/ReplayAction/doCheckScriptCompile.stapler
[INFO] /tmp/plugin-builds/workflow-cps/plugin/src/main/java/org/jenkinsci/plugins/workflow/cps/CpsFlowDefinition.java:[188,31] Generating org/jenkinsci/plugins/workflow/cps/CpsFlowDefinition/DescriptorImpl/doCheckScript.stapler
[INFO] /tmp/plugin-builds/workflow-cps/plugin/src/main/java/org/jenkinsci/plugins/workflow/cps/replay/ReplayAction.java:[400,27] Generating org/jenkinsci/plugins/workflow/cps/replay/ReplayAction/doCheckScript.stapler
[WARNING] /tmp/plugin-builds/workflow-cps/plugin/src/main/java/org/jenkinsci/plugins/workflow/cps/CpsFlowExecution.java: unknown enum constant com.google.j2objc.annotations.ReflectionSupport.Level.FULL
  reason: class file for com.google.j2objc.annotations.ReflectionSupport$Level not found
[INFO] /tmp/plugin-builds/workflow-cps/plugin/src/main/java/org/jenkinsci/plugins/workflow/cps/CpsFlowExecution.java: Some input files use or override a deprecated API.
[INFO] /tmp/plugin-builds/workflow-cps/plugin/src/main/java/org/jenkinsci/plugins/workflow/cps/CpsFlowExecution.java: Recompile with -Xlint:deprecation for details.
[INFO] /tmp/plugin-builds/workflow-cps/plugin/src/main/java/org/jenkinsci/plugins/workflow/cps/CpsFlowExecution.java: Some input files use unchecked or unsafe operations.
[INFO] /tmp/plugin-builds/workflow-cps/plugin/src/main/java/org/jenkinsci/plugins/workflow/cps/CpsFlowExecution.java: Recompile with -Xlint:unchecked for details.
[INFO] 
[INFO] --- access-modifier-checker:1.35:enforce (default-enforce) @ workflow-cps ---
[INFO] 
[INFO] --- bridge-method-injector:1.32:process (default) @ workflow-cps ---
[INFO] 
[INFO] --- hpi:3.1746.v2e9fe7dc4d95:insert-test (default-insert-test) @ workflow-cps ---
[INFO] 
[INFO] --- antrun:3.1.0:run (createTempDir) @ workflow-cps ---
[INFO] Executing tasks
[INFO]     [mkdir] Created dir: /tmp/plugin-builds/workflow-cps/plugin/target/tmp
[INFO] Executed tasks
[INFO] 
[INFO] --- resources:3.3.1:testResources (default-testResources) @ workflow-cps ---
[INFO] Copying 25 resources from src/test/resources to target/test-classes
[INFO] 
[INFO] --- compiler:3.14.0:testCompile (default-testCompile) @ workflow-cps ---
[INFO] Recompiling the module because of changed dependency.
[INFO] Compiling 82 source files with javac [debug parameters release 17] to target/test-classes
[INFO] org.jenkinsci.plugins.workflow.DynamicEnvironmentExpanderTest.DynamicEnvStep.DescriptorImpl indexed under org.jvnet.hudson.test.TestExtension
[INFO] org.jenkinsci.plugins.workflow.DynamicEnvironmentExpanderTest.EnvAdder indexed under org.jvnet.hudson.test.TestExtension
[INFO] org.jenkinsci.plugins.workflow.DynamicEnvironmentExpanderTest.StepEnvAdder indexed under org.jvnet.hudson.test.TestExtension
[INFO] org.jenkinsci.plugins.workflow.DynamicEnvironmentExpanderTest.PrintEnvStep.DescriptorImpl indexed under org.jvnet.hudson.test.TestExtension
[INFO] org.jenkinsci.plugins.workflow.GraphListenerTest.TestGraphListener indexed under org.jvnet.hudson.test.TestExtension
[INFO] org.jenkinsci.plugins.workflow.GraphListenerTest.CheckBuildCompletionListener indexed under org.jvnet.hudson.test.TestExtension
[INFO] org.jenkinsci.plugins.workflow.SerializationTest.PersistenceProblemStep.DescriptorImpl indexed under org.jvnet.hudson.test.TestExtension
[INFO] org.jenkinsci.plugins.workflow.StepListenerTest.TestStepListener indexed under org.jvnet.hudson.test.TestExtension
[INFO] org.jenkinsci.plugins.workflow.WorkflowTest.CheckAuth.DescriptorImpl indexed under org.jvnet.hudson.test.TestExtension
[INFO] org.jenkinsci.plugins.workflow.WorkflowTest.CheckAuthSync.DescriptorImpl indexed under org.jvnet.hudson.test.TestExtension
[INFO] org.jenkinsci.plugins.workflow.WorkflowTest.FlowStartNodeListener indexed under org.jvnet.hudson.test.TestExtension
[INFO] org.jenkinsci.plugins.workflow.cps.ContextVariableSetTest.DecoratorContext indexed under org.jvnet.hudson.test.TestExtension
[INFO] org.jenkinsci.plugins.workflow.cps.ContextVariableSetTest.DecoratorStep.DescriptorImpl indexed under org.jvnet.hudson.test.TestExtension
[INFO] org.jenkinsci.plugins.workflow.cps.ContextVariableSetTest.GetMessageStep.DescriptorImpl indexed under org.jvnet.hudson.test.TestExtension
[INFO] org.jenkinsci.plugins.workflow.cps.ContextVariableSetTest.WithStaticMessageStep.DescriptorImpl indexed under org.jvnet.hudson.test.TestExtension
[INFO] org.jenkinsci.plugins.workflow.cps.ContextVariableSetTest.DC indexed under org.jvnet.hudson.test.TestExtension
[INFO] org.jenkinsci.plugins.workflow.cps.ContextVariableSetTest.WithDynamicMessageStep.DescriptorImpl indexed under org.jvnet.hudson.test.TestExtension
[INFO] org.jenkinsci.plugins.workflow.cps.CpsBodyExecutionTest.SynchronousExceptionInBodyStep.DescriptorImpl indexed under org.jvnet.hudson.test.TestExtension
[INFO] org.jenkinsci.plugins.workflow.cps.CpsBodyExecutionTest.RetainsBodyStep.DescriptorImpl indexed under org.jvnet.hudson.test.TestExtension
[INFO] org.jenkinsci.plugins.workflow.cps.CpsBodyExecutionTest.NoOpBlockStep.DescriptorImpl indexed under org.jvnet.hudson.test.TestExtension
[INFO] org.jenkinsci.plugins.workflow.cps.CpsFlowDefinition2Test.UnsafeParameterStep.DescriptorImpl indexed under org.jvnet.hudson.test.TestExtension
[INFO] org.jenkinsci.plugins.workflow.cps.CpsFlowExecutionTest.SlowToResume.DescriptorImpl indexed under org.jvnet.hudson.test.TestExtension
[INFO] org.jenkinsci.plugins.workflow.cps.CpsFlowExecutionTest.BadThingPickleFactory indexed under org.jvnet.hudson.test.TestExtension
[INFO] org.jenkinsci.plugins.workflow.cps.CpsFlowExecutionTest.TrustedShell indexed under org.jvnet.hudson.test.TestExtension
[INFO] org.jenkinsci.plugins.workflow.cps.CpsFlowExecutionTest.UntrustedShellDecorator indexed under org.jvnet.hudson.test.TestExtension
[INFO] org.jenkinsci.plugins.workflow.cps.CpsFlowExecutionTest.BrokenDecorator indexed under org.jvnet.hudson.test.TestExtension
[INFO] org.jenkinsci.plugins.workflow.cps.CpsFlowExecutionTest.TestAllowlist indexed under org.jvnet.hudson.test.TestExtension
[INFO] org.jenkinsci.plugins.workflow.cps.CpsFlowExecutionTest.BadBodyCallback.DescriptorImpl indexed under org.jvnet.hudson.test.TestExtension
[INFO] org.jenkinsci.plugins.workflow.cps.CpsFlowExecutionTest.ShuttingDown indexed under org.jvnet.hudson.test.TestExtension
[INFO] org.jenkinsci.plugins.workflow.cps.CpsFlowExecutionTest.BuildXmlListener indexed under org.jvnet.hudson.test.TestExtension
[INFO] org.jenkinsci.plugins.workflow.cps.CpsStepContextTest.FailingStepListener indexed under org.jvnet.hudson.test.TestExtension
[INFO] org.jenkinsci.plugins.workflow.cps.CpsStepContextTest.BadBlockStep.DescriptorImpl indexed under org.jvnet.hudson.test.TestExtension
[INFO] org.jenkinsci.plugins.workflow.cps.CpsStepContextTest.PassthroughStep.DescriptorImpl indexed under org.jvnet.hudson.test.TestExtension
[INFO] org.jenkinsci.plugins.workflow.cps.CpsStepContextTest.ClosureCounter indexed under org.jvnet.hudson.test.TestExtension
[INFO] org.jenkinsci.plugins.workflow.cps.CpsStepContextTest.RefersToCycleStep.DescriptorImpl indexed under org.jvnet.hudson.test.TestExtension
[INFO] org.jenkinsci.plugins.workflow.cps.CpsThreadTest.UnkillableStep.DescriptorImpl indexed under org.jvnet.hudson.test.TestExtension
[INFO] org.jenkinsci.plugins.workflow.cps.DSLTest.MyJoinStep.DescriptorImpl indexed under org.jvnet.hudson.test.TestExtension
[INFO] org.jenkinsci.plugins.workflow.cps.DSLTest.Pojo.DescriptorImpl indexed under org.jvnet.hudson.test.TestExtension
[INFO] org.jenkinsci.plugins.workflow.cps.DSLTest.Pops.DescriptorImpl indexed under org.jvnet.hudson.test.TestExtension
[INFO] org.jenkinsci.plugins.workflow.cps.DSLTest.CLStep.DescriptorImpl indexed under org.jvnet.hudson.test.TestExtension
[INFO] org.jenkinsci.plugins.workflow.cps.RunningFlowActionsTest.TestNotARunningFlowAction indexed under org.jvnet.hudson.test.TestExtension
[INFO] org.jenkinsci.plugins.workflow.cps.SnippetizerTest.AdvancedStep.DescriptorImpl indexed under org.jvnet.hudson.test.TestExtension
[INFO] org.jenkinsci.plugins.workflow.cps.actions.ArgumentsActionImplTest.NopStep.DescriptorImpl indexed under org.jvnet.hudson.test.TestExtension
[INFO] org.jenkinsci.plugins.workflow.cps.steps.RestartingLoadStepTest.InjectedVariable indexed under org.jvnet.hudson.test.TestExtension
[INFO] org.jenkinsci.plugins.workflow.SubtypeInjectingStep.DescriptorImpl indexed under hudson.Extension
[INFO] org.jenkinsci.plugins.workflow.TestDurabilityHintProvider indexed under hudson.Extension
[INFO] org.jenkinsci.plugins.workflow.testMetaStep.AmbiguousEchoLowerStep.DescriptorImpl indexed under hudson.Extension
[INFO] org.jenkinsci.plugins.workflow.testMetaStep.AmbiguousEchoUpperStep.DescriptorImpl indexed under hudson.Extension
[INFO] org.jenkinsci.plugins.workflow.testMetaStep.California.DescriptorImpl indexed under hudson.Extension
[INFO] org.jenkinsci.plugins.workflow.testMetaStep.Circle.DescriptorImpl indexed under hudson.Extension
[INFO] org.jenkinsci.plugins.workflow.testMetaStep.Colorado.DescriptorImpl indexed under hudson.Extension
[INFO] org.jenkinsci.plugins.workflow.testMetaStep.CurveMetaStep.DescriptorImpl indexed under hudson.Extension
[INFO] org.jenkinsci.plugins.workflow.testMetaStep.DisplaynameWithEscapeCharState.DescriptorImpl indexed under hudson.Extension
[INFO] org.jenkinsci.plugins.workflow.testMetaStep.EchoResultStep.DescriptorImpl indexed under hudson.Extension
[INFO] org.jenkinsci.plugins.workflow.testMetaStep.EchoStringAndDoubleStep.DescriptorImpl indexed under hudson.Extension
[INFO] org.jenkinsci.plugins.workflow.testMetaStep.Hawaii.DescriptorImpl indexed under hudson.Extension
[INFO] org.jenkinsci.plugins.workflow.testMetaStep.Island.DescriptorImpl indexed under hudson.Extension
[INFO] org.jenkinsci.plugins.workflow.testMetaStep.MonomorphicData.DescriptorImpl indexed under hudson.Extension
[INFO] org.jenkinsci.plugins.workflow.testMetaStep.MonomorphicDataWithSymbol.DescriptorImpl indexed under hudson.Extension
[INFO] org.jenkinsci.plugins.workflow.testMetaStep.MonomorphicListStep.DescriptorImpl indexed under hudson.Extension
[INFO] org.jenkinsci.plugins.workflow.testMetaStep.MonomorphicListWithSymbolStep.DescriptorImpl indexed under hudson.Extension
[INFO] org.jenkinsci.plugins.workflow.testMetaStep.MonomorphicStep.DescriptorImpl indexed under hudson.Extension
[INFO] org.jenkinsci.plugins.workflow.testMetaStep.MonomorphicWithSymbolStep.DescriptorImpl indexed under hudson.Extension
[INFO] org.jenkinsci.plugins.workflow.testMetaStep.MultiShape.DescriptorImpl indexed under hudson.Extension
[INFO] org.jenkinsci.plugins.workflow.testMetaStep.Nevada.DescriptorImpl indexed under hudson.Extension
[INFO] org.jenkinsci.plugins.workflow.testMetaStep.NewYork.DescriptorImpl indexed under hudson.Extension
[INFO] org.jenkinsci.plugins.workflow.testMetaStep.OrStep.DescriptorImpl indexed under hudson.Extension
[INFO] org.jenkinsci.plugins.workflow.testMetaStep.Oregon.DescriptorImpl indexed under hudson.Extension
[INFO] org.jenkinsci.plugins.workflow.testMetaStep.Polygon.DescriptorImpl indexed under hudson.Extension
[INFO] org.jenkinsci.plugins.workflow.testMetaStep.StateMetaStep.DescriptorImpl indexed under hudson.Extension
[INFO] org.jenkinsci.plugins.workflow.testMetaStep.chemical.CarbonMonoxide.DescriptorImpl indexed under hudson.Extension
[INFO] org.jenkinsci.plugins.workflow.testMetaStep.chemical.DetectionMetaStep.DescriptorImpl indexed under hudson.Extension
[INFO] /tmp/plugin-builds/workflow-cps/plugin/src/test/java/org/jenkinsci/plugins/workflow/DynamicEnvironmentExpanderTest.java:[87,38] Generating org/jenkinsci/plugins/workflow/DynamicEnvironmentExpanderTest/DynamicEnvStep.stapler
[INFO] /tmp/plugin-builds/workflow-cps/plugin/src/test/java/org/jenkinsci/plugins/workflow/DynamicEnvironmentExpanderTest.java:[183,16] Generating org/jenkinsci/plugins/workflow/DynamicEnvironmentExpanderTest/PrintEnvStep.stapler
[INFO] /tmp/plugin-builds/workflow-cps/plugin/src/test/java/org/jenkinsci/plugins/workflow/SerializationTest.java:[68,16] Generating org/jenkinsci/plugins/workflow/SerializationTest/PersistenceProblemStep.stapler
[INFO] /tmp/plugin-builds/workflow-cps/plugin/src/test/java/org/jenkinsci/plugins/workflow/SubtypeInjectingStep.java:[15,12] Generating org/jenkinsci/plugins/workflow/SubtypeInjectingStep.stapler
[INFO] /tmp/plugin-builds/workflow-cps/plugin/src/test/java/org/jenkinsci/plugins/workflow/WorkflowTest.java:[186,38] Generating org/jenkinsci/plugins/workflow/WorkflowTest/CheckAuth.stapler
[INFO] /tmp/plugin-builds/workflow-cps/plugin/src/test/java/org/jenkinsci/plugins/workflow/WorkflowTest.java:[242,38] Generating org/jenkinsci/plugins/workflow/WorkflowTest/CheckAuthSync.stapler
[INFO] /tmp/plugin-builds/workflow-cps/plugin/src/test/java/org/jenkinsci/plugins/workflow/cps/ContextVariableSetTest.java:[158,38] Generating org/jenkinsci/plugins/workflow/cps/ContextVariableSetTest/DecoratorStep.stapler
[INFO] /tmp/plugin-builds/workflow-cps/plugin/src/test/java/org/jenkinsci/plugins/workflow/cps/ContextVariableSetTest.java:[212,38] Generating org/jenkinsci/plugins/workflow/cps/ContextVariableSetTest/GetMessageStep.stapler
[INFO] /tmp/plugin-builds/workflow-cps/plugin/src/test/java/org/jenkinsci/plugins/workflow/cps/ContextVariableSetTest.java:[230,38] Generating org/jenkinsci/plugins/workflow/cps/ContextVariableSetTest/WithStaticMessageStep.stapler
[INFO] /tmp/plugin-builds/workflow-cps/plugin/src/test/java/org/jenkinsci/plugins/workflow/cps/ContextVariableSetTest.java:[268,38] Generating org/jenkinsci/plugins/workflow/cps/ContextVariableSetTest/WithDynamicMessageStep.stapler
[INFO] /tmp/plugin-builds/workflow-cps/plugin/src/test/java/org/jenkinsci/plugins/workflow/cps/CpsBodyExecutionTest.java:[111,16] Generating org/jenkinsci/plugins/workflow/cps/CpsBodyExecutionTest/SynchronousExceptionInBodyStep.stapler
[INFO] /tmp/plugin-builds/workflow-cps/plugin/src/test/java/org/jenkinsci/plugins/workflow/cps/CpsBodyExecutionTest.java:[181,38] Generating org/jenkinsci/plugins/workflow/cps/CpsBodyExecutionTest/RetainsBodyStep.stapler
[INFO] /tmp/plugin-builds/workflow-cps/plugin/src/test/java/org/jenkinsci/plugins/workflow/cps/CpsBodyExecutionTest.java:[291,16] Generating org/jenkinsci/plugins/workflow/cps/CpsBodyExecutionTest/NoOpBlockStep.stapler
[INFO] /tmp/plugin-builds/workflow-cps/plugin/src/test/java/org/jenkinsci/plugins/workflow/cps/CpsFlowDefinition2Test.java:[932,16] Generating org/jenkinsci/plugins/workflow/cps/CpsFlowDefinition2Test/UnsafeParameterStep.stapler
[INFO] /tmp/plugin-builds/workflow-cps/plugin/src/test/java/org/jenkinsci/plugins/workflow/cps/CpsFlowExecutionTest.java:[452,38] Generating org/jenkinsci/plugins/workflow/cps/CpsFlowExecutionTest/SlowToResume.stapler
[INFO] /tmp/plugin-builds/workflow-cps/plugin/src/test/java/org/jenkinsci/plugins/workflow/cps/CpsFlowExecutionTest.java:[881,16] Generating org/jenkinsci/plugins/workflow/cps/CpsFlowExecutionTest/BadBodyCallback.stapler
[INFO] /tmp/plugin-builds/workflow-cps/plugin/src/test/java/org/jenkinsci/plugins/workflow/cps/CpsStepContextTest.java:[89,16] Generating org/jenkinsci/plugins/workflow/cps/CpsStepContextTest/BadBlockStep.stapler
[INFO] /tmp/plugin-builds/workflow-cps/plugin/src/test/java/org/jenkinsci/plugins/workflow/cps/CpsStepContextTest.java:[134,16] Generating org/jenkinsci/plugins/workflow/cps/CpsStepContextTest/PassthroughStep.stapler
[INFO] /tmp/plugin-builds/workflow-cps/plugin/src/test/java/org/jenkinsci/plugins/workflow/cps/CpsStepContextTest.java:[193,38] Generating org/jenkinsci/plugins/workflow/cps/CpsStepContextTest/RefersToCycleStep.stapler
[INFO] /tmp/plugin-builds/workflow-cps/plugin/src/test/java/org/jenkinsci/plugins/workflow/cps/CpsThreadTest.java:[78,38] Generating org/jenkinsci/plugins/workflow/cps/CpsThreadTest/UnkillableStep.stapler
[INFO] /tmp/plugin-builds/workflow-cps/plugin/src/test/java/org/jenkinsci/plugins/workflow/cps/DSLTest.java:[113,38] Generating org/jenkinsci/plugins/workflow/cps/DSLTest/MyJoinStep.stapler
[INFO] /tmp/plugin-builds/workflow-cps/plugin/src/test/java/org/jenkinsci/plugins/workflow/cps/DSLTest.java:[155,38] Generating org/jenkinsci/plugins/workflow/cps/DSLTest/Pojo.stapler
[INFO] /tmp/plugin-builds/workflow-cps/plugin/src/test/java/org/jenkinsci/plugins/workflow/cps/DSLTest.java:[161,38] Generating org/jenkinsci/plugins/workflow/cps/DSLTest/Pops.stapler
[INFO] /tmp/plugin-builds/workflow-cps/plugin/src/test/java/org/jenkinsci/plugins/workflow/cps/DSLTest.java:[670,38] Generating org/jenkinsci/plugins/workflow/cps/DSLTest/CLStep.stapler
[INFO] /tmp/plugin-builds/workflow-cps/plugin/src/test/java/org/jenkinsci/plugins/workflow/cps/SnippetizerTest.java:[190,38] Generating org/jenkinsci/plugins/workflow/cps/SnippetizerTest/AdvancedStep.stapler
[INFO] /tmp/plugin-builds/workflow-cps/plugin/src/test/java/org/jenkinsci/plugins/workflow/cps/actions/ArgumentsActionImplTest.java:[709,16] Generating org/jenkinsci/plugins/workflow/cps/actions/ArgumentsActionImplTest/NopStep.stapler
[INFO] /tmp/plugin-builds/workflow-cps/plugin/src/test/java/org/jenkinsci/plugins/workflow/testMetaStep/AmbiguousEchoLowerStep.java:[45,12] Generating org/jenkinsci/plugins/workflow/testMetaStep/AmbiguousEchoLowerStep.stapler
[INFO] /tmp/plugin-builds/workflow-cps/plugin/src/test/java/org/jenkinsci/plugins/workflow/testMetaStep/AmbiguousEchoUpperStep.java:[44,12] Generating org/jenkinsci/plugins/workflow/testMetaStep/AmbiguousEchoUpperStep.stapler
[INFO] /tmp/plugin-builds/workflow-cps/plugin/src/test/java/org/jenkinsci/plugins/workflow/testMetaStep/California.java:[22,12] Generating org/jenkinsci/plugins/workflow/testMetaStep/California.stapler
[INFO] /tmp/plugin-builds/workflow-cps/plugin/src/test/java/org/jenkinsci/plugins/workflow/testMetaStep/Circle.java:[34,34] Generating org/jenkinsci/plugins/workflow/testMetaStep/Circle.stapler
[INFO] /tmp/plugin-builds/workflow-cps/plugin/src/test/java/org/jenkinsci/plugins/workflow/testMetaStep/Colorado.java:[21,12] Generating org/jenkinsci/plugins/workflow/testMetaStep/Colorado.stapler
[INFO] /tmp/plugin-builds/workflow-cps/plugin/src/test/java/org/jenkinsci/plugins/workflow/testMetaStep/CurveMetaStep.java:[41,34] Generating org/jenkinsci/plugins/workflow/testMetaStep/CurveMetaStep.stapler
[INFO] /tmp/plugin-builds/workflow-cps/plugin/src/test/java/org/jenkinsci/plugins/workflow/testMetaStep/DisplaynameWithEscapeCharState.java:[15,12] Generating org/jenkinsci/plugins/workflow/testMetaStep/DisplaynameWithEscapeCharState.stapler
[INFO] /tmp/plugin-builds/workflow-cps/plugin/src/test/java/org/jenkinsci/plugins/workflow/testMetaStep/EchoResultStep.java:[21,12] Generating org/jenkinsci/plugins/workflow/testMetaStep/EchoResultStep.stapler
[INFO] /tmp/plugin-builds/workflow-cps/plugin/src/test/java/org/jenkinsci/plugins/workflow/testMetaStep/EchoStringAndDoubleStep.java:[22,12] Generating org/jenkinsci/plugins/workflow/testMetaStep/EchoStringAndDoubleStep.stapler
[INFO] /tmp/plugin-builds/workflow-cps/plugin/src/test/java/org/jenkinsci/plugins/workflow/testMetaStep/Hawaii.java:[20,12] Generating org/jenkinsci/plugins/workflow/testMetaStep/Hawaii.stapler
[INFO] /tmp/plugin-builds/workflow-cps/plugin/src/test/java/org/jenkinsci/plugins/workflow/testMetaStep/Island.java:[21,12] Generating org/jenkinsci/plugins/workflow/testMetaStep/Island.stapler
[INFO] /tmp/plugin-builds/workflow-cps/plugin/src/test/java/org/jenkinsci/plugins/workflow/testMetaStep/MonomorphicData.java:[14,12] Generating org/jenkinsci/plugins/workflow/testMetaStep/MonomorphicData.stapler
[INFO] /tmp/plugin-builds/workflow-cps/plugin/src/test/java/org/jenkinsci/plugins/workflow/testMetaStep/MonomorphicDataWithSymbol.java:[15,12] Generating org/jenkinsci/plugins/workflow/testMetaStep/MonomorphicDataWithSymbol.stapler
[INFO] /tmp/plugin-builds/workflow-cps/plugin/src/test/java/org/jenkinsci/plugins/workflow/testMetaStep/MonomorphicListStep.java:[25,12] Generating org/jenkinsci/plugins/workflow/testMetaStep/MonomorphicListStep.stapler
[INFO] /tmp/plugin-builds/workflow-cps/plugin/src/test/java/org/jenkinsci/plugins/workflow/testMetaStep/MonomorphicListWithSymbolStep.java:[25,12] Generating org/jenkinsci/plugins/workflow/testMetaStep/MonomorphicListWithSymbolStep.stapler
[INFO] /tmp/plugin-builds/workflow-cps/plugin/src/test/java/org/jenkinsci/plugins/workflow/testMetaStep/MonomorphicStep.java:[25,12] Generating org/jenkinsci/plugins/workflow/testMetaStep/MonomorphicStep.stapler
[INFO] /tmp/plugin-builds/workflow-cps/plugin/src/test/java/org/jenkinsci/plugins/workflow/testMetaStep/MonomorphicWithSymbolStep.java:[23,12] Generating org/jenkinsci/plugins/workflow/testMetaStep/MonomorphicWithSymbolStep.stapler
[INFO] /tmp/plugin-builds/workflow-cps/plugin/src/test/java/org/jenkinsci/plugins/workflow/testMetaStep/MultiShape.java:[38,34] Generating org/jenkinsci/plugins/workflow/testMetaStep/MultiShape.stapler
[INFO] /tmp/plugin-builds/workflow-cps/plugin/src/test/java/org/jenkinsci/plugins/workflow/testMetaStep/Nevada.java:[19,12] Generating org/jenkinsci/plugins/workflow/testMetaStep/Nevada.stapler
[INFO] /tmp/plugin-builds/workflow-cps/plugin/src/test/java/org/jenkinsci/plugins/workflow/testMetaStep/NewYork.java:[23,12] Generating org/jenkinsci/plugins/workflow/testMetaStep/NewYork.stapler
[INFO] /tmp/plugin-builds/workflow-cps/plugin/src/test/java/org/jenkinsci/plugins/workflow/testMetaStep/OrStep.java:[20,12] Generating org/jenkinsci/plugins/workflow/testMetaStep/OrStep.stapler
[INFO] /tmp/plugin-builds/workflow-cps/plugin/src/test/java/org/jenkinsci/plugins/workflow/testMetaStep/Oregon.java:[20,12] Generating org/jenkinsci/plugins/workflow/testMetaStep/Oregon.stapler
[INFO] /tmp/plugin-builds/workflow-cps/plugin/src/test/java/org/jenkinsci/plugins/workflow/testMetaStep/Polygon.java:[36,34] Generating org/jenkinsci/plugins/workflow/testMetaStep/Polygon.stapler
[INFO] /tmp/plugin-builds/workflow-cps/plugin/src/test/java/org/jenkinsci/plugins/workflow/testMetaStep/StateMetaStep.java:[28,12] Generating org/jenkinsci/plugins/workflow/testMetaStep/StateMetaStep.stapler
[INFO] /tmp/plugin-builds/workflow-cps/plugin/src/test/java/org/jenkinsci/plugins/workflow/testMetaStep/chemical/CarbonMonoxide.java:[20,12] Generating org/jenkinsci/plugins/workflow/testMetaStep/chemical/CarbonMonoxide.stapler
[INFO] /tmp/plugin-builds/workflow-cps/plugin/src/test/java/org/jenkinsci/plugins/workflow/testMetaStep/chemical/DetectionMetaStep.java:[24,12] Generating org/jenkinsci/plugins/workflow/testMetaStep/chemical/DetectionMetaStep.stapler
[WARNING] /tmp/plugin-builds/workflow-cps/plugin/src/test/java/org/jenkinsci/plugins/workflow/cps/CpsFlowExecutionTest.java: unknown enum constant com.google.j2objc.annotations.ReflectionSupport.Level.FULL
  reason: class file for com.google.j2objc.annotations.ReflectionSupport$Level not found
[INFO] /tmp/plugin-builds/workflow-cps/plugin/src/test/java/org/jenkinsci/plugins/workflow/DynamicEnvironmentExpanderTest.java: Some input files use or override a deprecated API.
[INFO] /tmp/plugin-builds/workflow-cps/plugin/src/test/java/org/jenkinsci/plugins/workflow/DynamicEnvironmentExpanderTest.java: Recompile with -Xlint:deprecation for details.
[INFO] /tmp/plugin-builds/workflow-cps/plugin/src/test/java/org/jenkinsci/plugins/workflow/cps/FlowDurabilityTest.java: Some input files use unchecked or unsafe operations.
[INFO] /tmp/plugin-builds/workflow-cps/plugin/src/test/java/org/jenkinsci/plugins/workflow/cps/FlowDurabilityTest.java: Recompile with -Xlint:unchecked for details.
[INFO] 
[INFO] --- hpi:3.1746.v2e9fe7dc4d95:test-hpl (default-test-hpl) @ workflow-cps ---
[INFO] Generating /tmp/plugin-builds/workflow-cps/plugin/target/test-classes/the.hpl
[INFO] 
[INFO] --- hpi:3.1746.v2e9fe7dc4d95:resolve-test-dependencies (default-resolve-test-dependencies) @ workflow-cps ---
[INFO] 
[INFO] --- hpi:3.1746.v2e9fe7dc4d95:test-runtime (default-test-runtime) @ workflow-cps ---
[INFO] Tests are skipped.
[INFO] 
[INFO] --- surefire:3.5.3:test (default-test) @ workflow-cps ---
[INFO] Tests are skipped.
[INFO] 
[INFO] --- frontend:1.15.1:corepack (yarn mvntest) @ workflow-cps ---
[INFO] Skipping execution.
[INFO] 
[INFO] --- license:184.v19c87b_6b_a_9a_c:process (default) @ workflow-cps ---
[INFO] Generated /tmp/plugin-builds/workflow-cps/plugin/target/workflow-cps/WEB-INF/licenses.xml
[INFO] 
[INFO] --- hpi:3.1746.v2e9fe7dc4d95:hpi (default-hpi) @ workflow-cps ---
[INFO] Generating /tmp/plugin-builds/workflow-cps/plugin/target/workflow-cps/META-INF/MANIFEST.MF
[INFO] Checking for attached .jar artifact ...
[INFO] Generating jar /tmp/plugin-builds/workflow-cps/plugin/target/workflow-cps.jar
[INFO] Building jar: /tmp/plugin-builds/workflow-cps/plugin/target/workflow-cps.jar
[INFO] Exploding webapp...
[INFO] Copy webapp webResources to /tmp/plugin-builds/workflow-cps/plugin/target/workflow-cps
[INFO] Assembling webapp workflow-cps in /tmp/plugin-builds/workflow-cps/plugin/target/workflow-cps
[INFO] Bundling direct dependency diff4j-1.3.jar
[INFO] Bundling direct dependency groovy-cps-999999-SNAPSHOT.jar
[INFO] Generating hpi /tmp/plugin-builds/workflow-cps/plugin/target/workflow-cps.hpi
[INFO] Building jar: /tmp/plugin-builds/workflow-cps/plugin/target/workflow-cps.hpi
[INFO] 
[INFO] --- jar:3.4.2:test-jar (maybe-test-jar) @ workflow-cps ---
[INFO] Building jar: /tmp/plugin-builds/workflow-cps/plugin/target/workflow-cps-tests.jar
[INFO] 
[INFO] >>> spotbugs:4.9.3.2:check (spotbugs) > :spotbugs @ workflow-cps >>>
[INFO] 
[INFO] --- spotbugs:4.9.3.2:spotbugs (spotbugs) @ workflow-cps ---
[INFO] Fork Value is true
[INFO] Done SpotBugs Analysis....
[INFO] Rendering content with org.apache.maven.skins:maven-fluido-skin:jar:2.0.0-M9 skin
[INFO] 
[INFO] <<< spotbugs:4.9.3.2:check (spotbugs) < :spotbugs @ workflow-cps <<<
[INFO] 
[INFO] 
[INFO] --- spotbugs:4.9.3.2:check (spotbugs) @ workflow-cps ---
[INFO] BugInstance size is 0
[INFO] Error size is 0
[INFO] No errors/warnings found
[INFO] 
[INFO] --- spotless:2.46.1:check (default) @ workflow-cps ---
[INFO] Spotless check skipped
[INFO] 
[INFO] --- install:3.1.4:install (default-install) @ workflow-cps ---
[INFO] Installing /tmp/plugin-builds/workflow-cps/plugin/target/workflow-cps-999999-SNAPSHOT.pom to /home/poddingue/.m2/repository/org/jenkins-ci/plugins/workflow/workflow-cps/999999-SNAPSHOT/workflow-cps-999999-SNAPSHOT.pom
[INFO] Installing /tmp/plugin-builds/workflow-cps/plugin/target/workflow-cps.hpi to /home/poddingue/.m2/repository/org/jenkins-ci/plugins/workflow/workflow-cps/999999-SNAPSHOT/workflow-cps-999999-SNAPSHOT.hpi
[INFO] Installing /tmp/plugin-builds/workflow-cps/plugin/target/workflow-cps.jar to /home/poddingue/.m2/repository/org/jenkins-ci/plugins/workflow/workflow-cps/999999-SNAPSHOT/workflow-cps-999999-SNAPSHOT.jar
[INFO] Installing /tmp/plugin-builds/workflow-cps/plugin/target/workflow-cps-tests.jar to /home/poddingue/.m2/repository/org/jenkins-ci/plugins/workflow/workflow-cps/999999-SNAPSHOT/workflow-cps-999999-SNAPSHOT-tests.jar
[INFO] ------------------------------------------------------------------------
[INFO] Reactor Summary for Pipeline: Groovy Parent 999999-SNAPSHOT:
[INFO] 
[INFO] Pipeline: Groovy Parent ............................ SUCCESS [ 12.851 s]
[INFO] CpsDefaultGroovyMethods generator .................. SUCCESS [ 32.214 s]
[INFO] Groovy CPS Execution ............................... SUCCESS [01:03 min]
[INFO] Pipeline: Groovy ................................... SUCCESS [02:26 min]
[INFO] ------------------------------------------------------------------------
[INFO] BUILD SUCCESS
[INFO] ------------------------------------------------------------------------
[INFO] Total time:  04:18 min
[INFO] Finished at: 2025-08-20T18:49:45+02:00
[INFO] ------------------------------------------------------------------------
