WARNING: A restricted method in java.lang.System has been called
WARNING: java.lang.System::load has been called by org.fusesource.jansi.internal.JansiLoader in an unnamed module (file:/home/poddingue/.sdkman/candidates/maven/current/lib/jansi-2.4.1.jar)
WARNING: Use --enable-native-access=ALL-UNNAMED to avoid a warning for callers in this module
WARNING: Restricted methods will be blocked in a future release unless native access is enabled

WARNING: A terminally deprecated method in sun.misc.Unsafe has been called
WARNING: sun.misc.Unsafe::objectFieldOffset has been called by com.google.common.util.concurrent.AbstractFuture$UnsafeAtomicHelper (file:/home/poddingue/.sdkman/candidates/maven/current/lib/guava-33.2.1-jre.jar)
WARNING: Please consider reporting this to the maintainers of class com.google.common.util.concurrent.AbstractFuture$UnsafeAtomicHelper
WARNING: sun.misc.Unsafe::objectFieldOffset will be removed in a future release
[INFO] Scanning for projects...
[INFO] 
[INFO] -----< org.jenkins-ci.plugins.workflow:workflow-durable-task-step >-----
[INFO] Building Pipeline: Nodes and Processes 999999-SNAPSHOT
[INFO]   from pom.xml
[INFO] --------------------------------[ hpi ]---------------------------------
[INFO] 
[INFO] --- clean:3.4.1:clean (default-clean) @ workflow-durable-task-step ---
[INFO] 
[INFO] --- hpi:3.61:validate (default-validate) @ workflow-durable-task-step ---
[INFO] Created marker file /tmp/plugin-builds/workflow-durable-task-step/target/java-level/17
[INFO] 
[INFO] --- hpi:3.61:validate-hpi (default-validate-hpi) @ workflow-durable-task-step ---
[INFO] 
[INFO] --- enforcer:3.5.0:enforce (display-info) @ workflow-durable-task-step ---
[INFO] Rule 0: io.jenkins.tools.incrementals.enforcer.RequireExtensionVersion passed
[INFO] Rule 1: org.apache.maven.enforcer.rules.version.RequireMavenVersion passed
[INFO] Rule 2: org.apache.maven.enforcer.rules.version.RequireJavaVersion passed
[INFO] Rule 3: org.codehaus.mojo.extraenforcer.dependencies.EnforceBytecodeVersion passed
[INFO] Rule 4: org.apache.maven.enforcer.rules.dependency.BannedDependencies passed
[INFO] Rule 5: org.apache.maven.enforcer.rules.dependency.BannedDependencies passed
[INFO] Rule 6: org.apache.maven.enforcer.rules.dependency.RequireUpperBoundDeps passed
[INFO] 
[INFO] --- enforcer:3.5.0:enforce (no-snapshots-in-release) @ workflow-durable-task-step ---
[INFO] Rule 0: org.apache.maven.enforcer.rules.dependency.RequireReleaseDeps passed
[INFO] 
[INFO] --- localizer:1.31:generate (default) @ workflow-durable-task-step ---
[INFO] 
[INFO] --- resources:3.3.1:resources (default-resources) @ workflow-durable-task-step ---
[INFO] Copying 27 resources from src/main/resources to target/classes
[INFO] 
[INFO] --- flatten:1.7.0:flatten (flatten) @ workflow-durable-task-step ---
[INFO] Generating flattened POM of project org.jenkins-ci.plugins.workflow:workflow-durable-task-step:hpi:999999-SNAPSHOT...
[INFO] 
[INFO] --- compiler:3.14.0:compile (default-compile) @ workflow-durable-task-step ---
[INFO] Recompiling the module because of changed source code.
[INFO] Compiling 19 source files with javac [debug parameters release 17] to target/classes
[INFO] org.jenkinsci.plugins.workflow.steps.durable_task.BatchScriptStep.DescriptorImpl indexed under hudson.Extension
[INFO] org.jenkinsci.plugins.workflow.steps.durable_task.DurableTaskStep.AgentReconnectionListener indexed under hudson.Extension
[INFO] org.jenkinsci.plugins.workflow.steps.durable_task.PowerShellCoreScriptStep.DescriptorImpl indexed under hudson.Extension
[INFO] org.jenkinsci.plugins.workflow.steps.durable_task.PowershellScriptStep.DescriptorImpl indexed under hudson.Extension
[INFO] org.jenkinsci.plugins.workflow.steps.durable_task.ShellStep.DescriptorImpl indexed under hudson.Extension
[INFO] org.jenkinsci.plugins.workflow.support.pickles.ComputerPickle.Factory indexed under hudson.Extension
[INFO] org.jenkinsci.plugins.workflow.support.pickles.ExecutorPickle.Factory indexed under hudson.Extension
[INFO] org.jenkinsci.plugins.workflow.support.pickles.FilePathPickle.Factory indexed under hudson.Extension
[INFO] org.jenkinsci.plugins.workflow.support.pickles.WorkspaceListLeasePickle.Factory indexed under hudson.Extension
[INFO] org.jenkinsci.plugins.workflow.support.steps.AgentErrorCondition.DescriptorImpl indexed under hudson.Extension
[INFO] org.jenkinsci.plugins.workflow.support.steps.ExecutorStep.DescriptorImpl indexed under hudson.Extension
[INFO] org.jenkinsci.plugins.workflow.support.steps.ExecutorStepDynamicContext.FilePathTranslator indexed under hudson.Extension
[INFO] org.jenkinsci.plugins.workflow.support.steps.ExecutorStepDynamicContext.WorkspaceListLeaseTranslator indexed under hudson.Extension
[INFO] org.jenkinsci.plugins.workflow.support.steps.ExecutorStepDynamicContext.ExecutorTranslator indexed under hudson.Extension
[INFO] org.jenkinsci.plugins.workflow.support.steps.ExecutorStepDynamicContext.ComputerTranslator indexed under hudson.Extension
[INFO] org.jenkinsci.plugins.workflow.support.steps.ExecutorStepDynamicContext.NodeTranslator indexed under hudson.Extension
[INFO] org.jenkinsci.plugins.workflow.support.steps.ExecutorStepExecution.CancelledItemListener indexed under hudson.Extension
[INFO] org.jenkinsci.plugins.workflow.support.steps.ExecutorStepExecution.AnomalousStatus indexed under hudson.Extension
[INFO] org.jenkinsci.plugins.workflow.support.steps.ExecutorStepExecution.RemovedNodeListener indexed under hudson.Extension
[INFO] org.jenkinsci.plugins.workflow.support.steps.ExecutorStepExecution.PlaceholderTask.EnforceSelfLabel indexed under hudson.Extension
[INFO] org.jenkinsci.plugins.workflow.support.steps.ExecutorStepExecution.PlaceholderTask.AuthenticationFromBuild indexed under hudson.Extension
[INFO] org.jenkinsci.plugins.workflow.support.steps.ExecutorStepExecution.RunningTasks indexed under hudson.Extension
[INFO] org.jenkinsci.plugins.workflow.support.steps.FilePathDynamicContext indexed under hudson.Extension
[INFO] org.jenkinsci.plugins.workflow.support.steps.PushdStep.DescriptorImpl indexed under hudson.Extension
[INFO] org.jenkinsci.plugins.workflow.support.steps.WorkspaceStep.DescriptorImpl indexed under hudson.Extension
[INFO] /tmp/plugin-builds/workflow-durable-task-step/src/main/java/org/jenkinsci/plugins/workflow/steps/durable_task/BatchScriptStep.java:[42,34] Generating org/jenkinsci/plugins/workflow/steps/durable_task/BatchScriptStep.stapler
[INFO] /tmp/plugin-builds/workflow-durable-task-step/src/main/java/org/jenkinsci/plugins/workflow/steps/durable_task/PowerShellCoreScriptStep.java:[14,12] Generating org/jenkinsci/plugins/workflow/steps/durable_task/PowerShellCoreScriptStep.stapler
[INFO] /tmp/plugin-builds/workflow-durable-task-step/src/main/java/org/jenkinsci/plugins/workflow/steps/durable_task/PowershellScriptStep.java:[40,34] Generating org/jenkinsci/plugins/workflow/steps/durable_task/PowershellScriptStep.stapler
[INFO] /tmp/plugin-builds/workflow-durable-task-step/src/main/java/org/jenkinsci/plugins/workflow/steps/durable_task/ShellStep.java:[46,34] Generating org/jenkinsci/plugins/workflow/steps/durable_task/ShellStep.stapler
[INFO] /tmp/plugin-builds/workflow-durable-task-step/src/main/java/org/jenkinsci/plugins/workflow/support/steps/AgentErrorCondition.java:[52,34] Generating org/jenkinsci/plugins/workflow/support/steps/AgentErrorCondition.stapler
[INFO] /tmp/plugin-builds/workflow-durable-task-step/src/main/java/org/jenkinsci/plugins/workflow/support/steps/ExecutorStep.java:[73,34] Generating org/jenkinsci/plugins/workflow/support/steps/ExecutorStep.stapler
[INFO] /tmp/plugin-builds/workflow-durable-task-step/src/main/java/org/jenkinsci/plugins/workflow/support/steps/PushdStep.java:[48,34] Generating org/jenkinsci/plugins/workflow/support/steps/PushdStep.stapler
[INFO] /tmp/plugin-builds/workflow-durable-task-step/src/main/java/org/jenkinsci/plugins/workflow/support/steps/WorkspaceStep.java:[50,34] Generating org/jenkinsci/plugins/workflow/support/steps/WorkspaceStep.stapler
[INFO] /tmp/plugin-builds/workflow-durable-task-step/src/main/java/org/jenkinsci/plugins/workflow/support/steps/ExecutorStepExecution.java:[1068,22] Generating org/jenkinsci/plugins/workflow/support/steps/ExecutorStepExecution/PlaceholderTask/PlaceholderExecutable.javadoc
[INFO] /tmp/plugin-builds/workflow-durable-task-step/src/main/java/org/jenkinsci/plugins/workflow/support/steps/ExecutorStepExecution.java:[471,25] Generating org/jenkinsci/plugins/workflow/support/steps/ExecutorStepExecution/PlaceholderTask.javadoc
[INFO] /tmp/plugin-builds/workflow-durable-task-step/src/main/java/org/jenkinsci/plugins/workflow/steps/durable_task/DurableTaskStep.java:[178,31] Generating org/jenkinsci/plugins/workflow/steps/durable_task/DurableTaskStep/DurableTaskStepDescriptor/doCheckLabel.stapler
[INFO] /tmp/plugin-builds/workflow-durable-task-step/src/main/java/org/jenkinsci/plugins/workflow/steps/durable_task/DurableTaskStep.java:[171,31] Generating org/jenkinsci/plugins/workflow/steps/durable_task/DurableTaskStep/DurableTaskStepDescriptor/doCheckReturnStatus.stapler
[INFO] /tmp/plugin-builds/workflow-durable-task-step/src/main/java/org/jenkinsci/plugins/workflow/support/steps/ExecutorStep.java:[104,31] Generating org/jenkinsci/plugins/workflow/support/steps/ExecutorStep/DescriptorImpl/doCheckLabel.stapler
[INFO] /tmp/plugin-builds/workflow-durable-task-step/src/main/java/org/jenkinsci/plugins/workflow/support/steps/ExecutorStep.java:[100,41] Generating org/jenkinsci/plugins/workflow/support/steps/ExecutorStep/DescriptorImpl/doAutoCompleteLabel.stapler
[INFO] /tmp/plugin-builds/workflow-durable-task-step/src/main/java/org/jenkinsci/plugins/workflow/steps/durable_task/DurableTaskStep.java:[159,31] Generating org/jenkinsci/plugins/workflow/steps/durable_task/DurableTaskStep/DurableTaskStepDescriptor/doCheckEncoding.stapler
[WARNING] /tmp/plugin-builds/workflow-durable-task-step/src/main/java/org/jenkinsci/plugins/workflow/support/pickles/ComputerPickle.java: unknown enum constant com.google.j2objc.annotations.ReflectionSupport.Level.FULL
  reason: class file for com.google.j2objc.annotations.ReflectionSupport$Level not found
[INFO] /tmp/plugin-builds/workflow-durable-task-step/src/main/java/org/jenkinsci/plugins/workflow/support/steps/ExecutorStepExecution.java: /tmp/plugin-builds/workflow-durable-task-step/src/main/java/org/jenkinsci/plugins/workflow/support/steps/ExecutorStepExecution.java uses or overrides a deprecated API.
[INFO] /tmp/plugin-builds/workflow-durable-task-step/src/main/java/org/jenkinsci/plugins/workflow/support/steps/ExecutorStepExecution.java: Recompile with -Xlint:deprecation for details.
[INFO] /tmp/plugin-builds/workflow-durable-task-step/src/main/java/org/jenkinsci/plugins/workflow/support/steps/ExecutorStepExecution.java: /tmp/plugin-builds/workflow-durable-task-step/src/main/java/org/jenkinsci/plugins/workflow/support/steps/ExecutorStepExecution.java uses unchecked or unsafe operations.
[INFO] /tmp/plugin-builds/workflow-durable-task-step/src/main/java/org/jenkinsci/plugins/workflow/support/steps/ExecutorStepExecution.java: Recompile with -Xlint:unchecked for details.
[INFO] 
[INFO] --- access-modifier-checker:1.34:enforce (default-enforce) @ workflow-durable-task-step ---
[INFO] Skipping access modifier checks
[INFO] 
[INFO] --- hpi:3.61:insert-test (default-insert-test) @ workflow-durable-task-step ---
[INFO] 
[INFO] --- antrun:3.1.0:run (createTempDir) @ workflow-durable-task-step ---
[INFO] Executing tasks
[INFO]     [mkdir] Created dir: /tmp/plugin-builds/workflow-durable-task-step/target/tmp
[INFO] Executed tasks
[INFO] 
[INFO] --- resources:3.3.1:testResources (default-testResources) @ workflow-durable-task-step ---
[INFO] Not copying test resources
[INFO] 
[INFO] --- compiler:3.14.0:testCompile (default-testCompile) @ workflow-durable-task-step ---
[INFO] Not compiling test sources
[INFO] 
[INFO] --- hpi:3.61:test-hpl (default-test-hpl) @ workflow-durable-task-step ---
[INFO] Generating /tmp/plugin-builds/workflow-durable-task-step/target/test-classes/the.hpl
[INFO] 
[INFO] --- hpi:3.61:resolve-test-dependencies (default-resolve-test-dependencies) @ workflow-durable-task-step ---
[INFO] 
[INFO] --- hpi:3.61:test-runtime (default-test-runtime) @ workflow-durable-task-step ---
[INFO] Tests are skipped.
[INFO] 
[INFO] --- surefire:3.5.2:test (default-test) @ workflow-durable-task-step ---
[INFO] Tests are skipped.
[INFO] 
[INFO] --- license:165.v7e11f4e4a_325:process (default) @ workflow-durable-task-step ---
[INFO] 
[INFO] --- hpi:3.61:hpi (default-hpi) @ workflow-durable-task-step ---
[INFO] Generating /tmp/plugin-builds/workflow-durable-task-step/target/workflow-durable-task-step/META-INF/MANIFEST.MF
[INFO] Checking for attached .jar artifact ...
[INFO] Generating jar /tmp/plugin-builds/workflow-durable-task-step/target/workflow-durable-task-step.jar
[INFO] Building jar: /tmp/plugin-builds/workflow-durable-task-step/target/workflow-durable-task-step.jar
[INFO] Exploding webapp...
[INFO] Copy webapp webResources to /tmp/plugin-builds/workflow-durable-task-step/target/workflow-durable-task-step
[INFO] Assembling webapp workflow-durable-task-step in /tmp/plugin-builds/workflow-durable-task-step/target/workflow-durable-task-step
[INFO] Generating hpi /tmp/plugin-builds/workflow-durable-task-step/target/workflow-durable-task-step.hpi
[INFO] Building jar: /tmp/plugin-builds/workflow-durable-task-step/target/workflow-durable-task-step.hpi
[INFO] 
[INFO] --- jar:3.4.2:test-jar (maybe-test-jar) @ workflow-durable-task-step ---
[INFO] Skipping packaging of the test-jar
[INFO] 
[INFO] >>> spotbugs:4.9.2.0:check (spotbugs) > :spotbugs @ workflow-durable-task-step >>>
[INFO] 
[INFO] --- spotbugs:4.9.2.0:spotbugs (spotbugs) @ workflow-durable-task-step ---
[INFO] Skipping com.github.spotbugs:spotbugs-maven-plugin:4.9.2.0:spotbugs report goal
[INFO] 
[INFO] <<< spotbugs:4.9.2.0:check (spotbugs) < :spotbugs @ workflow-durable-task-step <<<
[INFO] 
[INFO] 
[INFO] --- spotbugs:4.9.2.0:check (spotbugs) @ workflow-durable-task-step ---
[INFO] Spotbugs plugin skipped
[INFO] 
[INFO] --- spotless:2.44.3:check (default) @ workflow-durable-task-step ---
[INFO] Spotless check skipped
[INFO] 
[INFO] --- install:3.1.4:install (default-install) @ workflow-durable-task-step ---
[INFO] Installing /tmp/plugin-builds/workflow-durable-task-step/target/workflow-durable-task-step-999999-SNAPSHOT.pom to /home/poddingue/.m2/repository/org/jenkins-ci/plugins/workflow/workflow-durable-task-step/999999-SNAPSHOT/workflow-durable-task-step-999999-SNAPSHOT.pom
[INFO] Installing /tmp/plugin-builds/workflow-durable-task-step/target/workflow-durable-task-step.hpi to /home/poddingue/.m2/repository/org/jenkins-ci/plugins/workflow/workflow-durable-task-step/999999-SNAPSHOT/workflow-durable-task-step-999999-SNAPSHOT.hpi
[INFO] Installing /tmp/plugin-builds/workflow-durable-task-step/target/workflow-durable-task-step.jar to /home/poddingue/.m2/repository/org/jenkins-ci/plugins/workflow/workflow-durable-task-step/999999-SNAPSHOT/workflow-durable-task-step-999999-SNAPSHOT.jar
[INFO] ------------------------------------------------------------------------
[INFO] BUILD SUCCESS
[INFO] ------------------------------------------------------------------------
[INFO] Total time:  12.949 s
[INFO] Finished at: 2025-06-22T20:34:57+02:00
[INFO] ------------------------------------------------------------------------
