WARNING: A terminally deprecated method in sun.misc.Unsafe has been called
WARNING: sun.misc.Unsafe::staticFieldBase has been called by com.google.inject.internal.aop.HiddenClassDefiner (file:/home/poddingue/.sdkman/candidates/maven/current/lib/guice-5.1.0-classes.jar)
WARNING: Please consider reporting this to the maintainers of class com.google.inject.internal.aop.HiddenClassDefiner
WARNING: sun.misc.Unsafe::staticFieldBase will be removed in a future release
[INFO] Scanning for projects...
[INFO] 
[INFO] Using the MultiThreadedBuilder implementation with a thread count of 4
[INFO] 
[INFO] --------< org.jenkins-ci.plugins.workflow:workflow-aggregator >---------
[INFO] Building Pipeline 999999-SNAPSHOT
[INFO]   from pom.xml
[INFO] --------------------------------[ hpi ]---------------------------------
[INFO] 
[INFO] --- clean:3.5.0:clean (default-clean) @ workflow-aggregator ---
[INFO] 
[INFO] --- hpi:3.66:validate (default-validate) @ workflow-aggregator ---
[INFO] Created marker file /tmp/plugin-builds/workflow-aggregator/target/java-level/17
[INFO] 
[INFO] --- hpi:3.66:validate-hpi (default-validate-hpi) @ workflow-aggregator ---
[INFO] 
[INFO] --- enforcer:3.5.0:enforce (display-info) @ workflow-aggregator ---
[INFO] Rule 0: io.jenkins.tools.incrementals.enforcer.RequireExtensionVersion passed
[INFO] Rule 1: org.apache.maven.enforcer.rules.version.RequireMavenVersion passed
[INFO] Rule 2: org.apache.maven.enforcer.rules.version.RequireJavaVersion passed
[INFO] Rule 3: org.codehaus.mojo.extraenforcer.dependencies.EnforceBytecodeVersion passed
[INFO] Rule 4: org.apache.maven.enforcer.rules.dependency.BannedDependencies passed
[INFO] Rule 5: org.apache.maven.enforcer.rules.dependency.BannedDependencies passed
[INFO] Ignoring requireUpperBoundDeps in com.google.code.findbugs:jsr305
[INFO] Ignoring requireUpperBoundDeps in org.ow2.asm:asm
[INFO] Rule 6: org.apache.maven.enforcer.rules.dependency.RequireUpperBoundDeps passed
[INFO] 
[INFO] --- enforcer:3.5.0:enforce (no-snapshots-in-release) @ workflow-aggregator ---
[INFO] Rule 0: org.apache.maven.enforcer.rules.dependency.RequireReleaseDeps passed
[INFO] 
[INFO] --- localizer:1.31:generate (default) @ workflow-aggregator ---
[INFO] 
[INFO] --- resources:3.3.1:resources (default-resources) @ workflow-aggregator ---
[INFO] Copying 1 resource from src/main/resources to target/classes
[INFO] 
[INFO] --- flatten:1.7.1:flatten (flatten) @ workflow-aggregator ---
[INFO] Generating flattened POM of project org.jenkins-ci.plugins.workflow:workflow-aggregator:hpi:999999-SNAPSHOT...
[INFO] 
[INFO] --- compiler:3.14.0:compile (default-compile) @ workflow-aggregator ---
[INFO] Nothing to compile - all classes are up to date.
[INFO] 
[INFO] --- access-modifier-checker:1.35:enforce (default-enforce) @ workflow-aggregator ---
[INFO] 
[INFO] --- bridge-method-injector:1.31:process (default) @ workflow-aggregator ---
[INFO] 
[INFO] --- hpi:3.66:insert-test (default-insert-test) @ workflow-aggregator ---
[INFO] 
[INFO] --- antrun:3.1.0:run (createTempDir) @ workflow-aggregator ---
[INFO] Executing tasks
[INFO]     [mkdir] Created dir: /tmp/plugin-builds/workflow-aggregator/target/tmp
[INFO] Executed tasks
[INFO] 
[INFO] --- resources:3.3.1:testResources (default-testResources) @ workflow-aggregator ---
[INFO] Not copying test resources
[INFO] 
[INFO] --- compiler:3.14.0:testCompile (default-testCompile) @ workflow-aggregator ---
[INFO] Not compiling test sources
[INFO] 
[INFO] --- hpi:3.66:test-hpl (default-test-hpl) @ workflow-aggregator ---
[INFO] Generating /tmp/plugin-builds/workflow-aggregator/target/test-classes/the.hpl
[INFO] 
[INFO] --- hpi:3.66:resolve-test-dependencies (default-resolve-test-dependencies) @ workflow-aggregator ---
[INFO] 
[INFO] --- hpi:3.66:test-runtime (default-test-runtime) @ workflow-aggregator ---
[INFO] Tests are skipped.
[INFO] 
[INFO] --- surefire:3.5.3:test (default-test) @ workflow-aggregator ---
[INFO] Tests are skipped.
[INFO] 
[INFO] --- license:165.v7e11f4e4a_325:process (default) @ workflow-aggregator ---
[INFO] ------------------------------------------------------------------------
[INFO] BUILD FAILURE
[INFO] ------------------------------------------------------------------------
[INFO] Total time:  19.201 s (Wall Clock)
[INFO] Finished at: 2025-08-22T18:02:53+02:00
[INFO] ------------------------------------------------------------------------
[ERROR] BUG! exception in phase 'semantic analysis' in source unit 'inlineScript' Unsupported class file major version 69 -> [Help 1]
[ERROR] BUG! exception in phase 'semantic analysis' in source unit 'inlineScript' Unsupported class file major version 69
[ERROR] 
[ERROR] To see the full stack trace of the errors, re-run Maven with the -e switch.
[ERROR] Re-run Maven using the -X switch to enable full debug logging.
[ERROR] 
[ERROR] For more information about the errors and possible solutions, please read the following articles:
[ERROR] [Help 1] http://cwiki.apache.org/confluence/display/MAVEN/GroovyBugError
