[INFO] Scanning for projects...
[INFO] Artifact org.jenkins-ci.tools:maven-hpi-plugin:pom:3.1795.v6fb_496fc129b_ is present in the local repository, but cached from a remote repository ID that is unavailable in current build context, verifying that is downloadable from [incrementals (https://repo.jenkins-ci.org/incrementals/, default, releases), central (https://repo.maven.apache.org/maven2, default, releases)]
[INFO] Artifact org.jenkins-ci.tools:maven-hpi-plugin:pom:3.1795.v6fb_496fc129b_ is present in the local repository, but cached from a remote repository ID that is unavailable in current build context, verifying that is downloadable from [incrementals (https://repo.jenkins-ci.org/incrementals/, default, releases), central (https://repo.maven.apache.org/maven2, default, releases)]
[WARNING] The POM for org.jenkins-ci.tools:maven-hpi-plugin:jar:3.1795.v6fb_496fc129b_ is missing, no dependency information available
[INFO] Artifact org.jenkins-ci.tools:maven-hpi-plugin:jar:3.1795.v6fb_496fc129b_ is present in the local repository, but cached from a remote repository ID that is unavailable in current build context, verifying that is downloadable from [incrementals (https://repo.jenkins-ci.org/incrementals/, default, releases), central (https://repo.maven.apache.org/maven2, default, releases)]
[INFO] Artifact org.jenkins-ci.tools:maven-hpi-plugin:jar:3.1795.v6fb_496fc129b_ is present in the local repository, but cached from a remote repository ID that is unavailable in current build context, verifying that is downloadable from [incrementals (https://repo.jenkins-ci.org/incrementals/, default, releases), central (https://repo.maven.apache.org/maven2, default, releases)]
[WARNING] Failed to build parent project for org.jenkins-ci.plugins.workflow:workflow-cps-global-lib:hpi:999999-SNAPSHOT
[INFO] 
[INFO] ------< org.jenkins-ci.plugins.workflow:workflow-cps-global-lib >-------
[INFO] Building Pipeline: Deprecated Groovy Libraries 999999-SNAPSHOT
[INFO]   from pom.xml
[INFO] --------------------------------[ hpi ]---------------------------------
[INFO] 
[INFO] --- clean:3.5.0:clean (default-clean) @ workflow-cps-global-lib ---
[INFO] 
[INFO] --- hpi:3.1795.v6fb_496fc129b_:validate (default-validate) @ workflow-cps-global-lib ---
[INFO] Created marker file /tmp/plugin-builds/workflow-cps-global-lib/target/java-level/17
[INFO] Setting maven.compiler.release to 17
[INFO] Setting maven.compiler.testRelease to 17
[WARNING] Skipping enforceBytecodeVersion; will run on next invocation.
[INFO] 
[INFO] --- hpi:3.1795.v6fb_496fc129b_:validate-hpi (default-validate-hpi) @ workflow-cps-global-lib ---
[INFO] 
[INFO] --- enforcer:3.6.2:enforce (display-info) @ workflow-cps-global-lib ---
[INFO] Rule 0: io.jenkins.tools.incrementals.enforcer.RequireExtensionVersion passed
[INFO] Rule 1: org.apache.maven.enforcer.rules.version.RequireMavenVersion passed
[INFO] Rule 2: org.apache.maven.enforcer.rules.version.RequireJavaVersion passed
[INFO] Rule 3: org.apache.maven.enforcer.rules.RequirePluginVersions passed
[INFO] Rule 4: org.apache.maven.enforcer.rules.dependency.BannedDependencies passed
[INFO] Rule 5: org.apache.maven.enforcer.rules.dependency.BannedDependencies passed
[INFO] Rule 6: org.apache.maven.enforcer.rules.dependency.RequireUpperBoundDeps passed
[INFO] 
[INFO] --- enforcer:3.6.2:enforce (no-snapshots-in-release) @ workflow-cps-global-lib ---
[INFO] Rule 0: org.apache.maven.enforcer.rules.dependency.RequireReleaseDeps passed
[INFO] 
[INFO] --- localizer:1.31:generate (default) @ workflow-cps-global-lib ---
[INFO] 
[INFO] --- enforcer:3.6.2:enforce (check-junit-imports) @ workflow-cps-global-lib ---
[INFO] Skipping Rule Enforcement.
[INFO] 
[INFO] --- resources:3.4.0:resources (default-resources) @ workflow-cps-global-lib ---
[INFO] Copying 1 resource from src/main/resources to target/classes
[INFO] 
[INFO] --- flatten:1.7.3:flatten (flatten) @ workflow-cps-global-lib ---
[INFO] Generating flattened POM of project org.jenkins-ci.plugins.workflow:workflow-cps-global-lib:hpi:999999-SNAPSHOT...
[INFO] 
[INFO] --- compiler:3.14.1:compile (default-compile) @ workflow-cps-global-lib ---
[INFO] Recompiling the module because of changed source code.
[INFO] Compiling 6 source files with javac [debug parameters release 17] to target/classes
[INFO] org.jenkinsci.plugins.workflow.cps.global.GroovyShellDecoratorImpl indexed under hudson.Extension
[INFO] org.jenkinsci.plugins.workflow.cps.global.UserDefinedGlobalVariableList indexed under hudson.Extension
[INFO] org.jenkinsci.plugins.workflow.cps.global.UserDefinedGlobalVariableRepoListener indexed under hudson.Extension
[INFO] org.jenkinsci.plugins.workflow.cps.global.WorkflowLibRepository indexed under hudson.Extension
[INFO] org.jenkinsci.plugins.workflow.cps.global.WorkflowLibSshRepository indexed under hudson.Extension
[INFO] 
[INFO] --- access-modifier-checker:1.35:enforce (default-enforce) @ workflow-cps-global-lib ---
[INFO] 
[INFO] --- bridge-method-injector:1.32:process (default) @ workflow-cps-global-lib ---
[INFO] 
[INFO] --- hpi:3.1795.v6fb_496fc129b_:insert-test (default-insert-test) @ workflow-cps-global-lib ---
[INFO] 
[INFO] --- antrun:3.2.0:run (createTempDir) @ workflow-cps-global-lib ---
[INFO] Executing tasks
[INFO]     [mkdir] Created dir: /tmp/plugin-builds/workflow-cps-global-lib/target/tmp
[INFO] Executed tasks
[INFO] 
[INFO] --- resources:3.4.0:testResources (default-testResources) @ workflow-cps-global-lib ---
[INFO] Not copying test resources
[INFO] 
[INFO] --- compiler:3.14.1:testCompile (default-testCompile) @ workflow-cps-global-lib ---
[INFO] Not compiling test sources
[INFO] 
[INFO] --- hpi:3.1795.v6fb_496fc129b_:test-hpl (default-test-hpl) @ workflow-cps-global-lib ---
[INFO] Generating /tmp/plugin-builds/workflow-cps-global-lib/target/test-classes/the.hpl
[INFO] 
[INFO] --- hpi:3.1795.v6fb_496fc129b_:resolve-test-dependencies (default-resolve-test-dependencies) @ workflow-cps-global-lib ---
[INFO] 
[INFO] --- hpi:3.1795.v6fb_496fc129b_:test-runtime (default-test-runtime) @ workflow-cps-global-lib ---
[INFO] Tests are skipped.
[INFO] 
[INFO] --- surefire:3.5.4:test (default-test) @ workflow-cps-global-lib ---
[INFO] Tests are skipped.
[INFO] 
[INFO] --- license:184.v19c87b_6b_a_9a_c:process (default) @ workflow-cps-global-lib ---
[INFO] Generated /tmp/plugin-builds/workflow-cps-global-lib/target/workflow-cps-global-lib/WEB-INF/licenses.xml
[INFO] 
[INFO] --- hpi:3.1795.v6fb_496fc129b_:hpi (default-hpi) @ workflow-cps-global-lib ---
[INFO] Generating /tmp/plugin-builds/workflow-cps-global-lib/target/workflow-cps-global-lib/META-INF/MANIFEST.MF
[INFO] Checking for attached .jar artifact ...
[INFO] Generating jar /tmp/plugin-builds/workflow-cps-global-lib/target/workflow-cps-global-lib.jar
[INFO] Building jar: /tmp/plugin-builds/workflow-cps-global-lib/target/workflow-cps-global-lib.jar
[INFO] Exploding webapp...
[INFO] Copy webapp webResources to /tmp/plugin-builds/workflow-cps-global-lib/target/workflow-cps-global-lib
[INFO] Assembling webapp workflow-cps-global-lib in /tmp/plugin-builds/workflow-cps-global-lib/target/workflow-cps-global-lib
[INFO] Generating hpi /tmp/plugin-builds/workflow-cps-global-lib/target/workflow-cps-global-lib.hpi
[INFO] Building jar: /tmp/plugin-builds/workflow-cps-global-lib/target/workflow-cps-global-lib.hpi
[INFO] 
[INFO] --- jar:3.5.0:test-jar (maybe-test-jar) @ workflow-cps-global-lib ---
[INFO] Skipping packaging of the test-jar
[INFO] 
[INFO] >>> spotbugs:4.9.8.2:check (spotbugs) > :spotbugs @ workflow-cps-global-lib >>>
[INFO] 
[INFO] --- spotbugs:4.9.8.2:spotbugs (spotbugs) @ workflow-cps-global-lib ---
[INFO] Fork Value is true
[INFO] Done SpotBugs Analysis....
[INFO] Skipping com.github.spotbugs:spotbugs-maven-plugin:4.9.8.2:spotbugs report goal
[INFO] 
[INFO] <<< spotbugs:4.9.8.2:check (spotbugs) < :spotbugs @ workflow-cps-global-lib <<<
[INFO] 
[INFO] 
[INFO] --- spotbugs:4.9.8.2:check (spotbugs) @ workflow-cps-global-lib ---
[INFO] BugInstance size is 0
[INFO] Error size is 0
[INFO] No errors/warnings found
[INFO] 
[INFO] --- spotless:3.1.0:check (default) @ workflow-cps-global-lib ---
[INFO] Spotless check skipped
[INFO] 
[INFO] --- install:3.1.4:install (default-install) @ workflow-cps-global-lib ---
[INFO] Installing /tmp/plugin-builds/workflow-cps-global-lib/target/workflow-cps-global-lib-999999-SNAPSHOT.pom to /home/runner/.m2/repository/org/jenkins-ci/plugins/workflow/workflow-cps-global-lib/999999-SNAPSHOT/workflow-cps-global-lib-999999-SNAPSHOT.pom
[INFO] Installing /tmp/plugin-builds/workflow-cps-global-lib/target/workflow-cps-global-lib.hpi to /home/runner/.m2/repository/org/jenkins-ci/plugins/workflow/workflow-cps-global-lib/999999-SNAPSHOT/workflow-cps-global-lib-999999-SNAPSHOT.hpi
[INFO] Installing /tmp/plugin-builds/workflow-cps-global-lib/target/workflow-cps-global-lib.jar to /home/runner/.m2/repository/org/jenkins-ci/plugins/workflow/workflow-cps-global-lib/999999-SNAPSHOT/workflow-cps-global-lib-999999-SNAPSHOT.jar
[INFO] ------------------------------------------------------------------------
[INFO] BUILD SUCCESS
[INFO] ------------------------------------------------------------------------
[INFO] Total time:  50.527 s
[INFO] Finished at: 2026-01-27T02:43:13Z
[INFO] ------------------------------------------------------------------------
