WARNING: A terminally deprecated method in sun.misc.Unsafe has been called
WARNING: sun.misc.Unsafe::staticFieldBase has been called by com.google.inject.internal.aop.HiddenClassDefiner (file:/home/poddingue/.sdkman/candidates/maven/current/lib/guice-5.1.0-classes.jar)
WARNING: Please consider reporting this to the maintainers of class com.google.inject.internal.aop.HiddenClassDefiner
WARNING: sun.misc.Unsafe::staticFieldBase will be removed in a future release
[INFO] Scanning for projects...
[INFO] 
[INFO] Using the MultiThreadedBuilder implementation with a thread count of 4
[INFO] 
[INFO] -----------------< org.jenkins-ci.plugins:ws-cleanup >------------------
[INFO] Building Jenkins Workspace Cleanup Plugin 0.50-SNAPSHOT
[INFO]   from pom.xml
[INFO] --------------------------------[ hpi ]---------------------------------
[INFO] 
[INFO] --- clean:3.5.0:clean (default-clean) @ ws-cleanup ---
[INFO] 
[INFO] --- hpi:3.1746.v2e9fe7dc4d95:validate (default-validate) @ ws-cleanup ---
[INFO] Created marker file /tmp/plugin-builds/ws-cleanup/target/java-level/17
[INFO] 
[INFO] --- hpi:3.1746.v2e9fe7dc4d95:validate-hpi (default-validate-hpi) @ ws-cleanup ---
[INFO] 
[INFO] --- enforcer:3.6.1:enforce (display-info) @ ws-cleanup ---
[INFO] Rule 0: io.jenkins.tools.incrementals.enforcer.RequireExtensionVersion passed
[INFO] Rule 1: org.apache.maven.enforcer.rules.version.RequireMavenVersion passed
[INFO] Rule 2: org.apache.maven.enforcer.rules.version.RequireJavaVersion passed
[INFO] Rule 3: org.codehaus.mojo.extraenforcer.dependencies.EnforceBytecodeVersion passed
[INFO] Rule 4: org.apache.maven.enforcer.rules.dependency.BannedDependencies passed
[INFO] Rule 5: org.apache.maven.enforcer.rules.dependency.BannedDependencies passed
[INFO] Ignoring requireUpperBoundDeps in org.ow2.asm:asm
[INFO] Rule 6: org.apache.maven.enforcer.rules.dependency.RequireUpperBoundDeps passed
[INFO] 
[INFO] --- enforcer:3.6.1:enforce (no-snapshots-in-release) @ ws-cleanup ---
[INFO] Rule 0: org.apache.maven.enforcer.rules.dependency.RequireReleaseDeps passed
[INFO] 
[INFO] --- localizer:1.31:generate (default) @ ws-cleanup ---
[INFO] 
[INFO] --- enforcer:3.6.1:enforce (check-junit-imports) @ ws-cleanup ---
[INFO] Skipping Rule Enforcement.
[INFO] 
[INFO] --- resources:3.3.1:resources (default-resources) @ ws-cleanup ---
[INFO] Copying 11 resources from src/main/resources to target/classes
[INFO] 
[INFO] --- flatten:1.7.2:flatten (flatten) @ ws-cleanup ---
[INFO] Generating flattened POM of project org.jenkins-ci.plugins:ws-cleanup:hpi:0.50-SNAPSHOT...
[INFO] 
[INFO] --- compiler:3.14.0:compile (default-compile) @ ws-cleanup ---
[INFO] Recompiling the module because of changed source code.
[INFO] Compiling 9 source files with javac [debug parameters release 17] to target/classes
[INFO] hudson.plugins.ws_cleanup.DisableDeferredWipeoutNodeProperty.NodePropertyDescriptorImpl indexed under hudson.Extension
[INFO] hudson.plugins.ws_cleanup.Pattern.DescriptorImpl indexed under hudson.Extension
[INFO] hudson.plugins.ws_cleanup.PreBuildCleanup.DescriptorImpl indexed under hudson.Extension
[INFO] hudson.plugins.ws_cleanup.WsCleanup.DescriptorImpl indexed under hudson.Extension
[INFO] /tmp/plugin-builds/ws-cleanup/src/main/java/hudson/plugins/ws_cleanup/DisableDeferredWipeoutNodeProperty.java:[41,12] Generating hudson/plugins/ws_cleanup/DisableDeferredWipeoutNodeProperty.stapler
[INFO] /tmp/plugin-builds/ws-cleanup/src/main/java/hudson/plugins/ws_cleanup/Pattern.java:[24,12] Generating hudson/plugins/ws_cleanup/Pattern.stapler
[INFO] /tmp/plugin-builds/ws-cleanup/src/main/java/hudson/plugins/ws_cleanup/PreBuildCleanup.java:[37,12] Generating hudson/plugins/ws_cleanup/PreBuildCleanup.stapler
[INFO] /tmp/plugin-builds/ws-cleanup/src/main/java/hudson/plugins/ws_cleanup/WsCleanup.java:[58,12] Generating hudson/plugins/ws_cleanup/WsCleanup.stapler
[INFO] /tmp/plugin-builds/ws-cleanup/src/main/java/hudson/plugins/ws_cleanup/WsCleanup.java: /tmp/plugin-builds/ws-cleanup/src/main/java/hudson/plugins/ws_cleanup/WsCleanup.java uses or overrides a deprecated API.
[INFO] /tmp/plugin-builds/ws-cleanup/src/main/java/hudson/plugins/ws_cleanup/WsCleanup.java: Recompile with -Xlint:deprecation for details.
[INFO] /tmp/plugin-builds/ws-cleanup/src/main/java/hudson/plugins/ws_cleanup/WsCleanup.java: /tmp/plugin-builds/ws-cleanup/src/main/java/hudson/plugins/ws_cleanup/WsCleanup.java uses unchecked or unsafe operations.
[INFO] /tmp/plugin-builds/ws-cleanup/src/main/java/hudson/plugins/ws_cleanup/WsCleanup.java: Recompile with -Xlint:unchecked for details.
[INFO] 
[INFO] --- access-modifier-checker:1.35:enforce (default-enforce) @ ws-cleanup ---
[INFO] 
[INFO] --- bridge-method-injector:1.32:process (default) @ ws-cleanup ---
[INFO] 
[INFO] --- hpi:3.1746.v2e9fe7dc4d95:insert-test (default-insert-test) @ ws-cleanup ---
[INFO] 
[INFO] --- antrun:3.1.0:run (createTempDir) @ ws-cleanup ---
[INFO] Executing tasks
[INFO]     [mkdir] Created dir: /tmp/plugin-builds/ws-cleanup/target/tmp
[INFO] Executed tasks
[INFO] 
[INFO] --- resources:3.3.1:testResources (default-testResources) @ ws-cleanup ---
[INFO] Not copying test resources
[INFO] 
[INFO] --- compiler:3.14.0:testCompile (default-testCompile) @ ws-cleanup ---
[INFO] Not compiling test sources
[INFO] 
[INFO] --- hpi:3.1746.v2e9fe7dc4d95:test-hpl (default-test-hpl) @ ws-cleanup ---
[INFO] Generating /tmp/plugin-builds/ws-cleanup/target/test-classes/the.hpl
[INFO] 
[INFO] --- hpi:3.1746.v2e9fe7dc4d95:resolve-test-dependencies (default-resolve-test-dependencies) @ ws-cleanup ---
[INFO] 
[INFO] --- hpi:3.1746.v2e9fe7dc4d95:test-runtime (default-test-runtime) @ ws-cleanup ---
[INFO] Tests are skipped.
[INFO] 
[INFO] --- surefire:3.5.2:test (default-test) @ ws-cleanup ---
[INFO] Tests are skipped.
[INFO] 
[INFO] --- license:184.v19c87b_6b_a_9a_c:process (default) @ ws-cleanup ---
[INFO] Generated /tmp/plugin-builds/ws-cleanup/target/ws-cleanup/WEB-INF/licenses.xml
[INFO] 
[INFO] --- hpi:3.1746.v2e9fe7dc4d95:hpi (default-hpi) @ ws-cleanup ---
[INFO] Generating /tmp/plugin-builds/ws-cleanup/target/ws-cleanup/META-INF/MANIFEST.MF
[INFO] Checking for attached .jar artifact ...
[INFO] Generating jar /tmp/plugin-builds/ws-cleanup/target/ws-cleanup.jar
[INFO] Building jar: /tmp/plugin-builds/ws-cleanup/target/ws-cleanup.jar
[INFO] Exploding webapp...
[INFO] Copy webapp webResources to /tmp/plugin-builds/ws-cleanup/target/ws-cleanup
[INFO] Assembling webapp ws-cleanup in /tmp/plugin-builds/ws-cleanup/target/ws-cleanup
[INFO] Generating hpi /tmp/plugin-builds/ws-cleanup/target/ws-cleanup.hpi
[INFO] Building jar: /tmp/plugin-builds/ws-cleanup/target/ws-cleanup.hpi
[INFO] 
[INFO] --- jar:3.4.2:test-jar (maybe-test-jar) @ ws-cleanup ---
[INFO] Skipping packaging of the test-jar
[INFO] 
[INFO] >>> spotbugs:4.9.4.0:check (spotbugs) > :spotbugs @ ws-cleanup >>>
[INFO] 
[INFO] --- spotbugs:4.9.4.0:spotbugs (spotbugs) @ ws-cleanup ---
[INFO] Fork Value is true
[INFO] Done SpotBugs Analysis....
[WARNING] Unable to find a URL to the parent project. The parent menu will NOT be added.
[INFO] Rendering content with org.apache.maven.skins:maven-fluido-skin:jar:2.0.0-M9 skin
[INFO] 
[INFO] <<< spotbugs:4.9.4.0:check (spotbugs) < :spotbugs @ ws-cleanup <<<
[INFO] 
[INFO] 
[INFO] --- spotbugs:4.9.4.0:check (spotbugs) @ ws-cleanup ---
[INFO] BugInstance size is 0
[INFO] Error size is 0
[INFO] No errors/warnings found
[INFO] 
[INFO] --- spotless:2.46.1:check (default) @ ws-cleanup ---
[INFO] Index file does not exist. Fallback to an empty index
[INFO] Spotless.Java is keeping 11 files clean - 0 needs changes to be clean, 11 were already clean, 0 were skipped because caching determined they were already clean
[INFO] Sorting file /tmp/pom238690279246370720.xml
[INFO] Pom file is already sorted, exiting
[INFO] Spotless.Pom is keeping 1 files clean - 0 needs changes to be clean, 1 were already clean, 0 were skipped because caching determined they were already clean
[INFO] 
[INFO] --- install:3.1.4:install (default-install) @ ws-cleanup ---
[INFO] Installing /tmp/plugin-builds/ws-cleanup/target/ws-cleanup-0.50-SNAPSHOT.pom to /home/poddingue/.m2/repository/org/jenkins-ci/plugins/ws-cleanup/0.50-SNAPSHOT/ws-cleanup-0.50-SNAPSHOT.pom
[INFO] Installing /tmp/plugin-builds/ws-cleanup/target/ws-cleanup.hpi to /home/poddingue/.m2/repository/org/jenkins-ci/plugins/ws-cleanup/0.50-SNAPSHOT/ws-cleanup-0.50-SNAPSHOT.hpi
[INFO] Installing /tmp/plugin-builds/ws-cleanup/target/ws-cleanup.jar to /home/poddingue/.m2/repository/org/jenkins-ci/plugins/ws-cleanup/0.50-SNAPSHOT/ws-cleanup-0.50-SNAPSHOT.jar
[INFO] ------------------------------------------------------------------------
[INFO] BUILD SUCCESS
[INFO] ------------------------------------------------------------------------
[INFO] Total time:  52.725 s (Wall Clock)
[INFO] Finished at: 2025-08-22T18:05:19+02:00
[INFO] ------------------------------------------------------------------------
